1794
75.5417
/home/fflorenci/jobprp_gurobi/small_instances/abc1_smaller_29.lyt
/home/fflorenci/jobprp_gurobi/small_instances/abc1_smaller_29s-10-30-0.ord
10
30
27
340
120
1
6 11 5 22 15 23 17 13 20 16 
6
9 0 
2 3 
6 7 
4 1 
8 
5 
262
296
318
318
272
328
[0][0] [0][0] [0][0] [0][3] [0][7] [0][11] [0][18] [0][23] [0][24] [0][26] [0][29] [0][34] [0][35] [0][37] [0][39] [0][40] [0][46] [1][46] [2][46] [3][46] [4][46] [5][46] [6][46] [7][46] [7][29] [7][46] [8][46] [9][46] [9][41] [9][46] [8][46] [8][28] [8][7] [8][0] [9][0] [9][14] [9][0] [8][0] [7][0] [6][0] [5][0] [4][0] [4][2] [4][0] [3][0] [2][0] [1][0] [0][0] 
[0][0] [0][0] [0][0] [0][1] [0][4] [0][9] [0][20] [0][21] [0][27] [0][31] [0][35] [0][37] [0][45] [0][46] [1][46] [2][46] [3][46] [3][41] [3][28] [3][17] [3][10] [3][4] [3][2] [3][0] [4][0] [4][8] [4][0] [5][0] [6][0] [6][5] [6][0] [7][0] [7][2] [7][17] [7][25] [7][38] [7][41] [7][46] [8][46] [9][46] [9][16] [9][9] [9][0] [8][0] [7][0] [6][0] [5][0] [4][0] [3][0] [2][0] [1][0] [0][0] 
[0][0] [0][0] [0][0] [0][6] [0][9] [0][13] [0][18] [0][20] [0][24] [0][25] [0][28] [0][29] [0][32] [0][33] [0][34] [0][38] [0][39] [0][41] [0][42] [0][44] [0][45] [0][46] [1][46] [2][46] [3][46] [4][46] [4][30] [4][46] [5][46] [5][28] [5][11] [5][8] [5][0] [6][0] [7][0] [8][0] [9][0] [9][3] [9][10] [9][11] [9][40] [9][46] [8][46] [7][46] [7][36] [7][46] [6][46] [5][46] [4][46] [3][46] [3][27] [3][0] [2][0] [1][0] [0][0] 
[0][0] [0][0] [0][0] [0][6] [0][7] [0][9] [0][10] [0][13] [0][14] [0][18] [0][24] [0][27] [0][34] [0][36] [0][39] [0][40] [0][42] [0][46] [1][46] [2][46] [3][46] [4][46] [4][43] [4][39] [4][37] [4][39] [4][43] [4][46] [5][46] [5][40] [5][23] [5][0] [6][0] [6][5] [6][23] [6][5] [6][0] [7][0] [8][0] [8][10] [8][0] [9][0] [9][6] [9][0] [8][0] [7][0] [6][0] [5][0] [4][0] [3][0] [3][19] [3][23] [3][19] [3][0] [2][0] [1][0] [0][0] 
[0][0] [0][0] [0][0] [0][1] [0][5] [0][15] [0][19] [0][21] [0][22] [0][25] [0][29] [0][30] [0][37] [0][39] [0][42] [0][46] [1][46] [2][46] [3][46] [3][35] [3][46] [4][46] [5][46] [6][46] [6][26] [6][25] [6][3] [6][0] [7][0] [8][0] [8][15] [8][16] [8][15] [8][0] [7][0] [6][0] [5][0] [5][19] [5][0] [4][0] [3][0] [3][6] [3][0] [2][0] [1][0] [0][0] 
[0][0] [0][0] [0][0] [0][2] [0][15] [0][17] [0][18] [0][23] [0][26] [0][27] [0][28] [0][33] [0][39] [0][40] [0][43] [0][46] [1][46] [2][46] [3][46] [3][29] [3][46] [4][46] [4][40] [4][26] [4][6] [4][0] [5][0] [5][21] [5][41] [5][46] [6][46] [7][46] [8][46] [8][27] [8][46] [7][46] [7][28] [7][1] [7][0] [6][0] [5][0] [4][0] [3][0] [2][0] [1][0] [0][0] 
