1990
61.1649
/home/fflorenci/jobprp_gurobi/small_instances/abc2_smaller_9.lyt
/home/fflorenci/jobprp_gurobi/small_instances/abc2_smaller_9l-10-30-0.ord
10
30
26
340
120
1
17 10 9 15 21 24 22 20 14 12 
6
7 1 
4 2 
8 3 
0 9 
5 
6 
296
346
358
394
292
304
[0][0] [0][0] [0][0] [0][1] [0][2] [0][5] [0][6] [0][11] [0][12] [0][14] [0][18] [0][21] [0][22] [0][25] [0][27] [0][28] [0][30] [0][34] [0][35] [0][36] [0][39] [0][44] [0][46] [1][46] [2][46] [3][46] [3][42] [3][46] [4][46] [5][46] [5][43] [5][46] [6][46] [6][32] [6][25] [6][0] [7][0] [7][18] [7][29] [7][46] [8][46] [8][35] [8][32] [8][35] [8][46] [7][46] [6][46] [5][46] [4][46] [4][35] [4][20] [4][0] [3][0] [2][0] [1][0] [0][0] 
[0][0] [0][0] [0][0] [0][1] [0][2] [0][11] [0][12] [0][14] [0][16] [0][19] [0][20] [0][28] [0][29] [0][30] [0][31] [0][36] [0][46] [1][46] [2][46] [3][46] [3][39] [3][27] [3][21] [3][27] [3][39] [3][46] [4][46] [4][43] [4][46] [5][46] [5][37] [5][34] [5][37] [5][46] [6][46] [7][46] [8][46] [9][46] [9][24] [9][46] [8][46] [8][28] [8][22] [8][19] [8][8] [8][6] [8][0] [7][0] [7][5] [7][22] [7][5] [7][0] [6][0] [5][0] [4][0] [4][3] [4][0] [3][0] [2][0] [1][0] [0][0] 
[0][0] [0][0] [0][0] [0][4] [0][12] [0][15] [0][23] [0][25] [0][27] [0][28] [0][41] [0][45] [0][46] [1][46] [2][46] [3][46] [3][43] [3][46] [4][46] [4][26] [4][14] [4][0] [5][0] [5][14] [5][32] [5][46] [6][46] [7][46] [8][46] [9][46] [9][38] [9][46] [8][46] [8][29] [8][9] [8][0] [9][0] [9][5] [9][6] [9][10] [9][11] [9][10] [9][6] [9][5] [9][0] [8][0] [7][0] [7][10] [7][0] [6][0] [6][7] [6][0] [5][0] [4][0] [3][0] [3][1] [3][2] [3][1] [3][0] [2][0] [1][0] [0][0] 
[0][0] [0][0] [0][0] [0][4] [0][9] [0][13] [0][14] [0][15] [0][19] [0][20] [0][25] [0][28] [0][33] [0][37] [0][42] [0][44] [0][46] [1][46] [2][46] [3][46] [3][22] [3][0] [4][0] [5][0] [5][8] [5][11] [5][17] [5][11] [5][8] [5][0] [6][0] [6][4] [6][25] [6][46] [7][46] [7][43] [7][21] [7][9] [7][0] [8][0] [8][10] [8][11] [8][28] [8][46] [9][46] [9][38] [9][15] [9][12] [9][0] [8][0] [7][0] [6][0] [5][0] [4][0] [3][0] [2][0] [1][0] [0][0] 
[0][0] [0][0] [0][0] [0][2] [0][6] [0][7] [0][11] [0][12] [0][14] [0][15] [0][18] [0][25] [0][26] [0][33] [0][41] [0][46] [1][46] [2][46] [3][46] [3][40] [3][32] [3][20] [3][32] [3][40] [3][46] [4][46] [5][46] [5][42] [5][46] [6][46] [7][46] [8][46] [8][40] [8][46] [9][46] [9][28] [9][3] [9][2] [9][0] [8][0] [8][15] [8][0] [7][0] [6][0] [5][0] [5][4] [5][0] [4][0] [3][0] [3][4] [3][0] [2][0] [1][0] [0][0] 
[0][0] [0][0] [0][0] [0][2] [0][11] [0][12] [0][13] [0][14] [0][16] [0][25] [0][28] [0][30] [0][35] [0][38] [0][40] [0][46] [1][46] [2][46] [3][46] [4][46] [5][46] [5][29] [5][46] [6][46] [6][41] [6][46] [7][46] [7][31] [7][19] [7][14] [7][2] [7][0] [8][0] [8][3] [8][24] [8][3] [8][0] [9][0] [9][10] [9][0] [8][0] [7][0] [6][0] [5][0] [4][0] [3][0] [3][8] [3][0] [2][0] [1][0] [0][0] 
