2500
70.4396
/home/fflorenci/jobprp_gurobi/small_instances/ran1_smaller_29.lyt
/home/fflorenci/jobprp_gurobi/small_instances/ran1_smaller_29s-10-30-0.ord
10
30
9
340
120
1
6 11 5 23 16 24 17 14 21 18 
6
6 2 
5 0 
4 7 
1 9 
8 
3 
318
450
450
458
400
424
[0][0] [0][0] [0][0] [1][0] [1][3] [1][6] [1][30] [1][46] [2][46] [2][39] [2][46] [3][46] [3][42] [3][37] [3][29] [3][37] [3][42] [3][46] [4][46] [4][43] [4][42] [4][43] [4][46] [5][46] [5][41] [5][46] [6][46] [7][46] [7][24] [7][14] [7][2] [7][0] [8][0] [8][4] [8][8] [8][4] [8][0] [9][0] [9][1] [9][9] [9][10] [9][9] [9][1] [9][0] [8][0] [7][0] [6][0] [5][0] [4][0] [4][9] [4][0] [3][0] [3][10] [3][0] [2][0] [2][1] [2][3] [2][1] [2][0] [1][0] [0][0] [0][0] [0][0] 
[0][0] [0][0] [0][0] [0][10] [0][19] [0][21] [0][22] [0][46] [1][46] [1][39] [1][38] [1][37] [1][28] [1][37] [1][38] [1][39] [1][46] [2][46] [2][39] [2][46] [3][46] [3][37] [3][31] [3][16] [3][4] [3][3] [3][0] [4][0] [4][23] [4][28] [4][37] [4][46] [5][46] [5][35] [5][46] [6][46] [7][46] [7][42] [7][41] [7][42] [7][46] [8][46] [8][29] [8][27] [8][29] [8][46] [9][46] [9][22] [9][0] [8][0] [7][0] [7][9] [7][17] [7][9] [7][0] [6][0] [6][1] [6][11] [6][1] [6][0] [5][0] [5][4] [5][0] [4][0] [3][0] [2][0] [2][3] [2][0] [1][0] [0][0] 
[0][0] [0][0] [0][0] [0][25] [0][46] [1][46] [2][46] [2][45] [2][40] [2][45] [2][46] [3][46] [3][23] [3][22] [3][0] [4][0] [5][0] [5][9] [5][18] [5][20] [5][31] [5][34] [5][36] [5][46] [6][46] [6][42] [6][39] [6][20] [6][19] [6][0] [7][0] [7][2] [7][5] [7][17] [7][20] [7][17] [7][5] [7][2] [7][0] [8][0] [9][0] [9][20] [9][0] [8][0] [7][0] [6][0] [5][0] [4][0] [4][2] [4][4] [4][23] [4][36] [4][40] [4][46] [3][46] [2][46] [1][46] [1][32] [1][25] [1][10] [1][7] [1][4] [1][0] [0][0] 
[0][0] [0][0] [0][0] [0][12] [0][19] [0][26] [0][34] [0][38] [0][46] [1][46] [1][32] [1][28] [1][32] [1][46] [2][46] [3][46] [3][27] [3][23] [3][27] [3][46] [4][46] [4][39] [4][37] [4][21] [4][2] [4][0] [5][0] [5][1] [5][10] [5][1] [5][0] [6][0] [7][0] [7][6] [7][0] [8][0] [9][0] [9][1] [9][0] [8][0] [8][2] [8][26] [8][28] [8][46] [7][46] [7][36] [7][46] [6][46] [6][26] [6][21] [6][26] [6][46] [5][46] [5][40] [5][46] [4][46] [3][46] [2][46] [2][31] [2][26] [2][24] [2][8] [2][0] [1][0] [0][0] 
[0][0] [0][0] [0][0] [0][15] [0][0] [1][0] [1][6] [1][0] [2][0] [2][7] [2][19] [2][29] [2][46] [3][46] [4][46] [4][41] [4][40] [4][28] [4][40] [4][41] [4][46] [5][46] [5][31] [5][21] [5][17] [5][0] [6][0] [6][2] [6][24] [6][35] [6][46] [7][46] [7][43] [7][46] [8][46] [9][46] [9][27] [9][21] [9][0] [8][0] [7][0] [7][2] [7][0] [6][0] [5][0] [4][0] [3][0] [3][8] [3][16] [3][24] [3][16] [3][8] [3][0] [2][0] [1][0] [0][0] [0][0] [0][0] 
[0][0] [0][0] [0][0] [0][8] [0][10] [0][32] [0][35] [0][46] [1][46] [1][40] [1][46] [2][46] [2][23] [2][17] [2][0] [3][0] [4][0] [4][6] [4][18] [4][6] [4][0] [5][0] [5][4] [5][13] [5][4] [5][0] [6][0] [6][17] [6][18] [6][37] [6][46] [7][46] [8][46] [8][43] [8][37] [8][43] [8][46] [9][46] [9][33] [9][4] [9][0] [8][0] [7][0] [7][5] [7][7] [7][20] [7][7] [7][5] [7][0] [6][0] [5][0] [4][0] [3][0] [2][0] [1][0] [1][5] [1][13] [1][5] [1][0] [0][0] 
