2918
88.8928
/home/fflorenci/jobprp_gurobi/small_instances/ran2_smaller_9.lyt
/home/fflorenci/jobprp_gurobi/small_instances/ran2_smaller_9l-10-30-0.ord
10
30
3
340
120
1
18 11 10 15 20 24 23 20 14 13 
7
3 9 
0 1 
8 2 
6 
7 
4 
5 
364
450
480
380
394
400
450
[0][0] [0][0] [0][0] [0][12] [0][40] [0][46] [1][46] [2][46] [2][41] [2][39] [2][32] [2][29] [2][28] [2][29] [2][32] [2][39] [2][41] [2][46] [3][46] [3][40] [3][32] [3][25] [3][22] [3][18] [3][16] [3][0] [4][0] [4][1] [4][0] [5][0] [5][6] [5][11] [5][20] [5][38] [5][46] [6][46] [6][35] [6][46] [7][46] [8][46] [8][25] [8][17] [8][6] [8][0] [9][0] [9][5] [9][6] [9][11] [9][6] [9][5] [9][0] [8][0] [7][0] [7][6] [7][0] [6][0] [5][0] [4][0] [3][0] [2][0] [2][2] [2][0] [1][0] [0][0] 
[0][0] [0][0] [0][0] [0][24] [0][31] [0][42] [0][46] [1][46] [1][31] [1][28] [1][31] [1][46] [2][46] [2][39] [2][46] [3][46] [3][37] [3][46] [4][46] [5][46] [5][44] [5][46] [6][46] [7][46] [7][35] [7][19] [7][18] [7][0] [8][0] [8][3] [8][25] [8][38] [8][41] [8][46] [9][46] [9][22] [9][12] [9][9] [9][0] [8][0] [7][0] [6][0] [6][7] [6][9] [6][10] [6][9] [6][7] [6][0] [5][0] [4][0] [4][2] [4][15] [4][25] [4][15] [4][2] [4][0] [3][0] [3][4] [3][0] [2][0] [2][11] [2][0] [1][0] [1][4] [1][8] [1][4] [1][0] [0][0] 
[0][0] [0][0] [0][0] [0][20] [0][0] [1][0] [1][19] [1][22] [1][39] [1][46] [2][46] [2][41] [2][33] [2][29] [2][19] [2][15] [2][2] [2][0] [3][0] [3][12] [3][22] [3][24] [3][46] [4][46] [5][46] [5][28] [5][25] [5][28] [5][46] [6][46] [6][28] [6][24] [6][0] [7][0] [7][21] [7][22] [7][30] [7][46] [8][46] [9][46] [9][45] [9][46] [8][46] [8][28] [8][12] [8][0] [9][0] [9][15] [9][0] [8][0] [7][0] [6][0] [5][0] [4][0] [3][0] [2][0] [1][0] [0][0] [0][0] [0][0] 
[0][0] [0][0] [0][0] [1][0] [1][17] [1][19] [1][24] [1][39] [1][42] [1][46] [2][46] [3][46] [3][29] [3][46] [4][46] [5][46] [6][46] [7][46] [7][40] [7][46] [8][46] [9][46] [9][16] [9][11] [9][10] [9][2] [9][0] [8][0] [8][5] [8][0] [7][0] [6][0] [6][3] [6][8] [6][12] [6][8] [6][3] [6][0] [5][0] [5][4] [5][9] [5][20] [5][9] [5][4] [5][0] [4][0] [4][14] [4][0] [3][0] [2][0] [2][6] [2][19] [2][25] [2][28] [2][25] [2][19] [2][6] [2][0] [1][0] [0][0] [0][0] [0][0] 
[0][0] [0][0] [0][0] [0][27] [0][28] [0][30] [0][42] [0][46] [1][46] [2][46] [3][46] [4][46] [4][36] [4][19] [4][18] [4][8] [4][0] [5][0] [5][8] [5][32] [5][46] [6][46] [6][37] [6][22] [6][11] [6][0] [7][0] [7][1] [7][25] [7][46] [8][46] [9][46] [9][36] [9][21] [9][15] [9][0] [8][0] [8][12] [8][0] [7][0] [6][0] [5][0] [4][0] [3][0] [2][0] [1][0] [1][5] [1][0] [0][0] 
[0][0] [0][0] [0][0] [0][1] [0][31] [0][46] [1][46] [2][46] [2][39] [2][46] [3][46] [3][43] [3][46] [4][46] [4][35] [4][18] [4][1] [4][0] [5][0] [5][8] [5][30] [5][45] [5][46] [6][46] [6][43] [6][38] [6][43] [6][46] [7][46] [8][46] [9][46] [9][34] [9][31] [9][1] [9][0] [8][0] [8][16] [8][19] [8][16] [8][0] [7][0] [6][0] [6][14] [6][0] [5][0] [4][0] [3][0] [2][0] [2][1] [2][0] [1][0] [1][16] [1][0] [0][0] 
[0][0] [0][0] [0][0] [0][10] [0][20] [0][39] [0][46] [1][46] [1][28] [1][16] [1][15] [1][6] [1][0] [2][0] [3][0] [3][7] [3][29] [3][46] [4][46] [5][46] [5][38] [5][20] [5][0] [6][0] [6][10] [6][19] [6][22] [6][43] [6][46] [7][46] [7][34] [7][33] [7][32] [7][14] [7][12] [7][0] [8][0] [8][20] [8][34] [8][46] [9][46] [9][39] [9][19] [9][0] [8][0] [7][0] [6][0] [5][0] [4][0] [3][0] [2][0] [1][0] [0][0] 
