3956
251.434
/home/fflorenci/jobprp_ga/reduced_instances/henn/abc1/reduced_warehouse_40.lyt
/home/fflorenci/jobprp_ga/reduced_instances/henn/abc1/reduced_warehouse_40s-60-75-0.ord
60
75
21
340
120
1
8 5 8 11 17 9 10 5 17 19 22 10 5 17 17 20 9 7 14 6 16 11 5 11 9 21 19 21 5 8 6 11 23 13 22 8 9 13 16 20 16 5 15 23 20 14 21 21 14 22 8 17 21 12 7 8 11 17 8 11 
11
31 8 7 17 28 58 29 48 
30 21 50 0 35 33 6 56 
2 41 38 3 42 55 22 
5 36 37 39 54 20 
34 53 23 44 24 
57 49 32 12 19 
40 25 45 9 1 
14 59 47 18 
4 15 51 13 
43 27 52 16 
10 11 26 46 
276
304
340
362
384
370
374
334
410
450
352
[0][0] [0][0] [0][0] [0][2] [0][4] [0][6] [0][8] [0][9] [0][11] [0][12] [0][13] [0][16] [0][17] [0][18] [0][19] [0][20] [0][21] [0][22] [0][26] [0][27] [0][28] [0][29] [0][31] [0][34] [0][36] [0][38] [0][40] [0][41] [0][43] [0][44] [0][46] [1][46] [2][46] [3][46] [3][39] [3][38] [3][39] [3][46] [4][46] [5][46] [5][43] [5][46] [6][46] [6][39] [6][38] [6][9] [6][0] [7][0] [7][9] [7][13] [7][14] [7][28] [7][30] [7][36] [7][44] [7][46] [6][46] [5][46] [4][46] [4][43] [4][40] [4][39] [4][31] [4][30] [4][26] [4][23] [4][22] [4][13] [4][9] [4][0] [3][0] [3][1] [3][3] [3][4] [3][3] [3][1] [3][0] [2][0] [1][0] [0][0] 
[0][0] [0][0] [0][0] [0][1] [0][2] [0][3] [0][4] [0][5] [0][7] [0][8] [0][9] [0][10] [0][11] [0][13] [0][14] [0][15] [0][17] [0][19] [0][21] [0][22] [0][23] [0][25] [0][27] [0][29] [0][30] [0][31] [0][32] [0][33] [0][34] [0][35] [0][36] [0][38] [0][40] [0][41] [0][42] [0][43] [0][44] [0][46] [1][46] [2][46] [3][46] [4][46] [4][45] [4][30] [4][21] [4][0] [5][0] [5][6] [5][8] [5][9] [5][20] [5][25] [5][28] [5][29] [5][37] [5][43] [5][46] [6][46] [7][46] [7][40] [7][46] [8][46] [9][46] [9][44] [9][42] [9][41] [9][35] [9][31] [9][28] [9][27] [9][25] [9][19] [9][17] [9][4] [9][1] [9][0] [8][0] [8][2] [8][0] [7][0] [7][10] [7][0] [6][0] [5][0] [4][0] [3][0] [2][0] [1][0] [0][0] 
[0][0] [0][0] [0][0] [0][2] [0][6] [0][7] [0][9] [0][10] [0][11] [0][13] [0][16] [0][19] [0][20] [0][22] [0][24] [0][28] [0][29] [0][33] [0][34] [0][35] [0][36] [0][38] [0][39] [0][41] [0][42] [0][45] [0][46] [1][46] [2][46] [3][46] [4][46] [4][44] [4][46] [5][46] [5][44] [5][33] [5][26] [5][20] [5][18] [5][17] [5][13] [5][10] [5][7] [5][0] [6][0] [6][2] [6][6] [6][16] [6][28] [6][31] [6][43] [6][46] [7][46] [8][46] [8][41] [8][35] [8][20] [8][0] [7][0] [6][0] [5][0] [4][0] [4][3] [4][10] [4][23] [4][10] [4][3] [4][0] [3][0] [3][3] [3][4] [3][9] [3][10] [3][11] [3][16] [3][11] [3][10] [3][9] [3][4] [3][3] [3][0] [2][0] [1][0] [0][0] 
[0][0] [0][0] [0][0] [0][3] [0][4] [0][5] [0][7] [0][8] [0][9] [0][10] [0][11] [0][12] [0][15] [0][19] [0][20] [0][22] [0][23] [0][24] [0][26] [0][27] [0][29] [0][30] [0][31] [0][32] [0][33] [0][35] [0][38] [0][39] [0][40] [0][43] [0][46] [1][46] [2][46] [3][46] [4][46] [4][39] [4][46] [5][46] [5][29] [5][15] [5][4] [5][2] [5][0] [6][0] [7][0] [7][5] [7][6] [7][10] [7][16] [7][22] [7][24] [7][26] [7][31] [7][46] [8][46] [8][40] [8][29] [8][27] [8][25] [8][23] [8][16] [8][0] [7][0] [6][0] [6][10] [6][27] [6][37] [6][38] [6][43] [6][45] [6][46] [5][46] [4][46] [3][46] [3][42] [3][27] [3][26] [3][21] [3][19] [3][4] [3][0] [2][0] [1][0] [0][0] 
[0][0] [0][0] [0][0] [0][1] [0][3] [0][4] [0][9] [0][12] [0][14] [0][16] [0][17] [0][20] [0][21] [0][25] [0][26] [0][28] [0][30] [0][31] [0][32] [0][36] [0][37] [0][39] [0][40] [0][42] [0][45] [0][46] [1][46] [2][46] [3][46] [3][44] [3][40] [3][27] [3][12] [3][8] [3][0] [4][0] [4][1] [4][6] [4][7] [4][9] [4][15] [4][17] [4][19] [4][20] [4][43] [4][46] [5][46] [5][42] [5][33] [5][28] [5][16] [5][15] [5][12] [5][7] [5][0] [6][0] [6][4] [6][16] [6][18] [6][22] [6][24] [6][32] [6][36] [6][37] [6][46] [7][46] [7][36] [7][35] [7][36] [7][46] [8][46] [9][46] [9][28] [9][23] [9][22] [9][20] [9][18] [9][14] [9][9] [9][3] [9][0] [8][0] [7][0] [7][2] [7][0] [6][0] [5][0] [4][0] [3][0] [2][0] [1][0] [0][0] 
[0][0] [0][0] [0][0] [0][1] [0][2] [0][7] [0][10] [0][11] [0][13] [0][14] [0][18] [0][19] [0][20] [0][22] [0][24] [0][25] [0][26] [0][30] [0][31] [0][32] [0][33] [0][34] [0][35] [0][36] [0][37] [0][38] [0][40] [0][42] [0][43] [0][44] [0][46] [1][46] [2][46] [3][46] [3][42] [3][39] [3][31] [3][26] [3][17] [3][15] [3][14] [3][3] [3][1] [3][0] [4][0] [4][5] [4][0] [5][0] [5][1] [5][7] [5][8] [5][26] [5][29] [5][33] [5][39] [5][41] [5][44] [5][46] [6][46] [6][42] [6][39] [6][25] [6][23] [6][21] [6][6] [6][5] [6][3] [6][0] [7][0] [7][3] [7][9] [7][22] [7][26] [7][30] [7][31] [7][46] [8][46] [9][46] [9][31] [9][29] [9][13] [9][3] [9][0] [8][0] [7][0] [6][0] [5][0] [4][0] [3][0] [2][0] [1][0] [0][0] 
[0][0] [0][0] [0][0] [0][1] [0][2] [0][3] [0][4] [0][5] [0][8] [0][11] [0][12] [0][16] [0][19] [0][23] [0][25] [0][27] [0][29] [0][30] [0][32] [0][33] [0][34] [0][36] [0][37] [0][38] [0][39] [0][41] [0][42] [0][44] [0][45] [0][46] [1][46] [2][46] [3][46] [3][39] [3][33] [3][39] [3][46] [4][46] [4][42] [4][39] [4][37] [4][15] [4][14] [4][13] [4][5] [4][0] [5][0] [5][4] [5][5] [5][10] [5][5] [5][4] [5][0] [6][0] [6][3] [6][6] [6][12] [6][16] [6][22] [6][27] [6][31] [6][33] [6][40] [6][45] [6][46] [7][46] [8][46] [9][46] [9][38] [9][33] [9][23] [9][20] [9][17] [9][9] [9][0] [8][0] [8][15] [8][17] [8][15] [8][0] [7][0] [7][4] [7][10] [7][4] [7][0] [6][0] [5][0] [4][0] [3][0] [3][3] [3][0] [2][0] [1][0] [0][0] 
[0][0] [0][0] [0][0] [0][1] [0][5] [0][6] [0][9] [0][10] [0][11] [0][14] [0][15] [0][18] [0][19] [0][20] [0][23] [0][24] [0][27] [0][28] [0][30] [0][31] [0][32] [0][33] [0][35] [0][37] [0][38] [0][40] [0][44] [0][46] [1][46] [2][46] [3][46] [3][38] [3][36] [3][38] [3][46] [4][46] [5][46] [5][44] [5][46] [6][46] [7][46] [7][41] [7][46] [8][46] [8][44] [8][43] [8][37] [8][28] [8][24] [8][23] [8][20] [8][18] [8][16] [8][2] [8][0] [9][0] [9][11] [9][13] [9][18] [9][22] [9][27] [9][28] [9][32] [9][39] [9][41] [9][46] [8][46] [7][46] [6][46] [5][46] [4][46] [4][45] [4][30] [4][24] [4][7] [4][5] [4][0] [3][0] [3][11] [3][18] [3][11] [3][0] [2][0] [1][0] [0][0] 
[0][0] [0][0] [0][0] [0][2] [0][4] [0][5] [0][12] [0][14] [0][16] [0][17] [0][19] [0][21] [0][24] [0][27] [0][28] [0][30] [0][31] [0][33] [0][36] [0][37] [0][39] [0][41] [0][43] [0][44] [0][45] [0][46] [1][46] [2][46] [3][46] [3][45] [3][46] [4][46] [4][35] [4][31] [4][30] [4][20] [4][13] [4][0] [5][0] [5][2] [5][7] [5][12] [5][30] [5][38] [5][40] [5][42] [5][46] [6][46] [7][46] [7][31] [7][23] [7][16] [7][6] [7][2] [7][0] [8][0] [8][8] [8][14] [8][23] [8][29] [8][33] [8][34] [8][46] [9][46] [9][38] [9][32] [9][31] [9][9] [9][2] [9][0] [8][0] [7][0] [6][0] [6][2] [6][5] [6][2] [6][0] [5][0] [4][0] [3][0] [3][5] [3][9] [3][12] [3][20] [3][12] [3][9] [3][5] [3][0] [2][0] [1][0] [0][0] 
[0][0] [0][0] [0][0] [0][2] [0][3] [0][5] [0][6] [0][8] [0][11] [0][13] [0][15] [0][17] [0][18] [0][20] [0][22] [0][23] [0][25] [0][26] [0][27] [0][28] [0][29] [0][30] [0][31] [0][35] [0][36] [0][37] [0][38] [0][42] [0][43] [0][46] [1][46] [2][46] [3][46] [3][42] [3][33] [3][29] [3][26] [3][18] [3][12] [3][10] [3][0] [4][0] [4][1] [4][2] [4][16] [4][33] [4][34] [4][46] [5][46] [5][25] [5][20] [5][17] [5][11] [5][2] [5][1] [5][0] [6][0] [6][20] [6][33] [6][37] [6][44] [6][46] [7][46] [7][27] [7][25] [7][19] [7][5] [7][0] [8][0] [8][14] [8][17] [8][25] [8][30] [8][33] [8][34] [8][46] [9][46] [9][37] [9][36] [9][16] [9][15] [9][4] [9][0] [8][0] [7][0] [6][0] [5][0] [4][0] [3][0] [2][0] [1][0] [0][0] 
[0][0] [0][0] [0][0] [0][1] [0][2] [0][3] [0][4] [0][5] [0][6] [0][7] [0][9] [0][10] [0][11] [0][12] [0][13] [0][15] [0][17] [0][18] [0][20] [0][21] [0][24] [0][25] [0][28] [0][30] [0][31] [0][32] [0][34] [0][35] [0][36] [0][37] [0][38] [0][40] [0][41] [0][42] [0][43] [0][44] [0][45] [0][46] [1][46] [2][46] [3][46] [3][38] [3][35] [3][34] [3][26] [3][25] [3][10] [3][0] [4][0] [4][1] [4][9] [4][1] [4][0] [5][0] [5][1] [5][0] [6][0] [6][9] [6][26] [6][27] [6][46] [5][46] [5][45] [5][38] [5][33] [5][38] [5][45] [5][46] [6][46] [7][46] [8][46] [9][46] [9][38] [9][32] [9][14] [9][11] [9][7] [9][3] [9][2] [9][0] [8][0] [8][4] [8][5] [8][4] [8][0] [7][0] [7][9] [7][0] [6][0] [5][0] [4][0] [3][0] [2][0] [1][0] [0][0] 
