6554
241.069
/home/fflorenci/jobprp_ga/reduced_instances/henn/abc1/reduced_warehouse_29.lyt
/home/fflorenci/jobprp_ga/reduced_instances/henn/abc1/reduced_warehouse_29s-40-30-0.ord
40
30
27
340
120
1
6 11 5 22 15 23 17 13 20 16 21 19 12 21 12 11 22 9 8 12 22 19 13 22 17 6 14 7 14 8 18 14 18 16 7 16 14 12 16 17 
21
17 36 34 
11 0 2 
28 9 
23 25 
32 15 
37 39 
4 26 
6 7 
20 18 
30 19 
33 14 
12 38 
35 31 
16 29 
5 27 
24 22 
21 1 
13 
8 
3 
10 
274
228
296
344
312
296
302
318
394
338
368
326
336
352
356
316
284
264
272
282
296
[0][0] [0][0] [0][0] [0][1] [0][3] [0][5] [0][12] [0][13] [0][18] [0][20] [0][22] [0][25] [0][26] [0][31] [0][32] [0][38] [0][45] [0][46] [1][46] [2][46] [3][46] [4][46] [5][46] [6][46] [6][43] [6][46] [7][46] [8][46] [8][32] [8][20] [8][13] [8][0] [9][0] [9][23] [9][29] [9][36] [9][46] [8][46] [7][46] [6][46] [5][46] [4][46] [4][31] [4][30] [4][27] [4][5] [4][0] [3][0] [2][0] [1][0] [0][0] 
[0][0] [0][0] [0][0] [0][3] [0][4] [0][7] [0][8] [0][9] [0][11] [0][20] [0][25] [0][26] [0][29] [0][34] [0][37] [0][39] [0][41] [0][44] [0][45] [0][46] [1][46] [2][46] [3][46] [3][42] [3][46] [4][46] [5][46] [6][46] [7][46] [8][46] [8][41] [8][46] [7][46] [7][19] [7][17] [7][11] [7][0] [6][0] [6][5] [6][0] [5][0] [4][0] [3][0] [3][2] [3][4] [3][9] [3][17] [3][9] [3][4] [3][2] [3][0] [2][0] [1][0] [0][0] 
[0][0] [0][0] [0][0] [0][5] [0][7] [0][8] [0][10] [0][11] [0][18] [0][21] [0][22] [0][23] [0][24] [0][26] [0][29] [0][30] [0][32] [0][35] [0][37] [0][40] [0][46] [1][46] [2][46] [3][46] [4][46] [5][46] [5][40] [5][46] [6][46] [7][46] [7][29] [7][46] [8][46] [8][28] [8][46] [9][46] [9][41] [9][29] [9][14] [9][0] [8][0] [8][6] [8][7] [8][6] [8][0] [7][0] [6][0] [5][0] [4][0] [4][2] [4][13] [4][2] [4][0] [3][0] [2][0] [1][0] [0][0] 
[0][0] [0][0] [0][0] [0][2] [0][6] [0][19] [0][22] [0][32] [0][36] [0][37] [0][39] [0][40] [0][46] [1][46] [2][46] [3][46] [4][46] [4][32] [4][46] [5][46] [5][44] [5][46] [6][46] [6][28] [6][26] [6][23] [6][26] [6][28] [6][46] [7][46] [7][44] [7][30] [7][21] [7][0] [8][0] [9][0] [9][1] [9][0] [8][0] [8][6] [8][13] [8][16] [8][34] [8][35] [8][46] [7][46] [6][46] [5][46] [4][46] [3][46] [3][28] [3][23] [3][21] [3][18] [3][0] [2][0] [1][0] [0][0] 
[0][0] [0][0] [0][0] [0][5] [0][7] [0][15] [0][17] [0][26] [0][28] [0][30] [0][33] [0][35] [0][40] [0][41] [0][46] [1][46] [2][46] [3][46] [3][42] [3][36] [3][42] [3][46] [4][46] [5][46] [5][43] [5][46] [6][46] [6][42] [6][46] [7][46] [8][46] [8][33] [8][30] [8][33] [8][46] [9][46] [9][44] [9][42] [9][28] [9][42] [9][44] [9][46] [8][46] [7][46] [7][32] [7][28] [7][1] [7][0] [6][0] [5][0] [4][0] [4][5] [4][10] [4][15] [4][20] [4][15] [4][10] [4][5] [4][0] [3][0] [2][0] [1][0] [0][0] 
[0][0] [0][0] [0][0] [0][1] [0][3] [0][5] [0][6] [0][11] [0][12] [0][15] [0][21] [0][24] [0][26] [0][30] [0][38] [0][43] [0][45] [0][46] [1][46] [2][46] [3][46] [4][46] [5][46] [6][46] [6][33] [6][46] [7][46] [7][41] [7][28] [7][41] [7][46] [8][46] [8][43] [8][46] [9][46] [9][43] [9][39] [9][38] [9][30] [9][29] [9][30] [9][38] [9][39] [9][43] [9][46] [8][46] [7][46] [6][46] [5][46] [5][36] [5][35] [5][32] [5][15] [5][0] [6][0] [6][6] [6][0] [5][0] [4][0] [3][0] [2][0] [1][0] [0][0] 
[0][0] [0][0] [0][0] [0][7] [0][10] [0][14] [0][18] [0][24] [0][26] [0][27] [0][34] [0][38] [0][39] [0][40] [0][42] [0][43] [0][46] [1][46] [2][46] [3][46] [4][46] [4][40] [4][39] [4][33] [4][39] [4][40] [4][46] [5][46] [5][44] [5][43] [5][40] [5][37] [5][40] [5][43] [5][44] [5][46] [6][46] [7][46] [7][45] [7][46] [8][46] [8][9] [8][0] [9][0] [9][6] [9][0] [8][0] [7][0] [6][0] [6][5] [6][12] [6][5] [6][0] [5][0] [4][0] [3][0] [3][19] [3][23] [3][19] [3][0] [2][0] [1][0] [0][0] 
[0][0] [0][0] [0][0] [0][6] [0][9] [0][13] [0][18] [0][20] [0][24] [0][25] [0][28] [0][29] [0][32] [0][33] [0][34] [0][38] [0][39] [0][41] [0][42] [0][44] [0][45] [0][46] [1][46] [2][46] [3][46] [4][46] [4][30] [4][46] [5][46] [5][28] [5][11] [5][8] [5][0] [6][0] [7][0] [8][0] [9][0] [9][3] [9][10] [9][11] [9][40] [9][46] [8][46] [7][46] [7][36] [7][46] [6][46] [5][46] [4][46] [3][46] [3][27] [3][0] [2][0] [1][0] [0][0] 
[0][0] [0][0] [0][0] [0][2] [0][21] [0][22] [0][24] [0][27] [0][29] [0][30] [0][38] [0][46] [1][46] [2][46] [3][46] [4][46] [4][42] [4][33] [4][24] [4][18] [4][11] [4][0] [5][0] [5][21] [5][23] [5][46] [6][46] [6][34] [6][26] [6][16] [6][0] [7][0] [7][4] [7][12] [7][14] [7][36] [7][46] [8][46] [8][38] [8][46] [9][46] [9][22] [9][0] [8][0] [8][10] [8][0] [7][0] [6][0] [5][0] [4][0] [3][0] [2][0] [1][0] [0][0] 
[0][0] [0][0] [0][0] [0][4] [0][7] [0][8] [0][10] [0][11] [0][13] [0][24] [0][30] [0][35] [0][38] [0][41] [0][42] [0][43] [0][46] [1][46] [2][46] [3][46] [4][46] [4][37] [4][30] [4][17] [4][0] [5][0] [5][18] [5][0] [6][0] [6][11] [6][31] [6][39] [6][46] [7][46] [7][38] [7][46] [8][46] [8][27] [8][21] [8][13] [8][6] [8][5] [8][0] [7][0] [6][0] [5][0] [4][0] [3][0] [3][1] [3][12] [3][14] [3][12] [3][1] [3][0] [2][0] [1][0] [0][0] 
[0][0] [0][0] [0][0] [0][1] [0][2] [0][4] [0][11] [0][13] [0][16] [0][19] [0][23] [0][39] [0][40] [0][46] [1][46] [2][46] [3][46] [3][43] [3][46] [4][46] [5][46] [5][44] [5][41] [5][38] [5][26] [5][20] [5][26] [5][38] [5][41] [5][44] [5][46] [6][46] [6][43] [6][46] [7][46] [7][42] [7][46] [8][46] [8][20] [8][13] [8][0] [9][0] [9][15] [9][17] [9][15] [9][0] [8][0] [7][0] [6][0] [6][9] [6][15] [6][9] [6][0] [5][0] [4][0] [4][16] [4][0] [3][0] [3][7] [3][14] [3][7] [3][0] [2][0] [1][0] [0][0] 
[0][0] [0][0] [0][0] [0][6] [0][8] [0][12] [0][19] [0][22] [0][26] [0][30] [0][31] [0][35] [0][36] [0][42] [0][46] [1][46] [2][46] [3][46] [3][43] [3][37] [3][43] [3][46] [4][46] [4][35] [4][27] [4][11] [4][0] [5][0] [5][17] [5][22] [5][29] [5][46] [6][46] [7][46] [7][41] [7][40] [7][41] [7][46] [8][46] [8][40] [8][36] [8][34] [8][23] [8][0] [9][0] [9][3] [9][5] [9][3] [9][0] [8][0] [7][0] [7][10] [7][0] [6][0] [5][0] [4][0] [3][0] [2][0] [1][0] [0][0] 
[0][0] [0][0] [0][0] [0][2] [0][6] [0][8] [0][10] [0][18] [0][24] [0][33] [0][35] [0][37] [0][40] [0][43] [0][44] [0][45] [0][46] [1][46] [2][46] [3][46] [4][46] [4][34] [4][25] [4][8] [4][0] [5][0] [5][9] [5][0] [6][0] [6][13] [6][15] [6][22] [6][30] [6][46] [7][46] [7][39] [7][46] [8][46] [9][46] [9][40] [9][36] [9][24] [9][12] [9][0] [8][0] [8][3] [8][15] [8][3] [8][0] [7][0] [6][0] [5][0] [4][0] [3][0] [3][3] [3][0] [2][0] [1][0] [0][0] 
[0][0] [0][0] [0][0] [0][2] [0][6] [0][10] [0][11] [0][16] [0][20] [0][22] [0][28] [0][36] [0][38] [0][40] [0][46] [1][46] [2][46] [3][46] [4][46] [4][44] [4][46] [5][46] [5][43] [5][46] [6][46] [6][38] [6][46] [7][46] [7][42] [7][35] [7][33] [7][31] [7][33] [7][35] [7][42] [7][46] [8][46] [8][41] [8][46] [9][46] [9][35] [9][16] [9][10] [9][0] [8][0] [8][1] [8][10] [8][1] [8][0] [7][0] [6][0] [6][10] [6][14] [6][10] [6][0] [5][0] [5][12] [5][0] [4][0] [4][18] [4][22] [4][18] [4][0] [3][0] [2][0] [1][0] [0][0] 
[0][0] [0][0] [0][0] [0][2] [0][15] [0][17] [0][18] [0][23] [0][26] [0][27] [0][28] [0][30] [0][33] [0][39] [0][40] [0][43] [0][44] [0][46] [1][46] [2][46] [3][46] [3][29] [3][46] [4][46] [5][46] [5][41] [5][21] [5][41] [5][46] [6][46] [6][37] [6][46] [7][46] [7][28] [7][19] [7][1] [7][0] [8][0] [8][11] [8][27] [8][46] [7][46] [6][46] [5][46] [4][46] [4][40] [4][26] [4][24] [4][6] [4][0] [3][0] [2][0] [1][0] [0][0] 
[0][0] [0][0] [0][0] [0][4] [0][5] [0][6] [0][7] [0][11] [0][15] [0][18] [0][22] [0][31] [0][36] [0][39] [0][42] [0][43] [0][45] [0][46] [1][46] [2][46] [3][46] [3][41] [3][17] [3][0] [4][0] [5][0] [5][17] [5][25] [5][26] [5][35] [5][46] [6][46] [6][42] [6][46] [7][46] [7][35] [7][46] [8][46] [8][24] [8][23] [8][17] [8][0] [7][0] [7][5] [7][0] [6][0] [6][8] [6][10] [6][8] [6][0] [5][0] [4][0] [3][0] [2][0] [1][0] [0][0] 
[0][0] [0][0] [0][0] [0][6] [0][9] [0][12] [0][13] [0][16] [0][17] [0][18] [0][21] [0][22] [0][24] [0][25] [0][26] [0][29] [0][30] [0][33] [0][36] [0][44] [0][46] [1][46] [2][46] [3][46] [4][46] [4][43] [4][37] [4][43] [4][46] [5][46] [6][46] [6][35] [6][23] [6][6] [6][0] [7][0] [8][0] [8][10] [8][11] [8][23] [8][11] [8][10] [8][0] [7][0] [6][0] [5][0] [5][23] [5][0] [4][0] [3][0] [3][4] [3][0] [2][0] [1][0] [0][0] 
[0][0] [0][0] [0][0] [0][4] [0][8] [0][12] [0][16] [0][17] [0][20] [0][21] [0][27] [0][37] [0][39] [0][44] [0][46] [1][46] [2][46] [3][46] [4][46] [4][34] [4][30] [4][21] [4][30] [4][34] [4][46] [5][46] [5][39] [5][46] [6][46] [7][46] [7][40] [7][46] [8][46] [8][42] [8][41] [8][42] [8][46] [9][46] [9][33] [9][14] [9][0] [8][0] [8][3] [8][0] [7][0] [6][0] [5][0] [4][0] [3][0] [2][0] [1][0] [0][0] 
[0][0] [0][0] [0][0] [0][1] [0][5] [0][15] [0][19] [0][21] [0][22] [0][25] [0][29] [0][30] [0][37] [0][39] [0][42] [0][46] [1][46] [2][46] [3][46] [3][35] [3][46] [4][46] [5][46] [6][46] [6][26] [6][25] [6][3] [6][0] [7][0] [8][0] [8][15] [8][16] [8][15] [8][0] [7][0] [6][0] [5][0] [5][19] [5][0] [4][0] [3][0] [3][6] [3][0] [2][0] [1][0] [0][0] 
[0][0] [0][0] [0][0] [0][1] [0][4] [0][9] [0][20] [0][21] [0][27] [0][31] [0][35] [0][37] [0][45] [0][46] [1][46] [2][46] [3][46] [3][41] [3][28] [3][41] [3][46] [4][46] [5][46] [6][46] [7][46] [7][41] [7][38] [7][25] [7][2] [7][0] [8][0] [9][0] [9][9] [9][16] [9][9] [9][0] [8][0] [7][0] [6][0] [5][0] [4][0] [4][8] [4][0] [3][0] [3][2] [3][10] [3][2] [3][0] [2][0] [1][0] [0][0] 
[0][0] [0][0] [0][0] [0][22] [0][23] [0][30] [0][37] [0][39] [0][42] [0][43] [0][45] [0][46] [1][46] [2][46] [3][46] [4][46] [4][34] [4][46] [5][46] [5][39] [5][46] [6][46] [7][46] [8][46] [9][46] [9][37] [9][10] [9][3] [9][0] [8][0] [8][6] [8][0] [7][0] [6][0] [6][3] [6][9] [6][3] [6][0] [5][0] [4][0] [3][0] [3][3] [3][13] [3][15] [3][26] [3][15] [3][13] [3][3] [3][0] [2][0] [1][0] [0][0] 
