8282
598.351
/home/fflorenci/jobprp_ga/reduced_instances/henn/abc1/reduced_warehouse_71.lyt
/home/fflorenci/jobprp_ga/reduced_instances/henn/abc1/reduced_warehouse_71s-100-60-0.ord
100
60
17
340
120
1
17 5 10 20 19 8 7 20 13 6 5 12 6 21 20 12 5 11 13 17 7 19 22 21 18 7 18 20 10 11 8 11 12 19 23 24 18 12 18 7 22 12 6 19 15 12 19 7 9 15 22 7 7 19 13 20 6 14 22 9 6 22 21 11 7 9 6 11 15 21 23 14 10 10 14 16 14 5 20 7 15 20 22 12 22 19 5 20 9 10 15 11 6 6 10 17 12 16 8 16 
23
21 12 20 10 32 93 1 
89 66 2 25 88 74 
54 64 77 37 8 94 
9 91 16 57 41 31 
76 45 51 96 98 52 
14 28 90 48 56 
33 79 60 39 4 
17 36 59 99 92 
0 5 26 73 47 
18 7 15 68 
3 61 42 83 
46 71 80 11 
55 72 19 29 
53 81 49 86 
82 78 30 65 
22 63 6 85 
23 38 27 
13 58 95 
40 67 84 
35 44 69 
70 87 97 
62 34 75 
24 43 50 
310
282
364
350
346
300
346
374
394
350
398
370
308
394
416
332
384
392
300
366
414
396
396
[0][0] [0][0] [0][0] [0][3] [0][4] [0][5] [0][6] [0][7] [0][10] [0][11] [0][13] [0][14] [0][15] [0][17] [0][18] [0][21] [0][22] [0][23] [0][26] [0][27] [0][28] [0][31] [0][32] [0][33] [0][34] [0][36] [0][38] [0][40] [0][41] [0][42] [0][45] [0][46] [1][46] [2][46] [3][46] [3][45] [3][46] [4][46] [4][44] [4][41] [4][44] [4][46] [5][46] [5][31] [5][25] [5][22] [5][19] [5][16] [5][10] [5][3] [5][0] [6][0] [7][0] [7][12] [7][36] [7][43] [7][46] [8][46] [8][44] [8][34] [8][19] [8][13] [8][12] [8][0] [9][0] [9][11] [9][0] [8][0] [7][0] [6][0] [5][0] [4][0] [4][5] [4][0] [3][0] [2][0] [1][0] [0][0] 
[0][0] [0][0] [0][0] [0][4] [0][8] [0][10] [0][14] [0][15] [0][19] [0][20] [0][23] [0][24] [0][25] [0][26] [0][28] [0][29] [0][34] [0][35] [0][36] [0][40] [0][41] [0][43] [0][44] [0][46] [1][46] [2][46] [3][46] [3][45] [3][44] [3][42] [3][34] [3][28] [3][26] [3][24] [3][18] [3][15] [3][0] [4][0] [5][0] [6][0] [6][3] [6][9] [6][15] [6][18] [6][24] [6][32] [6][45] [6][46] [7][46] [7][43] [7][39] [7][43] [7][46] [8][46] [9][46] [9][37] [9][34] [9][26] [9][19] [9][17] [9][11] [9][0] [8][0] [7][0] [6][0] [5][0] [4][0] [3][0] [2][0] [1][0] [0][0] 
[0][0] [0][0] [0][0] [0][3] [0][6] [0][11] [0][12] [0][14] [0][18] [0][21] [0][22] [0][23] [0][27] [0][28] [0][29] [0][30] [0][31] [0][33] [0][36] [0][37] [0][38] [0][39] [0][42] [0][43] [0][45] [0][46] [1][46] [2][46] [3][46] [3][20] [3][0] [4][0] [5][0] [5][3] [5][5] [5][12] [5][17] [5][27] [5][33] [5][34] [5][46] [6][46] [6][41] [6][34] [6][25] [6][24] [6][4] [6][0] [7][0] [7][2] [7][0] [8][0] [8][3] [8][7] [8][19] [8][20] [8][25] [8][38] [8][40] [8][43] [8][46] [9][46] [9][39] [9][31] [9][30] [9][18] [9][17] [9][9] [9][8] [9][0] [8][0] [7][0] [6][0] [5][0] [4][0] [3][0] [2][0] [1][0] [0][0] 
[0][0] [0][0] [0][0] [0][2] [0][4] [0][5] [0][6] [0][7] [0][9] [0][10] [0][11] [0][13] [0][14] [0][19] [0][24] [0][26] [0][31] [0][33] [0][34] [0][37] [0][42] [0][43] [0][45] [0][46] [1][46] [2][46] [3][46] [3][41] [3][31] [3][29] [3][19] [3][11] [3][4] [3][0] [4][0] [4][10] [4][11] [4][23] [4][26] [4][28] [4][39] [4][45] [4][46] [5][46] [6][46] [6][37] [6][32] [6][29] [6][23] [6][6] [6][0] [7][0] [7][3] [7][10] [7][21] [7][33] [7][45] [7][46] [8][46] [8][43] [8][33] [8][31] [8][16] [8][11] [8][0] [7][0] [6][0] [5][0] [4][0] [3][0] [2][0] [1][0] [0][0] 
[0][0] [0][0] [0][0] [0][3] [0][4] [0][5] [0][7] [0][8] [0][9] [0][10] [0][11] [0][12] [0][13] [0][14] [0][15] [0][16] [0][17] [0][20] [0][21] [0][23] [0][25] [0][27] [0][29] [0][30] [0][33] [0][36] [0][39] [0][42] [0][43] [0][44] [0][46] [1][46] [2][46] [3][46] [3][44] [3][46] [4][46] [5][46] [5][44] [5][37] [5][36] [5][37] [5][44] [5][46] [6][46] [6][31] [6][24] [6][18] [6][7] [6][6] [6][0] [7][0] [7][7] [7][10] [7][14] [7][20] [7][21] [7][29] [7][33] [7][37] [7][46] [8][46] [9][46] [9][41] [9][46] [8][46] [8][39] [8][34] [8][33] [8][27] [8][26] [8][21] [8][19] [8][16] [8][0] [7][0] [6][0] [5][0] [4][0] [3][0] [3][13] [3][18] [3][24] [3][18] [3][13] [3][0] [2][0] [1][0] [0][0] 
[0][0] [0][0] [0][0] [0][2] [0][4] [0][5] [0][9] [0][10] [0][11] [0][12] [0][13] [0][17] [0][19] [0][21] [0][23] [0][24] [0][25] [0][26] [0][28] [0][30] [0][31] [0][32] [0][34] [0][36] [0][37] [0][38] [0][40] [0][41] [0][46] [1][46] [2][46] [3][46] [3][45] [3][36] [3][23] [3][10] [3][6] [3][0] [4][0] [4][2] [4][4] [4][10] [4][18] [4][25] [4][30] [4][35] [4][44] [4][46] [5][46] [5][43] [5][33] [5][43] [5][46] [6][46] [7][46] [7][35] [7][33] [7][21] [7][15] [7][12] [7][5] [7][1] [7][0] [6][0] [6][4] [6][9] [6][11] [6][9] [6][4] [6][0] [5][0] [5][2] [5][0] [4][0] [3][0] [2][0] [1][0] [0][0] 
[0][0] [0][0] [0][0] [0][2] [0][3] [0][5] [0][6] [0][7] [0][12] [0][14] [0][16] [0][18] [0][21] [0][22] [0][23] [0][24] [0][25] [0][27] [0][28] [0][29] [0][30] [0][31] [0][32] [0][37] [0][40] [0][41] [0][43] [0][44] [0][46] [1][46] [2][46] [3][46] [4][46] [4][25] [4][23] [4][17] [4][14] [4][10] [4][6] [4][0] [5][0] [5][2] [5][0] [6][0] [6][14] [6][18] [6][31] [6][46] [7][46] [7][35] [7][33] [7][35] [7][46] [8][46] [8][44] [8][46] [9][46] [9][29] [9][25] [9][20] [9][11] [9][9] [9][7] [9][0] [8][0] [8][2] [8][10] [8][17] [8][10] [8][2] [8][0] [7][0] [7][5] [7][6] [7][5] [7][0] [6][0] [5][0] [4][0] [3][0] [2][0] [1][0] [0][0] 
[0][0] [0][0] [0][0] [0][1] [0][2] [0][3] [0][5] [0][6] [0][7] [0][11] [0][13] [0][14] [0][16] [0][19] [0][22] [0][23] [0][25] [0][27] [0][31] [0][33] [0][36] [0][37] [0][42] [0][44] [0][45] [0][46] [1][46] [2][46] [3][46] [3][40] [3][18] [3][13] [3][0] [4][0] [4][7] [4][9] [4][13] [4][15] [4][27] [4][29] [4][36] [4][41] [4][44] [4][46] [5][46] [5][40] [5][30] [5][27] [5][18] [5][11] [5][5] [5][0] [6][0] [6][17] [6][22] [6][25] [6][37] [6][44] [6][46] [7][46] [7][36] [7][46] [8][46] [8][35] [8][32] [8][27] [8][22] [8][0] [7][0] [7][3] [7][0] [6][0] [5][0] [4][0] [3][0] [2][0] [1][0] [0][0] 
[0][0] [0][0] [0][0] [0][1] [0][2] [0][4] [0][8] [0][9] [0][12] [0][15] [0][18] [0][19] [0][21] [0][22] [0][26] [0][27] [0][28] [0][29] [0][31] [0][32] [0][38] [0][40] [0][42] [0][46] [1][46] [2][46] [3][46] [3][45] [3][46] [4][46] [4][43] [4][33] [4][26] [4][20] [4][10] [4][6] [4][0] [5][0] [5][1] [5][3] [5][5] [5][16] [5][17] [5][18] [5][17] [5][16] [5][5] [5][3] [5][1] [5][0] [6][0] [6][15] [6][18] [6][21] [6][22] [6][34] [6][38] [6][46] [7][46] [7][31] [7][46] [8][46] [9][46] [9][39] [9][46] [8][46] [8][36] [8][14] [8][0] [9][0] [9][6] [9][0] [8][0] [7][0] [6][0] [5][0] [4][0] [3][0] [3][3] [3][6] [3][10] [3][11] [3][13] [3][11] [3][10] [3][6] [3][3] [3][0] [2][0] [1][0] [0][0] 
[0][0] [0][0] [0][0] [0][2] [0][4] [0][7] [0][9] [0][12] [0][15] [0][17] [0][18] [0][20] [0][22] [0][23] [0][25] [0][26] [0][28] [0][29] [0][31] [0][33] [0][36] [0][37] [0][39] [0][43] [0][44] [0][45] [0][46] [1][46] [2][46] [3][46] [3][43] [3][29] [3][23] [3][29] [3][43] [3][46] [4][46] [4][42] [4][41] [4][33] [4][28] [4][27] [4][25] [4][22] [4][7] [4][0] [5][0] [5][15] [5][19] [5][20] [5][30] [5][38] [5][46] [6][46] [7][46] [7][45] [7][44] [7][42] [7][40] [7][42] [7][44] [7][45] [7][46] [8][46] [9][46] [9][27] [9][8] [9][0] [8][0] [7][0] [7][8] [7][12] [7][13] [7][12] [7][8] [7][0] [6][0] [5][0] [4][0] [3][0] [2][0] [1][0] [0][0] 
[0][0] [0][0] [0][0] [0][1] [0][2] [0][4] [0][7] [0][8] [0][9] [0][10] [0][14] [0][16] [0][17] [0][20] [0][22] [0][23] [0][25] [0][26] [0][29] [0][31] [0][34] [0][35] [0][37] [0][38] [0][41] [0][43] [0][45] [0][46] [1][46] [2][46] [3][46] [3][45] [3][46] [4][46] [4][42] [4][30] [4][29] [4][19] [4][16] [4][11] [4][0] [5][0] [5][5] [5][13] [5][15] [5][32] [5][34] [5][36] [5][46] [6][46] [7][46] [7][41] [7][32] [7][41] [7][46] [8][46] [8][44] [8][46] [9][46] [9][39] [9][30] [9][26] [9][14] [9][12] [9][0] [8][0] [8][6] [8][12] [8][6] [8][0] [7][0] [6][0] [6][7] [6][8] [6][9] [6][13] [6][18] [6][24] [6][18] [6][13] [6][9] [6][8] [6][7] [6][0] [5][0] [4][0] [3][0] [3][8] [3][11] [3][13] [3][14] [3][13] [3][11] [3][8] [3][0] [2][0] [1][0] [0][0] 
[0][0] [0][0] [0][0] [0][1] [0][4] [0][5] [0][6] [0][7] [0][8] [0][9] [0][10] [0][11] [0][12] [0][13] [0][16] [0][17] [0][19] [0][20] [0][21] [0][22] [0][23] [0][24] [0][28] [0][29] [0][31] [0][32] [0][38] [0][39] [0][40] [0][44] [0][46] [1][46] [2][46] [3][46] [4][46] [4][45] [4][46] [3][46] [3][36] [3][34] [3][29] [3][22] [3][15] [3][7] [3][0] [4][0] [4][4] [4][11] [4][4] [4][0] [5][0] [6][0] [6][9] [6][17] [6][21] [6][30] [6][46] [7][46] [7][45] [7][46] [8][46] [8][35] [8][21] [8][20] [8][18] [8][20] [8][21] [8][35] [8][46] [9][46] [9][39] [9][26] [9][23] [9][10] [9][2] [9][0] [8][0] [7][0] [7][1] [7][7] [7][1] [7][0] [6][0] [5][0] [4][0] [3][0] [2][0] [1][0] [0][0] 
[0][0] [0][0] [0][0] [0][1] [0][2] [0][4] [0][6] [0][7] [0][8] [0][9] [0][10] [0][14] [0][15] [0][16] [0][17] [0][18] [0][19] [0][20] [0][21] [0][22] [0][24] [0][25] [0][26] [0][31] [0][35] [0][37] [0][40] [0][41] [0][42] [0][44] [0][45] [0][46] [1][46] [2][46] [3][46] [4][46] [4][42] [4][37] [4][31] [4][29] [4][31] [4][37] [4][42] [4][46] [5][46] [5][37] [5][36] [5][32] [5][36] [5][37] [5][46] [6][46] [7][46] [8][46] [8][41] [8][30] [8][22] [8][30] [8][41] [8][46] [9][46] [9][41] [9][36] [9][28] [9][17] [9][3] [9][0] [8][0] [8][2] [8][3] [8][2] [8][0] [7][0] [7][6] [7][0] [6][0] [6][2] [6][3] [6][2] [6][0] [5][0] [4][0] [3][0] [2][0] [1][0] [0][0] 
[0][0] [0][0] [0][0] [0][3] [0][7] [0][10] [0][12] [0][13] [0][14] [0][15] [0][17] [0][19] [0][20] [0][21] [0][22] [0][23] [0][24] [0][25] [0][26] [0][27] [0][29] [0][32] [0][35] [0][36] [0][37] [0][42] [0][44] [0][46] [1][46] [2][46] [3][46] [4][46] [4][37] [4][29] [4][23] [4][15] [4][4] [4][0] [5][0] [5][8] [5][16] [5][23] [5][30] [5][33] [5][34] [5][35] [5][36] [5][46] [6][46] [6][33] [6][25] [6][22] [6][19] [6][0] [7][0] [7][15] [7][23] [7][26] [7][38] [7][46] [8][46] [9][46] [9][44] [9][39] [9][29] [9][28] [9][3] [9][0] [8][0] [8][14] [8][17] [8][14] [8][0] [7][0] [6][0] [5][0] [4][0] [3][0] [2][0] [1][0] [0][0] 
[0][0] [0][0] [0][0] [0][5] [0][9] [0][10] [0][16] [0][17] [0][18] [0][19] [0][20] [0][24] [0][29] [0][30] [0][31] [0][32] [0][33] [0][36] [0][37] [0][39] [0][42] [0][44] [0][46] [1][46] [2][46] [3][46] [3][39] [3][31] [3][30] [3][22] [3][13] [3][4] [3][3] [3][0] [4][0] [4][17] [4][28] [4][32] [4][46] [5][46] [5][34] [5][26] [5][15] [5][13] [5][0] [6][0] [6][13] [6][17] [6][18] [6][30] [6][32] [6][46] [7][46] [8][46] [8][44] [8][46] [7][46] [7][36] [7][17] [7][12] [7][7] [7][0] [8][0] [8][6] [8][11] [8][13] [8][11] [8][6] [8][0] [9][0] [9][1] [9][9] [9][1] [9][0] [8][0] [7][0] [6][0] [5][0] [4][0] [3][0] [2][0] [1][0] [0][0] 
[0][0] [0][0] [0][0] [0][1] [0][5] [0][6] [0][12] [0][13] [0][14] [0][15] [0][16] [0][18] [0][20] [0][22] [0][24] [0][25] [0][27] [0][28] [0][31] [0][34] [0][35] [0][36] [0][37] [0][38] [0][40] [0][44] [0][46] [1][46] [2][46] [3][46] [3][41] [3][40] [3][36] [3][19] [3][2] [3][0] [4][0] [4][16] [4][17] [4][19] [4][35] [4][38] [4][46] [5][46] [5][44] [5][46] [6][46] [7][46] [8][46] [9][46] [9][45] [9][44] [9][43] [9][31] [9][28] [9][25] [9][20] [9][16] [9][6] [9][0] [8][0] [8][5] [8][10] [8][22] [8][24] [8][22] [8][10] [8][5] [8][0] [7][0] [6][0] [5][0] [5][6] [5][0] [4][0] [3][0] [2][0] [1][0] [0][0] 
[0][0] [0][0] [0][0] [0][2] [0][3] [0][5] [0][7] [0][8] [0][12] [0][13] [0][15] [0][18] [0][19] [0][20] [0][21] [0][25] [0][27] [0][28] [0][31] [0][32] [0][33] [0][34] [0][35] [0][37] [0][38] [0][39] [0][42] [0][43] [0][46] [1][46] [2][46] [3][46] [3][40] [3][35] [3][32] [3][29] [3][28] [3][22] [3][0] [4][0] [4][9] [4][17] [4][24] [4][45] [4][46] [5][46] [6][46] [6][26] [6][20] [6][15] [6][14] [6][0] [7][0] [8][0] [8][16] [8][23] [8][28] [8][30] [8][42] [8][46] [9][46] [9][37] [9][27] [9][13] [9][0] [8][0] [7][0] [6][0] [5][0] [5][7] [5][12] [5][7] [5][0] [4][0] [3][0] [2][0] [1][0] [0][0] 
[0][0] [0][0] [0][0] [0][2] [0][3] [0][7] [0][8] [0][9] [0][12] [0][15] [0][16] [0][17] [0][19] [0][20] [0][22] [0][26] [0][29] [0][34] [0][35] [0][37] [0][38] [0][40] [0][45] [0][46] [1][46] [2][46] [3][46] [3][43] [3][35] [3][32] [3][31] [3][29] [3][31] [3][32] [3][35] [3][43] [3][46] [4][46] [4][45] [4][41] [4][40] [4][36] [4][21] [4][18] [4][0] [5][0] [5][3] [5][6] [5][9] [5][17] [5][23] [5][46] [6][46] [7][46] [7][29] [7][27] [7][10] [7][3] [7][1] [7][0] [8][0] [8][5] [8][13] [8][25] [8][36] [8][42] [8][46] [9][46] [9][38] [9][28] [9][24] [9][22] [9][21] [9][16] [9][15] [9][9] [9][0] [8][0] [7][0] [6][0] [5][0] [4][0] [3][0] [2][0] [1][0] [0][0] 
[0][0] [0][0] [0][0] [0][2] [0][4] [0][7] [0][9] [0][10] [0][11] [0][13] [0][14] [0][15] [0][18] [0][19] [0][22] [0][30] [0][35] [0][36] [0][37] [0][38] [0][40] [0][42] [0][46] [1][46] [2][46] [3][46] [4][46] [5][46] [5][45] [5][44] [5][43] [5][44] [5][45] [5][46] [6][46] [6][44] [6][46] [7][46] [7][44] [7][46] [8][46] [8][33] [8][30] [8][22] [8][17] [8][16] [8][0] [7][0] [6][0] [6][1] [6][0] [7][0] [8][0] [9][0] [9][1] [9][2] [9][3] [9][17] [9][29] [9][36] [9][37] [9][46] [8][46] [7][46] [6][46] [5][46] [4][46] [3][46] [3][44] [3][27] [3][22] [3][17] [3][13] [3][9] [3][8] [3][6] [3][2] [3][0] [2][0] [1][0] [0][0] 
[0][0] [0][0] [0][0] [0][1] [0][2] [0][3] [0][4] [0][7] [0][8] [0][9] [0][11] [0][12] [0][13] [0][14] [0][15] [0][17] [0][18] [0][20] [0][21] [0][22] [0][24] [0][26] [0][27] [0][34] [0][36] [0][39] [0][41] [0][42] [0][43] [0][45] [0][46] [1][46] [2][46] [3][46] [3][45] [3][42] [3][35] [3][29] [3][22] [3][17] [3][0] [4][0] [4][3] [4][0] [5][0] [5][6] [5][19] [5][24] [5][45] [5][46] [6][46] [6][41] [6][31] [6][28] [6][22] [6][20] [6][9] [6][6] [6][3] [6][0] [7][0] [7][2] [7][9] [7][35] [7][46] [8][46] [9][46] [9][45] [9][46] [8][46] [8][23] [8][0] [7][0] [6][0] [5][0] [4][0] [3][0] [2][0] [1][0] [0][0] 
[0][0] [0][0] [0][0] [0][3] [0][5] [0][7] [0][8] [0][12] [0][15] [0][17] [0][18] [0][19] [0][20] [0][21] [0][24] [0][25] [0][26] [0][28] [0][31] [0][32] [0][35] [0][37] [0][38] [0][39] [0][41] [0][45] [0][46] [1][46] [2][46] [3][46] [4][46] [4][36] [4][31] [4][27] [4][17] [4][13] [4][11] [4][0] [5][0] [5][2] [5][14] [5][15] [5][14] [5][2] [5][0] [6][0] [6][16] [6][20] [6][28] [6][20] [6][16] [6][0] [7][0] [7][17] [7][18] [7][24] [7][30] [7][41] [7][46] [8][46] [8][34] [8][26] [8][20] [8][10] [8][6] [8][0] [9][0] [9][1] [9][9] [9][14] [9][16] [9][14] [9][9] [9][1] [9][0] [8][0] [7][0] [6][0] [5][0] [4][0] [3][0] [3][7] [3][13] [3][7] [3][0] [2][0] [1][0] [0][0] 
[0][0] [0][0] [0][0] [0][2] [0][6] [0][7] [0][10] [0][11] [0][13] [0][19] [0][21] [0][23] [0][29] [0][30] [0][32] [0][34] [0][39] [0][41] [0][42] [0][45] [0][46] [1][46] [2][46] [3][46] [3][32] [3][29] [3][26] [3][14] [3][10] [3][0] [4][0] [5][0] [5][2] [5][3] [5][13] [5][30] [5][39] [5][44] [5][46] [6][46] [7][46] [7][35] [7][27] [7][35] [7][46] [8][46] [8][42] [8][37] [8][25] [8][16] [8][14] [8][11] [8][0] [9][0] [9][2] [9][5] [9][8] [9][9] [9][11] [9][13] [9][14] [9][21] [9][31] [9][36] [9][38] [9][46] [8][46] [7][46] [6][46] [6][45] [6][42] [6][33] [6][31] [6][24] [6][22] [6][21] [6][20] [6][19] [6][0] [5][0] [4][0] [3][0] [2][0] [1][0] [0][0] 
[0][0] [0][0] [0][0] [0][1] [0][2] [0][3] [0][4] [0][6] [0][7] [0][8] [0][9] [0][11] [0][13] [0][15] [0][16] [0][21] [0][26] [0][29] [0][31] [0][33] [0][34] [0][35] [0][37] [0][38] [0][40] [0][42] [0][46] [1][46] [2][46] [3][46] [3][25] [3][13] [3][8] [3][6] [3][0] [4][0] [4][10] [4][16] [4][22] [4][29] [4][41] [4][43] [4][46] [5][46] [5][38] [5][46] [6][46] [6][41] [6][30] [6][29] [6][26] [6][22] [6][10] [6][0] [7][0] [7][2] [7][8] [7][16] [7][46] [8][46] [9][46] [9][42] [9][39] [9][42] [9][46] [8][46] [8][41] [8][22] [8][20] [8][17] [8][0] [7][0] [6][0] [5][0] [5][3] [5][4] [5][5] [5][4] [5][3] [5][0] [4][0] [3][0] [2][0] [1][0] [0][0] 
