14068
564.093
/home/fflorenci/jobprp_ga/reduced_instances/henn/abc1/reduced_warehouse_61.lyt
/home/fflorenci/jobprp_ga/reduced_instances/henn/abc1/reduced_warehouse_61s-80-30-0.ord
80
30
10
340
120
1
23 20 5 7 10 16 20 19 14 21 17 22 17 20 13 16 15 12 6 9 16 16 17 22 18 9 15 6 22 17 10 11 21 16 7 13 5 11 9 18 13 8 6 18 14 16 12 22 10 21 21 18 22 7 9 10 23 8 18 21 20 8 22 18 14 15 15 15 18 11 7 21 20 15 20 15 23 18 7 15 
45
18 27 61 78 
10 70 2 
33 34 42 
38 15 36 
50 19 
66 67 
16 65 
72 30 
4 74 
43 37 
29 31 
59 3 
1 48 
62 41 
44 45 
9 57 
77 17 
7 55 
12 35 
26 79 
23 53 
20 64 
5 40 
21 8 
51 25 
22 14 
73 75 
39 46 
6 54 
63 69 
47 
52 
13 
60 
11 
32 
0 
56 
28 
68 
24 
76 
58 
49 
71 
254
252
320
286
378
378
304
380
252
318
268
312
352
398
314
332
330
354
372
316
380
318
262
358
288
350
300
334
362
318
268
278
252
246
322
284
366
278
270
274
284
306
300
260
340
[0][0] [0][0] [0][0] [0][5] [0][9] [0][12] [0][13] [0][14] [0][15] [0][16] [0][19] [0][25] [0][27] [0][34] [0][36] [0][37] [0][44] [0][46] [1][46] [2][46] [3][46] [4][46] [4][43] [4][39] [4][27] [4][9] [4][4] [4][3] [4][0] [5][0] [6][0] [6][1] [6][0] [7][0] [7][6] [7][21] [7][6] [7][0] [8][0] [8][18] [8][0] [7][0] [6][0] [5][0] [4][0] [3][0] [3][2] [3][0] [2][0] [1][0] [0][0] 
[0][0] [0][0] [0][0] [0][1] [0][7] [0][17] [0][18] [0][20] [0][21] [0][25] [0][27] [0][32] [0][36] [0][37] [0][38] [0][39] [0][40] [0][46] [1][46] [2][46] [3][46] [3][36] [3][35] [3][30] [3][35] [3][36] [3][46] [4][46] [5][46] [6][46] [7][46] [7][43] [7][42] [7][43] [7][46] [8][46] [8][37] [8][27] [8][13] [8][9] [8][7] [8][0] [7][0] [6][0] [5][0] [5][1] [5][0] [4][0] [4][12] [4][18] [4][22] [4][18] [4][12] [4][0] [3][0] [2][0] [1][0] [0][0] 
[0][0] [0][0] [0][0] [0][9] [0][11] [0][13] [0][16] [0][21] [0][30] [0][33] [0][35] [0][36] [0][40] [0][43] [0][45] [0][46] [1][46] [2][46] [3][46] [4][46] [5][46] [5][41] [5][46] [6][46] [7][46] [7][31] [7][25] [7][20] [7][0] [8][0] [8][18] [8][25] [8][26] [8][29] [8][46] [9][46] [9][41] [9][31] [9][21] [9][0] [8][0] [7][0] [6][0] [5][0] [5][10] [5][0] [4][0] [3][0] [3][2] [3][5] [3][7] [3][11] [3][7] [3][5] [3][2] [3][0] [2][0] [1][0] [0][0] 
[0][0] [0][0] [0][0] [0][1] [0][3] [0][4] [0][9] [0][10] [0][11] [0][21] [0][27] [0][29] [0][31] [0][35] [0][36] [0][46] [1][46] [2][46] [3][46] [4][46] [4][45] [4][46] [5][46] [5][42] [5][14] [5][11] [5][6] [5][0] [6][0] [7][0] [7][4] [7][0] [8][0] [8][4] [8][0] [9][0] [9][16] [9][39] [9][46] [8][46] [7][46] [6][46] [6][44] [6][46] [5][46] [4][46] [3][46] [3][45] [3][32] [3][18] [3][0] [2][0] [1][0] [0][0] 
[0][0] [0][0] [0][0] [0][2] [0][9] [0][13] [0][15] [0][17] [0][20] [0][23] [0][33] [0][38] [0][40] [0][45] [0][46] [1][46] [2][46] [3][46] [4][46] [5][46] [6][46] [6][41] [6][33] [6][41] [6][46] [7][46] [7][36] [7][20] [7][15] [7][13] [7][0] [8][0] [8][13] [8][19] [8][24] [8][19] [8][13] [8][0] [9][0] [9][8] [9][9] [9][8] [9][0] [8][0] [7][0] [6][0] [5][0] [5][8] [5][12] [5][21] [5][12] [5][8] [5][0] [4][0] [4][10] [4][0] [3][0] [3][8] [3][23] [3][8] [3][0] [2][0] [1][0] [0][0] 
[0][0] [0][0] [0][0] [0][4] [0][5] [0][6] [0][8] [0][9] [0][14] [0][15] [0][23] [0][34] [0][40] [0][43] [0][46] [1][46] [2][46] [3][46] [3][45] [3][40] [3][37] [3][35] [3][37] [3][40] [3][45] [3][46] [4][46] [5][46] [5][23] [5][20] [5][0] [6][0] [6][3] [6][18] [6][20] [6][24] [6][46] [7][46] [7][41] [7][46] [8][46] [9][46] [9][35] [9][18] [9][0] [8][0] [8][19] [8][0] [7][0] [6][0] [5][0] [4][0] [4][5] [4][21] [4][5] [4][0] [3][0] [2][0] [1][0] [0][0] 
[0][0] [0][0] [0][0] [0][5] [0][7] [0][8] [0][10] [0][12] [0][14] [0][16] [0][29] [0][32] [0][33] [0][37] [0][39] [0][41] [0][46] [1][46] [2][46] [3][46] [3][23] [3][14] [3][0] [4][0] [4][1] [4][23] [4][24] [4][29] [4][35] [4][46] [5][46] [6][46] [7][46] [8][46] [9][46] [9][38] [9][30] [9][25] [9][13] [9][0] [8][0] [7][0] [6][0] [6][1] [6][0] [5][0] [5][13] [5][16] [5][13] [5][0] [4][0] [3][0] [2][0] [1][0] [0][0] 
[0][0] [0][0] [0][0] [0][1] [0][7] [0][11] [0][16] [0][18] [0][23] [0][30] [0][35] [0][37] [0][39] [0][42] [0][43] [0][46] [1][46] [2][46] [3][46] [4][46] [4][34] [4][27] [4][26] [4][27] [4][34] [4][46] [5][46] [5][45] [5][38] [5][30] [5][20] [5][0] [6][0] [6][18] [6][35] [6][46] [7][46] [7][34] [7][25] [7][21] [7][0] [8][0] [8][2] [8][10] [8][2] [8][0] [9][0] [9][2] [9][0] [8][0] [7][0] [6][0] [5][0] [4][0] [3][0] [3][8] [3][20] [3][24] [3][20] [3][8] [3][0] [2][0] [1][0] [0][0] 
[0][0] [0][0] [0][0] [0][4] [0][5] [0][12] [0][13] [0][15] [0][16] [0][21] [0][22] [0][23] [0][27] [0][29] [0][30] [0][31] [0][33] [0][37] [0][39] [0][41] [0][42] [0][46] [1][46] [2][46] [3][46] [4][46] [5][46] [6][46] [7][46] [8][46] [8][40] [8][46] [9][46] [9][41] [9][26] [9][22] [9][3] [9][0] [8][0] [7][0] [6][0] [6][1] [6][0] [5][0] [4][0] [4][10] [4][21] [4][30] [4][21] [4][10] [4][0] [3][0] [2][0] [1][0] [0][0] 
[0][0] [0][0] [0][0] [0][7] [0][11] [0][12] [0][19] [0][27] [0][32] [0][35] [0][43] [0][44] [0][46] [1][46] [2][46] [3][46] [4][46] [5][46] [5][35] [5][26] [5][10] [5][9] [5][5] [5][0] [6][0] [6][9] [6][12] [6][13] [6][12] [6][9] [6][0] [7][0] [7][29] [7][32] [7][42] [7][46] [8][46] [8][37] [8][35] [8][34] [8][35] [8][37] [8][46] [9][46] [9][39] [9][37] [9][16] [9][12] [9][10] [9][0] [8][0] [7][0] [6][0] [5][0] [4][0] [3][0] [2][0] [1][0] [0][0] 
[0][0] [0][0] [0][0] [0][2] [0][13] [0][18] [0][19] [0][21] [0][25] [0][31] [0][34] [0][39] [0][40] [0][44] [0][45] [0][46] [1][46] [2][46] [3][46] [3][45] [3][46] [4][46] [4][38] [4][46] [5][46] [5][36] [5][46] [6][46] [7][46] [7][41] [7][29] [7][28] [7][10] [7][0] [8][0] [8][7] [8][0] [7][0] [6][0] [6][11] [6][20] [6][26] [6][20] [6][11] [6][0] [5][0] [4][0] [3][0] [2][0] [1][0] [0][0] 
[0][0] [0][0] [0][0] [0][1] [0][2] [0][8] [0][16] [0][21] [0][30] [0][32] [0][33] [0][36] [0][38] [0][45] [0][46] [1][46] [2][46] [3][46] [4][46] [5][46] [6][46] [7][46] [7][39] [7][34] [7][32] [7][34] [7][39] [7][46] [8][46] [8][45] [8][46] [9][46] [9][37] [9][32] [9][37] [9][46] [8][46] [7][46] [6][46] [5][46] [4][46] [4][36] [4][26] [4][22] [4][14] [4][0] [5][0] [5][4] [5][22] [5][4] [5][0] [6][0] [6][4] [6][6] [6][4] [6][0] [5][0] [4][0] [3][0] [3][2] [3][0] [2][0] [1][0] [0][0] 
[0][0] [0][0] [0][0] [0][2] [0][3] [0][7] [0][9] [0][13] [0][14] [0][17] [0][21] [0][28] [0][32] [0][40] [0][41] [0][42] [0][45] [0][46] [1][46] [2][46] [3][46] [4][46] [4][32] [4][27] [4][14] [4][0] [5][0] [5][7] [5][11] [5][7] [5][0] [6][0] [6][3] [6][10] [6][32] [6][43] [6][46] [7][46] [7][32] [7][27] [7][32] [7][46] [8][46] [9][46] [9][44] [9][19] [9][0] [8][0] [8][6] [8][12] [8][6] [8][0] [7][0] [6][0] [5][0] [4][0] [3][0] [2][0] [1][0] [0][0] 
[0][0] [0][0] [0][0] [0][1] [0][5] [0][9] [0][11] [0][15] [0][19] [0][20] [0][28] [0][29] [0][35] [0][37] [0][39] [0][41] [0][42] [0][46] [1][46] [2][46] [3][46] [3][25] [3][17] [3][0] [4][0] [4][13] [4][22] [4][44] [4][46] [5][46] [5][40] [5][46] [6][46] [6][35] [6][31] [6][35] [6][46] [7][46] [7][38] [7][29] [7][10] [7][0] [8][0] [8][8] [8][30] [8][46] [9][46] [9][25] [9][23] [9][0] [8][0] [7][0] [6][0] [5][0] [4][0] [3][0] [2][0] [1][0] [0][0] 
[0][0] [0][0] [0][0] [0][1] [0][5] [0][7] [0][13] [0][15] [0][16] [0][21] [0][23] [0][24] [0][32] [0][33] [0][37] [0][39] [0][43] [0][46] [1][46] [2][46] [3][46] [4][46] [4][42] [4][38] [4][42] [4][46] [5][46] [5][33] [5][46] [6][46] [6][37] [6][46] [7][46] [7][33] [7][46] [8][46] [9][46] [9][17] [9][15] [9][4] [9][0] [8][0] [8][2] [8][0] [7][0] [6][0] [6][5] [6][0] [5][0] [4][0] [3][0] [3][13] [3][21] [3][13] [3][0] [2][0] [1][0] [0][0] 
[0][0] [0][0] [0][0] [0][2] [0][3] [0][4] [0][7] [0][12] [0][16] [0][23] [0][28] [0][29] [0][32] [0][33] [0][38] [0][40] [0][46] [1][46] [2][46] [3][46] [4][46] [5][46] [5][40] [5][46] [6][46] [6][45] [6][46] [7][46] [8][46] [8][28] [8][12] [8][7] [8][5] [8][0] [9][0] [9][17] [9][0] [8][0] [7][0] [7][17] [7][0] [6][0] [6][4] [6][12] [6][13] [6][12] [6][4] [6][0] [5][0] [4][0] [3][0] [3][16] [3][24] [3][16] [3][0] [2][0] [1][0] [0][0] 
[0][0] [0][0] [0][0] [0][3] [0][12] [0][14] [0][17] [0][19] [0][24] [0][25] [0][27] [0][28] [0][30] [0][37] [0][45] [0][46] [1][46] [2][46] [3][46] [3][45] [3][39] [3][45] [3][46] [4][46] [4][40] [4][36] [4][33] [4][27] [4][7] [4][2] [4][0] [5][0] [6][0] [6][2] [6][10] [6][22] [6][25] [6][36] [6][46] [7][46] [8][46] [9][46] [9][43] [9][16] [9][0] [8][0] [8][20] [8][0] [7][0] [7][1] [7][4] [7][1] [7][0] [6][0] [5][0] [4][0] [3][0] [2][0] [1][0] [0][0] 
[0][0] [0][0] [0][0] [0][2] [0][7] [0][13] [0][16] [0][17] [0][19] [0][21] [0][22] [0][27] [0][43] [0][45] [0][46] [1][46] [2][46] [3][46] [4][46] [4][38] [4][46] [5][46] [5][19] [5][2] [5][0] [6][0] [6][3] [6][5] [6][13] [6][5] [6][3] [6][0] [7][0] [7][2] [7][15] [7][18] [7][15] [7][2] [7][0] [8][0] [9][0] [9][4] [9][0] [8][0] [8][16] [8][35] [8][37] [8][46] [7][46] [6][46] [5][46] [4][46] [3][46] [3][27] [3][20] [3][12] [3][3] [3][0] [2][0] [1][0] [0][0] 
[0][0] [0][0] [0][0] [0][3] [0][7] [0][14] [0][17] [0][18] [0][19] [0][24] [0][25] [0][31] [0][33] [0][34] [0][36] [0][38] [0][44] [0][45] [0][46] [1][46] [2][46] [3][46] [4][46] [4][26] [4][20] [4][6] [4][0] [5][0] [5][12] [5][0] [6][0] [6][8] [6][30] [6][33] [6][46] [7][46] [7][42] [7][40] [7][34] [7][40] [7][42] [7][46] [8][46] [9][46] [9][30] [9][46] [8][46] [8][26] [8][15] [8][0] [7][0] [6][0] [5][0] [4][0] [3][0] [3][13] [3][0] [2][0] [1][0] [0][0] 
[0][0] [0][0] [0][0] [0][2] [0][3] [0][7] [0][8] [0][13] [0][14] [0][17] [0][20] [0][22] [0][32] [0][38] [0][42] [0][46] [1][46] [2][46] [3][46] [3][37] [3][30] [3][14] [3][9] [3][0] [4][0] [5][0] [5][23] [5][34] [5][46] [6][46] [7][46] [8][46] [8][42] [8][46] [9][46] [9][42] [9][41] [9][42] [9][46] [8][46] [7][46] [7][31] [7][28] [7][27] [7][23] [7][22] [7][9] [7][6] [7][0] [8][0] [9][0] [9][6] [9][0] [8][0] [7][0] [6][0] [5][0] [4][0] [3][0] [2][0] [1][0] [0][0] 
[0][0] [0][0] [0][0] [0][1] [0][4] [0][5] [0][12] [0][15] [0][31] [0][33] [0][40] [0][45] [0][46] [1][46] [2][46] [3][46] [4][46] [4][29] [4][27] [4][16] [4][0] [5][0] [6][0] [6][9] [6][15] [6][20] [6][15] [6][9] [6][0] [7][0] [7][21] [7][33] [7][34] [7][46] [8][46] [9][46] [9][45] [9][41] [9][45] [9][46] [8][46] [8][34] [8][29] [8][4] [8][2] [8][0] [9][0] [9][5] [9][0] [8][0] [7][0] [6][0] [5][0] [4][0] [3][0] [3][15] [3][21] [3][15] [3][0] [2][0] [1][0] [0][0] 
[0][0] [0][0] [0][0] [0][1] [0][4] [0][5] [0][13] [0][14] [0][17] [0][23] [0][26] [0][33] [0][34] [0][36] [0][37] [0][38] [0][39] [0][41] [0][43] [0][44] [0][46] [1][46] [2][46] [3][46] [4][46] [5][46] [6][46] [6][45] [6][46] [7][46] [7][35] [7][46] [8][46] [8][39] [8][46] [9][46] [9][23] [9][9] [9][1] [9][0] [8][0] [8][10] [8][0] [7][0] [6][0] [6][5] [6][13] [6][17] [6][13] [6][5] [6][0] [5][0] [5][18] [5][26] [5][18] [5][0] [4][0] [3][0] [2][0] [1][0] [0][0] 
[0][0] [0][0] [0][0] [0][1] [0][2] [0][3] [0][5] [0][14] [0][15] [0][16] [0][17] [0][19] [0][23] [0][25] [0][30] [0][31] [0][32] [0][36] [0][40] [0][45] [0][46] [1][46] [2][46] [3][46] [3][38] [3][46] [4][46] [5][46] [6][46] [7][46] [8][46] [8][45] [8][40] [8][45] [8][46] [7][46] [6][46] [6][39] [6][16] [6][0] [7][0] [7][9] [7][0] [6][0] [5][0] [5][17] [5][20] [5][17] [5][0] [4][0] [3][0] [2][0] [1][0] [0][0] 
[0][0] [0][0] [0][0] [0][3] [0][5] [0][6] [0][12] [0][15] [0][16] [0][23] [0][27] [0][28] [0][34] [0][39] [0][46] [1][46] [2][46] [3][46] [3][28] [3][46] [4][46] [5][46] [6][46] [6][45] [6][46] [7][46] [7][36] [7][35] [7][36] [7][46] [8][46] [9][46] [9][41] [9][46] [8][46] [8][20] [8][9] [8][0] [7][0] [6][0] [6][15] [6][16] [6][15] [6][0] [5][0] [5][6] [5][19] [5][6] [5][0] [4][0] [4][21] [4][23] [4][21] [4][0] [3][0] [2][0] [1][0] [0][0] 
[0][0] [0][0] [0][0] [0][2] [0][7] [0][9] [0][15] [0][17] [0][18] [0][24] [0][27] [0][28] [0][32] [0][35] [0][38] [0][39] [0][43] [0][46] [1][46] [2][46] [3][46] [3][41] [3][37] [3][27] [3][37] [3][41] [3][46] [4][46] [4][31] [4][21] [4][0] [5][0] [5][2] [5][0] [6][0] [6][25] [6][37] [6][46] [7][46] [7][39] [7][31] [7][24] [7][16] [7][0] [6][0] [5][0] [4][0] [3][0] [2][0] [1][0] [0][0] 
[0][0] [0][0] [0][0] [0][1] [0][3] [0][13] [0][16] [0][17] [0][21] [0][23] [0][28] [0][30] [0][33] [0][34] [0][42] [0][45] [0][46] [1][46] [2][46] [3][46] [4][46] [4][40] [4][28] [4][5] [4][0] [5][0] [5][22] [5][33] [5][46] [6][46] [7][46] [8][46] [8][36] [8][33] [8][36] [8][46] [9][46] [9][44] [9][40] [9][31] [9][22] [9][9] [9][7] [9][0] [8][0] [7][0] [7][13] [7][0] [6][0] [5][0] [4][0] [3][0] [3][10] [3][15] [3][10] [3][0] [2][0] [1][0] [0][0] 
[0][0] [0][0] [0][0] [0][1] [0][4] [0][13] [0][14] [0][17] [0][19] [0][22] [0][23] [0][24] [0][25] [0][36] [0][38] [0][42] [0][44] [0][46] [1][46] [2][46] [3][46] [3][31] [3][23] [3][15] [3][1] [3][0] [4][0] [4][16] [4][0] [5][0] [5][19] [5][20] [5][28] [5][34] [5][37] [5][46] [6][46] [7][46] [7][42] [7][46] [8][46] [8][26] [8][5] [8][1] [8][0] [7][0] [6][0] [6][1] [6][0] [5][0] [4][0] [3][0] [2][0] [1][0] [0][0] 
[0][0] [0][0] [0][0] [0][1] [0][2] [0][4] [0][8] [0][9] [0][15] [0][16] [0][17] [0][22] [0][29] [0][32] [0][33] [0][36] [0][38] [0][46] [1][46] [2][46] [3][46] [4][46] [4][32] [4][46] [5][46] [5][36] [5][34] [5][32] [5][34] [5][36] [5][46] [6][46] [7][46] [8][46] [8][42] [8][46] [9][46] [9][30] [9][6] [9][0] [8][0] [7][0] [7][17] [7][0] [6][0] [6][4] [6][0] [5][0] [5][5] [5][0] [4][0] [4][3] [4][0] [3][0] [3][15] [3][19] [3][15] [3][0] [2][0] [1][0] [0][0] 
[0][0] [0][0] [0][0] [0][1] [0][21] [0][24] [0][28] [0][32] [0][34] [0][40] [0][42] [0][44] [0][46] [1][46] [2][46] [3][46] [3][44] [3][36] [3][44] [3][46] [4][46] [4][35] [4][25] [4][21] [4][13] [4][10] [4][0] [5][0] [5][3] [5][22] [5][25] [5][28] [5][46] [6][46] [6][33] [6][26] [6][33] [6][46] [7][46] [8][46] [8][44] [8][38] [8][13] [8][2] [8][0] [7][0] [7][21] [7][0] [6][0] [5][0] [4][0] [3][0] [3][2] [3][0] [2][0] [1][0] [0][0] 
[0][0] [0][0] [0][0] [0][1] [0][6] [0][7] [0][19] [0][20] [0][24] [0][26] [0][27] [0][28] [0][29] [0][35] [0][38] [0][41] [0][46] [1][46] [2][46] [3][46] [4][46] [5][46] [5][40] [5][46] [6][46] [6][44] [6][40] [6][31] [6][21] [6][16] [6][15] [6][7] [6][3] [6][0] [7][0] [7][18] [7][0] [8][0] [8][23] [8][0] [7][0] [6][0] [5][0] [5][14] [5][0] [4][0] [4][14] [4][0] [3][0] [2][0] [1][0] [0][0] 
[0][0] [0][0] [0][0] [0][2] [0][3] [0][4] [0][7] [0][12] [0][22] [0][29] [0][30] [0][33] [0][34] [0][41] [0][46] [1][46] [2][46] [3][46] [4][46] [5][46] [5][38] [5][25] [5][38] [5][46] [6][46] [6][45] [6][33] [6][45] [6][46] [7][46] [8][46] [8][41] [8][46] [9][46] [9][45] [9][34] [9][20] [9][0] [8][0] [8][6] [8][0] [7][0] [7][2] [7][0] [6][0] [5][0] [4][0] [3][0] [2][0] [1][0] [0][0] 
[0][0] [0][0] [0][0] [0][5] [0][6] [0][10] [0][12] [0][18] [0][19] [0][24] [0][26] [0][28] [0][32] [0][33] [0][36] [0][37] [0][43] [0][46] [1][46] [2][46] [3][46] [4][46] [5][46] [6][46] [7][46] [7][42] [7][46] [8][46] [8][43] [8][46] [9][46] [9][23] [9][15] [9][0] [8][0] [7][0] [7][5] [7][0] [6][0] [6][21] [6][0] [5][0] [4][0] [4][10] [4][18] [4][10] [4][0] [3][0] [2][0] [1][0] [0][0] 
[0][0] [0][0] [0][0] [0][6] [0][7] [0][13] [0][17] [0][21] [0][31] [0][35] [0][40] [0][42] [0][43] [0][46] [1][46] [2][46] [3][46] [3][37] [3][46] [4][46] [5][46] [6][46] [6][45] [6][35] [6][45] [6][46] [7][46] [7][44] [7][15] [7][8] [7][0] [8][0] [8][6] [8][0] [7][0] [6][0] [5][0] [4][0] [3][0] [3][12] [3][16] [3][17] [3][16] [3][12] [3][0] [2][0] [1][0] [0][0] 
[0][0] [0][0] [0][0] [0][1] [0][3] [0][7] [0][8] [0][10] [0][17] [0][22] [0][27] [0][28] [0][29] [0][33] [0][35] [0][46] [1][46] [2][46] [3][46] [4][46] [4][45] [4][46] [5][46] [5][27] [5][46] [6][46] [7][46] [8][46] [8][45] [8][46] [7][46] [7][21] [7][11] [7][0] [8][0] [9][0] [9][6] [9][10] [9][6] [9][0] [8][0] [7][0] [6][0] [5][0] [4][0] [3][0] [2][0] [1][0] [0][0] 
[0][0] [0][0] [0][0] [0][2] [0][11] [0][19] [0][20] [0][21] [0][27] [0][30] [0][32] [0][37] [0][41] [0][46] [1][46] [2][46] [3][46] [3][40] [3][46] [4][46] [5][46] [5][31] [5][46] [6][46] [6][42] [6][46] [7][46] [8][46] [9][46] [9][43] [9][22] [9][0] [8][0] [8][16] [8][0] [7][0] [7][5] [7][11] [7][5] [7][0] [6][0] [6][1] [6][0] [5][0] [5][7] [5][0] [4][0] [4][5] [4][14] [4][5] [4][0] [3][0] [2][0] [1][0] [0][0] 
[0][0] [0][0] [0][0] [0][1] [0][6] [0][7] [0][15] [0][17] [0][27] [0][33] [0][42] [0][46] [1][46] [2][46] [3][46] [3][38] [3][27] [3][38] [3][46] [4][46] [4][44] [4][41] [4][40] [4][41] [4][44] [4][46] [5][46] [6][46] [6][39] [6][46] [7][46] [8][46] [8][41] [8][46] [7][46] [6][46] [5][46] [5][35] [5][25] [5][5] [5][3] [5][0] [6][0] [7][0] [7][14] [7][0] [6][0] [5][0] [4][0] [3][0] [2][0] [1][0] [0][0] 
[0][0] [0][0] [0][0] [0][19] [0][27] [0][28] [0][31] [0][36] [0][39] [0][41] [0][46] [1][46] [2][46] [3][46] [4][46] [4][44] [4][46] [5][46] [6][46] [7][46] [8][46] [8][32] [8][46] [7][46] [6][46] [6][44] [6][40] [6][25] [6][18] [6][0] [7][0] [8][0] [9][0] [9][8] [9][13] [9][8] [9][0] [8][0] [7][0] [6][0] [5][0] [5][8] [5][11] [5][18] [5][11] [5][8] [5][0] [4][0] [4][15] [4][0] [3][0] [3][9] [3][23] [3][9] [3][0] [2][0] [1][0] [0][0] 
[0][0] [0][0] [0][0] [0][1] [0][4] [0][6] [0][8] [0][11] [0][19] [0][26] [0][28] [0][37] [0][40] [0][42] [0][46] [1][46] [2][46] [3][46] [4][46] [5][46] [5][41] [5][46] [6][46] [7][46] [8][46] [8][26] [8][24] [8][26] [8][46] [9][46] [9][40] [9][21] [9][6] [9][0] [8][0] [8][1] [8][0] [7][0] [7][4] [7][0] [6][0] [5][0] [5][2] [5][0] [4][0] [3][0] [3][17] [3][0] [2][0] [1][0] [0][0] 
[0][0] [0][0] [0][0] [0][1] [0][7] [0][8] [0][9] [0][12] [0][15] [0][21] [0][25] [0][26] [0][29] [0][39] [0][44] [0][46] [1][46] [2][46] [3][46] [3][29] [3][11] [3][0] [4][0] [5][0] [5][20] [5][29] [5][46] [6][46] [7][46] [8][46] [9][46] [9][45] [9][44] [9][19] [9][7] [9][3] [9][0] [8][0] [7][0] [6][0] [5][0] [4][0] [3][0] [2][0] [1][0] [0][0] 
[0][0] [0][0] [0][0] [0][1] [0][3] [0][10] [0][11] [0][13] [0][20] [0][21] [0][22] [0][25] [0][29] [0][33] [0][46] [1][46] [2][46] [3][46] [4][46] [5][46] [5][38] [5][46] [6][46] [6][28] [6][46] [7][46] [7][30] [7][12] [7][0] [8][0] [8][15] [8][0] [7][0] [6][0] [5][0] [4][0] [4][13] [4][0] [3][0] [2][0] [1][0] [0][0] 
[0][0] [0][0] [0][0] [0][9] [0][13] [0][18] [0][25] [0][32] [0][34] [0][36] [0][38] [0][39] [0][41] [0][46] [1][46] [2][46] [3][46] [4][46] [4][27] [4][46] [5][46] [6][46] [6][45] [6][37] [6][45] [6][46] [7][46] [8][46] [9][46] [9][21] [9][0] [8][0] [8][8] [8][15] [8][8] [8][0] [7][0] [6][0] [5][0] [5][8] [5][0] [4][0] [3][0] [3][3] [3][0] [2][0] [1][0] [0][0] 
[0][0] [0][0] [0][0] [0][3] [0][4] [0][5] [0][11] [0][12] [0][14] [0][16] [0][17] [0][24] [0][29] [0][37] [0][39] [0][44] [0][46] [1][46] [2][46] [3][46] [4][46] [5][46] [6][46] [6][41] [6][46] [7][46] [8][46] [8][33] [8][46] [9][46] [9][45] [9][19] [9][0] [8][0] [7][0] [7][17] [7][0] [6][0] [6][20] [6][0] [5][0] [5][5] [5][0] [4][0] [4][3] [4][5] [4][3] [4][0] [3][0] [2][0] [1][0] [0][0] 
[0][0] [0][0] [0][0] [0][4] [0][12] [0][14] [0][25] [0][31] [0][37] [0][46] [1][46] [2][46] [3][46] [4][46] [4][41] [4][46] [5][46] [6][46] [7][46] [8][46] [9][46] [9][45] [9][33] [9][31] [9][33] [9][45] [9][46] [8][46] [8][17] [8][11] [8][0] [7][0] [7][4] [7][0] [6][0] [6][7] [6][0] [5][0] [5][1] [5][15] [5][1] [5][0] [4][0] [4][14] [4][0] [3][0] [3][2] [3][0] [2][0] [1][0] [0][0] 
[0][0] [0][0] [0][0] [0][5] [0][7] [0][8] [0][12] [0][16] [0][18] [0][21] [0][27] [0][31] [0][32] [0][35] [0][43] [0][46] [1][46] [2][46] [3][46] [4][46] [4][45] [4][46] [5][46] [5][26] [5][15] [5][0] [6][0] [6][22] [6][23] [6][46] [7][46] [8][46] [8][42] [8][38] [8][34] [8][4] [8][0] [7][0] [6][0] [5][0] [4][0] [3][0] [2][0] [1][0] [0][0] 
[0][0] [0][0] [0][0] [0][6] [0][7] [0][12] [0][16] [0][17] [0][22] [0][23] [0][29] [0][31] [0][34] [0][40] [0][46] [1][46] [2][46] [3][46] [3][29] [3][19] [3][0] [4][0] [5][0] [5][15] [5][16] [5][15] [5][0] [6][0] [7][0] [7][1] [7][7] [7][25] [7][7] [7][1] [7][0] [8][0] [8][19] [8][0] [9][0] [9][21] [9][0] [8][0] [7][0] [6][0] [5][0] [4][0] [3][0] [2][0] [1][0] [0][0] 
