10326
628.139
/home/fflorenci/jobprp_ga/reduced_instances/henn/abc1/reduced_warehouse_70.lyt
/home/fflorenci/jobprp_ga/reduced_instances/henn/abc1/reduced_warehouse_70s-100-45-0.ord
100
45
7
340
120
1
15 15 17 17 14 7 16 6 5 20 10 13 5 24 18 23 13 16 13 6 8 14 11 16 18 9 9 9 6 19 24 7 10 16 20 9 10 8 17 7 12 6 6 13 12 14 6 13 7 12 5 22 6 8 15 19 10 20 18 10 15 16 14 18 8 21 6 24 21 22 21 10 5 10 15 19 13 21 24 10 16 10 8 21 18 8 19 15 8 21 15 15 6 16 5 15 11 17 5 10 
31
48 39 42 8 19 10 
72 88 31 49 7 46 
98 37 25 26 85 52 
40 20 99 32 50 
59 5 21 41 64 
27 17 43 92 
87 96 82 81 
53 36 56 74 
12 16 22 23 
76 58 71 
54 3 18 
29 24 66 
11 38 60 
69 97 94 
1 65 28 
45 70 79 
47 61 80 
91 95 4 
55 90 73 
2 6 44 
33 62 0 
35 84 
14 57 
63 15 
9 67 
78 34 
83 68 
51 93 
75 89 
13 77 
30 86 
248
354
280
260
312
260
328
352
372
274
334
374
348
376
282
316
366
322
400
406
378
258
322
320
370
342
398
354
338
296
386
[0][0] [0][0] [0][0] [0][1] [0][3] [0][4] [0][10] [0][13] [0][16] [0][17] [0][18] [0][19] [0][20] [0][21] [0][22] [0][23] [0][25] [0][26] [0][31] [0][32] [0][34] [0][35] [0][36] [0][39] [0][41] [0][42] [0][45] [0][46] [1][46] [2][46] [3][46] [3][39] [3][38] [3][31] [3][30] [3][31] [3][38] [3][39] [3][46] [4][46] [5][46] [6][46] [6][44] [6][33] [6][28] [6][33] [6][44] [6][46] [5][46] [4][46] [4][37] [4][35] [4][29] [4][23] [4][18] [4][10] [4][0] [5][0] [6][0] [7][0] [7][1] [7][0] [6][0] [5][0] [4][0] [3][0] [3][1] [3][0] [2][0] [1][0] [0][0] 
[0][0] [0][0] [0][0] [0][2] [0][3] [0][4] [0][6] [0][8] [0][11] [0][16] [0][18] [0][35] [0][39] [0][45] [0][46] [1][46] [2][46] [3][46] [3][36] [3][34] [3][31] [3][26] [3][23] [3][14] [3][0] [4][0] [4][3] [4][7] [4][10] [4][15] [4][23] [4][35] [4][41] [4][43] [4][46] [5][46] [6][46] [7][46] [7][42] [7][30] [7][27] [7][26] [7][25] [7][26] [7][27] [7][30] [7][42] [7][46] [8][46] [9][46] [9][38] [9][35] [9][38] [9][46] [8][46] [8][27] [8][22] [8][16] [8][7] [8][0] [9][0] [9][4] [9][6] [9][4] [9][0] [8][0] [7][0] [6][0] [6][1] [6][0] [5][0] [4][0] [3][0] [2][0] [1][0] [0][0] 
[0][0] [0][0] [0][0] [0][1] [0][2] [0][7] [0][8] [0][12] [0][14] [0][16] [0][19] [0][20] [0][21] [0][22] [0][23] [0][24] [0][26] [0][28] [0][33] [0][35] [0][38] [0][39] [0][41] [0][46] [1][46] [2][46] [3][46] [4][46] [4][45] [4][46] [5][46] [5][38] [5][31] [5][18] [5][15] [5][14] [5][0] [6][0] [7][0] [8][0] [8][4] [8][5] [8][4] [8][0] [9][0] [9][1] [9][4] [9][25] [9][46] [8][46] [7][46] [6][46] [5][46] [4][46] [3][46] [3][41] [3][29] [3][20] [3][13] [3][2] [3][0] [2][0] [1][0] [0][0] 
[0][0] [0][0] [0][0] [0][2] [0][3] [0][6] [0][8] [0][9] [0][10] [0][11] [0][12] [0][13] [0][14] [0][16] [0][19] [0][24] [0][25] [0][30] [0][31] [0][33] [0][35] [0][37] [0][38] [0][39] [0][45] [0][46] [1][46] [2][46] [3][46] [4][46] [4][33] [4][22] [4][21] [4][14] [4][0] [5][0] [5][7] [5][9] [5][26] [5][46] [6][46] [6][40] [6][46] [7][46] [7][43] [7][40] [7][38] [7][18] [7][17] [7][8] [7][0] [6][0] [5][0] [4][0] [3][0] [2][0] [1][0] [0][0] 
[0][0] [0][0] [0][0] [0][3] [0][9] [0][12] [0][15] [0][16] [0][18] [0][22] [0][23] [0][25] [0][26] [0][31] [0][35] [0][36] [0][42] [0][46] [1][46] [2][46] [3][46] [4][46] [4][41] [4][46] [5][46] [5][40] [5][24] [5][23] [5][22] [5][11] [5][9] [5][0] [6][0] [6][24] [6][30] [6][35] [6][40] [6][46] [7][46] [7][33] [7][32] [7][33] [7][46] [8][46] [8][44] [8][39] [8][29] [8][26] [8][18] [8][16] [8][15] [8][13] [8][7] [8][0] [7][0] [6][0] [5][0] [4][0] [3][0] [3][3] [3][8] [3][9] [3][8] [3][3] [3][0] [2][0] [1][0] [0][0] 
[0][0] [0][0] [0][0] [0][1] [0][4] [0][5] [0][8] [0][9] [0][10] [0][11] [0][12] [0][13] [0][14] [0][15] [0][16] [0][17] [0][18] [0][21] [0][25] [0][27] [0][28] [0][33] [0][35] [0][38] [0][39] [0][46] [1][46] [2][46] [3][46] [4][46] [5][46] [5][42] [5][41] [5][42] [5][46] [6][46] [6][44] [6][46] [7][46] [7][45] [7][46] [8][46] [9][46] [9][44] [9][41] [9][40] [9][35] [9][23] [9][9] [9][0] [8][0] [7][0] [6][0] [5][0] [5][15] [5][23] [5][15] [5][0] [4][0] [4][12] [4][0] [3][0] [2][0] [1][0] [0][0] 
[0][0] [0][0] [0][0] [0][2] [0][6] [0][8] [0][9] [0][10] [0][13] [0][16] [0][19] [0][21] [0][25] [0][26] [0][28] [0][29] [0][30] [0][32] [0][33] [0][40] [0][42] [0][45] [0][46] [1][46] [2][46] [3][46] [4][46] [4][34] [4][33] [4][21] [4][14] [4][13] [4][0] [5][0] [5][1] [5][0] [6][0] [6][8] [6][33] [6][46] [7][46] [7][45] [7][29] [7][26] [7][29] [7][45] [7][46] [8][46] [8][42] [8][36] [8][42] [8][46] [9][46] [9][34] [9][31] [9][28] [9][24] [9][8] [9][0] [8][0] [7][0] [6][0] [5][0] [4][0] [3][0] [2][0] [1][0] [0][0] 
[0][0] [0][0] [0][0] [0][1] [0][2] [0][3] [0][13] [0][19] [0][20] [0][21] [0][22] [0][24] [0][27] [0][29] [0][32] [0][35] [0][37] [0][39] [0][46] [1][46] [2][46] [3][46] [3][44] [3][46] [4][46] [4][36] [4][25] [4][14] [4][10] [4][0] [5][0] [5][5] [5][22] [5][23] [5][25] [5][30] [5][46] [6][46] [6][38] [6][37] [6][31] [6][25] [6][12] [6][9] [6][2] [6][0] [7][0] [7][6] [7][16] [7][25] [7][38] [7][46] [8][46] [8][27] [8][21] [8][11] [8][6] [8][0] [7][0] [6][0] [5][0] [4][0] [3][0] [2][0] [1][0] [0][0] 
[0][0] [0][0] [0][0] [0][3] [0][4] [0][6] [0][7] [0][9] [0][11] [0][15] [0][19] [0][20] [0][21] [0][24] [0][28] [0][30] [0][31] [0][45] [0][46] [1][46] [2][46] [3][46] [3][43] [3][46] [4][46] [4][38] [4][46] [5][46] [6][46] [6][43] [6][39] [6][28] [6][18] [6][14] [6][0] [7][0] [7][16] [7][17] [7][18] [7][32] [7][46] [8][46] [8][40] [8][46] [9][46] [9][37] [9][36] [9][35] [9][29] [9][13] [9][0] [8][0] [8][1] [8][0] [7][0] [6][0] [5][0] [5][4] [5][5] [5][4] [5][0] [4][0] [4][2] [4][0] [3][0] [3][9] [3][18] [3][21] [3][26] [3][29] [3][26] [3][21] [3][18] [3][9] [3][0] [2][0] [1][0] [0][0] 
[0][0] [0][0] [0][0] [0][2] [0][3] [0][4] [0][5] [0][8] [0][9] [0][11] [0][13] [0][15] [0][16] [0][17] [0][29] [0][36] [0][40] [0][42] [0][45] [0][46] [1][46] [2][46] [3][46] [4][46] [4][42] [4][46] [5][46] [5][39] [5][36] [5][31] [5][29] [5][26] [5][22] [5][14] [5][0] [6][0] [6][4] [6][6] [6][9] [6][6] [6][4] [6][0] [7][0] [7][5] [7][19] [7][27] [7][43] [7][46] [6][46] [5][46] [4][46] [3][46] [3][38] [3][23] [3][22] [3][0] [2][0] [1][0] [0][0] 
[0][0] [0][0] [0][0] [0][1] [0][3] [0][7] [0][8] [0][11] [0][13] [0][15] [0][17] [0][18] [0][19] [0][25] [0][29] [0][32] [0][35] [0][36] [0][37] [0][38] [0][41] [0][42] [0][43] [0][46] [1][46] [2][46] [3][46] [4][46] [4][39] [4][46] [5][46] [5][31] [5][9] [5][0] [6][0] [7][0] [8][0] [9][0] [9][3] [9][17] [9][21] [9][26] [9][30] [9][35] [9][46] [8][46] [8][41] [8][26] [8][41] [8][46] [7][46] [7][45] [7][43] [7][45] [7][46] [6][46] [6][44] [6][42] [6][40] [6][42] [6][44] [6][46] [5][46] [4][46] [3][46] [3][26] [3][23] [3][13] [3][0] [2][0] [1][0] [0][0] 
[0][0] [0][0] [0][0] [0][2] [0][4] [0][7] [0][10] [0][12] [0][13] [0][15] [0][19] [0][21] [0][26] [0][29] [0][30] [0][34] [0][37] [0][38] [0][45] [0][46] [1][46] [2][46] [3][46] [4][46] [4][42] [4][35] [4][25] [4][18] [4][7] [4][0] [5][0] [5][18] [5][27] [5][42] [5][46] [6][46] [6][27] [6][17] [6][10] [6][5] [6][0] [7][0] [7][5] [7][14] [7][19] [7][27] [7][43] [7][46] [8][46] [8][39] [8][46] [9][46] [9][36] [9][18] [9][8] [9][0] [8][0] [7][0] [6][0] [5][0] [4][0] [3][0] [3][1] [3][0] [2][0] [1][0] [0][0] 
[0][0] [0][0] [0][0] [0][1] [0][2] [0][3] [0][6] [0][7] [0][8] [0][14] [0][15] [0][16] [0][26] [0][27] [0][29] [0][30] [0][32] [0][34] [0][37] [0][38] [0][42] [0][43] [0][46] [1][46] [2][46] [3][46] [3][38] [3][32] [3][38] [3][46] [4][46] [5][46] [6][46] [6][33] [6][32] [6][33] [6][46] [7][46] [7][38] [7][15] [7][13] [7][7] [7][0] [8][0] [8][22] [8][23] [8][27] [8][33] [8][37] [8][46] [9][46] [9][42] [9][33] [9][25] [9][8] [9][3] [9][0] [8][0] [7][0] [6][0] [5][0] [4][0] [4][8] [4][12] [4][13] [4][12] [4][8] [4][0] [3][0] [2][0] [1][0] [0][0] 
[0][0] [0][0] [0][0] [0][1] [0][3] [0][4] [0][6] [0][10] [0][11] [0][12] [0][13] [0][15] [0][17] [0][18] [0][20] [0][24] [0][27] [0][28] [0][29] [0][32] [0][36] [0][38] [0][39] [0][40] [0][46] [1][46] [2][46] [3][46] [3][38] [3][46] [4][46] [4][35] [4][23] [4][16] [4][10] [4][7] [4][0] [5][0] [5][4] [5][10] [5][33] [5][46] [6][46] [7][46] [7][36] [7][32] [7][30] [7][32] [7][36] [7][46] [8][46] [9][46] [9][35] [9][33] [9][18] [9][33] [9][35] [9][46] [8][46] [8][41] [8][27] [8][20] [8][17] [8][15] [8][0] [7][0] [6][0] [5][0] [4][0] [3][0] [3][4] [3][0] [2][0] [1][0] [0][0] 
[0][0] [0][0] [0][0] [0][1] [0][3] [0][5] [0][7] [0][9] [0][13] [0][15] [0][16] [0][19] [0][22] [0][26] [0][27] [0][29] [0][30] [0][35] [0][36] [0][38] [0][39] [0][41] [0][42] [0][43] [0][45] [0][46] [1][46] [2][46] [3][46] [3][36] [3][34] [3][29] [3][4] [3][0] [4][0] [5][0] [5][3] [5][0] [6][0] [6][5] [6][8] [6][5] [6][0] [7][0] [7][2] [7][13] [7][14] [7][17] [7][22] [7][23] [7][31] [7][40] [7][46] [8][46] [8][27] [8][13] [8][8] [8][0] [7][0] [6][0] [5][0] [4][0] [3][0] [2][0] [1][0] [0][0] 
[0][0] [0][0] [0][0] [0][1] [0][4] [0][7] [0][15] [0][16] [0][18] [0][21] [0][22] [0][23] [0][24] [0][25] [0][27] [0][36] [0][41] [0][45] [0][46] [1][46] [2][46] [3][46] [3][42] [3][31] [3][42] [3][46] [4][46] [5][46] [5][43] [5][24] [5][21] [5][8] [5][0] [6][0] [7][0] [7][2] [7][3] [7][4] [7][8] [7][13] [7][15] [7][20] [7][22] [7][26] [7][33] [7][46] [8][46] [9][46] [9][39] [9][31] [9][16] [9][0] [8][0] [8][8] [8][0] [7][0] [6][0] [5][0] [4][0] [4][1] [4][0] [3][0] [2][0] [1][0] [0][0] 
[0][0] [0][0] [0][0] [0][5] [0][9] [0][10] [0][13] [0][19] [0][21] [0][22] [0][24] [0][25] [0][27] [0][29] [0][31] [0][32] [0][33] [0][34] [0][35] [0][36] [0][41] [0][43] [0][46] [1][46] [2][46] [3][46] [3][33] [3][16] [3][15] [3][0] [4][0] [4][5] [4][12] [4][23] [4][12] [4][5] [4][0] [5][0] [6][0] [6][9] [6][11] [6][22] [6][23] [6][31] [6][41] [6][46] [5][46] [5][36] [5][46] [6][46] [7][46] [8][46] [9][46] [9][29] [9][22] [9][20] [9][14] [9][12] [9][9] [9][0] [8][0] [8][5] [8][6] [8][11] [8][6] [8][5] [8][0] [7][0] [6][0] [5][0] [4][0] [3][0] [2][0] [1][0] [0][0] 
[0][0] [0][0] [0][0] [0][1] [0][3] [0][4] [0][6] [0][8] [0][9] [0][11] [0][15] [0][16] [0][19] [0][21] [0][27] [0][28] [0][30] [0][31] [0][33] [0][34] [0][35] [0][36] [0][38] [0][39] [0][41] [0][46] [1][46] [2][46] [3][46] [3][38] [3][27] [3][25] [3][4] [3][0] [4][0] [4][2] [4][17] [4][41] [4][46] [5][46] [6][46] [7][46] [7][45] [7][46] [8][46] [8][42] [8][26] [8][42] [8][46] [7][46] [6][46] [6][26] [6][14] [6][12] [6][11] [6][0] [5][0] [5][12] [5][0] [4][0] [3][0] [2][0] [1][0] [0][0] 
[0][0] [0][0] [0][0] [0][11] [0][15] [0][18] [0][23] [0][25] [0][26] [0][27] [0][28] [0][29] [0][30] [0][32] [0][37] [0][40] [0][43] [0][44] [0][45] [0][46] [1][46] [2][46] [3][46] [4][46] [4][29] [4][46] [5][46] [5][40] [5][35] [5][25] [5][21] [5][10] [5][0] [6][0] [7][0] [7][2] [7][10] [7][11] [7][12] [7][31] [7][46] [8][46] [9][46] [9][40] [9][35] [9][33] [9][11] [9][7] [9][0] [8][0] [8][4] [8][0] [7][0] [6][0] [6][24] [6][29] [6][43] [6][46] [5][46] [4][46] [3][46] [3][35] [3][23] [3][19] [3][10] [3][0] [2][0] [1][0] [0][0] 
[0][0] [0][0] [0][0] [0][2] [0][4] [0][5] [0][6] [0][11] [0][13] [0][14] [0][16] [0][17] [0][18] [0][24] [0][26] [0][27] [0][28] [0][32] [0][34] [0][35] [0][40] [0][44] [0][46] [1][46] [2][46] [3][46] [3][35] [3][29] [3][22] [3][18] [3][10] [3][0] [4][0] [4][5] [4][0] [5][0] [5][12] [5][18] [5][32] [5][46] [6][46] [6][38] [6][26] [6][20] [6][0] [7][0] [7][11] [7][28] [7][35] [7][36] [7][46] [8][46] [9][46] [9][34] [9][27] [9][34] [9][46] [8][46] [8][44] [8][38] [8][32] [8][21] [8][16] [8][14] [8][9] [8][0] [7][0] [6][0] [5][0] [4][0] [3][0] [2][0] [1][0] [0][0] 
[0][0] [0][0] [0][0] [0][3] [0][6] [0][8] [0][9] [0][14] [0][16] [0][17] [0][22] [0][23] [0][26] [0][27] [0][29] [0][30] [0][35] [0][40] [0][43] [0][44] [0][45] [0][46] [1][46] [2][46] [3][46] [4][46] [4][40] [4][21] [4][13] [4][7] [4][5] [4][0] [5][0] [5][4] [5][26] [5][27] [5][31] [5][39] [5][46] [6][46] [6][35] [6][22] [6][0] [7][0] [7][9] [7][0] [8][0] [8][8] [8][18] [8][31] [8][36] [8][46] [9][46] [9][42] [9][35] [9][31] [9][7] [9][5] [9][0] [8][0] [7][0] [6][0] [5][0] [4][0] [3][0] [2][0] [1][0] [0][0] 
[0][0] [0][0] [0][0] [0][2] [0][13] [0][19] [0][23] [0][33] [0][35] [0][39] [0][42] [0][44] [0][46] [1][46] [2][46] [3][46] [3][37] [3][46] [4][46] [5][46] [5][37] [5][46] [6][46] [6][44] [6][42] [6][44] [6][46] [7][46] [7][41] [7][26] [7][24] [7][19] [7][10] [7][0] [8][0] [9][0] [9][2] [9][3] [9][2] [9][0] [8][0] [7][0] [6][0] [6][2] [6][9] [6][2] [6][0] [5][0] [4][0] [4][3] [4][7] [4][8] [4][7] [4][3] [4][0] [3][0] [2][0] [1][0] [0][0] 
[0][0] [0][0] [0][0] [0][3] [0][8] [0][9] [0][10] [0][14] [0][20] [0][23] [0][24] [0][29] [0][32] [0][33] [0][39] [0][40] [0][41] [0][42] [0][44] [0][46] [1][46] [2][46] [3][46] [3][42] [3][27] [3][26] [3][25] [3][26] [3][27] [3][42] [3][46] [4][46] [5][46] [6][46] [6][45] [6][27] [6][24] [6][27] [6][45] [6][46] [7][46] [7][40] [7][46] [8][46] [8][41] [8][31] [8][27] [8][0] [9][0] [9][8] [9][0] [8][0] [7][0] [7][1] [7][3] [7][1] [7][0] [6][0] [5][0] [5][4] [5][0] [4][0] [4][10] [4][0] [3][0] [2][0] [1][0] [0][0] 
[0][0] [0][0] [0][0] [0][5] [0][10] [0][11] [0][13] [0][14] [0][18] [0][21] [0][22] [0][23] [0][28] [0][32] [0][37] [0][38] [0][41] [0][42] [0][43] [0][46] [1][46] [2][46] [3][46] [4][46] [4][38] [4][46] [5][46] [5][41] [5][24] [5][8] [5][7] [5][0] [6][0] [6][4] [6][9] [6][20] [6][46] [7][46] [7][41] [7][35] [7][41] [7][46] [8][46] [8][43] [8][23] [8][19] [8][10] [8][1] [8][0] [7][0] [7][5] [7][0] [6][0] [5][0] [4][0] [3][0] [3][4] [3][8] [3][4] [3][0] [2][0] [1][0] [0][0] 
[0][0] [0][0] [0][0] [0][1] [0][2] [0][5] [0][7] [0][13] [0][14] [0][15] [0][21] [0][24] [0][28] [0][32] [0][33] [0][39] [0][40] [0][44] [0][46] [1][46] [2][46] [3][46] [3][42] [3][29] [3][42] [3][46] [4][46] [4][35] [4][34] [4][16] [4][0] [5][0] [5][8] [5][10] [5][8] [5][0] [6][0] [6][4] [6][7] [6][13] [6][20] [6][34] [6][46] [7][46] [7][39] [7][35] [7][39] [7][46] [8][46] [9][46] [9][35] [9][28] [9][19] [9][16] [9][14] [9][0] [8][0] [8][5] [8][0] [7][0] [7][4] [7][0] [6][0] [5][0] [4][0] [3][0] [3][2] [3][5] [3][2] [3][0] [2][0] [1][0] [0][0] 
[0][0] [0][0] [0][0] [0][1] [0][2] [0][3] [0][6] [0][8] [0][9] [0][10] [0][12] [0][18] [0][19] [0][20] [0][21] [0][22] [0][29] [0][33] [0][34] [0][38] [0][40] [0][41] [0][42] [0][46] [1][46] [2][46] [3][46] [3][30] [3][14] [3][11] [3][0] [4][0] [4][6] [4][11] [4][24] [4][42] [4][46] [5][46] [6][46] [7][46] [7][35] [7][46] [8][46] [9][46] [9][36] [9][27] [9][21] [9][12] [9][0] [8][0] [8][4] [8][0] [7][0] [6][0] [6][6] [6][0] [5][0] [5][16] [5][0] [4][0] [3][0] [2][0] [1][0] [0][0] 
[0][0] [0][0] [0][0] [0][1] [0][7] [0][10] [0][12] [0][14] [0][18] [0][19] [0][22] [0][23] [0][24] [0][27] [0][29] [0][34] [0][37] [0][42] [0][44] [0][46] [1][46] [2][46] [3][46] [3][42] [3][37] [3][42] [3][46] [4][46] [4][44] [4][37] [4][44] [4][46] [5][46] [5][35] [5][46] [6][46] [7][46] [7][33] [7][30] [7][18] [7][13] [7][11] [7][0] [8][0] [8][12] [8][14] [8][31] [8][32] [8][34] [8][46] [9][46] [9][32] [9][21] [9][17] [9][0] [8][0] [7][0] [6][0] [6][3] [6][22] [6][3] [6][0] [5][0] [4][0] [4][3] [4][0] [3][0] [3][6] [3][13] [3][6] [3][0] [2][0] [1][0] [0][0] 
[0][0] [0][0] [0][0] [0][6] [0][7] [0][8] [0][10] [0][19] [0][20] [0][21] [0][24] [0][27] [0][28] [0][30] [0][38] [0][39] [0][42] [0][44] [0][46] [1][46] [2][46] [3][46] [3][40] [3][39] [3][40] [3][46] [4][46] [4][32] [4][31] [4][26] [4][15] [4][0] [5][0] [5][2] [5][6] [5][2] [5][0] [6][0] [6][13] [6][0] [7][0] [8][0] [8][1] [8][21] [8][26] [8][37] [8][46] [9][46] [9][29] [9][18] [9][17] [9][16] [9][0] [8][0] [7][0] [6][0] [5][0] [4][0] [3][0] [3][11] [3][14] [3][17] [3][14] [3][11] [3][0] [2][0] [1][0] [0][0] 
[0][0] [0][0] [0][0] [0][3] [0][5] [0][9] [0][14] [0][19] [0][22] [0][25] [0][27] [0][29] [0][30] [0][32] [0][33] [0][36] [0][37] [0][41] [0][45] [0][46] [1][46] [2][46] [3][46] [4][46] [4][44] [4][46] [5][46] [5][45] [5][37] [5][33] [5][29] [5][21] [5][13] [5][0] [6][0] [6][13] [6][20] [6][31] [6][41] [6][46] [7][46] [7][39] [7][46] [8][46] [8][44] [8][46] [9][46] [9][42] [9][22] [9][4] [9][0] [8][0] [7][0] [7][18] [7][0] [6][0] [5][0] [4][0] [4][1] [4][6] [4][8] [4][6] [4][1] [4][0] [3][0] [2][0] [1][0] [0][0] 
[0][0] [0][0] [0][0] [0][3] [0][6] [0][7] [0][13] [0][16] [0][18] [0][19] [0][20] [0][22] [0][24] [0][28] [0][31] [0][32] [0][33] [0][37] [0][41] [0][42] [0][45] [0][46] [1][46] [2][46] [3][46] [4][46] [4][44] [4][46] [5][46] [5][37] [5][32] [5][27] [5][32] [5][37] [5][46] [6][46] [6][43] [6][35] [6][43] [6][46] [7][46] [7][43] [7][36] [7][32] [7][36] [7][43] [7][46] [8][46] [8][28] [8][24] [8][23] [8][16] [8][14] [8][0] [7][0] [7][11] [7][0] [6][0] [5][0] [4][0] [4][4] [4][8] [4][4] [4][0] [3][0] [3][2] [3][0] [2][0] [1][0] [0][0] 
[0][0] [0][0] [0][0] [0][1] [0][2] [0][5] [0][6] [0][8] [0][18] [0][24] [0][27] [0][29] [0][36] [0][41] [0][43] [0][44] [0][45] [0][46] [1][46] [2][46] [3][46] [3][36] [3][31] [3][27] [3][0] [4][0] [4][14] [4][25] [4][26] [4][33] [4][46] [5][46] [5][41] [5][35] [5][41] [5][46] [6][46] [6][36] [6][13] [6][7] [6][0] [7][0] [7][9] [7][12] [7][22] [7][27] [7][46] [8][46] [9][46] [9][42] [9][27] [9][16] [9][14] [9][12] [9][0] [8][0] [7][0] [6][0] [5][0] [5][2] [5][3] [5][2] [5][0] [4][0] [3][0] [2][0] [1][0] [0][0] 
