5914
425.681
/home/fflorenci/jobprp_ga/reduced_instances/henn/abc1/reduced_warehouse_64.lyt
/home/fflorenci/jobprp_ga/reduced_instances/henn/abc1/reduced_warehouse_64s-80-75-0.ord
80
75
29
340
120
1
23 19 14 23 22 8 10 10 6 10 8 13 20 13 21 15 19 21 14 18 24 21 9 11 14 15 20 10 9 10 11 13 19 14 17 23 17 8 24 11 10 5 13 15 19 9 7 13 21 16 9 15 14 8 23 8 21 8 17 8 5 16 11 12 20 19 17 21 13 16 21 10 7 14 17 10 18 17 11 8 
16
45 13 44 72 14 8 
36 56 60 47 79 39 
16 10 24 53 73 50 
40 7 30 28 34 69 
64 5 33 68 59 6 
74 46 21 78 42 41 
19 22 31 58 29 55 
65 20 62 27 9 
52 66 77 43 23 
38 49 18 63 57 
51 71 48 32 37 
0 1 4 75 
12 15 25 35 
26 2 54 61 
17 70 3 
11 67 76 
276
300
340
348
382
378
384
386
406
398
392
344
410
408
420
342
[0][0] [0][0] [0][0] [0][1] [0][2] [0][3] [0][4] [0][5] [0][6] [0][7] [0][8] [0][9] [0][10] [0][11] [0][12] [0][13] [0][16] [0][18] [0][19] [0][22] [0][24] [0][26] [0][27] [0][29] [0][30] [0][31] [0][34] [0][35] [0][36] [0][37] [0][39] [0][40] [0][41] [0][43] [0][45] [0][46] [1][46] [2][46] [3][46] [4][46] [4][45] [4][43] [4][39] [4][37] [4][25] [4][18] [4][16] [4][13] [4][10] [4][9] [4][2] [4][0] [5][0] [6][0] [6][4] [6][7] [6][13] [6][35] [6][46] [7][46] [8][46] [8][45] [8][44] [8][41] [8][37] [8][41] [8][44] [8][45] [8][46] [7][46] [7][45] [7][29] [7][20] [7][16] [7][13] [7][6] [7][0] [6][0] [5][0] [4][0] [3][0] [2][0] [1][0] [0][0] 
[0][0] [0][0] [0][0] [0][1] [0][2] [0][3] [0][5] [0][7] [0][9] [0][10] [0][14] [0][15] [0][16] [0][17] [0][18] [0][20] [0][22] [0][24] [0][28] [0][29] [0][31] [0][32] [0][33] [0][35] [0][36] [0][37] [0][41] [0][42] [0][43] [0][45] [0][46] [1][46] [2][46] [3][46] [4][46] [4][45] [4][46] [5][46] [5][30] [5][18] [5][17] [5][16] [5][6] [5][5] [5][0] [6][0] [6][1] [6][0] [7][0] [7][6] [7][10] [7][24] [7][29] [7][42] [7][46] [8][46] [8][41] [8][46] [9][46] [9][43] [9][28] [9][26] [9][25] [9][23] [9][21] [9][13] [9][7] [9][6] [9][2] [9][0] [8][0] [8][2] [8][0] [7][0] [6][0] [5][0] [4][0] [4][3] [4][0] [3][0] [3][3] [3][5] [3][3] [3][0] [2][0] [1][0] [0][0] 
[0][0] [0][0] [0][0] [0][1] [0][2] [0][4] [0][5] [0][6] [0][7] [0][8] [0][12] [0][14] [0][15] [0][17] [0][18] [0][24] [0][25] [0][26] [0][27] [0][28] [0][31] [0][33] [0][34] [0][35] [0][36] [0][37] [0][38] [0][40] [0][41] [0][46] [1][46] [2][46] [3][46] [3][41] [3][37] [3][33] [3][30] [3][23] [3][21] [3][12] [3][1] [3][0] [4][0] [4][16] [4][19] [4][21] [4][32] [4][33] [4][37] [4][46] [5][46] [6][46] [7][46] [7][45] [7][44] [7][33] [7][31] [7][33] [7][44] [7][45] [7][46] [6][46] [6][34] [6][30] [6][25] [6][24] [6][19] [6][8] [6][5] [6][3] [6][0] [7][0] [8][0] [8][4] [8][11] [8][4] [8][0] [7][0] [6][0] [5][0] [5][3] [5][10] [5][3] [5][0] [4][0] [3][0] [2][0] [1][0] [0][0] 
[0][0] [0][0] [0][0] [0][2] [0][6] [0][7] [0][8] [0][9] [0][13] [0][15] [0][18] [0][19] [0][22] [0][24] [0][25] [0][28] [0][30] [0][32] [0][34] [0][35] [0][36] [0][38] [0][40] [0][41] [0][42] [0][43] [0][45] [0][46] [1][46] [2][46] [3][46] [3][31] [3][29] [3][31] [3][46] [4][46] [5][46] [5][40] [5][37] [5][34] [5][30] [5][28] [5][20] [5][3] [5][0] [6][0] [6][8] [6][21] [6][24] [6][25] [6][27] [6][36] [6][37] [6][38] [6][39] [6][43] [6][46] [7][46] [7][43] [7][46] [8][46] [8][41] [8][40] [8][38] [8][37] [8][34] [8][32] [8][21] [8][12] [8][8] [8][3] [8][0] [7][0] [6][0] [5][0] [4][0] [4][2] [4][9] [4][10] [4][12] [4][14] [4][12] [4][10] [4][9] [4][2] [4][0] [3][0] [3][6] [3][8] [3][12] [3][8] [3][6] [3][0] [2][0] [1][0] [0][0] 
[0][0] [0][0] [0][0] [0][2] [0][4] [0][5] [0][6] [0][8] [0][9] [0][10] [0][11] [0][12] [0][13] [0][14] [0][15] [0][16] [0][17] [0][19] [0][22] [0][23] [0][25] [0][26] [0][28] [0][30] [0][32] [0][35] [0][38] [0][40] [0][41] [0][43] [0][45] [0][46] [1][46] [2][46] [3][46] [3][42] [3][46] [4][46] [4][25] [4][21] [4][0] [5][0] [5][2] [5][23] [5][28] [5][33] [5][36] [5][46] [6][46] [6][42] [6][46] [7][46] [8][46] [8][38] [8][27] [8][38] [8][46] [9][46] [9][40] [9][37] [9][35] [9][34] [9][33] [9][32] [9][30] [9][19] [9][11] [9][9] [9][7] [9][1] [9][0] [8][0] [7][0] [6][0] [6][5] [6][8] [6][11] [6][14] [6][11] [6][8] [6][5] [6][0] [5][0] [4][0] [3][0] [3][5] [3][12] [3][14] [3][18] [3][14] [3][12] [3][5] [3][0] [2][0] [1][0] [0][0] 
[0][0] [0][0] [0][0] [0][1] [0][2] [0][3] [0][4] [0][5] [0][6] [0][7] [0][10] [0][11] [0][13] [0][15] [0][16] [0][20] [0][21] [0][24] [0][28] [0][29] [0][30] [0][31] [0][33] [0][34] [0][35] [0][40] [0][43] [0][46] [1][46] [2][46] [3][46] [4][46] [5][46] [5][45] [5][41] [5][40] [5][41] [5][45] [5][46] [6][46] [6][29] [6][23] [6][21] [6][18] [6][16] [6][13] [6][8] [6][0] [7][0] [8][0] [8][8] [8][11] [8][15] [8][16] [8][17] [8][26] [8][32] [8][33] [8][46] [9][46] [9][37] [9][30] [9][20] [9][16] [9][9] [9][3] [9][0] [8][0] [7][0] [7][16] [7][19] [7][23] [7][29] [7][37] [7][46] [6][46] [5][46] [4][46] [4][40] [4][29] [4][26] [4][24] [4][20] [4][1] [4][0] [3][0] [3][3] [3][4] [3][3] [3][0] [2][0] [1][0] [0][0] 
[0][0] [0][0] [0][0] [0][2] [0][3] [0][5] [0][8] [0][11] [0][16] [0][19] [0][20] [0][21] [0][22] [0][24] [0][26] [0][27] [0][28] [0][29] [0][30] [0][31] [0][32] [0][33] [0][34] [0][35] [0][37] [0][38] [0][42] [0][43] [0][45] [0][46] [1][46] [2][46] [3][46] [3][34] [3][28] [3][14] [3][7] [3][5] [3][2] [3][0] [4][0] [5][0] [5][9] [5][14] [5][25] [5][30] [5][45] [5][46] [6][46] [7][46] [7][40] [7][33] [7][22] [7][1] [7][0] [8][0] [8][6] [8][10] [8][15] [8][24] [8][26] [8][30] [8][37] [8][46] [9][46] [9][33] [9][18] [9][17] [9][15] [9][0] [8][0] [7][0] [6][0] [6][2] [6][5] [6][6] [6][12] [6][6] [6][5] [6][2] [6][0] [5][0] [4][0] [3][0] [2][0] [1][0] [0][0] 
[0][0] [0][0] [0][0] [0][1] [0][3] [0][5] [0][6] [0][9] [0][14] [0][15] [0][17] [0][18] [0][19] [0][20] [0][21] [0][22] [0][24] [0][25] [0][26] [0][28] [0][29] [0][30] [0][32] [0][33] [0][35] [0][36] [0][37] [0][40] [0][41] [0][42] [0][43] [0][44] [0][46] [1][46] [2][46] [3][46] [4][46] [4][37] [4][34] [4][32] [4][22] [4][0] [5][0] [5][10] [5][18] [5][23] [5][26] [5][38] [5][46] [6][46] [6][43] [6][41] [6][36] [6][28] [6][23] [6][19] [6][17] [6][7] [6][5] [6][0] [7][0] [7][1] [7][9] [7][28] [7][36] [7][41] [7][46] [8][46] [8][44] [8][33] [8][32] [8][33] [8][44] [8][46] [9][46] [9][44] [9][39] [9][35] [9][10] [9][9] [9][8] [9][0] [8][0] [7][0] [6][0] [5][0] [4][0] [3][0] [2][0] [1][0] [0][0] 
[0][0] [0][0] [0][0] [0][3] [0][6] [0][7] [0][8] [0][9] [0][10] [0][11] [0][13] [0][15] [0][17] [0][18] [0][23] [0][26] [0][27] [0][28] [0][34] [0][36] [0][38] [0][40] [0][44] [0][46] [1][46] [2][46] [3][46] [3][43] [3][39] [3][43] [3][46] [4][46] [4][43] [4][35] [4][26] [4][25] [4][10] [4][0] [5][0] [5][3] [5][7] [5][16] [5][19] [5][20] [5][22] [5][24] [5][25] [5][29] [5][34] [5][41] [5][44] [5][46] [6][46] [6][35] [6][33] [6][26] [6][11] [6][10] [6][7] [6][0] [7][0] [7][12] [7][23] [7][27] [7][37] [7][46] [8][46] [9][46] [9][41] [9][37] [9][34] [9][33] [9][20] [9][17] [9][13] [9][9] [9][0] [8][0] [7][0] [6][0] [5][0] [4][0] [3][0] [3][8] [3][9] [3][17] [3][9] [3][8] [3][0] [2][0] [1][0] [0][0] 
[0][0] [0][0] [0][0] [0][3] [0][4] [0][6] [0][8] [0][11] [0][12] [0][13] [0][14] [0][15] [0][17] [0][19] [0][21] [0][22] [0][23] [0][27] [0][31] [0][33] [0][39] [0][40] [0][41] [0][43] [0][44] [0][46] [1][46] [2][46] [3][46] [3][37] [3][34] [3][21] [3][16] [3][2] [3][0] [4][0] [4][4] [4][12] [4][14] [4][18] [4][21] [4][22] [4][31] [4][38] [4][41] [4][46] [5][46] [6][46] [6][42] [6][39] [6][42] [6][46] [7][46] [7][44] [7][42] [7][40] [7][38] [7][32] [7][24] [7][19] [7][14] [7][11] [7][7] [7][0] [8][0] [8][1] [8][10] [8][23] [8][28] [8][44] [8][46] [9][46] [9][45] [9][36] [9][32] [9][36] [9][45] [9][46] [8][46] [7][46] [6][46] [5][46] [5][41] [5][40] [5][34] [5][24] [5][23] [5][8] [5][5] [5][0] [4][0] [3][0] [2][0] [1][0] [0][0] 
[0][0] [0][0] [0][0] [0][1] [0][2] [0][3] [0][4] [0][5] [0][8] [0][9] [0][12] [0][13] [0][14] [0][16] [0][17] [0][19] [0][20] [0][22] [0][24] [0][25] [0][27] [0][28] [0][30] [0][31] [0][32] [0][36] [0][37] [0][38] [0][40] [0][41] [0][42] [0][43] [0][45] [0][46] [1][46] [2][46] [3][46] [3][34] [3][31] [3][26] [3][20] [3][18] [3][17] [3][7] [3][0] [4][0] [4][4] [4][15] [4][24] [4][26] [4][32] [4][41] [4][46] [5][46] [5][43] [5][41] [5][38] [5][36] [5][32] [5][30] [5][32] [5][36] [5][38] [5][41] [5][43] [5][46] [6][46] [7][46] [7][36] [7][26] [7][19] [7][16] [7][8] [7][6] [7][0] [8][0] [8][13] [8][14] [8][15] [8][20] [8][31] [8][46] [9][46] [9][36] [9][19] [9][14] [9][0] [8][0] [7][0] [6][0] [5][0] [5][1] [5][0] [4][0] [3][0] [2][0] [1][0] [0][0] 
[0][0] [0][0] [0][0] [0][1] [0][4] [0][5] [0][6] [0][8] [0][10] [0][11] [0][13] [0][16] [0][18] [0][19] [0][20] [0][21] [0][22] [0][25] [0][26] [0][27] [0][29] [0][32] [0][33] [0][34] [0][37] [0][38] [0][39] [0][40] [0][41] [0][42] [0][43] [0][44] [0][45] [0][46] [1][46] [2][46] [3][46] [3][34] [3][32] [3][31] [3][29] [3][22] [3][14] [3][9] [3][4] [3][0] [4][0] [4][7] [4][9] [4][17] [4][19] [4][29] [4][31] [4][39] [4][46] [5][46] [5][42] [5][46] [6][46] [7][46] [8][46] [8][42] [8][46] [9][46] [9][31] [9][23] [9][13] [9][11] [9][0] [8][0] [8][10] [8][12] [8][10] [8][0] [7][0] [7][5] [7][9] [7][10] [7][11] [7][13] [7][11] [7][10] [7][9] [7][5] [7][0] [6][0] [6][6] [6][0] [5][0] [4][0] [3][0] [2][0] [1][0] [0][0] 
[0][0] [0][0] [0][0] [0][2] [0][3] [0][4] [0][5] [0][6] [0][9] [0][11] [0][13] [0][16] [0][19] [0][21] [0][22] [0][25] [0][26] [0][27] [0][28] [0][29] [0][32] [0][34] [0][35] [0][36] [0][37] [0][40] [0][41] [0][43] [0][44] [0][45] [0][46] [1][46] [2][46] [3][46] [3][45] [3][38] [3][35] [3][27] [3][22] [3][21] [3][8] [3][5] [3][0] [4][0] [4][18] [4][24] [4][41] [4][44] [4][46] [5][46] [5][45] [5][46] [6][46] [6][37] [6][20] [6][15] [6][12] [6][3] [6][2] [6][0] [7][0] [7][27] [7][28] [7][31] [7][46] [8][46] [9][46] [9][45] [9][34] [9][45] [9][46] [8][46] [8][35] [8][31] [8][28] [8][22] [8][15] [8][14] [8][3] [8][0] [7][0] [6][0] [5][0] [5][3] [5][8] [5][12] [5][14] [5][12] [5][8] [5][3] [5][0] [4][0] [3][0] [2][0] [1][0] [0][0] 
[0][0] [0][0] [0][0] [0][1] [0][2] [0][3] [0][7] [0][8] [0][12] [0][14] [0][15] [0][16] [0][18] [0][21] [0][24] [0][25] [0][26] [0][27] [0][28] [0][30] [0][31] [0][32] [0][36] [0][37] [0][38] [0][40] [0][41] [0][44] [0][46] [1][46] [2][46] [3][46] [4][46] [4][44] [4][43] [4][37] [4][22] [4][15] [4][12] [4][10] [4][8] [4][0] [5][0] [5][1] [5][10] [5][14] [5][31] [5][43] [5][46] [6][46] [6][36] [6][34] [6][31] [6][29] [6][12] [6][0] [7][0] [7][2] [7][8] [7][13] [7][19] [7][20] [7][22] [7][46] [8][46] [8][37] [8][46] [9][46] [9][42] [9][29] [9][26] [9][25] [9][21] [9][10] [9][2] [9][1] [9][0] [8][0] [7][0] [6][0] [5][0] [4][0] [3][0] [3][2] [3][4] [3][16] [3][4] [3][2] [3][0] [2][0] [1][0] [0][0] 
[0][0] [0][0] [0][0] [0][1] [0][2] [0][4] [0][5] [0][7] [0][8] [0][10] [0][11] [0][12] [0][18] [0][19] [0][20] [0][21] [0][22] [0][26] [0][27] [0][28] [0][29] [0][35] [0][37] [0][39] [0][40] [0][44] [0][46] [1][46] [2][46] [3][46] [3][43] [3][30] [3][26] [3][21] [3][26] [3][30] [3][43] [3][46] [4][46] [4][38] [4][37] [4][34] [4][37] [4][38] [4][46] [5][46] [5][41] [5][38] [5][36] [5][33] [5][27] [5][18] [5][15] [5][11] [5][0] [6][0] [6][3] [6][10] [6][22] [6][26] [6][32] [6][35] [6][37] [6][45] [6][46] [7][46] [7][36] [7][33] [7][18] [7][6] [7][0] [8][0] [8][3] [8][12] [8][3] [8][0] [9][0] [9][18] [9][22] [9][25] [9][22] [9][18] [9][0] [8][0] [7][0] [6][0] [5][0] [4][0] [4][3] [4][0] [3][0] [2][0] [1][0] [0][0] 
[0][0] [0][0] [0][0] [0][1] [0][3] [0][4] [0][6] [0][8] [0][9] [0][10] [0][16] [0][17] [0][18] [0][19] [0][22] [0][23] [0][25] [0][28] [0][29] [0][30] [0][38] [0][39] [0][40] [0][41] [0][42] [0][43] [0][44] [0][46] [1][46] [2][46] [3][46] [3][44] [3][36] [3][25] [3][18] [3][0] [4][0] [4][5] [4][0] [5][0] [5][6] [5][23] [5][29] [5][35] [5][46] [4][46] [4][38] [4][36] [4][38] [4][46] [5][46] [6][46] [6][39] [6][37] [6][33] [6][37] [6][39] [6][46] [7][46] [7][42] [7][35] [7][42] [7][46] [8][46] [8][31] [8][24] [8][2] [8][0] [7][0] [6][0] [5][0] [4][0] [3][0] [2][0] [1][0] [0][0] 
