9924
501.087
/home/fflorenci/jobprp_ga/reduced_instances/henn/abc1/reduced_warehouse_62.lyt
/home/fflorenci/jobprp_ga/reduced_instances/henn/abc1/reduced_warehouse_62s-80-45-0.ord
80
45
14
340
120
1
16 21 8 14 23 9 20 17 18 21 13 24 18 21 15 13 12 14 10 17 17 11 9 12 13 20 13 19 11 12 18 8 14 18 8 19 23 7 7 21 17 20 22 9 8 5 23 9 24 18 15 23 20 19 23 7 19 20 21 10 9 13 18 14 14 7 18 21 22 23 18 12 18 13 6 23 19 21 9 9 
29
44 63 60 2 74 
20 26 34 55 
61 15 21 65 
5 32 10 78 
29 18 28 79 
68 47 22 45 
37 38 70 73 
64 72 43 
12 14 71 
56 66 31 
25 59 50 
62 17 24 
0 40 16 
30 3 23 
8 46 
19 54 
7 33 
27 52 
49 75 
58 67 
1 4 
51 53 
39 42 
77 6 
13 36 
11 41 
69 35 
9 48 
57 76 
258
252
280
354
332
318
350
326
410
334
346
306
314
336
278
402
390
384
398
346
322
358
340
342
390
314
368
402
374
[0][0] [0][0] [0][0] [0][1] [0][2] [0][4] [0][6] [0][7] [0][12] [0][13] [0][14] [0][15] [0][17] [0][18] [0][20] [0][21] [0][22] [0][25] [0][27] [0][28] [0][30] [0][35] [0][38] [0][39] [0][40] [0][41] [0][42] [0][46] [1][46] [2][46] [3][46] [3][43] [3][46] [4][46] [4][38] [4][36] [4][38] [4][46] [5][46] [5][45] [5][43] [5][28] [5][43] [5][45] [5][46] [6][46] [7][46] [8][46] [8][45] [8][46] [9][46] [9][29] [9][24] [9][17] [9][13] [9][7] [9][0] [8][0] [7][0] [7][10] [7][0] [6][0] [5][0] [4][0] [4][1] [4][0] [3][0] [2][0] [1][0] [0][0] 
[0][0] [0][0] [0][0] [0][1] [0][2] [0][4] [0][6] [0][10] [0][11] [0][12] [0][13] [0][14] [0][15] [0][16] [0][19] [0][23] [0][27] [0][30] [0][32] [0][34] [0][37] [0][38] [0][40] [0][41] [0][42] [0][43] [0][44] [0][45] [0][46] [1][46] [2][46] [3][46] [3][44] [3][36] [3][44] [3][46] [4][46] [5][46] [6][46] [7][46] [8][46] [8][43] [8][42] [8][35] [8][23] [8][35] [8][42] [8][43] [8][46] [7][46] [7][44] [7][38] [7][28] [7][12] [7][8] [7][0] [6][0] [5][0] [5][1] [5][10] [5][1] [5][0] [4][0] [3][0] [2][0] [1][0] [0][0] 
[0][0] [0][0] [0][0] [0][1] [0][5] [0][6] [0][7] [0][8] [0][9] [0][11] [0][12] [0][13] [0][22] [0][27] [0][28] [0][33] [0][34] [0][35] [0][37] [0][38] [0][39] [0][46] [1][46] [2][46] [3][46] [3][45] [3][34] [3][45] [3][46] [4][46] [4][44] [4][46] [5][46] [5][33] [5][20] [5][16] [5][4] [5][0] [6][0] [6][1] [6][3] [6][32] [6][33] [6][37] [6][38] [6][40] [6][45] [6][46] [7][46] [7][31] [7][19] [7][4] [7][0] [6][0] [5][0] [4][0] [4][1] [4][3] [4][1] [4][0] [3][0] [2][0] [1][0] [0][0] 
[0][0] [0][0] [0][0] [0][4] [0][5] [0][6] [0][7] [0][8] [0][12] [0][16] [0][19] [0][20] [0][22] [0][23] [0][27] [0][31] [0][32] [0][33] [0][34] [0][39] [0][46] [1][46] [2][46] [3][46] [3][24] [3][19] [3][11] [3][3] [3][0] [4][0] [4][11] [4][22] [4][26] [4][29] [4][46] [5][46] [5][30] [5][46] [6][46] [6][38] [6][29] [6][38] [6][46] [7][46] [8][46] [8][43] [8][30] [8][29] [8][28] [8][26] [8][15] [8][9] [8][1] [8][0] [9][0] [9][1] [9][5] [9][1] [9][0] [8][0] [7][0] [6][0] [6][6] [6][0] [5][0] [4][0] [3][0] [2][0] [1][0] [0][0] 
[0][0] [0][0] [0][0] [0][1] [0][2] [0][5] [0][6] [0][11] [0][12] [0][14] [0][21] [0][24] [0][26] [0][27] [0][30] [0][36] [0][37] [0][39] [0][40] [0][45] [0][46] [1][46] [2][46] [3][46] [3][34] [3][32] [3][22] [3][21] [3][20] [3][0] [4][0] [5][0] [5][4] [5][0] [6][0] [6][6] [6][0] [7][0] [7][7] [7][21] [7][34] [7][46] [8][46] [8][39] [8][24] [8][39] [8][46] [9][46] [9][37] [9][34] [9][30] [9][27] [9][23] [9][19] [9][9] [9][3] [9][0] [8][0] [7][0] [6][0] [5][0] [4][0] [3][0] [2][0] [1][0] [0][0] 
[0][0] [0][0] [0][0] [0][1] [0][4] [0][7] [0][10] [0][11] [0][13] [0][16] [0][19] [0][20] [0][22] [0][24] [0][25] [0][28] [0][30] [0][31] [0][33] [0][34] [0][39] [0][42] [0][44] [0][46] [1][46] [2][46] [3][46] [3][29] [3][16] [3][10] [3][8] [3][7] [3][0] [4][0] [4][5] [4][11] [4][21] [4][40] [4][42] [4][45] [4][46] [5][46] [5][39] [5][37] [5][29] [5][23] [5][29] [5][37] [5][39] [5][46] [6][46] [6][40] [6][46] [7][46] [8][46] [8][43] [8][46] [7][46] [7][44] [7][30] [7][29] [7][19] [7][0] [6][0] [5][0] [4][0] [3][0] [2][0] [1][0] [0][0] 
[0][0] [0][0] [0][0] [0][1] [0][11] [0][13] [0][17] [0][19] [0][20] [0][21] [0][22] [0][23] [0][27] [0][32] [0][35] [0][36] [0][37] [0][39] [0][40] [0][41] [0][42] [0][44] [0][45] [0][46] [1][46] [2][46] [3][46] [4][46] [5][46] [6][46] [6][45] [6][40] [6][32] [6][24] [6][32] [6][40] [6][45] [6][46] [7][46] [7][44] [7][39] [7][35] [7][26] [7][35] [7][39] [7][44] [7][46] [8][46] [8][38] [8][18] [8][0] [9][0] [9][21] [9][22] [9][24] [9][27] [9][30] [9][31] [9][39] [9][46] [8][46] [7][46] [6][46] [5][46] [4][46] [4][37] [4][29] [4][22] [4][15] [4][3] [4][0] [3][0] [2][0] [1][0] [0][0] 
[0][0] [0][0] [0][0] [0][1] [0][5] [0][7] [0][11] [0][13] [0][14] [0][15] [0][20] [0][22] [0][23] [0][24] [0][29] [0][30] [0][31] [0][33] [0][42] [0][43] [0][45] [0][46] [1][46] [2][46] [3][46] [4][46] [4][29] [4][26] [4][25] [4][16] [4][13] [4][2] [4][0] [5][0] [5][2] [5][14] [5][25] [5][26] [5][35] [5][46] [6][46] [7][46] [7][33] [7][46] [8][46] [8][43] [8][41] [8][43] [8][46] [7][46] [6][46] [6][34] [6][31] [6][15] [6][5] [6][3] [6][0] [7][0] [7][5] [7][0] [8][0] [8][2] [8][0] [7][0] [6][0] [5][0] [4][0] [3][0] [2][0] [1][0] [0][0] 
[0][0] [0][0] [0][0] [0][2] [0][6] [0][8] [0][10] [0][13] [0][15] [0][17] [0][20] [0][21] [0][26] [0][27] [0][34] [0][37] [0][42] [0][43] [0][44] [0][45] [0][46] [1][46] [2][46] [3][46] [3][45] [3][27] [3][18] [3][0] [4][0] [4][16] [4][25] [4][16] [4][0] [5][0] [5][11] [5][24] [5][37] [5][38] [5][46] [6][46] [7][46] [7][45] [7][37] [7][27] [7][22] [7][16] [7][13] [7][0] [8][0] [8][13] [8][24] [8][27] [8][34] [8][36] [8][39] [8][46] [9][46] [9][26] [9][19] [9][2] [9][0] [8][0] [7][0] [6][0] [5][0] [4][0] [3][0] [2][0] [1][0] [0][0] 
[0][0] [0][0] [0][0] [0][7] [0][10] [0][11] [0][12] [0][14] [0][15] [0][16] [0][18] [0][19] [0][21] [0][23] [0][24] [0][26] [0][30] [0][31] [0][33] [0][37] [0][38] [0][46] [1][46] [2][46] [3][46] [3][34] [3][31] [3][13] [3][0] [4][0] [4][13] [4][20] [4][26] [4][33] [4][44] [4][46] [5][46] [6][46] [6][43] [6][33] [6][43] [6][46] [7][46] [8][46] [8][44] [8][38] [8][30] [8][28] [8][27] [8][28] [8][30] [8][38] [8][44] [8][46] [7][46] [7][30] [7][28] [7][26] [7][8] [7][0] [8][0] [8][2] [8][0] [7][0] [6][0] [5][0] [4][0] [3][0] [2][0] [1][0] [0][0] 
[0][0] [0][0] [0][0] [0][1] [0][4] [0][7] [0][9] [0][13] [0][17] [0][18] [0][21] [0][25] [0][26] [0][27] [0][29] [0][33] [0][34] [0][35] [0][38] [0][40] [0][45] [0][46] [1][46] [2][46] [3][46] [3][40] [3][23] [3][17] [3][14] [3][9] [3][0] [4][0] [4][16] [4][21] [4][31] [4][41] [4][46] [5][46] [5][37] [5][46] [6][46] [7][46] [7][28] [7][24] [7][22] [7][21] [7][12] [7][0] [8][0] [8][2] [8][0] [7][0] [6][0] [6][18] [6][20] [6][21] [6][24] [6][21] [6][20] [6][18] [6][0] [5][0] [5][6] [5][9] [5][6] [5][0] [4][0] [3][0] [2][0] [1][0] [0][0] 
[0][0] [0][0] [0][0] [0][1] [0][3] [0][5] [0][7] [0][8] [0][9] [0][10] [0][11] [0][12] [0][13] [0][17] [0][20] [0][22] [0][23] [0][25] [0][26] [0][27] [0][29] [0][31] [0][33] [0][34] [0][35] [0][36] [0][46] [1][46] [2][46] [3][46] [3][43] [3][30] [3][29] [3][26] [3][29] [3][30] [3][43] [3][46] [4][46] [4][42] [4][46] [5][46] [5][42] [5][29] [5][42] [5][46] [6][46] [7][46] [7][40] [7][29] [7][20] [7][7] [7][0] [8][0] [8][1] [8][0] [7][0] [6][0] [6][9] [6][17] [6][9] [6][0] [5][0] [4][0] [4][9] [4][12] [4][9] [4][0] [3][0] [2][0] [1][0] [0][0] 
[0][0] [0][0] [0][0] [0][3] [0][6] [0][7] [0][8] [0][9] [0][11] [0][14] [0][17] [0][20] [0][23] [0][25] [0][27] [0][28] [0][29] [0][33] [0][34] [0][39] [0][41] [0][44] [0][46] [1][46] [2][46] [3][46] [3][36] [3][22] [3][20] [3][18] [3][10] [3][6] [3][0] [4][0] [5][0] [6][0] [6][1] [6][9] [6][29] [6][31] [6][34] [6][44] [6][46] [7][46] [7][43] [7][37] [7][31] [7][37] [7][43] [7][46] [8][46] [9][46] [9][44] [9][46] [8][46] [8][37] [8][32] [8][31] [8][0] [9][0] [9][2] [9][0] [8][0] [7][0] [6][0] [5][0] [4][0] [3][0] [2][0] [1][0] [0][0] 
[0][0] [0][0] [0][0] [0][2] [0][4] [0][14] [0][17] [0][18] [0][19] [0][23] [0][25] [0][31] [0][32] [0][34] [0][36] [0][37] [0][38] [0][42] [0][43] [0][44] [0][46] [1][46] [2][46] [3][46] [3][43] [3][39] [3][43] [3][46] [4][46] [5][46] [5][35] [5][34] [5][28] [5][20] [5][2] [5][0] [6][0] [6][1] [6][6] [6][23] [6][29] [6][46] [7][46] [7][35] [7][46] [8][46] [8][42] [8][46] [9][46] [9][36] [9][25] [9][22] [9][11] [9][0] [8][0] [8][2] [8][0] [7][0] [7][10] [7][12] [7][10] [7][0] [6][0] [5][0] [4][0] [3][0] [2][0] [1][0] [0][0] 
[0][0] [0][0] [0][0] [0][1] [0][2] [0][5] [0][8] [0][10] [0][12] [0][15] [0][18] [0][19] [0][21] [0][22] [0][24] [0][28] [0][34] [0][36] [0][37] [0][39] [0][42] [0][43] [0][45] [0][46] [1][46] [2][46] [3][46] [4][46] [5][46] [6][46] [7][46] [7][43] [7][46] [8][46] [8][40] [8][38] [8][40] [8][46] [9][46] [9][27] [9][12] [9][8] [9][2] [9][1] [9][0] [8][0] [7][0] [7][10] [7][0] [6][0] [5][0] [5][6] [5][8] [5][6] [5][0] [4][0] [4][21] [4][0] [3][0] [3][1] [3][0] [2][0] [1][0] [0][0] 
[0][0] [0][0] [0][0] [0][1] [0][5] [0][12] [0][16] [0][21] [0][22] [0][23] [0][27] [0][29] [0][34] [0][35] [0][36] [0][40] [0][46] [1][46] [2][46] [3][46] [3][43] [3][33] [3][43] [3][46] [4][46] [4][39] [4][28] [4][16] [4][9] [4][1] [4][0] [5][0] [5][4] [5][26] [5][29] [5][46] [6][46] [7][46] [7][43] [7][36] [7][43] [7][46] [8][46] [8][37] [8][46] [9][46] [9][35] [9][31] [9][22] [9][21] [9][0] [8][0] [8][3] [8][0] [7][0] [7][12] [7][0] [6][0] [6][4] [6][14] [6][16] [6][20] [6][16] [6][14] [6][4] [6][0] [5][0] [4][0] [3][0] [3][2] [3][0] [2][0] [1][0] [0][0] 
[0][0] [0][0] [0][0] [0][6] [0][7] [0][8] [0][13] [0][19] [0][20] [0][23] [0][28] [0][31] [0][36] [0][39] [0][40] [0][41] [0][46] [1][46] [2][46] [3][46] [3][25] [3][19] [3][0] [4][0] [4][2] [4][13] [4][27] [4][34] [4][46] [5][46] [5][39] [5][28] [5][19] [5][14] [5][3] [5][0] [6][0] [6][11] [6][12] [6][11] [6][0] [7][0] [7][19] [7][28] [7][46] [8][46] [8][42] [8][46] [9][46] [9][39] [9][34] [9][21] [9][15] [9][0] [8][0] [7][0] [6][0] [5][0] [4][0] [3][0] [2][0] [1][0] [0][0] 
[0][0] [0][0] [0][0] [0][1] [0][2] [0][7] [0][11] [0][13] [0][19] [0][20] [0][21] [0][24] [0][27] [0][29] [0][30] [0][34] [0][35] [0][36] [0][37] [0][41] [0][46] [1][46] [2][46] [3][46] [3][28] [3][24] [3][28] [3][46] [4][46] [4][35] [4][32] [4][35] [4][46] [5][46] [5][28] [5][17] [5][7] [5][0] [6][0] [6][8] [6][17] [6][27] [6][43] [6][46] [7][46] [7][43] [7][39] [7][29] [7][25] [7][29] [7][39] [7][43] [7][46] [8][46] [9][46] [9][42] [9][46] [8][46] [8][30] [8][24] [8][22] [8][17] [8][0] [7][0] [6][0] [5][0] [4][0] [3][0] [2][0] [1][0] [0][0] 
[0][0] [0][0] [0][0] [0][3] [0][6] [0][7] [0][8] [0][11] [0][12] [0][16] [0][17] [0][18] [0][22] [0][24] [0][26] [0][28] [0][33] [0][38] [0][39] [0][40] [0][42] [0][44] [0][46] [1][46] [2][46] [3][46] [4][46] [4][44] [4][36] [4][29] [4][36] [4][44] [4][46] [5][46] [5][40] [5][37] [5][40] [5][46] [6][46] [6][42] [6][23] [6][15] [6][6] [6][0] [7][0] [7][9] [7][0] [8][0] [9][0] [9][5] [9][14] [9][23] [9][14] [9][5] [9][0] [8][0] [8][10] [8][31] [8][40] [8][46] [7][46] [7][37] [7][46] [6][46] [5][46] [4][46] [3][46] [3][23] [3][22] [3][0] [2][0] [1][0] [0][0] 
[0][0] [0][0] [0][0] [0][1] [0][2] [0][4] [0][8] [0][15] [0][16] [0][22] [0][23] [0][28] [0][29] [0][30] [0][31] [0][34] [0][35] [0][37] [0][40] [0][43] [0][44] [0][46] [1][46] [2][46] [3][46] [3][34] [3][20] [3][9] [3][0] [4][0] [4][3] [4][11] [4][19] [4][28] [4][36] [4][46] [5][46] [5][41] [5][38] [5][41] [5][46] [6][46] [6][43] [6][28] [6][23] [6][28] [6][43] [6][46] [7][46] [7][43] [7][46] [8][46] [9][46] [9][33] [9][31] [9][4] [9][0] [8][0] [7][0] [6][0] [5][0] [5][7] [5][0] [4][0] [3][0] [2][0] [1][0] [0][0] 
[0][0] [0][0] [0][0] [0][4] [0][5] [0][6] [0][7] [0][8] [0][9] [0][10] [0][12] [0][14] [0][16] [0][23] [0][24] [0][25] [0][26] [0][27] [0][29] [0][30] [0][31] [0][36] [0][38] [0][41] [0][44] [0][45] [0][46] [1][46] [2][46] [3][46] [3][33] [3][31] [3][28] [3][24] [3][23] [3][22] [3][12] [3][0] [4][0] [5][0] [5][2] [5][16] [5][19] [5][16] [5][2] [5][0] [6][0] [6][3] [6][8] [6][21] [6][23] [6][46] [7][46] [8][46] [8][44] [8][46] [9][46] [9][36] [9][29] [9][12] [9][0] [8][0] [7][0] [7][6] [7][0] [6][0] [5][0] [4][0] [3][0] [2][0] [1][0] [0][0] 
[0][0] [0][0] [0][0] [0][1] [0][2] [0][3] [0][11] [0][13] [0][15] [0][17] [0][23] [0][26] [0][28] [0][32] [0][33] [0][34] [0][38] [0][41] [0][43] [0][44] [0][46] [1][46] [2][46] [3][46] [3][44] [3][42] [3][44] [3][46] [4][46] [4][37] [4][33] [4][27] [4][33] [4][37] [4][46] [5][46] [5][45] [5][25] [5][24] [5][12] [5][0] [6][0] [6][12] [6][0] [7][0] [7][15] [7][33] [7][35] [7][46] [8][46] [8][39] [8][36] [8][32] [8][24] [8][9] [8][2] [8][0] [7][0] [6][0] [5][0] [4][0] [3][0] [3][13] [3][16] [3][13] [3][0] [2][0] [1][0] [0][0] 
[0][0] [0][0] [0][0] [0][2] [0][4] [0][8] [0][9] [0][11] [0][12] [0][14] [0][15] [0][21] [0][22] [0][23] [0][34] [0][38] [0][44] [0][46] [1][46] [2][46] [3][46] [4][46] [5][46] [5][44] [5][41] [5][36] [5][41] [5][44] [5][46] [6][46] [7][46] [7][42] [7][40] [7][36] [7][27] [7][0] [8][0] [8][2] [8][7] [8][11] [8][15] [8][18] [8][19] [8][36] [8][37] [8][39] [8][46] [9][46] [9][42] [9][21] [9][15] [9][4] [9][0] [8][0] [7][0] [6][0] [5][0] [5][5] [5][0] [4][0] [4][3] [4][0] [3][0] [3][2] [3][4] [3][18] [3][4] [3][2] [3][0] [2][0] [1][0] [0][0] 
[0][0] [0][0] [0][0] [0][1] [0][2] [0][7] [0][9] [0][10] [0][11] [0][18] [0][19] [0][27] [0][28] [0][31] [0][33] [0][35] [0][37] [0][38] [0][40] [0][45] [0][46] [1][46] [2][46] [3][46] [4][46] [4][33] [4][26] [4][25] [4][26] [4][33] [4][46] [5][46] [5][38] [5][33] [5][38] [5][46] [6][46] [7][46] [8][46] [8][44] [8][46] [9][46] [9][45] [9][38] [9][30] [9][2] [9][0] [8][0] [8][15] [8][16] [8][15] [8][0] [7][0] [7][1] [7][11] [7][15] [7][17] [7][15] [7][11] [7][1] [7][0] [6][0] [6][3] [6][6] [6][12] [6][6] [6][3] [6][0] [5][0] [4][0] [4][3] [4][0] [3][0] [2][0] [1][0] [0][0] 
[0][0] [0][0] [0][0] [0][3] [0][11] [0][12] [0][15] [0][19] [0][21] [0][22] [0][24] [0][27] [0][35] [0][38] [0][40] [0][44] [0][45] [0][46] [1][46] [2][46] [3][46] [3][34] [3][27] [3][15] [3][0] [4][0] [4][3] [4][8] [4][13] [4][17] [4][19] [4][32] [4][35] [4][36] [4][46] [5][46] [6][46] [6][30] [6][46] [7][46] [7][41] [7][31] [7][16] [7][12] [7][10] [7][0] [8][0] [9][0] [9][16] [9][26] [9][28] [9][30] [9][46] [8][46] [7][46] [6][46] [5][46] [5][44] [5][36] [5][27] [5][19] [5][0] [4][0] [3][0] [2][0] [1][0] [0][0] 
[0][0] [0][0] [0][0] [0][1] [0][2] [0][4] [0][6] [0][8] [0][9] [0][13] [0][14] [0][22] [0][23] [0][25] [0][27] [0][30] [0][32] [0][35] [0][37] [0][41] [0][42] [0][43] [0][44] [0][46] [1][46] [2][46] [3][46] [3][34] [3][24] [3][10] [3][0] [4][0] [4][23] [4][24] [4][46] [5][46] [6][46] [6][45] [6][46] [7][46] [7][38] [7][34] [7][25] [7][21] [7][9] [7][1] [7][0] [8][0] [8][4] [8][0] [7][0] [6][0] [6][19] [6][0] [5][0] [5][3] [5][4] [5][3] [5][0] [4][0] [3][0] [2][0] [1][0] [0][0] 
[0][0] [0][0] [0][0] [0][5] [0][6] [0][9] [0][11] [0][13] [0][14] [0][17] [0][23] [0][25] [0][28] [0][29] [0][37] [0][38] [0][42] [0][43] [0][46] [1][46] [2][46] [3][46] [3][34] [3][23] [3][14] [3][7] [3][3] [3][0] [4][0] [4][9] [4][0] [5][0] [5][2] [5][21] [5][22] [5][34] [5][46] [6][46] [6][44] [6][32] [6][19] [6][15] [6][10] [6][0] [7][0] [7][23] [7][26] [7][27] [7][33] [7][38] [7][46] [8][46] [8][44] [8][43] [8][17] [8][12] [8][0] [7][0] [6][0] [5][0] [4][0] [3][0] [2][0] [1][0] [0][0] 
[0][0] [0][0] [0][0] [0][1] [0][3] [0][6] [0][19] [0][21] [0][22] [0][24] [0][29] [0][33] [0][36] [0][37] [0][39] [0][41] [0][43] [0][46] [1][46] [2][46] [3][46] [3][34] [3][25] [3][0] [4][0] [4][14] [4][28] [4][46] [5][46] [5][44] [5][46] [6][46] [6][41] [6][32] [6][15] [6][0] [7][0] [7][7] [7][9] [7][19] [7][21] [7][25] [7][31] [7][34] [7][42] [7][46] [8][46] [8][44] [8][46] [9][46] [9][42] [9][40] [9][30] [9][28] [9][26] [9][22] [9][0] [8][0] [8][12] [8][14] [8][12] [8][0] [7][0] [6][0] [5][0] [5][5] [5][0] [4][0] [3][0] [2][0] [1][0] [0][0] 
[0][0] [0][0] [0][0] [0][1] [0][2] [0][8] [0][10] [0][11] [0][12] [0][14] [0][15] [0][20] [0][21] [0][22] [0][26] [0][34] [0][35] [0][38] [0][41] [0][42] [0][43] [0][46] [1][46] [2][46] [3][46] [3][34] [3][10] [3][0] [4][0] [4][2] [4][18] [4][21] [4][18] [4][2] [4][0] [5][0] [5][21] [5][24] [5][45] [5][46] [6][46] [6][43] [6][40] [6][43] [6][46] [7][46] [8][46] [8][34] [8][27] [8][0] [9][0] [9][15] [9][16] [9][18] [9][16] [9][15] [9][0] [8][0] [7][0] [6][0] [6][6] [6][8] [6][6] [6][0] [5][0] [4][0] [3][0] [2][0] [1][0] [0][0] 
