5676
290.231
/home/fflorenci/jobprp_ga/reduced_instances/henn/abc1/reduced_warehouse_39.lyt
/home/fflorenci/jobprp_ga/reduced_instances/henn/abc1/reduced_warehouse_39s-60-60-0.ord
60
60
30
340
120
1
18 19 14 19 15 16 14 11 8 17 12 23 5 10 13 13 22 23 12 14 11 12 13 16 21 8 15 17 19 22 18 13 5 10 8 16 19 18 16 5 19 15 19 21 13 6 6 15 21 13 21 10 20 13 11 14 20 24 20 13 
16
13 8 20 45 38 46 
25 18 10 41 12 
22 54 2 33 34 
50 28 19 39 
9 55 44 4 
3 6 5 7 
14 53 37 23 
15 31 26 30 
48 24 49 32 
47 59 1 21 
0 40 29 
16 43 35 
57 17 51 
36 27 11 
42 52 56 
58 
284
318
354
336
366
390
376
422
388
332
340
396
394
330
420
230
[0][0] [0][0] [0][0] [0][2] [0][5] [0][7] [0][10] [0][12] [0][17] [0][18] [0][19] [0][20] [0][23] [0][25] [0][28] [0][29] [0][30] [0][31] [0][32] [0][33] [0][36] [0][38] [0][39] [0][41] [0][44] [0][45] [0][46] [1][46] [2][46] [3][46] [3][43] [3][38] [3][37] [3][33] [3][37] [3][38] [3][43] [3][46] [4][46] [4][45] [4][41] [4][40] [4][41] [4][45] [4][46] [5][46] [6][46] [7][46] [8][46] [8][40] [8][39] [8][40] [8][46] [7][46] [6][46] [6][38] [6][26] [6][24] [6][12] [6][10] [6][0] [7][0] [7][3] [7][4] [7][13] [7][4] [7][3] [7][0] [8][0] [8][1] [8][2] [8][1] [8][0] [7][0] [6][0] [5][0] [4][0] [4][1] [4][0] [3][0] [3][8] [3][0] [2][0] [1][0] [0][0] 
[0][0] [0][0] [0][0] [0][1] [0][5] [0][7] [0][9] [0][10] [0][14] [0][16] [0][17] [0][19] [0][22] [0][24] [0][25] [0][27] [0][30] [0][31] [0][32] [0][33] [0][38] [0][39] [0][44] [0][45] [0][46] [1][46] [2][46] [3][46] [3][36] [3][30] [3][23] [3][30] [3][36] [3][46] [4][46] [5][46] [6][46] [7][46] [7][44] [7][43] [7][44] [7][46] [8][46] [8][42] [8][38] [8][34] [8][25] [8][23] [8][12] [8][0] [9][0] [9][9] [9][18] [9][30] [9][45] [9][46] [8][46] [7][46] [6][46] [5][46] [4][46] [4][36] [4][21] [4][18] [4][17] [4][1] [4][0] [3][0] [2][0] [1][0] [0][0] 
[0][0] [0][0] [0][0] [0][2] [0][3] [0][4] [0][7] [0][8] [0][9] [0][12] [0][13] [0][15] [0][18] [0][20] [0][21] [0][22] [0][24] [0][27] [0][29] [0][31] [0][32] [0][34] [0][35] [0][40] [0][42] [0][45] [0][46] [1][46] [2][46] [3][46] [3][43] [3][46] [4][46] [5][46] [5][42] [5][34] [5][20] [5][17] [5][13] [5][0] [6][0] [6][4] [6][22] [6][23] [6][46] [7][46] [7][44] [7][33] [7][27] [7][33] [7][44] [7][46] [8][46] [9][46] [9][40] [9][27] [9][22] [9][20] [9][17] [9][10] [9][0] [8][0] [7][0] [6][0] [5][0] [4][0] [4][5] [4][7] [4][8] [4][7] [4][5] [4][0] [3][0] [3][1] [3][11] [3][14] [3][11] [3][1] [3][0] [2][0] [1][0] [0][0] 
[0][0] [0][0] [0][0] [0][1] [0][2] [0][4] [0][5] [0][6] [0][7] [0][8] [0][9] [0][12] [0][13] [0][16] [0][17] [0][19] [0][20] [0][24] [0][25] [0][26] [0][27] [0][28] [0][32] [0][34] [0][40] [0][41] [0][42] [0][43] [0][46] [1][46] [2][46] [3][46] [4][46] [5][46] [5][43] [5][38] [5][37] [5][35] [5][34] [5][33] [5][31] [5][25] [5][31] [5][33] [5][34] [5][35] [5][37] [5][38] [5][43] [5][46] [6][46] [7][46] [7][44] [7][34] [7][25] [7][18] [7][2] [7][0] [6][0] [6][2] [6][13] [6][2] [6][0] [7][0] [8][0] [8][6] [8][9] [8][12] [8][17] [8][35] [8][38] [8][43] [8][46] [7][46] [6][46] [5][46] [4][46] [3][46] [3][45] [3][34] [3][33] [3][32] [3][24] [3][6] [3][0] [2][0] [1][0] [0][0] 
[0][0] [0][0] [0][0] [0][1] [0][3] [0][4] [0][10] [0][14] [0][15] [0][18] [0][19] [0][20] [0][22] [0][23] [0][26] [0][28] [0][32] [0][34] [0][36] [0][38] [0][40] [0][44] [0][46] [1][46] [2][46] [3][46] [3][44] [3][43] [3][34] [3][30] [3][25] [3][9] [3][3] [3][0] [4][0] [4][4] [4][7] [4][14] [4][16] [4][23] [4][26] [4][30] [4][36] [4][42] [4][46] [5][46] [5][42] [5][23] [5][20] [5][18] [5][0] [6][0] [6][3] [6][7] [6][16] [6][23] [6][34] [6][38] [6][40] [6][46] [7][46] [8][46] [8][45] [8][36] [8][35] [8][30] [8][28] [8][6] [8][0] [9][0] [9][2] [9][3] [9][2] [9][0] [8][0] [7][0] [6][0] [5][0] [4][0] [3][0] [2][0] [1][0] [0][0] 
[0][0] [0][0] [0][0] [0][1] [0][2] [0][4] [0][7] [0][8] [0][9] [0][11] [0][12] [0][17] [0][18] [0][22] [0][23] [0][26] [0][35] [0][37] [0][39] [0][41] [0][45] [0][46] [1][46] [2][46] [3][46] [3][39] [3][26] [3][10] [3][8] [3][0] [4][0] [4][2] [4][14] [4][19] [4][25] [4][32] [4][38] [4][46] [5][46] [6][46] [6][44] [6][41] [6][36] [6][31] [6][13] [6][4] [6][0] [7][0] [7][9] [7][22] [7][26] [7][28] [7][30] [7][46] [8][46] [9][46] [9][43] [9][42] [9][32] [9][31] [9][32] [9][42] [9][43] [9][46] [8][46] [8][35] [8][34] [8][33] [8][27] [8][10] [8][0] [7][0] [6][0] [5][0] [5][1] [5][0] [4][0] [3][0] [2][0] [1][0] [0][0] 
[0][0] [0][0] [0][0] [0][4] [0][7] [0][9] [0][11] [0][15] [0][17] [0][23] [0][26] [0][27] [0][29] [0][30] [0][31] [0][33] [0][35] [0][37] [0][38] [0][40] [0][41] [0][46] [1][46] [2][46] [3][46] [4][46] [4][37] [4][46] [5][46] [6][46] [6][28] [6][17] [6][9] [6][4] [6][2] [6][1] [6][0] [7][0] [8][0] [8][5] [8][20] [8][29] [8][39] [8][46] [9][46] [9][38] [9][28] [9][26] [9][21] [9][18] [9][16] [9][15] [9][14] [9][4] [9][1] [9][0] [8][0] [7][0] [7][2] [7][7] [7][17] [7][21] [7][36] [7][37] [7][43] [7][46] [6][46] [5][46] [4][46] [3][46] [3][41] [3][27] [3][26] [3][24] [3][17] [3][14] [3][8] [3][2] [3][0] [2][0] [1][0] [0][0] 
[0][0] [0][0] [0][0] [0][3] [0][4] [0][5] [0][9] [0][10] [0][11] [0][12] [0][14] [0][17] [0][18] [0][20] [0][24] [0][26] [0][27] [0][28] [0][29] [0][30] [0][32] [0][33] [0][35] [0][36] [0][38] [0][39] [0][42] [0][43] [0][44] [0][45] [0][46] [1][46] [2][46] [3][46] [3][33] [3][25] [3][1] [3][0] [4][0] [4][11] [4][20] [4][34] [4][46] [5][46] [5][38] [5][27] [5][21] [5][19] [5][16] [5][12] [5][0] [6][0] [6][14] [6][15] [6][35] [6][41] [6][46] [7][46] [7][38] [7][46] [8][46] [9][46] [9][40] [9][33] [9][15] [9][6] [9][0] [8][0] [8][5] [8][22] [8][23] [8][22] [8][5] [8][0] [7][0] [7][1] [7][0] [6][0] [5][0] [4][0] [3][0] [2][0] [1][0] [0][0] 
[0][0] [0][0] [0][0] [0][1] [0][2] [0][3] [0][8] [0][9] [0][10] [0][12] [0][14] [0][16] [0][17] [0][18] [0][19] [0][22] [0][23] [0][24] [0][28] [0][29] [0][30] [0][31] [0][35] [0][37] [0][38] [0][39] [0][42] [0][45] [0][46] [1][46] [2][46] [3][46] [3][38] [3][46] [4][46] [5][46] [5][43] [5][33] [5][30] [5][26] [5][30] [5][33] [5][43] [5][46] [6][46] [7][46] [7][36] [7][24] [7][12] [7][0] [8][0] [8][2] [8][3] [8][13] [8][15] [8][21] [8][31] [8][36] [8][43] [8][46] [9][46] [9][38] [9][17] [9][6] [9][5] [9][0] [8][0] [7][0] [6][0] [6][14] [6][17] [6][14] [6][0] [5][0] [4][0] [4][4] [4][10] [4][4] [4][0] [3][0] [3][6] [3][0] [2][0] [1][0] [0][0] 
[0][0] [0][0] [0][0] [0][1] [0][9] [0][12] [0][13] [0][14] [0][16] [0][17] [0][18] [0][20] [0][22] [0][24] [0][25] [0][26] [0][27] [0][28] [0][29] [0][32] [0][37] [0][40] [0][42] [0][44] [0][45] [0][46] [1][46] [2][46] [3][46] [4][46] [4][45] [4][44] [4][45] [4][46] [5][46] [5][37] [5][36] [5][34] [5][21] [5][15] [5][0] [6][0] [6][1] [6][29] [6][32] [6][46] [7][46] [7][42] [7][36] [7][42] [7][46] [8][46] [9][46] [9][43] [9][38] [9][36] [9][33] [9][31] [9][33] [9][36] [9][38] [9][43] [9][46] [8][46] [8][43] [8][40] [8][39] [8][32] [8][22] [8][19] [8][17] [8][16] [8][10] [8][5] [8][0] [7][0] [7][3] [7][7] [7][3] [7][0] [6][0] [5][0] [4][0] [3][0] [2][0] [1][0] [0][0] 
[0][0] [0][0] [0][0] [0][1] [0][3] [0][4] [0][5] [0][6] [0][8] [0][11] [0][13] [0][15] [0][17] [0][19] [0][21] [0][22] [0][23] [0][25] [0][27] [0][28] [0][31] [0][34] [0][37] [0][40] [0][42] [0][45] [0][46] [1][46] [2][46] [3][46] [3][25] [3][13] [3][5] [3][0] [4][0] [4][2] [4][5] [4][19] [4][29] [4][34] [4][35] [4][46] [5][46] [5][45] [5][42] [5][38] [5][42] [5][45] [5][46] [6][46] [7][46] [7][45] [7][31] [7][24] [7][31] [7][45] [7][46] [8][46] [8][41] [8][40] [8][38] [8][34] [8][20] [8][14] [8][12] [8][11] [8][10] [8][7] [8][2] [8][0] [7][0] [7][6] [7][0] [6][0] [5][0] [5][6] [5][0] [4][0] [3][0] [2][0] [1][0] [0][0] 
[0][0] [0][0] [0][0] [0][1] [0][2] [0][3] [0][4] [0][5] [0][6] [0][8] [0][9] [0][10] [0][14] [0][18] [0][19] [0][24] [0][28] [0][32] [0][33] [0][35] [0][36] [0][39] [0][40] [0][42] [0][46] [1][46] [2][46] [3][46] [4][46] [4][43] [4][35] [4][43] [4][46] [5][46] [5][41] [5][36] [5][35] [5][15] [5][0] [6][0] [7][0] [7][8] [7][9] [7][14] [7][24] [7][30] [7][46] [8][46] [8][42] [8][39] [8][31] [8][21] [8][6] [8][5] [8][1] [8][0] [9][0] [9][8] [9][0] [8][0] [7][0] [6][0] [6][9] [6][16] [6][18] [6][21] [6][31] [6][33] [6][37] [6][46] [5][46] [4][46] [3][46] [3][41] [3][40] [3][33] [3][27] [3][23] [3][7] [3][0] [2][0] [1][0] [0][0] 
[0][0] [0][0] [0][0] [0][2] [0][4] [0][5] [0][7] [0][8] [0][11] [0][14] [0][18] [0][19] [0][20] [0][22] [0][24] [0][25] [0][26] [0][28] [0][35] [0][36] [0][40] [0][41] [0][43] [0][45] [0][46] [1][46] [2][46] [3][46] [3][32] [3][29] [3][14] [3][5] [3][3] [3][0] [4][0] [4][26] [4][29] [4][40] [4][42] [4][46] [5][46] [5][43] [5][46] [6][46] [6][37] [6][36] [6][35] [6][33] [6][32] [6][25] [6][24] [6][23] [6][3] [6][1] [6][0] [7][0] [7][7] [7][13] [7][18] [7][26] [7][27] [7][34] [7][37] [7][46] [8][46] [8][40] [8][46] [9][46] [9][41] [9][22] [9][15] [9][0] [8][0] [7][0] [6][0] [5][0] [5][10] [5][0] [4][0] [3][0] [2][0] [1][0] [0][0] 
[0][0] [0][0] [0][0] [0][1] [0][2] [0][4] [0][5] [0][7] [0][8] [0][9] [0][11] [0][12] [0][13] [0][16] [0][17] [0][19] [0][21] [0][24] [0][25] [0][26] [0][27] [0][30] [0][31] [0][32] [0][35] [0][37] [0][38] [0][40] [0][41] [0][43] [0][44] [0][45] [0][46] [1][46] [2][46] [3][46] [3][44] [3][46] [4][46] [4][40] [4][46] [5][46] [5][44] [5][34] [5][21] [5][0] [6][0] [6][1] [6][2] [6][6] [6][2] [6][1] [6][0] [7][0] [7][7] [7][14] [7][24] [7][31] [7][46] [8][46] [9][46] [9][45] [9][37] [9][31] [9][8] [9][7] [9][0] [8][0] [8][11] [8][12] [8][11] [8][0] [7][0] [6][0] [5][0] [4][0] [3][0] [3][1] [3][3] [3][6] [3][3] [3][1] [3][0] [2][0] [1][0] [0][0] 
[0][0] [0][0] [0][0] [0][2] [0][4] [0][7] [0][13] [0][14] [0][16] [0][23] [0][24] [0][25] [0][28] [0][31] [0][33] [0][36] [0][39] [0][41] [0][43] [0][44] [0][45] [0][46] [1][46] [2][46] [3][46] [4][46] [4][42] [4][32] [4][42] [4][46] [5][46] [5][45] [5][33] [5][31] [5][15] [5][9] [5][8] [5][0] [6][0] [6][4] [6][11] [6][15] [6][17] [6][25] [6][34] [6][42] [6][45] [6][46] [7][46] [7][36] [7][32] [7][29] [7][8] [7][0] [8][0] [8][2] [8][20] [8][30] [8][42] [8][46] [9][46] [9][45] [9][42] [9][40] [9][31] [9][14] [9][11] [9][10] [9][4] [9][0] [8][0] [7][0] [6][0] [5][0] [4][0] [3][0] [3][12] [3][13] [3][15] [3][17] [3][15] [3][13] [3][12] [3][0] [2][0] [1][0] [0][0] 
[0][0] [0][0] [0][0] [0][1] [0][8] [0][13] [0][32] [0][36] [0][37] [0][39] [0][41] [0][46] [1][46] [2][46] [3][46] [4][46] [4][44] [4][46] [5][46] [5][42] [5][46] [6][46] [6][39] [6][38] [6][39] [6][46] [7][46] [7][30] [7][15] [7][9] [7][0] [8][0] [8][5] [8][8] [8][5] [8][0] [7][0] [6][0] [6][9] [6][0] [5][0] [4][0] [3][0] [3][2] [3][0] [2][0] [1][0] [0][0] 
