7084
613.926
/home/fflorenci/jobprp_ga/reduced_instances/henn/abc1/reduced_warehouse_72.lyt
/home/fflorenci/jobprp_ga/reduced_instances/henn/abc1/reduced_warehouse_72s-100-75-0.ord
100
75
25
340
120
1
5 21 14 11 20 7 8 18 15 22 9 23 12 22 5 7 21 20 12 5 5 6 12 11 13 17 14 20 11 18 7 18 15 23 5 8 13 7 6 23 23 18 22 21 22 15 23 16 12 9 18 8 6 6 9 17 12 24 21 18 24 13 8 13 7 14 21 11 10 21 6 19 11 14 8 24 15 13 11 15 22 6 15 17 16 12 23 9 13 14 16 16 19 7 11 6 12 10 15 5 
19
26 38 21 20 70 34 93 72 68 99 
23 81 15 3 0 62 64 88 30 
54 73 6 71 5 24 19 
69 56 32 14 95 63 
35 87 46 80 37 53 
76 18 47 55 65 
13 50 82 49 67 
2 12 17 58 51 
79 42 85 61 78 
45 44 77 98 97 
52 22 57 7 10 
28 29 41 86 
90 33 60 94 
96 59 75 66 
36 16 9 84 
92 39 40 74 
27 31 43 48 
4 91 1 89 
83 11 8 25 
302
328
396
336
350
394
406
418
366
416
408
356
360
330
354
370
398
402
394
[0][0] [0][0] [0][0] [0][1] [0][2] [0][3] [0][4] [0][5] [0][6] [0][10] [0][13] [0][14] [0][15] [0][16] [0][19] [0][23] [0][24] [0][27] [0][28] [0][30] [0][31] [0][32] [0][33] [0][34] [0][38] [0][39] [0][40] [0][41] [0][42] [0][45] [0][46] [1][46] [2][46] [3][46] [3][42] [3][46] [4][46] [4][38] [4][30] [4][27] [4][25] [4][20] [4][17] [4][16] [4][10] [4][9] [4][5] [4][0] [5][0] [5][4] [5][8] [5][11] [5][16] [5][21] [5][23] [5][24] [5][29] [5][33] [5][41] [5][46] [6][46] [7][46] [8][46] [8][42] [8][12] [8][8] [8][0] [7][0] [7][2] [7][12] [7][17] [7][18] [7][17] [7][12] [7][2] [7][0] [6][0] [5][0] [4][0] [3][0] [2][0] [1][0] [0][0] 
[0][0] [0][0] [0][0] [0][3] [0][5] [0][7] [0][8] [0][9] [0][11] [0][12] [0][13] [0][15] [0][17] [0][18] [0][20] [0][21] [0][23] [0][25] [0][26] [0][28] [0][29] [0][33] [0][36] [0][37] [0][38] [0][39] [0][40] [0][42] [0][45] [0][46] [1][46] [2][46] [3][46] [3][38] [3][34] [3][38] [3][46] [4][46] [4][43] [4][42] [4][43] [4][46] [5][46] [5][41] [5][38] [5][32] [5][31] [5][24] [5][13] [5][6] [5][1] [5][0] [6][0] [6][6] [6][7] [6][8] [6][13] [6][29] [6][31] [6][34] [6][38] [6][39] [6][46] [7][46] [7][44] [7][34] [7][33] [7][29] [7][24] [7][16] [7][2] [7][0] [6][0] [5][0] [4][0] [4][7] [4][10] [4][15] [4][16] [4][15] [4][10] [4][7] [4][0] [3][0] [3][1] [3][5] [3][9] [3][5] [3][1] [3][0] [2][0] [1][0] [0][0] 
[0][0] [0][0] [0][0] [0][1] [0][2] [0][3] [0][5] [0][6] [0][8] [0][9] [0][10] [0][12] [0][19] [0][20] [0][21] [0][24] [0][28] [0][32] [0][36] [0][37] [0][38] [0][39] [0][40] [0][41] [0][44] [0][45] [0][46] [1][46] [2][46] [3][46] [3][34] [3][27] [3][24] [3][21] [3][20] [3][7] [3][0] [4][0] [4][4] [4][14] [4][20] [4][25] [4][29] [4][37] [4][46] [5][46] [6][46] [7][46] [7][44] [7][30] [7][29] [7][16] [7][15] [7][12] [7][10] [7][6] [7][4] [7][0] [8][0] [8][5] [8][7] [8][13] [8][14] [8][25] [8][32] [8][33] [8][46] [9][46] [9][44] [9][29] [9][27] [9][21] [9][16] [9][8] [9][0] [8][0] [7][0] [6][0] [6][6] [6][7] [6][10] [6][18] [6][10] [6][7] [6][6] [6][0] [5][0] [4][0] [3][0] [2][0] [1][0] [0][0] 
[0][0] [0][0] [0][0] [0][1] [0][2] [0][7] [0][11] [0][12] [0][13] [0][14] [0][16] [0][19] [0][21] [0][22] [0][23] [0][27] [0][28] [0][29] [0][31] [0][33] [0][34] [0][36] [0][37] [0][38] [0][40] [0][42] [0][43] [0][44] [0][46] [1][46] [2][46] [3][46] [4][46] [4][36] [4][46] [5][46] [5][44] [5][33] [5][29] [5][28] [5][3] [5][0] [6][0] [7][0] [7][1] [7][0] [8][0] [9][0] [9][5] [9][7] [9][11] [9][30] [9][31] [9][35] [9][36] [9][38] [9][43] [9][46] [8][46] [8][35] [8][34] [8][35] [8][46] [7][46] [7][44] [7][38] [7][33] [7][38] [7][44] [7][46] [6][46] [5][46] [4][46] [3][46] [3][45] [3][39] [3][37] [3][28] [3][21] [3][3] [3][0] [2][0] [1][0] [0][0] 
[0][0] [0][0] [0][0] [0][1] [0][2] [0][4] [0][5] [0][7] [0][8] [0][9] [0][10] [0][13] [0][17] [0][18] [0][19] [0][21] [0][22] [0][23] [0][24] [0][25] [0][26] [0][27] [0][28] [0][29] [0][30] [0][34] [0][35] [0][36] [0][39] [0][43] [0][45] [0][46] [1][46] [2][46] [3][46] [3][42] [3][46] [4][46] [4][35] [4][33] [4][32] [4][33] [4][35] [4][46] [5][46] [5][42] [5][46] [6][46] [6][41] [6][39] [6][38] [6][28] [6][22] [6][0] [7][0] [7][8] [7][14] [7][15] [7][21] [7][28] [7][30] [7][32] [7][35] [7][38] [7][46] [8][46] [8][40] [8][36] [8][27] [8][26] [8][22] [8][21] [8][0] [9][0] [9][1] [9][0] [8][0] [7][0] [6][0] [5][0] [5][5] [5][6] [5][5] [5][0] [4][0] [4][3] [4][8] [4][9] [4][11] [4][9] [4][8] [4][3] [4][0] [3][0] [3][3] [3][0] [2][0] [1][0] [0][0] 
[0][0] [0][0] [0][0] [0][1] [0][3] [0][4] [0][8] [0][11] [0][13] [0][14] [0][15] [0][16] [0][17] [0][19] [0][20] [0][25] [0][27] [0][29] [0][30] [0][31] [0][32] [0][33] [0][34] [0][37] [0][38] [0][44] [0][45] [0][46] [1][46] [2][46] [3][46] [3][38] [3][36] [3][31] [3][15] [3][2] [3][0] [4][0] [4][6] [4][16] [4][18] [4][19] [4][37] [4][46] [5][46] [5][43] [5][37] [5][28] [5][24] [5][23] [5][17] [5][16] [5][11] [5][1] [5][0] [6][0] [6][4] [6][5] [6][6] [6][7] [6][8] [6][18] [6][28] [6][35] [6][46] [7][46] [8][46] [8][36] [8][23] [8][18] [8][13] [8][7] [8][3] [8][0] [7][0] [7][8] [7][9] [7][22] [7][9] [7][8] [7][0] [6][0] [5][0] [4][0] [3][0] [2][0] [1][0] [0][0] 
[0][0] [0][0] [0][0] [0][1] [0][3] [0][4] [0][5] [0][7] [0][8] [0][10] [0][14] [0][18] [0][21] [0][23] [0][24] [0][26] [0][28] [0][29] [0][30] [0][32] [0][33] [0][34] [0][37] [0][41] [0][42] [0][43] [0][44] [0][45] [0][46] [1][46] [2][46] [3][46] [3][39] [3][25] [3][24] [3][17] [3][13] [3][11] [3][0] [4][0] [4][5] [4][7] [4][16] [4][17] [4][25] [4][37] [4][38] [4][41] [4][46] [5][46] [5][45] [5][43] [5][38] [5][37] [5][26] [5][24] [5][16] [5][15] [5][14] [5][4] [5][0] [6][0] [6][6] [6][24] [6][33] [6][46] [7][46] [8][46] [8][33] [8][32] [8][33] [8][46] [9][46] [9][40] [9][39] [9][36] [9][34] [9][21] [9][20] [9][19] [9][17] [9][10] [9][3] [9][0] [8][0] [7][0] [7][10] [7][0] [6][0] [5][0] [4][0] [3][0] [2][0] [1][0] [0][0] 
[0][0] [0][0] [0][0] [0][2] [0][4] [0][6] [0][9] [0][10] [0][14] [0][15] [0][18] [0][19] [0][20] [0][22] [0][23] [0][24] [0][25] [0][28] [0][31] [0][33] [0][35] [0][37] [0][41] [0][42] [0][44] [0][46] [1][46] [2][46] [3][46] [3][44] [3][39] [3][34] [3][28] [3][24] [3][20] [3][14] [3][12] [3][0] [4][0] [4][8] [4][13] [4][15] [4][13] [4][8] [4][0] [5][0] [5][1] [5][3] [5][10] [5][14] [5][24] [5][30] [5][46] [6][46] [6][32] [6][31] [6][26] [6][13] [6][5] [6][3] [6][0] [7][0] [7][9] [7][16] [7][17] [7][18] [7][32] [7][40] [7][45] [7][46] [8][46] [9][46] [9][42] [9][40] [9][34] [9][31] [9][34] [9][40] [9][42] [9][46] [8][46] [8][43] [8][41] [8][40] [8][35] [8][30] [8][25] [8][20] [8][18] [8][5] [8][0] [7][0] [6][0] [5][0] [4][0] [3][0] [2][0] [1][0] [0][0] 
[0][0] [0][0] [0][0] [0][1] [0][2] [0][4] [0][7] [0][8] [0][12] [0][14] [0][16] [0][20] [0][21] [0][22] [0][23] [0][25] [0][30] [0][31] [0][32] [0][37] [0][39] [0][40] [0][41] [0][42] [0][44] [0][45] [0][46] [1][46] [2][46] [3][46] [3][36] [3][32] [3][25] [3][24] [3][23] [3][13] [3][12] [3][7] [3][0] [4][0] [4][4] [4][24] [4][27] [4][30] [4][36] [4][46] [5][46] [6][46] [6][37] [6][36] [6][25] [6][17] [6][12] [6][7] [6][2] [6][1] [6][0] [7][0] [7][15] [7][17] [7][18] [7][38] [7][41] [7][46] [8][46] [9][46] [9][40] [9][29] [9][26] [9][24] [9][23] [9][17] [9][15] [9][0] [8][0] [7][0] [6][0] [5][0] [5][3] [5][0] [4][0] [3][0] [2][0] [1][0] [0][0] 
[0][0] [0][0] [0][0] [0][5] [0][11] [0][12] [0][14] [0][18] [0][19] [0][20] [0][22] [0][23] [0][24] [0][25] [0][28] [0][29] [0][31] [0][32] [0][33] [0][39] [0][43] [0][44] [0][46] [1][46] [2][46] [3][46] [3][40] [3][31] [3][24] [3][22] [3][6] [3][0] [4][0] [4][4] [4][17] [4][19] [4][24] [4][31] [4][39] [4][42] [4][46] [5][46] [5][43] [5][46] [6][46] [6][40] [6][37] [6][16] [6][12] [6][10] [6][7] [6][5] [6][0] [7][0] [7][3] [7][10] [7][12] [7][13] [7][14] [7][22] [7][24] [7][27] [7][28] [7][29] [7][34] [7][46] [8][46] [8][40] [8][39] [8][38] [8][37] [8][26] [8][25] [8][24] [8][22] [8][6] [8][4] [8][3] [8][1] [8][0] [9][0] [9][1] [9][12] [9][17] [9][12] [9][1] [9][0] [8][0] [7][0] [6][0] [5][0] [5][3] [5][6] [5][9] [5][6] [5][3] [5][0] [4][0] [3][0] [2][0] [1][0] [0][0] 
[0][0] [0][0] [0][0] [0][2] [0][3] [0][4] [0][5] [0][8] [0][9] [0][10] [0][11] [0][12] [0][18] [0][19] [0][20] [0][22] [0][24] [0][26] [0][27] [0][33] [0][35] [0][38] [0][41] [0][42] [0][44] [0][45] [0][46] [1][46] [2][46] [3][46] [3][41] [3][31] [3][29] [3][25] [3][13] [3][1] [3][0] [4][0] [4][2] [4][4] [4][12] [4][24] [4][28] [4][32] [4][46] [5][46] [5][41] [5][35] [5][41] [5][46] [6][46] [6][35] [6][34] [6][29] [6][7] [6][6] [6][3] [6][0] [7][0] [7][7] [7][10] [7][22] [7][26] [7][31] [7][35] [7][39] [7][46] [8][46] [8][34] [8][33] [8][29] [8][18] [8][17] [8][10] [8][6] [8][5] [8][0] [9][0] [9][4] [9][8] [9][10] [9][12] [9][14] [9][12] [9][10] [9][8] [9][4] [9][0] [8][0] [7][0] [6][0] [5][0] [4][0] [3][0] [2][0] [1][0] [0][0] 
[0][0] [0][0] [0][0] [0][1] [0][2] [0][3] [0][4] [0][8] [0][11] [0][13] [0][15] [0][16] [0][17] [0][18] [0][20] [0][21] [0][22] [0][23] [0][24] [0][25] [0][26] [0][28] [0][29] [0][30] [0][31] [0][32] [0][33] [0][34] [0][35] [0][36] [0][39] [0][42] [0][43] [0][45] [0][46] [1][46] [2][46] [3][46] [3][42] [3][41] [3][42] [3][46] [4][46] [4][35] [4][33] [4][32] [4][24] [4][21] [4][18] [4][12] [4][0] [5][0] [5][7] [5][16] [5][28] [5][16] [5][7] [5][0] [6][0] [6][6] [6][0] [7][0] [7][8] [7][15] [7][19] [7][22] [7][24] [7][27] [7][32] [7][39] [7][46] [8][46] [9][46] [9][31] [9][29] [9][14] [9][3] [9][2] [9][0] [8][0] [8][5] [8][0] [7][0] [6][0] [5][0] [4][0] [3][0] [2][0] [1][0] [0][0] 
[0][0] [0][0] [0][0] [0][1] [0][2] [0][3] [0][4] [0][5] [0][7] [0][11] [0][12] [0][14] [0][15] [0][16] [0][20] [0][21] [0][22] [0][23] [0][24] [0][26] [0][27] [0][28] [0][29] [0][30] [0][31] [0][35] [0][38] [0][39] [0][40] [0][45] [0][46] [1][46] [2][46] [3][46] [3][43] [3][28] [3][15] [3][14] [3][7] [3][0] [4][0] [4][13] [4][18] [4][19] [4][22] [4][23] [4][30] [4][36] [4][39] [4][46] [5][46] [6][46] [6][35] [6][31] [6][28] [6][14] [6][9] [6][8] [6][0] [7][0] [7][7] [7][22] [7][25] [7][26] [7][28] [7][38] [7][46] [8][46] [9][46] [9][42] [9][41] [9][38] [9][34] [9][21] [9][0] [8][0] [7][0] [6][0] [5][0] [4][0] [3][0] [2][0] [1][0] [0][0] 
[0][0] [0][0] [0][0] [0][2] [0][4] [0][7] [0][9] [0][11] [0][14] [0][15] [0][16] [0][17] [0][18] [0][21] [0][23] [0][25] [0][27] [0][28] [0][29] [0][30] [0][33] [0][35] [0][36] [0][37] [0][38] [0][39] [0][41] [0][43] [0][44] [0][45] [0][46] [1][46] [2][46] [3][46] [4][46] [4][45] [4][46] [5][46] [5][29] [5][46] [6][46] [6][43] [6][35] [6][34] [6][35] [6][43] [6][46] [7][46] [7][44] [7][42] [7][41] [7][36] [7][29] [7][28] [7][26] [7][21] [7][20] [7][16] [7][0] [8][0] [8][7] [8][12] [8][13] [8][16] [8][25] [8][29] [8][33] [8][36] [8][40] [8][42] [8][45] [8][46] [7][46] [6][46] [5][46] [4][46] [3][46] [3][45] [3][44] [3][41] [3][36] [3][30] [3][22] [3][10] [3][0] [4][0] [4][3] [4][0] [3][0] [2][0] [1][0] [0][0] 
[0][0] [0][0] [0][0] [0][1] [0][3] [0][4] [0][5] [0][6] [0][7] [0][9] [0][12] [0][14] [0][16] [0][17] [0][18] [0][19] [0][21] [0][24] [0][25] [0][26] [0][27] [0][29] [0][30] [0][31] [0][32] [0][33] [0][38] [0][39] [0][42] [0][44] [0][45] [0][46] [1][46] [2][46] [3][46] [3][40] [3][37] [3][40] [3][46] [4][46] [4][42] [4][39] [4][42] [4][46] [5][46] [5][41] [5][28] [5][25] [5][21] [5][18] [5][15] [5][13] [5][4] [5][0] [6][0] [6][1] [6][7] [6][13] [6][34] [6][45] [6][46] [7][46] [8][46] [8][43] [8][33] [8][32] [8][30] [8][29] [8][25] [8][19] [8][25] [8][29] [8][30] [8][32] [8][33] [8][43] [8][46] [9][46] [9][39] [9][32] [9][28] [9][25] [9][15] [9][7] [9][0] [8][0] [7][0] [6][0] [5][0] [4][0] [3][0] [3][2] [3][0] [2][0] [1][0] [0][0] 
[0][0] [0][0] [0][0] [0][2] [0][3] [0][4] [0][5] [0][6] [0][7] [0][8] [0][9] [0][12] [0][14] [0][15] [0][18] [0][19] [0][20] [0][21] [0][23] [0][24] [0][25] [0][26] [0][29] [0][32] [0][33] [0][34] [0][37] [0][38] [0][39] [0][40] [0][41] [0][43] [0][45] [0][46] [1][46] [2][46] [3][46] [4][46] [4][45] [4][36] [4][27] [4][26] [4][23] [4][16] [4][6] [4][4] [4][0] [5][0] [5][3] [5][7] [5][26] [5][36] [5][40] [5][41] [5][46] [6][46] [7][46] [7][30] [7][29] [7][30] [7][46] [6][46] [6][42] [6][30] [6][25] [6][24] [6][19] [6][2] [6][0] [7][0] [7][1] [7][0] [8][0] [8][4] [8][0] [9][0] [9][4] [9][0] [8][0] [7][0] [6][0] [5][0] [4][0] [3][0] [3][1] [3][13] [3][20] [3][13] [3][1] [3][0] [2][0] [1][0] [0][0] 
[0][0] [0][0] [0][0] [0][1] [0][2] [0][3] [0][4] [0][6] [0][9] [0][11] [0][12] [0][13] [0][15] [0][16] [0][22] [0][26] [0][27] [0][28] [0][32] [0][33] [0][35] [0][37] [0][38] [0][39] [0][40] [0][45] [0][46] [1][46] [2][46] [3][46] [3][43] [3][34] [3][33] [3][25] [3][18] [3][17] [3][16] [3][17] [3][18] [3][25] [3][33] [3][34] [3][43] [3][46] [4][46] [4][45] [4][39] [4][34] [4][27] [4][15] [4][14] [4][11] [4][0] [5][0] [5][13] [5][23] [5][28] [5][31] [5][43] [5][46] [6][46] [6][40] [6][38] [6][34] [6][32] [6][34] [6][38] [6][40] [6][46] [7][46] [7][37] [7][46] [8][46] [8][45] [8][36] [8][32] [8][27] [8][26] [8][20] [8][13] [8][9] [8][8] [8][0] [9][0] [9][9] [9][13] [9][9] [9][0] [8][0] [7][0] [7][1] [7][0] [6][0] [5][0] [4][0] [3][0] [2][0] [1][0] [0][0] 
[0][0] [0][0] [0][0] [0][1] [0][4] [0][5] [0][6] [0][7] [0][9] [0][13] [0][17] [0][18] [0][20] [0][21] [0][24] [0][27] [0][28] [0][31] [0][33] [0][34] [0][38] [0][40] [0][41] [0][43] [0][46] [1][46] [2][46] [3][46] [4][46] [4][43] [4][21] [4][17] [4][12] [4][10] [4][5] [4][0] [5][0] [5][4] [5][6] [5][16] [5][18] [5][20] [5][21] [5][30] [5][41] [5][46] [6][46] [6][45] [6][46] [7][46] [7][34] [7][32] [7][21] [7][19] [7][5] [7][4] [7][3] [7][0] [8][0] [8][17] [8][22] [8][34] [8][37] [8][38] [8][46] [9][46] [9][39] [9][38] [9][25] [9][22] [9][15] [9][5] [9][0] [8][0] [7][0] [6][0] [6][6] [6][9] [6][13] [6][14] [6][15] [6][16] [6][17] [6][16] [6][15] [6][14] [6][13] [6][9] [6][6] [6][0] [5][0] [4][0] [3][0] [3][2] [3][4] [3][2] [3][0] [2][0] [1][0] [0][0] 
[0][0] [0][0] [0][0] [0][1] [0][4] [0][6] [0][7] [0][8] [0][10] [0][11] [0][12] [0][13] [0][15] [0][17] [0][18] [0][19] [0][20] [0][23] [0][25] [0][26] [0][27] [0][28] [0][31] [0][33] [0][35] [0][36] [0][40] [0][43] [0][45] [0][46] [1][46] [2][46] [3][46] [3][35] [3][30] [3][28] [3][25] [3][12] [3][0] [4][0] [4][4] [4][17] [4][19] [4][26] [4][30] [4][35] [4][38] [4][46] [5][46] [6][46] [6][44] [6][39] [6][23] [6][21] [6][20] [6][18] [6][7] [6][0] [7][0] [7][8] [7][17] [7][32] [7][46] [8][46] [8][41] [8][46] [9][46] [9][40] [9][33] [9][29] [9][25] [9][24] [9][12] [9][0] [8][0] [7][0] [6][0] [5][0] [5][3] [5][4] [5][8] [5][13] [5][8] [5][4] [5][3] [5][0] [4][0] [3][0] [2][0] [1][0] [0][0] 
