3046
138.323
/home/fflorenci/jobprp_ga/reduced_instances/henn/abc1/reduced_warehouse_32.lyt
/home/fflorenci/jobprp_ga/reduced_instances/henn/abc1/reduced_warehouse_32s-40-75-0.ord
40
75
4
340
120
1
7 5 16 13 23 21 7 20 10 13 5 22 11 22 16 13 13 24 23 19 9 11 18 18 5 22 18 13 11 17 15 14 15 10 16 16 18 21 8 14 
8
13 1 24 35 12 32 
26 0 9 16 30 10 
20 15 6 11 14 38 
7 21 18 28 33 
2 3 5 8 31 
25 29 34 36 
4 22 27 37 
39 17 19 23 
346
342
422
404
382
374
404
372
[0][0] [0][0] [0][0] [0][1] [0][2] [0][3] [0][5] [0][6] [0][8] [0][9] [0][11] [0][13] [0][15] [0][16] [0][18] [0][19] [0][20] [0][22] [0][26] [0][27] [0][28] [0][29] [0][30] [0][31] [0][32] [0][33] [0][34] [0][35] [0][37] [0][40] [0][41] [0][42] [0][43] [0][46] [1][46] [2][46] [3][46] [4][46] [4][45] [4][31] [4][21] [4][31] [4][45] [4][46] [5][46] [5][45] [5][41] [5][28] [5][22] [5][16] [5][0] [6][0] [6][6] [6][19] [6][28] [6][35] [6][46] [7][46] [8][46] [8][41] [8][35] [8][29] [8][20] [8][16] [8][14] [8][13] [8][8] [8][3] [8][0] [7][0] [7][2] [7][6] [7][8] [7][10] [7][15] [7][10] [7][8] [7][6] [7][2] [7][0] [6][0] [5][0] [4][0] [3][0] [3][4] [3][0] [2][0] [1][0] [0][0] 
[0][0] [0][0] [0][0] [0][1] [0][2] [0][4] [0][6] [0][9] [0][11] [0][12] [0][13] [0][15] [0][17] [0][18] [0][19] [0][23] [0][25] [0][26] [0][27] [0][28] [0][31] [0][33] [0][35] [0][36] [0][37] [0][38] [0][39] [0][42] [0][43] [0][45] [0][46] [1][46] [2][46] [3][46] [4][46] [4][36] [4][35] [4][29] [4][21] [4][14] [4][10] [4][6] [4][4] [4][0] [5][0] [6][0] [6][9] [6][10] [6][15] [6][29] [6][33] [6][41] [6][42] [6][43] [6][46] [7][46] [7][38] [7][37] [7][28] [7][23] [7][18] [7][23] [7][28] [7][37] [7][38] [7][46] [8][46] [8][41] [8][38] [8][36] [8][38] [8][41] [8][46] [9][46] [9][44] [9][38] [9][37] [9][32] [9][29] [9][21] [9][1] [9][0] [8][0] [7][0] [6][0] [5][0] [4][0] [3][0] [2][0] [1][0] [0][0] 
[0][0] [0][0] [0][0] [0][1] [0][3] [0][4] [0][5] [0][6] [0][8] [0][9] [0][10] [0][11] [0][13] [0][15] [0][19] [0][22] [0][23] [0][24] [0][26] [0][27] [0][32] [0][33] [0][36] [0][37] [0][40] [0][41] [0][46] [1][46] [2][46] [3][46] [3][36] [3][33] [3][28] [3][27] [3][25] [3][22] [3][18] [3][12] [3][7] [3][0] [4][0] [4][12] [4][22] [4][25] [4][26] [4][30] [4][35] [4][39] [4][46] [5][46] [5][31] [5][27] [5][18] [5][12] [5][8] [5][0] [6][0] [6][8] [6][13] [6][21] [6][26] [6][31] [6][32] [6][46] [7][46] [8][46] [9][46] [9][40] [9][36] [9][31] [9][25] [9][18] [9][13] [9][0] [8][0] [8][4] [8][0] [7][0] [7][1] [7][4] [7][11] [7][15] [7][27] [7][15] [7][11] [7][4] [7][1] [7][0] [6][0] [5][0] [4][0] [3][0] [2][0] [1][0] [0][0] 
[0][0] [0][0] [0][0] [0][1] [0][2] [0][3] [0][4] [0][5] [0][6] [0][7] [0][8] [0][12] [0][13] [0][14] [0][15] [0][17] [0][18] [0][19] [0][21] [0][22] [0][28] [0][30] [0][32] [0][33] [0][35] [0][38] [0][39] [0][40] [0][42] [0][43] [0][46] [1][46] [2][46] [3][46] [3][41] [3][34] [3][32] [3][24] [3][22] [3][19] [3][13] [3][0] [4][0] [4][8] [4][17] [4][41] [4][46] [5][46] [5][28] [5][25] [5][23] [5][22] [5][18] [5][16] [5][15] [5][8] [5][0] [6][0] [6][6] [6][9] [6][6] [6][0] [7][0] [7][12] [7][20] [7][29] [7][32] [7][33] [7][46] [6][46] [6][39] [6][46] [7][46] [8][46] [9][46] [9][45] [9][43] [9][45] [9][46] [8][46] [8][26] [8][21] [8][20] [8][17] [8][6] [8][4] [8][0] [7][0] [6][0] [5][0] [4][0] [3][0] [2][0] [1][0] [0][0] 
[0][0] [0][0] [0][0] [0][3] [0][6] [0][7] [0][8] [0][9] [0][15] [0][16] [0][18] [0][19] [0][20] [0][21] [0][22] [0][25] [0][27] [0][29] [0][32] [0][34] [0][35] [0][37] [0][39] [0][40] [0][41] [0][42] [0][44] [0][46] [1][46] [2][46] [3][46] [3][42] [3][46] [4][46] [4][40] [4][35] [4][31] [4][27] [4][26] [4][21] [4][13] [4][8] [4][0] [5][0] [5][18] [5][20] [5][26] [5][28] [5][35] [5][43] [5][46] [6][46] [6][44] [6][46] [7][46] [7][36] [7][31] [7][28] [7][21] [7][17] [7][15] [7][14] [7][8] [7][0] [8][0] [8][11] [8][18] [8][23] [8][26] [8][32] [8][46] [9][46] [9][35] [9][34] [9][33] [9][28] [9][24] [9][10] [9][8] [9][0] [8][0] [7][0] [6][0] [6][7] [6][0] [5][0] [4][0] [3][0] [2][0] [1][0] [0][0] 
[0][0] [0][0] [0][0] [0][2] [0][4] [0][6] [0][7] [0][8] [0][11] [0][15] [0][16] [0][17] [0][20] [0][22] [0][23] [0][24] [0][25] [0][26] [0][28] [0][33] [0][38] [0][39] [0][40] [0][41] [0][43] [0][45] [0][46] [1][46] [2][46] [3][46] [3][31] [3][24] [3][23] [3][22] [3][18] [3][15] [3][10] [3][9] [3][0] [4][0] [5][0] [5][16] [5][19] [5][28] [5][30] [5][38] [5][46] [6][46] [6][45] [6][42] [6][38] [6][42] [6][45] [6][46] [7][46] [7][45] [7][43] [7][42] [7][40] [7][30] [7][28] [7][23] [7][13] [7][10] [7][0] [8][0] [8][7] [8][11] [8][28] [8][32] [8][46] [9][46] [9][38] [9][31] [9][26] [9][19] [9][16] [9][12] [9][2] [9][0] [8][0] [7][0] [6][0] [5][0] [4][0] [3][0] [2][0] [1][0] [0][0] 
[0][0] [0][0] [0][0] [0][5] [0][6] [0][8] [0][9] [0][13] [0][14] [0][15] [0][16] [0][18] [0][19] [0][20] [0][21] [0][23] [0][25] [0][26] [0][28] [0][29] [0][30] [0][31] [0][32] [0][33] [0][34] [0][35] [0][37] [0][41] [0][43] [0][44] [0][45] [0][46] [1][46] [2][46] [3][46] [3][45] [3][40] [3][37] [3][21] [3][0] [4][0] [4][5] [4][6] [4][15] [4][17] [4][19] [4][29] [4][30] [4][38] [4][41] [4][46] [5][46] [5][45] [5][44] [5][45] [5][46] [6][46] [7][46] [7][42] [7][30] [7][12] [7][3] [7][2] [7][0] [8][0] [8][9] [8][17] [8][23] [8][24] [8][31] [8][34] [8][46] [9][46] [9][42] [9][33] [9][25] [9][8] [9][6] [9][4] [9][1] [9][0] [8][0] [7][0] [6][0] [6][6] [6][0] [5][0] [5][11] [5][12] [5][15] [5][12] [5][11] [5][0] [4][0] [3][0] [2][0] [1][0] [0][0] 
[0][0] [0][0] [0][0] [0][3] [0][4] [0][6] [0][7] [0][8] [0][10] [0][12] [0][13] [0][14] [0][16] [0][19] [0][23] [0][24] [0][26] [0][28] [0][29] [0][31] [0][32] [0][33] [0][35] [0][36] [0][37] [0][38] [0][39] [0][41] [0][42] [0][43] [0][46] [1][46] [2][46] [3][46] [3][41] [3][39] [3][37] [3][35] [3][27] [3][26] [3][25] [3][21] [3][12] [3][0] [4][0] [4][4] [4][17] [4][32] [4][33] [4][42] [4][44] [4][46] [5][46] [6][46] [6][41] [6][35] [6][17] [6][15] [6][8] [6][2] [6][0] [7][0] [7][6] [7][0] [8][0] [8][7] [8][8] [8][13] [8][15] [8][36] [8][46] [9][46] [9][37] [9][33] [9][23] [9][21] [9][17] [9][12] [9][5] [9][3] [9][0] [8][0] [7][0] [6][0] [5][0] [4][0] [3][0] [2][0] [1][0] [0][0] 
