14740
640.495
/home/fflorenci/jobprp_ga/reduced_instances/henn/abc1/reduced_warehouse_69.lyt
/home/fflorenci/jobprp_ga/reduced_instances/henn/abc1/reduced_warehouse_69s-100-30-0.ord
100
30
12
340
120
1
8 20 5 14 14 11 13 14 11 19 8 15 10 16 13 10 19 7 23 21 16 12 7 11 16 22 12 22 6 7 19 17 9 16 12 6 19 24 7 10 22 5 8 23 18 5 5 17 12 19 7 12 23 23 6 14 7 19 10 16 9 5 16 18 19 17 8 19 7 9 18 4 22 15 21 6 10 19 8 12 22 24 11 17 10 9 18 8 21 21 6 16 5 17 21 8 9 19 20 14 
48
71 41 90 29 75 
17 96 92 10 
86 45 2 
95 31 61 
54 22 24 
78 28 11 
73 87 50 
89 60 
19 66 
93 6 
20 99 
3 33 
36 82 
98 58 
26 83 
8 9 
74 69 
62 4 
57 23 
47 51 
1 15 
70 21 
44 48 
18 35 
63 34 
91 14 
59 55 
67 84 
40 38 
77 76 
30 85 
88 32 
49 12 
25 68 
64 42 
97 39 
27 46 
94 0 
65 79 
43 56 
16 5 
7 13 
52 
72 
80 
37 
53 
81 
148
264
272
342
312
300
240
326
378
246
252
278
324
328
334
282
328
338
362
306
364
294
328
330
306
396
188
374
312
406
292
346
324
296
306
310
368
252
292
330
314
366
242
272
272
286
296
318
[0][0] [0][0] [0][0] [0][2] [0][4] [0][6] [0][9] [0][10] [0][13] [0][14] [0][15] [0][19] [0][21] [0][27] [0][29] [0][31] [0][36] [0][37] [0][41] [0][43] [0][44] [0][45] [0][46] [1][46] [2][46] [3][46] [3][40] [3][46] [4][46] [4][28] [4][23] [4][0] [3][0] [3][4] [3][0] [2][0] [1][0] [0][0] 
[0][0] [0][0] [0][0] [0][1] [0][4] [0][7] [0][13] [0][18] [0][20] [0][22] [0][23] [0][24] [0][28] [0][31] [0][36] [0][40] [0][42] [0][46] [1][46] [2][46] [3][46] [4][46] [5][46] [5][40] [5][34] [5][40] [5][46] [6][46] [7][46] [8][46] [8][45] [8][40] [8][45] [8][46] [7][46] [7][34] [7][25] [7][14] [7][0] [8][0] [8][3] [8][0] [7][0] [6][0] [5][0] [4][0] [3][0] [3][14] [3][23] [3][14] [3][0] [2][0] [1][0] [0][0] 
[0][0] [0][0] [0][0] [0][7] [0][8] [0][16] [0][26] [0][30] [0][32] [0][34] [0][36] [0][37] [0][38] [0][39] [0][41] [0][42] [0][46] [1][46] [2][46] [3][46] [3][39] [3][34] [3][39] [3][46] [4][46] [5][46] [5][41] [5][46] [6][46] [6][43] [6][37] [6][43] [6][46] [7][46] [7][40] [7][46] [8][46] [9][46] [9][32] [9][24] [9][15] [9][2] [9][0] [8][0] [7][0] [6][0] [5][0] [5][3] [5][5] [5][3] [5][0] [4][0] [3][0] [3][8] [3][13] [3][8] [3][0] [2][0] [1][0] [0][0] 
[0][0] [0][0] [0][0] [0][1] [0][2] [0][3] [0][4] [0][6] [0][8] [0][9] [0][17] [0][18] [0][20] [0][24] [0][34] [0][38] [0][42] [0][43] [0][46] [1][46] [2][46] [3][46] [4][46] [4][25] [4][21] [4][4] [4][0] [5][0] [5][9] [5][24] [5][29] [5][46] [6][46] [7][46] [8][46] [9][46] [9][37] [9][46] [8][46] [8][34] [8][11] [8][4] [8][0] [7][0] [6][0] [6][1] [6][15] [6][22] [6][15] [6][1] [6][0] [5][0] [4][0] [3][0] [3][6] [3][0] [2][0] [1][0] [0][0] 
[0][0] [0][0] [0][0] [0][3] [0][4] [0][5] [0][9] [0][13] [0][18] [0][33] [0][40] [0][46] [1][46] [2][46] [3][46] [3][42] [3][46] [4][46] [4][34] [4][21] [4][4] [4][0] [5][0] [5][5] [5][10] [5][5] [5][0] [6][0] [6][7] [6][15] [6][19] [6][21] [6][27] [6][39] [6][46] [7][46] [7][44] [7][46] [8][46] [8][44] [8][46] [9][46] [9][31] [9][17] [9][9] [9][0] [8][0] [8][6] [8][0] [7][0] [6][0] [5][0] [4][0] [3][0] [2][0] [1][0] [0][0] 
[0][0] [0][0] [0][0] [0][2] [0][4] [0][5] [0][13] [0][22] [0][24] [0][27] [0][38] [0][39] [0][42] [0][44] [0][45] [0][46] [1][46] [2][46] [3][46] [4][46] [4][38] [4][36] [4][17] [4][15] [4][12] [4][0] [5][0] [5][17] [5][35] [5][40] [5][46] [6][46] [7][46] [8][46] [9][46] [9][43] [9][18] [9][0] [8][0] [7][0] [6][0] [6][4] [6][12] [6][15] [6][12] [6][4] [6][0] [5][0] [4][0] [3][0] [2][0] [1][0] [0][0] 
[0][0] [0][0] [0][0] [0][7] [0][8] [0][9] [0][13] [0][15] [0][16] [0][17] [0][18] [0][20] [0][21] [0][27] [0][29] [0][30] [0][32] [0][33] [0][36] [0][41] [0][44] [0][45] [0][46] [1][46] [2][46] [3][46] [4][46] [5][46] [5][29] [5][25] [5][29] [5][46] [6][46] [6][37] [6][33] [6][26] [6][11] [6][0] [7][0] [8][0] [8][8] [8][0] [7][0] [6][0] [5][0] [5][7] [5][0] [4][0] [3][0] [2][0] [1][0] [0][0] 
[0][0] [0][0] [0][0] [0][2] [0][4] [0][5] [0][7] [0][10] [0][11] [0][13] [0][18] [0][25] [0][27] [0][34] [0][40] [0][46] [1][46] [2][46] [3][46] [4][46] [4][29] [4][22] [4][21] [4][16] [4][13] [4][0] [5][0] [5][24] [5][32] [5][46] [6][46] [6][43] [6][46] [7][46] [8][46] [9][46] [9][40] [9][39] [9][40] [9][46] [8][46] [8][21] [8][17] [8][0] [7][0] [7][16] [7][0] [6][0] [6][4] [6][0] [5][0] [4][0] [3][0] [2][0] [1][0] [0][0] 
[0][0] [0][0] [0][0] [0][4] [0][5] [0][12] [0][13] [0][35] [0][36] [0][37] [0][41] [0][43] [0][46] [1][46] [2][46] [3][46] [3][39] [3][15] [3][10] [3][0] [4][0] [4][10] [4][0] [5][0] [5][17] [5][18] [5][20] [5][36] [5][46] [6][46] [7][46] [8][46] [9][46] [9][42] [9][46] [8][46] [8][19] [8][5] [8][0] [9][0] [9][8] [9][0] [8][0] [7][0] [7][6] [7][19] [7][6] [7][0] [6][0] [6][6] [6][9] [6][6] [6][0] [5][0] [4][0] [3][0] [2][0] [1][0] [0][0] 
[0][0] [0][0] [0][0] [0][3] [0][6] [0][7] [0][10] [0][15] [0][21] [0][22] [0][23] [0][25] [0][26] [0][27] [0][28] [0][34] [0][37] [0][39] [0][41] [0][42] [0][43] [0][45] [0][46] [1][46] [2][46] [3][46] [4][46] [5][46] [5][45] [5][46] [4][46] [4][25] [4][11] [4][0] [5][0] [6][0] [7][0] [8][0] [8][16] [8][0] [9][0] [9][1] [9][9] [9][1] [9][0] [8][0] [7][0] [6][0] [5][0] [4][0] [3][0] [3][3] [3][0] [2][0] [1][0] [0][0] 
[0][0] [0][0] [0][0] [0][2] [0][5] [0][7] [0][8] [0][12] [0][21] [0][25] [0][29] [0][30] [0][33] [0][35] [0][37] [0][40] [0][42] [0][44] [0][45] [0][46] [1][46] [2][46] [3][46] [4][46] [4][45] [4][46] [5][46] [6][46] [6][39] [6][46] [7][46] [7][41] [7][39] [7][41] [7][46] [8][46] [9][46] [9][33] [9][46] [8][46] [8][36] [8][33] [8][0] [7][0] [7][5] [7][0] [6][0] [5][0] [4][0] [4][3] [4][6] [4][7] [4][6] [4][3] [4][0] [3][0] [2][0] [1][0] [0][0] 
[0][0] [0][0] [0][0] [0][7] [0][11] [0][12] [0][14] [0][15] [0][18] [0][21] [0][25] [0][27] [0][31] [0][36] [0][39] [0][42] [0][43] [0][46] [1][46] [2][46] [3][46] [3][33] [3][13] [3][6] [3][0] [4][0] [4][8] [4][26] [4][42] [4][46] [5][46] [5][35] [5][22] [5][18] [5][8] [5][0] [6][0] [6][12] [6][19] [6][12] [6][0] [5][0] [4][0] [3][0] [2][0] [1][0] [0][0] 
[0][0] [0][0] [0][0] [0][1] [0][2] [0][3] [0][4] [0][7] [0][8] [0][9] [0][13] [0][16] [0][18] [0][19] [0][32] [0][40] [0][41] [0][43] [0][46] [1][46] [2][46] [3][46] [4][46] [5][46] [6][46] [6][26] [6][23] [6][19] [6][0] [7][0] [7][21] [7][31] [7][46] [8][46] [9][46] [9][36] [9][33] [9][36] [9][46] [8][46] [8][42] [8][31] [8][9] [8][0] [7][0] [6][0] [5][0] [5][1] [5][11] [5][1] [5][0] [4][0] [4][4] [4][0] [3][0] [2][0] [1][0] [0][0] 
[0][0] [0][0] [0][0] [0][3] [0][4] [0][5] [0][6] [0][7] [0][8] [0][12] [0][14] [0][17] [0][21] [0][29] [0][31] [0][32] [0][43] [0][46] [1][46] [2][46] [3][46] [4][46] [5][46] [5][42] [5][46] [6][46] [6][26] [6][19] [6][15] [6][7] [6][0] [7][0] [7][16] [7][40] [7][46] [8][46] [9][46] [9][35] [9][46] [8][46] [8][18] [8][12] [8][8] [8][0] [7][0] [6][0] [5][0] [4][0] [4][11] [4][16] [4][11] [4][0] [3][0] [2][0] [1][0] [0][0] 
[0][0] [0][0] [0][0] [0][5] [0][8] [0][10] [0][17] [0][18] [0][22] [0][24] [0][32] [0][34] [0][36] [0][37] [0][39] [0][40] [0][42] [0][43] [0][44] [0][45] [0][46] [1][46] [2][46] [3][46] [3][42] [3][46] [4][46] [4][40] [4][46] [5][46] [6][46] [6][29] [6][14] [6][0] [7][0] [7][27] [7][31] [7][39] [7][46] [8][46] [9][46] [9][23] [9][0] [8][0] [8][6] [8][14] [8][6] [8][0] [7][0] [6][0] [5][0] [4][0] [3][0] [3][10] [3][0] [2][0] [1][0] [0][0] 
[0][0] [0][0] [0][0] [0][5] [0][6] [0][10] [0][12] [0][17] [0][19] [0][20] [0][23] [0][24] [0][25] [0][33] [0][34] [0][38] [0][42] [0][46] [1][46] [2][46] [3][46] [4][46] [5][46] [5][35] [5][46] [6][46] [6][37] [6][46] [7][46] [7][43] [7][35] [7][26] [7][35] [7][43] [7][46] [8][46] [8][45] [8][42] [8][41] [8][22] [8][20] [8][0] [7][0] [6][0] [5][0] [4][0] [3][0] [3][3] [3][4] [3][17] [3][19] [3][17] [3][4] [3][3] [3][0] [2][0] [1][0] [0][0] 
[0][0] [0][0] [0][0] [0][2] [0][5] [0][7] [0][8] [0][19] [0][21] [0][22] [0][23] [0][26] [0][30] [0][33] [0][35] [0][36] [0][41] [0][43] [0][46] [1][46] [2][46] [3][46] [4][46] [4][42] [4][27] [4][42] [4][46] [5][46] [5][33] [5][25] [5][33] [5][46] [6][46] [6][43] [6][24] [6][0] [7][0] [7][3] [7][0] [8][0] [8][5] [8][0] [9][0] [9][8] [9][0] [8][0] [7][0] [6][0] [5][0] [4][0] [3][0] [3][1] [3][7] [3][12] [3][20] [3][12] [3][7] [3][1] [3][0] [2][0] [1][0] [0][0] 
[0][0] [0][0] [0][0] [0][1] [0][5] [0][8] [0][10] [0][12] [0][14] [0][15] [0][16] [0][24] [0][30] [0][33] [0][39] [0][40] [0][41] [0][42] [0][44] [0][46] [1][46] [2][46] [3][46] [3][35] [3][30] [3][18] [3][0] [4][0] [4][14] [4][22] [4][38] [4][46] [5][46] [5][41] [5][29] [5][20] [5][0] [6][0] [7][0] [7][12] [7][0] [8][0] [9][0] [9][3] [9][22] [9][3] [9][0] [8][0] [7][0] [6][0] [5][0] [4][0] [3][0] [2][0] [1][0] [0][0] 
[0][0] [0][0] [0][0] [0][3] [0][4] [0][9] [0][11] [0][15] [0][16] [0][18] [0][19] [0][21] [0][22] [0][23] [0][27] [0][30] [0][31] [0][36] [0][37] [0][38] [0][46] [1][46] [2][46] [3][46] [3][42] [3][46] [4][46] [5][46] [5][44] [5][32] [5][44] [5][46] [6][46] [6][30] [6][11] [6][0] [7][0] [7][1] [7][21] [7][1] [7][0] [8][0] [8][23] [8][46] [9][46] [9][33] [9][27] [9][19] [9][0] [8][0] [7][0] [6][0] [5][0] [4][0] [4][9] [4][0] [3][0] [2][0] [1][0] [0][0] 
[0][0] [0][0] [0][0] [0][2] [0][6] [0][7] [0][9] [0][13] [0][18] [0][19] [0][22] [0][33] [0][37] [0][44] [0][46] [1][46] [2][46] [3][46] [4][46] [4][45] [4][42] [4][45] [4][46] [5][46] [5][44] [5][41] [5][29] [5][41] [5][44] [5][46] [6][46] [6][41] [6][46] [7][46] [8][46] [9][46] [9][35] [9][33] [9][29] [9][9] [9][2] [9][0] [8][0] [8][9] [8][0] [7][0] [6][0] [6][2] [6][0] [5][0] [4][0] [4][14] [4][15] [4][14] [4][0] [3][0] [3][14] [3][0] [2][0] [1][0] [0][0] 
[0][0] [0][0] [0][0] [0][1] [0][3] [0][5] [0][8] [0][13] [0][15] [0][22] [0][26] [0][31] [0][39] [0][41] [0][46] [1][46] [2][46] [3][46] [3][39] [3][30] [3][14] [3][0] [4][0] [4][22] [4][25] [4][46] [5][46] [5][32] [5][27] [5][19] [5][10] [5][0] [6][0] [6][13] [6][23] [6][46] [7][46] [8][46] [9][46] [9][43] [9][46] [8][46] [8][45] [8][39] [8][29] [8][25] [8][1] [8][0] [7][0] [6][0] [5][0] [4][0] [3][0] [2][0] [1][0] [0][0] 
[0][0] [0][0] [0][0] [0][3] [0][4] [0][7] [0][10] [0][11] [0][13] [0][18] [0][21] [0][25] [0][30] [0][42] [0][44] [0][46] [1][46] [2][46] [3][46] [3][44] [3][43] [3][42] [3][43] [3][44] [3][46] [4][46] [4][32] [4][31] [4][32] [4][46] [5][46] [6][46] [6][39] [6][38] [6][37] [6][38] [6][39] [6][46] [7][46] [7][40] [7][30] [7][40] [7][46] [8][46] [8][45] [8][46] [9][46] [9][41] [9][37] [9][41] [9][46] [8][46] [7][46] [6][46] [5][46] [5][26] [5][0] [4][0] [4][1] [4][0] [3][0] [3][8] [3][0] [2][0] [1][0] [0][0] 
[0][0] [0][0] [0][0] [0][2] [0][8] [0][14] [0][15] [0][18] [0][22] [0][24] [0][25] [0][27] [0][30] [0][32] [0][43] [0][44] [0][46] [1][46] [2][46] [3][46] [3][35] [3][46] [4][46] [4][42] [4][35] [4][23] [4][35] [4][42] [4][46] [5][46] [6][46] [6][36] [6][34] [6][30] [6][11] [6][0] [7][0] [7][3] [7][0] [8][0] [8][12] [8][19] [8][12] [8][0] [7][0] [6][0] [5][0] [5][8] [5][18] [5][19] [5][21] [5][19] [5][18] [5][8] [5][0] [4][0] [3][0] [3][4] [3][0] [2][0] [1][0] [0][0] 
[0][0] [0][0] [0][0] [0][4] [0][9] [0][10] [0][11] [0][12] [0][26] [0][27] [0][32] [0][34] [0][36] [0][39] [0][41] [0][46] [1][46] [2][46] [3][46] [4][46] [4][44] [4][32] [4][25] [4][32] [4][44] [4][46] [5][46] [6][46] [6][35] [6][28] [6][25] [6][28] [6][35] [6][46] [7][46] [7][27] [7][14] [7][13] [7][2] [7][0] [8][0] [8][7] [8][12] [8][7] [8][0] [9][0] [9][3] [9][0] [8][0] [7][0] [6][0] [5][0] [5][3] [5][10] [5][20] [5][10] [5][3] [5][0] [4][0] [3][0] [2][0] [1][0] [0][0] 
[0][0] [0][0] [0][0] [0][1] [0][3] [0][6] [0][10] [0][16] [0][21] [0][29] [0][30] [0][31] [0][36] [0][43] [0][45] [0][46] [1][46] [2][46] [3][46] [3][45] [3][28] [3][45] [3][46] [4][46] [4][43] [4][31] [4][21] [4][0] [5][0] [6][0] [6][5] [6][20] [6][37] [6][46] [7][46] [7][40] [7][39] [7][40] [7][46] [8][46] [8][41] [8][25] [8][16] [8][11] [8][7] [8][0] [7][0] [6][0] [5][0] [4][0] [3][0] [2][0] [1][0] [0][0] 
[0][0] [0][0] [0][0] [0][4] [0][6] [0][8] [0][17] [0][18] [0][19] [0][24] [0][29] [0][33] [0][35] [0][36] [0][40] [0][46] [1][46] [2][46] [3][46] [4][46] [4][33] [4][46] [5][46] [5][37] [5][31] [5][19] [5][0] [6][0] [6][1] [6][0] [7][0] [7][3] [7][13] [7][23] [7][31] [7][46] [6][46] [6][43] [6][46] [7][46] [8][46] [9][46] [9][26] [9][46] [8][46] [8][23] [8][14] [8][0] [7][0] [6][0] [5][0] [4][0] [4][6] [4][0] [3][0] [3][10] [3][15] [3][18] [3][15] [3][10] [3][0] [2][0] [1][0] [0][0] 
[0][0] [0][0] [0][0] [0][1] [0][3] [0][4] [0][6] [0][10] [0][13] [0][14] [0][15] [0][19] [0][23] [0][26] [0][29] [0][33] [0][34] [0][38] [0][39] [0][41] [0][45] [0][46] [1][46] [2][46] [3][46] [3][39] [3][37] [3][39] [3][46] [4][46] [5][46] [6][46] [7][46] [8][46] [8][44] [8][46] [7][46] [6][46] [5][46] [4][46] [4][37] [4][24] [4][3] [4][0] [3][0] [2][0] [1][0] [0][0] 
[0][0] [0][0] [0][0] [0][1] [0][13] [0][15] [0][20] [0][24] [0][26] [0][36] [0][41] [0][44] [0][46] [1][46] [2][46] [3][46] [3][28] [3][21] [3][0] [4][0] [4][5] [4][13] [4][25] [4][31] [4][46] [5][46] [5][27] [5][46] [6][46] [6][37] [6][31] [6][37] [6][46] [7][46] [7][41] [7][35] [7][9] [7][6] [7][0] [8][0] [8][4] [8][0] [9][0] [9][2] [9][4] [9][15] [9][4] [9][2] [9][0] [8][0] [7][0] [6][0] [6][1] [6][0] [5][0] [4][0] [3][0] [2][0] [1][0] [0][0] 
[0][0] [0][0] [0][0] [0][2] [0][7] [0][8] [0][14] [0][18] [0][21] [0][24] [0][37] [0][38] [0][40] [0][41] [0][42] [0][44] [0][45] [0][46] [1][46] [2][46] [3][46] [4][46] [5][46] [5][39] [5][38] [5][39] [5][46] [6][46] [6][40] [6][46] [7][46] [8][46] [8][40] [8][46] [9][46] [9][29] [9][18] [9][0] [8][0] [7][0] [7][2] [7][8] [7][10] [7][8] [7][2] [7][0] [6][0] [6][11] [6][0] [5][0] [4][0] [3][0] [3][3] [3][20] [3][27] [3][28] [3][27] [3][20] [3][3] [3][0] [2][0] [1][0] [0][0] 
[0][0] [0][0] [0][0] [0][7] [0][9] [0][13] [0][22] [0][26] [0][31] [0][32] [0][34] [0][35] [0][36] [0][37] [0][44] [0][45] [0][46] [1][46] [2][46] [3][46] [3][39] [3][22] [3][18] [3][0] [4][0] [4][3] [4][24] [4][43] [4][46] [5][46] [5][40] [5][46] [6][46] [6][26] [6][46] [7][46] [8][46] [9][46] [9][41] [9][37] [9][41] [9][46] [8][46] [7][46] [7][43] [7][29] [7][13] [7][0] [8][0] [8][18] [8][0] [7][0] [6][0] [5][0] [5][13] [5][0] [4][0] [3][0] [2][0] [1][0] [0][0] 
[0][0] [0][0] [0][0] [0][7] [0][8] [0][11] [0][12] [0][15] [0][19] [0][20] [0][22] [0][25] [0][26] [0][30] [0][35] [0][37] [0][42] [0][46] [1][46] [2][46] [3][46] [4][46] [5][46] [6][46] [7][46] [8][46] [9][46] [9][42] [9][46] [8][46] [8][44] [8][18] [8][10] [8][0] [9][0] [9][3] [9][0] [8][0] [7][0] [7][18] [7][0] [6][0] [5][0] [4][0] [4][3] [4][11] [4][23] [4][25] [4][23] [4][11] [4][3] [4][0] [3][0] [3][2] [3][0] [2][0] [1][0] [0][0] 
[0][0] [0][0] [0][0] [0][5] [0][6] [0][11] [0][13] [0][17] [0][18] [0][19] [0][27] [0][28] [0][33] [0][38] [0][42] [0][45] [0][46] [1][46] [2][46] [3][46] [3][33] [3][46] [4][46] [4][45] [4][46] [5][46] [6][46] [6][40] [6][29] [6][24] [6][13] [6][0] [7][0] [7][15] [7][39] [7][46] [8][46] [8][36] [8][31] [8][36] [8][46] [9][46] [9][31] [9][23] [9][0] [8][0] [7][0] [6][0] [5][0] [5][2] [5][0] [4][0] [4][6] [4][10] [4][6] [4][0] [3][0] [2][0] [1][0] [0][0] 
[0][0] [0][0] [0][0] [0][2] [0][6] [0][18] [0][20] [0][24] [0][31] [0][32] [0][38] [0][40] [0][42] [0][46] [1][46] [2][46] [3][46] [3][40] [3][46] [4][46] [5][46] [5][37] [5][46] [6][46] [6][43] [6][46] [7][46] [8][46] [8][43] [8][35] [8][32] [8][28] [8][12] [8][2] [8][0] [9][0] [9][21] [9][30] [9][35] [9][46] [8][46] [7][46] [6][46] [5][46] [4][46] [4][27] [4][16] [4][0] [3][0] [3][3] [3][11] [3][12] [3][11] [3][3] [3][0] [2][0] [1][0] [0][0] 
[0][0] [0][0] [0][0] [0][2] [0][5] [0][7] [0][9] [0][11] [0][16] [0][18] [0][22] [0][23] [0][24] [0][26] [0][29] [0][34] [0][35] [0][36] [0][42] [0][46] [1][46] [2][46] [3][46] [4][46] [5][46] [6][46] [7][46] [8][46] [9][46] [9][35] [9][34] [9][27] [9][34] [9][35] [9][46] [8][46] [7][46] [7][41] [7][23] [7][15] [7][0] [8][0] [8][1] [8][0] [7][0] [6][0] [6][4] [6][0] [5][0] [5][12] [5][0] [4][0] [4][1] [4][2] [4][18] [4][2] [4][1] [4][0] [3][0] [2][0] [1][0] [0][0] 
[0][0] [0][0] [0][0] [0][3] [0][9] [0][13] [0][21] [0][22] [0][23] [0][27] [0][31] [0][35] [0][40] [0][45] [0][46] [1][46] [2][46] [3][46] [3][42] [3][32] [3][42] [3][46] [4][46] [4][45] [4][46] [5][46] [5][42] [5][46] [6][46] [7][46] [8][46] [8][45] [8][41] [8][45] [8][46] [7][46] [7][32] [7][24] [7][9] [7][0] [8][0] [9][0] [9][6] [9][0] [8][0] [7][0] [6][0] [5][0] [5][14] [5][0] [4][0] [4][12] [4][15] [4][16] [4][18] [4][16] [4][15] [4][12] [4][0] [3][0] [2][0] [1][0] [0][0] 
[0][0] [0][0] [0][0] [0][3] [0][9] [0][10] [0][16] [0][17] [0][20] [0][22] [0][23] [0][28] [0][39] [0][41] [0][42] [0][46] [1][46] [2][46] [3][46] [4][46] [5][46] [6][46] [6][45] [6][46] [7][46] [7][40] [7][46] [8][46] [9][46] [9][42] [9][46] [8][46] [8][28] [8][6] [8][0] [7][0] [7][4] [7][0] [6][0] [6][12] [6][0] [5][0] [5][5] [5][16] [5][5] [5][0] [4][0] [4][1] [4][7] [4][1] [4][0] [3][0] [3][6] [3][13] [3][18] [3][13] [3][6] [3][0] [2][0] [1][0] [0][0] 
[0][0] [0][0] [0][0] [0][2] [0][4] [0][7] [0][13] [0][14] [0][16] [0][19] [0][23] [0][25] [0][26] [0][32] [0][43] [0][44] [0][46] [1][46] [2][46] [3][46] [3][40] [3][46] [4][46] [4][33] [4][46] [5][46] [6][46] [6][31] [6][46] [7][46] [7][39] [7][22] [7][20] [7][0] [8][0] [8][23] [8][26] [8][43] [8][46] [9][46] [9][32] [9][14] [9][3] [9][0] [8][0] [7][0] [6][0] [5][0] [5][16] [5][18] [5][16] [5][0] [4][0] [3][0] [2][0] [1][0] [0][0] 
[0][0] [0][0] [0][0] [0][4] [0][8] [0][11] [0][14] [0][16] [0][20] [0][22] [0][24] [0][27] [0][29] [0][33] [0][34] [0][37] [0][41] [0][46] [1][46] [2][46] [3][46] [3][36] [3][34] [3][33] [3][34] [3][36] [3][46] [4][46] [4][42] [4][46] [5][46] [5][41] [5][34] [5][41] [5][46] [6][46] [7][46] [8][46] [9][46] [9][32] [9][21] [9][10] [9][2] [9][0] [8][0] [8][3] [8][4] [8][10] [8][4] [8][3] [8][0] [7][0] [6][0] [5][0] [4][0] [3][0] [2][0] [1][0] [0][0] 
[0][0] [0][0] [0][0] [0][5] [0][6] [0][7] [0][8] [0][14] [0][26] [0][29] [0][31] [0][33] [0][34] [0][35] [0][42] [0][44] [0][46] [1][46] [2][46] [3][46] [3][41] [3][46] [4][46] [5][46] [5][42] [5][37] [5][42] [5][46] [6][46] [7][46] [7][42] [7][36] [7][42] [7][46] [6][46] [6][35] [6][29] [6][18] [6][11] [6][5] [6][0] [7][0] [7][5] [7][0] [8][0] [9][0] [9][8] [9][0] [8][0] [7][0] [6][0] [5][0] [5][3] [5][11] [5][3] [5][0] [4][0] [4][2] [4][0] [3][0] [3][4] [3][0] [2][0] [1][0] [0][0] 
[0][0] [0][0] [0][0] [0][1] [0][3] [0][6] [0][15] [0][17] [0][20] [0][28] [0][34] [0][36] [0][39] [0][40] [0][41] [0][43] [0][46] [1][46] [2][46] [3][46] [4][46] [5][46] [5][45] [5][24] [5][23] [5][14] [5][11] [5][0] [6][0] [6][22] [6][46] [7][46] [7][45] [7][31] [7][45] [7][46] [8][46] [8][43] [8][40] [8][29] [8][17] [8][0] [9][0] [9][2] [9][0] [8][0] [7][0] [6][0] [5][0] [4][0] [4][2] [4][14] [4][2] [4][0] [3][0] [2][0] [1][0] [0][0] 
[0][0] [0][0] [0][0] [0][1] [0][2] [0][7] [0][11] [0][16] [0][20] [0][24] [0][27] [0][28] [0][29] [0][37] [0][38] [0][41] [0][42] [0][46] [1][46] [2][46] [3][46] [3][42] [3][46] [4][46] [4][42] [4][30] [4][27] [4][30] [4][42] [4][46] [5][46] [5][32] [5][28] [5][32] [5][46] [6][46] [6][43] [6][41] [6][43] [6][46] [7][46] [8][46] [9][46] [9][39] [9][31] [9][39] [9][46] [8][46] [7][46] [7][22] [7][18] [7][16] [7][0] [8][0] [8][6] [8][0] [7][0] [6][0] [5][0] [4][0] [3][0] [2][0] [1][0] [0][0] 
[0][0] [0][0] [0][0] [0][4] [0][7] [0][11] [0][15] [0][23] [0][25] [0][27] [0][34] [0][37] [0][43] [0][46] [1][46] [2][46] [3][46] [3][32] [3][23] [3][14] [3][2] [3][0] [4][0] [4][4] [4][7] [4][18] [4][7] [4][4] [4][0] [5][0] [5][2] [5][0] [6][0] [6][11] [6][23] [6][32] [6][46] [5][46] [5][45] [5][38] [5][45] [5][46] [6][46] [7][46] [8][46] [8][30] [8][46] [7][46] [7][43] [7][42] [7][24] [7][7] [7][1] [7][0] [8][0] [8][1] [8][0] [7][0] [6][0] [5][0] [4][0] [3][0] [2][0] [1][0] [0][0] 
[0][0] [0][0] [0][0] [0][4] [0][5] [0][7] [0][11] [0][15] [0][17] [0][20] [0][23] [0][24] [0][37] [0][38] [0][41] [0][42] [0][45] [0][46] [1][46] [2][46] [3][46] [4][46] [4][38] [4][46] [5][46] [6][46] [7][46] [8][46] [8][27] [8][46] [7][46] [7][40] [7][36] [7][33] [7][14] [7][7] [7][0] [8][0] [9][0] [9][1] [9][0] [8][0] [7][0] [6][0] [5][0] [4][0] [3][0] [2][0] [1][0] [0][0] 
[0][0] [0][0] [0][0] [0][1] [0][3] [0][4] [0][5] [0][7] [0][23] [0][31] [0][36] [0][43] [0][44] [0][45] [0][46] [1][46] [2][46] [3][46] [4][46] [4][45] [4][46] [5][46] [6][46] [6][36] [6][46] [7][46] [8][46] [8][28] [8][15] [8][0] [7][0] [7][6] [7][13] [7][6] [7][0] [6][0] [6][17] [6][0] [5][0] [4][0] [4][5] [4][12] [4][5] [4][0] [3][0] [2][0] [1][0] [0][0] 
[0][0] [0][0] [0][0] [0][3] [0][13] [0][16] [0][17] [0][18] [0][23] [0][26] [0][29] [0][36] [0][37] [0][42] [0][45] [0][46] [1][46] [2][46] [3][46] [4][46] [4][37] [4][46] [5][46] [6][46] [7][46] [8][46] [8][37] [8][46] [9][46] [9][33] [9][46] [8][46] [7][46] [7][30] [7][24] [7][18] [7][9] [7][0] [8][0] [8][8] [8][0] [7][0] [6][0] [5][0] [4][0] [3][0] [3][5] [3][0] [2][0] [1][0] [0][0] 
[0][0] [0][0] [0][0] [0][1] [0][3] [0][9] [0][11] [0][13] [0][18] [0][23] [0][25] [0][27] [0][30] [0][38] [0][41] [0][45] [0][46] [1][46] [2][46] [3][46] [3][41] [3][36] [3][28] [3][23] [3][16] [3][23] [3][28] [3][36] [3][41] [3][46] [4][46] [4][45] [4][46] [5][46] [6][46] [6][36] [6][46] [7][46] [8][46] [9][46] [9][21] [9][3] [9][0] [8][0] [7][0] [6][0] [5][0] [5][15] [5][0] [4][0] [3][0] [2][0] [1][0] [0][0] 
[0][0] [0][0] [0][0] [0][2] [0][11] [0][18] [0][20] [0][26] [0][28] [0][29] [0][34] [0][46] [1][46] [2][46] [3][46] [4][46] [4][39] [4][28] [4][39] [4][46] [5][46] [6][46] [6][36] [6][26] [6][36] [6][46] [7][46] [8][46] [8][45] [8][42] [8][36] [8][26] [8][4] [8][0] [9][0] [9][6] [9][0] [8][0] [7][0] [7][2] [7][0] [6][0] [5][0] [4][0] [3][0] [3][3] [3][4] [3][14] [3][4] [3][3] [3][0] [2][0] [1][0] [0][0] 
[0][0] [0][0] [0][0] [0][1] [0][3] [0][6] [0][14] [0][16] [0][19] [0][20] [0][29] [0][30] [0][34] [0][38] [0][39] [0][44] [0][45] [0][46] [1][46] [2][46] [3][46] [4][46] [5][46] [6][46] [6][40] [6][46] [5][46] [5][43] [5][26] [5][24] [5][0] [6][0] [7][0] [7][13] [7][0] [8][0] [9][0] [9][15] [9][0] [8][0] [7][0] [6][0] [5][0] [4][0] [4][1] [4][11] [4][1] [4][0] [3][0] [3][20] [3][0] [2][0] [1][0] [0][0] 
