7270
431.596
/home/fflorenci/jobprp_ga/reduced_instances/henn/abc1/reduced_warehouse_63.lyt
/home/fflorenci/jobprp_ga/reduced_instances/henn/abc1/reduced_warehouse_63s-80-60-0.ord
80
60
9
340
120
1
7 9 15 12 22 16 5 6 21 14 9 23 24 21 15 22 18 13 5 13 21 5 5 12 22 23 11 7 14 8 17 14 14 5 16 8 23 18 17 14 24 7 8 11 10 11 19 22 14 22 9 17 9 8 17 6 21 15 19 13 10 11 19 5 18 12 12 6 18 24 9 12 18 18 15 9 11 16 20 18 
20
75 60 63 55 18 48 67 21 
30 33 0 39 41 52 
44 6 17 61 26 53 
7 76 43 20 70 
1 68 9 42 45 
72 28 27 29 19 
31 35 50 54 23 
74 77 2 59 
56 73 3 22 
66 71 16 64 
4 8 10 
69 14 34 
24 78 38 
12 15 65 
62 36 37 
46 58 5 
40 47 32 
49 13 57 
11 79 51 
25 
290
314
332
350
382
372
404
330
386
408
330
372
378
418
364
370
418
404
396
252
[0][0] [0][0] [0][0] [0][2] [0][8] [0][10] [0][12] [0][13] [0][14] [0][16] [0][17] [0][18] [0][19] [0][21] [0][23] [0][24] [0][25] [0][27] [0][28] [0][29] [0][30] [0][32] [0][33] [0][37] [0][38] [0][39] [0][40] [0][42] [0][43] [0][46] [1][46] [2][46] [3][46] [4][46] [5][46] [6][46] [6][44] [6][46] [7][46] [7][44] [7][39] [7][23] [7][17] [7][15] [7][0] [8][0] [8][4] [8][0] [9][0] [9][2] [9][3] [9][9] [9][36] [9][38] [9][41] [9][46] [8][46] [7][46] [6][46] [5][46] [5][40] [5][39] [5][37] [5][22] [5][14] [5][7] [5][5] [5][0] [4][0] [3][0] [3][2] [3][5] [3][2] [3][0] [2][0] [1][0] [0][0] 
[0][0] [0][0] [0][0] [0][1] [0][2] [0][3] [0][5] [0][7] [0][11] [0][13] [0][14] [0][15] [0][16] [0][17] [0][18] [0][19] [0][20] [0][24] [0][25] [0][28] [0][32] [0][33] [0][34] [0][36] [0][37] [0][38] [0][44] [0][45] [0][46] [1][46] [2][46] [3][46] [4][46] [4][43] [4][36] [4][35] [4][33] [4][35] [4][36] [4][43] [4][46] [5][46] [5][42] [5][25] [5][22] [5][20] [5][17] [5][11] [5][0] [6][0] [6][5] [6][9] [6][26] [6][30] [6][33] [6][35] [6][46] [7][46] [8][46] [8][39] [8][38] [8][34] [8][20] [8][5] [8][4] [8][0] [7][0] [7][1] [7][15] [7][1] [7][0] [6][0] [5][0] [4][0] [3][0] [2][0] [1][0] [0][0] 
[0][0] [0][0] [0][0] [0][1] [0][3] [0][4] [0][6] [0][8] [0][10] [0][15] [0][17] [0][18] [0][19] [0][24] [0][26] [0][27] [0][28] [0][30] [0][33] [0][34] [0][36] [0][37] [0][41] [0][43] [0][44] [0][45] [0][46] [1][46] [2][46] [3][46] [4][46] [4][40] [4][32] [4][24] [4][20] [4][24] [4][32] [4][40] [4][46] [5][46] [5][44] [5][35] [5][31] [5][29] [5][24] [5][23] [5][22] [5][15] [5][10] [5][3] [5][0] [6][0] [6][10] [6][19] [6][20] [6][25] [6][30] [6][33] [6][39] [6][46] [7][46] [8][46] [9][46] [9][45] [9][39] [9][45] [9][46] [8][46] [7][46] [6][46] [5][46] [4][46] [3][46] [3][30] [3][13] [3][10] [3][9] [3][0] [2][0] [1][0] [0][0] 
[0][0] [0][0] [0][0] [0][3] [0][5] [0][6] [0][7] [0][8] [0][9] [0][11] [0][12] [0][16] [0][17] [0][23] [0][25] [0][26] [0][28] [0][29] [0][32] [0][33] [0][35] [0][37] [0][38] [0][42] [0][44] [0][46] [1][46] [2][46] [3][46] [3][31] [3][30] [3][28] [3][27] [3][15] [3][0] [4][0] [4][7] [4][16] [4][20] [4][24] [4][35] [4][36] [4][44] [4][46] [5][46] [6][46] [6][45] [6][46] [7][46] [7][43] [7][27] [7][19] [7][15] [7][13] [7][12] [7][9] [7][0] [8][0] [8][13] [8][21] [8][32] [8][38] [8][39] [8][46] [7][46] [6][46] [5][46] [5][42] [5][27] [5][25] [5][0] [4][0] [3][0] [2][0] [1][0] [0][0] 
[0][0] [0][0] [0][0] [0][3] [0][4] [0][6] [0][8] [0][9] [0][11] [0][12] [0][14] [0][15] [0][17] [0][19] [0][21] [0][22] [0][23] [0][25] [0][26] [0][30] [0][32] [0][35] [0][36] [0][39] [0][42] [0][44] [0][45] [0][46] [1][46] [2][46] [3][46] [3][37] [3][30] [3][37] [3][46] [4][46] [4][40] [4][29] [4][26] [4][22] [4][26] [4][29] [4][40] [4][46] [5][46] [6][46] [7][46] [7][41] [7][28] [7][27] [7][28] [7][41] [7][46] [8][46] [8][33] [8][15] [8][13] [8][0] [9][0] [9][6] [9][8] [9][13] [9][15] [9][23] [9][26] [9][32] [9][34] [9][45] [9][46] [8][46] [7][46] [6][46] [6][41] [6][37] [6][22] [6][1] [6][0] [5][0] [4][0] [3][0] [2][0] [1][0] [0][0] 
[0][0] [0][0] [0][0] [0][2] [0][8] [0][10] [0][13] [0][14] [0][16] [0][19] [0][20] [0][22] [0][25] [0][28] [0][29] [0][30] [0][31] [0][32] [0][33] [0][37] [0][38] [0][40] [0][41] [0][43] [0][44] [0][46] [1][46] [2][46] [3][46] [3][41] [3][40] [3][38] [3][26] [3][24] [3][22] [3][15] [3][3] [3][2] [3][0] [4][0] [4][2] [4][13] [4][14] [4][13] [4][2] [4][0] [5][0] [6][0] [6][21] [6][25] [6][29] [6][34] [6][46] [7][46] [8][46] [8][44] [8][35] [8][44] [8][46] [9][46] [9][44] [9][30] [9][24] [9][18] [9][8] [9][1] [9][0] [8][0] [8][1] [8][7] [8][1] [8][0] [7][0] [7][8] [7][17] [7][20] [7][17] [7][8] [7][0] [6][0] [5][0] [4][0] [3][0] [2][0] [1][0] [0][0] 
[0][0] [0][0] [0][0] [0][1] [0][3] [0][7] [0][8] [0][10] [0][12] [0][14] [0][15] [0][16] [0][17] [0][19] [0][28] [0][30] [0][31] [0][32] [0][33] [0][36] [0][37] [0][43] [0][46] [1][46] [2][46] [3][46] [3][45] [3][39] [3][35] [3][17] [3][0] [4][0] [4][9] [4][18] [4][21] [4][25] [4][31] [4][39] [4][46] [5][46] [5][43] [5][42] [5][41] [5][42] [5][43] [5][46] [6][46] [6][43] [6][20] [6][17] [6][15] [6][14] [6][9] [6][2] [6][1] [6][0] [7][0] [7][1] [7][4] [7][16] [7][34] [7][46] [8][46] [8][27] [8][20] [8][15] [8][2] [8][0] [9][0] [9][6] [9][0] [8][0] [7][0] [6][0] [5][0] [5][12] [5][0] [4][0] [3][0] [2][0] [1][0] [0][0] 
[0][0] [0][0] [0][0] [0][2] [0][5] [0][6] [0][8] [0][9] [0][10] [0][11] [0][13] [0][16] [0][17] [0][18] [0][23] [0][24] [0][26] [0][30] [0][31] [0][32] [0][36] [0][37] [0][43] [0][44] [0][45] [0][46] [1][46] [2][46] [3][46] [3][39] [3][33] [3][32] [3][33] [3][39] [3][46] [4][46] [4][45] [4][46] [5][46] [5][40] [5][46] [6][46] [6][34] [6][11] [6][6] [6][4] [6][0] [7][0] [7][2] [7][12] [7][2] [7][0] [8][0] [8][10] [8][16] [8][19] [8][28] [8][33] [8][37] [8][43] [8][46] [9][46] [9][39] [9][25] [9][18] [9][14] [9][5] [9][3] [9][0] [8][0] [7][0] [6][0] [5][0] [4][0] [3][0] [2][0] [1][0] [0][0] 
[0][0] [0][0] [0][0] [0][1] [0][2] [0][4] [0][7] [0][8] [0][10] [0][12] [0][15] [0][16] [0][18] [0][19] [0][20] [0][23] [0][25] [0][27] [0][28] [0][37] [0][38] [0][44] [0][46] [1][46] [2][46] [3][46] [3][40] [3][36] [3][19] [3][15] [3][14] [3][6] [3][5] [3][2] [3][0] [4][0] [5][0] [5][11] [5][13] [5][33] [5][45] [5][46] [6][46] [6][42] [6][25] [6][11] [6][6] [6][1] [6][0] [7][0] [7][5] [7][0] [8][0] [8][22] [8][24] [8][34] [8][38] [8][46] [7][46] [7][42] [7][46] [8][46] [9][46] [9][35] [9][24] [9][22] [9][19] [9][9] [9][5] [9][0] [8][0] [7][0] [6][0] [5][0] [4][0] [3][0] [2][0] [1][0] [0][0] 
[0][0] [0][0] [0][0] [0][1] [0][3] [0][5] [0][6] [0][8] [0][9] [0][12] [0][14] [0][16] [0][17] [0][19] [0][21] [0][22] [0][23] [0][26] [0][27] [0][31] [0][34] [0][35] [0][36] [0][37] [0][41] [0][43] [0][46] [1][46] [2][46] [3][46] [3][37] [3][24] [3][23] [3][24] [3][37] [3][46] [4][46] [4][27] [4][16] [4][11] [4][0] [5][0] [5][12] [5][25] [5][46] [6][46] [6][43] [6][46] [7][46] [7][41] [7][39] [7][35] [7][33] [7][32] [7][20] [7][11] [7][5] [7][0] [8][0] [8][5] [8][10] [8][18] [8][35] [8][41] [8][44] [8][46] [9][46] [9][40] [9][37] [9][31] [9][15] [9][3] [9][0] [8][0] [7][0] [6][0] [5][0] [4][0] [3][0] [2][0] [1][0] [0][0] 
[0][0] [0][0] [0][0] [0][3] [0][4] [0][5] [0][6] [0][7] [0][10] [0][14] [0][15] [0][17] [0][18] [0][20] [0][23] [0][24] [0][25] [0][29] [0][30] [0][31] [0][32] [0][35] [0][36] [0][43] [0][44] [0][45] [0][46] [1][46] [2][46] [3][46] [3][45] [3][34] [3][45] [3][46] [4][46] [4][39] [4][46] [5][46] [5][41] [5][46] [6][46] [7][46] [7][38] [7][36] [7][32] [7][20] [7][7] [7][0] [8][0] [8][10] [8][18] [8][27] [8][34] [8][46] [9][46] [9][44] [9][37] [9][20] [9][19] [9][1] [9][0] [8][0] [7][0] [6][0] [6][1] [6][0] [5][0] [4][0] [4][8] [4][0] [3][0] [2][0] [1][0] [0][0] 
[0][0] [0][0] [0][0] [0][5] [0][7] [0][8] [0][10] [0][11] [0][15] [0][17] [0][19] [0][20] [0][21] [0][24] [0][26] [0][27] [0][28] [0][29] [0][30] [0][31] [0][33] [0][37] [0][38] [0][40] [0][41] [0][46] [1][46] [2][46] [3][46] [4][46] [5][46] [5][38] [5][46] [6][46] [6][29] [6][24] [6][19] [6][4] [6][2] [6][0] [7][0] [7][10] [7][0] [8][0] [8][5] [8][6] [8][7] [8][10] [8][18] [8][35] [8][42] [8][46] [9][46] [9][44] [9][38] [9][34] [9][32] [9][34] [9][38] [9][44] [9][46] [8][46] [7][46] [7][42] [7][36] [7][42] [7][46] [6][46] [5][46] [4][46] [4][44] [4][43] [4][27] [4][20] [4][16] [4][10] [4][7] [4][3] [4][0] [3][0] [3][12] [3][0] [2][0] [1][0] [0][0] 
[0][0] [0][0] [0][0] [0][1] [0][3] [0][5] [0][8] [0][10] [0][11] [0][12] [0][14] [0][19] [0][20] [0][21] [0][23] [0][24] [0][25] [0][26] [0][28] [0][29] [0][30] [0][32] [0][34] [0][39] [0][40] [0][43] [0][44] [0][46] [1][46] [2][46] [3][46] [3][33] [3][16] [3][6] [3][0] [4][0] [4][1] [4][5] [4][11] [4][14] [4][26] [4][37] [4][39] [4][40] [4][45] [4][46] [5][46] [5][35] [5][33] [5][31] [5][33] [5][35] [5][46] [6][46] [7][46] [8][46] [8][34] [8][33] [8][18] [8][15] [8][3] [8][0] [9][0] [9][2] [9][8] [9][18] [9][24] [9][27] [9][24] [9][18] [9][8] [9][2] [9][0] [8][0] [7][0] [7][9] [7][0] [6][0] [6][4] [6][0] [5][0] [4][0] [3][0] [2][0] [1][0] [0][0] 
[0][0] [0][0] [0][0] [0][1] [0][3] [0][5] [0][7] [0][8] [0][9] [0][10] [0][15] [0][19] [0][20] [0][21] [0][23] [0][24] [0][25] [0][28] [0][29] [0][30] [0][33] [0][35] [0][38] [0][39] [0][41] [0][43] [0][44] [0][46] [1][46] [2][46] [3][46] [3][36] [3][27] [3][36] [3][46] [4][46] [4][38] [4][37] [4][36] [4][24] [4][17] [4][0] [5][0] [5][5] [5][10] [5][13] [5][17] [5][26] [5][37] [5][45] [5][46] [6][46] [7][46] [7][45] [7][38] [7][36] [7][30] [7][28] [7][30] [7][36] [7][38] [7][45] [7][46] [8][46] [8][42] [8][32] [8][42] [8][46] [9][46] [9][42] [9][35] [9][34] [9][10] [9][2] [9][0] [8][0] [7][0] [7][2] [7][0] [6][0] [6][21] [6][24] [6][21] [6][0] [5][0] [4][0] [3][0] [2][0] [1][0] [0][0] 
[0][0] [0][0] [0][0] [0][1] [0][2] [0][3] [0][5] [0][7] [0][9] [0][11] [0][13] [0][14] [0][18] [0][21] [0][22] [0][23] [0][25] [0][27] [0][28] [0][29] [0][30] [0][32] [0][33] [0][39] [0][40] [0][44] [0][46] [1][46] [2][46] [3][46] [3][35] [3][13] [3][11] [3][8] [3][0] [4][0] [4][5] [4][14] [4][20] [4][36] [4][41] [4][46] [5][46] [5][43] [5][41] [5][40] [5][31] [5][15] [5][8] [5][7] [5][2] [5][0] [6][0] [6][12] [6][16] [6][21] [6][26] [6][32] [6][46] [7][46] [7][45] [7][19] [7][18] [7][13] [7][0] [8][0] [9][0] [9][2] [9][0] [8][0] [7][0] [6][0] [5][0] [4][0] [3][0] [2][0] [1][0] [0][0] 
[0][0] [0][0] [0][0] [0][1] [0][2] [0][4] [0][6] [0][9] [0][10] [0][11] [0][12] [0][16] [0][19] [0][20] [0][21] [0][24] [0][26] [0][28] [0][29] [0][32] [0][34] [0][38] [0][44] [0][46] [1][46] [2][46] [3][46] [3][44] [3][38] [3][35] [3][24] [3][17] [3][0] [4][0] [4][1] [4][20] [4][30] [4][31] [4][44] [4][46] [5][46] [6][46] [6][36] [6][25] [6][22] [6][25] [6][36] [6][46] [7][46] [8][46] [9][46] [9][45] [9][42] [9][38] [9][37] [9][38] [9][42] [9][45] [9][46] [8][46] [7][46] [7][32] [7][29] [7][28] [7][27] [7][21] [7][17] [7][12] [7][0] [8][0] [8][4] [8][0] [7][0] [6][0] [5][0] [5][9] [5][10] [5][9] [5][0] [4][0] [3][0] [2][0] [1][0] [0][0] 
[0][0] [0][0] [0][0] [0][6] [0][8] [0][9] [0][12] [0][13] [0][15] [0][16] [0][18] [0][21] [0][22] [0][23] [0][25] [0][26] [0][29] [0][30] [0][32] [0][33] [0][35] [0][36] [0][38] [0][39] [0][40] [0][46] [1][46] [2][46] [3][46] [3][43] [3][40] [3][35] [3][22] [3][20] [3][0] [4][0] [4][8] [4][13] [4][19] [4][20] [4][29] [4][41] [4][44] [4][46] [5][46] [6][46] [6][43] [6][37] [6][36] [6][34] [6][26] [6][34] [6][36] [6][37] [6][43] [6][46] [7][46] [7][25] [7][18] [7][0] [8][0] [8][9] [8][10] [8][9] [8][0] [9][0] [9][3] [9][19] [9][24] [9][26] [9][42] [9][46] [8][46] [7][46] [6][46] [5][46] [5][31] [5][30] [5][23] [5][20] [5][11] [5][0] [4][0] [3][0] [2][0] [1][0] [0][0] 
[0][0] [0][0] [0][0] [0][5] [0][6] [0][7] [0][10] [0][12] [0][14] [0][15] [0][16] [0][17] [0][18] [0][25] [0][26] [0][30] [0][32] [0][33] [0][34] [0][35] [0][36] [0][39] [0][40] [0][42] [0][44] [0][45] [0][46] [1][46] [2][46] [3][46] [3][39] [3][46] [4][46] [4][28] [4][18] [4][7] [4][4] [4][0] [5][0] [5][20] [5][23] [5][24] [5][35] [5][46] [6][46] [6][36] [6][46] [7][46] [7][32] [7][24] [7][21] [7][19] [7][11] [7][0] [8][0] [8][3] [8][11] [8][23] [8][36] [8][46] [9][46] [9][40] [9][38] [9][36] [9][32] [9][29] [9][6] [9][0] [8][0] [7][0] [6][0] [5][0] [4][0] [3][0] [3][7] [3][0] [2][0] [1][0] [0][0] 
[0][0] [0][0] [0][0] [0][2] [0][3] [0][4] [0][5] [0][7] [0][16] [0][21] [0][22] [0][24] [0][26] [0][27] [0][28] [0][30] [0][31] [0][33] [0][34] [0][36] [0][37] [0][39] [0][40] [0][41] [0][42] [0][46] [1][46] [2][46] [3][46] [4][46] [4][44] [4][46] [5][46] [5][40] [5][32] [5][22] [5][9] [5][0] [6][0] [7][0] [8][0] [8][1] [8][3] [8][7] [8][9] [8][10] [8][15] [8][17] [8][25] [8][46] [9][46] [9][35] [9][29] [9][26] [9][6] [9][0] [8][0] [7][0] [7][13] [7][16] [7][28] [7][31] [7][39] [7][46] [6][46] [6][43] [6][40] [6][33] [6][28] [6][33] [6][40] [6][43] [6][46] [5][46] [4][46] [3][46] [3][33] [3][25] [3][16] [3][10] [3][0] [2][0] [1][0] [0][0] 
[0][0] [0][0] [0][0] [0][2] [0][3] [0][6] [0][10] [0][11] [0][12] [0][16] [0][20] [0][23] [0][26] [0][27] [0][37] [0][46] [1][46] [2][46] [3][46] [3][43] [3][46] [4][46] [5][46] [5][42] [5][46] [6][46] [7][46] [7][35] [7][11] [7][0] [8][0] [8][1] [8][0] [7][0] [6][0] [6][9] [6][12] [6][17] [6][12] [6][9] [6][0] [5][0] [4][0] [4][17] [4][0] [3][0] [3][1] [3][0] [2][0] [1][0] [0][0] 
