10714
389.667
/home/fflorenci/jobprp_ga/reduced_instances/henn/abc1/reduced_warehouse_37.lyt
/home/fflorenci/jobprp_ga/reduced_instances/henn/abc1/reduced_warehouse_37s-60-30-0.ord
60
30
19
340
120
1
7 23 21 14 18 18 6 20 22 18 23 11 22 17 13 22 22 12 15 5 13 21 13 19 17 12 10 16 13 22 19 24 17 23 10 8 15 18 20 9 7 10 14 13 9 24 7 8 13 9 21 7 8 8 22 12 24 10 10 21 
33
17 19 40 6 
47 51 28 
48 26 46 
7 44 
5 41 
11 9 
8 53 
32 22 
2 39 
59 35 
20 24 
13 43 
38 57 
27 42 
23 34 
21 49 
18 3 
1 0 
4 55 
36 14 
37 25 
29 52 
30 58 
10 
15 
54 
33 
16 
31 
50 
45 
56 
12 
284
282
296
328
354
310
358
324
326
282
412
368
264
326
358
350
356
412
398
256
330
344
324
292
358
308
260
356
284
242
354
324
294
[0][0] [0][0] [0][0] [0][2] [0][3] [0][5] [0][8] [0][10] [0][11] [0][12] [0][14] [0][35] [0][36] [0][38] [0][40] [0][43] [0][46] [1][46] [2][46] [3][46] [3][36] [3][24] [3][17] [3][7] [3][0] [4][0] [5][0] [6][0] [7][0] [7][7] [7][0] [8][0] [8][10] [8][36] [8][46] [9][46] [9][42] [9][37] [9][33] [9][27] [9][17] [9][0] [8][0] [7][0] [6][0] [5][0] [4][0] [3][0] [2][0] [1][0] [0][0] 
[0][0] [0][0] [0][0] [0][10] [0][14] [0][17] [0][18] [0][20] [0][21] [0][24] [0][25] [0][26] [0][30] [0][36] [0][40] [0][46] [1][46] [2][46] [3][46] [4][46] [5][46] [5][28] [5][27] [5][18] [5][10] [5][3] [5][0] [6][0] [7][0] [7][6] [7][0] [8][0] [8][13] [8][21] [8][46] [9][46] [9][40] [9][33] [9][28] [9][16] [9][9] [9][0] [8][0] [7][0] [6][0] [5][0] [4][0] [3][0] [2][0] [1][0] [0][0] 
[0][0] [0][0] [0][0] [0][8] [0][12] [0][16] [0][21] [0][22] [0][23] [0][26] [0][27] [0][42] [0][45] [0][46] [1][46] [2][46] [3][46] [4][46] [4][44] [4][46] [5][46] [6][46] [7][46] [7][40] [7][46] [8][46] [8][38] [8][36] [8][33] [8][29] [8][21] [8][6] [8][4] [8][0] [9][0] [9][1] [9][2] [9][7] [9][15] [9][36] [9][46] [8][46] [7][46] [6][46] [6][39] [6][26] [6][0] [5][0] [4][0] [4][4] [4][7] [4][4] [4][0] [3][0] [2][0] [1][0] [0][0] 
[0][0] [0][0] [0][0] [0][8] [0][11] [0][15] [0][21] [0][28] [0][31] [0][33] [0][34] [0][36] [0][40] [0][43] [0][44] [0][45] [0][46] [1][46] [2][46] [3][46] [3][39] [3][29] [3][28] [3][29] [3][39] [3][46] [4][46] [5][46] [5][39] [5][16] [5][9] [5][0] [6][0] [7][0] [7][13] [7][23] [7][33] [7][46] [8][46] [9][46] [9][39] [9][36] [9][39] [9][46] [8][46] [8][24] [8][5] [8][0] [7][0] [6][0] [5][0] [4][0] [4][3] [4][0] [3][0] [2][0] [1][0] [0][0] 
[0][0] [0][0] [0][0] [0][10] [0][22] [0][26] [0][28] [0][30] [0][37] [0][40] [0][45] [0][46] [1][46] [2][46] [3][46] [3][42] [3][34] [3][33] [3][32] [3][33] [3][34] [3][42] [3][46] [4][46] [4][42] [4][36] [4][17] [4][0] [5][0] [5][20] [5][23] [5][46] [6][46] [6][42] [6][46] [7][46] [8][46] [8][35] [8][46] [9][46] [9][24] [9][15] [9][0] [8][0] [7][0] [7][4] [7][11] [7][16] [7][11] [7][4] [7][0] [6][0] [5][0] [4][0] [3][0] [2][0] [1][0] [0][0] 
[0][0] [0][0] [0][0] [0][2] [0][3] [0][5] [0][8] [0][13] [0][25] [0][26] [0][32] [0][41] [0][43] [0][44] [0][46] [1][46] [2][46] [3][46] [4][46] [5][46] [5][41] [5][36] [5][35] [5][36] [5][41] [5][46] [6][46] [7][46] [7][45] [7][16] [7][4] [7][0] [8][0] [8][12] [8][31] [8][40] [8][46] [7][46] [6][46] [5][46] [4][46] [4][40] [4][28] [4][15] [4][5] [4][0] [3][0] [3][6] [3][12] [3][15] [3][12] [3][6] [3][0] [2][0] [1][0] [0][0] 
[0][0] [0][0] [0][0] [0][1] [0][3] [0][15] [0][16] [0][21] [0][29] [0][32] [0][35] [0][46] [1][46] [2][46] [3][46] [4][46] [5][46] [5][39] [5][32] [5][29] [5][21] [5][0] [6][0] [6][12] [6][0] [7][0] [7][7] [7][13] [7][22] [7][32] [7][35] [7][36] [7][42] [7][46] [8][46] [8][41] [8][38] [8][15] [8][7] [8][0] [9][0] [9][7] [9][9] [9][7] [9][0] [8][0] [7][0] [6][0] [5][0] [4][0] [4][10] [4][15] [4][10] [4][0] [3][0] [3][8] [3][0] [2][0] [1][0] [0][0] 
[0][0] [0][0] [0][0] [0][1] [0][2] [0][3] [0][4] [0][7] [0][9] [0][17] [0][18] [0][29] [0][31] [0][33] [0][37] [0][45] [0][46] [1][46] [2][46] [3][46] [3][45] [3][46] [4][46] [5][46] [5][44] [5][46] [6][46] [6][31] [6][46] [7][46] [8][46] [8][40] [8][26] [8][24] [8][13] [8][0] [9][0] [9][2] [9][8] [9][2] [9][0] [8][0] [7][0] [7][3] [7][0] [6][0] [6][1] [6][0] [5][0] [5][14] [5][18] [5][14] [5][0] [4][0] [4][19] [4][22] [4][19] [4][0] [3][0] [3][5] [3][0] [2][0] [1][0] [0][0] 
[0][0] [0][0] [0][0] [0][4] [0][7] [0][9] [0][10] [0][12] [0][15] [0][16] [0][17] [0][18] [0][19] [0][20] [0][31] [0][42] [0][44] [0][46] [1][46] [2][46] [3][46] [4][46] [4][42] [4][46] [5][46] [6][46] [6][24] [6][12] [6][0] [7][0] [7][2] [7][15] [7][27] [7][29] [7][35] [7][46] [8][46] [9][46] [9][44] [9][26] [9][0] [8][0] [8][1] [8][4] [8][6] [8][12] [8][6] [8][4] [8][1] [8][0] [7][0] [6][0] [5][0] [4][0] [4][9] [4][13] [4][9] [4][0] [3][0] [2][0] [1][0] [0][0] 
[0][0] [0][0] [0][0] [0][1] [0][6] [0][7] [0][9] [0][10] [0][14] [0][17] [0][20] [0][32] [0][33] [0][36] [0][39] [0][40] [0][46] [1][46] [2][46] [3][46] [3][45] [3][46] [4][46] [4][42] [4][35] [4][29] [4][35] [4][42] [4][46] [5][46] [5][42] [5][46] [6][46] [6][44] [6][41] [6][44] [6][46] [7][46] [7][33] [7][32] [7][22] [7][32] [7][33] [7][46] [8][46] [8][40] [8][46] [9][46] [9][41] [9][17] [9][9] [9][0] [8][0] [7][0] [6][0] [5][0] [4][0] [3][0] [2][0] [1][0] [0][0] 
[0][0] [0][0] [0][0] [0][2] [0][3] [0][5] [0][15] [0][21] [0][30] [0][35] [0][39] [0][45] [0][46] [1][46] [2][46] [3][46] [3][37] [3][29] [3][19] [3][18] [3][8] [3][0] [4][0] [4][4] [4][19] [4][26] [4][32] [4][46] [5][46] [5][44] [5][28] [5][21] [5][28] [5][44] [5][46] [6][46] [7][46] [7][35] [7][46] [8][46] [8][36] [8][46] [9][46] [9][43] [9][24] [9][0] [8][0] [8][1] [8][11] [8][1] [8][0] [7][0] [6][0] [6][6] [6][17] [6][6] [6][0] [5][0] [4][0] [3][0] [2][0] [1][0] [0][0] 
[0][0] [0][0] [0][0] [0][1] [0][2] [0][9] [0][10] [0][13] [0][23] [0][29] [0][30] [0][31] [0][33] [0][38] [0][40] [0][42] [0][46] [1][46] [2][46] [3][46] [3][45] [3][46] [4][46] [4][35] [4][29] [4][21] [4][29] [4][35] [4][46] [5][46] [6][46] [6][40] [6][27] [6][21] [6][19] [6][0] [7][0] [7][6] [7][20] [7][36] [7][46] [8][46] [9][46] [9][35] [9][46] [8][46] [8][25] [8][7] [8][0] [7][0] [6][0] [5][0] [5][5] [5][12] [5][5] [5][0] [4][0] [4][3] [4][0] [3][0] [2][0] [1][0] [0][0] 
[0][0] [0][0] [0][0] [0][5] [0][7] [0][9] [0][17] [0][18] [0][20] [0][23] [0][26] [0][29] [0][30] [0][33] [0][36] [0][37] [0][40] [0][42] [0][43] [0][46] [1][46] [2][46] [3][46] [3][37] [3][34] [3][31] [3][34] [3][37] [3][46] [4][46] [4][40] [4][35] [4][30] [4][35] [4][40] [4][46] [5][46] [6][46] [7][46] [8][46] [9][46] [9][24] [9][11] [9][0] [8][0] [8][2] [8][4] [8][2] [8][0] [7][0] [7][4] [7][7] [7][9] [7][7] [7][4] [7][0] [6][0] [5][0] [4][0] [3][0] [2][0] [1][0] [0][0] 
[0][0] [0][0] [0][0] [0][6] [0][7] [0][16] [0][19] [0][25] [0][28] [0][30] [0][32] [0][34] [0][37] [0][40] [0][43] [0][45] [0][46] [1][46] [2][46] [3][46] [4][46] [5][46] [5][40] [5][46] [6][46] [6][43] [6][42] [6][38] [6][42] [6][43] [6][46] [7][46] [8][46] [8][42] [8][46] [7][46] [7][30] [7][21] [7][0] [8][0] [8][15] [8][0] [7][0] [6][0] [6][1] [6][8] [6][1] [6][0] [5][0] [5][12] [5][19] [5][12] [5][0] [4][0] [3][0] [3][16] [3][0] [2][0] [1][0] [0][0] 
[0][0] [0][0] [0][0] [0][6] [0][9] [0][12] [0][13] [0][15] [0][16] [0][18] [0][20] [0][31] [0][35] [0][38] [0][46] [1][46] [2][46] [3][46] [4][46] [4][42] [4][26] [4][23] [4][19] [4][0] [5][0] [5][13] [5][24] [5][28] [5][46] [6][46] [7][46] [8][46] [9][46] [9][44] [9][30] [9][44] [9][46] [8][46] [8][30] [8][6] [8][0] [7][0] [7][11] [7][0] [6][0] [5][0] [4][0] [3][0] [3][5] [3][9] [3][18] [3][9] [3][5] [3][0] [2][0] [1][0] [0][0] 
[0][0] [0][0] [0][0] [0][2] [0][6] [0][13] [0][16] [0][17] [0][18] [0][19] [0][20] [0][23] [0][32] [0][34] [0][39] [0][45] [0][46] [1][46] [2][46] [3][46] [3][32] [3][46] [4][46] [4][38] [4][33] [4][25] [4][17] [4][0] [5][0] [5][5] [5][0] [6][0] [6][2] [6][24] [6][34] [6][46] [7][46] [7][45] [7][42] [7][45] [7][46] [8][46] [9][46] [9][42] [9][20] [9][8] [9][1] [9][0] [8][0] [8][4] [8][19] [8][4] [8][0] [7][0] [6][0] [5][0] [4][0] [3][0] [2][0] [1][0] [0][0] 
[0][0] [0][0] [0][0] [0][2] [0][3] [0][7] [0][8] [0][13] [0][14] [0][15] [0][20] [0][29] [0][31] [0][34] [0][40] [0][46] [1][46] [2][46] [3][46] [4][46] [5][46] [5][39] [5][31] [5][39] [5][46] [6][46] [6][38] [6][46] [7][46] [7][24] [7][0] [6][0] [6][8] [6][0] [7][0] [8][0] [8][8] [8][0] [9][0] [9][11] [9][17] [9][20] [9][32] [9][46] [8][46] [8][44] [8][46] [7][46] [6][46] [5][46] [4][46] [4][32] [4][28] [4][16] [4][15] [4][0] [3][0] [2][0] [1][0] [0][0] 
[0][0] [0][0] [0][0] [0][5] [0][6] [0][9] [0][12] [0][18] [0][30] [0][34] [0][35] [0][36] [0][39] [0][46] [1][46] [2][46] [3][46] [4][46] [4][23] [4][19] [4][18] [4][7] [4][0] [5][0] [5][2] [5][21] [5][42] [5][46] [6][46] [7][46] [7][37] [7][30] [7][25] [7][30] [7][37] [7][46] [8][46] [9][46] [9][26] [9][23] [9][26] [9][46] [8][46] [8][25] [8][13] [8][0] [7][0] [6][0] [6][1] [6][10] [6][1] [6][0] [5][0] [4][0] [3][0] [3][19] [3][0] [2][0] [1][0] [0][0] 
[0][0] [0][0] [0][0] [0][3] [0][4] [0][9] [0][11] [0][14] [0][21] [0][23] [0][29] [0][32] [0][34] [0][41] [0][42] [0][44] [0][46] [1][46] [2][46] [3][46] [4][46] [4][38] [4][17] [4][15] [4][9] [4][0] [5][0] [5][19] [5][24] [5][46] [6][46] [7][46] [8][46] [8][40] [8][46] [9][46] [9][29] [9][46] [8][46] [7][46] [6][46] [6][27] [6][19] [6][3] [6][0] [7][0] [7][4] [7][16] [7][4] [7][0] [6][0] [5][0] [4][0] [3][0] [3][20] [3][22] [3][20] [3][0] [2][0] [1][0] [0][0] 
[0][0] [0][0] [0][0] [0][1] [0][2] [0][9] [0][13] [0][14] [0][18] [0][19] [0][23] [0][31] [0][32] [0][33] [0][34] [0][38] [0][41] [0][46] [1][46] [2][46] [3][46] [3][42] [3][41] [3][42] [3][46] [4][46] [4][38] [4][46] [5][46] [6][46] [7][46] [8][46] [8][45] [8][37] [8][45] [8][46] [7][46] [6][46] [6][23] [6][20] [6][11] [6][0] [5][0] [5][2] [5][16] [5][2] [5][0] [4][0] [4][7] [4][8] [4][7] [4][0] [3][0] [2][0] [1][0] [0][0] 
[0][0] [0][0] [0][0] [0][1] [0][2] [0][5] [0][6] [0][10] [0][12] [0][13] [0][17] [0][20] [0][23] [0][25] [0][27] [0][41] [0][45] [0][46] [1][46] [2][46] [3][46] [3][43] [3][41] [3][40] [3][14] [3][8] [3][0] [4][0] [4][15] [4][29] [4][46] [5][46] [5][42] [5][46] [6][46] [6][45] [6][35] [6][45] [6][46] [7][46] [8][46] [9][46] [9][36] [9][21] [9][9] [9][0] [8][0] [7][0] [7][7] [7][17] [7][7] [7][0] [6][0] [5][0] [4][0] [3][0] [2][0] [1][0] [0][0] 
[0][0] [0][0] [0][0] [0][6] [0][12] [0][19] [0][20] [0][28] [0][31] [0][32] [0][35] [0][40] [0][42] [0][43] [0][44] [0][46] [1][46] [2][46] [3][46] [3][37] [3][32] [3][16] [3][11] [3][0] [4][0] [4][4] [4][0] [5][0] [5][10] [5][27] [5][46] [6][46] [7][46] [8][46] [8][27] [8][46] [7][46] [7][45] [7][30] [7][5] [7][0] [6][0] [6][4] [6][19] [6][20] [6][19] [6][4] [6][0] [5][0] [4][0] [3][0] [2][0] [1][0] [0][0] 
[0][0] [0][0] [0][0] [0][1] [0][2] [0][13] [0][24] [0][27] [0][30] [0][35] [0][37] [0][41] [0][42] [0][44] [0][46] [1][46] [2][46] [3][46] [3][43] [3][40] [3][38] [3][40] [3][43] [3][46] [4][46] [5][46] [5][38] [5][37] [5][38] [5][46] [6][46] [6][37] [6][33] [6][30] [6][14] [6][0] [7][0] [8][0] [8][6] [8][8] [8][18] [8][8] [8][6] [8][0] [7][0] [7][2] [7][24] [7][27] [7][36] [7][46] [6][46] [5][46] [4][46] [4][28] [4][0] [3][0] [2][0] [1][0] [0][0] 
[0][0] [0][0] [0][0] [0][3] [0][5] [0][13] [0][15] [0][16] [0][19] [0][21] [0][22] [0][26] [0][27] [0][38] [0][43] [0][45] [0][46] [1][46] [2][46] [3][46] [4][46] [4][38] [4][46] [5][46] [5][44] [5][46] [6][46] [6][32] [6][46] [7][46] [8][46] [8][38] [8][18] [8][14] [8][0] [9][0] [9][18] [9][0] [8][0] [7][0] [6][0] [5][0] [4][0] [4][8] [4][17] [4][8] [4][0] [3][0] [2][0] [1][0] [0][0] 
[0][0] [0][0] [0][0] [0][16] [0][17] [0][18] [0][26] [0][31] [0][39] [0][41] [0][46] [1][46] [2][46] [3][46] [3][33] [3][22] [3][0] [4][0] [4][8] [4][19] [4][21] [4][27] [4][46] [5][46] [5][44] [5][40] [5][44] [5][46] [6][46] [6][36] [6][46] [7][46] [8][46] [8][34] [8][16] [8][7] [8][0] [9][0] [9][6] [9][0] [8][0] [7][0] [7][14] [7][0] [6][0] [6][10] [6][0] [5][0] [4][0] [3][0] [2][0] [1][0] [0][0] 
[0][0] [0][0] [0][0] [0][3] [0][6] [0][8] [0][9] [0][16] [0][18] [0][22] [0][23] [0][33] [0][35] [0][41] [0][46] [1][46] [2][46] [3][46] [3][24] [3][17] [3][5] [3][0] [4][0] [4][21] [4][44] [4][45] [4][46] [5][46] [5][42] [5][46] [6][46] [6][38] [6][46] [7][46] [7][42] [7][46] [8][46] [8][14] [8][0] [7][0] [6][0] [5][0] [5][11] [5][0] [4][0] [3][0] [2][0] [1][0] [0][0] 
[0][0] [0][0] [0][0] [0][4] [0][5] [0][7] [0][10] [0][14] [0][20] [0][27] [0][31] [0][34] [0][35] [0][38] [0][45] [0][46] [1][46] [2][46] [3][46] [4][46] [5][46] [6][46] [7][46] [7][44] [7][42] [7][44] [7][46] [6][46] [6][32] [6][29] [6][0] [7][0] [8][0] [9][0] [9][3] [9][0] [8][0] [7][0] [6][0] [5][0] [5][3] [5][0] [4][0] [4][8] [4][22] [4][26] [4][22] [4][8] [4][0] [3][0] [2][0] [1][0] [0][0] 
[0][0] [0][0] [0][0] [0][6] [0][7] [0][9] [0][25] [0][27] [0][28] [0][29] [0][32] [0][39] [0][44] [0][46] [1][46] [2][46] [3][46] [4][46] [5][46] [5][25] [5][46] [6][46] [6][36] [6][34] [6][10] [6][0] [7][0] [7][13] [7][0] [8][0] [8][19] [8][46] [9][46] [9][38] [9][46] [8][46] [7][46] [7][42] [7][46] [6][46] [5][46] [4][46] [4][37] [4][32] [4][25] [4][10] [4][0] [3][0] [2][0] [1][0] [0][0] 
[0][0] [0][0] [0][0] [0][2] [0][3] [0][7] [0][8] [0][9] [0][12] [0][13] [0][16] [0][20] [0][23] [0][24] [0][28] [0][32] [0][38] [0][41] [0][42] [0][46] [1][46] [2][46] [3][46] [4][46] [5][46] [5][38] [5][26] [5][38] [5][46] [6][46] [6][30] [6][46] [7][46] [7][25] [7][0] [8][0] [8][1] [8][0] [9][0] [9][16] [9][0] [8][0] [7][0] [6][0] [6][1] [6][0] [5][0] [4][0] [3][0] [2][0] [1][0] [0][0] 
[0][0] [0][0] [0][0] [0][2] [0][4] [0][5] [0][8] [0][10] [0][20] [0][22] [0][25] [0][30] [0][35] [0][36] [0][38] [0][39] [0][46] [1][46] [2][46] [3][46] [3][27] [3][46] [4][46] [5][46] [5][45] [5][44] [5][42] [5][44] [5][45] [5][46] [6][46] [7][46] [8][46] [8][37] [8][35] [8][37] [8][46] [9][46] [9][44] [9][21] [9][0] [8][0] [7][0] [6][0] [5][0] [4][0] [3][0] [2][0] [1][0] [0][0] 
[0][0] [0][0] [0][0] [0][2] [0][3] [0][14] [0][18] [0][32] [0][36] [0][37] [0][38] [0][43] [0][45] [0][46] [1][46] [2][46] [3][46] [3][30] [3][13] [3][2] [3][0] [4][0] [4][19] [4][0] [5][0] [5][12] [5][15] [5][41] [5][46] [6][46] [7][46] [7][38] [7][46] [8][46] [9][46] [9][19] [9][0] [8][0] [8][10] [8][13] [8][10] [8][0] [7][0] [7][2] [7][0] [6][0] [6][1] [6][0] [5][0] [4][0] [3][0] [2][0] [1][0] [0][0] 
[0][0] [0][0] [0][0] [0][2] [0][4] [0][6] [0][9] [0][18] [0][20] [0][23] [0][26] [0][30] [0][36] [0][38] [0][40] [0][43] [0][44] [0][46] [1][46] [2][46] [3][46] [3][40] [3][46] [4][46] [4][24] [4][46] [5][46] [5][32] [5][46] [6][46] [7][46] [8][46] [8][41] [8][10] [8][0] [9][0] [9][4] [9][0] [8][0] [7][0] [7][15] [7][0] [6][0] [6][5] [6][0] [5][0] [4][0] [3][0] [3][9] [3][0] [2][0] [1][0] [0][0] 
[0][0] [0][0] [0][0] [0][9] [0][13] [0][20] [0][22] [0][23] [0][24] [0][25] [0][29] [0][30] [0][33] [0][35] [0][36] [0][40] [0][46] [1][46] [2][46] [3][46] [4][46] [4][41] [4][46] [5][46] [5][33] [5][46] [6][46] [7][46] [8][46] [8][37] [8][46] [9][46] [9][36] [9][46] [8][46] [7][46] [7][12] [7][0] [6][0] [6][2] [6][15] [6][2] [6][0] [5][0] [5][7] [5][0] [4][0] [3][0] [3][2] [3][0] [2][0] [1][0] [0][0] 
