4138
186.342
/home/fflorenci/jobprp_ga/reduced_instances/henn/abc1/reduced_warehouse_31.lyt
/home/fflorenci/jobprp_ga/reduced_instances/henn/abc1/reduced_warehouse_31s-40-60-0.ord
40
60
23
340
120
1
14 17 11 19 19 11 20 15 24 19 5 10 13 20 8 12 19 18 22 24 11 17 16 13 12 18 12 20 8 19 20 14 8 19 9 19 12 16 22 22 
11
31 17 10 36 28 
33 15 23 2 
35 20 32 18 
16 14 13 34 
12 3 7 26 
0 11 24 29 
6 25 4 
19 37 21 
8 39 5 
27 38 1 
9 22 30 
306
366
340
394
418
358
350
394
386
418
408
[0][0] [0][0] [0][0] [0][2] [0][3] [0][4] [0][7] [0][9] [0][13] [0][17] [0][18] [0][19] [0][20] [0][21] [0][22] [0][23] [0][29] [0][31] [0][35] [0][36] [0][38] [0][39] [0][44] [0][45] [0][46] [1][46] [2][46] [3][46] [3][42] [3][40] [3][31] [3][30] [3][19] [3][0] [4][0] [4][2] [4][4] [4][13] [4][22] [4][38] [4][46] [5][46] [6][46] [6][41] [6][36] [6][33] [6][36] [6][41] [6][46] [7][46] [8][46] [8][40] [8][46] [7][46] [7][41] [7][32] [7][24] [7][16] [7][12] [7][0] [6][0] [6][6] [6][0] [5][0] [4][0] [3][0] [2][0] [1][0] [0][0] 
[0][0] [0][0] [0][0] [0][5] [0][9] [0][10] [0][13] [0][16] [0][18] [0][20] [0][22] [0][24] [0][25] [0][29] [0][30] [0][31] [0][33] [0][37] [0][38] [0][39] [0][41] [0][46] [1][46] [2][46] [3][46] [4][46] [4][45] [4][44] [4][37] [4][33] [4][24] [4][12] [4][10] [4][6] [4][3] [4][0] [5][0] [5][8] [5][10] [5][24] [5][36] [5][43] [5][46] [6][46] [6][44] [6][32] [6][29] [6][9] [6][8] [6][2] [6][0] [7][0] [7][12] [7][15] [7][29] [7][32] [7][37] [7][41] [7][46] [8][46] [9][46] [9][45] [9][46] [8][46] [8][35] [8][15] [8][13] [8][0] [7][0] [6][0] [5][0] [4][0] [3][0] [3][3] [3][0] [2][0] [1][0] [0][0] 
[0][0] [0][0] [0][0] [0][1] [0][5] [0][8] [0][12] [0][14] [0][15] [0][18] [0][24] [0][27] [0][29] [0][31] [0][33] [0][34] [0][37] [0][38] [0][40] [0][41] [0][42] [0][43] [0][44] [0][45] [0][46] [1][46] [2][46] [3][46] [3][33] [3][30] [3][25] [3][23] [3][19] [3][17] [3][11] [3][0] [4][0] [4][1] [4][0] [5][0] [6][0] [6][9] [6][12] [6][19] [6][24] [6][32] [6][39] [6][46] [7][46] [8][46] [9][46] [9][45] [9][42] [9][38] [9][27] [9][26] [9][18] [9][15] [9][11] [9][3] [9][0] [8][0] [8][6] [8][21] [8][23] [8][27] [8][23] [8][21] [8][6] [8][0] [7][0] [7][7] [7][0] [6][0] [5][0] [4][0] [3][0] [2][0] [1][0] [0][0] 
[0][0] [0][0] [0][0] [0][2] [0][4] [0][5] [0][6] [0][7] [0][11] [0][13] [0][16] [0][18] [0][19] [0][25] [0][26] [0][28] [0][29] [0][31] [0][32] [0][34] [0][36] [0][43] [0][44] [0][45] [0][46] [1][46] [2][46] [3][46] [3][38] [3][29] [3][5] [3][3] [3][0] [4][0] [4][14] [4][16] [4][18] [4][19] [4][28] [4][33] [4][38] [4][46] [5][46] [5][45] [5][46] [6][46] [6][41] [6][36] [6][31] [6][36] [6][41] [6][46] [7][46] [7][44] [7][40] [7][15] [7][12] [7][0] [8][0] [8][17] [8][21] [8][27] [8][43] [8][46] [9][46] [9][33] [9][20] [9][14] [9][10] [9][0] [8][0] [7][0] [6][0] [5][0] [5][2] [5][3] [5][2] [5][0] [4][0] [3][0] [2][0] [1][0] [0][0] 
[0][0] [0][0] [0][0] [0][1] [0][2] [0][3] [0][4] [0][8] [0][9] [0][14] [0][16] [0][19] [0][21] [0][25] [0][31] [0][33] [0][35] [0][36] [0][37] [0][38] [0][39] [0][40] [0][41] [0][44] [0][45] [0][46] [1][46] [2][46] [3][46] [4][46] [4][42] [4][36] [4][42] [4][46] [5][46] [5][38] [5][46] [6][46] [6][31] [6][25] [6][16] [6][4] [6][0] [5][0] [5][6] [5][8] [5][6] [5][0] [6][0] [7][0] [8][0] [8][10] [8][16] [8][22] [8][27] [8][33] [8][46] [9][46] [9][45] [9][36] [9][21] [9][0] [8][0] [7][0] [7][5] [7][9] [7][19] [7][32] [7][42] [7][46] [6][46] [5][46] [4][46] [3][46] [3][37] [3][36] [3][34] [3][21] [3][14] [3][8] [3][4] [3][0] [2][0] [1][0] [0][0] 
[0][0] [0][0] [0][0] [0][1] [0][3] [0][8] [0][11] [0][12] [0][13] [0][17] [0][19] [0][23] [0][24] [0][29] [0][30] [0][33] [0][34] [0][36] [0][43] [0][46] [1][46] [2][46] [3][46] [3][43] [3][46] [4][46] [4][41] [4][40] [4][33] [4][40] [4][41] [4][46] [5][46] [5][45] [5][44] [5][42] [5][40] [5][42] [5][44] [5][45] [5][46] [6][46] [6][35] [6][33] [6][27] [6][16] [6][0] [7][0] [7][9] [7][21] [7][36] [7][37] [7][41] [7][44] [7][46] [8][46] [8][38] [8][37] [8][26] [8][24] [8][26] [8][37] [8][38] [8][46] [9][46] [9][44] [9][35] [9][33] [9][23] [9][21] [9][16] [9][8] [9][0] [8][0] [7][0] [6][0] [5][0] [5][2] [5][0] [4][0] [4][1] [4][0] [3][0] [3][1] [3][0] [2][0] [1][0] [0][0] 
[0][0] [0][0] [0][0] [0][1] [0][3] [0][5] [0][6] [0][7] [0][8] [0][10] [0][12] [0][13] [0][14] [0][16] [0][18] [0][20] [0][22] [0][23] [0][24] [0][25] [0][27] [0][32] [0][33] [0][37] [0][38] [0][39] [0][40] [0][42] [0][45] [0][46] [1][46] [2][46] [3][46] [3][33] [3][27] [3][20] [3][11] [3][7] [3][2] [3][0] [4][0] [5][0] [5][2] [5][17] [5][31] [5][46] [6][46] [6][44] [6][42] [6][41] [6][29] [6][0] [7][0] [7][3] [7][13] [7][21] [7][25] [7][31] [7][46] [8][46] [8][30] [8][22] [8][9] [8][0] [7][0] [6][0] [5][0] [4][0] [3][0] [2][0] [1][0] [0][0] 
[0][0] [0][0] [0][0] [0][1] [0][2] [0][3] [0][7] [0][9] [0][10] [0][11] [0][16] [0][17] [0][18] [0][19] [0][20] [0][23] [0][24] [0][25] [0][26] [0][27] [0][31] [0][38] [0][39] [0][42] [0][43] [0][46] [1][46] [2][46] [3][46] [3][43] [3][29] [3][18] [3][17] [3][13] [3][0] [4][0] [4][21] [4][23] [4][25] [4][34] [4][38] [4][43] [4][45] [4][46] [5][46] [5][35] [5][29] [5][16] [5][9] [5][0] [6][0] [7][0] [7][18] [7][25] [7][27] [7][46] [8][46] [8][40] [8][37] [8][36] [8][30] [8][36] [8][37] [8][40] [8][46] [9][46] [9][23] [9][19] [9][7] [9][0] [8][0] [8][2] [8][0] [7][0] [6][0] [5][0] [4][0] [3][0] [2][0] [1][0] [0][0] 
[0][0] [0][0] [0][0] [0][2] [0][3] [0][4] [0][6] [0][8] [0][10] [0][11] [0][12] [0][13] [0][14] [0][16] [0][17] [0][19] [0][20] [0][21] [0][24] [0][25] [0][28] [0][30] [0][32] [0][33] [0][37] [0][39] [0][41] [0][42] [0][46] [1][46] [2][46] [3][46] [3][37] [3][21] [3][16] [3][13] [3][1] [3][0] [4][0] [5][0] [5][3] [5][9] [5][12] [5][13] [5][12] [5][9] [5][3] [5][0] [6][0] [6][19] [6][23] [6][46] [7][46] [7][45] [7][31] [7][24] [7][15] [7][11] [7][0] [8][0] [8][3] [8][12] [8][29] [8][35] [8][36] [8][46] [9][46] [9][38] [9][37] [9][29] [9][22] [9][15] [9][0] [8][0] [7][0] [6][0] [5][0] [4][0] [3][0] [2][0] [1][0] [0][0] 
[0][0] [0][0] [0][0] [0][1] [0][2] [0][3] [0][9] [0][10] [0][15] [0][17] [0][18] [0][19] [0][21] [0][23] [0][26] [0][27] [0][28] [0][29] [0][30] [0][32] [0][36] [0][37] [0][41] [0][46] [1][46] [2][46] [3][46] [4][46] [5][46] [5][43] [5][26] [5][18] [5][26] [5][43] [5][46] [6][46] [6][34] [6][30] [6][29] [6][30] [6][34] [6][46] [7][46] [7][28] [7][22] [7][18] [7][7] [7][0] [8][0] [8][7] [8][11] [8][19] [8][21] [8][29] [8][33] [8][46] [9][46] [9][33] [9][25] [9][21] [9][18] [9][9] [9][6] [9][0] [8][0] [7][0] [6][0] [5][0] [4][0] [4][10] [4][14] [4][10] [4][0] [3][0] [3][2] [3][6] [3][17] [3][6] [3][2] [3][0] [2][0] [1][0] [0][0] 
[0][0] [0][0] [0][0] [0][1] [0][2] [0][4] [0][6] [0][10] [0][11] [0][12] [0][13] [0][14] [0][16] [0][17] [0][18] [0][20] [0][24] [0][25] [0][26] [0][30] [0][32] [0][34] [0][39] [0][40] [0][41] [0][42] [0][44] [0][46] [1][46] [2][46] [3][46] [4][46] [5][46] [5][33] [5][32] [5][21] [5][0] [6][0] [6][18] [6][22] [6][27] [6][33] [6][46] [7][46] [8][46] [9][46] [9][33] [9][30] [9][7] [9][0] [8][0] [8][13] [8][14] [8][13] [8][0] [7][0] [7][7] [7][10] [7][7] [7][0] [6][0] [5][0] [4][0] [4][7] [4][13] [4][18] [4][13] [4][7] [4][0] [3][0] [3][7] [3][15] [3][16] [3][22] [3][27] [3][22] [3][16] [3][15] [3][7] [3][0] [2][0] [1][0] [0][0] 
