7012
315.984
/home/fflorenci/jobprp_ga/reduced_instances/henn/abc1/reduced_warehouse_38.lyt
/home/fflorenci/jobprp_ga/reduced_instances/henn/abc1/reduced_warehouse_38s-60-45-0.ord
60
45
23
340
120
1
21 22 23 11 7 12 10 15 21 11 6 22 8 24 8 5 11 19 7 11 19 16 12 9 22 14 10 22 15 19 16 13 12 21 10 8 14 17 22 12 11 16 18 6 5 7 23 13 21 13 19 21 8 15 16 5 14 19 19 19 
20
36 14 52 55 26 
10 16 25 19 
12 34 28 3 
22 18 9 53 
31 56 45 35 
43 47 58 4 
20 48 44 
2 23 32 
54 37 39 
29 41 15 
7 17 40 
49 21 5 
50 6 30 
1 57 
24 51 
33 0 
46 38 
11 8 
27 42 
59 13 
240
230
306
368
374
402
342
372
314
348
362
284
410
302
384
374
388
410
384
418
[0][0] [0][0] [0][0] [0][2] [0][3] [0][4] [0][6] [0][10] [0][11] [0][12] [0][16] [0][19] [0][21] [0][22] [0][24] [0][25] [0][30] [0][31] [0][32] [0][36] [0][39] [0][40] [0][42] [0][44] [0][45] [0][46] [1][46] [2][46] [3][46] [4][46] [4][44] [4][46] [5][46] [5][42] [5][39] [5][42] [5][46] [6][46] [6][44] [6][41] [6][35] [6][31] [6][35] [6][41] [6][44] [6][46] [7][46] [7][41] [7][37] [7][41] [7][46] [8][46] [9][46] [9][45] [9][38] [9][15] [9][13] [9][5] [9][0] [8][0] [7][0] [7][1] [7][0] [6][0] [5][0] [4][0] [3][0] [2][0] [1][0] [0][0] 
[0][0] [0][0] [0][0] [0][1] [0][4] [0][6] [0][7] [0][8] [0][9] [0][10] [0][12] [0][14] [0][16] [0][17] [0][19] [0][22] [0][27] [0][28] [0][30] [0][32] [0][33] [0][36] [0][39] [0][40] [0][41] [0][44] [0][46] [1][46] [2][46] [3][46] [3][45] [3][24] [3][23] [3][0] [4][0] [4][8] [4][15] [4][23] [4][24] [4][43] [4][46] [5][46] [5][35] [5][20] [5][0] [4][0] [3][0] [2][0] [1][0] [0][0] 
[0][0] [0][0] [0][0] [0][2] [0][3] [0][5] [0][7] [0][8] [0][9] [0][10] [0][13] [0][21] [0][22] [0][23] [0][24] [0][25] [0][27] [0][30] [0][31] [0][38] [0][41] [0][45] [0][46] [1][46] [2][46] [3][46] [3][43] [3][32] [3][29] [3][17] [3][11] [3][2] [3][0] [4][0] [5][0] [5][4] [5][0] [6][0] [6][4] [6][7] [6][14] [6][28] [6][46] [5][46] [5][43] [5][46] [6][46] [7][46] [7][42] [7][40] [7][42] [7][46] [8][46] [9][46] [9][43] [9][46] [8][46] [8][42] [8][22] [8][18] [8][8] [8][1] [8][0] [7][0] [6][0] [5][0] [4][0] [3][0] [2][0] [1][0] [0][0] 
[0][0] [0][0] [0][0] [0][3] [0][4] [0][10] [0][11] [0][12] [0][15] [0][19] [0][21] [0][22] [0][24] [0][26] [0][28] [0][30] [0][32] [0][45] [0][46] [1][46] [2][46] [3][46] [3][37] [3][33] [3][29] [3][20] [3][17] [3][1] [3][0] [4][0] [4][27] [4][31] [4][32] [4][37] [4][41] [4][46] [5][46] [5][39] [5][22] [5][16] [5][0] [6][0] [6][15] [6][17] [6][21] [6][38] [6][42] [6][44] [6][46] [7][46] [8][46] [9][46] [9][35] [9][30] [9][27] [9][23] [9][14] [9][6] [9][0] [8][0] [7][0] [7][2] [7][4] [7][2] [7][0] [6][0] [5][0] [4][0] [3][0] [2][0] [1][0] [0][0] 
[0][0] [0][0] [0][0] [0][5] [0][7] [0][10] [0][12] [0][17] [0][19] [0][25] [0][26] [0][28] [0][31] [0][36] [0][38] [0][40] [0][41] [0][43] [0][46] [1][46] [2][46] [3][46] [3][41] [3][46] [4][46] [4][29] [4][25] [4][24] [4][21] [4][19] [4][0] [5][0] [5][12] [5][23] [5][38] [5][43] [5][46] [6][46] [6][44] [6][25] [6][24] [6][15] [6][0] [7][0] [7][10] [7][17] [7][20] [7][46] [8][46] [8][36] [8][34] [8][31] [8][21] [8][16] [8][12] [8][5] [8][0] [7][0] [6][0] [5][0] [4][0] [3][0] [3][3] [3][8] [3][3] [3][0] [2][0] [1][0] [0][0] 
[0][0] [0][0] [0][0] [0][7] [0][11] [0][19] [0][21] [0][25] [0][28] [0][29] [0][31] [0][35] [0][37] [0][41] [0][42] [0][44] [0][45] [0][46] [1][46] [2][46] [3][46] [3][34] [3][30] [3][27] [3][25] [3][27] [3][30] [3][34] [3][46] [4][46] [4][39] [4][46] [5][46] [5][26] [5][24] [5][15] [5][14] [5][4] [5][0] [6][0] [6][17] [6][19] [6][25] [6][19] [6][17] [6][0] [7][0] [7][21] [7][28] [7][34] [7][36] [7][37] [7][42] [7][46] [8][46] [8][36] [8][35] [8][34] [8][35] [8][36] [8][46] [9][46] [9][38] [9][34] [9][26] [9][25] [9][1] [9][0] [8][0] [8][4] [8][5] [8][4] [8][0] [7][0] [6][0] [5][0] [4][0] [3][0] [2][0] [1][0] [0][0] 
[0][0] [0][0] [0][0] [0][1] [0][3] [0][7] [0][8] [0][9] [0][15] [0][16] [0][18] [0][19] [0][21] [0][22] [0][25] [0][29] [0][30] [0][31] [0][33] [0][34] [0][35] [0][37] [0][42] [0][43] [0][45] [0][46] [1][46] [2][46] [3][46] [4][46] [4][37] [4][36] [4][37] [4][46] [5][46] [5][42] [5][26] [5][19] [5][0] [6][0] [6][4] [6][0] [7][0] [7][1] [7][0] [8][0] [8][3] [8][0] [9][0] [9][20] [9][40] [9][46] [8][46] [8][34] [8][29] [8][27] [8][26] [8][27] [8][29] [8][34] [8][46] [7][46] [6][46] [5][46] [4][46] [3][46] [3][42] [3][21] [3][20] [3][5] [3][0] [2][0] [1][0] [0][0] 
[0][0] [0][0] [0][0] [0][4] [0][5] [0][7] [0][9] [0][12] [0][22] [0][26] [0][28] [0][30] [0][33] [0][35] [0][36] [0][38] [0][39] [0][44] [0][45] [0][46] [1][46] [2][46] [3][46] [3][35] [3][34] [3][31] [3][29] [3][21] [3][19] [3][4] [3][0] [4][0] [5][0] [5][12] [5][25] [5][32] [5][40] [5][46] [6][46] [6][24] [6][22] [6][17] [6][11] [6][9] [6][0] [7][0] [7][6] [7][0] [8][0] [8][15] [8][25] [8][32] [8][39] [8][46] [9][46] [9][34] [9][11] [9][4] [9][0] [8][0] [7][0] [6][0] [5][0] [4][0] [3][0] [2][0] [1][0] [0][0] 
[0][0] [0][0] [0][0] [0][1] [0][2] [0][3] [0][9] [0][11] [0][16] [0][17] [0][20] [0][25] [0][26] [0][27] [0][31] [0][33] [0][34] [0][35] [0][37] [0][38] [0][39] [0][41] [0][43] [0][45] [0][46] [1][46] [2][46] [3][46] [4][46] [5][46] [5][44] [5][46] [6][46] [6][45] [6][46] [7][46] [8][46] [8][37] [8][27] [8][19] [8][9] [8][6] [8][0] [7][0] [7][14] [7][23] [7][14] [7][0] [6][0] [6][12] [6][14] [6][12] [6][0] [5][0] [5][11] [5][0] [4][0] [3][0] [3][8] [3][11] [3][12] [3][22] [3][23] [3][22] [3][12] [3][11] [3][8] [3][0] [2][0] [1][0] [0][0] 
[0][0] [0][0] [0][0] [0][6] [0][10] [0][11] [0][14] [0][15] [0][20] [0][21] [0][26] [0][30] [0][33] [0][35] [0][38] [0][39] [0][41] [0][43] [0][44] [0][45] [0][46] [1][46] [2][46] [3][46] [4][46] [4][33] [4][46] [5][46] [5][42] [5][46] [6][46] [6][38] [6][25] [6][3] [6][0] [7][0] [7][10] [7][24] [7][27] [7][37] [7][40] [7][45] [7][46] [8][46] [8][39] [8][24] [8][14] [8][0] [9][0] [9][13] [9][17] [9][19] [9][17] [9][13] [9][0] [8][0] [7][0] [6][0] [5][0] [4][0] [4][5] [4][0] [3][0] [2][0] [1][0] [0][0] 
[0][0] [0][0] [0][0] [0][4] [0][5] [0][6] [0][10] [0][12] [0][17] [0][24] [0][25] [0][26] [0][27] [0][28] [0][33] [0][34] [0][35] [0][40] [0][43] [0][44] [0][46] [1][46] [2][46] [3][46] [4][46] [5][46] [5][40] [5][46] [6][46] [6][41] [6][30] [6][23] [6][3] [6][0] [7][0] [8][0] [9][0] [9][2] [9][0] [8][0] [7][0] [7][3] [7][8] [7][9] [7][21] [7][35] [7][46] [8][46] [8][39] [8][36] [8][30] [8][36] [8][39] [8][46] [7][46] [6][46] [5][46] [4][46] [4][42] [4][30] [4][27] [4][22] [4][21] [4][20] [4][3] [4][1] [4][0] [3][0] [3][15] [3][19] [3][15] [3][0] [2][0] [1][0] [0][0] 
[0][0] [0][0] [0][0] [0][1] [0][2] [0][5] [0][7] [0][9] [0][12] [0][16] [0][20] [0][26] [0][27] [0][28] [0][32] [0][36] [0][38] [0][39] [0][41] [0][44] [0][46] [1][46] [2][46] [3][46] [4][46] [4][36] [4][30] [4][22] [4][21] [4][20] [4][21] [4][22] [4][30] [4][36] [4][46] [5][46] [6][46] [6][44] [6][42] [6][44] [6][46] [7][46] [8][46] [8][37] [8][46] [9][46] [9][35] [9][29] [9][2] [9][0] [8][0] [7][0] [7][5] [7][8] [7][10] [7][8] [7][5] [7][0] [6][0] [5][0] [4][0] [4][6] [4][0] [3][0] [2][0] [1][0] [0][0] 
[0][0] [0][0] [0][0] [0][6] [0][9] [0][11] [0][15] [0][16] [0][17] [0][18] [0][20] [0][25] [0][30] [0][32] [0][33] [0][38] [0][46] [1][46] [2][46] [3][46] [3][30] [3][25] [3][7] [3][0] [4][0] [4][10] [4][19] [4][20] [4][28] [4][33] [4][46] [5][46] [5][26] [5][25] [5][17] [5][13] [5][0] [6][0] [7][0] [7][7] [7][9] [7][10] [7][22] [7][23] [7][28] [7][34] [7][46] [8][46] [9][46] [9][38] [9][27] [9][23] [9][20] [9][23] [9][27] [9][38] [9][46] [8][46] [8][37] [8][28] [8][26] [8][6] [8][3] [8][0] [7][0] [6][0] [5][0] [4][0] [3][0] [2][0] [1][0] [0][0] 
[0][0] [0][0] [0][0] [0][4] [0][6] [0][7] [0][10] [0][11] [0][13] [0][14] [0][17] [0][18] [0][20] [0][27] [0][34] [0][35] [0][36] [0][37] [0][38] [0][40] [0][41] [0][44] [0][45] [0][46] [1][46] [2][46] [3][46] [4][46] [4][44] [4][29] [4][20] [4][19] [4][7] [4][0] [5][0] [5][22] [5][23] [5][39] [5][45] [5][46] [6][46] [6][44] [6][34] [6][44] [6][46] [7][46] [7][40] [7][32] [7][24] [7][19] [7][0] [8][0] [8][1] [8][0] [9][0] [9][2] [9][4] [9][2] [9][0] [8][0] [7][0] [6][0] [5][0] [4][0] [3][0] [2][0] [1][0] [0][0] 
[0][0] [0][0] [0][0] [0][3] [0][8] [0][13] [0][15] [0][19] [0][20] [0][22] [0][25] [0][26] [0][27] [0][28] [0][30] [0][33] [0][36] [0][38] [0][40] [0][41] [0][43] [0][44] [0][46] [1][46] [2][46] [3][46] [3][35] [3][23] [3][22] [3][2] [3][0] [4][0] [4][5] [4][7] [4][24] [4][7] [4][5] [4][0] [5][0] [5][5] [5][0] [6][0] [6][3] [6][15] [6][21] [6][28] [6][29] [6][46] [5][46] [5][43] [5][46] [6][46] [7][46] [8][46] [8][39] [8][30] [8][27] [8][24] [8][0] [9][0] [9][13] [9][15] [9][13] [9][0] [8][0] [7][0] [7][6] [7][0] [6][0] [5][0] [4][0] [3][0] [2][0] [1][0] [0][0] 
[0][0] [0][0] [0][0] [0][1] [0][3] [0][5] [0][6] [0][10] [0][11] [0][15] [0][17] [0][19] [0][20] [0][28] [0][29] [0][31] [0][32] [0][38] [0][41] [0][43] [0][45] [0][46] [1][46] [2][46] [3][46] [4][46] [4][33] [4][32] [4][26] [4][22] [4][0] [5][0] [5][22] [5][24] [5][26] [5][46] [6][46] [6][40] [6][46] [7][46] [7][37] [7][31] [7][37] [7][46] [8][46] [8][38] [8][30] [8][38] [8][46] [9][46] [9][43] [9][41] [9][31] [9][30] [9][27] [9][21] [9][8] [9][0] [8][0] [8][4] [8][0] [7][0] [7][5] [7][0] [6][0] [5][0] [4][0] [3][0] [3][8] [3][9] [3][8] [3][0] [2][0] [1][0] [0][0] 
[0][0] [0][0] [0][0] [0][1] [0][3] [0][4] [0][7] [0][12] [0][19] [0][20] [0][21] [0][23] [0][25] [0][35] [0][36] [0][38] [0][40] [0][43] [0][46] [1][46] [2][46] [3][46] [3][37] [3][25] [3][14] [3][13] [3][0] [4][0] [4][2] [4][5] [4][8] [4][15] [4][22] [4][46] [5][46] [6][46] [6][42] [6][46] [7][46] [7][43] [7][41] [7][39] [7][17] [7][12] [7][0] [8][0] [8][11] [8][0] [9][0] [9][11] [9][12] [9][20] [9][29] [9][45] [9][46] [8][46] [7][46] [6][46] [5][46] [5][34] [5][28] [5][26] [5][15] [5][0] [4][0] [3][0] [2][0] [1][0] [0][0] 
[0][0] [0][0] [0][0] [0][1] [0][8] [0][11] [0][12] [0][15] [0][16] [0][19] [0][21] [0][23] [0][28] [0][30] [0][34] [0][39] [0][40] [0][43] [0][44] [0][45] [0][46] [1][46] [2][46] [3][46] [3][37] [3][36] [3][37] [3][46] [4][46] [4][32] [4][21] [4][8] [4][0] [5][0] [5][13] [5][15] [5][30] [5][46] [6][46] [6][43] [6][46] [7][46] [7][38] [7][46] [8][46] [8][27] [8][25] [8][0] [9][0] [9][7] [9][11] [9][19] [9][11] [9][7] [9][0] [8][0] [7][0] [7][8] [7][13] [7][8] [7][0] [6][0] [6][16] [6][20] [6][16] [6][0] [5][0] [4][0] [3][0] [2][0] [1][0] [0][0] 
[0][0] [0][0] [0][0] [0][1] [0][4] [0][7] [0][10] [0][12] [0][13] [0][16] [0][18] [0][21] [0][22] [0][23] [0][25] [0][29] [0][30] [0][43] [0][46] [1][46] [2][46] [3][46] [4][46] [4][44] [4][35] [4][33] [4][35] [4][44] [4][46] [5][46] [5][39] [5][32] [5][29] [5][20] [5][6] [5][0] [6][0] [6][3] [6][0] [7][0] [8][0] [8][2] [8][8] [8][10] [8][8] [8][2] [8][0] [9][0] [9][5] [9][17] [9][5] [9][0] [8][0] [7][0] [7][20] [7][22] [7][34] [7][46] [6][46] [6][39] [6][36] [6][30] [6][36] [6][39] [6][46] [5][46] [4][46] [3][46] [3][30] [3][22] [3][0] [2][0] [1][0] [0][0] 
[0][0] [0][0] [0][0] [0][4] [0][5] [0][8] [0][10] [0][11] [0][13] [0][14] [0][15] [0][20] [0][23] [0][24] [0][27] [0][30] [0][31] [0][32] [0][33] [0][35] [0][36] [0][43] [0][46] [1][46] [2][46] [3][46] [3][44] [3][40] [3][37] [3][40] [3][44] [3][46] [4][46] [4][29] [4][15] [4][0] [5][0] [5][3] [5][22] [5][3] [5][0] [6][0] [6][14] [6][24] [6][46] [7][46] [7][39] [7][46] [8][46] [9][46] [9][39] [9][34] [9][29] [9][19] [9][14] [9][6] [9][0] [8][0] [8][9] [8][17] [8][9] [8][0] [7][0] [7][8] [7][9] [7][16] [7][9] [7][8] [7][0] [6][0] [5][0] [4][0] [3][0] [3][5] [3][0] [2][0] [1][0] [0][0] 
