4426
183.977
/home/fflorenci/jobprp_ga/reduced_instances/henn/abc1/reduced_warehouse_30.lyt
/home/fflorenci/jobprp_ga/reduced_instances/henn/abc1/reduced_warehouse_30s-40-45-0.ord
40
45
25
340
120
1
15 21 10 19 6 20 8 6 13 13 14 22 15 5 9 5 14 20 20 15 20 21 15 12 18 12 8 7 5 10 16 9 12 18 23 15 7 24 18 18 
13
13 6 22 7 27 
0 14 31 29 
19 18 36 
33 4 17 
25 5 9 
11 24 28 
3 8 32 
39 30 26 
12 10 16 
1 23 2 
21 15 35 
34 20 
37 38 
258
312
280
280
314
342
358
390
380
398
364
390
360
[0][0] [0][0] [0][0] [0][6] [0][7] [0][9] [0][10] [0][13] [0][14] [0][16] [0][17] [0][18] [0][19] [0][22] [0][23] [0][27] [0][28] [0][29] [0][30] [0][32] [0][33] [0][34] [0][35] [0][42] [0][44] [0][45] [0][46] [1][46] [2][46] [3][46] [3][42] [3][37] [3][35] [3][37] [3][42] [3][46] [4][46] [4][44] [4][46] [5][46] [6][46] [6][41] [6][35] [6][18] [6][0] [5][0] [5][17] [5][0] [4][0] [4][8] [4][15] [4][17] [4][26] [4][17] [4][15] [4][8] [4][0] [3][0] [2][0] [1][0] [0][0] 
[0][0] [0][0] [0][0] [0][1] [0][3] [0][4] [0][6] [0][8] [0][14] [0][15] [0][16] [0][19] [0][24] [0][26] [0][27] [0][28] [0][29] [0][31] [0][32] [0][33] [0][34] [0][36] [0][41] [0][46] [1][46] [2][46] [3][46] [3][45] [3][22] [3][15] [3][7] [3][0] [4][0] [4][17] [4][28] [4][29] [4][43] [4][46] [5][46] [5][42] [5][46] [6][46] [6][44] [6][46] [7][46] [7][38] [7][35] [7][38] [7][46] [8][46] [9][46] [9][40] [9][21] [9][20] [9][19] [9][0] [8][0] [8][6] [8][0] [7][0] [6][0] [5][0] [5][1] [5][0] [4][0] [3][0] [2][0] [1][0] [0][0] 
[0][0] [0][0] [0][0] [0][2] [0][4] [0][6] [0][8] [0][10] [0][11] [0][12] [0][13] [0][18] [0][19] [0][20] [0][21] [0][27] [0][29] [0][32] [0][34] [0][37] [0][40] [0][43] [0][45] [0][46] [1][46] [2][46] [3][46] [4][46] [4][41] [4][46] [5][46] [5][41] [5][46] [6][46] [6][43] [6][32] [6][22] [6][11] [6][0] [7][0] [7][2] [7][0] [8][0] [8][10] [8][16] [8][21] [8][28] [8][38] [8][46] [7][46] [6][46] [5][46] [4][46] [3][46] [3][38] [3][27] [3][24] [3][19] [3][2] [3][0] [2][0] [1][0] [0][0] 
[0][0] [0][0] [0][0] [0][1] [0][4] [0][6] [0][9] [0][10] [0][11] [0][17] [0][18] [0][20] [0][22] [0][23] [0][25] [0][27] [0][28] [0][30] [0][32] [0][33] [0][34] [0][35] [0][46] [1][46] [2][46] [3][46] [4][46] [4][43] [4][46] [5][46] [5][37] [5][30] [5][25] [5][9] [5][8] [5][0] [6][0] [7][0] [7][3] [7][25] [7][44] [7][46] [8][46] [9][46] [9][40] [9][35] [9][29] [9][24] [9][7] [9][0] [8][0] [7][0] [6][0] [5][0] [4][0] [3][0] [3][3] [3][0] [2][0] [1][0] [0][0] 
[0][0] [0][0] [0][0] [0][1] [0][7] [0][8] [0][13] [0][16] [0][19] [0][20] [0][23] [0][24] [0][25] [0][28] [0][30] [0][31] [0][34] [0][35] [0][36] [0][38] [0][39] [0][41] [0][46] [1][46] [2][46] [3][46] [4][46] [5][46] [6][46] [6][43] [6][42] [6][43] [6][46] [7][46] [8][46] [9][46] [9][42] [9][40] [9][37] [9][29] [9][8] [9][6] [9][0] [8][0] [8][2] [8][7] [8][8] [8][15] [8][17] [8][18] [8][26] [8][18] [8][17] [8][15] [8][8] [8][7] [8][2] [8][0] [7][0] [7][4] [7][5] [7][6] [7][5] [7][4] [7][0] [6][0] [6][8] [6][0] [5][0] [5][3] [5][7] [5][9] [5][24] [5][9] [5][7] [5][3] [5][0] [4][0] [3][0] [2][0] [1][0] [0][0] 
[0][0] [0][0] [0][0] [0][1] [0][3] [0][4] [0][5] [0][12] [0][16] [0][21] [0][23] [0][24] [0][29] [0][30] [0][31] [0][34] [0][35] [0][38] [0][43] [0][44] [0][46] [1][46] [2][46] [3][46] [3][36] [3][34] [3][27] [3][26] [3][24] [3][26] [3][27] [3][34] [3][36] [3][46] [4][46] [5][46] [5][42] [5][41] [5][34] [5][17] [5][4] [5][0] [6][0] [6][7] [6][14] [6][15] [6][14] [6][7] [6][0] [7][0] [7][7] [7][25] [7][29] [7][46] [8][46] [9][46] [9][42] [9][38] [9][34] [9][13] [9][10] [9][0] [8][0] [7][0] [6][0] [5][0] [4][0] [3][0] [2][0] [1][0] [0][0] 
[0][0] [0][0] [0][0] [0][4] [0][12] [0][13] [0][14] [0][16] [0][17] [0][19] [0][21] [0][22] [0][25] [0][26] [0][27] [0][30] [0][36] [0][37] [0][40] [0][46] [1][46] [2][46] [3][46] [3][44] [3][39] [3][23] [3][39] [3][44] [3][46] [4][46] [5][46] [6][46] [6][44] [6][40] [6][44] [6][46] [7][46] [7][31] [7][29] [7][25] [7][11] [7][9] [7][0] [8][0] [8][11] [8][17] [8][11] [8][0] [9][0] [9][1] [9][9] [9][11] [9][19] [9][20] [9][21] [9][23] [9][21] [9][20] [9][19] [9][11] [9][9] [9][1] [9][0] [8][0] [7][0] [6][0] [6][1] [6][8] [6][1] [6][0] [5][0] [5][3] [5][0] [4][0] [4][11] [4][0] [3][0] [2][0] [1][0] [0][0] 
[0][0] [0][0] [0][0] [0][1] [0][5] [0][8] [0][13] [0][18] [0][26] [0][27] [0][28] [0][30] [0][31] [0][32] [0][34] [0][39] [0][40] [0][41] [0][42] [0][44] [0][46] [1][46] [2][46] [3][46] [3][24] [3][14] [3][13] [3][3] [3][0] [4][0] [4][19] [4][29] [4][46] [5][46] [6][46] [6][39] [6][46] [7][46] [7][33] [7][32] [7][30] [7][25] [7][21] [7][19] [7][0] [8][0] [9][0] [9][9] [9][0] [8][0] [8][4] [8][12] [8][24] [8][46] [7][46] [6][46] [5][46] [5][42] [5][24] [5][22] [5][13] [5][8] [5][2] [5][0] [4][0] [3][0] [2][0] [1][0] [0][0] 
[0][0] [0][0] [0][0] [0][6] [0][10] [0][15] [0][18] [0][19] [0][21] [0][22] [0][23] [0][25] [0][27] [0][28] [0][29] [0][30] [0][32] [0][34] [0][35] [0][42] [0][43] [0][46] [1][46] [2][46] [3][46] [4][46] [4][37] [4][27] [4][26] [4][27] [4][37] [4][46] [5][46] [5][45] [5][46] [6][46] [6][28] [6][46] [7][46] [7][35] [7][11] [7][3] [7][0] [8][0] [8][13] [8][29] [8][30] [8][36] [8][43] [8][46] [9][46] [9][40] [9][34] [9][32] [9][28] [9][20] [9][0] [8][0] [7][0] [6][0] [6][4] [6][0] [5][0] [5][1] [5][9] [5][1] [5][0] [4][0] [3][0] [3][6] [3][0] [2][0] [1][0] [0][0] 
[0][0] [0][0] [0][0] [0][4] [0][5] [0][6] [0][8] [0][11] [0][18] [0][21] [0][24] [0][25] [0][26] [0][31] [0][37] [0][39] [0][44] [0][46] [1][46] [2][46] [3][46] [3][29] [3][26] [3][25] [3][26] [3][29] [3][46] [4][46] [5][46] [5][32] [5][46] [6][46] [6][32] [6][29] [6][32] [6][46] [7][46] [7][38] [7][37] [7][26] [7][20] [7][7] [7][5] [7][0] [8][0] [9][0] [9][5] [9][0] [8][0] [8][11] [8][12] [8][25] [8][35] [8][39] [8][46] [9][46] [9][40] [9][46] [8][46] [7][46] [6][46] [5][46] [4][46] [4][37] [4][36] [4][23] [4][14] [4][11] [4][0] [3][0] [2][0] [1][0] [0][0] 
[0][0] [0][0] [0][0] [0][3] [0][6] [0][7] [0][8] [0][9] [0][12] [0][14] [0][17] [0][18] [0][19] [0][24] [0][26] [0][27] [0][31] [0][34] [0][37] [0][42] [0][46] [1][46] [2][46] [3][46] [3][34] [3][25] [3][0] [4][0] [4][2] [4][0] [5][0] [5][9] [5][10] [5][13] [5][20] [5][23] [5][29] [5][46] [6][46] [6][34] [6][31] [6][28] [6][31] [6][34] [6][46] [7][46] [7][33] [7][46] [8][46] [8][17] [8][1] [8][0] [9][0] [9][1] [9][3] [9][16] [9][3] [9][1] [9][0] [8][0] [7][0] [6][0] [5][0] [4][0] [3][0] [2][0] [1][0] [0][0] 
[0][0] [0][0] [0][0] [0][4] [0][5] [0][7] [0][8] [0][12] [0][19] [0][23] [0][31] [0][35] [0][36] [0][37] [0][39] [0][40] [0][42] [0][46] [1][46] [2][46] [3][46] [3][18] [3][16] [3][12] [3][0] [4][0] [4][1] [4][9] [4][18] [4][28] [4][39] [4][46] [5][46] [5][30] [5][46] [6][46] [6][45] [6][44] [6][35] [6][18] [6][17] [6][15] [6][8] [6][0] [7][0] [8][0] [8][3] [8][16] [8][20] [8][37] [8][40] [8][46] [9][46] [9][39] [9][27] [9][21] [9][6] [9][0] [8][0] [7][0] [6][0] [5][0] [4][0] [3][0] [2][0] [1][0] [0][0] 
[0][0] [0][0] [0][0] [0][4] [0][6] [0][9] [0][10] [0][13] [0][17] [0][18] [0][19] [0][20] [0][24] [0][25] [0][28] [0][30] [0][33] [0][39] [0][43] [0][44] [0][45] [0][46] [1][46] [2][46] [3][46] [3][28] [3][22] [3][20] [3][3] [3][0] [4][0] [4][25] [4][32] [4][43] [4][46] [5][46] [6][46] [7][46] [8][46] [9][46] [9][39] [9][33] [9][13] [9][5] [9][4] [9][0] [8][0] [8][1] [8][0] [7][0] [7][15] [7][16] [7][15] [7][0] [6][0] [6][23] [6][0] [5][0] [5][2] [5][6] [5][2] [5][0] [4][0] [3][0] [2][0] [1][0] [0][0] 
