5940
183.75
/home/fflorenci/jobprp_ga/reduced_instances/henn/ran1/reduced_warehouse_30.lyt
/home/fflorenci/jobprp_ga/reduced_instances/henn/ran1/reduced_warehouse_30s-40-45-0.ord
40
45
7
340
120
1
15 21 10 20 6 20 8 6 13 13 14 22 15 5 9 5 14 20 22 15 21 21 14 12 20 12 8 7 6 10 16 9 13 18 23 15 8 22 18 18 
13
7 14 26 2 6 
35 8 25 15 
38 27 32 13 
20 19 36 
30 10 23 
17 12 29 
33 22 9 
16 5 31 
4 24 39 
0 18 28 
3 1 
11 21 
34 37 
368
432
432
430
436
454
500
506
498
464
464
470
486
[0][0] [0][0] [0][0] [0][1] [0][4] [0][6] [0][4] [0][1] [0][0] [1][0] [1][7] [1][11] [1][19] [1][31] [1][37] [1][46] [0][46] [0][44] [0][40] [0][44] [0][46] [1][46] [2][46] [2][43] [2][46] [3][46] [4][46] [4][45] [4][44] [4][36] [4][44] [4][45] [4][46] [5][46] [5][45] [5][46] [6][46] [6][45] [6][24] [6][22] [6][18] [6][9] [6][6] [6][0] [7][0] [7][1] [7][0] [8][0] [8][1] [8][10] [8][11] [8][13] [8][15] [8][29] [8][37] [8][46] [9][46] [9][37] [9][35] [9][18] [9][0] [8][0] [7][0] [6][0] [5][0] [5][7] [5][8] [5][9] [5][11] [5][16] [5][21] [5][16] [5][11] [5][9] [5][8] [5][7] [5][0] [4][0] [3][0] [2][0] [1][0] [0][0] [0][0] [0][0] 
[0][0] [0][0] [0][0] [0][11] [0][19] [0][25] [0][30] [0][42] [0][46] [1][46] [1][40] [1][33] [1][28] [1][26] [1][23] [1][21] [1][13] [1][10] [1][0] [2][0] [3][0] [3][8] [3][10] [3][12] [3][21] [3][24] [3][46] [4][46] [4][43] [4][46] [5][46] [5][41] [5][29] [5][41] [5][46] [6][46] [6][45] [6][44] [6][43] [6][41] [6][40] [6][22] [6][20] [6][19] [6][0] [7][0] [7][7] [7][21] [7][29] [7][34] [7][39] [7][46] [8][46] [8][35] [8][46] [9][46] [9][37] [9][35] [9][21] [9][14] [9][3] [9][0] [8][0] [7][0] [6][0] [5][0] [5][3] [5][5] [5][8] [5][5] [5][3] [5][0] [4][0] [3][0] [2][0] [1][0] [0][0] 
[0][0] [0][0] [0][0] [1][0] [1][18] [1][28] [1][46] [2][46] [2][28] [2][22] [2][19] [2][13] [2][9] [2][7] [2][2] [2][0] [3][0] [3][2] [3][4] [3][17] [3][20] [3][23] [3][25] [3][29] [3][35] [3][38] [3][40] [3][46] [4][46] [5][46] [5][40] [5][34] [5][40] [5][46] [6][46] [7][46] [7][28] [7][27] [7][20] [7][27] [7][28] [7][46] [8][46] [8][43] [8][29] [8][27] [8][10] [8][8] [8][7] [8][4] [8][0] [9][0] [9][1] [9][2] [9][6] [9][16] [9][22] [9][39] [9][42] [9][46] [8][46] [7][46] [6][46] [5][46] [4][46] [4][29] [4][19] [4][6] [4][0] [3][0] [2][0] [1][0] [0][0] [0][0] [0][0] 
[0][0] [0][0] [0][0] [0][12] [0][21] [0][29] [0][38] [0][42] [0][46] [1][46] [1][43] [1][38] [1][43] [1][46] [2][46] [2][45] [2][37] [2][28] [2][15] [2][4] [2][1] [2][0] [3][0] [3][11] [3][27] [3][34] [3][46] [4][46] [4][37] [4][36] [4][28] [4][25] [4][19] [4][10] [4][0] [5][0] [6][0] [6][3] [6][8] [6][3] [6][0] [7][0] [7][4] [7][7] [7][11] [7][15] [7][27] [7][29] [7][40] [7][46] [8][46] [9][46] [9][42] [9][38] [9][27] [9][38] [9][42] [9][46] [8][46] [8][44] [8][32] [8][19] [8][15] [8][6] [8][2] [8][0] [7][0] [6][0] [5][0] [4][0] [3][0] [2][0] [1][0] [1][1] [1][2] [1][1] [1][0] [0][0] 
[0][0] [0][0] [0][0] [0][3] [0][7] [0][3] [0][0] [1][0] [1][27] [1][30] [1][31] [1][46] [2][46] [2][43] [2][42] [2][28] [2][23] [2][17] [2][11] [2][2] [2][0] [3][0] [3][22] [3][28] [3][31] [3][35] [3][37] [3][43] [3][46] [4][46] [4][38] [4][46] [5][46] [5][35] [5][30] [5][22] [5][21] [5][18] [5][15] [5][6] [5][0] [6][0] [6][3] [6][22] [6][26] [6][30] [6][34] [6][46] [7][46] [8][46] [9][46] [9][35] [9][30] [9][26] [9][24] [9][9] [9][0] [8][0] [7][0] [7][9] [7][15] [7][20] [7][15] [7][9] [7][0] [6][0] [5][0] [4][0] [4][2] [4][4] [4][2] [4][0] [3][0] [2][0] [1][0] [0][0] [0][0] [0][0] 
[0][0] [0][0] [0][0] [0][9] [0][11] [0][22] [0][26] [0][46] [1][46] [1][40] [1][35] [1][26] [1][23] [1][14] [1][8] [1][2] [1][0] [2][0] [2][6] [2][13] [2][6] [2][0] [3][0] [3][5] [3][25] [3][30] [3][36] [3][42] [3][46] [4][46] [5][46] [6][46] [6][31] [6][25] [6][17] [6][9] [6][8] [6][0] [7][0] [7][6] [7][8] [7][13] [7][17] [7][19] [7][33] [7][42] [7][46] [8][46] [8][45] [8][39] [8][37] [8][33] [8][27] [8][33] [8][37] [8][39] [8][45] [8][46] [9][46] [9][34] [9][27] [9][25] [9][15] [9][14] [9][0] [8][0] [7][0] [6][0] [5][0] [5][7] [5][0] [4][0] [4][6] [4][9] [4][6] [4][0] [3][0] [2][0] [1][0] [0][0] 
[0][0] [0][0] [0][0] [0][4] [0][6] [0][16] [0][20] [0][21] [0][20] [0][16] [0][6] [0][4] [0][0] [1][0] [1][17] [1][21] [1][23] [1][28] [1][37] [1][46] [2][46] [3][46] [3][36] [3][23] [3][36] [3][46] [4][46] [4][28] [4][6] [4][0] [5][0] [6][0] [6][14] [6][0] [7][0] [7][21] [7][22] [7][32] [7][46] [8][46] [8][43] [8][46] [9][46] [9][22] [9][17] [9][14] [9][0] [8][0] [8][6] [8][8] [8][9] [8][11] [8][9] [8][8] [8][6] [8][0] [7][0] [6][0] [5][0] [5][4] [5][5] [5][6] [5][9] [5][11] [5][23] [5][30] [5][33] [5][46] [4][46] [3][46] [2][46] [2][44] [2][35] [2][32] [2][30] [2][27] [2][14] [2][9] [2][7] [2][5] [2][3] [2][0] [1][0] [0][0] [0][0] [0][0] 
[0][0] [0][0] [0][0] [0][5] [0][9] [0][13] [0][14] [0][38] [0][46] [1][46] [1][24] [1][11] [1][0] [2][0] [2][17] [2][18] [2][35] [2][46] [3][46] [3][40] [3][46] [4][46] [5][46] [5][31] [5][30] [5][31] [5][46] [6][46] [6][39] [6][37] [6][26] [6][22] [6][14] [6][6] [6][0] [7][0] [8][0] [8][4] [8][20] [8][23] [8][41] [8][46] [9][46] [9][28] [9][25] [9][5] [9][0] [8][0] [7][0] [7][11] [7][24] [7][27] [7][32] [7][44] [7][46] [6][46] [5][46] [4][46] [4][32] [4][31] [4][25] [4][19] [4][18] [4][0] [3][0] [3][1] [3][8] [3][1] [3][0] [2][0] [1][0] [0][0] 
[0][0] [0][0] [0][0] [0][6] [0][7] [0][15] [0][22] [0][30] [0][44] [0][46] [1][46] [1][40] [1][35] [1][20] [1][13] [1][1] [1][0] [2][0] [2][10] [2][19] [2][26] [2][32] [2][37] [2][46] [3][46] [3][42] [3][35] [3][24] [3][19] [3][18] [3][13] [3][8] [3][3] [3][0] [4][0] [4][11] [4][34] [4][41] [4][46] [5][46] [5][36] [5][34] [5][36] [5][46] [6][46] [6][37] [6][35] [6][23] [6][0] [7][0] [7][15] [7][18] [7][20] [7][37] [7][42] [7][46] [8][46] [8][35] [8][32] [8][35] [8][46] [9][46] [9][43] [9][42] [9][35] [9][34] [9][22] [9][0] [8][0] [7][0] [6][0] [5][0] [4][0] [3][0] [2][0] [1][0] [0][0] 
[0][0] [0][0] [0][0] [1][0] [1][3] [1][6] [1][23] [1][25] [1][28] [1][31] [1][45] [1][46] [2][46] [2][45] [2][28] [2][11] [2][8] [2][4] [2][0] [3][0] [3][24] [3][30] [3][40] [3][46] [4][46] [4][41] [4][34] [4][30] [4][28] [4][30] [4][34] [4][41] [4][46] [5][46] [5][44] [5][46] [6][46] [6][35] [6][15] [6][0] [7][0] [7][5] [7][8] [7][15] [7][20] [7][24] [7][38] [7][46] [8][46] [9][46] [9][39] [9][46] [8][46] [8][38] [8][33] [8][31] [8][8] [8][5] [8][2] [8][0] [9][0] [9][4] [9][7] [9][4] [9][0] [8][0] [7][0] [6][0] [5][0] [5][16] [5][0] [4][0] [3][0] [2][0] [1][0] [0][0] [0][0] [0][0] 
[0][0] [0][0] [0][0] [0][12] [0][14] [0][24] [0][26] [0][30] [0][34] [0][35] [0][46] [1][46] [1][30] [1][26] [1][3] [1][0] [2][0] [2][4] [2][5] [2][4] [2][0] [3][0] [3][11] [3][18] [3][29] [3][35] [3][46] [4][46] [4][39] [4][31] [4][28] [4][31] [4][39] [4][46] [5][46] [5][29] [5][25] [5][17] [5][1] [5][0] [6][0] [6][4] [6][9] [6][14] [6][27] [6][30] [6][33] [6][37] [6][46] [7][46] [7][39] [7][32] [7][39] [7][46] [8][46] [8][29] [8][26] [8][23] [8][15] [8][10] [8][7] [8][5] [8][0] [9][0] [9][17] [9][0] [8][0] [7][0] [6][0] [5][0] [4][0] [3][0] [2][0] [1][0] [0][0] 
[0][0] [0][0] [0][0] [0][9] [0][25] [0][30] [0][39] [0][46] [1][46] [1][29] [1][22] [1][13] [1][11] [1][0] [2][0] [2][2] [2][6] [2][9] [2][18] [2][29] [2][32] [2][35] [2][46] [3][46] [3][42] [3][30] [3][29] [3][20] [3][0] [4][0] [4][1] [4][7] [4][23] [4][27] [4][37] [4][42] [4][46] [5][46] [6][46] [6][38] [6][46] [7][46] [7][42] [7][46] [8][46] [8][42] [8][37] [8][30] [8][19] [8][4] [8][0] [9][0] [9][3] [9][8] [9][23] [9][26] [9][34] [9][35] [9][42] [9][46] [8][46] [7][46] [6][46] [5][46] [5][37] [5][25] [5][17] [5][10] [5][0] [4][0] [3][0] [2][0] [1][0] [0][0] 
[0][0] [0][0] [0][0] [0][18] [0][27] [0][38] [0][43] [0][46] [1][46] [1][37] [1][34] [1][37] [1][46] [2][46] [2][32] [2][26] [2][23] [2][20] [2][9] [2][0] [3][0] [3][2] [3][6] [3][12] [3][17] [3][27] [3][32] [3][37] [3][38] [3][39] [3][46] [4][46] [4][43] [4][36] [4][29] [4][13] [4][0] [5][0] [5][17] [5][19] [5][20] [5][27] [5][46] [6][46] [7][46] [8][46] [8][43] [8][25] [8][21] [8][25] [8][43] [8][46] [9][46] [9][35] [9][24] [9][21] [9][11] [9][9] [9][5] [9][0] [8][0] [7][0] [7][10] [7][16] [7][17] [7][18] [7][17] [7][16] [7][10] [7][0] [6][0] [6][2] [6][9] [6][2] [6][0] [5][0] [4][0] [3][0] [2][0] [1][0] [1][1] [1][0] [0][0] 
