7774
405.919
/home/fflorenci/jobprp_ga/reduced_instances/henn/ran1/reduced_warehouse_64.lyt
/home/fflorenci/jobprp_ga/reduced_instances/henn/ran1/reduced_warehouse_64s-80-75-0.ord
80
75
8
340
120
1
23 19 14 23 22 8 10 10 6 10 8 13 20 14 22 15 22 21 14 20 24 20 9 11 14 15 19 10 9 10 10 13 22 14 17 24 17 9 24 11 10 5 13 15 19 9 7 14 22 16 9 15 14 8 24 8 24 8 17 8 5 17 11 12 20 21 17 24 13 16 23 10 7 13 17 10 18 18 11 8 
16
53 40 45 9 23 24 28 
22 6 62 31 61 78 
47 18 36 63 29 55 
21 17 37 72 5 27 
75 15 69 52 68 46 
2 48 57 51 10 8 
32 60 41 35 76 
11 16 73 7 74 
42 30 64 33 34 
58 70 43 50 59 
0 19 26 39 
13 38 1 77 
65 14 4 71 
54 56 44 79 
12 49 25 20 
3 66 67 
450
486
440
482
480
488
474
462
454
466
508
502
514
510
540
518
[0][0] [0][0] [0][0] [1][0] [2][0] [2][10] [2][13] [2][14] [2][15] [2][17] [2][21] [2][26] [2][31] [2][32] [2][34] [2][35] [2][46] [3][46] [3][45] [3][44] [3][43] [3][41] [3][40] [3][35] [3][33] [3][9] [3][6] [3][5] [3][0] [4][0] [4][3] [4][19] [4][34] [4][36] [4][42] [4][43] [4][46] [5][46] [5][42] [5][40] [5][26] [5][19] [5][16] [5][10] [5][0] [6][0] [6][1] [6][16] [6][19] [6][27] [6][31] [6][41] [6][46] [7][46] [7][45] [7][36] [7][35] [7][29] [7][23] [7][18] [7][16] [7][12] [7][0] [8][0] [8][2] [8][7] [8][9] [8][14] [8][20] [8][29] [8][35] [8][40] [8][44] [8][45] [8][46] [9][46] [9][31] [9][30] [9][29] [9][18] [9][16] [9][14] [9][6] [9][4] [9][2] [9][0] [8][0] [7][0] [6][0] [5][0] [4][0] [3][0] [2][0] [1][0] [0][0] [0][0] [0][0] 
[0][0] [0][0] [0][0] [0][2] [0][5] [0][21] [0][26] [0][27] [0][29] [0][38] [0][46] [1][46] [1][45] [1][42] [1][33] [1][18] [1][17] [1][14] [1][13] [1][11] [1][0] [2][0] [2][2] [2][3] [2][5] [2][12] [2][14] [2][24] [2][29] [2][39] [2][40] [2][46] [3][46] [3][37] [3][46] [4][46] [5][46] [5][41] [5][35] [5][41] [5][46] [6][46] [6][43] [6][26] [6][24] [6][14] [6][11] [6][8] [6][5] [6][0] [7][0] [8][0] [8][5] [8][6] [8][10] [8][11] [8][18] [8][21] [8][24] [8][31] [8][34] [8][41] [8][46] [9][46] [9][45] [9][40] [9][35] [9][28] [9][25] [9][24] [9][16] [9][15] [9][4] [9][3] [9][0] [8][0] [7][0] [7][6] [7][10] [7][15] [7][16] [7][34] [7][41] [7][46] [6][46] [5][46] [4][46] [4][38] [4][32] [4][31] [4][11] [4][0] [3][0] [2][0] [1][0] [0][0] 
[0][0] [0][0] [0][0] [0][11] [0][15] [0][20] [0][23] [0][25] [0][28] [0][37] [0][39] [0][42] [0][43] [0][46] [1][46] [1][41] [1][37] [1][30] [1][29] [1][28] [1][24] [1][21] [1][19] [1][10] [1][7] [1][6] [1][5] [1][0] [2][0] [2][5] [2][8] [2][9] [2][11] [2][15] [2][16] [2][20] [2][21] [2][22] [2][29] [2][34] [2][37] [2][43] [2][46] [3][46] [3][41] [3][37] [3][32] [3][31] [3][32] [3][37] [3][41] [3][46] [4][46] [5][46] [5][35] [5][32] [5][30] [5][32] [5][35] [5][46] [6][46] [6][38] [6][32] [6][30] [6][15] [6][14] [6][13] [6][7] [6][3] [6][0] [7][0] [7][11] [7][0] [8][0] [8][1] [8][16] [8][19] [8][22] [8][30] [8][35] [8][40] [8][41] [8][46] [7][46] [7][43] [7][46] [6][46] [5][46] [4][46] [4][43] [4][32] [4][25] [4][23] [4][22] [4][10] [4][6] [4][0] [3][0] [3][1] [3][3] [3][1] [3][0] [2][0] [1][0] [0][0] 
[0][0] [0][0] [0][0] [0][3] [0][6] [0][15] [0][19] [0][25] [0][28] [0][40] [0][41] [0][46] [1][46] [2][46] [2][45] [2][35] [2][19] [2][13] [2][7] [2][4] [2][3] [2][2] [2][0] [3][0] [3][8] [3][13] [3][14] [3][16] [3][17] [3][18] [3][22] [3][28] [3][30] [3][31] [3][36] [3][41] [3][44] [3][46] [4][46] [5][46] [5][40] [5][38] [5][34] [5][19] [5][12] [5][3] [5][0] [6][0] [6][1] [6][3] [6][9] [6][12] [6][22] [6][27] [6][28] [6][42] [6][43] [6][45] [6][46] [7][46] [7][44] [7][42] [7][39] [7][37] [7][30] [7][29] [7][25] [7][21] [7][20] [7][13] [7][0] [8][0] [8][3] [8][4] [8][11] [8][13] [8][27] [8][37] [8][46] [9][46] [9][45] [9][32] [9][29] [9][24] [9][21] [9][18] [9][14] [9][7] [9][1] [9][0] [8][0] [7][0] [6][0] [5][0] [4][0] [3][0] [2][0] [1][0] [1][8] [1][14] [1][15] [1][16] [1][15] [1][14] [1][8] [1][0] [0][0] 
[0][0] [0][0] [0][0] [0][13] [0][17] [0][18] [0][23] [0][43] [0][44] [0][46] [1][46] [2][46] [2][45] [2][40] [2][29] [2][19] [2][14] [2][0] [3][0] [3][1] [3][2] [3][4] [3][7] [3][14] [3][21] [3][22] [3][24] [3][27] [3][29] [3][35] [3][39] [3][40] [3][46] [4][46] [4][39] [4][32] [4][22] [4][21] [4][14] [4][7] [4][0] [5][0] [5][5] [5][0] [6][0] [6][2] [6][6] [6][7] [6][11] [6][16] [6][19] [6][33] [6][35] [6][38] [6][43] [6][46] [7][46] [7][39] [7][38] [7][30] [7][28] [7][23] [7][16] [7][9] [7][0] [8][0] [8][1] [8][2] [8][16] [8][23] [8][35] [8][37] [8][46] [9][46] [9][43] [9][38] [9][36] [9][34] [9][33] [9][32] [9][27] [9][23] [9][21] [9][10] [9][7] [9][1] [9][0] [8][0] [7][0] [6][0] [5][0] [4][0] [3][0] [2][0] [1][0] [1][1] [1][7] [1][10] [1][7] [1][1] [1][0] [0][0] 
[0][0] [0][0] [0][0] [0][1] [0][14] [0][19] [0][22] [0][26] [0][27] [0][29] [0][33] [0][46] [1][46] [1][42] [1][33] [1][27] [1][23] [1][22] [1][16] [1][15] [1][13] [1][11] [1][6] [1][5] [1][3] [1][2] [1][0] [2][0] [2][1] [2][9] [2][17] [2][20] [2][21] [2][22] [2][25] [2][27] [2][33] [2][46] [3][46] [4][46] [4][45] [4][39] [4][36] [4][35] [4][36] [4][39] [4][45] [4][46] [5][46] [6][46] [6][39] [6][30] [6][29] [6][27] [6][20] [6][3] [6][0] [5][0] [5][4] [5][0] [6][0] [7][0] [8][0] [8][12] [8][22] [8][29] [8][30] [8][35] [8][36] [8][45] [8][46] [9][46] [9][31] [9][28] [9][27] [9][22] [9][21] [9][19] [9][7] [9][6] [9][3] [9][0] [8][0] [7][0] [7][2] [7][5] [7][12] [7][16] [7][24] [7][29] [7][32] [7][46] [6][46] [5][46] [4][46] [3][46] [3][33] [3][27] [3][26] [3][18] [3][14] [3][0] [2][0] [1][0] [0][0] 
[0][0] [0][0] [0][0] [0][6] [0][12] [0][26] [0][35] [0][36] [0][37] [0][44] [0][46] [1][46] [1][41] [1][39] [1][38] [1][35] [1][29] [1][28] [1][26] [1][28] [1][29] [1][35] [1][38] [1][39] [1][41] [1][46] [2][46] [3][46] [3][45] [3][46] [4][46] [4][43] [4][42] [4][35] [4][34] [4][33] [4][29] [4][16] [4][15] [4][14] [4][12] [4][5] [4][3] [4][0] [5][0] [5][7] [5][28] [5][29] [5][35] [5][36] [5][37] [5][41] [5][46] [6][46] [6][41] [6][37] [6][41] [6][46] [7][46] [7][26] [7][24] [7][23] [7][18] [7][7] [7][5] [7][0] [8][0] [8][3] [8][8] [8][14] [8][21] [8][22] [8][37] [8][40] [8][45] [8][46] [9][46] [9][43] [9][30] [9][18] [9][3] [9][2] [9][1] [9][0] [8][0] [7][0] [6][0] [6][1] [6][2] [6][7] [6][8] [6][13] [6][8] [6][7] [6][2] [6][1] [6][0] [5][0] [4][0] [3][0] [3][3] [3][6] [3][3] [3][0] [2][0] [2][1] [2][3] [2][4] [2][6] [2][4] [2][3] [2][1] [2][0] [1][0] [1][1] [1][5] [1][1] [1][0] [0][0] 
[0][0] [0][0] [0][0] [0][18] [0][25] [0][26] [0][28] [0][33] [0][35] [0][45] [0][46] [1][46] [1][43] [1][40] [1][38] [1][40] [1][43] [1][46] [2][46] [2][45] [2][37] [2][33] [2][37] [2][45] [2][46] [3][46] [3][45] [3][44] [3][43] [3][34] [3][43] [3][44] [3][45] [3][46] [4][46] [4][42] [4][36] [4][42] [4][46] [5][46] [5][37] [5][34] [5][29] [5][28] [5][19] [5][16] [5][0] [6][0] [6][7] [6][14] [6][18] [6][20] [6][23] [6][24] [6][25] [6][27] [6][31] [6][33] [6][35] [6][37] [6][46] [7][46] [7][38] [7][36] [7][26] [7][21] [7][18] [7][17] [7][16] [7][10] [7][7] [7][0] [8][0] [8][5] [8][10] [8][13] [8][17] [8][29] [8][31] [8][34] [8][46] [9][46] [9][43] [9][35] [9][32] [9][22] [9][19] [9][3] [9][0] [8][0] [7][0] [6][0] [5][0] [4][0] [3][0] [3][3] [3][4] [3][6] [3][9] [3][10] [3][11] [3][12] [3][11] [3][10] [3][9] [3][6] [3][4] [3][3] [3][0] [2][0] [1][0] [0][0] 
[0][0] [0][0] [0][0] [0][6] [0][8] [0][12] [0][14] [0][33] [0][34] [0][37] [0][42] [0][44] [0][46] [1][46] [1][22] [1][13] [1][12] [1][10] [1][5] [1][0] [2][0] [2][1] [2][6] [2][8] [2][10] [2][19] [2][22] [2][24] [2][26] [2][28] [2][30] [2][33] [2][36] [2][41] [2][46] [3][46] [4][46] [4][43] [4][46] [5][46] [5][44] [5][38] [5][37] [5][36] [5][32] [5][31] [5][29] [5][28] [5][26] [5][25] [5][15] [5][3] [5][0] [6][0] [7][0] [8][0] [8][2] [8][8] [8][16] [8][18] [8][33] [8][40] [8][46] [9][46] [9][45] [9][34] [9][20] [9][13] [9][9] [9][7] [9][2] [9][0] [8][0] [7][0] [6][0] [6][6] [6][14] [6][16] [6][28] [6][31] [6][38] [6][42] [6][46] [5][46] [4][46] [3][46] [3][44] [3][41] [3][34] [3][32] [3][27] [3][14] [3][5] [3][4] [3][0] [2][0] [1][0] [0][0] 
[0][0] [0][0] [0][0] [0][6] [0][8] [0][14] [0][15] [0][19] [0][27] [0][34] [0][37] [0][41] [0][45] [0][46] [1][46] [1][44] [1][43] [1][41] [1][32] [1][27] [1][13] [1][4] [1][2] [1][0] [2][0] [2][18] [2][19] [2][27] [2][32] [2][40] [2][42] [2][46] [3][46] [3][36] [3][34] [3][26] [3][24] [3][22] [3][19] [3][11] [3][5] [3][0] [4][0] [4][3] [4][4] [4][5] [4][6] [4][16] [4][21] [4][25] [4][35] [4][40] [4][41] [4][45] [4][46] [5][46] [6][46] [6][44] [6][43] [6][40] [6][43] [6][44] [6][46] [7][46] [7][45] [7][41] [7][40] [7][38] [7][35] [7][28] [7][9] [7][0] [8][0] [9][0] [9][8] [9][12] [9][14] [9][26] [9][32] [9][35] [9][40] [9][44] [9][46] [8][46] [8][42] [8][46] [7][46] [6][46] [5][46] [5][32] [5][30] [5][21] [5][19] [5][9] [5][8] [5][0] [4][0] [3][0] [2][0] [1][0] [0][0] 
[0][0] [0][0] [0][0] [0][2] [0][3] [0][9] [0][22] [0][27] [0][30] [0][36] [0][44] [0][45] [0][46] [1][46] [1][42] [1][37] [1][27] [1][26] [1][9] [1][4] [1][0] [2][0] [2][13] [2][18] [2][32] [2][35] [2][36] [2][37] [2][38] [2][46] [3][46] [3][42] [3][34] [3][22] [3][19] [3][11] [3][9] [3][0] [4][0] [4][6] [4][7] [4][11] [4][16] [4][19] [4][27] [4][34] [4][38] [4][46] [5][46] [5][44] [5][38] [5][31] [5][25] [5][15] [5][8] [5][1] [5][0] [6][0] [6][18] [6][25] [6][32] [6][37] [6][39] [6][40] [6][46] [7][46] [8][46] [8][45] [8][39] [8][23] [8][14] [8][12] [8][4] [8][2] [8][0] [9][0] [9][1] [9][5] [9][6] [9][17] [9][28] [9][29] [9][28] [9][17] [9][6] [9][5] [9][1] [9][0] [8][0] [7][0] [7][1] [7][0] [6][0] [5][0] [4][0] [3][0] [2][0] [1][0] [0][0] 
[0][0] [0][0] [0][0] [0][1] [0][2] [0][6] [0][7] [0][8] [0][11] [0][14] [0][21] [0][26] [0][31] [0][37] [0][46] [1][46] [1][41] [1][34] [1][25] [1][23] [1][22] [1][0] [2][0] [2][2] [2][10] [2][16] [2][18] [2][21] [2][24] [2][26] [2][29] [2][33] [2][45] [2][46] [3][46] [3][38] [3][36] [3][32] [3][31] [3][26] [3][25] [3][21] [3][13] [3][9] [3][0] [4][0] [4][5] [4][9] [4][11] [4][15] [4][16] [4][33] [4][46] [5][46] [6][46] [6][37] [6][32] [6][37] [6][46] [7][46] [7][39] [7][33] [7][28] [7][27] [7][16] [7][13] [7][9] [7][5] [7][0] [8][0] [8][5] [8][0] [9][0] [9][8] [9][9] [9][14] [9][19] [9][28] [9][30] [9][32] [9][42] [9][46] [8][46] [8][40] [8][38] [8][37] [8][38] [8][40] [8][46] [7][46] [6][46] [5][46] [5][45] [5][42] [5][41] [5][37] [5][35] [5][29] [5][23] [5][10] [5][0] [4][0] [3][0] [2][0] [1][0] [0][0] 
[0][0] [0][0] [0][0] [0][9] [0][11] [0][19] [0][22] [0][32] [0][40] [0][46] [1][46] [1][45] [1][40] [1][37] [1][32] [1][31] [1][29] [1][25] [1][24] [1][18] [1][9] [1][6] [1][0] [2][0] [2][1] [2][9] [2][10] [2][25] [2][27] [2][35] [2][37] [2][43] [2][46] [3][46] [3][42] [3][46] [4][46] [4][44] [4][29] [4][26] [4][24] [4][16] [4][12] [4][8] [4][0] [5][0] [5][14] [5][15] [5][20] [5][30] [5][31] [5][32] [5][33] [5][45] [5][46] [6][46] [6][29] [6][24] [6][29] [6][46] [7][46] [7][43] [7][20] [7][18] [7][13] [7][11] [7][5] [7][0] [8][0] [8][10] [8][15] [8][16] [8][17] [8][18] [8][32] [8][35] [8][37] [8][46] [9][46] [9][43] [9][40] [9][34] [9][30] [9][25] [9][22] [9][18] [9][12] [9][3] [9][2] [9][0] [8][0] [7][0] [6][0] [5][0] [4][0] [3][0] [3][2] [3][5] [3][8] [3][5] [3][2] [3][0] [2][0] [1][0] [0][0] 
[0][0] [0][0] [0][0] [0][3] [0][10] [0][3] [0][0] [1][0] [1][7] [1][11] [1][23] [1][29] [1][32] [1][34] [1][46] [0][46] [0][44] [0][46] [1][46] [2][46] [2][43] [2][41] [2][40] [2][37] [2][30] [2][27] [2][26] [2][24] [2][22] [2][17] [2][8] [2][2] [2][0] [3][0] [3][2] [3][5] [3][9] [3][12] [3][20] [3][22] [3][37] [3][46] [4][46] [4][41] [4][34] [4][21] [4][16] [4][13] [4][11] [4][8] [4][6] [4][1] [4][0] [5][0] [5][5] [5][10] [5][27] [5][38] [5][41] [5][42] [5][46] [6][46] [6][39] [6][35] [6][31] [6][26] [6][23] [6][12] [6][11] [6][0] [7][0] [7][1] [7][9] [7][21] [7][24] [7][34] [7][36] [7][41] [7][46] [8][46] [9][46] [9][45] [9][36] [9][34] [9][31] [9][34] [9][36] [9][45] [9][46] [8][46] [8][31] [8][30] [8][25] [8][22] [8][20] [8][15] [8][11] [8][9] [8][5] [8][0] [7][0] [6][0] [5][0] [4][0] [3][0] [2][0] [1][0] [0][0] [0][0] [0][0] 
[0][0] [0][0] [0][0] [0][4] [0][5] [0][8] [0][11] [0][12] [0][20] [0][27] [0][31] [0][35] [0][39] [0][40] [0][46] [1][46] [1][43] [1][39] [1][24] [1][15] [1][0] [2][0] [2][1] [2][4] [2][9] [2][25] [2][26] [2][31] [2][35] [2][40] [2][46] [3][46] [3][44] [3][40] [3][36] [3][33] [3][32] [3][20] [3][5] [3][0] [4][0] [4][2] [4][3] [4][10] [4][12] [4][14] [4][17] [4][18] [4][30] [4][31] [4][37] [4][40] [4][46] [5][46] [5][39] [5][26] [5][24] [5][14] [5][0] [6][0] [6][7] [6][10] [6][11] [6][19] [6][22] [6][25] [6][26] [6][29] [6][40] [6][44] [6][46] [7][46] [7][44] [7][41] [7][39] [7][28] [7][23] [7][22] [7][12] [7][6] [7][0] [8][0] [8][6] [8][26] [8][42] [8][46] [9][46] [9][45] [9][44] [9][33] [9][29] [9][21] [9][16] [9][0] [8][0] [7][0] [6][0] [5][0] [4][0] [3][0] [2][0] [1][0] [0][0] 
[0][0] [0][0] [0][0] [0][4] [0][5] [0][6] [0][8] [0][9] [0][12] [0][20] [0][46] [1][46] [1][44] [1][42] [1][39] [1][34] [1][23] [1][19] [1][17] [1][13] [1][0] [2][0] [2][14] [2][24] [2][29] [2][31] [2][34] [2][46] [3][46] [3][43] [3][30] [3][29] [3][27] [3][29] [3][30] [3][43] [3][46] [4][46] [4][43] [4][41] [4][30] [4][20] [4][5] [4][0] [5][0] [5][7] [5][8] [5][15] [5][20] [5][22] [5][31] [5][36] [5][45] [5][46] [6][46] [6][42] [6][31] [6][30] [6][31] [6][42] [6][46] [7][46] [7][40] [7][24] [7][23] [7][5] [7][0] [8][0] [8][6] [8][13] [8][31] [8][32] [8][40] [8][45] [8][46] [9][46] [9][45] [9][40] [9][36] [9][22] [9][14] [9][9] [9][8] [9][1] [9][0] [8][0] [7][0] [6][0] [6][1] [6][0] [5][0] [4][0] [3][0] [2][0] [1][0] [0][0] 
