9132
299.03
/home/fflorenci/jobprp_ga/reduced_instances/henn/ran1/reduced_warehouse_38.lyt
/home/fflorenci/jobprp_ga/reduced_instances/henn/ran1/reduced_warehouse_38s-60-45-0.ord
60
45
3
340
120
1
23 22 24 11 7 11 10 16 22 11 6 20 8 22 8 6 11 19 7 11 19 17 12 9 23 14 10 22 15 20 17 13 12 24 10 8 14 19 23 12 11 16 19 6 6 7 24 13 21 13 19 21 8 15 16 5 14 20 19 19 
20
32 18 52 43 6 
28 19 10 14 55 
25 40 5 23 
54 3 9 45 
36 26 31 35 
56 46 4 
11 42 44 
7 20 12 
47 49 50 
34 39 59 
53 22 21 
16 41 30 
15 29 58 
37 33 
51 2 
1 27 
48 57 
13 24 
38 8 
0 17 
408
428
424
448
450
450
470
468
476
418
480
422
474
436
450
452
460
470
540
508
[0][0] [0][0] [0][0] [0][1] [0][0] [1][0] [1][6] [1][12] [1][13] [1][16] [1][21] [1][44] [1][46] [2][46] [3][46] [3][39] [3][46] [4][46] [4][23] [4][3] [4][0] [5][0] [5][7] [5][0] [6][0] [7][0] [7][1] [7][3] [7][18] [7][19] [7][23] [7][24] [7][29] [7][35] [7][36] [7][46] [8][46] [8][44] [8][43] [8][38] [8][43] [8][44] [8][46] [9][46] [9][33] [9][28] [9][27] [9][21] [9][15] [9][0] [8][0] [8][3] [8][0] [7][0] [6][0] [6][10] [6][12] [6][20] [6][22] [6][37] [6][46] [5][46] [4][46] [3][46] [2][46] [2][44] [2][38] [2][28] [2][25] [2][23] [2][19] [2][7] [2][4] [2][0] [1][0] [0][0] [0][0] [0][0] 
[0][0] [0][0] [0][0] [0][1] [0][12] [0][30] [0][38] [0][44] [0][46] [1][46] [1][33] [1][24] [1][7] [1][5] [1][3] [1][1] [1][0] [2][0] [2][8] [2][11] [2][17] [2][24] [2][27] [2][31] [2][34] [2][37] [2][46] [3][46] [3][41] [3][40] [3][34] [3][40] [3][41] [3][46] [4][46] [4][44] [4][34] [4][20] [4][15] [4][14] [4][5] [4][0] [5][0] [5][14] [5][23] [5][24] [5][25] [5][36] [5][46] [6][46] [6][44] [6][38] [6][44] [6][46] [7][46] [8][46] [9][46] [9][44] [9][46] [8][46] [8][42] [8][21] [8][0] [9][0] [9][1] [9][0] [8][0] [7][0] [6][0] [5][0] [4][0] [3][0] [3][4] [3][6] [3][9] [3][6] [3][4] [3][0] [2][0] [1][0] [0][0] 
[0][0] [0][0] [0][0] [0][15] [0][25] [0][26] [0][36] [0][45] [0][46] [1][46] [1][37] [1][35] [1][25] [1][22] [1][21] [1][15] [1][1] [1][0] [2][0] [3][0] [3][3] [3][5] [3][3] [3][0] [4][0] [4][7] [4][12] [4][20] [4][24] [4][25] [4][32] [4][46] [3][46] [3][44] [3][43] [3][40] [3][38] [3][40] [3][43] [3][44] [3][46] [4][46] [5][46] [6][46] [6][39] [6][35] [6][39] [6][46] [7][46] [7][40] [7][46] [8][46] [8][43] [8][32] [8][25] [8][12] [8][8] [8][6] [8][0] [9][0] [9][16] [9][20] [9][30] [9][46] [8][46] [7][46] [6][46] [5][46] [5][45] [5][36] [5][29] [5][22] [5][10] [5][9] [5][3] [5][0] [4][0] [3][0] [2][0] [1][0] [0][0] 
[0][0] [0][0] [0][0] [0][12] [0][22] [0][25] [0][28] [0][35] [0][40] [0][46] [1][46] [1][22] [1][21] [1][20] [1][19] [1][9] [1][7] [1][0] [2][0] [3][0] [3][4] [3][8] [3][21] [3][30] [3][46] [4][46] [5][46] [5][40] [5][38] [5][33] [5][31] [5][33] [5][38] [5][40] [5][46] [6][46] [6][29] [6][18] [6][7] [6][6] [6][0] [7][0] [7][17] [7][20] [7][26] [7][30] [7][38] [7][39] [7][41] [7][46] [8][46] [9][46] [9][40] [9][35] [9][34] [9][32] [9][24] [9][15] [9][0] [8][0] [8][4] [8][5] [8][10] [8][20] [8][10] [8][5] [8][4] [8][0] [7][0] [6][0] [5][0] [4][0] [4][3] [4][9] [4][10] [4][9] [4][3] [4][0] [3][0] [2][0] [1][0] [0][0] 
[0][0] [0][0] [0][0] [0][12] [0][19] [0][23] [0][31] [0][34] [0][37] [0][39] [0][46] [1][46] [2][46] [2][43] [2][38] [2][33] [2][26] [2][22] [2][0] [3][0] [4][0] [4][14] [4][25] [4][30] [4][38] [4][46] [5][46] [5][40] [5][29] [5][25] [5][15] [5][4] [5][0] [6][0] [6][2] [6][13] [6][15] [6][24] [6][26] [6][46] [7][46] [7][29] [7][27] [7][14] [7][0] [8][0] [8][11] [8][14] [8][18] [8][28] [8][30] [8][32] [8][46] [9][46] [9][42] [9][36] [9][24] [9][22] [9][12] [9][10] [9][5] [9][0] [8][0] [7][0] [6][0] [5][0] [4][0] [3][0] [2][0] [1][0] [0][0] 
[0][0] [0][0] [0][0] [0][13] [0][14] [0][16] [0][21] [0][23] [0][25] [0][38] [0][46] [1][46] [1][39] [1][29] [1][18] [1][0] [2][0] [2][3] [2][20] [2][33] [2][35] [2][41] [2][46] [3][46] [3][41] [3][33] [3][26] [3][17] [3][11] [3][9] [3][0] [4][0] [4][5] [4][7] [4][15] [4][24] [4][28] [4][46] [5][46] [6][46] [7][46] [7][45] [7][46] [8][46] [8][42] [8][38] [8][34] [8][28] [8][21] [8][12] [8][3] [8][0] [9][0] [9][3] [9][15] [9][25] [9][27] [9][38] [9][44] [9][46] [8][46] [7][46] [6][46] [6][24] [6][12] [6][7] [6][0] [5][0] [4][0] [3][0] [2][0] [1][0] [0][0] 
[0][0] [0][0] [0][0] [0][18] [0][20] [0][21] [0][30] [0][32] [0][36] [0][44] [0][46] [1][46] [1][39] [1][37] [1][22] [1][0] [2][0] [2][1] [2][8] [2][14] [2][16] [2][20] [2][21] [2][29] [2][46] [3][46] [3][43] [3][28] [3][27] [3][26] [3][14] [3][0] [4][0] [4][4] [4][8] [4][31] [4][32] [4][39] [4][46] [5][46] [5][28] [5][23] [5][21] [5][0] [6][0] [6][4] [6][8] [6][15] [6][16] [6][19] [6][24] [6][28] [6][46] [7][46] [8][46] [8][40] [8][35] [8][28] [8][25] [8][23] [8][0] [9][0] [9][5] [9][6] [9][5] [9][0] [8][0] [7][0] [7][4] [7][0] [6][0] [5][0] [4][0] [3][0] [2][0] [1][0] [0][0] 
[0][0] [0][0] [0][0] [0][4] [0][12] [0][4] [0][0] [1][0] [1][16] [1][17] [1][34] [1][36] [1][46] [2][46] [3][46] [3][30] [3][25] [3][30] [3][46] [4][46] [4][43] [4][27] [4][25] [4][16] [4][11] [4][2] [4][0] [5][0] [5][5] [5][12] [5][30] [5][46] [6][46] [6][39] [6][30] [6][19] [6][12] [6][6] [6][0] [7][0] [7][3] [7][4] [7][9] [7][16] [7][26] [7][30] [7][38] [7][45] [7][46] [8][46] [8][36] [8][34] [8][32] [8][34] [8][36] [8][46] [9][46] [9][37] [9][32] [9][23] [9][11] [9][5] [9][0] [8][0] [7][0] [6][0] [5][0] [4][0] [3][0] [3][1] [3][0] [2][0] [2][8] [2][0] [1][0] [0][0] [0][0] [0][0] 
[0][0] [0][0] [0][0] [1][0] [1][3] [1][5] [1][15] [1][17] [1][20] [1][24] [1][46] [0][46] [0][44] [0][46] [1][46] [2][46] [2][41] [2][22] [2][14] [2][12] [2][0] [3][0] [3][2] [3][26] [3][28] [3][36] [3][46] [4][46] [4][32] [4][24] [4][12] [4][0] [5][0] [5][3] [5][10] [5][27] [5][29] [5][32] [5][46] [6][46] [6][39] [6][38] [6][39] [6][46] [7][46] [7][42] [7][40] [7][38] [7][16] [7][13] [7][6] [7][4] [7][0] [8][0] [8][9] [8][13] [8][15] [8][16] [8][20] [8][22] [8][24] [8][25] [8][43] [8][46] [9][46] [9][44] [9][39] [9][12] [9][0] [8][0] [7][0] [6][0] [5][0] [4][0] [3][0] [2][0] [1][0] [0][0] [0][0] [0][0] 
[0][0] [0][0] [0][0] [0][2] [0][4] [0][10] [0][12] [0][21] [0][30] [0][34] [0][35] [0][39] [0][46] [1][46] [1][38] [1][30] [1][26] [1][12] [1][0] [2][0] [2][12] [2][32] [2][42] [2][46] [3][46] [4][46] [4][44] [4][41] [4][34] [4][41] [4][44] [4][46] [5][46] [5][30] [5][19] [5][12] [5][6] [5][0] [6][0] [6][10] [6][13] [6][10] [6][0] [7][0] [7][8] [7][23] [7][34] [7][39] [7][46] [8][46] [8][43] [8][41] [8][43] [8][46] [7][46] [6][46] [6][42] [6][39] [6][42] [6][46] [5][46] [4][46] [3][46] [3][45] [3][30] [3][13] [3][5] [3][3] [3][0] [2][0] [1][0] [0][0] 
[0][0] [0][0] [0][0] [0][16] [0][20] [0][22] [0][40] [0][46] [1][46] [1][38] [1][37] [1][22] [1][4] [1][0] [2][0] [2][4] [2][0] [3][0] [3][17] [3][30] [3][39] [3][45] [3][46] [4][46] [4][44] [4][39] [4][35] [4][17] [4][10] [4][7] [4][0] [5][0] [5][13] [5][0] [6][0] [6][7] [6][8] [6][12] [6][23] [6][25] [6][44] [6][45] [6][46] [7][46] [7][44] [7][32] [7][18] [7][13] [7][0] [8][0] [8][18] [8][21] [8][28] [8][21] [8][18] [8][0] [9][0] [9][3] [9][9] [9][11] [9][16] [9][11] [9][9] [9][3] [9][0] [8][0] [7][0] [6][0] [5][0] [4][0] [3][0] [2][0] [1][0] [0][0] 
[0][0] [0][0] [0][0] [0][3] [0][6] [0][3] [0][0] [1][0] [1][24] [1][30] [1][40] [1][44] [1][46] [2][46] [3][46] [3][44] [3][41] [3][36] [3][35] [3][18] [3][16] [3][10] [3][0] [4][0] [4][12] [4][13] [4][27] [4][36] [4][39] [4][44] [4][46] [5][46] [6][46] [6][38] [6][33] [6][38] [6][46] [7][46] [7][45] [7][28] [7][16] [7][3] [7][0] [8][0] [9][0] [9][3] [9][6] [9][12] [9][17] [9][31] [9][32] [9][38] [9][46] [8][46] [8][45] [8][46] [7][46] [6][46] [5][46] [5][28] [5][22] [5][21] [5][17] [5][14] [5][0] [4][0] [3][0] [2][0] [2][4] [2][11] [2][13] [2][11] [2][4] [2][0] [1][0] [0][0] [0][0] [0][0] 
[0][0] [0][0] [0][0] [0][10] [0][12] [0][36] [0][44] [0][46] [1][46] [2][46] [2][38] [2][35] [2][27] [2][24] [2][17] [2][3] [2][1] [2][0] [3][0] [3][1] [3][7] [3][11] [3][15] [3][19] [3][20] [3][23] [3][46] [4][46] [4][35] [4][46] [5][46] [5][40] [5][38] [5][19] [5][18] [5][15] [5][13] [5][6] [5][1] [5][0] [6][0] [6][6] [6][7] [6][24] [6][27] [6][46] [7][46] [7][40] [7][30] [7][18] [7][17] [7][11] [7][0] [8][0] [8][23] [8][24] [8][25] [8][33] [8][46] [9][46] [9][22] [9][16] [9][14] [9][0] [8][0] [7][0] [6][0] [5][0] [4][0] [3][0] [2][0] [1][0] [1][1] [1][2] [1][1] [1][0] [0][0] 
[0][0] [0][0] [0][0] [0][3] [0][10] [0][30] [0][33] [0][46] [1][46] [1][36] [1][46] [2][46] [2][38] [2][25] [2][19] [2][4] [2][3] [2][0] [3][0] [3][1] [3][10] [3][14] [3][24] [3][27] [3][29] [3][37] [3][46] [4][46] [4][44] [4][46] [5][46] [5][41] [5][46] [6][46] [6][43] [6][39] [6][36] [6][30] [6][36] [6][39] [6][43] [6][46] [7][46] [7][41] [7][40] [7][36] [7][23] [7][1] [7][0] [8][0] [8][5] [8][13] [8][30] [8][39] [8][46] [9][46] [9][27] [9][17] [9][14] [9][9] [9][3] [9][1] [9][0] [8][0] [7][0] [6][0] [6][1] [6][0] [5][0] [4][0] [3][0] [2][0] [1][0] [1][8] [1][0] [0][0] 
[0][0] [0][0] [0][0] [0][1] [0][2] [0][12] [0][21] [0][38] [0][44] [0][45] [0][46] [1][46] [1][44] [1][37] [1][23] [1][6] [1][5] [1][2] [1][0] [2][0] [2][14] [2][35] [2][38] [2][46] [3][46] [4][46] [4][42] [4][46] [5][46] [5][28] [5][24] [5][22] [5][11] [5][10] [5][0] [6][0] [6][6] [6][11] [6][6] [6][0] [7][0] [8][0] [9][0] [9][6] [9][14] [9][17] [9][18] [9][20] [9][22] [9][20] [9][18] [9][17] [9][14] [9][6] [9][0] [8][0] [8][16] [8][19] [8][20] [8][42] [8][46] [7][46] [7][44] [7][36] [7][44] [7][46] [6][46] [6][45] [6][46] [5][46] [4][46] [3][46] [3][45] [3][35] [3][18] [3][14] [3][12] [3][4] [3][0] [2][0] [1][0] [0][0] 
[0][0] [0][0] [0][0] [0][5] [0][9] [0][26] [0][43] [0][46] [1][46] [2][46] [2][34] [2][31] [2][20] [2][31] [2][34] [2][46] [3][46] [3][43] [3][40] [3][43] [3][46] [4][46] [4][43] [4][37] [4][35] [4][22] [4][16] [4][15] [4][7] [4][0] [5][0] [5][5] [5][0] [6][0] [6][4] [6][10] [6][16] [6][19] [6][16] [6][10] [6][4] [6][0] [7][0] [8][0] [8][15] [8][18] [8][19] [8][21] [8][19] [8][18] [8][15] [8][0] [9][0] [9][3] [9][11] [9][12] [9][15] [9][22] [9][33] [9][43] [9][46] [8][46] [8][44] [8][42] [8][44] [8][46] [7][46] [7][38] [7][36] [7][32] [7][36] [7][38] [7][46] [6][46] [5][46] [5][45] [5][46] [4][46] [3][46] [2][46] [1][46] [1][39] [1][29] [1][27] [1][11] [1][0] [0][0] 
[0][0] [0][0] [0][0] [0][3] [0][4] [0][5] [0][18] [0][35] [0][46] [1][46] [1][34] [1][15] [1][13] [1][0] [2][0] [2][5] [2][11] [2][14] [2][15] [2][17] [2][30] [2][39] [2][46] [3][46] [3][33] [3][30] [3][29] [3][16] [3][6] [3][4] [3][0] [4][0] [4][15] [4][24] [4][27] [4][30] [4][43] [4][45] [4][46] [5][46] [6][46] [7][46] [7][41] [7][35] [7][14] [7][2] [7][0] [8][0] [8][8] [8][26] [8][46] [9][46] [9][42] [9][39] [9][29] [9][26] [9][16] [9][10] [9][0] [8][0] [7][0] [6][0] [5][0] [5][5] [5][0] [4][0] [3][0] [2][0] [1][0] [0][0] 
[0][0] [0][0] [0][0] [0][10] [0][11] [0][27] [0][28] [0][35] [0][36] [0][44] [0][46] [1][46] [1][42] [1][46] [2][46] [2][41] [2][46] [3][46] [3][39] [3][28] [3][8] [3][6] [3][0] [4][0] [4][4] [4][6] [4][27] [4][28] [4][30] [4][38] [4][46] [5][46] [5][37] [5][35] [5][28] [5][19] [5][13] [5][0] [6][0] [6][2] [6][8] [6][11] [6][17] [6][20] [6][17] [6][11] [6][8] [6][2] [6][0] [7][0] [7][3] [7][9] [7][20] [7][32] [7][33] [7][37] [7][46] [8][46] [9][46] [9][37] [9][46] [8][46] [8][23] [8][22] [8][8] [8][0] [7][0] [6][0] [5][0] [4][0] [3][0] [2][0] [2][6] [2][8] [2][6] [2][0] [1][0] [1][11] [1][12] [1][11] [1][0] [0][0] 
[0][0] [0][0] [0][0] [0][7] [0][20] [0][33] [0][42] [0][46] [1][46] [1][45] [1][43] [1][29] [1][20] [1][15] [1][1] [1][0] [2][0] [2][5] [2][19] [2][28] [2][46] [3][46] [3][40] [3][30] [3][25] [3][24] [3][22] [3][0] [4][0] [4][9] [4][12] [4][25] [4][31] [4][34] [4][37] [4][38] [4][46] [5][46] [5][30] [5][20] [5][18] [5][0] [6][0] [6][9] [6][26] [6][27] [6][42] [6][46] [7][46] [7][42] [7][25] [7][23] [7][5] [7][2] [7][0] [8][0] [8][12] [8][20] [8][24] [8][46] [9][46] [9][33] [9][22] [9][18] [9][12] [9][8] [9][0] [8][0] [7][0] [6][0] [5][0] [4][0] [3][0] [2][0] [1][0] [0][0] 
[0][0] [0][0] [0][0] [0][1] [0][7] [0][12] [0][13] [0][17] [0][24] [0][28] [0][35] [0][36] [0][46] [1][46] [1][43] [1][18] [1][13] [1][0] [2][0] [2][9] [2][16] [2][35] [2][46] [3][46] [3][45] [3][32] [3][27] [3][26] [3][27] [3][32] [3][45] [3][46] [4][46] [5][46] [5][43] [5][38] [5][31] [5][38] [5][43] [5][46] [6][46] [6][43] [6][38] [6][34] [6][22] [6][16] [6][8] [6][0] [7][0] [7][11] [7][15] [7][21] [7][15] [7][11] [7][0] [8][0] [8][4] [8][22] [8][39] [8][46] [9][46] [9][43] [9][32] [9][26] [9][21] [9][19] [9][0] [8][0] [7][0] [6][0] [5][0] [4][0] [4][6] [4][20] [4][6] [4][0] [3][0] [2][0] [1][0] [0][0] 
