5394
162.867
/home/fflorenci/jobprp_ga/reduced_instances/henn/ran1/reduced_warehouse_31.lyt
/home/fflorenci/jobprp_ga/reduced_instances/henn/ran1/reduced_warehouse_31s-40-60-0.ord
40
60
28
340
120
1
13 18 11 23 20 11 20 15 24 19 5 10 13 20 8 12 20 18 24 23 12 17 17 14 12 19 12 21 8 19 21 15 8 19 10 20 11 16 24 22 
11
32 9 12 11 14 
24 37 15 28 34 
21 22 23 20 
3 29 26 10 
2 4 7 36 
17 27 30 
16 1 35 
38 19 0 
8 33 31 
25 13 6 
5 39 18 
446
464
464
486
492
468
494
532
528
510
510
[0][0] [0][0] [0][0] [0][9] [0][13] [0][23] [0][33] [0][46] [1][46] [1][34] [1][28] [1][23] [1][17] [1][11] [1][8] [1][6] [1][3] [1][0] [2][0] [2][3] [2][18] [2][3] [2][0] [3][0] [3][6] [3][11] [3][12] [3][13] [3][22] [3][24] [3][25] [3][37] [3][43] [3][45] [3][46] [4][46] [5][46] [5][41] [5][39] [5][33] [5][31] [5][25] [5][24] [5][14] [5][13] [5][8] [5][2] [5][1] [5][0] [6][0] [6][17] [6][18] [6][36] [6][37] [6][41] [6][46] [7][46] [7][39] [7][38] [7][37] [7][29] [7][27] [7][29] [7][37] [7][38] [7][39] [7][46] [8][46] [8][45] [8][42] [8][36] [8][31] [8][15] [8][12] [8][3] [8][0] [7][0] [7][1] [7][0] [6][0] [5][0] [4][0] [4][1] [4][4] [4][9] [4][11] [4][9] [4][4] [4][1] [4][0] [3][0] [2][0] [1][0] [0][0] 
[0][0] [0][0] [0][0] [0][8] [0][18] [0][30] [0][33] [0][39] [0][40] [0][46] [1][46] [1][37] [1][34] [1][17] [1][14] [1][9] [1][8] [1][2] [1][1] [1][0] [2][0] [2][15] [2][18] [2][31] [2][38] [2][43] [2][46] [3][46] [3][41] [3][40] [3][36] [3][32] [3][6] [3][0] [4][0] [4][11] [4][16] [4][17] [4][21] [4][36] [4][38] [4][46] [5][46] [5][39] [5][24] [5][3] [5][0] [6][0] [6][3] [6][14] [6][32] [6][33] [6][44] [6][46] [7][46] [7][42] [7][39] [7][38] [7][37] [7][36] [7][27] [7][19] [7][15] [7][5] [7][4] [7][0] [8][0] [8][1] [8][2] [8][12] [8][2] [8][1] [8][0] [7][0] [6][0] [5][0] [4][0] [3][0] [2][0] [1][0] [0][0] 
[0][0] [0][0] [0][0] [0][11] [0][15] [0][20] [0][38] [0][40] [0][46] [1][46] [1][38] [1][34] [1][26] [1][20] [1][14] [1][3] [1][2] [1][0] [2][0] [2][6] [2][7] [2][31] [2][32] [2][33] [2][36] [2][39] [2][46] [3][46] [3][45] [3][46] [4][46] [4][41] [4][26] [4][22] [4][16] [4][14] [4][10] [4][0] [5][0] [5][2] [5][13] [5][14] [5][26] [5][39] [5][46] [6][46] [6][45] [6][38] [6][33] [6][30] [6][21] [6][20] [6][4] [6][1] [6][0] [7][0] [8][0] [8][6] [8][7] [8][13] [8][14] [8][16] [8][26] [8][33] [8][36] [8][41] [8][46] [9][46] [9][41] [9][21] [9][16] [9][13] [9][9] [9][0] [8][0] [7][0] [6][0] [5][0] [4][0] [3][0] [3][3] [3][7] [3][3] [3][0] [2][0] [1][0] [0][0] 
[0][0] [0][0] [0][0] [1][0] [1][2] [1][4] [1][13] [1][21] [1][35] [1][37] [1][46] [2][46] [2][39] [2][29] [2][24] [2][5] [2][0] [3][0] [3][2] [3][3] [3][12] [3][28] [3][30] [3][40] [3][42] [3][46] [4][46] [4][38] [4][33] [4][29] [4][28] [4][22] [4][20] [4][16] [4][6] [4][0] [5][0] [5][10] [5][16] [5][27] [5][46] [6][46] [6][44] [6][38] [6][30] [6][20] [6][17] [6][13] [6][9] [6][8] [6][5] [6][0] [7][0] [7][1] [7][5] [7][11] [7][18] [7][11] [7][5] [7][1] [7][0] [8][0] [8][2] [8][11] [8][19] [8][33] [8][46] [9][46] [9][37] [9][36] [9][34] [9][21] [9][20] [9][19] [9][17] [9][12] [9][3] [9][0] [8][0] [7][0] [6][0] [5][0] [4][0] [3][0] [2][0] [1][0] [0][0] [0][0] [0][0] 
[0][0] [0][0] [0][0] [0][2] [0][3] [0][9] [0][10] [0][20] [0][24] [0][39] [0][40] [0][46] [1][46] [1][45] [1][33] [1][27] [1][10] [1][9] [1][4] [1][0] [2][0] [2][2] [2][17] [2][18] [2][29] [2][35] [2][42] [2][45] [2][46] [3][46] [3][45] [3][41] [3][37] [3][22] [3][18] [3][12] [3][0] [4][0] [4][8] [4][9] [4][14] [4][20] [4][24] [4][46] [5][46] [5][37] [5][31] [5][37] [5][46] [6][46] [6][41] [6][36] [6][33] [6][29] [6][27] [6][10] [6][0] [7][0] [7][10] [7][15] [7][35] [7][36] [7][46] [8][46] [8][43] [8][41] [8][38] [8][41] [8][43] [8][46] [9][46] [9][27] [9][23] [9][20] [9][5] [9][2] [9][1] [9][0] [8][0] [7][0] [6][0] [5][0] [4][0] [3][0] [2][0] [1][0] [0][0] 
[0][0] [0][0] [0][0] [0][13] [0][25] [0][27] [0][31] [0][45] [0][46] [1][46] [1][45] [1][43] [1][40] [1][38] [1][27] [1][20] [1][19] [1][13] [1][6] [1][5] [1][0] [2][0] [2][2] [2][4] [2][9] [2][13] [2][19] [2][20] [2][32] [2][34] [2][36] [2][46] [3][46] [3][41] [3][39] [3][36] [3][30] [3][27] [3][21] [3][16] [3][14] [3][12] [3][7] [3][6] [3][2] [3][0] [4][0] [4][3] [4][6] [4][3] [4][0] [5][0] [5][14] [5][26] [5][29] [5][37] [5][40] [5][43] [5][46] [6][46] [6][43] [6][39] [6][43] [6][46] [7][46] [8][46] [9][46] [9][44] [9][46] [8][46] [8][44] [8][33] [8][28] [8][13] [8][0] [9][0] [9][3] [9][12] [9][15] [9][12] [9][3] [9][0] [8][0] [7][0] [7][3] [7][6] [7][3] [7][0] [6][0] [6][5] [6][7] [6][15] [6][7] [6][5] [6][0] [5][0] [4][0] [3][0] [2][0] [1][0] [0][0] 
[0][0] [0][0] [0][0] [0][11] [0][16] [0][11] [0][0] [1][0] [1][6] [1][8] [1][22] [1][24] [1][30] [1][35] [1][36] [1][44] [1][46] [2][46] [2][43] [2][38] [2][26] [2][19] [2][9] [2][5] [2][0] [3][0] [3][3] [3][7] [3][21] [3][23] [3][25] [3][33] [3][35] [3][43] [3][46] [4][46] [4][43] [4][39] [4][34] [4][32] [4][21] [4][6] [4][0] [5][0] [5][1] [5][26] [5][29] [5][30] [5][31] [5][37] [5][46] [6][46] [7][46] [7][39] [7][46] [8][46] [8][38] [8][24] [8][13] [8][11] [8][7] [8][0] [9][0] [9][8] [9][29] [9][46] [8][46] [7][46] [6][46] [6][44] [6][42] [6][38] [6][30] [6][23] [6][19] [6][16] [6][15] [6][7] [6][4] [6][0] [5][0] [4][0] [3][0] [2][0] [1][0] [0][0] [0][0] [0][0] 
[0][0] [0][0] [0][0] [0][7] [0][8] [0][21] [0][36] [0][39] [0][46] [1][46] [1][40] [1][36] [1][24] [1][17] [1][10] [1][9] [1][3] [1][0] [2][0] [2][1] [2][14] [2][16] [2][18] [2][28] [2][29] [2][31] [2][33] [2][41] [2][46] [3][46] [3][31] [3][23] [3][21] [3][19] [3][13] [3][12] [3][0] [4][0] [4][19] [4][23] [4][19] [4][0] [5][0] [5][6] [5][15] [5][20] [5][32] [5][45] [5][46] [6][46] [6][43] [6][32] [6][30] [6][28] [6][30] [6][32] [6][43] [6][46] [7][46] [7][27] [7][24] [7][23] [7][22] [7][21] [7][20] [7][19] [7][7] [7][0] [8][0] [8][11] [8][18] [8][25] [8][46] [9][46] [9][42] [9][27] [9][17] [9][10] [9][0] [8][0] [7][0] [6][0] [6][1] [6][0] [5][0] [4][0] [3][0] [2][0] [1][0] [0][0] 
[0][0] [0][0] [0][0] [0][2] [0][12] [0][13] [0][22] [0][25] [0][39] [0][44] [0][45] [0][46] [1][46] [1][30] [1][19] [1][16] [1][14] [1][4] [1][0] [2][0] [2][10] [2][21] [2][23] [2][26] [2][33] [2][46] [3][46] [3][42] [3][38] [3][33] [3][26] [3][13] [3][8] [3][4] [3][2] [3][0] [4][0] [4][10] [4][12] [4][16] [4][18] [4][19] [4][33] [4][46] [5][46] [5][41] [5][30] [5][29] [5][13] [5][12] [5][9] [5][0] [6][0] [6][6] [6][14] [6][29] [6][46] [7][46] [7][31] [7][30] [7][26] [7][30] [7][31] [7][46] [8][46] [9][46] [9][43] [9][38] [9][33] [9][29] [9][25] [9][29] [9][33] [9][38] [9][43] [9][46] [8][46] [8][40] [8][28] [8][24] [8][20] [8][9] [8][2] [8][0] [7][0] [6][0] [5][0] [4][0] [3][0] [2][0] [1][0] [0][0] 
[0][0] [0][0] [0][0] [0][5] [0][8] [0][5] [0][0] [1][0] [1][6] [1][8] [1][16] [1][18] [1][26] [1][30] [1][36] [1][43] [1][46] [0][46] [0][40] [0][46] [1][46] [2][46] [2][45] [2][24] [2][22] [2][16] [2][0] [3][0] [3][16] [3][30] [3][41] [3][46] [4][46] [4][35] [4][32] [4][35] [4][46] [5][46] [5][42] [5][31] [5][23] [5][22] [5][20] [5][17] [5][7] [5][2] [5][0] [6][0] [6][3] [6][10] [6][15] [6][23] [6][31] [6][35] [6][38] [6][40] [6][46] [7][46] [7][42] [7][35] [7][29] [7][21] [7][20] [7][19] [7][11] [7][10] [7][9] [7][0] [8][0] [8][25] [8][38] [8][45] [8][46] [9][46] [9][33] [9][21] [9][16] [9][14] [9][0] [8][0] [7][0] [6][0] [5][0] [4][0] [3][0] [2][0] [1][0] [0][0] [0][0] [0][0] 
[0][0] [0][0] [0][0] [0][1] [0][2] [0][3] [0][14] [0][35] [0][37] [0][43] [0][46] [1][46] [2][46] [2][34] [2][33] [2][29] [2][28] [2][23] [2][28] [2][29] [2][33] [2][34] [2][46] [3][46] [3][43] [3][37] [3][25] [3][17] [3][1] [3][0] [4][0] [4][2] [4][4] [4][7] [4][8] [4][7] [4][4] [4][2] [4][0] [5][0] [6][0] [6][9] [6][24] [6][25] [6][40] [6][46] [7][46] [7][31] [7][24] [7][21] [7][20] [7][17] [7][0] [8][0] [8][16] [8][28] [8][29] [8][32] [8][33] [8][35] [8][46] [9][46] [9][32] [9][26] [9][24] [9][16] [9][7] [9][0] [8][0] [7][0] [6][0] [5][0] [5][11] [5][25] [5][28] [5][30] [5][33] [5][46] [4][46] [3][46] [2][46] [1][46] [1][44] [1][37] [1][16] [1][14] [1][11] [1][8] [1][1] [1][0] [0][0] 
