11230
624.844
/home/fflorenci/jobprp_ga/reduced_instances/henn/ran1/reduced_warehouse_71.lyt
/home/fflorenci/jobprp_ga/reduced_instances/henn/ran1/reduced_warehouse_71s-100-60-0.ord
100
60
15
340
120
1
21 5 10 20 19 8 7 20 13 6 5 12 6 20 21 13 5 11 13 17 6 20 22 21 19 7 17 20 10 11 8 11 12 20 24 24 18 13 18 7 24 12 6 21 15 12 17 7 9 15 22 6 7 20 13 21 6 14 22 9 6 22 21 11 7 9 6 11 17 21 22 14 10 10 14 16 14 5 23 7 16 20 23 12 22 20 5 21 8 10 15 11 5 6 10 17 11 17 8 16 
24
66 12 77 1 13 89 39 
59 64 37 92 73 16 72 
29 51 6 56 10 93 38 
65 45 79 18 96 42 
76 81 9 31 20 
91 30 8 57 83 
33 74 41 48 86 
95 99 2 52 28 
40 71 5 88 
49 53 54 32 
80 94 97 46 
0 21 47 98 
11 70 27 60 
44 26 87 25 
3 14 68 
62 85 19 
75 61 50 
15 82 23 
69 84 90 
24 36 58 
34 35 63 
7 55 4 
17 22 43 
67 78 
408
412
422
456
426
452
486
506
430
474
506
438
504
500
456
466
480
482
492
502
516
528
482
406
[0][0] [0][0] [0][0] [1][0] [1][9] [1][13] [1][17] [1][20] [1][46] [2][46] [2][43] [2][40] [2][35] [2][30] [2][28] [2][26] [2][13] [2][8] [2][7] [2][0] [3][0] [3][7] [3][11] [3][14] [3][15] [3][16] [3][17] [3][20] [3][21] [3][26] [3][38] [3][46] [4][46] [5][46] [6][46] [6][42] [6][40] [6][23] [6][22] [6][19] [6][17] [6][13] [6][11] [6][0] [7][0] [7][3] [7][8] [7][9] [7][18] [7][19] [7][18] [7][9] [7][8] [7][3] [7][0] [8][0] [8][7] [8][13] [8][14] [8][28] [8][38] [8][40] [8][44] [8][45] [8][46] [9][46] [9][43] [9][37] [9][28] [9][21] [9][18] [9][9] [9][4] [9][0] [8][0] [7][0] [6][0] [5][0] [5][1] [5][0] [4][0] [4][4] [4][0] [3][0] [2][0] [1][0] [0][0] [0][0] [0][0] 
[0][0] [0][0] [0][0] [0][2] [0][27] [0][31] [0][35] [0][38] [0][46] [1][46] [1][44] [1][36] [1][33] [1][31] [1][25] [1][20] [1][17] [1][15] [1][11] [1][0] [2][0] [2][13] [2][16] [2][17] [2][23] [2][28] [2][33] [2][37] [2][40] [2][41] [2][46] [3][46] [3][45] [3][46] [4][46] [5][46] [5][44] [5][31] [5][28] [5][24] [5][20] [5][18] [5][17] [5][12] [5][10] [5][1] [5][0] [6][0] [6][6] [6][9] [6][29] [6][41] [6][45] [6][46] [7][46] [7][44] [7][42] [7][40] [7][36] [7][31] [7][29] [7][31] [7][36] [7][40] [7][42] [7][44] [7][46] [8][46] [8][45] [8][44] [8][42] [8][41] [8][34] [8][20] [8][13] [8][7] [8][5] [8][0] [9][0] [9][1] [9][0] [8][0] [7][0] [6][0] [5][0] [4][0] [3][0] [3][9] [3][0] [2][0] [1][0] [0][0] 
[0][0] [0][0] [0][0] [0][6] [0][17] [0][19] [0][31] [0][36] [0][38] [0][45] [0][46] [1][46] [2][46] [2][39] [2][37] [2][34] [2][32] [2][34] [2][37] [2][39] [2][46] [3][46] [3][45] [3][40] [3][32] [3][40] [3][45] [3][46] [4][46] [4][43] [4][38] [4][29] [4][27] [4][24] [4][23] [4][21] [4][11] [4][4] [4][2] [4][0] [5][0] [5][2] [5][0] [6][0] [7][0] [8][0] [8][6] [8][8] [8][15] [8][17] [8][21] [8][44] [8][45] [8][46] [9][46] [9][31] [9][21] [9][16] [9][14] [9][13] [9][12] [9][3] [9][0] [8][0] [7][0] [6][0] [6][1] [6][3] [6][14] [6][18] [6][31] [6][36] [6][41] [6][46] [5][46] [5][44] [5][42] [5][44] [5][46] [4][46] [3][46] [2][46] [1][46] [1][41] [1][21] [1][19] [1][18] [1][12] [1][7] [1][6] [1][0] [0][0] 
[0][0] [0][0] [0][0] [1][0] [1][3] [1][0] [2][0] [2][11] [2][14] [2][15] [2][18] [2][29] [2][33] [2][39] [2][46] [3][46] [3][38] [3][29] [3][11] [3][2] [3][0] [4][0] [4][5] [4][7] [4][19] [4][23] [4][29] [4][34] [4][37] [4][46] [5][46] [5][42] [5][39] [5][35] [5][33] [5][29] [5][6] [5][1] [5][0] [6][0] [6][22] [6][23] [6][28] [6][32] [6][38] [6][46] [7][46] [7][43] [7][40] [7][15] [7][8] [7][6] [7][3] [7][1] [7][0] [8][0] [8][5] [8][10] [8][14] [8][16] [8][22] [8][23] [8][31] [8][46] [9][46] [9][44] [9][42] [9][34] [9][27] [9][26] [9][20] [9][11] [9][6] [9][0] [8][0] [7][0] [6][0] [5][0] [4][0] [3][0] [2][0] [1][0] [0][0] [0][0] [0][0] 
[0][0] [0][0] [0][0] [0][4] [0][10] [0][30] [0][31] [0][35] [0][45] [0][46] [1][46] [1][44] [1][38] [1][36] [1][38] [1][44] [1][46] [2][46] [3][46] [3][41] [3][40] [3][38] [3][34] [3][32] [3][30] [3][26] [3][25] [3][14] [3][11] [3][1] [3][0] [4][0] [4][1] [4][5] [4][12] [4][16] [4][33] [4][46] [5][46] [5][42] [5][39] [5][32] [5][27] [5][26] [5][21] [5][17] [5][12] [5][3] [5][0] [6][0] [6][6] [6][23] [6][30] [6][43] [6][46] [7][46] [8][46] [8][43] [8][32] [8][43] [8][46] [9][46] [9][43] [9][42] [9][41] [9][35] [9][29] [9][17] [9][8] [9][3] [9][0] [8][0] [8][1] [8][0] [7][0] [6][0] [5][0] [4][0] [3][0] [2][0] [1][0] [1][4] [1][5] [1][8] [1][10] [1][8] [1][5] [1][4] [1][0] [0][0] 
[0][0] [0][0] [0][0] [0][6] [0][0] [1][0] [1][4] [1][9] [1][14] [1][30] [1][45] [1][46] [2][46] [2][27] [2][24] [2][22] [2][11] [2][4] [2][0] [3][0] [4][0] [4][2] [4][8] [4][9] [4][11] [4][21] [4][29] [4][33] [4][39] [4][42] [4][46] [5][46] [5][43] [5][46] [6][46] [7][46] [7][34] [7][31] [7][24] [7][23] [7][24] [7][31] [7][34] [7][46] [8][46] [8][44] [8][37] [8][29] [8][23] [8][22] [8][14] [8][10] [8][9] [8][6] [8][3] [8][0] [9][0] [9][6] [9][9] [9][16] [9][28] [9][29] [9][32] [9][36] [9][43] [9][46] [8][46] [7][46] [6][46] [6][42] [6][38] [6][23] [6][21] [6][0] [5][0] [5][3] [5][8] [5][13] [5][16] [5][13] [5][8] [5][3] [5][0] [4][0] [3][0] [2][0] [1][0] [0][0] [0][0] [0][0] 
[0][0] [0][0] [0][0] [0][2] [0][7] [0][8] [0][11] [0][27] [0][28] [0][29] [0][32] [0][46] [1][46] [2][46] [2][45] [2][38] [2][45] [2][46] [3][46] [3][39] [3][36] [3][25] [3][9] [3][6] [3][0] [4][0] [5][0] [5][5] [5][16] [5][28] [5][31] [5][32] [5][43] [5][46] [6][46] [6][38] [6][33] [6][30] [6][16] [6][15] [6][0] [7][0] [7][7] [7][18] [7][20] [7][28] [7][29] [7][30] [7][46] [8][46] [9][46] [9][44] [9][30] [9][25] [9][13] [9][12] [9][9] [9][3] [9][0] [8][0] [8][5] [8][7] [8][10] [8][11] [8][10] [8][7] [8][5] [8][0] [7][0] [6][0] [5][0] [4][0] [4][7] [4][10] [4][32] [4][33] [4][40] [4][41] [4][42] [4][46] [3][46] [2][46] [1][46] [1][45] [1][35] [1][30] [1][22] [1][20] [1][17] [1][12] [1][4] [1][0] [0][0] 
[0][0] [0][0] [0][0] [0][4] [0][7] [0][17] [0][29] [0][36] [0][38] [0][40] [0][42] [0][44] [0][45] [0][46] [1][46] [1][44] [1][37] [1][35] [1][33] [1][30] [1][27] [1][22] [1][21] [1][20] [1][12] [1][4] [1][0] [2][0] [2][6] [2][16] [2][21] [2][27] [2][32] [2][46] [3][46] [3][45] [3][31] [3][15] [3][0] [4][0] [4][2] [4][8] [4][13] [4][8] [4][2] [4][0] [5][0] [5][9] [5][12] [5][15] [5][12] [5][9] [5][0] [6][0] [6][4] [6][18] [6][23] [6][29] [6][33] [6][42] [6][46] [7][46] [7][40] [7][27] [7][24] [7][15] [7][14] [7][8] [7][7] [7][0] [8][0] [8][20] [8][29] [8][46] [9][46] [9][29] [9][18] [9][11] [9][9] [9][2] [9][0] [8][0] [7][0] [6][0] [5][0] [4][0] [3][0] [2][0] [1][0] [0][0] 
[0][0] [0][0] [0][0] [0][21] [0][27] [0][29] [0][37] [0][39] [0][46] [1][46] [1][45] [1][44] [1][42] [1][41] [1][37] [1][30] [1][28] [1][17] [1][15] [1][10] [1][3] [1][1] [1][0] [2][0] [3][0] [3][4] [3][0] [4][0] [4][3] [4][7] [4][12] [4][17] [4][19] [4][20] [4][21] [4][24] [4][28] [4][36] [4][43] [4][46] [3][46] [3][41] [3][31] [3][29] [3][31] [3][41] [3][46] [4][46] [5][46] [6][46] [6][29] [6][24] [6][22] [6][0] [7][0] [7][2] [7][6] [7][19] [7][24] [7][27] [7][35] [7][36] [7][46] [8][46] [8][29] [8][28] [8][25] [8][23] [8][13] [8][6] [8][3] [8][0] [7][0] [6][0] [5][0] [5][6] [5][9] [5][15] [5][9] [5][6] [5][0] [4][0] [3][0] [2][0] [1][0] [0][0] 
[0][0] [0][0] [0][0] [0][9] [0][14] [0][27] [0][28] [0][33] [0][34] [0][41] [0][46] [1][46] [1][32] [1][14] [1][0] [2][0] [2][3] [2][5] [2][6] [2][7] [2][19] [2][26] [2][28] [2][32] [2][36] [2][37] [2][41] [2][43] [2][46] [3][46] [4][46] [5][46] [5][42] [5][46] [6][46] [6][39] [6][36] [6][15] [6][13] [6][12] [6][10] [6][4] [6][0] [7][0] [8][0] [9][0] [9][3] [9][9] [9][10] [9][11] [9][17] [9][24] [9][17] [9][11] [9][10] [9][9] [9][3] [9][0] [8][0] [8][6] [8][11] [8][18] [8][23] [8][25] [8][33] [8][37] [8][41] [8][45] [8][46] [7][46] [7][45] [7][40] [7][35] [7][40] [7][45] [7][46] [6][46] [5][46] [4][46] [4][38] [4][34] [4][25] [4][21] [4][17] [4][13] [4][0] [3][0] [3][6] [3][11] [3][12] [3][14] [3][20] [3][14] [3][12] [3][11] [3][6] [3][0] [2][0] [1][0] [0][0] 
[0][0] [0][0] [0][0] [0][17] [0][20] [0][34] [0][45] [0][46] [1][46] [1][35] [1][34] [1][29] [1][27] [1][29] [1][34] [1][35] [1][46] [2][46] [2][41] [2][38] [2][31] [2][21] [2][20] [2][14] [2][12] [2][0] [3][0] [3][2] [3][16] [3][21] [3][24] [3][37] [3][40] [3][46] [4][46] [4][31] [4][30] [4][29] [4][24] [4][12] [4][9] [4][6] [4][0] [5][0] [5][2] [5][6] [5][19] [5][23] [5][27] [5][30] [5][32] [5][46] [6][46] [6][44] [6][35] [6][15] [6][14] [6][0] [7][0] [7][2] [7][5] [7][7] [7][8] [7][17] [7][25] [7][46] [8][46] [8][40] [8][37] [8][40] [8][46] [9][46] [9][27] [9][20] [9][14] [9][7] [9][6] [9][0] [8][0] [8][2] [8][0] [7][0] [6][0] [5][0] [4][0] [3][0] [2][0] [1][0] [0][0] 
[0][0] [0][0] [0][0] [0][2] [0][4] [0][12] [0][31] [0][46] [1][46] [1][41] [1][40] [1][30] [1][29] [1][22] [1][16] [1][14] [1][11] [1][10] [1][5] [1][0] [2][0] [2][3] [2][5] [2][13] [2][21] [2][22] [2][31] [2][46] [3][46] [3][39] [3][28] [3][27] [3][25] [3][14] [3][12] [3][3] [3][0] [4][0] [4][3] [4][0] [5][0] [5][1] [5][2] [5][4] [5][2] [5][1] [5][0] [6][0] [6][11] [6][18] [6][21] [6][23] [6][29] [6][31] [6][41] [6][46] [5][46] [5][43] [5][42] [5][43] [5][46] [6][46] [7][46] [7][42] [7][32] [7][24] [7][32] [7][42] [7][46] [8][46] [9][46] [9][42] [9][46] [8][46] [8][45] [8][30] [8][25] [8][19] [8][16] [8][13] [8][12] [8][1] [8][0] [7][0] [6][0] [5][0] [4][0] [3][0] [2][0] [1][0] [0][0] 
[0][0] [0][0] [0][0] [0][6] [0][29] [0][31] [0][36] [0][46] [1][46] [1][44] [1][43] [1][31] [1][30] [1][26] [1][23] [1][15] [1][12] [1][8] [1][6] [1][0] [2][0] [2][2] [2][3] [2][20] [2][21] [2][26] [2][46] [3][46] [3][42] [3][36] [3][21] [3][2] [3][0] [4][0] [4][3] [4][6] [4][7] [4][14] [4][19] [4][26] [4][30] [4][32] [4][46] [5][46] [6][46] [7][46] [7][45] [7][43] [7][38] [7][36] [7][30] [7][17] [7][10] [7][9] [7][0] [8][0] [8][7] [8][15] [8][41] [8][43] [8][45] [8][46] [9][46] [9][31] [9][29] [9][25] [9][13] [9][9] [9][7] [9][0] [8][0] [7][0] [6][0] [6][4] [6][10] [6][17] [6][10] [6][4] [6][0] [5][0] [5][1] [5][10] [5][1] [5][0] [4][0] [3][0] [2][0] [1][0] [0][0] 
[0][0] [0][0] [0][0] [0][16] [0][18] [0][23] [0][25] [0][31] [0][37] [0][46] [1][46] [1][45] [1][43] [1][38] [1][34] [1][33] [1][26] [1][11] [1][9] [1][2] [1][0] [2][0] [2][9] [2][10] [2][15] [2][19] [2][32] [2][34] [2][35] [2][46] [3][46] [3][41] [3][46] [4][46] [4][26] [4][25] [4][4] [4][0] [5][0] [5][10] [5][24] [5][29] [5][31] [5][34] [5][39] [5][46] [6][46] [7][46] [7][40] [7][46] [8][46] [8][42] [8][25] [8][22] [8][9] [8][0] [9][0] [9][5] [9][7] [9][10] [9][25] [9][26] [9][32] [9][33] [9][34] [9][41] [9][46] [8][46] [7][46] [6][46] [6][45] [6][35] [6][33] [6][30] [6][29] [6][16] [6][7] [6][0] [5][0] [4][0] [3][0] [3][9] [3][12] [3][15] [3][16] [3][15] [3][12] [3][9] [3][0] [2][0] [1][0] [0][0] 
[0][0] [0][0] [0][0] [0][1] [0][25] [0][26] [0][29] [0][35] [0][36] [0][45] [0][46] [1][46] [2][46] [2][43] [2][46] [3][46] [3][45] [3][44] [3][42] [3][33] [3][29] [3][22] [3][20] [3][11] [3][10] [3][6] [3][0] [4][0] [5][0] [5][2] [5][3] [5][13] [5][23] [5][31] [5][44] [5][46] [6][46] [6][45] [6][38] [6][22] [6][21] [6][13] [6][9] [6][8] [6][4] [6][0] [7][0] [7][1] [7][0] [8][0] [8][6] [8][23] [8][26] [8][28] [8][31] [8][34] [8][35] [8][43] [8][46] [9][46] [9][27] [9][22] [9][19] [9][3] [9][0] [8][0] [7][0] [6][0] [5][0] [4][0] [4][2] [4][3] [4][9] [4][12] [4][23] [4][27] [4][46] [3][46] [2][46] [1][46] [1][25] [1][11] [1][0] [0][0] 
[0][0] [0][0] [0][0] [0][7] [0][15] [0][18] [0][22] [0][23] [0][31] [0][43] [0][46] [1][46] [2][46] [3][46] [3][45] [3][46] [4][46] [4][40] [4][39] [4][38] [4][25] [4][24] [4][19] [4][14] [4][12] [4][11] [4][0] [5][0] [6][0] [6][11] [6][13] [6][21] [6][27] [6][45] [6][46] [7][46] [7][43] [7][20] [7][17] [7][0] [8][0] [8][3] [8][5] [8][8] [8][11] [8][21] [8][32] [8][34] [8][41] [8][46] [9][46] [9][41] [9][30] [9][29] [9][18] [9][17] [9][14] [9][6] [9][3] [9][0] [8][0] [7][0] [6][0] [5][0] [5][1] [5][19] [5][23] [5][31] [5][33] [5][39] [5][46] [4][46] [3][46] [2][46] [2][45] [2][43] [2][42] [2][38] [2][29] [2][25] [2][1] [2][0] [1][0] [1][6] [1][8] [1][6] [1][0] [0][0] 
[0][0] [0][0] [0][0] [0][15] [0][16] [0][36] [0][46] [1][46] [1][40] [1][38] [1][30] [1][17] [1][0] [2][0] [2][16] [2][17] [2][20] [2][22] [2][29] [2][39] [2][41] [2][46] [3][46] [3][44] [3][46] [4][46] [4][44] [4][42] [4][36] [4][35] [4][34] [4][17] [4][7] [4][0] [5][0] [5][6] [5][7] [5][11] [5][17] [5][33] [5][45] [5][46] [6][46] [6][38] [6][36] [6][31] [6][29] [6][27] [6][16] [6][0] [7][0] [7][1] [7][7] [7][10] [7][14] [7][19] [7][22] [7][27] [7][29] [7][34] [7][36] [7][38] [7][46] [8][46] [8][38] [8][36] [8][31] [8][36] [8][38] [8][46] [9][46] [9][33] [9][27] [9][26] [9][17] [9][16] [9][9] [9][0] [8][0] [7][0] [6][0] [5][0] [4][0] [3][0] [2][0] [1][0] [0][0] 
[0][0] [0][0] [0][0] [0][16] [0][18] [0][19] [0][37] [0][38] [0][40] [0][41] [0][46] [1][46] [2][46] [2][36] [2][19] [2][17] [2][14] [2][6] [2][0] [3][0] [3][4] [3][20] [3][22] [3][30] [3][38] [3][43] [3][46] [4][46] [4][45] [4][40] [4][35] [4][27] [4][23] [4][17] [4][16] [4][5] [4][0] [5][0] [5][2] [5][29] [5][30] [5][36] [5][37] [5][46] [6][46] [6][32] [6][46] [7][46] [7][43] [7][37] [7][26] [7][23] [7][16] [7][14] [7][13] [7][11] [7][5] [7][0] [8][0] [8][18] [8][19] [8][34] [8][35] [8][40] [8][46] [9][46] [9][44] [9][43] [9][37] [9][35] [9][17] [9][15] [9][13] [9][0] [8][0] [7][0] [6][0] [5][0] [4][0] [3][0] [2][0] [1][0] [1][3] [1][0] [0][0] 
[0][0] [0][0] [0][0] [0][7] [0][0] [1][0] [1][9] [1][18] [1][22] [1][30] [1][36] [1][37] [1][46] [0][46] [0][45] [0][40] [0][45] [0][46] [1][46] [2][46] [2][45] [2][42] [2][45] [2][46] [3][46] [3][45] [3][43] [3][30] [3][27] [3][22] [3][12] [3][11] [3][0] [4][0] [4][8] [4][13] [4][28] [4][38] [4][44] [4][46] [5][46] [5][33] [5][32] [5][18] [5][16] [5][14] [5][11] [5][10] [5][2] [5][0] [6][0] [6][2] [6][16] [6][19] [6][34] [6][36] [6][46] [7][46] [7][45] [7][39] [7][33] [7][29] [7][26] [7][22] [7][17] [7][0] [8][0] [8][6] [8][14] [8][21] [8][23] [8][28] [8][30] [8][39] [8][42] [8][46] [9][46] [9][39] [9][27] [9][6] [9][3] [9][0] [8][0] [7][0] [6][0] [5][0] [4][0] [3][0] [2][0] [2][1] [2][0] [1][0] [0][0] [0][0] [0][0] 
[0][0] [0][0] [0][0] [0][3] [0][5] [0][7] [0][12] [0][26] [0][31] [0][32] [0][46] [1][46] [1][43] [1][42] [1][34] [1][33] [1][28] [1][16] [1][10] [1][0] [2][0] [2][9] [2][10] [2][13] [2][28] [2][34] [2][41] [2][46] [3][46] [3][43] [3][33] [3][31] [3][22] [3][0] [4][0] [4][2] [4][8] [4][15] [4][32] [4][35] [4][36] [4][40] [4][46] [5][46] [6][46] [6][43] [6][39] [6][37] [6][29] [6][27] [6][24] [6][27] [6][29] [6][37] [6][39] [6][43] [6][46] [7][46] [7][42] [7][32] [7][26] [7][21] [7][9] [7][3] [7][0] [8][0] [8][3] [8][5] [8][13] [8][23] [8][24] [8][27] [8][35] [8][38] [8][46] [9][46] [9][40] [9][46] [8][46] [7][46] [6][46] [5][46] [5][32] [5][30] [5][15] [5][10] [5][7] [5][5] [5][0] [4][0] [3][0] [2][0] [1][0] [0][0] 
[0][0] [0][0] [0][0] [0][13] [0][15] [0][26] [0][33] [0][36] [0][40] [0][46] [1][46] [1][39] [1][28] [1][26] [1][25] [1][21] [1][20] [1][18] [1][13] [1][4] [1][0] [2][0] [2][1] [2][12] [2][17] [2][19] [2][20] [2][25] [2][35] [2][39] [2][45] [2][46] [3][46] [3][37] [3][28] [3][26] [3][12] [3][0] [4][0] [4][1] [4][8] [4][13] [4][14] [4][15] [4][18] [4][22] [4][29] [4][37] [4][46] [5][46] [5][41] [5][30] [5][24] [5][30] [5][41] [5][46] [6][46] [6][43] [6][40] [6][37] [6][36] [6][21] [6][13] [6][5] [6][0] [7][0] [7][22] [7][34] [7][35] [7][46] [8][46] [8][43] [8][41] [8][43] [8][46] [9][46] [9][31] [9][7] [9][4] [9][1] [9][0] [8][0] [8][8] [8][0] [7][0] [6][0] [5][0] [4][0] [3][0] [2][0] [1][0] [0][0] 
[0][0] [0][0] [0][0] [0][10] [0][21] [0][37] [0][45] [0][46] [1][46] [1][34] [1][30] [1][28] [1][27] [1][25] [1][24] [1][13] [1][8] [1][0] [2][0] [2][12] [2][16] [2][19] [2][24] [2][28] [2][36] [2][46] [3][46] [4][46] [4][36] [4][33] [4][36] [4][46] [5][46] [5][43] [5][37] [5][29] [5][25] [5][18] [5][17] [5][0] [6][0] [6][9] [6][11] [6][17] [6][20] [6][31] [6][35] [6][46] [7][46] [7][41] [7][22] [7][18] [7][0] [8][0] [8][12] [8][13] [8][14] [8][19] [8][23] [8][24] [8][29] [8][31] [8][32] [8][38] [8][46] [9][46] [9][37] [9][28] [9][14] [9][12] [9][0] [8][0] [7][0] [6][0] [5][0] [4][0] [3][0] [3][4] [3][11] [3][13] [3][18] [3][28] [3][18] [3][13] [3][11] [3][4] [3][0] [2][0] [1][0] [0][0] 
[0][0] [0][0] [0][0] [0][7] [0][10] [0][18] [0][28] [0][36] [0][46] [1][46] [2][46] [2][35] [2][30] [2][26] [2][25] [2][20] [2][11] [2][3] [2][0] [3][0] [3][3] [3][11] [3][18] [3][38] [3][46] [4][46] [4][42] [4][38] [4][31] [4][29] [4][17] [4][13] [4][0] [5][0] [5][5] [5][11] [5][12] [5][13] [5][36] [5][38] [5][46] [6][46] [6][41] [6][37] [6][33] [6][23] [6][15] [6][0] [7][0] [7][4] [7][28] [7][36] [7][45] [7][46] [8][46] [9][46] [9][22] [9][20] [9][17] [9][12] [9][3] [9][0] [8][0] [8][7] [8][8] [8][9] [8][8] [8][7] [8][0] [7][0] [6][0] [5][0] [4][0] [3][0] [2][0] [1][0] [1][4] [1][5] [1][6] [1][7] [1][6] [1][5] [1][4] [1][0] [0][0] 
[0][0] [0][0] [0][0] [0][5] [0][6] [0][5] [0][0] [1][0] [1][20] [1][21] [1][22] [1][35] [1][38] [1][45] [1][46] [2][46] [2][43] [2][37] [2][31] [2][25] [2][24] [2][25] [2][31] [2][37] [2][43] [2][46] [3][46] [3][32] [3][28] [3][26] [3][18] [3][0] [4][0] [4][10] [4][13] [4][14] [4][13] [4][10] [4][0] [5][0] [5][11] [5][0] [6][0] [7][0] [7][11] [7][13] [7][20] [7][43] [7][44] [7][46] [8][46] [8][41] [8][29] [8][41] [8][46] [9][46] [9][42] [9][35] [9][27] [9][18] [9][0] [8][0] [7][0] [6][0] [5][0] [4][0] [3][0] [2][0] [1][0] [0][0] [0][0] [0][0] 
