18690
606.476
/home/fflorenci/jobprp_ga/reduced_instances/henn/ran1/reduced_warehouse_61.lyt
/home/fflorenci/jobprp_ga/reduced_instances/henn/ran1/reduced_warehouse_61s-80-30-0.ord
80
30
28
340
120
1
23 21 5 7 10 18 20 19 14 21 17 23 17 20 13 16 15 11 6 9 15 16 17 22 20 10 15 6 24 18 10 11 21 16 7 14 5 11 10 17 14 8 6 18 15 17 12 20 10 23 20 18 23 7 9 10 23 8 17 24 20 8 21 20 15 15 15 15 19 12 7 21 20 15 22 16 24 19 7 15 
47
53 36 18 38 
2 26 42 
66 57 70 
15 3 34 
78 32 
69 39 
7 17 
28 27 
43 25 
35 75 
58 14 
33 40 
20 44 
55 24 
10 48 
5 41 
60 61 
65 67 
22 31 
29 4 
68 37 
1 54 
64 16 
45 19 
12 46 
47 30 
73 79 
21 8 
63 
52 
62 
6 
49 
11 
0 
13 
71 
76 
59 
56 
77 
23 
9 
50 
72 
74 
51 
330
342
372
416
318
352
440
462
396
444
482
396
444
446
394
404
380
408
440
374
414
366
476
416
426
436
402
454
350
456
358
312
330
406
328
338
424
406
482
466
382
372
396
370
332
388
364
[0][0] [0][0] [0][0] [0][12] [0][36] [0][40] [0][46] [1][46] [1][41] [1][46] [2][46] [2][43] [2][46] [3][46] [3][43] [3][42] [3][37] [3][42] [3][43] [3][46] [4][46] [5][46] [6][46] [6][40] [6][32] [6][28] [6][32] [6][40] [6][46] [7][46] [7][41] [7][46] [8][46] [8][33] [8][30] [8][28] [8][27] [8][16] [8][12] [8][9] [8][0] [7][0] [7][12] [7][0] [6][0] [5][0] [4][0] [4][4] [4][0] [3][0] [3][5] [3][14] [3][5] [3][0] [2][0] [1][0] [1][3] [1][5] [1][14] [1][15] [1][14] [1][5] [1][3] [1][0] [0][0] 
[0][0] [0][0] [0][0] [0][19] [0][29] [0][46] [1][46] [1][43] [1][37] [1][36] [1][34] [1][25] [1][15] [1][14] [1][3] [1][0] [2][0] [2][8] [2][9] [2][14] [2][26] [2][35] [2][44] [2][46] [3][46] [3][43] [3][46] [4][46] [4][33] [4][46] [5][46] [5][40] [5][33] [5][29] [5][33] [5][40] [5][46] [6][46] [7][46] [8][46] [9][46] [9][45] [9][25] [9][6] [9][5] [9][0] [8][0] [7][0] [6][0] [5][0] [4][0] [4][6] [4][0] [3][0] [2][0] [1][0] [0][0] 
[0][0] [0][0] [0][0] [0][5] [0][16] [0][18] [0][16] [0][5] [0][0] [1][0] [1][15] [1][0] [2][0] [2][5] [2][9] [2][5] [2][0] [3][0] [3][1] [3][4] [3][7] [3][17] [3][23] [3][34] [3][41] [3][46] [4][46] [4][37] [4][29] [4][25] [4][21] [4][25] [4][29] [4][37] [4][46] [5][46] [5][45] [5][46] [6][46] [6][43] [6][41] [6][39] [6][33] [6][39] [6][41] [6][43] [6][46] [7][46] [7][36] [7][35] [7][33] [7][35] [7][36] [7][46] [8][46] [9][46] [9][44] [9][42] [9][44] [9][46] [8][46] [8][42] [8][17] [8][0] [7][0] [7][3] [7][0] [6][0] [5][0] [4][0] [3][0] [2][0] [1][0] [0][0] [0][0] [0][0] 
[0][0] [0][0] [0][0] [0][6] [0][19] [0][23] [0][32] [0][34] [0][44] [0][46] [1][46] [1][38] [1][46] [2][46] [2][31] [2][5] [2][0] [3][0] [3][9] [3][14] [3][28] [3][32] [3][42] [3][46] [4][46] [4][39] [4][32] [4][29] [4][32] [4][39] [4][46] [5][46] [6][46] [6][45] [6][35] [6][45] [6][46] [7][46] [8][46] [9][46] [9][31] [9][30] [9][25] [9][30] [9][31] [9][46] [8][46] [8][34] [8][29] [8][15] [8][0] [7][0] [6][0] [6][1] [6][0] [5][0] [5][14] [5][19] [5][14] [5][0] [4][0] [3][0] [2][0] [1][0] [0][0] 
[0][0] [0][0] [0][0] [0][1] [0][0] [1][0] [2][0] [2][9] [2][15] [2][21] [2][15] [2][9] [2][0] [3][0] [3][1] [3][0] [4][0] [4][7] [4][19] [4][31] [4][40] [4][46] [5][46] [5][45] [5][34] [5][30] [5][17] [5][15] [5][9] [5][0] [6][0] [6][5] [6][6] [6][21] [6][24] [6][31] [6][46] [7][46] [7][45] [7][43] [7][45] [7][46] [8][46] [8][21] [8][20] [8][19] [8][11] [8][0] [7][0] [7][4] [7][0] [6][0] [5][0] [4][0] [3][0] [2][0] [1][0] [0][0] [0][0] [0][0] 
[0][0] [0][0] [0][0] [0][14] [0][20] [0][25] [0][29] [0][46] [1][46] [1][31] [1][46] [2][46] [2][45] [2][22] [2][21] [2][13] [2][12] [2][11] [2][5] [2][0] [3][0] [4][0] [5][0] [5][3] [5][6] [5][18] [5][19] [5][30] [5][40] [5][46] [6][46] [7][46] [7][33] [7][29] [7][33] [7][46] [8][46] [9][46] [9][35] [9][46] [8][46] [7][46] [6][46] [6][43] [6][39] [6][25] [6][13] [6][6] [6][0] [5][0] [4][0] [3][0] [2][0] [1][0] [1][1] [1][0] [0][0] 
[0][0] [0][0] [0][0] [0][7] [0][0] [1][0] [1][22] [1][28] [1][30] [1][32] [1][46] [2][46] [2][41] [2][46] [3][46] [4][46] [4][41] [4][38] [4][41] [4][46] [5][46] [5][19] [5][11] [5][7] [5][0] [6][0] [6][8] [6][23] [6][29] [6][40] [6][46] [7][46] [7][42] [7][26] [7][42] [7][46] [8][46] [8][22] [8][16] [8][11] [8][0] [9][0] [9][16] [9][36] [9][46] [8][46] [7][46] [6][46] [5][46] [4][46] [3][46] [3][39] [3][37] [3][27] [3][25] [3][16] [3][10] [3][0] [2][0] [2][3] [2][0] [1][0] [0][0] [0][0] [0][0] 
[0][0] [0][0] [0][0] [1][0] [1][24] [1][46] [0][46] [0][45] [0][38] [0][45] [0][46] [1][46] [2][46] [2][34] [2][12] [2][8] [2][0] [3][0] [3][11] [3][14] [3][18] [3][24] [3][18] [3][14] [3][11] [3][0] [4][0] [4][1] [4][3] [4][17] [4][39] [4][46] [5][46] [5][35] [5][22] [5][14] [5][13] [5][6] [5][0] [6][0] [7][0] [7][15] [7][28] [7][30] [7][31] [7][40] [7][46] [8][46] [8][42] [8][46] [9][46] [9][23] [9][6] [9][0] [8][0] [8][13] [8][0] [7][0] [6][0] [5][0] [4][0] [3][0] [2][0] [1][0] [0][0] [0][0] [0][0] 
[0][0] [0][0] [0][0] [1][0] [1][4] [1][13] [1][22] [1][24] [1][36] [1][45] [1][46] [0][46] [0][38] [0][35] [0][38] [0][46] [1][46] [2][46] [2][44] [2][36] [2][35] [2][36] [2][44] [2][46] [3][46] [4][46] [4][22] [4][18] [4][0] [5][0] [5][1] [5][0] [6][0] [7][0] [7][8] [7][20] [7][31] [7][33] [7][41] [7][46] [6][46] [6][32] [6][46] [7][46] [8][46] [8][42] [8][35] [8][33] [8][35] [8][42] [8][46] [9][46] [9][44] [9][26] [9][13] [9][12] [9][0] [8][0] [7][0] [6][0] [5][0] [4][0] [3][0] [3][7] [3][0] [2][0] [1][0] [0][0] [0][0] [0][0] 
[0][0] [0][0] [0][0] [0][14] [0][16] [0][14] [0][0] [1][0] [1][2] [1][0] [2][0] [2][14] [2][15] [2][16] [2][29] [2][32] [2][35] [2][37] [2][46] [1][46] [1][43] [1][46] [2][46] [3][46] [3][33] [3][46] [4][46] [4][40] [4][36] [4][40] [4][46] [5][46] [5][26] [5][10] [5][1] [5][0] [6][0] [6][8] [6][28] [6][36] [6][46] [7][46] [7][35] [7][32] [7][35] [7][46] [8][46] [8][31] [8][30] [8][14] [8][0] [9][0] [9][5] [9][8] [9][18] [9][8] [9][5] [9][0] [8][0] [7][0] [7][5] [7][10] [7][5] [7][0] [6][0] [5][0] [4][0] [3][0] [2][0] [1][0] [0][0] [0][0] [0][0] 
[0][0] [0][0] [0][0] [0][15] [0][22] [0][27] [0][29] [0][46] [1][46] [2][46] [3][46] [3][45] [3][41] [3][29] [3][16] [3][0] [4][0] [4][22] [4][0] [5][0] [5][9] [5][10] [5][18] [5][33] [5][41] [5][46] [6][46] [6][33] [6][12] [6][9] [6][0] [7][0] [7][1] [7][5] [7][7] [7][27] [7][46] [8][46] [8][35] [8][25] [8][35] [8][46] [9][46] [9][44] [9][37] [9][26] [9][19] [9][0] [8][0] [7][0] [6][0] [5][0] [4][0] [3][0] [2][0] [2][18] [2][0] [1][0] [1][1] [1][0] [0][0] 
[0][0] [0][0] [0][0] [0][5] [0][13] [0][16] [0][22] [0][29] [0][43] [0][44] [0][46] [1][46] [2][46] [2][45] [2][32] [2][45] [2][46] [3][46] [3][42] [3][32] [3][12] [3][4] [3][0] [4][0] [4][1] [4][4] [4][1] [4][0] [5][0] [5][5] [5][8] [5][23] [5][8] [5][5] [5][0] [6][0] [6][2] [6][3] [6][2] [6][0] [7][0] [7][3] [7][6] [7][27] [7][34] [7][46] [8][46] [8][33] [8][26] [8][0] [9][0] [9][8] [9][15] [9][18] [9][15] [9][8] [9][0] [8][0] [7][0] [6][0] [5][0] [4][0] [3][0] [2][0] [1][0] [1][2] [1][0] [0][0] 
[0][0] [0][0] [0][0] [0][3] [0][4] [0][3] [0][0] [1][0] [1][16] [1][30] [1][43] [1][46] [2][46] [3][46] [3][34] [3][26] [3][10] [3][9] [3][0] [4][0] [4][17] [4][23] [4][31] [4][33] [4][46] [5][46] [5][32] [5][31] [5][28] [5][18] [5][13] [5][0] [6][0] [6][17] [6][21] [6][23] [6][46] [7][46] [8][46] [8][36] [8][34] [8][36] [8][46] [7][46] [7][40] [7][18] [7][16] [7][0] [8][0] [9][0] [9][5] [9][0] [8][0] [7][0] [6][0] [5][0] [4][0] [3][0] [2][0] [2][2] [2][12] [2][17] [2][12] [2][2] [2][0] [1][0] [0][0] [0][0] [0][0] 
[0][0] [0][0] [0][0] [0][7] [0][20] [0][27] [0][32] [0][37] [0][46] [1][46] [2][46] [3][46] [4][46] [4][36] [4][46] [5][46] [5][44] [5][43] [5][37] [5][30] [5][22] [5][7] [5][0] [6][0] [7][0] [7][5] [7][12] [7][33] [7][46] [8][46] [8][36] [8][46] [9][46] [9][31] [9][21] [9][5] [9][3] [9][0] [8][0] [8][16] [8][0] [7][0] [6][0] [6][7] [6][23] [6][36] [6][46] [5][46] [4][46] [3][46] [3][29] [3][27] [3][14] [3][10] [3][0] [2][0] [2][7] [2][9] [2][7] [2][0] [1][0] [0][0] 
[0][0] [0][0] [0][0] [0][12] [0][23] [0][28] [0][46] [1][46] [1][42] [1][28] [1][18] [1][0] [2][0] [2][4] [2][14] [2][15] [2][20] [2][46] [3][46] [4][46] [4][39] [4][46] [5][46] [5][40] [5][35] [5][30] [5][24] [5][30] [5][35] [5][40] [5][46] [6][46] [7][46] [7][45] [7][43] [7][45] [7][46] [8][46] [8][35] [8][34] [8][30] [8][9] [8][0] [9][0] [9][15] [9][17] [9][23] [9][17] [9][15] [9][0] [8][0] [7][0] [6][0] [6][4] [6][0] [5][0] [5][2] [5][0] [4][0] [4][4] [4][0] [3][0] [2][0] [1][0] [0][0] 
[0][0] [0][0] [0][0] [0][3] [0][0] [1][0] [1][6] [1][9] [1][21] [1][42] [1][46] [0][46] [0][45] [0][46] [1][46] [2][46] [3][46] [3][40] [3][33] [3][27] [3][23] [3][17] [3][0] [4][0] [4][6] [4][20] [4][41] [4][46] [5][46] [5][41] [5][36] [5][41] [5][46] [6][46] [7][46] [8][46] [8][40] [8][46] [7][46] [7][27] [7][19] [7][9] [7][5] [7][0] [8][0] [8][16] [8][0] [9][0] [9][9] [9][0] [8][0] [7][0] [6][0] [5][0] [4][0] [3][0] [2][0] [2][11] [2][15] [2][11] [2][0] [1][0] [0][0] [0][0] [0][0] 
[0][0] [0][0] [0][0] [0][7] [0][13] [0][26] [0][38] [0][46] [1][46] [1][44] [1][39] [1][35] [1][39] [1][44] [1][46] [2][46] [2][41] [2][46] [3][46] [3][33] [3][28] [3][0] [4][0] [4][14] [4][16] [4][14] [4][0] [5][0] [5][11] [5][12] [5][27] [5][38] [5][45] [5][46] [6][46] [6][42] [6][46] [7][46] [8][46] [8][41] [8][33] [8][41] [8][46] [9][46] [9][40] [9][27] [9][13] [9][0] [8][0] [7][0] [7][1] [7][2] [7][1] [7][0] [6][0] [6][8] [6][0] [5][0] [4][0] [3][0] [2][0] [1][0] [0][0] 
[0][0] [0][0] [0][0] [1][0] [1][1] [1][21] [1][33] [1][46] [2][46] [2][41] [2][27] [2][25] [2][27] [2][41] [2][46] [3][46] [3][41] [3][38] [3][41] [3][46] [4][46] [5][46] [5][34] [5][33] [5][13] [5][0] [6][0] [6][8] [6][0] [7][0] [7][12] [7][14] [7][30] [7][44] [7][46] [6][46] [6][41] [6][35] [6][41] [6][46] [7][46] [8][46] [8][43] [8][42] [8][43] [8][46] [9][46] [9][43] [9][40] [9][27] [9][20] [9][14] [9][11] [9][6] [9][0] [8][0] [8][5] [8][0] [7][0] [6][0] [5][0] [4][0] [4][7] [4][0] [3][0] [2][0] [2][4] [2][0] [1][0] [0][0] [0][0] [0][0] 
[0][0] [0][0] [0][0] [0][8] [0][0] [1][0] [1][27] [1][31] [1][46] [2][46] [3][46] [3][28] [3][46] [4][46] [4][42] [4][31] [4][20] [4][16] [4][13] [4][0] [5][0] [5][2] [5][5] [5][2] [5][0] [6][0] [6][17] [6][0] [7][0] [8][0] [9][0] [9][5] [9][25] [9][46] [8][46] [8][42] [8][41] [8][39] [8][30] [8][39] [8][41] [8][42] [8][46] [7][46] [7][43] [7][46] [6][46] [6][40] [6][37] [6][35] [6][37] [6][40] [6][46] [5][46] [5][34] [5][46] [4][46] [3][46] [2][46] [2][33] [2][32] [2][12] [2][3] [2][0] [1][0] [0][0] [0][0] [0][0] 
[0][0] [0][0] [0][0] [0][3] [0][16] [0][43] [0][46] [1][46] [2][46] [2][35] [2][32] [2][29] [2][27] [2][22] [2][15] [2][0] [3][0] [3][6] [3][7] [3][22] [3][37] [3][46] [4][46] [4][41] [4][36] [4][21] [4][19] [4][17] [4][0] [5][0] [5][6] [5][12] [5][20] [5][27] [5][46] [6][46] [7][46] [7][44] [7][43] [7][17] [7][7] [7][0] [6][0] [6][17] [6][0] [5][0] [4][0] [3][0] [2][0] [1][0] [0][0] 
[0][0] [0][0] [0][0] [0][11] [0][32] [0][41] [0][46] [1][46] [1][45] [1][46] [2][46] [3][46] [3][45] [3][44] [3][45] [3][46] [4][46] [4][28] [4][26] [4][13] [4][10] [4][5] [4][0] [5][0] [6][0] [6][7] [6][14] [6][35] [6][36] [6][46] [7][46] [7][45] [7][41] [7][45] [7][46] [8][46] [9][46] [9][45] [9][30] [9][45] [9][46] [8][46] [8][27] [8][25] [8][22] [8][21] [8][0] [9][0] [9][2] [9][0] [8][0] [7][0] [6][0] [5][0] [5][10] [5][23] [5][46] [4][46] [3][46] [2][46] [2][25] [2][24] [2][13] [2][0] [1][0] [0][0] 
[0][0] [0][0] [0][0] [0][28] [0][30] [0][46] [1][46] [1][42] [1][46] [2][46] [3][46] [4][46] [4][41] [4][35] [4][18] [4][9] [4][8] [4][5] [4][0] [5][0] [6][0] [6][7] [6][9] [6][17] [6][18] [6][20] [6][39] [6][46] [7][46] [7][40] [7][37] [7][23] [7][17] [7][2] [7][0] [8][0] [8][8] [8][25] [8][28] [8][36] [8][46] [9][46] [9][41] [9][35] [9][32] [9][18] [9][16] [9][11] [9][0] [8][0] [7][0] [6][0] [5][0] [4][0] [3][0] [2][0] [1][0] [0][0] 
[0][0] [0][0] [0][0] [0][34] [0][39] [0][46] [1][46] [1][31] [1][30] [1][31] [1][46] [2][46] [2][36] [2][46] [3][46] [3][41] [3][28] [3][23] [3][4] [3][0] [4][0] [4][16] [4][24] [4][36] [4][46] [5][46] [5][38] [5][27] [5][38] [5][46] [6][46] [6][40] [6][25] [6][3] [6][0] [7][0] [7][6] [7][10] [7][11] [7][20] [7][28] [7][45] [7][46] [8][46] [9][46] [9][44] [9][30] [9][29] [9][30] [9][44] [9][46] [8][46] [8][31] [8][21] [8][15] [8][12] [8][0] [7][0] [6][0] [5][0] [4][0] [3][0] [2][0] [1][0] [0][0] 
[0][0] [0][0] [0][0] [0][5] [0][6] [0][5] [0][0] [1][0] [1][12] [1][18] [1][28] [1][42] [1][46] [2][46] [2][43] [2][38] [2][33] [2][32] [2][28] [2][16] [2][3] [2][0] [3][0] [3][12] [3][0] [4][0] [4][19] [4][0] [5][0] [5][9] [5][20] [5][9] [5][0] [6][0] [7][0] [7][20] [7][29] [7][46] [8][46] [8][41] [8][24] [8][17] [8][15] [8][4] [8][0] [9][0] [9][11] [9][16] [9][11] [9][0] [8][0] [7][0] [6][0] [5][0] [4][0] [3][0] [2][0] [1][0] [0][0] [0][0] [0][0] 
[0][0] [0][0] [0][0] [1][0] [1][7] [1][0] [2][0] [2][2] [2][15] [2][23] [2][26] [2][38] [2][44] [2][46] [1][46] [0][46] [0][44] [0][35] [0][44] [0][46] [1][46] [2][46] [3][46] [3][40] [3][25] [3][23] [3][0] [4][0] [4][5] [4][6] [4][5] [4][0] [5][0] [5][11] [5][24] [5][46] [6][46] [6][36] [6][24] [6][16] [6][0] [7][0] [7][9] [7][21] [7][23] [7][28] [7][38] [7][39] [7][46] [8][46] [9][46] [9][27] [9][15] [9][0] [8][0] [7][0] [6][0] [5][0] [4][0] [3][0] [2][0] [1][0] [0][0] [0][0] [0][0] 
[0][0] [0][0] [0][0] [0][5] [0][0] [1][0] [2][0] [2][3] [2][13] [2][37] [2][44] [2][46] [1][46] [0][46] [0][43] [0][46] [1][46] [2][46] [3][46] [4][46] [4][40] [4][46] [5][46] [5][36] [5][16] [5][12] [5][9] [5][0] [6][0] [6][12] [6][22] [6][30] [6][40] [6][46] [7][46] [7][45] [7][46] [8][46] [9][46] [9][33] [9][28] [9][33] [9][46] [8][46] [8][33] [8][32] [8][22] [8][0] [7][0] [7][5] [7][0] [6][0] [5][0] [4][0] [4][10] [4][16] [4][10] [4][0] [3][0] [3][10] [3][20] [3][22] [3][23] [3][22] [3][20] [3][10] [3][0] [2][0] [1][0] [0][0] [0][0] [0][0] 
[0][0] [0][0] [0][0] [0][19] [0][26] [0][34] [0][37] [0][46] [1][46] [2][46] [2][27] [2][20] [2][1] [2][0] [3][0] [3][3] [3][9] [3][19] [3][23] [3][46] [4][46] [4][29] [4][23] [4][19] [4][16] [4][11] [4][9] [4][0] [5][0] [5][1] [5][0] [6][0] [6][10] [6][18] [6][35] [6][45] [6][46] [7][46] [8][46] [8][38] [8][46] [9][46] [9][38] [9][31] [9][28] [9][14] [9][5] [9][0] [8][0] [7][0] [6][0] [5][0] [4][0] [3][0] [2][0] [1][0] [1][12] [1][13] [1][12] [1][0] [0][0] 
[0][0] [0][0] [0][0] [0][15] [0][18] [0][19] [0][35] [0][46] [1][46] [2][46] [2][32] [2][30] [2][29] [2][30] [2][32] [2][46] [3][46] [3][38] [3][30] [3][38] [3][46] [4][46] [4][39] [4][46] [5][46] [5][32] [5][31] [5][32] [5][46] [6][46] [6][36] [6][26] [6][13] [6][6] [6][1] [6][0] [7][0] [7][22] [7][0] [8][0] [8][2] [8][19] [8][2] [8][0] [9][0] [9][5] [9][21] [9][22] [9][27] [9][46] [8][46] [7][46] [6][46] [5][46] [4][46] [3][46] [2][46] [1][46] [1][43] [1][37] [1][35] [1][27] [1][19] [1][7] [1][0] [0][0] 
[0][0] [0][0] [0][0] [0][2] [0][9] [0][16] [0][18] [0][34] [0][46] [1][46] [1][38] [1][46] [2][46] [3][46] [3][35] [3][46] [4][46] [4][26] [4][25] [4][2] [4][0] [5][0] [6][0] [7][0] [7][7] [7][0] [8][0] [8][18] [8][20] [8][18] [8][0] [9][0] [9][10] [9][0] [8][0] [7][0] [6][0] [5][0] [4][0] [3][0] [3][8] [3][0] [2][0] [2][2] [2][21] [2][2] [2][0] [1][0] [1][2] [1][0] [0][0] 
[0][0] [0][0] [0][0] [0][25] [0][39] [0][41] [0][46] [1][46] [2][46] [3][46] [4][46] [4][22] [4][46] [5][46] [5][37] [5][33] [5][29] [5][33] [5][37] [5][46] [6][46] [6][35] [6][15] [6][0] [7][0] [7][10] [7][13] [7][14] [7][13] [7][10] [7][0] [8][0] [8][9] [8][18] [8][9] [8][0] [9][0] [9][10] [9][32] [9][46] [8][46] [8][45] [8][46] [7][46] [6][46] [5][46] [4][46] [3][46] [2][46] [2][41] [2][34] [2][32] [2][21] [2][12] [2][0] [1][0] [1][22] [1][0] [0][0] 
[0][0] [0][0] [0][0] [0][16] [0][29] [0][30] [0][39] [0][46] [1][46] [2][46] [3][46] [3][44] [3][42] [3][44] [3][46] [4][46] [4][27] [4][6] [4][0] [5][0] [6][0] [7][0] [7][7] [7][14] [7][7] [7][0] [8][0] [9][0] [9][11] [9][19] [9][36] [9][46] [8][46] [8][45] [8][46] [7][46] [6][46] [6][29] [6][46] [5][46] [5][34] [5][46] [4][46] [3][46] [2][46] [2][44] [2][30] [2][17] [2][15] [2][2] [2][0] [1][0] [0][0] 
[0][0] [0][0] [0][0] [0][2] [0][12] [0][13] [0][36] [0][46] [1][46] [2][46] [2][42] [2][32] [2][42] [2][46] [3][46] [4][46] [5][46] [6][46] [6][34] [6][32] [6][34] [6][46] [7][46] [7][37] [7][31] [7][14] [7][0] [8][0] [8][7] [8][0] [9][0] [9][1] [9][10] [9][22] [9][25] [9][22] [9][10] [9][1] [9][0] [8][0] [7][0] [6][0] [5][0] [4][0] [3][0] [3][2] [3][0] [2][0] [2][4] [2][0] [1][0] [1][1] [1][2] [1][1] [1][0] [0][0] 
[0][0] [0][0] [0][0] [0][2] [0][15] [0][21] [0][31] [0][43] [0][46] [1][46] [1][33] [1][46] [2][46] [3][46] [3][44] [3][46] [4][46] [5][46] [6][46] [7][46] [7][36] [7][46] [8][46] [9][46] [9][39] [9][38] [9][29] [9][38] [9][39] [9][46] [8][46] [8][45] [8][34] [8][33] [8][20] [8][0] [7][0] [7][2] [7][9] [7][2] [7][0] [6][0] [6][6] [6][18] [6][23] [6][18] [6][6] [6][0] [5][0] [4][0] [4][1] [4][0] [3][0] [2][0] [1][0] [1][3] [1][4] [1][3] [1][0] [0][0] 
[0][0] [0][0] [0][0] [0][2] [0][0] [1][0] [2][0] [3][0] [3][1] [3][2] [3][1] [3][0] [4][0] [4][8] [4][13] [4][31] [4][36] [4][46] [3][46] [2][46] [1][46] [1][45] [1][38] [1][45] [1][46] [2][46] [3][46] [3][36] [3][46] [4][46] [5][46] [6][46] [6][40] [6][28] [6][21] [6][0] [7][0] [7][3] [7][10] [7][11] [7][27] [7][46] [8][46] [9][46] [9][44] [9][32] [9][44] [9][46] [8][46] [8][23] [8][1] [8][0] [7][0] [6][0] [5][0] [5][18] [5][20] [5][18] [5][0] [4][0] [3][0] [2][0] [1][0] [0][0] [0][0] [0][0] 
[0][0] [0][0] [0][0] [0][19] [0][42] [0][46] [1][46] [2][46] [3][46] [4][46] [5][46] [5][45] [5][46] [6][46] [6][44] [6][38] [6][37] [6][19] [6][18] [6][0] [7][0] [8][0] [8][1] [8][16] [8][1] [8][0] [9][0] [9][13] [9][15] [9][23] [9][27] [9][35] [9][41] [9][46] [8][46] [8][44] [8][43] [8][44] [8][46] [7][46] [7][39] [7][46] [6][46] [5][46] [4][46] [3][46] [3][32] [3][31] [3][19] [3][0] [2][0] [1][0] [1][5] [1][0] [0][0] 
[0][0] [0][0] [0][0] [0][3] [0][0] [1][0] [1][15] [1][36] [1][46] [2][46] [2][43] [2][35] [2][27] [2][13] [2][0] [3][0] [3][2] [3][0] [4][0] [4][13] [4][19] [4][20] [4][27] [4][30] [4][40] [4][46] [5][46] [6][46] [7][46] [7][39] [7][46] [8][46] [9][46] [9][22] [9][0] [8][0] [7][0] [6][0] [6][7] [6][16] [6][21] [6][16] [6][7] [6][0] [5][0] [5][2] [5][0] [4][0] [3][0] [2][0] [1][0] [0][0] [0][0] [0][0] 
[0][0] [0][0] [0][0] [0][24] [0][46] [1][46] [1][34] [1][30] [1][25] [1][30] [1][34] [1][46] [2][46] [2][25] [2][46] [3][46] [4][46] [4][30] [4][26] [4][0] [5][0] [5][10] [5][18] [5][29] [5][45] [5][46] [6][46] [7][46] [8][46] [9][46] [9][45] [9][31] [9][26] [9][31] [9][45] [9][46] [8][46] [7][46] [7][45] [7][44] [7][30] [7][18] [7][8] [7][0] [6][0] [5][0] [4][0] [3][0] [3][16] [3][18] [3][16] [3][0] [2][0] [1][0] [0][0] 
[0][0] [0][0] [0][0] [0][4] [0][6] [0][15] [0][6] [0][4] [0][0] [1][0] [1][17] [1][25] [1][32] [1][46] [2][46] [3][46] [3][28] [3][26] [3][28] [3][46] [4][46] [5][46] [5][42] [5][46] [6][46] [7][46] [8][46] [8][38] [8][31] [8][38] [8][46] [9][46] [9][32] [9][14] [9][0] [8][0] [7][0] [7][4] [7][18] [7][24] [7][27] [7][29] [7][27] [7][24] [7][18] [7][4] [7][0] [6][0] [5][0] [5][9] [5][0] [4][0] [4][17] [4][0] [3][0] [3][1] [3][0] [2][0] [2][5] [2][6] [2][5] [2][0] [1][0] [0][0] [0][0] [0][0] 
[0][0] [0][0] [0][0] [0][15] [0][19] [0][30] [0][39] [0][46] [1][46] [1][25] [1][46] [2][46] [2][29] [2][18] [2][0] [3][0] [3][18] [3][24] [3][46] [4][46] [5][46] [5][45] [5][26] [5][45] [5][46] [6][46] [6][30] [6][46] [7][46] [7][39] [7][46] [8][46] [8][43] [8][39] [8][43] [8][46] [9][46] [9][21] [9][0] [8][0] [7][0] [7][3] [7][6] [7][11] [7][6] [7][3] [7][0] [6][0] [6][8] [6][0] [5][0] [4][0] [4][3] [4][15] [4][20] [4][15] [4][3] [4][0] [3][0] [2][0] [1][0] [1][1] [1][0] [0][0] 
[0][0] [0][0] [0][0] [1][0] [1][6] [1][22] [1][6] [1][0] [2][0] [2][22] [2][0] [3][0] [3][22] [3][0] [4][0] [4][4] [4][8] [4][13] [4][33] [4][46] [5][46] [5][41] [5][46] [6][46] [6][41] [6][37] [6][24] [6][8] [6][0] [7][0] [7][6] [7][23] [7][46] [8][46] [9][46] [9][44] [9][46] [8][46] [8][22] [8][3] [8][0] [9][0] [9][2] [9][9] [9][2] [9][0] [8][0] [7][0] [6][0] [5][0] [5][1] [5][9] [5][13] [5][9] [5][1] [5][0] [4][0] [3][0] [2][0] [1][0] [0][0] [0][0] [0][0] 
[0][0] [0][0] [0][0] [0][20] [0][40] [0][46] [1][46] [2][46] [2][28] [2][27] [2][16] [2][2] [2][0] [3][0] [3][1] [3][0] [4][0] [5][0] [5][16] [5][38] [5][46] [4][46] [4][32] [4][31] [4][32] [4][46] [5][46] [6][46] [6][33] [6][46] [7][46] [8][46] [9][46] [9][36] [9][46] [8][46] [8][43] [8][36] [8][25] [8][12] [8][10] [8][0] [7][0] [7][15] [7][0] [6][0] [5][0] [4][0] [3][0] [2][0] [1][0] [0][0] 
[0][0] [0][0] [0][0] [1][0] [1][28] [1][35] [1][42] [1][46] [2][46] [3][46] [3][34] [3][24] [3][11] [3][2] [3][0] [4][0] [4][8] [4][19] [4][8] [4][0] [5][0] [5][2] [5][27] [5][32] [5][46] [6][46] [7][46] [7][38] [7][46] [8][46] [8][31] [8][46] [9][46] [9][41] [9][36] [9][22] [9][16] [9][14] [9][12] [9][0] [8][0] [7][0] [6][0] [6][1] [6][11] [6][1] [6][0] [5][0] [4][0] [3][0] [2][0] [1][0] [0][0] [0][0] [0][0] 
[0][0] [0][0] [0][0] [0][9] [0][15] [0][18] [0][40] [0][43] [0][46] [1][46] [1][34] [1][25] [1][34] [1][46] [2][46] [3][46] [4][46] [5][46] [6][46] [6][38] [6][27] [6][16] [6][0] [7][0] [8][0] [8][17] [8][37] [8][39] [8][42] [8][45] [8][46] [9][46] [9][23] [9][20] [9][0] [8][0] [7][0] [6][0] [5][0] [5][11] [5][19] [5][11] [5][0] [4][0] [4][8] [4][0] [3][0] [2][0] [2][16] [2][0] [1][0] [0][0] 
[0][0] [0][0] [0][0] [1][0] [1][21] [1][36] [1][46] [2][46] [2][44] [2][46] [3][46] [3][42] [3][46] [4][46] [5][46] [5][41] [5][26] [5][15] [5][0] [6][0] [6][8] [6][29] [6][39] [6][46] [7][46] [8][46] [9][46] [9][45] [9][46] [8][46] [8][37] [8][12] [8][5] [8][0] [9][0] [9][13] [9][0] [8][0] [7][0] [6][0] [5][0] [4][0] [4][2] [4][4] [4][2] [4][0] [3][0] [3][8] [3][0] [2][0] [2][4] [2][16] [2][4] [2][0] [1][0] [0][0] [0][0] [0][0] 
[0][0] [0][0] [0][0] [0][3] [0][5] [0][18] [0][39] [0][46] [1][46] [2][46] [2][35] [2][46] [3][46] [4][46] [4][38] [4][35] [4][32] [4][35] [4][38] [4][46] [5][46] [6][46] [7][46] [7][42] [7][32] [7][17] [7][11] [7][2] [7][0] [8][0] [8][11] [8][16] [8][11] [8][0] [9][0] [9][8] [9][14] [9][8] [9][0] [8][0] [7][0] [6][0] [5][0] [5][7] [5][0] [4][0] [3][0] [3][1] [3][0] [2][0] [2][15] [2][0] [1][0] [0][0] 
[0][0] [0][0] [0][0] [0][10] [0][21] [0][23] [0][46] [1][46] [1][39] [1][46] [2][46] [3][46] [4][46] [4][43] [4][42] [4][41] [4][32] [4][41] [4][42] [4][43] [4][46] [5][46] [6][46] [6][35] [6][27] [6][12] [6][9] [6][0] [7][0] [8][0] [8][19] [8][46] [9][46] [9][33] [9][27] [9][4] [9][0] [8][0] [7][0] [6][0] [5][0] [4][0] [4][4] [4][0] [3][0] [3][8] [3][20] [3][24] [3][20] [3][8] [3][0] [2][0] [2][12] [2][0] [1][0] [0][0] 
[0][0] [0][0] [0][0] [1][0] [1][3] [1][31] [1][35] [1][46] [2][46] [2][42] [2][39] [2][36] [2][29] [2][27] [2][29] [2][36] [2][39] [2][42] [2][46] [3][46] [3][41] [3][46] [4][46] [4][38] [4][46] [5][46] [6][46] [6][36] [6][46] [7][46] [8][46] [8][32] [8][25] [8][32] [8][46] [9][46] [9][25] [9][9] [9][0] [8][0] [7][0] [7][4] [7][0] [6][0] [5][0] [5][23] [5][0] [4][0] [3][0] [3][8] [3][0] [2][0] [1][0] [0][0] [0][0] [0][0] 
