13296
468.895
/home/fflorenci/jobprp_ga/reduced_instances/henn/ran1/reduced_warehouse_62.lyt
/home/fflorenci/jobprp_ga/reduced_instances/henn/ran1/reduced_warehouse_62s-80-45-0.ord
80
45
13
340
120
1
18 22 8 14 24 9 19 17 19 22 13 24 19 23 16 14 13 15 10 17 18 11 9 12 13 20 13 19 12 13 19 8 15 19 8 19 24 7 7 23 17 22 23 9 7 5 24 9 24 18 15 23 21 19 23 7 21 20 22 10 9 14 19 14 15 7 18 21 24 23 18 13 21 13 6 24 20 21 9 8 
29
22 44 65 79 15 
43 16 78 74 31 
64 3 2 34 
28 77 45 37 
66 35 55 
63 70 26 
50 7 23 
0 5 17 
20 25 38 
19 47 62 
59 6 14 
21 67 24 
32 30 60 
61 76 18 
33 29 73 
8 71 10 
41 39 
46 53 
9 54 
57 75 
11 12 
1 13 
27 36 
72 4 
51 58 
56 69 
42 52 
48 49 
40 68 
382
434
422
438
456
458
430
466
438
456
470
486
492
414
428
476
448
464
486
488
490
478
494
474
508
484
420
482
434
[0][0] [0][0] [0][0] [0][1] [0][2] [0][20] [0][24] [0][25] [0][33] [0][34] [0][35] [0][46] [1][46] [2][46] [2][42] [2][46] [3][46] [3][43] [3][35] [3][34] [3][35] [3][43] [3][46] [4][46] [4][44] [4][43] [4][26] [4][23] [4][15] [4][11] [4][6] [4][3] [4][0] [5][0] [5][8] [5][10] [5][11] [5][12] [5][11] [5][10] [5][8] [5][0] [6][0] [6][1] [6][0] [7][0] [8][0] [8][9] [8][17] [8][28] [8][45] [8][46] [7][46] [6][46] [6][39] [6][46] [7][46] [7][44] [7][42] [7][34] [7][42] [7][44] [7][46] [8][46] [9][46] [9][36] [9][35] [9][27] [9][25] [9][14] [9][5] [9][0] [8][0] [7][0] [6][0] [5][0] [4][0] [3][0] [2][0] [2][2] [2][0] [1][0] [0][0] 
[0][0] [0][0] [0][0] [1][0] [1][18] [1][22] [1][27] [1][28] [1][46] [2][46] [2][42] [2][33] [2][29] [2][21] [2][17] [2][8] [2][0] [3][0] [3][3] [3][9] [3][11] [3][35] [3][46] [4][46] [4][44] [4][40] [4][29] [4][15] [4][7] [4][0] [5][0] [5][5] [5][15] [5][19] [5][27] [5][30] [5][34] [5][43] [5][46] [6][46] [7][46] [7][45] [7][46] [8][46] [8][43] [8][42] [8][43] [8][46] [9][46] [9][40] [9][24] [9][17] [9][12] [9][10] [9][5] [9][1] [9][0] [8][0] [8][15] [8][22] [8][15] [8][0] [7][0] [7][12] [7][0] [6][0] [5][0] [4][0] [3][0] [2][0] [1][0] [0][0] [0][0] [0][0] 
[0][0] [0][0] [0][0] [0][2] [0][5] [0][6] [0][12] [0][20] [0][35] [0][38] [0][46] [1][46] [1][31] [1][11] [1][9] [1][4] [1][0] [2][0] [2][5] [2][23] [2][29] [2][34] [2][38] [2][42] [2][43] [2][46] [3][46] [3][45] [3][42] [3][34] [3][42] [3][45] [3][46] [4][46] [4][44] [4][34] [4][44] [4][46] [5][46] [5][31] [5][27] [5][24] [5][23] [5][22] [5][7] [5][0] [6][0] [6][7] [6][15] [6][23] [6][25] [6][33] [6][43] [6][44] [6][46] [7][46] [7][44] [7][39] [7][36] [7][27] [7][8] [7][0] [8][0] [9][0] [9][1] [9][4] [9][1] [9][0] [8][0] [7][0] [6][0] [5][0] [4][0] [3][0] [3][5] [3][0] [2][0] [1][0] [0][0] 
[0][0] [0][0] [0][0] [0][10] [0][0] [1][0] [2][0] [2][13] [2][20] [2][24] [2][27] [2][29] [2][37] [2][46] [3][46] [3][42] [3][26] [3][17] [3][12] [3][10] [3][4] [3][0] [4][0] [4][10] [4][25] [4][31] [4][46] [5][46] [6][46] [6][44] [6][37] [6][32] [6][29] [6][26] [6][21] [6][20] [6][14] [6][9] [6][0] [7][0] [7][4] [7][20] [7][29] [7][34] [7][46] [8][46] [9][46] [9][44] [9][41] [9][36] [9][27] [9][26] [9][27] [9][36] [9][41] [9][44] [9][46] [8][46] [8][39] [8][23] [8][22] [8][18] [8][17] [8][15] [8][0] [7][0] [6][0] [5][0] [5][6] [5][9] [5][10] [5][9] [5][6] [5][0] [4][0] [3][0] [2][0] [1][0] [0][0] [0][0] [0][0] 
[0][0] [0][0] [0][0] [0][13] [0][21] [0][39] [0][40] [0][46] [1][46] [1][39] [1][34] [1][27] [1][14] [1][1] [1][0] [2][0] [2][3] [2][4] [2][3] [2][0] [3][0] [3][8] [3][17] [3][21] [3][23] [3][28] [3][30] [3][31] [3][46] [4][46] [5][46] [5][44] [5][41] [5][31] [5][27] [5][18] [5][10] [5][6] [5][0] [6][0] [6][3] [6][11] [6][3] [6][0] [7][0] [7][2] [7][3] [7][17] [7][25] [7][46] [8][46] [9][46] [9][39] [9][28] [9][39] [9][46] [8][46] [8][35] [8][28] [8][22] [8][21] [8][12] [8][5] [8][0] [7][0] [6][0] [5][0] [4][0] [4][6] [4][15] [4][16] [4][15] [4][6] [4][0] [3][0] [2][0] [1][0] [0][0] 
[0][0] [0][0] [0][0] [0][18] [0][22] [0][30] [0][31] [0][39] [0][42] [0][43] [0][46] [1][46] [1][43] [1][32] [1][24] [1][23] [1][11] [1][6] [1][5] [1][0] [2][0] [2][21] [2][34] [2][41] [2][44] [2][46] [3][46] [4][46] [4][45] [4][40] [4][28] [4][40] [4][45] [4][46] [5][46] [5][43] [5][46] [6][46] [6][45] [6][26] [6][24] [6][19] [6][3] [6][0] [7][0] [7][5] [7][19] [7][33] [7][36] [7][46] [8][46] [9][46] [9][44] [9][46] [8][46] [8][29] [8][22] [8][16] [8][6] [8][4] [8][0] [7][0] [6][0] [5][0] [5][15] [5][16] [5][15] [5][0] [4][0] [4][1] [4][0] [3][0] [3][3] [3][12] [3][3] [3][0] [2][0] [1][0] [0][0] 
[0][0] [0][0] [0][0] [0][9] [0][17] [0][30] [0][32] [0][36] [0][40] [0][46] [1][46] [1][38] [1][36] [1][20] [1][6] [1][0] [2][0] [2][5] [2][11] [2][19] [2][32] [2][44] [2][46] [3][46] [3][45] [3][44] [3][38] [3][37] [3][38] [3][44] [3][45] [3][46] [4][46] [4][43] [4][36] [4][33] [4][29] [4][26] [4][20] [4][7] [4][0] [5][0] [5][2] [5][9] [5][30] [5][35] [5][42] [5][46] [6][46] [7][46] [8][46] [8][44] [8][46] [9][46] [9][28] [9][25] [9][13] [9][8] [9][6] [9][0] [8][0] [7][0] [7][17] [7][21] [7][17] [7][0] [6][0] [6][3] [6][0] [5][0] [4][0] [3][0] [3][2] [3][0] [2][0] [1][0] [0][0] 
[0][0] [0][0] [0][0] [0][4] [0][20] [0][25] [0][46] [1][46] [1][41] [1][37] [1][28] [1][23] [1][8] [1][0] [2][0] [2][2] [2][3] [2][16] [2][19] [2][20] [2][23] [2][25] [2][44] [2][46] [3][46] [3][44] [3][46] [4][46] [5][46] [5][43] [5][28] [5][43] [5][46] [6][46] [6][45] [6][39] [6][34] [6][27] [6][24] [6][27] [6][34] [6][39] [6][45] [6][46] [7][46] [7][41] [7][36] [7][41] [7][46] [8][46] [8][38] [8][31] [8][27] [8][25] [8][27] [8][31] [8][38] [8][46] [9][46] [9][43] [9][28] [9][23] [9][7] [9][1] [9][0] [8][0] [8][1] [8][2] [8][1] [8][0] [7][0] [6][0] [5][0] [4][0] [4][12] [4][0] [3][0] [3][4] [3][11] [3][16] [3][11] [3][4] [3][0] [2][0] [1][0] [0][0] 
[0][0] [0][0] [0][0] [0][1] [0][10] [0][19] [0][21] [0][24] [0][29] [0][30] [0][43] [0][46] [1][46] [1][42] [1][35] [1][28] [1][35] [1][42] [1][46] [2][46] [3][46] [4][46] [4][38] [4][26] [4][7] [4][4] [4][0] [5][0] [5][11] [5][0] [6][0] [6][17] [6][21] [6][23] [6][32] [6][34] [6][41] [6][46] [7][46] [7][42] [7][37] [7][35] [7][34] [7][27] [7][4] [7][0] [8][0] [8][3] [8][11] [8][3] [8][0] [9][0] [9][6] [9][10] [9][14] [9][16] [9][23] [9][16] [9][14] [9][10] [9][6] [9][0] [8][0] [7][0] [6][0] [5][0] [4][0] [3][0] [3][11] [3][12] [3][11] [3][0] [2][0] [2][5] [2][8] [2][10] [2][8] [2][5] [2][0] [1][0] [1][1] [1][0] [0][0] 
[0][0] [0][0] [0][0] [0][3] [0][5] [0][23] [0][5] [0][3] [0][0] [1][0] [1][7] [1][16] [1][18] [1][20] [1][24] [1][28] [1][29] [1][33] [1][46] [2][46] [2][34] [2][18] [2][16] [2][13] [2][7] [2][1] [2][0] [3][0] [4][0] [4][9] [4][12] [4][9] [4][0] [5][0] [5][17] [5][26] [5][37] [5][38] [5][46] [6][46] [6][45] [6][40] [6][35] [6][40] [6][45] [6][46] [7][46] [8][46] [8][42] [8][35] [8][42] [8][46] [9][46] [9][37] [9][33] [9][28] [9][24] [9][23] [9][22] [9][21] [9][0] [8][0] [8][6] [8][0] [7][0] [7][19] [7][21] [7][19] [7][0] [6][0] [6][1] [6][7] [6][11] [6][7] [6][1] [6][0] [5][0] [4][0] [3][0] [2][0] [1][0] [0][0] [0][0] [0][0] 
[0][0] [0][0] [0][0] [0][2] [0][6] [0][14] [0][28] [0][34] [0][38] [0][46] [1][46] [1][34] [1][19] [1][17] [1][11] [1][6] [1][0] [2][0] [2][2] [2][0] [3][0] [3][2] [3][5] [3][10] [3][22] [3][23] [3][29] [3][31] [3][46] [4][46] [4][34] [4][32] [4][28] [4][32] [4][34] [4][46] [5][46] [5][40] [5][35] [5][40] [5][46] [6][46] [6][38] [6][23] [6][19] [6][23] [6][38] [6][46] [7][46] [7][35] [7][28] [7][19] [7][18] [7][6] [7][5] [7][0] [8][0] [8][15] [8][27] [8][46] [9][46] [9][43] [9][40] [9][36] [9][25] [9][23] [9][19] [9][18] [9][11] [9][8] [9][0] [8][0] [7][0] [6][0] [5][0] [4][0] [3][0] [2][0] [1][0] [0][0] 
[0][0] [0][0] [0][0] [0][9] [0][10] [0][17] [0][19] [0][37] [0][42] [0][46] [1][46] [2][46] [2][38] [2][29] [2][38] [2][46] [3][46] [4][46] [4][39] [4][32] [4][23] [4][8] [4][0] [3][0] [3][1] [3][10] [3][1] [3][0] [4][0] [5][0] [6][0] [7][0] [7][13] [7][28] [7][34] [7][46] [8][46] [8][39] [8][34] [8][29] [8][23] [8][0] [9][0] [9][3] [9][6] [9][7] [9][13] [9][16] [9][13] [9][7] [9][6] [9][3] [9][0] [8][0] [7][0] [6][0] [6][4] [6][9] [6][14] [6][20] [6][46] [5][46] [5][34] [5][29] [5][34] [5][46] [4][46] [3][46] [2][46] [1][46] [1][41] [1][38] [1][28] [1][22] [1][18] [1][12] [1][4] [1][0] [0][0] 
[0][0] [0][0] [0][0] [0][2] [0][19] [0][20] [0][27] [0][36] [0][43] [0][46] [1][46] [1][37] [1][31] [1][37] [1][46] [2][46] [3][46] [4][46] [4][39] [4][36] [4][33] [4][36] [4][39] [4][46] [5][46] [5][36] [5][16] [5][10] [5][9] [5][1] [5][0] [6][0] [7][0] [7][7] [7][0] [8][0] [8][2] [8][10] [8][20] [8][29] [8][40] [8][46] [7][46] [7][38] [7][35] [7][38] [7][46] [8][46] [9][46] [9][44] [9][37] [9][28] [9][8] [9][0] [8][0] [7][0] [6][0] [6][11] [6][12] [6][20] [6][40] [6][46] [5][46] [4][46] [3][46] [3][31] [3][28] [3][24] [3][7] [3][0] [2][0] [2][8] [2][11] [2][15] [2][11] [2][8] [2][0] [1][0] [1][3] [1][0] [0][0] 
[0][0] [0][0] [0][0] [0][14] [0][15] [0][25] [0][34] [0][40] [0][44] [0][46] [1][46] [1][39] [1][35] [1][34] [1][28] [1][34] [1][35] [1][39] [1][46] [2][46] [2][42] [2][46] [3][46] [3][42] [3][41] [3][42] [3][46] [4][46] [5][46] [5][29] [5][25] [5][19] [5][15] [5][11] [5][9] [5][8] [5][0] [6][0] [6][8] [6][10] [6][18] [6][39] [6][40] [6][46] [7][46] [7][33] [7][32] [7][30] [7][32] [7][33] [7][46] [8][46] [9][46] [9][39] [9][36] [9][35] [9][25] [9][16] [9][15] [9][14] [9][3] [9][0] [8][0] [8][2] [8][3] [8][2] [8][0] [7][0] [6][0] [5][0] [4][0] [4][8] [4][0] [3][0] [2][0] [2][3] [2][12] [2][18] [2][12] [2][3] [2][0] [1][0] [1][2] [1][4] [1][2] [1][0] [0][0] 
[0][0] [0][0] [0][0] [0][15] [0][22] [0][24] [0][29] [0][36] [0][40] [0][45] [0][46] [1][46] [1][41] [1][26] [1][21] [1][20] [1][19] [1][4] [1][0] [2][0] [2][4] [2][15] [2][18] [2][21] [2][30] [2][35] [2][36] [2][46] [3][46] [3][39] [3][23] [3][15] [3][10] [3][0] [4][0] [4][3] [4][8] [4][17] [4][35] [4][37] [4][46] [5][46] [6][46] [6][27] [6][46] [7][46] [7][45] [7][46] [8][46] [9][46] [9][44] [9][40] [9][39] [9][32] [9][21] [9][15] [9][8] [9][3] [9][0] [8][0] [8][8] [8][0] [7][0] [7][2] [7][0] [6][0] [5][0] [5][6] [5][0] [4][0] [3][0] [2][0] [1][0] [0][0] 
[0][0] [0][0] [0][0] [0][20] [0][24] [0][26] [0][31] [0][39] [0][40] [0][42] [0][46] [1][46] [1][45] [1][46] [2][46] [2][39] [2][46] [3][46] [4][46] [4][41] [4][30] [4][25] [4][30] [4][41] [4][46] [5][46] [5][35] [5][27] [5][20] [5][19] [5][0] [6][0] [6][1] [6][5] [6][12] [6][28] [6][41] [6][46] [7][46] [7][36] [7][30] [7][29] [7][27] [7][22] [7][13] [7][0] [8][0] [8][17] [8][25] [8][44] [8][46] [9][46] [9][32] [9][14] [9][5] [9][3] [9][0] [8][0] [7][0] [6][0] [5][0] [4][0] [4][3] [4][0] [3][0] [3][8] [3][12] [3][16] [3][21] [3][16] [3][12] [3][8] [3][0] [2][0] [2][2] [2][6] [2][8] [2][6] [2][2] [2][0] [1][0] [0][0] 
[0][0] [0][0] [0][0] [0][7] [0][13] [0][7] [0][0] [1][0] [1][1] [1][11] [1][13] [1][14] [1][16] [1][21] [1][31] [1][32] [1][33] [1][46] [2][46] [3][46] [3][37] [3][31] [3][23] [3][14] [3][0] [4][0] [4][5] [4][16] [4][19] [4][25] [4][34] [4][36] [4][46] [5][46] [5][24] [5][22] [5][13] [5][7] [5][5] [5][0] [6][0] [6][2] [6][17] [6][18] [6][31] [6][36] [6][37] [6][46] [7][46] [8][46] [9][46] [9][42] [9][37] [9][42] [9][46] [8][46] [7][46] [7][42] [7][34] [7][31] [7][24] [7][12] [7][3] [7][0] [6][0] [5][0] [4][0] [3][0] [2][0] [2][3] [2][4] [2][9] [2][23] [2][9] [2][4] [2][3] [2][0] [1][0] [0][0] [0][0] [0][0] 
[0][0] [0][0] [0][0] [0][5] [0][26] [0][46] [1][46] [1][41] [1][37] [1][26] [1][21] [1][4] [1][1] [1][0] [2][0] [2][12] [2][16] [2][19] [2][34] [2][46] [3][46] [3][40] [3][20] [3][6] [3][0] [4][0] [4][13] [4][15] [4][32] [4][44] [4][46] [5][46] [5][39] [5][38] [5][39] [5][46] [6][46] [6][34] [6][33] [6][34] [6][46] [7][46] [7][41] [7][30] [7][28] [7][22] [7][28] [7][30] [7][41] [7][46] [8][46] [9][46] [9][39] [9][22] [9][20] [9][9] [9][5] [9][1] [9][0] [8][0] [7][0] [6][0] [5][0] [5][4] [5][5] [5][7] [5][8] [5][10] [5][8] [5][7] [5][5] [5][4] [5][0] [4][0] [3][0] [2][0] [1][0] [0][0] 
[0][0] [0][0] [0][0] [0][12] [0][19] [0][35] [0][36] [0][46] [1][46] [1][29] [1][28] [1][16] [1][14] [1][9] [1][5] [1][0] [2][0] [2][1] [2][2] [2][12] [2][16] [2][25] [2][27] [2][36] [2][42] [2][46] [3][46] [4][46] [4][34] [4][46] [5][46] [5][41] [5][36] [5][20] [5][16] [5][0] [6][0] [6][4] [6][0] [7][0] [8][0] [8][8] [8][17] [8][23] [8][28] [8][29] [8][31] [8][46] [9][46] [9][43] [9][37] [9][31] [9][21] [9][19] [9][0] [8][0] [7][0] [7][16] [7][17] [7][28] [7][29] [7][32] [7][46] [6][46] [6][42] [6][46] [5][46] [4][46] [3][46] [3][37] [3][36] [3][17] [3][10] [3][0] [2][0] [1][0] [0][0] 
[0][0] [0][0] [0][0] [0][5] [0][21] [0][5] [0][0] [1][0] [1][3] [1][12] [1][36] [1][46] [2][46] [2][44] [2][31] [2][30] [2][31] [2][44] [2][46] [3][46] [3][38] [3][33] [3][29] [3][33] [3][38] [3][46] [4][46] [4][44] [4][33] [4][44] [4][46] [5][46] [5][39] [5][34] [5][24] [5][13] [5][9] [5][0] [6][0] [6][8] [6][12] [6][14] [6][21] [6][34] [6][41] [6][46] [7][46] [7][36] [7][30] [7][27] [7][9] [7][7] [7][1] [7][0] [8][0] [8][3] [8][4] [8][11] [8][12] [8][21] [8][26] [8][40] [8][42] [8][46] [9][46] [9][41] [9][16] [9][12] [9][1] [9][0] [8][0] [7][0] [6][0] [5][0] [4][0] [3][0] [2][0] [1][0] [0][0] [0][0] [0][0] 
[0][0] [0][0] [0][0] [0][1] [0][11] [0][21] [0][33] [0][46] [1][46] [1][30] [1][29] [1][28] [1][29] [1][30] [1][46] [2][46] [2][38] [2][33] [2][24] [2][17] [2][10] [2][2] [2][0] [3][0] [3][2] [3][7] [3][11] [3][37] [3][44] [3][45] [3][46] [4][46] [4][35] [4][29] [4][15] [4][0] [5][0] [5][1] [5][5] [5][8] [5][17] [5][18] [5][28] [5][36] [5][37] [5][45] [5][46] [6][46] [7][46] [7][34] [7][25] [7][24] [7][15] [7][0] [8][0] [8][6] [8][25] [8][26] [8][46] [9][46] [9][38] [9][32] [9][24] [9][0] [8][0] [7][0] [6][0] [6][3] [6][0] [5][0] [4][0] [3][0] [2][0] [1][0] [0][0] 
[0][0] [0][0] [0][0] [0][3] [0][6] [0][19] [0][26] [0][33] [0][37] [0][46] [1][46] [1][35] [1][29] [1][28] [1][20] [1][19] [1][15] [1][14] [1][12] [1][8] [1][5] [1][0] [2][0] [2][19] [2][40] [2][46] [3][46] [3][45] [3][37] [3][45] [3][46] [4][46] [4][34] [4][25] [4][34] [4][46] [5][46] [5][41] [5][39] [5][23] [5][19] [5][16] [5][14] [5][9] [5][7] [5][2] [5][0] [6][0] [6][6] [6][25] [6][41] [6][46] [7][46] [7][43] [7][46] [8][46] [8][35] [8][25] [8][17] [8][0] [9][0] [9][7] [9][21] [9][7] [9][0] [8][0] [7][0] [7][6] [7][8] [7][6] [7][0] [6][0] [5][0] [4][0] [3][0] [2][0] [1][0] [0][0] 
[0][0] [0][0] [0][0] [0][9] [0][27] [0][40] [0][42] [0][46] [1][46] [1][44] [1][38] [1][34] [1][38] [1][44] [1][46] [2][46] [2][29] [2][25] [2][0] [3][0] [3][7] [3][11] [3][22] [3][27] [3][29] [3][34] [3][46] [4][46] [4][39] [4][34] [4][31] [4][34] [4][39] [4][46] [5][46] [6][46] [6][43] [6][39] [6][27] [6][16] [6][2] [6][0] [7][0] [7][7] [7][14] [7][20] [7][23] [7][26] [7][46] [8][46] [8][43] [8][46] [9][46] [9][45] [9][36] [9][17] [9][1] [9][0] [8][0] [8][10] [8][11] [8][16] [8][11] [8][10] [8][0] [7][0] [6][0] [5][0] [5][17] [5][18] [5][19] [5][18] [5][17] [5][0] [4][0] [4][3] [4][0] [3][0] [2][0] [1][0] [1][2] [1][0] [0][0] 
[0][0] [0][0] [0][0] [0][6] [0][0] [1][0] [1][6] [1][13] [1][28] [1][34] [1][46] [2][46] [2][37] [2][23] [2][22] [2][9] [2][8] [2][3] [2][0] [3][0] [3][8] [3][10] [3][11] [3][19] [3][29] [3][35] [3][36] [3][46] [4][46] [5][46] [5][42] [5][46] [6][46] [6][45] [6][44] [6][39] [6][22] [6][16] [6][12] [6][10] [6][2] [6][0] [7][0] [7][3] [7][4] [7][6] [7][30] [7][42] [7][44] [7][46] [8][46] [9][46] [9][31] [9][17] [9][7] [9][4] [9][0] [8][0] [8][12] [8][24] [8][12] [8][0] [7][0] [6][0] [5][0] [5][3] [5][0] [4][0] [4][5] [4][18] [4][21] [4][18] [4][5] [4][0] [3][0] [2][0] [1][0] [0][0] [0][0] [0][0] 
[0][0] [0][0] [0][0] [0][20] [0][24] [0][25] [0][26] [0][30] [0][37] [0][46] [1][46] [1][35] [1][34] [1][29] [1][21] [1][16] [1][0] [2][0] [2][7] [2][9] [2][18] [2][39] [2][46] [3][46] [3][45] [3][46] [4][46] [4][40] [4][28] [4][8] [4][7] [4][0] [5][0] [5][1] [5][0] [6][0] [6][20] [6][27] [6][44] [6][45] [6][46] [5][46] [5][41] [5][37] [5][41] [5][46] [6][46] [7][46] [7][45] [7][26] [7][19] [7][6] [7][0] [8][0] [8][21] [8][29] [8][35] [8][42] [8][45] [8][46] [9][46] [9][33] [9][32] [9][24] [9][21] [9][10] [9][0] [8][0] [7][0] [6][0] [5][0] [4][0] [3][0] [3][4] [3][5] [3][16] [3][5] [3][4] [3][0] [2][0] [1][0] [0][0] 
[0][0] [0][0] [0][0] [0][11] [0][0] [1][0] [1][20] [1][24] [1][25] [1][37] [1][46] [0][46] [0][43] [0][46] [1][46] [2][46] [3][46] [3][32] [3][26] [3][14] [3][0] [4][0] [4][12] [4][14] [4][15] [4][18] [4][39] [4][43] [4][44] [4][46] [5][46] [5][36] [5][33] [5][36] [5][46] [6][46] [6][27] [6][26] [6][25] [6][20] [6][18] [6][13] [6][0] [7][0] [7][19] [7][22] [7][27] [7][32] [7][34] [7][37] [7][41] [7][46] [8][46] [9][46] [9][44] [9][42] [9][36] [9][22] [9][0] [8][0] [8][6] [8][16] [8][6] [8][0] [7][0] [6][0] [5][0] [5][2] [5][5] [5][2] [5][0] [4][0] [3][0] [2][0] [2][7] [2][10] [2][11] [2][10] [2][7] [2][0] [1][0] [0][0] [0][0] [0][0] 
[0][0] [0][0] [0][0] [0][3] [0][22] [0][32] [0][36] [0][38] [0][46] [1][46] [2][46] [2][36] [2][23] [2][19] [2][16] [2][7] [2][6] [2][0] [3][0] [3][5] [3][22] [3][24] [3][25] [3][38] [3][46] [4][46] [4][45] [4][43] [4][45] [4][46] [5][46] [5][41] [5][40] [5][37] [5][36] [5][22] [5][9] [5][1] [5][0] [6][0] [7][0] [7][3] [7][16] [7][21] [7][32] [7][43] [7][46] [8][46] [8][41] [8][40] [8][34] [8][40] [8][41] [8][46] [9][46] [9][42] [9][28] [9][27] [9][26] [9][4] [9][2] [9][0] [8][0] [8][7] [8][0] [7][0] [6][0] [5][0] [4][0] [4][2] [4][0] [3][0] [2][0] [1][0] [1][4] [1][8] [1][4] [1][0] [0][0] 
[0][0] [0][0] [0][0] [0][4] [0][10] [0][20] [0][24] [0][28] [0][42] [0][46] [1][46] [2][46] [2][35] [2][23] [2][9] [2][1] [2][0] [3][0] [3][11] [3][12] [3][20] [3][22] [3][26] [3][31] [3][42] [3][46] [4][46] [4][40] [4][37] [4][34] [4][28] [4][23] [4][1] [4][0] [5][0] [5][19] [5][25] [5][43] [5][46] [6][46] [6][35] [6][27] [6][17] [6][12] [6][0] [7][0] [7][16] [7][19] [7][30] [7][33] [7][46] [8][46] [8][39] [8][46] [9][46] [9][45] [9][39] [9][32] [9][21] [9][11] [9][0] [8][0] [7][0] [6][0] [5][0] [4][0] [3][0] [2][0] [1][0] [1][10] [1][0] [0][0] 
[0][0] [0][0] [0][0] [0][6] [0][7] [0][13] [0][34] [0][36] [0][37] [0][38] [0][43] [0][46] [1][46] [2][46] [2][30] [2][25] [2][24] [2][17] [2][13] [2][0] [3][0] [4][0] [4][2] [4][10] [4][21] [4][24] [4][31] [4][32] [4][34] [4][46] [5][46] [6][46] [7][46] [7][40] [7][33] [7][23] [7][14] [7][13] [7][0] [8][0] [8][16] [8][22] [8][23] [8][32] [8][46] [9][46] [9][43] [9][27] [9][23] [9][21] [9][9] [9][7] [9][0] [8][0] [7][0] [6][0] [6][9] [6][20] [6][9] [6][0] [5][0] [5][2] [5][9] [5][17] [5][9] [5][2] [5][0] [4][0] [3][0] [2][0] [1][0] [0][0] 
