5298
243.269
/home/fflorenci/jobprp_ga/reduced_instances/henn/ran1/reduced_warehouse_40.lyt
/home/fflorenci/jobprp_ga/reduced_instances/henn/ran1/reduced_warehouse_40s-60-75-0.ord
60
75
21
340
120
1
8 5 8 11 17 9 10 5 17 19 23 11 5 18 17 20 9 7 14 6 16 11 6 11 9 23 21 22 5 8 6 10 23 13 23 8 9 13 16 21 16 5 15 24 19 14 24 23 14 21 8 18 22 12 7 9 11 16 8 12 
11
1 33 10 41 28 24 36 22 
30 55 57 23 12 2 9 
3 6 8 14 54 50 7 
15 31 20 53 29 17 
40 49 44 35 5 
39 42 27 0 58 
11 13 48 46 19 
16 21 25 45 4 
32 37 34 38 
43 51 52 56 
18 26 59 47 
418
450
540
482
492
508
486
456
498
494
474
[0][0] [0][0] [0][0] [0][4] [0][6] [0][7] [0][9] [0][15] [0][16] [0][23] [0][25] [0][27] [0][45] [0][46] [1][46] [2][46] [2][45] [2][43] [2][41] [2][34] [2][31] [2][21] [2][20] [2][19] [2][9] [2][7] [2][5] [2][1] [2][0] [3][0] [3][9] [3][11] [3][12] [3][13] [3][17] [3][19] [3][20] [3][29] [3][33] [3][41] [3][43] [3][46] [4][46] [5][46] [5][45] [5][37] [5][45] [5][46] [6][46] [6][40] [6][38] [6][37] [6][25] [6][18] [6][13] [6][10] [6][0] [7][0] [7][5] [7][7] [7][10] [7][17] [7][24] [7][26] [7][27] [7][31] [7][39] [7][40] [7][42] [7][46] [8][46] [9][46] [9][45] [9][43] [9][38] [9][37] [9][34] [9][21] [9][4] [9][0] [8][0] [8][1] [8][0] [7][0] [6][0] [5][0] [5][1] [5][9] [5][1] [5][0] [4][0] [4][5] [4][0] [3][0] [2][0] [1][0] [1][2] [1][6] [1][2] [1][0] [0][0] 
[0][0] [0][0] [0][0] [0][4] [0][9] [0][11] [0][17] [0][23] [0][26] [0][27] [0][31] [0][38] [0][45] [0][46] [1][46] [1][30] [1][14] [1][5] [1][3] [1][1] [1][0] [2][0] [2][1] [2][2] [2][14] [2][20] [2][24] [2][41] [2][46] [3][46] [3][43] [3][38] [3][33] [3][27] [3][15] [3][11] [3][9] [3][7] [3][6] [3][2] [3][1] [3][0] [4][0] [4][4] [4][22] [4][38] [4][39] [4][46] [5][46] [5][38] [5][36] [5][28] [5][19] [5][17] [5][12] [5][0] [6][0] [6][1] [6][5] [6][1] [6][0] [7][0] [7][5] [7][27] [7][28] [7][34] [7][35] [7][41] [7][43] [7][46] [8][46] [8][44] [8][40] [8][37] [8][17] [8][15] [8][13] [8][12] [8][7] [8][5] [8][0] [7][0] [6][0] [5][0] [4][0] [3][0] [2][0] [1][0] [0][0] 
[0][0] [0][0] [0][0] [0][1] [0][24] [0][29] [0][33] [0][38] [0][46] [1][46] [1][35] [1][28] [1][20] [1][12] [1][10] [1][7] [1][2] [1][0] [2][0] [2][2] [2][12] [2][13] [2][24] [2][31] [2][32] [2][38] [2][43] [2][46] [3][46] [3][36] [3][33] [3][22] [3][17] [3][5] [3][0] [4][0] [4][2] [4][4] [4][8] [4][12] [4][13] [4][14] [4][16] [4][20] [4][32] [4][34] [4][36] [4][46] [5][46] [5][38] [5][35] [5][30] [5][19] [5][16] [5][15] [5][13] [5][10] [5][0] [6][0] [6][8] [6][16] [6][20] [6][25] [6][33] [6][35] [6][36] [6][44] [6][46] [7][46] [7][45] [7][37] [7][36] [7][34] [7][27] [7][26] [7][14] [7][10] [7][0] [8][0] [8][2] [8][3] [8][4] [8][8] [8][19] [8][34] [8][38] [8][44] [8][46] [9][46] [9][41] [9][30] [9][23] [9][22] [9][8] [9][0] [8][0] [7][0] [6][0] [5][0] [4][0] [3][0] [2][0] [1][0] [0][0] 
[0][0] [0][0] [0][0] [0][3] [0][10] [0][12] [0][28] [0][31] [0][39] [0][43] [0][46] [1][46] [2][46] [2][45] [2][46] [3][46] [3][44] [3][37] [3][31] [3][28] [3][18] [3][2] [3][1] [3][0] [4][0] [5][0] [5][4] [5][16] [5][4] [5][0] [6][0] [6][12] [6][14] [6][20] [6][21] [6][23] [6][30] [6][40] [6][45] [6][46] [7][46] [7][43] [7][30] [7][27] [7][23] [7][20] [7][14] [7][12] [7][9] [7][0] [8][0] [8][9] [8][17] [8][19] [8][29] [8][39] [8][44] [8][46] [9][46] [9][43] [9][33] [9][32] [9][15] [9][9] [9][3] [9][0] [8][0] [7][0] [6][0] [5][0] [4][0] [4][3] [4][11] [4][18] [4][19] [4][24] [4][25] [4][32] [4][36] [4][44] [4][46] [3][46] [2][46] [1][46] [1][42] [1][41] [1][40] [1][38] [1][35] [1][25] [1][19] [1][13] [1][12] [1][10] [1][3] [1][0] [0][0] 
[0][0] [0][0] [0][0] [0][3] [0][11] [0][15] [0][18] [0][20] [0][33] [0][38] [0][42] [0][46] [1][46] [1][34] [1][29] [1][26] [1][20] [1][19] [1][17] [1][10] [1][6] [1][4] [1][0] [2][0] [2][16] [2][17] [2][22] [2][25] [2][27] [2][28] [2][32] [2][33] [2][45] [2][46] [3][46] [3][41] [3][36] [3][30] [3][24] [3][17] [3][12] [3][3] [3][0] [4][0] [4][2] [4][0] [5][0] [5][14] [5][16] [5][19] [5][28] [5][38] [5][44] [5][46] [6][46] [6][34] [6][46] [7][46] [7][44] [7][42] [7][39] [7][24] [7][18] [7][10] [7][0] [8][0] [8][10] [8][12] [8][15] [8][16] [8][18] [8][24] [8][26] [8][27] [8][28] [8][30] [8][45] [8][46] [9][46] [9][43] [9][40] [9][34] [9][23] [9][11] [9][8] [9][5] [9][2] [9][0] [8][0] [7][0] [6][0] [6][4] [6][6] [6][8] [6][6] [6][4] [6][0] [5][0] [4][0] [3][0] [2][0] [1][0] [0][0] 
[0][0] [0][0] [0][0] [0][22] [0][26] [0][28] [0][33] [0][41] [0][42] [0][46] [1][46] [2][46] [2][44] [2][42] [2][38] [2][37] [2][35] [2][33] [2][27] [2][26] [2][22] [2][14] [2][8] [2][0] [3][0] [3][2] [3][7] [3][24] [3][27] [3][36] [3][44] [3][45] [3][46] [4][46] [4][36] [4][35] [4][31] [4][29] [4][17] [4][11] [4][10] [4][8] [4][6] [4][0] [5][0] [5][5] [5][13] [5][14] [5][18] [5][27] [5][39] [5][44] [5][46] [6][46] [6][43] [6][42] [6][40] [6][35] [6][34] [6][29] [6][24] [6][17] [6][16] [6][4] [6][0] [7][0] [7][7] [7][16] [7][21] [7][26] [7][34] [7][36] [7][38] [7][39] [7][43] [7][46] [8][46] [9][46] [9][31] [9][22] [9][20] [9][13] [9][0] [8][0] [8][11] [8][16] [8][18] [8][24] [8][26] [8][28] [8][26] [8][24] [8][18] [8][16] [8][11] [8][0] [7][0] [6][0] [5][0] [4][0] [3][0] [2][0] [1][0] [1][1] [1][0] [0][0] 
[0][0] [0][0] [0][0] [0][2] [0][6] [0][17] [0][20] [0][21] [0][45] [0][46] [1][46] [1][34] [1][20] [1][19] [1][14] [1][11] [1][1] [1][0] [2][0] [2][3] [2][4] [2][9] [2][23] [2][24] [2][26] [2][42] [2][46] [3][46] [4][46] [5][46] [5][45] [5][39] [5][38] [5][34] [5][29] [5][26] [5][21] [5][14] [5][9] [5][2] [5][0] [6][0] [6][3] [6][14] [6][21] [6][26] [6][29] [6][31] [6][38] [6][39] [6][46] [7][46] [7][39] [7][38] [7][28] [7][23] [7][12] [7][11] [7][10] [7][9] [7][0] [8][0] [8][11] [8][19] [8][28] [8][34] [8][39] [8][46] [9][46] [9][39] [9][35] [9][34] [9][33] [9][27] [9][18] [9][13] [9][10] [9][9] [9][5] [9][3] [9][2] [9][1] [9][0] [8][0] [7][0] [6][0] [5][0] [4][0] [4][1] [4][5] [4][6] [4][7] [4][8] [4][7] [4][6] [4][5] [4][1] [4][0] [3][0] [3][6] [3][10] [3][6] [3][0] [2][0] [1][0] [0][0] 
[0][0] [0][0] [0][0] [0][1] [0][2] [0][4] [0][5] [0][7] [0][12] [0][37] [0][45] [0][46] [1][46] [1][42] [1][41] [1][35] [1][32] [1][29] [1][28] [1][26] [1][19] [1][17] [1][8] [1][0] [2][0] [2][2] [2][5] [2][15] [2][21] [2][22] [2][27] [2][28] [2][46] [3][46] [4][46] [4][43] [4][38] [4][29] [4][22] [4][17] [4][9] [4][5] [4][2] [4][0] [5][0] [5][2] [5][7] [5][10] [5][23] [5][39] [5][42] [5][43] [5][46] [6][46] [6][44] [6][43] [6][35] [6][33] [6][31] [6][30] [6][23] [6][22] [6][20] [6][12] [6][11] [6][0] [7][0] [7][1] [7][3] [7][1] [7][0] [8][0] [8][5] [8][27] [8][30] [8][32] [8][36] [8][46] [9][46] [9][44] [9][42] [9][25] [9][21] [9][16] [9][14] [9][11] [9][9] [9][1] [9][0] [8][0] [7][0] [6][0] [5][0] [4][0] [3][0] [2][0] [1][0] [0][0] 
[0][0] [0][0] [0][0] [0][3] [0][4] [0][5] [0][18] [0][22] [0][30] [0][31] [0][42] [0][44] [0][45] [0][46] [1][46] [2][46] [2][43] [2][37] [2][36] [2][26] [2][15] [2][9] [2][2] [2][0] [3][0] [3][12] [3][15] [3][16] [3][18] [3][21] [3][46] [4][46] [4][38] [4][37] [4][36] [4][37] [4][38] [4][46] [5][46] [5][44] [5][42] [5][41] [5][40] [5][38] [5][37] [5][34] [5][37] [5][38] [5][40] [5][41] [5][42] [5][44] [5][46] [6][46] [7][46] [7][43] [7][40] [7][32] [7][30] [7][29] [7][30] [7][32] [7][40] [7][43] [7][46] [8][46] [8][41] [8][29] [8][26] [8][16] [8][4] [8][3] [8][2] [8][0] [9][0] [9][18] [9][19] [9][20] [9][23] [9][32] [9][43] [9][46] [8][46] [7][46] [6][46] [6][44] [6][31] [6][28] [6][27] [6][23] [6][20] [6][19] [6][18] [6][16] [6][13] [6][2] [6][0] [5][0] [5][8] [5][10] [5][13] [5][10] [5][8] [5][0] [4][0] [3][0] [2][0] [1][0] [1][3] [1][5] [1][13] [1][20] [1][13] [1][5] [1][3] [1][0] [0][0] 
[0][0] [0][0] [0][0] [0][2] [0][13] [0][28] [0][29] [0][31] [0][46] [1][46] [1][43] [1][39] [1][34] [1][30] [1][13] [1][9] [1][8] [1][0] [2][0] [2][1] [2][6] [2][12] [2][17] [2][18] [2][24] [2][28] [2][33] [2][34] [2][43] [2][44] [2][46] [3][46] [3][40] [3][28] [3][15] [3][0] [4][0] [4][7] [4][13] [4][16] [4][19] [4][22] [4][27] [4][28] [4][29] [4][31] [4][44] [4][45] [4][46] [5][46] [5][44] [5][37] [5][28] [5][20] [5][18] [5][17] [5][6] [5][1] [5][0] [6][0] [6][3] [6][6] [6][7] [6][9] [6][10] [6][16] [6][21] [6][27] [6][29] [6][32] [6][43] [6][46] [7][46] [7][44] [7][43] [7][44] [7][46] [8][46] [9][46] [9][39] [9][33] [9][26] [9][25] [9][26] [9][33] [9][39] [9][46] [8][46] [8][45] [8][30] [8][27] [8][21] [8][17] [8][3] [8][0] [7][0] [6][0] [5][0] [4][0] [3][0] [2][0] [1][0] [0][0] 
[0][0] [0][0] [0][0] [0][12] [0][15] [0][16] [0][24] [0][26] [0][29] [0][30] [0][37] [0][46] [1][46] [1][42] [1][40] [1][34] [1][25] [1][11] [1][5] [1][0] [2][0] [2][2] [2][7] [2][8] [2][9] [2][10] [2][12] [2][10] [2][9] [2][8] [2][7] [2][2] [2][0] [3][0] [3][1] [3][5] [3][7] [3][16] [3][17] [3][21] [3][23] [3][33] [3][35] [3][39] [3][46] [4][46] [4][36] [4][31] [4][30] [4][20] [4][13] [4][0] [5][0] [5][3] [5][5] [5][7] [5][9] [5][10] [5][16] [5][17] [5][26] [5][27] [5][30] [5][40] [5][42] [5][46] [6][46] [7][46] [7][45] [7][44] [7][36] [7][30] [7][18] [7][10] [7][5] [7][3] [7][0] [8][0] [8][9] [8][20] [8][26] [8][35] [8][40] [8][46] [9][46] [9][44] [9][33] [9][32] [9][13] [9][9] [9][5] [9][0] [8][0] [7][0] [6][0] [5][0] [4][0] [3][0] [2][0] [1][0] [0][0] 
