13938
629.452
/home/fflorenci/jobprp_ga/reduced_instances/henn/ran1/reduced_warehouse_70.lyt
/home/fflorenci/jobprp_ga/reduced_instances/henn/ran1/reduced_warehouse_70s-100-45-0.ord
100
45
15
340
120
1
15 15 17 18 15 7 17 6 5 21 10 14 5 23 19 22 13 15 12 6 9 15 11 15 20 9 9 9 6 19 24 7 10 16 20 9 10 8 17 8 12 7 6 14 12 15 6 13 7 12 5 22 6 8 15 19 11 22 19 10 15 16 14 19 9 22 6 24 21 24 22 10 5 10 15 19 13 22 24 10 16 10 8 22 18 8 19 15 8 22 15 16 6 17 5 15 11 17 5 11 
31
98 25 46 66 82 94 52 
39 5 28 59 19 88 
7 20 12 0 71 
26 72 10 42 45 
49 99 8 60 
32 64 14 48 
18 74 44 50 
56 79 73 62 
54 23 53 31 
34 35 81 92 
27 80 86 
58 61 85 
91 93 40 
16 21 43 
4 17 87 
97 3 36 
2 95 96 
9 22 47 
29 33 37 
55 63 41 
1 38 76 
24 30 
77 89 
6 69 
67 11 
13 15 
57 65 
90 83 
70 84 
78 75 
51 68 
396
344
392
412
404
436
434
448
446
432
442
476
430
440
492
492
448
462
460
500
454
420
442
478
426
480
474
472
500
502
504
[0][0] [0][0] [0][0] [0][23] [0][27] [0][30] [0][39] [0][41] [0][43] [0][46] [1][46] [1][43] [1][25] [1][18] [1][13] [1][0] [2][0] [3][0] [3][11] [3][12] [3][18] [3][25] [3][26] [3][27] [3][28] [3][33] [3][43] [3][46] [4][46] [5][46] [5][44] [5][42] [5][40] [5][39] [5][37] [5][30] [5][28] [5][22] [5][20] [5][10] [5][6] [5][0] [6][0] [6][18] [6][20] [6][30] [6][36] [6][46] [7][46] [7][31] [7][21] [7][19] [7][9] [7][8] [7][5] [7][0] [8][0] [9][0] [9][8] [9][11] [9][13] [9][18] [9][13] [9][11] [9][8] [9][0] [8][0] [7][0] [6][0] [5][0] [4][0] [3][0] [2][0] [1][0] [0][0] 
[0][0] [0][0] [0][0] [0][5] [0][0] [1][0] [1][10] [1][16] [1][10] [1][0] [2][0] [2][12] [2][13] [2][17] [2][21] [2][24] [2][30] [2][34] [2][38] [2][40] [2][46] [1][46] [1][41] [1][37] [1][41] [1][46] [2][46] [3][46] [3][41] [3][40] [3][38] [3][34] [3][22] [3][15] [3][9] [3][5] [3][0] [4][0] [4][1] [4][4] [4][1] [4][0] [5][0] [5][1] [5][2] [5][7] [5][9] [5][7] [5][2] [5][1] [5][0] [6][0] [6][5] [6][13] [6][25] [6][26] [6][29] [6][44] [6][45] [6][46] [7][46] [7][36] [7][32] [7][27] [7][26] [7][14] [7][12] [7][5] [7][0] [6][0] [5][0] [4][0] [3][0] [2][0] [1][0] [0][0] [0][0] [0][0] 
[0][0] [0][0] [0][0] [0][3] [0][8] [0][23] [0][37] [0][46] [1][46] [1][44] [1][46] [2][46] [3][46] [3][44] [3][42] [3][30] [3][25] [3][22] [3][18] [3][13] [3][0] [4][0] [4][9] [4][22] [4][27] [4][28] [4][42] [4][46] [5][46] [5][41] [5][46] [6][46] [7][46] [7][37] [7][46] [8][46] [8][42] [8][40] [8][39] [8][37] [8][27] [8][25] [8][20] [8][19] [8][7] [8][1] [8][0] [9][0] [9][6] [9][8] [9][9] [9][12] [9][18] [9][31] [9][46] [8][46] [7][46] [6][46] [6][39] [6][35] [6][34] [6][33] [6][31] [6][17] [6][0] [5][0] [5][3] [5][0] [4][0] [3][0] [2][0] [1][0] [0][0] 
[0][0] [0][0] [0][0] [0][4] [0][17] [0][31] [0][32] [0][37] [0][46] [1][46] [1][44] [1][41] [1][44] [1][46] [2][46] [2][43] [2][42] [2][39] [2][31] [2][25] [2][23] [2][22] [2][21] [2][16] [2][0] [3][0] [3][1] [3][4] [3][30] [3][32] [3][46] [4][46] [4][42] [4][37] [4][28] [4][24] [4][23] [4][24] [4][28] [4][37] [4][42] [4][46] [5][46] [5][39] [5][36] [5][30] [5][22] [5][18] [5][6] [5][0] [6][0] [7][0] [7][10] [7][15] [7][19] [7][26] [7][32] [7][35] [7][46] [8][46] [9][46] [9][45] [9][35] [9][16] [9][2] [9][0] [8][0] [7][0] [6][0] [5][0] [4][0] [3][0] [2][0] [1][0] [0][0] 
[0][0] [0][0] [0][0] [1][0] [1][1] [1][18] [1][27] [1][39] [1][43] [1][46] [2][46] [3][46] [3][27] [3][26] [3][20] [3][4] [3][0] [4][0] [5][0] [5][1] [5][8] [5][17] [5][8] [5][1] [5][0] [6][0] [6][3] [6][4] [6][9] [6][14] [6][39] [6][42] [6][45] [6][46] [7][46] [7][41] [7][35] [7][30] [7][23] [7][20] [7][17] [7][15] [7][2] [7][0] [8][0] [8][5] [8][21] [8][25] [8][28] [8][44] [8][46] [9][46] [9][42] [9][36] [9][22] [9][19] [9][11] [9][10] [9][5] [9][0] [8][0] [7][0] [6][0] [5][0] [4][0] [3][0] [2][0] [2][5] [2][0] [1][0] [0][0] [0][0] [0][0] 
[0][0] [0][0] [0][0] [0][8] [0][11] [0][18] [0][32] [0][39] [0][44] [0][46] [1][46] [1][44] [1][41] [1][44] [1][46] [2][46] [3][46] [3][38] [3][36] [3][27] [3][18] [3][14] [3][13] [3][0] [4][0] [4][15] [4][25] [4][37] [4][46] [5][46] [5][32] [5][28] [5][23] [5][11] [5][9] [5][7] [5][5] [5][1] [5][0] [6][0] [7][0] [7][8] [7][0] [8][0] [8][10] [8][16] [8][21] [8][31] [8][32] [8][46] [9][46] [9][44] [9][32] [9][29] [9][13] [9][1] [9][0] [8][0] [7][0] [6][0] [5][0] [4][0] [3][0] [2][0] [2][6] [2][0] [1][0] [1][1] [1][7] [1][8] [1][12] [1][17] [1][18] [1][20] [1][18] [1][17] [1][12] [1][8] [1][7] [1][1] [1][0] [0][0] 
[0][0] [0][0] [0][0] [0][2] [0][5] [0][13] [0][14] [0][13] [0][5] [0][2] [0][0] [1][0] [2][0] [3][0] [3][2] [3][6] [3][15] [3][20] [3][24] [3][35] [3][41] [3][45] [3][46] [4][46] [4][37] [4][35] [4][32] [4][19] [4][18] [4][8] [4][0] [5][0] [5][4] [5][6] [5][16] [5][19] [5][20] [5][27] [5][41] [5][46] [6][46] [6][36] [6][23] [6][18] [6][6] [6][0] [7][0] [7][5] [7][9] [7][14] [7][18] [7][25] [7][33] [7][46] [8][46] [8][35] [8][46] [9][46] [9][33] [9][30] [9][25] [9][19] [9][16] [9][0] [8][0] [8][4] [8][13] [8][4] [8][0] [7][0] [6][0] [5][0] [4][0] [3][0] [2][0] [1][0] [0][0] [0][0] [0][0] 
[0][0] [0][0] [0][0] [0][3] [0][7] [0][3] [0][0] [1][0] [1][4] [1][6] [1][20] [1][24] [1][34] [1][36] [1][46] [2][46] [2][38] [2][36] [2][27] [2][26] [2][15] [2][0] [3][0] [3][2] [3][5] [3][7] [3][22] [3][38] [3][46] [4][46] [5][46] [5][42] [5][40] [5][42] [5][46] [6][46] [6][41] [6][35] [6][15] [6][11] [6][8] [6][6] [6][5] [6][1] [6][0] [7][0] [8][0] [8][3] [8][6] [8][16] [8][23] [8][27] [8][40] [8][46] [9][46] [9][37] [9][35] [9][24] [9][12] [9][4] [9][3] [9][0] [8][0] [7][0] [6][0] [5][0] [5][11] [5][13] [5][11] [5][0] [4][0] [4][5] [4][10] [4][19] [4][10] [4][5] [4][0] [3][0] [2][0] [1][0] [0][0] [0][0] [0][0] 
[0][0] [0][0] [0][0] [0][16] [0][17] [0][28] [0][30] [0][37] [0][38] [0][46] [1][46] [1][39] [1][35] [1][33] [1][35] [1][39] [1][46] [2][46] [2][33] [2][29] [2][27] [2][25] [2][22] [2][11] [2][4] [2][0] [3][0] [3][2] [3][5] [3][15] [3][24] [3][26] [3][31] [3][34] [3][39] [3][46] [4][46] [4][41] [4][37] [4][41] [4][46] [5][46] [5][45] [5][34] [5][45] [5][46] [6][46] [6][35] [6][28] [6][21] [6][15] [6][4] [6][2] [6][0] [7][0] [7][1] [7][18] [7][45] [7][46] [8][46] [9][46] [9][38] [9][35] [9][25] [9][2] [9][0] [8][0] [8][7] [8][9] [8][7] [8][0] [7][0] [6][0] [5][0] [4][0] [4][3] [4][0] [3][0] [2][0] [1][0] [0][0] 
[0][0] [0][0] [0][0] [0][4] [0][6] [0][11] [0][12] [0][16] [0][27] [0][35] [0][43] [0][46] [1][46] [1][45] [1][46] [2][46] [2][37] [2][29] [2][37] [2][46] [3][46] [3][31] [3][15] [3][1] [3][0] [4][0] [4][1] [4][7] [4][9] [4][15] [4][18] [4][43] [4][46] [5][46] [6][46] [7][46] [7][37] [7][46] [8][46] [8][34] [8][33] [8][27] [8][16] [8][15] [8][14] [8][0] [9][0] [9][4] [9][8] [9][19] [9][32] [9][46] [8][46] [7][46] [6][46] [5][46] [5][36] [5][16] [5][11] [5][5] [5][1] [5][0] [4][0] [3][0] [2][0] [1][0] [1][2] [1][5] [1][9] [1][12] [1][9] [1][5] [1][2] [1][0] [0][0] 
[0][0] [0][0] [0][0] [0][18] [0][33] [0][39] [0][44] [0][46] [1][46] [1][40] [1][38] [1][24] [1][18] [1][15] [1][12] [1][7] [1][3] [1][0] [2][0] [2][2] [2][8] [2][16] [2][24] [2][28] [2][46] [3][46] [3][45] [3][34] [3][32] [3][23] [3][8] [3][0] [4][0] [4][9] [4][22] [4][39] [4][46] [5][46] [6][46] [6][44] [6][46] [7][46] [7][39] [7][38] [7][36] [7][31] [7][16] [7][8] [7][0] [8][0] [8][3] [8][8] [8][21] [8][24] [8][33] [8][34] [8][43] [8][46] [7][46] [6][46] [5][46] [5][40] [5][27] [5][26] [5][8] [5][0] [4][0] [3][0] [2][0] [1][0] [0][0] 
[0][0] [0][0] [0][0] [0][15] [0][21] [0][43] [0][46] [1][46] [1][35] [1][28] [1][26] [1][24] [1][14] [1][0] [2][0] [2][5] [2][9] [2][12] [2][20] [2][21] [2][20] [2][12] [2][9] [2][5] [2][0] [3][0] [3][5] [3][10] [3][5] [3][0] [4][0] [4][21] [4][24] [4][30] [4][34] [4][46] [5][46] [6][46] [6][29] [6][15] [6][4] [6][0] [7][0] [7][1] [7][3] [7][15] [7][25] [7][15] [7][3] [7][1] [7][0] [8][0] [8][14] [8][18] [8][26] [8][32] [8][36] [8][46] [9][46] [9][45] [9][37] [9][20] [9][18] [9][15] [9][8] [9][1] [9][0] [8][0] [7][0] [6][0] [5][0] [5][3] [5][0] [4][0] [3][0] [2][0] [1][0] [0][0] 
[0][0] [0][0] [0][0] [0][10] [0][17] [0][20] [0][35] [0][36] [0][39] [0][46] [1][46] [1][34] [1][31] [1][28] [1][13] [1][11] [1][7] [1][0] [2][0] [2][2] [2][4] [2][16] [2][18] [2][19] [2][26] [2][29] [2][46] [3][46] [4][46] [4][37] [4][30] [4][29] [4][22] [4][20] [4][12] [4][8] [4][0] [5][0] [5][7] [5][0] [6][0] [6][7] [6][15] [6][17] [6][26] [6][46] [7][46] [8][46] [8][43] [8][26] [8][43] [8][46] [9][46] [9][45] [9][28] [9][20] [9][17] [9][16] [9][9] [9][2] [9][1] [9][0] [8][0] [7][0] [6][0] [5][0] [4][0] [3][0] [3][7] [3][9] [3][7] [3][0] [2][0] [1][0] [0][0] 
[0][0] [0][0] [0][0] [1][0] [1][5] [1][21] [1][28] [1][42] [1][46] [2][46] [2][30] [2][46] [3][46] [3][31] [3][14] [3][0] [4][0] [4][1] [4][6] [4][7] [4][14] [4][28] [4][35] [4][36] [4][46] [5][46] [6][46] [6][42] [6][30] [6][28] [6][30] [6][42] [6][46] [7][46] [7][40] [7][38] [7][36] [7][29] [7][13] [7][7] [7][4] [7][0] [8][0] [9][0] [9][2] [9][6] [9][2] [9][0] [8][0] [8][7] [8][9] [8][14] [8][16] [8][29] [8][35] [8][45] [8][46] [7][46] [6][46] [5][46] [5][45] [5][38] [5][27] [5][22] [5][13] [5][0] [4][0] [3][0] [2][0] [2][2] [2][0] [1][0] [0][0] [0][0] [0][0] 
[0][0] [0][0] [0][0] [0][2] [0][27] [0][29] [0][33] [0][37] [0][39] [0][46] [1][46] [1][35] [1][29] [1][23] [1][0] [2][0] [2][11] [2][23] [2][29] [2][34] [2][35] [2][46] [3][46] [4][46] [4][36] [4][34] [4][36] [4][46] [5][46] [5][34] [5][17] [5][11] [5][10] [5][8] [5][5] [5][0] [6][0] [6][4] [6][8] [6][13] [6][16] [6][26] [6][46] [7][46] [7][35] [7][28] [7][35] [7][46] [8][46] [8][37] [8][24] [8][16] [8][1] [8][0] [9][0] [9][2] [9][7] [9][13] [9][18] [9][13] [9][7] [9][2] [9][0] [8][0] [7][0] [7][2] [7][4] [7][2] [7][0] [6][0] [5][0] [4][0] [3][0] [3][11] [3][16] [3][11] [3][0] [2][0] [1][0] [0][0] 
[0][0] [0][0] [0][0] [0][27] [0][29] [0][31] [0][40] [0][46] [1][46] [1][40] [1][46] [2][46] [2][44] [2][40] [2][27] [2][17] [2][2] [2][0] [3][0] [3][13] [3][23] [3][35] [3][41] [3][46] [4][46] [4][31] [4][28] [4][26] [4][25] [4][21] [4][16] [4][0] [5][0] [5][2] [5][17] [5][25] [5][26] [5][31] [5][33] [5][41] [5][46] [6][46] [6][37] [6][33] [6][27] [6][26] [6][27] [6][33] [6][37] [6][46] [7][46] [8][46] [8][42] [8][39] [8][31] [8][39] [8][42] [8][46] [7][46] [7][44] [7][35] [7][19] [7][10] [7][0] [8][0] [9][0] [9][8] [9][12] [9][13] [9][12] [9][8] [9][0] [8][0] [7][0] [6][0] [5][0] [4][0] [3][0] [2][0] [1][0] [1][8] [1][10] [1][8] [1][0] [0][0] 
[0][0] [0][0] [0][0] [1][0] [1][13] [1][15] [1][13] [1][0] [2][0] [2][13] [2][27] [2][38] [2][39] [2][46] [3][46] [3][26] [3][21] [3][19] [3][10] [3][1] [3][0] [4][0] [4][1] [4][24] [4][26] [4][28] [4][41] [4][46] [5][46] [5][44] [5][39] [5][44] [5][46] [6][46] [6][39] [6][36] [6][19] [6][16] [6][9] [6][5] [6][0] [7][0] [7][12] [7][13] [7][26] [7][32] [7][46] [8][46] [8][41] [8][40] [8][36] [8][35] [8][36] [8][40] [8][41] [8][46] [9][46] [9][42] [9][41] [9][34] [9][31] [9][19] [9][17] [9][2] [9][0] [8][0] [8][3] [8][0] [7][0] [6][0] [5][0] [5][8] [5][10] [5][8] [5][0] [4][0] [3][0] [2][0] [1][0] [0][0] [0][0] [0][0] 
[0][0] [0][0] [0][0] [0][13] [0][21] [0][36] [0][42] [0][43] [0][46] [1][46] [2][46] [2][40] [2][38] [2][33] [2][32] [2][31] [2][32] [2][33] [2][38] [2][40] [2][46] [3][46] [3][43] [3][46] [4][46] [4][43] [4][36] [4][26] [4][14] [4][12] [4][0] [5][0] [5][15] [5][19] [5][15] [5][0] [6][0] [6][4] [6][16] [6][36] [6][46] [7][46] [7][32] [7][29] [7][32] [7][46] [8][46] [9][46] [9][38] [9][35] [9][38] [9][46] [8][46] [8][43] [8][30] [8][29] [8][28] [8][26] [8][20] [8][15] [8][13] [8][10] [8][7] [8][5] [8][0] [9][0] [9][3] [9][6] [9][3] [9][0] [8][0] [7][0] [6][0] [5][0] [4][0] [3][0] [2][0] [1][0] [1][2] [1][8] [1][9] [1][17] [1][22] [1][24] [1][22] [1][17] [1][9] [1][8] [1][2] [1][0] [0][0] 
[0][0] [0][0] [0][0] [0][9] [0][16] [0][21] [0][16] [0][9] [0][0] [1][0] [1][12] [1][27] [1][31] [1][35] [1][46] [2][46] [2][44] [2][27] [2][23] [2][8] [2][0] [3][0] [3][8] [3][0] [4][0] [4][1] [4][4] [4][19] [4][22] [4][23] [4][39] [4][46] [3][46] [3][40] [3][38] [3][40] [3][46] [4][46] [5][46] [5][43] [5][40] [5][29] [5][21] [5][3] [5][0] [6][0] [6][3] [6][5] [6][10] [6][28] [6][30] [6][46] [7][46] [7][42] [7][41] [7][42] [7][46] [8][46] [8][39] [8][24] [8][22] [8][17] [8][0] [7][0] [7][6] [7][10] [7][6] [7][0] [6][0] [5][0] [4][0] [3][0] [2][0] [1][0] [0][0] [0][0] [0][0] 
[0][0] [0][0] [0][0] [0][8] [0][13] [0][16] [0][19] [0][38] [0][41] [0][46] [1][46] [1][38] [1][34] [1][29] [1][27] [1][23] [1][0] [2][0] [2][9] [2][11] [2][23] [2][46] [3][46] [3][43] [3][46] [4][46] [4][20] [4][8] [4][0] [5][0] [5][8] [5][14] [5][27] [5][33] [5][35] [5][39] [5][46] [6][46] [6][42] [6][32] [6][27] [6][23] [6][22] [6][19] [6][5] [6][0] [7][0] [7][5] [7][7] [7][5] [7][0] [8][0] [8][15] [8][18] [8][27] [8][29] [8][37] [8][46] [9][46] [9][42] [9][29] [9][14] [9][0] [8][0] [7][0] [6][0] [5][0] [4][0] [3][0] [3][6] [3][14] [3][16] [3][14] [3][6] [3][0] [2][0] [1][0] [0][0] 
[0][0] [0][0] [0][0] [0][4] [0][12] [0][24] [0][30] [0][31] [0][32] [0][46] [1][46] [1][37] [1][33] [1][23] [1][21] [1][10] [1][4] [1][0] [2][0] [2][4] [2][9] [2][22] [2][27] [2][42] [2][45] [2][46] [3][46] [4][46] [4][45] [4][32] [4][29] [4][22] [4][15] [4][5] [4][0] [5][0] [5][7] [5][12] [5][17] [5][21] [5][30] [5][31] [5][38] [5][40] [5][46] [6][46] [6][23] [6][18] [6][0] [7][0] [7][9] [7][20] [7][34] [7][35] [7][46] [8][46] [9][46] [9][45] [9][38] [9][33] [9][26] [9][16] [9][0] [8][0] [8][1] [8][2] [8][1] [8][0] [7][0] [6][0] [5][0] [4][0] [3][0] [2][0] [1][0] [0][0] 
[0][0] [0][0] [0][0] [0][5] [0][20] [0][28] [0][36] [0][37] [0][39] [0][42] [0][46] [1][46] [1][38] [1][37] [1][29] [1][19] [1][10] [1][1] [1][0] [2][0] [2][5] [2][15] [2][20] [2][24] [2][29] [2][43] [2][46] [3][46] [4][46] [4][42] [4][41] [4][42] [4][46] [5][46] [5][45] [5][41] [5][36] [5][35] [5][34] [5][25] [5][23] [5][25] [5][34] [5][35] [5][36] [5][41] [5][45] [5][46] [6][46] [7][46] [8][46] [8][37] [8][33] [8][37] [8][46] [9][46] [9][42] [9][20] [9][18] [9][13] [9][0] [8][0] [7][0] [7][9] [7][10] [7][9] [7][0] [6][0] [6][5] [6][0] [5][0] [5][1] [5][0] [4][0] [4][6] [4][0] [3][0] [3][2] [3][8] [3][14] [3][15] [3][14] [3][8] [3][2] [3][0] [2][0] [1][0] [0][0] 
[0][0] [0][0] [0][0] [1][0] [1][8] [1][10] [1][20] [1][38] [1][46] [2][46] [2][44] [2][21] [2][15] [2][6] [2][5] [2][0] [3][0] [3][1] [3][22] [3][25] [3][29] [3][42] [3][46] [4][46] [4][36] [4][35] [4][31] [4][30] [4][31] [4][35] [4][36] [4][46] [5][46] [6][46] [6][41] [6][37] [6][31] [6][28] [6][25] [6][13] [6][11] [6][8] [6][1] [6][0] [7][0] [7][1] [7][19] [7][34] [7][36] [7][41] [7][44] [7][46] [8][46] [9][46] [9][31] [9][30] [9][22] [9][30] [9][31] [9][46] [8][46] [8][42] [8][41] [8][29] [8][22] [8][12] [8][0] [7][0] [6][0] [5][0] [4][0] [4][3] [4][0] [3][0] [2][0] [1][0] [0][0] [0][0] [0][0] 
[0][0] [0][0] [0][0] [0][1] [0][6] [0][26] [0][28] [0][36] [0][43] [0][44] [0][46] [1][46] [1][34] [1][31] [1][15] [1][6] [1][0] [2][0] [2][6] [2][13] [2][23] [2][33] [2][46] [3][46] [3][30] [3][25] [3][21] [3][0] [4][0] [4][2] [4][6] [4][21] [4][25] [4][26] [4][29] [4][36] [4][46] [5][46] [5][39] [5][37] [5][36] [5][16] [5][11] [5][6] [5][0] [6][0] [6][16] [6][23] [6][28] [6][46] [7][46] [8][46] [8][45] [8][37] [8][35] [8][31] [8][0] [9][0] [9][6] [9][14] [9][15] [9][14] [9][6] [9][0] [8][0] [7][0] [6][0] [5][0] [4][0] [3][0] [2][0] [1][0] [0][0] 
[0][0] [0][0] [0][0] [0][6] [0][18] [0][23] [0][29] [0][30] [0][33] [0][39] [0][46] [1][46] [2][46] [3][46] [3][44] [3][34] [3][31] [3][27] [3][26] [3][27] [3][31] [3][34] [3][44] [3][46] [4][46] [4][30] [4][25] [4][20] [4][14] [4][10] [4][9] [4][0] [5][0] [5][6] [5][9] [5][6] [5][0] [6][0] [6][2] [6][0] [7][0] [7][4] [7][16] [7][21] [7][16] [7][4] [7][0] [8][0] [8][8] [8][10] [8][12] [8][17] [8][12] [8][10] [8][8] [8][0] [9][0] [9][9] [9][13] [9][36] [9][43] [9][46] [8][46] [7][46] [6][46] [6][35] [6][46] [5][46] [4][46] [3][46] [2][46] [1][46] [1][29] [1][14] [1][5] [1][3] [1][0] [0][0] 
[0][0] [0][0] [0][0] [0][6] [0][22] [0][39] [0][44] [0][46] [1][46] [2][46] [2][41] [2][40] [2][32] [2][40] [2][41] [2][46] [3][46] [3][44] [3][33] [3][28] [3][23] [3][0] [4][0] [5][0] [5][10] [5][22] [5][34] [5][46] [6][46] [7][46] [7][45] [7][43] [7][45] [7][46] [8][46] [8][35] [8][28] [8][21] [8][19] [8][0] [9][0] [9][3] [9][18] [9][23] [9][24] [9][29] [9][35] [9][46] [8][46] [7][46] [6][46] [6][32] [6][29] [6][25] [6][24] [6][10] [6][0] [5][0] [4][0] [4][2] [4][10] [4][16] [4][24] [4][25] [4][34] [4][35] [4][46] [3][46] [2][46] [1][46] [1][38] [1][37] [1][32] [1][20] [1][18] [1][14] [1][0] [0][0] 
[0][0] [0][0] [0][0] [0][1] [0][6] [0][15] [0][23] [0][31] [0][39] [0][41] [0][46] [1][46] [1][43] [1][38] [1][28] [1][23] [1][4] [1][2] [1][1] [1][0] [2][0] [3][0] [3][1] [3][5] [3][8] [3][21] [3][36] [3][44] [3][46] [4][46] [4][42] [4][28] [4][42] [4][46] [5][46] [5][45] [5][27] [5][14] [5][5] [5][0] [6][0] [6][14] [6][0] [7][0] [7][2] [7][12] [7][15] [7][31] [7][36] [7][42] [7][46] [8][46] [8][44] [8][39] [8][37] [8][21] [8][15] [8][14] [8][6] [8][2] [8][0] [9][0] [9][14] [9][18] [9][14] [9][0] [8][0] [7][0] [6][0] [5][0] [4][0] [4][8] [4][0] [3][0] [2][0] [1][0] [0][0] 
[0][0] [0][0] [0][0] [0][1] [0][13] [0][16] [0][24] [0][27] [0][33] [0][46] [1][46] [1][28] [1][27] [1][28] [1][46] [2][46] [3][46] [3][41] [3][22] [3][41] [3][46] [4][46] [4][44] [4][42] [4][27] [4][21] [4][17] [4][16] [4][1] [4][0] [5][0] [5][11] [5][0] [6][0] [6][6] [6][7] [6][6] [6][0] [7][0] [7][18] [7][0] [8][0] [8][3] [8][11] [8][3] [8][0] [9][0] [9][1] [9][5] [9][33] [9][46] [8][46] [8][42] [8][46] [7][46] [6][46] [6][39] [6][46] [5][46] [5][41] [5][46] [4][46] [3][46] [2][46] [2][35] [2][28] [2][26] [2][16] [2][0] [1][0] [0][0] 
[0][0] [0][0] [0][0] [0][12] [0][22] [0][39] [0][46] [1][46] [1][38] [1][20] [1][14] [1][8] [1][4] [1][2] [1][0] [2][0] [2][14] [2][25] [2][46] [3][46] [4][46] [4][38] [4][35] [4][38] [4][46] [5][46] [5][34] [5][30] [5][34] [5][46] [6][46] [6][30] [6][27] [6][26] [6][13] [6][5] [6][2] [6][0] [7][0] [8][0] [8][4] [8][12] [8][15] [8][22] [8][45] [8][46] [9][46] [9][25] [9][2] [9][0] [8][0] [7][0] [7][10] [7][13] [7][17] [7][21] [7][26] [7][28] [7][46] [6][46] [5][46] [4][46] [3][46] [3][35] [3][34] [3][27] [3][12] [3][0] [2][0] [1][0] [0][0] 
[0][0] [0][0] [0][0] [1][0] [1][5] [1][21] [1][23] [1][26] [1][41] [1][46] [0][46] [0][31] [0][29] [0][31] [0][46] [1][46] [2][46] [2][42] [2][41] [2][42] [2][46] [3][46] [3][39] [3][38] [3][32] [3][9] [3][3] [3][0] [4][0] [4][9] [4][21] [4][26] [4][27] [4][32] [4][46] [5][46] [5][37] [5][35] [5][22] [5][15] [5][14] [5][1] [5][0] [6][0] [6][11] [6][23] [6][46] [7][46] [7][38] [7][46] [8][46] [9][46] [9][27] [9][21] [9][16] [9][13] [9][7] [9][6] [9][2] [9][0] [8][0] [8][15] [8][16] [8][19] [8][16] [8][15] [8][0] [7][0] [7][10] [7][13] [7][10] [7][0] [6][0] [5][0] [4][0] [3][0] [2][0] [2][7] [2][0] [1][0] [0][0] [0][0] [0][0] 
[0][0] [0][0] [0][0] [0][2] [0][29] [0][30] [0][46] [1][46] [1][35] [1][32] [1][35] [1][46] [2][46] [2][21] [2][10] [2][9] [2][6] [2][0] [3][0] [3][14] [3][29] [3][36] [3][46] [4][46] [4][42] [4][40] [4][34] [4][32] [4][31] [4][32] [4][34] [4][40] [4][42] [4][46] [5][46] [5][43] [5][38] [5][31] [5][18] [5][10] [5][7] [5][0] [6][0] [6][5] [6][7] [6][13] [6][19] [6][25] [6][26] [6][40] [6][43] [6][46] [7][46] [7][29] [7][23] [7][15] [7][0] [8][0] [8][5] [8][24] [8][29] [8][33] [8][45] [8][46] [9][46] [9][32] [9][27] [9][5] [9][0] [8][0] [7][0] [6][0] [5][0] [4][0] [3][0] [2][0] [1][0] [0][0] 
