4312
156.535
/home/fflorenci/jobprp_ga/reduced_instances/henn/ran1/reduced_warehouse_32.lyt
/home/fflorenci/jobprp_ga/reduced_instances/henn/ran1/reduced_warehouse_32s-40-75-0.ord
40
75
6
340
120
1
7 6 17 13 23 22 7 21 10 14 5 22 10 24 17 13 13 23 23 19 9 12 18 19 5 23 18 11 11 17 15 14 15 10 17 16 19 22 8 14 
9
39 35 20 0 5 10 
37 1 19 27 8 6 
29 33 12 13 16 
14 23 22 31 24 
21 28 3 34 9 
4 2 36 30 
11 17 7 38 
32 18 25 15 
26 
472
464
510
492
484
484
518
540
348
[0][0] [0][0] [0][0] [0][8] [0][14] [0][16] [0][21] [0][27] [0][29] [0][31] [0][46] [1][46] [1][44] [1][40] [1][37] [1][36] [1][34] [1][22] [1][17] [1][14] [1][10] [1][0] [2][0] [2][10] [2][11] [2][10] [2][0] [3][0] [4][0] [4][2] [4][4] [4][6] [4][14] [4][22] [4][25] [4][27] [4][28] [4][29] [4][31] [4][35] [4][38] [4][46] [5][46] [5][42] [5][38] [5][32] [5][24] [5][23] [5][22] [5][15] [5][11] [5][10] [5][9] [5][0] [6][0] [6][1] [6][8] [6][15] [6][23] [6][34] [6][36] [6][37] [6][40] [6][46] [7][46] [7][44] [7][20] [7][9] [7][6] [7][5] [7][3] [7][2] [7][0] [8][0] [8][6] [8][10] [8][18] [8][34] [8][39] [8][41] [8][46] [9][46] [9][40] [9][39] [9][36] [9][27] [9][20] [9][11] [9][8] [9][4] [9][0] [8][0] [7][0] [6][0] [5][0] [4][0] [3][0] [2][0] [1][0] [0][0] 
[0][0] [0][0] [0][0] [0][4] [0][10] [0][11] [0][15] [0][21] [0][24] [0][28] [0][29] [0][30] [0][41] [0][46] [1][46] [1][45] [1][44] [1][45] [1][46] [2][46] [2][42] [2][36] [2][32] [2][31] [2][28] [2][21] [2][16] [2][8] [2][4] [2][3] [2][0] [3][0] [3][2] [3][6] [3][9] [3][12] [3][16] [3][33] [3][40] [3][46] [4][46] [4][37] [4][29] [4][28] [4][15] [4][13] [4][11] [4][0] [5][0] [5][6] [5][0] [6][0] [6][5] [6][20] [6][29] [6][31] [6][34] [6][39] [6][41] [6][46] [7][46] [7][40] [7][31] [7][30] [7][25] [7][13] [7][2] [7][1] [7][0] [8][0] [8][1] [8][9] [8][11] [8][12] [8][16] [8][19] [8][27] [8][39] [8][40] [8][41] [8][45] [8][46] [9][46] [9][44] [9][43] [9][33] [9][32] [9][30] [9][23] [9][22] [9][16] [9][12] [9][0] [8][0] [7][0] [6][0] [5][0] [4][0] [3][0] [2][0] [1][0] [0][0] 
[0][0] [0][0] [0][0] [0][24] [0][25] [0][28] [0][35] [0][42] [0][45] [0][46] [1][46] [1][45] [1][43] [1][45] [1][46] [2][46] [2][45] [2][30] [2][28] [2][14] [2][13] [2][12] [2][3] [2][0] [3][0] [3][1] [3][21] [3][25] [3][26] [3][27] [3][33] [3][46] [4][46] [4][42] [4][36] [4][29] [4][28] [4][22] [4][19] [4][18] [4][2] [4][0] [5][0] [5][3] [5][6] [5][8] [5][13] [5][16] [5][18] [5][21] [5][24] [5][25] [5][31] [5][35] [5][43] [5][46] [6][46] [6][35] [6][33] [6][27] [6][26] [6][20] [6][13] [6][11] [6][10] [6][0] [7][0] [7][16] [7][20] [7][21] [7][28] [7][36] [7][46] [8][46] [8][37] [8][46] [9][46] [9][41] [9][33] [9][19] [9][18] [9][11] [9][7] [9][3] [9][0] [8][0] [8][1] [8][4] [8][6] [8][13] [8][6] [8][4] [8][1] [8][0] [7][0] [6][0] [5][0] [4][0] [3][0] [2][0] [1][0] [1][7] [1][0] [0][0] 
[0][0] [0][0] [0][0] [0][2] [0][8] [0][13] [0][28] [0][34] [0][35] [0][38] [0][39] [0][46] [1][46] [1][42] [1][35] [1][29] [1][22] [1][21] [1][19] [1][14] [1][8] [1][4] [1][3] [1][0] [2][0] [2][5] [2][16] [2][23] [2][29] [2][40] [2][41] [2][45] [2][46] [3][46] [3][35] [3][33] [3][31] [3][25] [3][24] [3][21] [3][15] [3][13] [3][4] [3][0] [4][0] [4][12] [4][15] [4][25] [4][29] [4][35] [4][36] [4][46] [5][46] [5][45] [5][28] [5][26] [5][21] [5][19] [5][13] [5][6] [5][0] [6][0] [6][3] [6][11] [6][15] [6][17] [6][22] [6][38] [6][41] [6][45] [6][46] [7][46] [8][46] [9][46] [9][45] [9][37] [9][33] [9][29] [9][22] [9][18] [9][13] [9][11] [9][10] [9][9] [9][5] [9][0] [8][0] [8][6] [8][21] [8][6] [8][0] [7][0] [6][0] [5][0] [4][0] [3][0] [2][0] [1][0] [0][0] 
[0][0] [0][0] [0][0] [0][1] [0][5] [0][8] [0][26] [0][30] [0][31] [0][34] [0][39] [0][40] [0][41] [0][44] [0][46] [1][46] [1][34] [1][29] [1][28] [1][26] [1][23] [1][17] [1][13] [1][0] [2][0] [2][9] [2][13] [2][14] [2][23] [2][27] [2][29] [2][30] [2][37] [2][46] [3][46] [3][41] [3][33] [3][32] [3][26] [3][23] [3][15] [3][7] [3][6] [3][0] [4][0] [5][0] [5][8] [5][11] [5][17] [5][18] [5][19] [5][22] [5][29] [5][46] [6][46] [6][44] [6][41] [6][33] [6][24] [6][21] [6][0] [7][0] [7][5] [7][8] [7][11] [7][12] [7][26] [7][33] [7][34] [7][46] [8][46] [9][46] [9][42] [9][33] [9][31] [9][28] [9][31] [9][33] [9][42] [9][46] [8][46] [8][30] [8][28] [8][26] [8][23] [8][10] [8][7] [8][0] [7][0] [6][0] [5][0] [4][0] [3][0] [2][0] [1][0] [0][0] 
[0][0] [0][0] [0][0] [0][7] [0][8] [0][13] [0][23] [0][26] [0][38] [0][46] [1][46] [1][44] [1][40] [1][35] [1][32] [1][35] [1][40] [1][44] [1][46] [2][46] [2][42] [2][28] [2][26] [2][23] [2][22] [2][21] [2][19] [2][8] [2][0] [3][0] [3][13] [3][20] [3][22] [3][25] [3][42] [3][43] [3][46] [4][46] [4][45] [4][42] [4][41] [4][42] [4][45] [4][46] [5][46] [5][45] [5][43] [5][40] [5][39] [5][38] [5][30] [5][27] [5][21] [5][0] [6][0] [6][6] [6][8] [6][9] [6][11] [6][17] [6][28] [6][38] [6][42] [6][43] [6][46] [7][46] [7][36] [7][33] [7][25] [7][24] [7][19] [7][16] [7][15] [7][3] [7][0] [8][0] [8][5] [8][6] [8][14] [8][19] [8][23] [8][28] [8][32] [8][38] [8][41] [8][46] [9][46] [9][30] [9][24] [9][13] [9][12] [9][0] [8][0] [7][0] [6][0] [5][0] [4][0] [3][0] [2][0] [1][0] [0][0] 
[0][0] [0][0] [0][0] [0][17] [0][19] [0][25] [0][34] [0][40] [0][44] [0][46] [1][46] [1][43] [1][36] [1][35] [1][33] [1][16] [1][10] [1][6] [1][4] [1][0] [2][0] [2][4] [2][9] [2][14] [2][15] [2][25] [2][29] [2][39] [2][46] [3][46] [3][44] [3][35] [3][20] [3][18] [3][16] [3][5] [3][0] [4][0] [4][5] [4][12] [4][13] [4][21] [4][22] [4][33] [4][35] [4][46] [5][46] [5][39] [5][34] [5][33] [5][34] [5][39] [5][46] [6][46] [6][42] [6][27] [6][25] [6][27] [6][42] [6][46] [7][46] [7][42] [7][41] [7][39] [7][29] [7][21] [7][11] [7][10] [7][3] [7][0] [8][0] [8][1] [8][2] [8][6] [8][8] [8][13] [8][16] [8][21] [8][39] [8][46] [9][46] [9][40] [9][34] [9][27] [9][25] [9][1] [9][0] [8][0] [7][0] [6][0] [5][0] [5][2] [5][0] [4][0] [3][0] [2][0] [1][0] [0][0] 
[0][0] [0][0] [0][0] [0][4] [0][11] [0][13] [0][22] [0][31] [0][32] [0][36] [0][46] [1][46] [1][33] [1][20] [1][19] [1][18] [1][10] [1][8] [1][0] [2][0] [2][4] [2][5] [2][18] [2][24] [2][39] [2][46] [3][46] [3][43] [3][36] [3][28] [3][12] [3][6] [3][0] [4][0] [4][10] [4][17] [4][28] [4][37] [4][46] [5][46] [5][40] [5][37] [5][35] [5][30] [5][28] [5][24] [5][18] [5][15] [5][14] [5][11] [5][8] [5][0] [6][0] [6][11] [6][18] [6][20] [6][23] [6][30] [6][41] [6][44] [6][46] [7][46] [7][43] [7][42] [7][41] [7][37] [7][35] [7][33] [7][29] [7][10] [7][9] [7][0] [8][0] [8][2] [8][9] [8][12] [8][16] [8][17] [8][19] [8][20] [8][25] [8][27] [8][38] [8][42] [8][44] [8][46] [9][46] [9][31] [9][28] [9][18] [9][6] [9][5] [9][0] [8][0] [7][0] [6][0] [5][0] [4][0] [3][0] [2][0] [1][0] [0][0] 
[0][0] [0][0] [0][0] [0][3] [0][21] [0][46] [1][46] [1][33] [1][46] [2][46] [3][46] [3][37] [3][46] [4][46] [4][41] [4][46] [5][46] [5][39] [5][32] [5][39] [5][46] [6][46] [7][46] [7][38] [7][46] [8][46] [9][46] [9][37] [9][29] [9][14] [9][0] [8][0] [8][1] [8][0] [7][0] [7][1] [7][8] [7][14] [7][8] [7][1] [7][0] [6][0] [6][3] [6][0] [5][0] [4][0] [4][1] [4][0] [3][0] [2][0] [2][21] [2][0] [1][0] [0][0] 
