20390
652.736
/home/fflorenci/jobprp_ga/reduced_instances/henn/ran1/reduced_warehouse_69.lyt
/home/fflorenci/jobprp_ga/reduced_instances/henn/ran1/reduced_warehouse_69s-100-30-0.ord
100
30
7
340
120
1
8 20 5 15 15 11 13 14 11 20 8 14 11 17 13 10 20 7 23 20 17 12 7 11 16 24 12 22 6 7 21 18 9 17 12 6 19 24 7 10 23 5 8 24 18 5 5 18 12 19 7 12 23 23 6 14 7 20 10 17 9 4 16 17 20 17 8 19 7 9 18 5 22 14 22 6 11 20 8 12 24 24 12 17 10 9 19 8 22 20 6 16 5 16 22 8 8 23 19 15 
50
78 61 17 90 46 
71 41 45 2 85 
58 56 79 
20 92 35 
50 14 69 
65 29 75 
74 10 
27 66 
1 32 
3 4 
23 86 
9 0 
63 6 
11 99 
36 12 
89 84 
62 73 
21 24 
82 13 
49 76 
67 5 
19 60 
55 93 
64 39 
70 34 
48 83 
57 95 
98 42 
18 38 
33 51 
91 7 
97 22 
26 44 
40 68 
80 54 
16 15 
94 87 
31 8 
88 96 
81 28 
59 
77 
47 
43 
30 
72 
53 
52 
37 
25 
412
338
350
396
408
412
396
450
374
412
468
406
436
460
396
446
426
390
392
430
452
360
426
382
452
388
418
396
410
440
396
426
406
430
450
522
428
402
412
412
352
358
348
360
378
388
384
394
420
402
[0][0] [0][0] [0][0] [0][11] [0][22] [0][40] [0][46] [1][46] [2][46] [2][31] [2][27] [2][21] [2][17] [2][0] [3][0] [3][6] [3][11] [3][16] [3][27] [3][28] [3][46] [4][46] [5][46] [5][44] [5][46] [6][46] [6][43] [6][27] [6][43] [6][46] [7][46] [7][38] [7][46] [8][46] [8][41] [8][19] [8][16] [8][0] [9][0] [9][8] [9][29] [9][35] [9][46] [8][46] [7][46] [6][46] [5][46] [4][46] [4][39] [4][33] [4][32] [4][30] [4][23] [4][21] [4][13] [4][0] [3][0] [2][0] [1][0] [0][0] 
[0][0] [0][0] [0][0] [0][12] [0][14] [0][15] [0][20] [0][33] [0][46] [1][46] [2][46] [3][46] [3][40] [3][46] [4][46] [5][46] [5][45] [5][46] [6][46] [6][31] [6][30] [6][25] [6][12] [6][11] [6][10] [6][3] [6][2] [6][0] [5][0] [5][2] [5][10] [5][2] [5][0] [6][0] [7][0] [8][0] [8][8] [8][17] [8][34] [8][36] [8][46] [7][46] [6][46] [5][46] [4][46] [3][46] [2][46] [1][46] [1][37] [1][27] [1][26] [1][20] [1][16] [1][0] [2][0] [2][5] [2][14] [2][5] [2][0] [1][0] [0][0] 
[0][0] [0][0] [0][0] [0][2] [0][21] [0][2] [0][0] [1][0] [2][0] [3][0] [3][4] [3][15] [3][22] [3][26] [3][28] [3][42] [3][46] [4][46] [4][43] [4][37] [4][24] [4][20] [4][14] [4][11] [4][0] [5][0] [5][9] [5][13] [5][9] [5][0] [6][0] [6][18] [6][20] [6][23] [6][24] [6][26] [6][46] [7][46] [8][46] [9][46] [9][42] [9][39] [9][42] [9][46] [8][46] [8][22] [8][17] [8][15] [8][8] [8][4] [8][0] [7][0] [6][0] [5][0] [4][0] [3][0] [2][0] [1][0] [0][0] [0][0] [0][0] 
[0][0] [0][0] [0][0] [0][24] [0][35] [0][46] [1][46] [1][45] [1][40] [1][30] [1][27] [1][26] [1][9] [1][0] [2][0] [2][13] [2][0] [3][0] [4][0] [4][3] [4][0] [5][0] [5][20] [5][29] [5][34] [5][46] [4][46] [4][43] [4][46] [5][46] [6][46] [6][45] [6][44] [6][42] [6][25] [6][2] [6][0] [7][0] [7][2] [7][11] [7][22] [7][26] [7][38] [7][46] [8][46] [8][30] [8][24] [8][17] [8][5] [8][0] [7][0] [6][0] [5][0] [4][0] [3][0] [2][0] [1][0] [0][0] 
[0][0] [0][0] [0][0] [0][9] [0][0] [1][0] [1][14] [1][18] [1][32] [1][46] [2][46] [3][46] [3][24] [3][19] [3][11] [3][8] [3][4] [3][0] [4][0] [4][8] [4][10] [4][13] [4][25] [4][46] [5][46] [5][28] [5][23] [5][6] [5][0] [6][0] [6][7] [6][18] [6][20] [6][25] [6][30] [6][34] [6][46] [7][46] [7][40] [7][46] [8][46] [9][46] [9][36] [9][27] [9][19] [9][13] [9][0] [8][0] [7][0] [7][10] [7][0] [6][0] [5][0] [4][0] [3][0] [2][0] [1][0] [0][0] [0][0] [0][0] 
[0][0] [0][0] [0][0] [1][0] [1][17] [1][25] [1][46] [0][46] [0][41] [0][46] [1][46] [2][46] [3][46] [4][46] [4][45] [4][46] [5][46] [5][39] [5][33] [5][10] [5][0] [6][0] [6][18] [6][19] [6][30] [6][46] [7][46] [7][43] [7][37] [7][43] [7][46] [8][46] [9][46] [9][38] [9][33] [9][23] [9][10] [9][1] [9][0] [8][0] [8][1] [8][5] [8][10] [8][5] [8][1] [8][0] [7][0] [7][6] [7][0] [6][0] [5][0] [4][0] [4][2] [4][0] [3][0] [3][13] [3][19] [3][28] [3][31] [3][28] [3][19] [3][13] [3][0] [2][0] [2][2] [2][5] [2][2] [2][0] [1][0] [0][0] [0][0] [0][0] 
[0][0] [0][0] [0][0] [0][4] [0][16] [0][27] [0][46] [1][46] [1][41] [1][24] [1][23] [1][20] [1][4] [1][0] [2][0] [2][3] [2][13] [2][15] [2][13] [2][3] [2][0] [3][0] [3][3] [3][11] [3][16] [3][17] [3][25] [3][32] [3][41] [3][43] [3][46] [4][46] [4][40] [4][37] [4][40] [4][46] [5][46] [5][37] [5][46] [6][46] [6][38] [6][37] [6][38] [6][46] [7][46] [8][46] [9][46] [9][36] [9][46] [8][46] [8][27] [8][0] [7][0] [7][10] [7][0] [6][0] [5][0] [5][2] [5][0] [4][0] [4][2] [4][3] [4][2] [4][0] [3][0] [2][0] [1][0] [0][0] 
[0][0] [0][0] [0][0] [0][11] [0][15] [0][24] [0][39] [0][40] [0][46] [1][46] [1][26] [1][23] [1][8] [1][0] [2][0] [2][8] [2][13] [2][25] [2][44] [2][46] [3][46] [3][40] [3][35] [3][31] [3][27] [3][26] [3][0] [4][0] [4][12] [4][24] [4][26] [4][46] [5][46] [6][46] [6][45] [6][43] [6][42] [6][43] [6][45] [6][46] [7][46] [8][46] [8][35] [8][46] [9][46] [9][38] [9][36] [9][6] [9][0] [8][0] [8][5] [8][0] [7][0] [7][17] [7][0] [6][0] [6][10] [6][0] [5][0] [4][0] [3][0] [2][0] [1][0] [0][0] 
[0][0] [0][0] [0][0] [0][2] [0][19] [0][2] [0][0] [1][0] [1][24] [1][34] [1][46] [2][46] [3][46] [3][42] [3][46] [4][46] [4][43] [4][41] [4][39] [4][31] [4][30] [4][29] [4][28] [4][26] [4][9] [4][0] [5][0] [5][14] [5][24] [5][30] [5][46] [6][46] [6][44] [6][39] [6][33] [6][39] [6][44] [6][46] [7][46] [8][46] [8][40] [8][36] [8][34] [8][30] [8][13] [8][0] [9][0] [9][2] [9][3] [9][2] [9][0] [8][0] [7][0] [6][0] [5][0] [4][0] [3][0] [2][0] [2][2] [2][15] [2][2] [2][0] [1][0] [0][0] [0][0] [0][0] 
[0][0] [0][0] [0][0] [0][1] [0][13] [0][23] [0][27] [0][28] [0][31] [0][41] [0][46] [1][46] [1][43] [1][46] [2][46] [3][46] [3][40] [3][46] [4][46] [4][37] [4][22] [4][13] [4][0] [5][0] [5][17] [5][25] [5][46] [6][46] [6][31] [6][46] [7][46] [7][45] [7][46] [8][46] [9][46] [9][38] [9][35] [9][13] [9][0] [8][0] [8][1] [8][7] [8][1] [8][0] [7][0] [7][8] [7][13] [7][8] [7][0] [6][0] [5][0] [4][0] [3][0] [2][0] [2][3] [2][14] [2][15] [2][17] [2][25] [2][17] [2][15] [2][14] [2][3] [2][0] [1][0] [1][5] [1][0] [0][0] 
[0][0] [0][0] [0][0] [0][11] [0][28] [0][29] [0][46] [1][46] [1][36] [1][30] [1][17] [1][3] [1][0] [2][0] [2][18] [2][39] [2][46] [3][46] [3][44] [3][43] [3][40] [3][34] [3][40] [3][43] [3][44] [3][46] [4][46] [4][41] [4][36] [4][41] [4][46] [5][46] [6][46] [6][43] [6][36] [6][35] [6][17] [6][11] [6][3] [6][0] [7][0] [7][1] [7][16] [7][22] [7][46] [8][46] [9][46] [9][36] [9][14] [9][0] [8][0] [8][14] [8][0] [7][0] [6][0] [5][0] [5][16] [5][20] [5][16] [5][0] [4][0] [3][0] [2][0] [1][0] [0][0] 
[0][0] [0][0] [0][0] [0][2] [0][28] [0][46] [1][46] [2][46] [2][32] [2][15] [2][13] [2][0] [3][0] [3][5] [3][16] [3][5] [3][0] [4][0] [4][1] [4][0] [5][0] [5][8] [5][9] [5][11] [5][21] [5][29] [5][36] [5][41] [5][46] [6][46] [6][42] [6][46] [7][46] [7][41] [7][34] [7][30] [7][34] [7][41] [7][46] [8][46] [8][44] [8][35] [8][30] [8][6] [8][0] [9][0] [9][14] [9][16] [9][14] [9][0] [8][0] [7][0] [6][0] [6][8] [6][16] [6][8] [6][0] [5][0] [4][0] [3][0] [2][0] [1][0] [1][1] [1][0] [0][0] 
[0][0] [0][0] [0][0] [1][0] [1][11] [1][20] [1][42] [1][46] [0][46] [0][45] [0][30] [0][45] [0][46] [1][46] [2][46] [2][24] [2][8] [2][0] [3][0] [3][4] [3][14] [3][23] [3][43] [3][46] [4][46] [4][37] [4][36] [4][27] [4][21] [4][18] [4][15] [4][8] [4][2] [4][0] [5][0] [5][19] [5][24] [5][42] [5][46] [6][46] [7][46] [7][41] [7][31] [7][41] [7][46] [8][46] [8][38] [8][25] [8][21] [8][0] [7][0] [7][4] [7][8] [7][4] [7][0] [6][0] [6][1] [6][0] [5][0] [4][0] [3][0] [2][0] [1][0] [0][0] [0][0] [0][0] 
[0][0] [0][0] [0][0] [0][32] [0][33] [0][37] [0][38] [0][46] [1][46] [1][45] [1][46] [2][46] [2][29] [2][27] [2][2] [2][0] [3][0] [3][13] [3][16] [3][18] [3][28] [3][39] [3][41] [3][46] [4][46] [5][46] [5][44] [5][39] [5][44] [5][46] [6][46] [6][34] [6][46] [7][46] [7][44] [7][26] [7][44] [7][46] [8][46] [8][29] [8][25] [8][0] [9][0] [9][7] [9][0] [8][0] [7][0] [6][0] [6][6] [6][0] [5][0] [5][13] [5][0] [4][0] [4][16] [4][18] [4][16] [4][0] [3][0] [2][0] [1][0] [1][2] [1][5] [1][15] [1][5] [1][2] [1][0] [0][0] 
[0][0] [0][0] [0][0] [1][0] [1][4] [1][23] [1][25] [1][42] [1][46] [2][46] [3][46] [3][31] [3][28] [3][31] [3][46] [4][46] [4][31] [4][23] [4][12] [4][10] [4][9] [4][0] [5][0] [6][0] [6][3] [6][26] [6][27] [6][32] [6][46] [7][46] [7][39] [7][46] [8][46] [8][45] [8][28] [8][25] [8][8] [8][0] [7][0] [6][0] [5][0] [5][9] [5][11] [5][29] [5][45] [5][46] [4][46] [3][46] [2][46] [2][32] [2][31] [2][14] [2][11] [2][4] [2][0] [1][0] [0][0] [0][0] [0][0] 
[0][0] [0][0] [0][0] [0][23] [0][39] [0][46] [1][46] [2][46] [2][45] [2][46] [3][46] [3][42] [3][40] [3][42] [3][46] [4][46] [4][35] [4][31] [4][21] [4][19] [4][10] [4][7] [4][0] [5][0] [6][0] [6][1] [6][8] [6][17] [6][21] [6][35] [6][36] [6][45] [6][46] [7][46] [7][34] [7][21] [7][0] [8][0] [8][24] [8][46] [9][46] [9][25] [9][19] [9][0] [8][0] [7][0] [6][0] [5][0] [4][0] [3][0] [3][1] [3][0] [2][0] [2][8] [2][11] [2][13] [2][11] [2][8] [2][0] [1][0] [1][4] [1][14] [1][24] [1][14] [1][4] [1][0] [0][0] 
[0][0] [0][0] [0][0] [0][20] [0][24] [0][37] [0][46] [1][46] [1][40] [1][26] [1][22] [1][0] [2][0] [2][18] [2][25] [2][46] [3][46] [4][46] [4][36] [4][30] [4][10] [4][1] [4][0] [5][0] [5][4] [5][18] [5][4] [5][0] [6][0] [7][0] [7][4] [7][7] [7][13] [7][21] [7][23] [7][32] [7][40] [7][43] [7][46] [8][46] [9][46] [9][40] [9][46] [8][46] [8][42] [8][15] [8][11] [8][8] [8][3] [8][0] [7][0] [6][0] [5][0] [4][0] [3][0] [3][7] [3][10] [3][7] [3][0] [2][0] [1][0] [0][0] 
[0][0] [0][0] [0][0] [0][11] [0][33] [0][38] [0][46] [1][46] [2][46] [3][46] [4][46] [4][35] [4][32] [4][31] [4][30] [4][31] [4][32] [4][35] [4][46] [5][46] [6][46] [6][45] [6][25] [6][23] [6][12] [6][0] [7][0] [8][0] [8][5] [8][18] [8][29] [8][36] [8][38] [8][44] [8][46] [9][46] [9][36] [9][31] [9][24] [9][12] [9][0] [8][0] [7][0] [7][12] [7][17] [7][39] [7][46] [6][46] [5][46] [4][46] [3][46] [2][46] [1][46] [1][43] [1][35] [1][13] [1][2] [1][0] [0][0] 
[0][0] [0][0] [0][0] [0][3] [0][27] [0][35] [0][46] [1][46] [2][46] [2][45] [2][46] [3][46] [3][41] [3][31] [3][27] [3][20] [3][7] [3][0] [4][0] [5][0] [6][0] [6][3] [6][21] [6][26] [6][32] [6][46] [7][46] [7][39] [7][46] [8][46] [9][46] [9][43] [9][38] [9][34] [9][32] [9][21] [9][4] [9][0] [8][0] [8][11] [8][24] [8][28] [8][24] [8][11] [8][0] [7][0] [7][3] [7][0] [6][0] [5][0] [4][0] [3][0] [2][0] [2][2] [2][0] [1][0] [1][10] [1][13] [1][22] [1][13] [1][10] [1][0] [0][0] 
[0][0] [0][0] [0][0] [0][21] [0][30] [0][31] [0][41] [0][46] [1][46] [1][34] [1][32] [1][25] [1][32] [1][34] [1][46] [2][46] [3][46] [4][46] [4][44] [4][46] [5][46] [5][36] [5][17] [5][0] [6][0] [6][23] [6][25] [6][35] [6][44] [6][46] [7][46] [8][46] [9][46] [9][41] [9][32] [9][28] [9][32] [9][41] [9][46] [8][46] [8][28] [8][22] [8][19] [8][4] [8][0] [9][0] [9][1] [9][0] [8][0] [7][0] [7][4] [7][0] [6][0] [5][0] [4][0] [4][15] [4][16] [4][15] [4][0] [3][0] [3][4] [3][9] [3][15] [3][9] [3][4] [3][0] [2][0] [2][1] [2][0] [1][0] [0][0] 
[0][0] [0][0] [0][0] [0][7] [0][15] [0][17] [0][22] [0][30] [0][46] [1][46] [1][37] [1][46] [2][46] [2][35] [2][22] [2][0] [3][0] [3][7] [3][28] [3][36] [3][39] [3][46] [4][46] [4][42] [4][36] [4][12] [4][0] [5][0] [5][14] [5][0] [6][0] [6][3] [6][11] [6][25] [6][31] [6][38] [6][46] [7][46] [8][46] [8][42] [8][36] [8][33] [8][15] [8][0] [9][0] [9][9] [9][11] [9][9] [9][0] [8][0] [7][0] [7][13] [7][0] [6][0] [5][0] [4][0] [3][0] [2][0] [1][0] [0][0] 
[0][0] [0][0] [0][0] [0][17] [0][25] [0][26] [0][46] [1][46] [2][46] [2][44] [2][42] [2][44] [2][46] [3][46] [3][41] [3][35] [3][25] [3][23] [3][25] [3][35] [3][41] [3][46] [4][46] [4][38] [4][46] [5][46] [6][46] [6][40] [6][38] [6][37] [6][38] [6][40] [6][46] [7][46] [8][46] [8][36] [8][34] [8][36] [8][46] [9][46] [9][26] [9][25] [9][13] [9][7] [9][2] [9][0] [8][0] [8][3] [8][4] [8][3] [8][0] [7][0] [7][17] [7][23] [7][17] [7][0] [6][0] [5][0] [5][1] [5][0] [4][0] [4][7] [4][0] [3][0] [2][0] [2][3] [2][0] [1][0] [1][1] [1][0] [0][0] 
[0][0] [0][0] [0][0] [0][1] [0][11] [0][1] [0][0] [1][0] [1][15] [1][17] [1][41] [1][44] [1][46] [0][46] [0][45] [0][43] [0][45] [0][46] [1][46] [2][46] [2][36] [2][46] [3][46] [3][40] [3][39] [3][40] [3][46] [4][46] [4][43] [4][29] [4][19] [4][0] [5][0] [6][0] [6][16] [6][32] [6][44] [6][46] [7][46] [7][27] [7][7] [7][3] [7][0] [8][0] [8][2] [8][14] [8][2] [8][0] [9][0] [9][5] [9][6] [9][7] [9][21] [9][22] [9][21] [9][7] [9][6] [9][5] [9][0] [8][0] [7][0] [6][0] [5][0] [4][0] [3][0] [3][7] [3][0] [2][0] [2][2] [2][0] [1][0] [0][0] [0][0] [0][0] 
[0][0] [0][0] [0][0] [0][2] [0][0] [1][0] [1][4] [1][22] [1][24] [1][46] [2][46] [2][34] [2][21] [2][7] [2][0] [3][0] [3][6] [3][8] [3][6] [3][0] [4][0] [4][6] [4][17] [4][32] [4][42] [4][46] [5][46] [5][43] [5][46] [6][46] [6][41] [6][46] [7][46] [8][46] [8][45] [8][42] [8][45] [8][46] [9][46] [9][42] [9][36] [9][22] [9][21] [9][9] [9][2] [9][0] [8][0] [8][3] [8][5] [8][12] [8][20] [8][22] [8][20] [8][12] [8][5] [8][3] [8][0] [7][0] [7][15] [7][0] [6][0] [5][0] [4][0] [3][0] [2][0] [1][0] [0][0] [0][0] [0][0] 
[0][0] [0][0] [0][0] [0][1] [0][29] [0][46] [1][46] [2][46] [2][41] [2][46] [3][46] [3][31] [3][25] [3][14] [3][0] [4][0] [5][0] [5][20] [5][21] [5][30] [5][41] [5][46] [6][46] [6][42] [6][39] [6][35] [6][27] [6][35] [6][39] [6][42] [6][46] [7][46] [8][46] [8][38] [8][36] [8][32] [8][31] [8][32] [8][36] [8][38] [8][46] [7][46] [7][38] [7][24] [7][11] [7][9] [7][6] [7][0] [8][0] [9][0] [9][5] [9][0] [8][0] [7][0] [6][0] [5][0] [4][0] [4][20] [4][27] [4][46] [3][46] [2][46] [1][46] [1][43] [1][19] [1][11] [1][0] [0][0] 
[0][0] [0][0] [0][0] [0][15] [0][23] [0][46] [1][46] [1][45] [1][33] [1][29] [1][17] [1][15] [1][5] [1][0] [2][0] [2][12] [2][27] [2][40] [2][46] [3][46] [3][45] [3][39] [3][37] [3][39] [3][45] [3][46] [4][46] [4][20] [4][17] [4][16] [4][0] [5][0] [6][0] [6][3] [6][15] [6][28] [6][33] [6][40] [6][42] [6][46] [7][46] [7][43] [7][46] [8][46] [8][41] [8][46] [9][46] [9][39] [9][27] [9][2] [9][0] [8][0] [7][0] [6][0] [5][0] [4][0] [3][0] [2][0] [1][0] [0][0] 
[0][0] [0][0] [0][0] [0][10] [0][0] [1][0] [2][0] [2][4] [2][25] [2][29] [2][35] [2][46] [1][46] [1][42] [1][35] [1][42] [1][46] [2][46] [3][46] [3][31] [3][24] [3][22] [3][15] [3][8] [3][7] [3][0] [4][0] [5][0] [5][4] [5][14] [5][22] [5][46] [6][46] [6][27] [6][26] [6][27] [6][46] [7][46] [8][46] [8][43] [8][35] [8][32] [8][15] [8][0] [9][0] [9][13] [9][16] [9][17] [9][16] [9][13] [9][0] [8][0] [7][0] [7][8] [7][13] [7][8] [7][0] [6][0] [5][0] [4][0] [3][0] [2][0] [1][0] [0][0] [0][0] [0][0] 
[0][0] [0][0] [0][0] [0][2] [0][9] [0][18] [0][30] [0][37] [0][46] [1][46] [1][37] [1][27] [1][37] [1][46] [2][46] [3][46] [4][46] [4][40] [4][33] [4][30] [4][33] [4][40] [4][46] [5][46] [5][37] [5][29] [5][28] [5][9] [5][0] [6][0] [7][0] [8][0] [9][0] [9][5] [9][15] [9][32] [9][46] [8][46] [7][46] [6][46] [6][35] [6][32] [6][28] [6][21] [6][28] [6][32] [6][35] [6][46] [5][46] [4][46] [3][46] [3][42] [3][29] [3][18] [3][0] [2][0] [2][5] [2][6] [2][5] [2][0] [1][0] [0][0] 
[0][0] [0][0] [0][0] [0][12] [0][27] [0][37] [0][45] [0][46] [1][46] [1][35] [1][46] [2][46] [3][46] [3][34] [3][28] [3][34] [3][46] [4][46] [4][35] [4][29] [4][35] [4][46] [5][46] [5][41] [5][32] [5][26] [5][24] [5][19] [5][11] [5][3] [5][0] [6][0] [7][0] [7][10] [7][0] [8][0] [8][4] [8][14] [8][38] [8][42] [8][46] [9][46] [9][38] [9][37] [9][38] [9][46] [8][46] [7][46] [6][46] [5][46] [4][46] [3][46] [2][46] [2][45] [2][37] [2][25] [2][20] [2][12] [2][0] [3][0] [3][4] [3][0] [2][0] [1][0] [0][0] 
[0][0] [0][0] [0][0] [0][7] [0][22] [0][29] [0][35] [0][37] [0][44] [0][46] [1][46] [2][46] [2][35] [2][34] [2][35] [2][46] [3][46] [3][31] [3][17] [3][0] [4][0] [4][7] [4][0] [5][0] [5][2] [5][9] [5][19] [5][31] [5][46] [6][46] [7][46] [7][41] [7][46] [8][46] [8][31] [8][25] [8][31] [8][46] [9][46] [9][32] [9][14] [9][13] [9][11] [9][0] [8][0] [7][0] [7][2] [7][0] [6][0] [6][5] [6][18] [6][5] [6][0] [5][0] [4][0] [3][0] [2][0] [1][0] [1][3] [1][20] [1][23] [1][20] [1][3] [1][0] [0][0] 
[0][0] [0][0] [0][0] [1][0] [2][0] [2][6] [2][23] [2][25] [2][26] [2][46] [3][46] [3][39] [3][35] [3][20] [3][19] [3][0] [4][0] [4][3] [4][8] [4][18] [4][29] [4][37] [4][46] [5][46] [5][40] [5][46] [6][46] [7][46] [7][37] [7][46] [8][46] [8][43] [8][40] [8][27] [8][23] [8][0] [9][0] [9][15] [9][16] [9][27] [9][40] [9][46] [8][46] [7][46] [6][46] [6][45] [6][33] [6][29] [6][28] [6][15] [6][0] [5][0] [5][5] [5][0] [4][0] [3][0] [2][0] [1][0] [0][0] [0][0] [0][0] 
[0][0] [0][0] [0][0] [0][21] [0][0] [1][0] [1][2] [1][26] [1][31] [1][38] [1][46] [2][46] [2][29] [2][46] [3][46] [3][37] [3][30] [3][22] [3][12] [3][0] [4][0] [4][6] [4][0] [5][0] [5][4] [5][18] [5][22] [5][24] [5][42] [5][46] [6][46] [7][46] [7][40] [7][34] [7][29] [7][26] [7][23] [7][26] [7][29] [7][34] [7][40] [7][46] [8][46] [8][35] [8][31] [8][20] [8][12] [8][4] [8][0] [9][0] [9][9] [9][13] [9][9] [9][0] [8][0] [7][0] [6][0] [5][0] [4][0] [3][0] [2][0] [1][0] [0][0] [0][0] [0][0] 
[0][0] [0][0] [0][0] [0][19] [0][46] [1][46] [1][43] [1][23] [1][20] [1][19] [1][0] [2][0] [2][3] [2][16] [2][18] [2][28] [2][37] [2][39] [2][42] [2][46] [3][46] [4][46] [5][46] [5][32] [5][31] [5][32] [5][46] [6][46] [6][42] [6][26] [6][22] [6][15] [6][4] [6][0] [7][0] [8][0] [8][21] [8][30] [8][36] [8][46] [9][46] [9][39] [9][13] [9][8] [9][6] [9][0] [8][0] [7][0] [6][0] [5][0] [4][0] [4][5] [4][6] [4][9] [4][6] [4][5] [4][0] [3][0] [2][0] [1][0] [0][0] 
[0][0] [0][0] [0][0] [0][26] [0][31] [0][34] [0][46] [1][46] [2][46] [3][46] [4][46] [4][40] [4][35] [4][40] [4][46] [5][46] [6][46] [6][39] [6][31] [6][21] [6][8] [6][0] [5][0] [5][14] [5][18] [5][14] [5][0] [6][0] [7][0] [7][5] [7][0] [8][0] [8][15] [8][0] [9][0] [9][2] [9][3] [9][8] [9][12] [9][15] [9][35] [9][38] [9][46] [8][46] [8][40] [8][36] [8][40] [8][46] [7][46] [7][39] [7][46] [6][46] [5][46] [4][46] [3][46] [3][45] [3][44] [3][28] [3][26] [3][12] [3][6] [3][0] [2][0] [2][12] [2][0] [1][0] [0][0] 
[0][0] [0][0] [0][0] [0][8] [0][0] [1][0] [1][6] [1][0] [2][0] [2][5] [2][0] [3][0] [3][4] [3][16] [3][19] [3][26] [3][46] [2][46] [1][46] [1][44] [1][42] [1][44] [1][46] [2][46] [2][41] [2][40] [2][37] [2][40] [2][41] [2][46] [3][46] [4][46] [4][40] [4][35] [4][11] [4][0] [5][0] [5][18] [5][20] [5][28] [5][46] [6][46] [6][43] [6][46] [7][46] [7][33] [7][25] [7][33] [7][46] [8][46] [9][46] [9][34] [9][32] [9][34] [9][46] [8][46] [8][39] [8][30] [8][7] [8][1] [8][0] [9][0] [9][3] [9][0] [8][0] [7][0] [6][0] [6][7] [6][0] [5][0] [4][0] [3][0] [2][0] [1][0] [0][0] [0][0] [0][0] 
[0][0] [0][0] [0][0] [0][6] [0][10] [0][35] [0][46] [1][46] [2][46] [2][42] [2][23] [2][17] [2][2] [2][0] [3][0] [3][13] [3][28] [3][46] [4][46] [4][30] [4][24] [4][0] [5][0] [5][8] [5][25] [5][30] [5][37] [5][46] [6][46] [6][34] [6][46] [7][46] [7][45] [7][43] [7][22] [7][19] [7][5] [7][0] [8][0] [8][3] [8][20] [8][28] [8][46] [9][46] [9][24] [9][19] [9][0] [8][0] [7][0] [6][0] [6][4] [6][0] [5][0] [4][0] [3][0] [2][0] [1][0] [1][1] [1][2] [1][22] [1][2] [1][1] [1][0] [0][0] 
[0][0] [0][0] [0][0] [0][14] [0][23] [0][41] [0][46] [1][46] [1][43] [1][46] [2][46] [2][37] [2][25] [2][21] [2][4] [2][0] [3][0] [3][5] [3][10] [3][5] [3][0] [4][0] [4][14] [4][19] [4][29] [4][38] [4][46] [3][46] [3][44] [3][40] [3][44] [3][46] [4][46] [5][46] [6][46] [6][42] [6][46] [7][46] [7][26] [7][18] [7][0] [8][0] [9][0] [9][9] [9][0] [8][0] [8][6] [8][22] [8][35] [8][46] [7][46] [6][46] [5][46] [5][44] [5][43] [5][42] [5][36] [5][34] [5][19] [5][12] [5][0] [4][0] [3][0] [2][0] [1][0] [0][0] 
[0][0] [0][0] [0][0] [0][5] [0][14] [0][15] [0][24] [0][46] [1][46] [2][46] [2][32] [2][27] [2][32] [2][46] [3][46] [4][46] [4][42] [4][38] [4][30] [4][38] [4][42] [4][46] [5][46] [5][42] [5][41] [5][22] [5][19] [5][15] [5][11] [5][6] [5][0] [6][0] [7][0] [8][0] [8][5] [8][10] [8][12] [8][10] [8][5] [8][0] [9][0] [9][1] [9][3] [9][1] [9][0] [8][0] [7][0] [7][19] [7][20] [7][37] [7][46] [8][46] [9][46] [9][40] [9][46] [8][46] [7][46] [6][46] [6][42] [6][46] [5][46] [4][46] [3][46] [3][41] [3][28] [3][22] [3][0] [2][0] [1][0] [0][0] 
[0][0] [0][0] [0][0] [1][0] [1][3] [1][13] [1][25] [1][39] [1][46] [0][46] [0][43] [0][46] [1][46] [2][46] [2][43] [2][39] [2][34] [2][21] [2][18] [2][0] [3][0] [3][3] [3][30] [3][33] [3][41] [3][44] [3][46] [4][46] [4][30] [4][19] [4][15] [4][3] [4][0] [5][0] [5][12] [5][14] [5][32] [5][46] [6][46] [7][46] [7][45] [7][46] [8][46] [8][36] [8][32] [8][30] [8][32] [8][36] [8][46] [9][46] [9][35] [9][17] [9][0] [8][0] [8][2] [8][0] [7][0] [7][2] [7][0] [6][0] [5][0] [4][0] [3][0] [2][0] [1][0] [0][0] [0][0] [0][0] 
[0][0] [0][0] [0][0] [0][10] [0][18] [0][21] [0][28] [0][29] [0][36] [0][46] [1][46] [1][35] [1][24] [1][20] [1][0] [2][0] [2][18] [2][22] [2][32] [2][41] [2][46] [3][46] [3][32] [3][27] [3][21] [3][0] [4][0] [4][7] [4][0] [5][0] [6][0] [6][12] [6][19] [6][12] [6][0] [7][0] [7][8] [7][10] [7][14] [7][16] [7][37] [7][46] [8][46] [9][46] [9][45] [9][46] [8][46] [8][43] [8][40] [8][32] [8][3] [8][2] [8][0] [7][0] [6][0] [5][0] [4][0] [3][0] [2][0] [1][0] [0][0] 
[0][0] [0][0] [0][0] [0][2] [0][25] [0][46] [1][46] [2][46] [3][46] [3][39] [3][36] [3][39] [3][46] [4][46] [5][46] [5][44] [5][46] [6][46] [6][42] [6][39] [6][42] [6][46] [7][46] [7][42] [7][18] [7][8] [7][0] [8][0] [8][13] [8][0] [7][0] [6][0] [5][0] [4][0] [4][14] [4][0] [3][0] [3][8] [3][12] [3][8] [3][0] [2][0] [2][13] [2][0] [1][0] [1][21] [1][23] [1][21] [1][0] [0][0] 
[0][0] [0][0] [0][0] [0][27] [0][28] [0][36] [0][46] [1][46] [1][41] [1][38] [1][36] [1][38] [1][41] [1][46] [2][46] [2][37] [2][32] [2][37] [2][46] [3][46] [3][45] [3][46] [4][46] [5][46] [6][46] [6][30] [6][28] [6][30] [6][46] [7][46] [8][46] [9][46] [9][27] [9][6] [9][0] [8][0] [8][5] [8][10] [8][5] [8][0] [7][0] [7][12] [7][0] [6][0] [5][0] [5][5] [5][0] [4][0] [3][0] [3][8] [3][18] [3][23] [3][18] [3][8] [3][0] [2][0] [1][0] [0][0] 
[0][0] [0][0] [0][0] [0][11] [0][31] [0][38] [0][46] [1][46] [1][31] [1][46] [2][46] [3][46] [4][46] [5][46] [6][46] [6][41] [6][46] [7][46] [7][34] [7][46] [8][46] [8][34] [8][10] [8][0] [7][0] [6][0] [6][3] [6][5] [6][3] [6][0] [5][0] [5][10] [5][15] [5][19] [5][23] [5][19] [5][15] [5][10] [5][0] [4][0] [4][19] [4][0] [3][0] [3][7] [3][9] [3][7] [3][0] [2][0] [2][4] [2][0] [1][0] [0][0] 
[0][0] [0][0] [0][0] [0][16] [0][36] [0][43] [0][46] [1][46] [1][25] [1][22] [1][3] [1][0] [2][0] [3][0] [4][0] [4][18] [4][26] [4][32] [4][37] [4][46] [5][46] [6][46] [6][45] [6][41] [6][18] [6][13] [6][9] [6][3] [6][0] [7][0] [7][21] [7][24] [7][46] [8][46] [9][46] [9][45] [9][46] [8][46] [8][37] [8][30] [8][11] [8][4] [8][1] [8][0] [7][0] [6][0] [5][0] [4][0] [3][0] [2][0] [1][0] [0][0] 
[0][0] [0][0] [0][0] [0][7] [0][0] [1][0] [1][5] [1][6] [1][31] [1][32] [1][46] [2][46] [3][46] [3][41] [3][24] [3][41] [3][46] [4][46] [4][28] [4][16] [4][10] [4][0] [5][0] [5][6] [5][0] [6][0] [7][0] [8][0] [9][0] [9][2] [9][0] [8][0] [7][0] [7][1] [7][21] [7][44] [7][46] [8][46] [9][46] [9][44] [9][46] [8][46] [7][46] [6][46] [6][41] [6][46] [5][46] [5][42] [5][46] [4][46] [3][46] [2][46] [2][33] [2][29] [2][16] [2][0] [1][0] [0][0] [0][0] [0][0] 
[0][0] [0][0] [0][0] [0][10] [0][12] [0][10] [0][0] [1][0] [1][20] [1][0] [2][0] [2][9] [2][0] [3][0] [3][2] [3][9] [3][13] [3][9] [3][2] [3][0] [4][0] [4][1] [4][2] [4][25] [4][31] [4][46] [5][46] [5][35] [5][46] [6][46] [7][46] [8][46] [8][25] [8][20] [8][2] [8][1] [8][0] [9][0] [9][19] [9][21] [9][19] [9][0] [8][0] [7][0] [6][0] [6][10] [6][14] [6][19] [6][14] [6][10] [6][0] [5][0] [4][0] [3][0] [2][0] [1][0] [0][0] [0][0] [0][0] 
[0][0] [0][0] [0][0] [0][5] [0][7] [0][9] [0][23] [0][36] [0][46] [1][46] [1][44] [1][40] [1][44] [1][46] [2][46] [2][45] [2][46] [3][46] [4][46] [4][39] [4][46] [5][46] [5][40] [5][38] [5][40] [5][46] [6][46] [7][46] [8][46] [9][46] [9][37] [9][29] [9][22] [9][17] [9][0] [8][0] [8][16] [8][22] [8][16] [8][0] [7][0] [6][0] [6][10] [6][0] [5][0] [4][0] [4][17] [4][0] [3][0] [3][6] [3][10] [3][16] [3][10] [3][6] [3][0] [2][0] [1][0] [1][19] [1][0] [0][0] 
[0][0] [0][0] [0][0] [0][12] [0][14] [0][29] [0][36] [0][41] [0][46] [1][46] [2][46] [3][46] [3][30] [3][28] [3][30] [3][46] [4][46] [4][26] [4][0] [5][0] [5][14] [5][0] [6][0] [7][0] [8][0] [8][12] [8][0] [9][0] [9][11] [9][0] [8][0] [7][0] [6][0] [6][18] [6][20] [6][29] [6][46] [5][46] [4][46] [3][46] [2][46] [2][44] [2][39] [2][31] [2][27] [2][22] [2][2] [2][1] [2][0] [1][0] [1][9] [1][0] [0][0] 
[0][0] [0][0] [0][0] [0][6] [0][39] [0][46] [1][46] [1][44] [1][46] [2][46] [2][36] [2][29] [2][36] [2][46] [3][46] [3][43] [3][36] [3][19] [3][0] [4][0] [4][7] [4][15] [4][41] [4][45] [4][46] [5][46] [5][43] [5][39] [5][43] [5][46] [6][46] [7][46] [7][42] [7][46] [8][46] [9][46] [9][40] [9][32] [9][23] [9][13] [9][0] [8][0] [8][21] [8][22] [8][21] [8][0] [7][0] [7][9] [7][0] [6][0] [6][5] [6][18] [6][5] [6][0] [5][0] [4][0] [3][0] [2][0] [1][0] [0][0] 
[0][0] [0][0] [0][0] [1][0] [1][30] [1][37] [1][38] [1][46] [2][46] [3][46] [4][46] [4][43] [4][46] [5][46] [5][43] [5][25] [5][15] [5][0] [6][0] [7][0] [7][14] [7][22] [7][23] [7][38] [7][46] [8][46] [9][46] [9][43] [9][46] [8][46] [8][20] [8][15] [8][11] [8][0] [9][0] [9][4] [9][7] [9][4] [9][0] [8][0] [7][0] [6][0] [6][13] [6][35] [6][46] [5][46] [4][46] [3][46] [3][41] [3][22] [3][1] [3][0] [2][0] [2][2] [2][5] [2][2] [2][0] [1][0] [0][0] [0][0] [0][0] 
