7412
297.26
/home/fflorenci/jobprp_ga/reduced_instances/henn/ran1/reduced_warehouse_39.lyt
/home/fflorenci/jobprp_ga/reduced_instances/henn/ran1/reduced_warehouse_39s-60-60-0.ord
60
60
11
340
120
1
19 19 15 19 15 17 14 12 8 18 12 23 6 10 14 13 21 23 12 14 10 12 13 17 22 8 15 17 19 23 17 13 5 10 8 17 20 17 16 5 21 15 19 23 12 6 6 15 23 13 21 10 20 13 11 14 20 22 20 13 
16
49 54 59 38 12 
46 58 19 51 25 
45 33 8 40 31 
6 10 34 44 7 
22 9 57 39 
2 53 26 5 
18 28 13 21 
47 48 15 32 
14 20 55 24 
50 37 0 
1 36 41 
52 42 23 
29 30 56 
4 11 16 
27 43 3 
17 35 
448
414
418
448
442
460
462
430
488
492
494
506
512
470
484
444
[0][0] [0][0] [0][0] [0][4] [0][8] [0][21] [0][27] [0][29] [0][37] [0][40] [0][44] [0][46] [1][46] [1][45] [1][43] [1][25] [1][24] [1][22] [1][21] [1][19] [1][7] [1][0] [2][0] [2][5] [2][6] [2][8] [2][20] [2][27] [2][46] [3][46] [3][24] [3][3] [3][0] [4][0] [4][2] [4][6] [4][7] [4][13] [4][18] [4][25] [4][28] [4][32] [4][39] [4][42] [4][43] [4][46] [5][46] [5][38] [5][46] [6][46] [7][46] [8][46] [8][27] [8][46] [9][46] [9][44] [9][43] [9][41] [9][38] [9][36] [9][34] [9][31] [9][30] [9][29] [9][22] [9][12] [9][4] [9][1] [9][0] [8][0] [8][6] [8][0] [7][0] [7][5] [7][6] [7][5] [7][0] [6][0] [5][0] [5][3] [5][4] [5][7] [5][4] [5][3] [5][0] [4][0] [3][0] [2][0] [1][0] [0][0] 
[0][0] [0][0] [0][0] [1][0] [1][9] [1][14] [1][17] [1][20] [1][24] [1][37] [1][38] [1][45] [1][46] [2][46] [2][45] [2][38] [2][36] [2][34] [2][15] [2][13] [2][12] [2][6] [2][3] [2][0] [3][0] [3][6] [3][14] [3][18] [3][23] [3][26] [3][28] [3][34] [3][38] [3][42] [3][46] [4][46] [5][46] [5][41] [5][27] [5][19] [5][12] [5][4] [5][2] [5][1] [5][0] [6][0] [6][5] [6][17] [6][20] [6][25] [6][29] [6][32] [6][36] [6][46] [7][46] [7][41] [7][40] [7][41] [7][46] [8][46] [8][42] [8][40] [8][27] [8][15] [8][14] [8][10] [8][7] [8][0] [9][0] [9][1] [9][4] [9][5] [9][17] [9][5] [9][4] [9][1] [9][0] [8][0] [7][0] [6][0] [5][0] [4][0] [4][2] [4][4] [4][5] [4][4] [4][2] [4][0] [3][0] [2][0] [1][0] [0][0] [0][0] [0][0] 
[0][0] [0][0] [0][0] [0][6] [0][12] [0][24] [0][35] [0][37] [0][39] [0][46] [1][46] [1][44] [1][46] [2][46] [2][40] [2][36] [2][31] [2][18] [2][9] [2][8] [2][7] [2][0] [3][0] [3][4] [3][8] [3][14] [3][15] [3][24] [3][30] [3][33] [3][37] [3][46] [4][46] [5][46] [5][45] [5][39] [5][36] [5][28] [5][26] [5][18] [5][17] [5][13] [5][5] [5][2] [5][0] [6][0] [7][0] [7][8] [7][14] [7][17] [7][20] [7][22] [7][26] [7][28] [7][30] [7][36] [7][46] [8][46] [8][35] [8][32] [8][35] [8][46] [9][46] [9][40] [9][24] [9][9] [9][7] [9][4] [9][2] [9][1] [9][0] [8][0] [8][2] [8][8] [8][11] [8][8] [8][2] [8][0] [7][0] [6][0] [5][0] [4][0] [4][4] [4][0] [3][0] [2][0] [1][0] [0][0] 
[0][0] [0][0] [0][0] [0][10] [0][11] [0][20] [0][27] [0][32] [0][39] [0][40] [0][41] [0][46] [1][46] [2][46] [2][44] [2][42] [2][44] [2][46] [3][46] [3][44] [3][31] [3][20] [3][12] [3][9] [3][0] [4][0] [5][0] [5][2] [5][11] [5][2] [5][0] [6][0] [6][14] [6][16] [6][24] [6][26] [6][24] [6][16] [6][14] [6][0] [7][0] [7][2] [7][17] [7][20] [7][28] [7][29] [7][35] [7][36] [7][40] [7][42] [7][46] [8][46] [8][40] [8][32] [8][11] [8][8] [8][3] [8][0] [9][0] [9][4] [9][0] [8][0] [7][0] [6][0] [5][0] [4][0] [4][8] [4][15] [4][19] [4][21] [4][25] [4][36] [4][37] [4][42] [4][46] [3][46] [2][46] [1][46] [1][41] [1][36] [1][33] [1][27] [1][25] [1][22] [1][11] [1][10] [1][0] [0][0] 
[0][0] [0][0] [0][0] [0][8] [0][9] [0][19] [0][21] [0][24] [0][34] [0][37] [0][46] [1][46] [1][44] [1][38] [1][37] [1][38] [1][44] [1][46] [2][46] [2][40] [2][35] [2][28] [2][23] [2][21] [2][17] [2][16] [2][7] [2][6] [2][1] [2][0] [3][0] [3][6] [3][13] [3][17] [3][20] [3][24] [3][27] [3][44] [3][45] [3][46] [4][46] [4][45] [4][43] [4][45] [4][46] [5][46] [6][46] [6][44] [6][31] [6][11] [6][5] [6][0] [7][0] [7][2] [7][3] [7][5] [7][7] [7][8] [7][19] [7][23] [7][29] [7][30] [7][44] [7][46] [8][46] [9][46] [9][30] [9][27] [9][30] [9][46] [8][46] [8][44] [8][40] [8][34] [8][26] [8][19] [8][10] [8][7] [8][6] [8][1] [8][0] [7][0] [6][0] [5][0] [5][11] [5][12] [5][11] [5][0] [4][0] [3][0] [2][0] [1][0] [1][1] [1][0] [0][0] 
[0][0] [0][0] [0][0] [1][0] [1][11] [1][14] [1][15] [1][18] [1][27] [1][31] [1][33] [1][43] [1][45] [1][46] [2][46] [2][40] [2][36] [2][20] [2][19] [2][16] [2][4] [2][0] [3][0] [3][2] [3][13] [3][14] [3][19] [3][22] [3][34] [3][43] [3][45] [3][46] [4][46] [4][45] [4][34] [4][32] [4][28] [4][27] [4][24] [4][21] [4][13] [4][5] [4][4] [4][2] [4][0] [5][0] [5][17] [5][33] [5][44] [5][46] [6][46] [6][32] [6][31] [6][30] [6][28] [6][30] [6][31] [6][32] [6][46] [7][46] [8][46] [9][46] [9][39] [9][35] [9][33] [9][30] [9][27] [9][30] [9][33] [9][35] [9][39] [9][46] [8][46] [8][34] [8][27] [8][24] [8][7] [8][2] [8][0] [7][0] [7][9] [7][10] [7][9] [7][0] [6][0] [6][5] [6][0] [5][0] [4][0] [3][0] [2][0] [1][0] [0][0] [0][0] [0][0] 
[0][0] [0][0] [0][0] [0][21] [0][29] [0][30] [0][40] [0][46] [1][46] [1][37] [1][33] [1][37] [1][46] [2][46] [2][43] [2][46] [3][46] [3][41] [3][39] [3][22] [3][20] [3][8] [3][4] [3][0] [4][0] [4][14] [4][20] [4][22] [4][26] [4][27] [4][46] [5][46] [5][42] [5][46] [6][46] [6][44] [6][38] [6][35] [6][34] [6][32] [6][26] [6][21] [6][5] [6][0] [7][0] [7][2] [7][14] [7][17] [7][22] [7][24] [7][25] [7][42] [7][44] [7][46] [8][46] [8][45] [8][39] [8][45] [8][46] [9][46] [9][41] [9][25] [9][21] [9][17] [9][13] [9][0] [8][0] [8][1] [8][0] [7][0] [6][0] [5][0] [5][4] [5][10] [5][4] [5][0] [4][0] [3][0] [2][0] [2][6] [2][0] [1][0] [1][3] [1][4] [1][9] [1][11] [1][9] [1][4] [1][3] [1][0] [0][0] 
[0][0] [0][0] [0][0] [0][10] [0][14] [0][32] [0][33] [0][46] [1][46] [1][41] [1][38] [1][37] [1][30] [1][18] [1][16] [1][10] [1][9] [1][1] [1][0] [2][0] [2][17] [2][19] [2][21] [2][24] [2][25] [2][38] [2][41] [2][46] [3][46] [3][37] [3][35] [3][30] [3][22] [3][30] [3][35] [3][37] [3][46] [4][46] [4][45] [4][38] [4][31] [4][18] [4][17] [4][10] [4][8] [4][1] [4][0] [5][0] [5][8] [5][12] [5][17] [5][18] [5][27] [5][29] [5][30] [5][39] [5][46] [6][46] [7][46] [7][44] [7][40] [7][44] [7][46] [8][46] [8][40] [8][39] [8][38] [8][30] [8][24] [8][12] [8][3] [8][1] [8][0] [9][0] [9][3] [9][7] [9][3] [9][0] [8][0] [7][0] [6][0] [5][0] [4][0] [3][0] [2][0] [1][0] [0][0] 
[0][0] [0][0] [0][0] [0][6] [0][7] [0][23] [0][30] [0][36] [0][45] [0][46] [1][46] [1][44] [1][37] [1][44] [1][46] [2][46] [2][28] [2][24] [2][21] [2][13] [2][12] [2][2] [2][0] [3][0] [3][4] [3][8] [3][22] [3][27] [3][33] [3][36] [3][46] [4][46] [4][41] [4][35] [4][41] [4][46] [5][46] [5][43] [5][41] [5][35] [5][34] [5][31] [5][7] [5][0] [6][0] [6][4] [6][14] [6][26] [6][36] [6][40] [6][41] [6][46] [7][46] [7][28] [7][16] [7][14] [7][9] [7][8] [7][0] [8][0] [8][16] [8][19] [8][28] [8][30] [8][31] [8][37] [8][43] [8][46] [9][46] [9][40] [9][38] [9][37] [9][36] [9][15] [9][10] [9][9] [9][5] [9][3] [9][1] [9][0] [8][0] [7][0] [6][0] [5][0] [4][0] [4][1] [4][0] [3][0] [2][0] [1][0] [0][0] 
[0][0] [0][0] [0][0] [0][3] [0][6] [0][8] [0][6] [0][3] [0][0] [1][0] [1][11] [1][14] [1][15] [1][39] [1][42] [1][45] [1][46] [2][46] [2][41] [2][39] [2][35] [2][24] [2][19] [2][17] [2][13] [2][5] [2][3] [2][0] [3][0] [3][1] [3][10] [3][26] [3][33] [3][45] [3][46] [4][46] [4][36] [4][33] [4][23] [4][13] [4][10] [4][0] [5][0] [5][14] [5][22] [5][40] [5][46] [6][46] [6][41] [6][38] [6][35] [6][33] [6][35] [6][38] [6][41] [6][46] [7][46] [7][44] [7][43] [7][28] [7][25] [7][14] [7][0] [8][0] [8][12] [8][13] [8][18] [8][19] [8][21] [8][38] [8][45] [8][46] [9][46] [9][36] [9][29] [9][25] [9][16] [9][0] [8][0] [7][0] [6][0] [6][1] [6][0] [5][0] [4][0] [3][0] [2][0] [1][0] [0][0] [0][0] [0][0] 
[0][0] [0][0] [0][0] [0][9] [0][11] [0][20] [0][25] [0][46] [1][46] [2][46] [3][46] [3][39] [3][28] [3][26] [3][24] [3][26] [3][28] [3][39] [3][46] [4][46] [4][32] [4][31] [4][28] [4][15] [4][13] [4][7] [4][0] [5][0] [6][0] [6][11] [6][12] [6][25] [6][26] [6][46] [7][46] [7][45] [7][41] [7][34] [7][33] [7][31] [7][16] [7][14] [7][13] [7][10] [7][2] [7][0] [8][0] [8][4] [8][12] [8][33] [8][36] [8][43] [8][46] [9][46] [9][44] [9][38] [9][32] [9][10] [9][0] [8][0] [7][0] [6][0] [5][0] [5][6] [5][9] [5][26] [5][38] [5][40] [5][41] [5][44] [5][46] [4][46] [3][46] [2][46] [2][34] [2][24] [2][22] [2][20] [2][14] [2][4] [2][3] [2][0] [1][0] [1][1] [1][0] [0][0] 
[0][0] [0][0] [0][0] [0][14] [0][16] [0][34] [0][36] [0][37] [0][39] [0][46] [1][46] [1][35] [1][30] [1][19] [1][17] [1][16] [1][15] [1][12] [1][9] [1][4] [1][0] [2][0] [2][5] [2][7] [2][14] [2][30] [2][33] [2][40] [2][46] [3][46] [3][28] [3][26] [3][24] [3][0] [4][0] [4][7] [4][8] [4][11] [4][8] [4][7] [4][0] [5][0] [5][10] [5][14] [5][24] [5][46] [6][46] [6][45] [6][43] [6][38] [6][33] [6][25] [6][23] [6][19] [6][9] [6][5] [6][0] [7][0] [7][7] [7][15] [7][17] [7][15] [7][7] [7][0] [8][0] [8][14] [8][18] [8][21] [8][29] [8][38] [8][42] [8][45] [8][46] [9][46] [9][40] [9][25] [9][17] [9][14] [9][11] [9][0] [8][0] [7][0] [6][0] [5][0] [4][0] [3][0] [2][0] [1][0] [0][0] 
[0][0] [0][0] [0][0] [0][10] [0][17] [0][25] [0][35] [0][41] [0][43] [0][46] [1][46] [1][34] [1][32] [1][29] [1][27] [1][29] [1][32] [1][34] [1][46] [2][46] [2][40] [2][38] [2][34] [2][19] [2][16] [2][9] [2][0] [3][0] [3][5] [3][18] [3][25] [3][33] [3][46] [4][46] [4][37] [4][30] [4][25] [4][15] [4][13] [4][12] [4][7] [4][5] [4][0] [5][0] [5][7] [5][15] [5][16] [5][19] [5][24] [5][28] [5][31] [5][46] [6][46] [6][42] [6][38] [6][42] [6][46] [7][46] [7][45] [7][31] [7][25] [7][20] [7][18] [7][6] [7][0] [8][0] [8][5] [8][6] [8][26] [8][42] [8][46] [9][46] [9][39] [9][37] [9][26] [9][23] [9][17] [9][16] [9][12] [9][7] [9][4] [9][0] [8][0] [7][0] [6][0] [6][3] [6][6] [6][3] [6][0] [5][0] [4][0] [3][0] [2][0] [1][0] [0][0] 
[0][0] [0][0] [0][0] [0][2] [0][7] [0][14] [0][19] [0][22] [0][30] [0][36] [0][46] [1][46] [2][46] [2][44] [2][43] [2][44] [2][46] [3][46] [3][27] [3][24] [3][22] [3][14] [3][13] [3][12] [3][10] [3][5] [3][0] [4][0] [5][0] [5][1] [5][16] [5][23] [5][24] [5][32] [5][34] [5][40] [5][45] [5][46] [6][46] [6][35] [6][31] [6][6] [6][0] [7][0] [7][1] [7][2] [7][8] [7][2] [7][1] [7][0] [8][0] [8][4] [8][17] [8][24] [8][26] [8][39] [8][44] [8][46] [9][46] [9][41] [9][35] [9][22] [9][19] [9][4] [9][0] [8][0] [7][0] [6][0] [5][0] [4][0] [4][7] [4][9] [4][23] [4][31] [4][32] [4][33] [4][42] [4][46] [3][46] [2][46] [1][46] [1][41] [1][39] [1][38] [1][30] [1][14] [1][9] [1][0] [0][0] 
[0][0] [0][0] [0][0] [0][4] [0][10] [0][25] [0][26] [0][28] [0][41] [0][42] [0][46] [1][46] [1][37] [1][26] [1][17] [1][15] [1][14] [1][7] [1][5] [1][0] [2][0] [2][12] [2][17] [2][23] [2][43] [2][46] [3][46] [3][40] [3][38] [3][37] [3][26] [3][22] [3][20] [3][15] [3][0] [4][0] [4][3] [4][26] [4][27] [4][33] [4][37] [4][38] [4][43] [4][46] [5][46] [5][40] [5][37] [5][40] [5][46] [6][46] [6][42] [6][46] [7][46] [7][40] [7][28] [7][27] [7][25] [7][17] [7][12] [7][0] [8][0] [8][3] [8][10] [8][12] [8][22] [8][29] [8][42] [8][46] [9][46] [9][42] [9][40] [9][36] [9][31] [9][24] [9][21] [9][18] [9][6] [9][0] [8][0] [7][0] [6][0] [6][6] [6][0] [5][0] [4][0] [3][0] [2][0] [1][0] [0][0] 
[0][0] [0][0] [0][0] [0][2] [0][23] [0][35] [0][46] [1][46] [1][34] [1][19] [1][14] [1][0] [2][0] [2][7] [2][0] [3][0] [3][1] [3][18] [3][24] [3][38] [3][40] [3][45] [3][46] [4][46] [4][45] [4][44] [4][42] [4][44] [4][45] [4][46] [5][46] [5][33] [5][31] [5][29] [5][25] [5][23] [5][20] [5][0] [6][0] [6][2] [6][9] [6][2] [6][0] [7][0] [7][1] [7][5] [7][18] [7][22] [7][29] [7][36] [7][41] [7][46] [8][46] [9][46] [9][45] [9][39] [9][22] [9][39] [9][45] [9][46] [8][46] [8][27] [8][11] [8][5] [8][0] [7][0] [6][0] [5][0] [4][0] [3][0] [2][0] [1][0] [0][0] 
