9466
424.901
/home/fflorenci/jobprp_ga/reduced_instances/henn/ran1/reduced_warehouse_63.lyt
/home/fflorenci/jobprp_ga/reduced_instances/henn/ran1/reduced_warehouse_63s-80-60-0.ord
80
60
30
340
120
1
7 9 15 12 23 16 5 6 21 17 9 23 23 21 15 23 18 14 5 13 22 5 5 12 21 24 11 7 14 8 17 15 14 5 16 9 24 19 17 14 24 7 8 11 10 10 20 22 14 21 10 17 9 8 17 6 23 15 20 14 10 11 18 5 17 12 12 6 19 23 9 12 17 20 16 9 11 17 21 16 
20
45 27 44 10 63 66 55 
60 57 7 35 50 42 
67 18 3 2 32 53 
46 0 72 70 33 
21 59 16 28 41 
14 29 52 56 6 
68 65 19 5 
39 9 25 22 
48 51 54 61 
30 43 73 23 
49 64 26 76 
8 24 75 1 
11 78 79 
4 13 34 
31 36 37 
47 58 77 
17 20 40 
69 15 71 
38 62 12 
74 
378
430
482
440
470
454
464
528
464
454
534
490
490
498
490
510
506
530
528
326
[0][0] [0][0] [0][0] [1][0] [1][1] [1][10] [1][24] [1][28] [1][29] [1][33] [1][37] [1][40] [1][45] [1][46] [2][46] [2][44] [2][46] [3][46] [3][42] [3][41] [3][38] [3][34] [3][26] [3][7] [3][1] [3][0] [4][0] [4][6] [4][13] [4][16] [4][31] [4][46] [5][46] [6][46] [6][43] [6][42] [6][41] [6][38] [6][30] [6][25] [6][24] [6][16] [6][15] [6][13] [6][0] [7][0] [7][5] [7][19] [7][24] [7][35] [7][38] [7][43] [7][46] [8][46] [9][46] [9][44] [9][43] [9][41] [9][36] [9][35] [9][33] [9][32] [9][28] [9][27] [9][24] [9][17] [9][15] [9][9] [9][7] [9][1] [9][0] [8][0] [7][0] [6][0] [5][0] [5][2] [5][5] [5][2] [5][0] [4][0] [3][0] [2][0] [2][3] [2][0] [1][0] [0][0] [0][0] [0][0] 
[0][0] [0][0] [0][0] [0][13] [0][16] [0][20] [0][30] [0][37] [0][38] [0][46] [1][46] [2][46] [2][43] [2][40] [2][37] [2][32] [2][25] [2][24] [2][20] [2][16] [2][5] [2][3] [2][2] [2][0] [3][0] [3][8] [3][17] [3][8] [3][0] [4][0] [4][3] [4][13] [4][17] [4][20] [4][28] [4][34] [4][45] [4][46] [5][46] [5][36] [5][46] [6][46] [6][36] [6][46] [7][46] [7][44] [7][42] [7][39] [7][26] [7][25] [7][13] [7][12] [7][7] [7][6] [7][4] [7][2] [7][0] [8][0] [8][5] [8][10] [8][14] [8][20] [8][21] [8][26] [8][40] [8][41] [8][46] [9][46] [9][45] [9][36] [9][32] [9][30] [9][20] [9][16] [9][10] [9][8] [9][0] [8][0] [7][0] [6][0] [5][0] [4][0] [3][0] [2][0] [1][0] [0][0] 
[0][0] [0][0] [0][0] [0][2] [0][0] [1][0] [1][1] [1][9] [1][23] [1][29] [1][46] [2][46] [2][43] [2][35] [2][34] [2][26] [2][21] [2][19] [2][16] [2][0] [3][0] [3][7] [3][10] [3][13] [3][22] [3][25] [3][27] [3][29] [3][46] [4][46] [4][44] [4][37] [4][44] [4][46] [5][46] [5][43] [5][34] [5][29] [5][21] [5][16] [5][15] [5][11] [5][2] [5][0] [6][0] [6][2] [6][11] [6][26] [6][33] [6][41] [6][46] [7][46] [7][25] [7][24] [7][21] [7][15] [7][4] [7][2] [7][1] [7][0] [8][0] [8][5] [8][7] [8][10] [8][19] [8][28] [8][38] [8][43] [8][44] [8][46] [9][46] [9][42] [9][33] [9][30] [9][28] [9][24] [9][21] [9][19] [9][6] [9][0] [8][0] [7][0] [6][0] [5][0] [4][0] [4][6] [4][0] [3][0] [2][0] [1][0] [0][0] [0][0] [0][0] 
[0][0] [0][0] [0][0] [0][9] [0][19] [0][20] [0][25] [0][29] [0][30] [0][31] [0][32] [0][39] [0][46] [1][46] [1][41] [1][30] [1][27] [1][25] [1][24] [1][22] [1][21] [1][20] [1][13] [1][0] [2][0] [2][5] [2][0] [3][0] [3][9] [3][18] [3][22] [3][25] [3][44] [3][46] [4][46] [4][45] [4][46] [5][46] [6][46] [6][42] [6][41] [6][34] [6][28] [6][20] [6][19] [6][18] [6][16] [6][14] [6][12] [6][3] [6][0] [7][0] [7][11] [7][19] [7][20] [7][46] [8][46] [9][46] [9][35] [9][17] [9][14] [9][13] [9][11] [9][0] [8][0] [8][5] [8][0] [7][0] [6][0] [5][0] [5][6] [5][13] [5][17] [5][13] [5][6] [5][0] [4][0] [4][1] [4][3] [4][7] [4][13] [4][7] [4][3] [4][1] [4][0] [3][0] [2][0] [1][0] [0][0] 
[0][0] [0][0] [0][0] [0][3] [0][21] [0][32] [0][38] [0][46] [1][46] [2][46] [2][36] [2][30] [2][36] [2][46] [3][46] [3][45] [3][44] [3][37] [3][36] [3][35] [3][32] [3][23] [3][21] [3][16] [3][8] [3][7] [3][0] [4][0] [4][8] [4][13] [4][23] [4][25] [4][35] [4][36] [4][44] [4][46] [5][46] [6][46] [7][46] [7][45] [7][41] [7][33] [7][25] [7][33] [7][41] [7][45] [7][46] [8][46] [8][41] [8][35] [8][32] [8][31] [8][26] [8][15] [8][0] [9][0] [9][2] [9][9] [9][15] [9][17] [9][26] [9][36] [9][40] [9][41] [9][46] [8][46] [7][46] [6][46] [5][46] [5][44] [5][41] [5][40] [5][34] [5][23] [5][9] [5][0] [4][0] [3][0] [2][0] [2][4] [2][0] [1][0] [1][11] [1][16] [1][11] [1][0] [0][0] 
[0][0] [0][0] [0][0] [0][27] [0][30] [0][38] [0][39] [0][42] [0][43] [0][46] [1][46] [1][34] [1][31] [1][24] [1][18] [1][1] [1][0] [2][0] [2][11] [2][12] [2][14] [2][20] [2][29] [2][34] [2][46] [3][46] [3][39] [3][35] [3][34] [3][32] [3][14] [3][9] [3][6] [3][4] [3][0] [4][0] [4][2] [4][7] [4][17] [4][24] [4][25] [4][28] [4][37] [4][42] [4][46] [5][46] [5][41] [5][32] [5][31] [5][26] [5][24] [5][12] [5][1] [5][0] [6][0] [6][14] [6][25] [6][29] [6][31] [6][32] [6][33] [6][36] [6][46] [7][46] [8][46] [8][38] [8][46] [7][46] [7][44] [7][31] [7][25] [7][20] [7][16] [7][9] [7][0] [6][0] [5][0] [4][0] [3][0] [2][0] [1][0] [0][0] 
[0][0] [0][0] [0][0] [0][15] [0][19] [0][22] [0][27] [0][28] [0][31] [0][43] [0][46] [1][46] [2][46] [2][45] [2][46] [3][46] [4][46] [5][46] [5][40] [5][38] [5][36] [5][32] [5][31] [5][24] [5][23] [5][9] [5][3] [5][0] [6][0] [6][2] [6][9] [6][10] [6][12] [6][16] [6][19] [6][20] [6][39] [6][45] [6][46] [7][46] [8][46] [8][33] [8][32] [8][26] [8][24] [8][10] [8][0] [9][0] [9][7] [9][8] [9][10] [9][16] [9][10] [9][8] [9][7] [9][0] [8][0] [7][0] [7][7] [7][17] [7][21] [7][22] [7][21] [7][17] [7][7] [7][0] [6][0] [5][0] [4][0] [4][5] [4][13] [4][18] [4][20] [4][21] [4][23] [4][21] [4][20] [4][18] [4][13] [4][5] [4][0] [3][0] [3][1] [3][12] [3][14] [3][16] [3][17] [3][16] [3][14] [3][12] [3][1] [3][0] [2][0] [2][3] [2][5] [2][6] [2][9] [2][10] [2][19] [2][10] [2][9] [2][6] [2][5] [2][3] [2][0] [1][0] [0][0] 
[0][0] [0][0] [0][0] [0][8] [0][15] [0][20] [0][21] [0][26] [0][31] [0][32] [0][44] [0][46] [1][46] [1][40] [1][33] [1][32] [1][31] [1][18] [1][13] [1][10] [1][0] [2][0] [2][5] [2][13] [2][27] [2][35] [2][37] [2][39] [2][42] [2][46] [3][46] [3][32] [3][30] [3][32] [3][46] [4][46] [4][36] [4][24] [4][21] [4][24] [4][36] [4][46] [5][46] [5][38] [5][37] [5][32] [5][25] [5][10] [5][0] [6][0] [6][19] [6][28] [6][34] [6][39] [6][42] [6][43] [6][46] [7][46] [7][42] [7][36] [7][29] [7][28] [7][27] [7][25] [7][3] [7][0] [8][0] [8][13] [8][19] [8][20] [8][21] [8][22] [8][23] [8][32] [8][46] [9][46] [9][39] [9][37] [9][36] [9][18] [9][17] [9][2] [9][0] [8][0] [7][0] [6][0] [5][0] [4][0] [3][0] [2][0] [1][0] [0][0] 
[0][0] [0][0] [0][0] [0][2] [0][3] [0][5] [0][8] [0][10] [0][14] [0][28] [0][30] [0][35] [0][45] [0][46] [1][46] [1][35] [1][30] [1][28] [1][22] [1][11] [1][8] [1][0] [2][0] [2][1] [2][15] [2][23] [2][24] [2][32] [2][41] [2][44] [2][46] [3][46] [3][41] [3][32] [3][24] [3][12] [3][9] [3][1] [3][0] [4][0] [4][6] [4][10] [4][13] [4][20] [4][46] [5][46] [5][45] [5][43] [5][27] [5][24] [5][17] [5][12] [5][11] [5][0] [6][0] [6][1] [6][11] [6][14] [6][26] [6][30] [6][32] [6][35] [6][37] [6][46] [7][46] [8][46] [9][46] [9][43] [9][46] [8][46] [8][38] [8][28] [8][26] [8][23] [8][22] [8][16] [8][10] [8][9] [8][0] [7][0] [7][3] [7][5] [7][3] [7][0] [6][0] [5][0] [4][0] [3][0] [2][0] [1][0] [0][0] 
[0][0] [0][0] [0][0] [0][1] [0][2] [0][12] [0][15] [0][17] [0][21] [0][29] [0][46] [1][46] [1][38] [1][46] [2][46] [2][41] [2][40] [2][38] [2][32] [2][29] [2][28] [2][21] [2][19] [2][10] [2][7] [2][5] [2][0] [3][0] [3][2] [3][4] [3][10] [3][16] [3][18] [3][21] [3][26] [3][29] [3][30] [3][36] [3][41] [3][42] [3][46] [4][46] [4][45] [4][36] [4][35] [4][31] [4][35] [4][36] [4][45] [4][46] [5][46] [5][41] [5][46] [6][46] [6][40] [6][38] [6][32] [6][19] [6][12] [6][0] [7][0] [7][4] [7][8] [7][9] [7][12] [7][30] [7][45] [7][46] [8][46] [8][42] [8][41] [8][42] [8][46] [9][46] [9][40] [9][37] [9][36] [9][30] [9][17] [9][7] [9][0] [8][0] [7][0] [6][0] [5][0] [5][2] [5][4] [5][2] [5][0] [4][0] [4][14] [4][0] [3][0] [2][0] [1][0] [0][0] 
[0][0] [0][0] [0][0] [0][12] [0][16] [0][31] [0][34] [0][46] [1][46] [1][31] [1][20] [1][11] [1][6] [1][3] [1][0] [2][0] [2][5] [2][8] [2][13] [2][23] [2][13] [2][8] [2][5] [2][0] [3][0] [3][5] [3][9] [3][24] [3][32] [3][33] [3][34] [3][39] [3][43] [3][46] [4][46] [4][42] [4][32] [4][27] [4][22] [4][20] [4][7] [4][4] [4][2] [4][0] [5][0] [5][3] [5][16] [5][21] [5][32] [5][33] [5][34] [5][46] [6][46] [6][41] [6][36] [6][19] [6][12] [6][0] [7][0] [7][3] [7][11] [7][23] [7][28] [7][34] [7][35] [7][46] [8][46] [8][43] [8][37] [8][36] [8][29] [8][27] [8][29] [8][36] [8][37] [8][43] [8][46] [9][46] [9][35] [9][28] [9][25] [9][22] [9][10] [9][0] [8][0] [8][1] [8][0] [7][0] [6][0] [5][0] [4][0] [3][0] [2][0] [1][0] [0][0] 
[0][0] [0][0] [0][0] [0][1] [0][3] [0][4] [0][13] [0][36] [0][43] [0][46] [1][46] [2][46] [2][44] [2][34] [2][29] [2][27] [2][24] [2][20] [2][19] [2][6] [2][0] [3][0] [3][1] [3][7] [3][8] [3][7] [3][1] [3][0] [4][0] [4][4] [4][22] [4][24] [4][35] [4][46] [5][46] [5][43] [5][38] [5][37] [5][34] [5][20] [5][13] [5][7] [5][0] [6][0] [6][1] [6][7] [6][27] [6][28] [6][32] [6][45] [6][46] [7][46] [7][45] [7][28] [7][25] [7][20] [7][3] [7][0] [8][0] [8][10] [8][24] [8][46] [9][46] [9][45] [9][31] [9][30] [9][29] [9][19] [9][11] [9][7] [9][5] [9][0] [8][0] [7][0] [6][0] [5][0] [4][0] [3][0] [2][0] [1][0] [1][7] [1][9] [1][10] [1][12] [1][10] [1][9] [1][7] [1][0] [0][0] 
[0][0] [0][0] [0][0] [0][2] [0][8] [0][11] [0][20] [0][24] [0][38] [0][44] [0][46] [1][46] [1][34] [1][33] [1][34] [1][46] [2][46] [3][46] [4][46] [4][37] [4][35] [4][33] [4][32] [4][28] [4][27] [4][28] [4][32] [4][33] [4][35] [4][37] [4][46] [5][46] [5][44] [5][39] [5][31] [5][28] [5][25] [5][14] [5][5] [5][0] [6][0] [7][0] [7][16] [7][18] [7][19] [7][26] [7][46] [8][46] [8][44] [8][41] [8][39] [8][36] [8][34] [8][32] [8][29] [8][26] [8][23] [8][26] [8][29] [8][32] [8][34] [8][36] [8][39] [8][41] [8][44] [8][46] [9][46] [9][27] [9][25] [9][22] [9][10] [9][9] [9][4] [9][0] [8][0] [8][1] [8][0] [7][0] [6][0] [6][13] [6][17] [6][24] [6][25] [6][39] [6][44] [6][46] [5][46] [4][46] [3][46] [3][37] [3][36] [3][30] [3][21] [3][9] [3][6] [3][1] [3][0] [2][0] [2][10] [2][0] [1][0] [1][1] [1][2] [1][1] [1][0] [0][0] 
[0][0] [0][0] [0][0] [0][7] [0][13] [0][15] [0][19] [0][36] [0][40] [0][46] [1][46] [1][41] [1][46] [2][46] [2][38] [2][28] [2][24] [2][18] [2][15] [2][8] [2][0] [3][0] [3][7] [3][8] [3][22] [3][25] [3][31] [3][33] [3][41] [3][46] [4][46] [4][41] [4][30] [4][24] [4][21] [4][19] [4][14] [4][12] [4][3] [4][0] [5][0] [5][24] [5][26] [5][27] [5][46] [6][46] [6][37] [6][35] [6][28] [6][21] [6][19] [6][18] [6][6] [6][2] [6][0] [7][0] [7][8] [7][24] [7][30] [7][46] [8][46] [8][45] [8][33] [8][29] [8][24] [8][23] [8][12] [8][4] [8][0] [9][0] [9][5] [9][6] [9][5] [9][0] [8][0] [7][0] [6][0] [5][0] [4][0] [3][0] [2][0] [1][0] [1][5] [1][6] [1][9] [1][14] [1][9] [1][6] [1][5] [1][0] [0][0] 
[0][0] [0][0] [0][0] [0][8] [0][12] [0][20] [0][31] [0][38] [0][40] [0][42] [0][43] [0][46] [1][46] [1][31] [1][24] [1][15] [1][1] [1][0] [2][0] [2][5] [2][6] [2][8] [2][17] [2][18] [2][25] [2][32] [2][46] [3][46] [3][39] [3][37] [3][35] [3][25] [3][18] [3][17] [3][10] [3][0] [4][0] [4][6] [4][12] [4][15] [4][27] [4][30] [4][39] [4][40] [4][41] [4][44] [4][46] [5][46] [5][43] [5][46] [6][46] [6][44] [6][43] [6][44] [6][46] [7][46] [7][43] [7][26] [7][23] [7][6] [7][5] [7][0] [8][0] [8][10] [8][12] [8][15] [8][17] [8][19] [8][23] [8][28] [8][35] [8][46] [9][46] [9][44] [9][40] [9][16] [9][0] [8][0] [7][0] [6][0] [6][8] [6][15] [6][8] [6][0] [5][0] [5][1] [5][0] [4][0] [3][0] [2][0] [1][0] [0][0] 
[0][0] [0][0] [0][0] [0][11] [0][14] [0][28] [0][32] [0][34] [0][40] [0][43] [0][46] [1][46] [2][46] [2][42] [2][35] [2][34] [2][32] [2][17] [2][14] [2][0] [3][0] [3][8] [3][16] [3][18] [3][26] [3][32] [3][46] [4][46] [4][40] [4][36] [4][35] [4][17] [4][14] [4][0] [5][0] [5][18] [5][19] [5][28] [5][29] [5][39] [5][40] [5][41] [5][43] [5][46] [6][46] [6][41] [6][26] [6][24] [6][20] [6][10] [6][6] [6][5] [6][0] [7][0] [7][7] [7][22] [7][24] [7][29] [7][35] [7][46] [8][46] [8][45] [8][46] [9][46] [9][40] [9][29] [9][25] [9][14] [9][8] [9][2] [9][1] [9][0] [8][0] [8][15] [8][19] [8][20] [8][22] [8][20] [8][19] [8][15] [8][0] [7][0] [6][0] [5][0] [4][0] [3][0] [2][0] [1][0] [1][8] [1][0] [0][0] 
[0][0] [0][0] [0][0] [0][1] [0][4] [0][7] [0][11] [0][13] [0][14] [0][37] [0][46] [1][46] [1][20] [1][18] [1][3] [1][0] [2][0] [2][17] [2][20] [2][24] [2][25] [2][28] [2][38] [2][46] [3][46] [4][46] [4][45] [4][40] [4][34] [4][40] [4][45] [4][46] [5][46] [5][42] [5][35] [5][25] [5][20] [5][5] [5][0] [6][0] [7][0] [7][3] [7][10] [7][15] [7][31] [7][39] [7][45] [7][46] [8][46] [8][37] [8][33] [8][30] [8][28] [8][30] [8][33] [8][37] [8][46] [9][46] [9][37] [9][35] [9][29] [9][23] [9][18] [9][6] [9][0] [8][0] [7][0] [6][0] [6][9] [6][15] [6][17] [6][29] [6][31] [6][33] [6][35] [6][38] [6][40] [6][41] [6][46] [5][46] [4][46] [3][46] [3][41] [3][40] [3][30] [3][22] [3][16] [3][3] [3][1] [3][0] [2][0] [1][0] [0][0] 
[0][0] [0][0] [0][0] [1][0] [1][6] [1][18] [1][26] [1][37] [1][46] [0][46] [0][37] [0][33] [0][29] [0][33] [0][37] [0][46] [1][46] [2][46] [2][42] [2][36] [2][34] [2][33] [2][15] [2][8] [2][5] [2][1] [2][0] [3][0] [3][17] [3][19] [3][20] [3][21] [3][25] [3][33] [3][37] [3][44] [3][46] [4][46] [4][40] [4][34] [4][30] [4][28] [4][26] [4][28] [4][30] [4][34] [4][40] [4][46] [5][46] [5][38] [5][36] [5][35] [5][23] [5][4] [5][0] [6][0] [6][3] [6][19] [6][22] [6][25] [6][46] [7][46] [7][42] [7][31] [7][18] [7][12] [7][10] [7][2] [7][0] [8][0] [8][3] [8][12] [8][28] [8][37] [8][43] [8][46] [9][46] [9][42] [9][38] [9][33] [9][27] [9][15] [9][11] [9][0] [8][0] [7][0] [6][0] [5][0] [4][0] [3][0] [2][0] [1][0] [0][0] [0][0] [0][0] 
[0][0] [0][0] [0][0] [0][8] [0][9] [0][16] [0][20] [0][16] [0][9] [0][8] [0][0] [1][0] [1][1] [1][4] [1][22] [1][23] [1][25] [1][46] [2][46] [2][43] [2][37] [2][36] [2][35] [2][32] [2][18] [2][1] [2][0] [3][0] [3][3] [3][12] [3][26] [3][27] [3][28] [3][39] [3][43] [3][46] [4][46] [5][46] [5][28] [5][26] [5][20] [5][19] [5][14] [5][0] [6][0] [6][1] [6][6] [6][17] [6][30] [6][32] [6][33] [6][46] [7][46] [7][42] [7][34] [7][23] [7][22] [7][20] [7][9] [7][0] [8][0] [8][17] [8][32] [8][34] [8][35] [8][39] [8][40] [8][43] [8][46] [9][46] [9][37] [9][34] [9][26] [9][25] [9][14] [9][8] [9][0] [8][0] [7][0] [6][0] [5][0] [4][0] [4][4] [4][14] [4][19] [4][14] [4][4] [4][0] [3][0] [2][0] [1][0] [0][0] [0][0] [0][0] 
[0][0] [0][0] [0][0] [1][0] [1][4] [1][15] [1][36] [1][41] [1][46] [0][46] [0][40] [0][46] [1][46] [2][46] [2][39] [2][46] [3][46] [4][46] [4][32] [4][46] [5][46] [5][28] [5][0] [6][0] [7][0] [7][5] [7][23] [7][24] [7][46] [8][46] [8][40] [8][46] [7][46] [6][46] [5][46] [4][46] [3][46] [3][42] [3][40] [3][35] [3][17] [3][0] [2][0] [1][0] [0][0] [0][0] [0][0] 
