9260
587.971
/home/fflorenci/jobprp_ga/reduced_instances/henn/ran1/reduced_warehouse_72.lyt
/home/fflorenci/jobprp_ga/reduced_instances/henn/ran1/reduced_warehouse_72s-100-75-0.ord
100
75
16
340
120
1
5 24 14 11 20 6 8 19 15 21 9 23 13 21 5 7 22 20 12 5 5 6 13 11 13 17 15 20 11 19 7 18 15 23 5 8 13 7 6 24 23 18 24 20 22 15 23 16 12 9 20 8 7 6 9 17 13 23 22 18 24 13 8 13 7 14 21 11 10 21 6 19 11 14 8 24 17 13 11 14 22 6 15 16 17 12 24 8 13 14 16 17 19 7 11 6 12 10 16 5 
19
30 38 37 95 99 14 6 86 52 
15 64 51 20 19 32 0 88 62 
2 77 26 97 8 93 
94 22 66 78 56 70 
18 85 76 10 73 67 
72 87 23 48 89 90 
57 61 83 96 81 34 
46 49 13 54 3 
21 65 4 58 24 
33 35 43 45 74 
25 50 31 36 5 
39 41 47 91 
11 42 16 53 
71 44 92 82 
1 68 7 27 
69 17 63 29 
75 59 79 98 
28 55 60 80 
9 12 40 84 
440
430
444
468
476
450
488
514
536
486
470
518
498
500
498
520
500
510
514
[0][0] [0][0] [0][0] [0][2] [0][0] [1][0] [1][2] [1][0] [2][0] [2][1] [2][4] [2][7] [2][14] [2][19] [2][20] [2][24] [2][20] [2][19] [2][14] [2][7] [2][4] [2][1] [2][0] [3][0] [3][5] [3][10] [3][13] [3][14] [3][26] [3][30] [3][33] [3][38] [3][40] [3][46] [4][46] [4][43] [4][41] [4][39] [4][37] [4][32] [4][31] [4][27] [4][26] [4][25] [4][24] [4][21] [4][8] [4][1] [4][0] [5][0] [5][3] [5][16] [5][24] [5][28] [5][29] [5][32] [5][35] [5][43] [5][46] [6][46] [6][45] [6][44] [6][43] [6][38] [6][30] [6][26] [6][21] [6][19] [6][16] [6][15] [6][0] [7][0] [7][15] [7][27] [7][29] [7][34] [7][35] [7][38] [7][46] [8][46] [9][46] [9][39] [9][32] [9][31] [9][26] [9][23] [9][22] [9][19] [9][18] [9][15] [9][0] [8][0] [8][2] [8][6] [8][12] [8][6] [8][2] [8][0] [7][0] [6][0] [5][0] [4][0] [3][0] [2][0] [1][0] [0][0] [0][0] [0][0] 
[0][0] [0][0] [0][0] [0][7] [0][15] [0][18] [0][19] [0][20] [0][30] [0][32] [0][39] [0][45] [0][46] [1][46] [1][39] [1][28] [1][26] [1][23] [1][16] [1][10] [1][2] [1][1] [1][0] [2][0] [2][4] [2][5] [2][13] [2][25] [2][29] [2][32] [2][39] [2][43] [2][46] [3][46] [3][43] [3][39] [3][37] [3][11] [3][3] [3][0] [4][0] [4][13] [4][17] [4][20] [4][23] [4][28] [4][30] [4][31] [4][32] [4][46] [5][46] [5][45] [5][38] [5][37] [5][34] [5][32] [5][28] [5][25] [5][24] [5][22] [5][16] [5][9] [5][3] [5][0] [6][0] [6][12] [6][22] [6][33] [6][46] [7][46] [7][40] [7][36] [7][34] [7][31] [7][24] [7][23] [7][18] [7][17] [7][16] [7][14] [7][13] [7][7] [7][6] [7][1] [7][0] [6][0] [5][0] [4][0] [3][0] [2][0] [1][0] [0][0] 
[0][0] [0][0] [0][0] [0][3] [0][5] [0][6] [0][15] [0][18] [0][19] [0][23] [0][33] [0][35] [0][38] [0][46] [1][46] [2][46] [2][45] [2][34] [2][23] [2][20] [2][11] [2][6] [2][1] [2][0] [3][0] [3][4] [3][7] [3][9] [3][11] [3][18] [3][21] [3][18] [3][11] [3][9] [3][7] [3][4] [3][0] [4][0] [4][1] [4][4] [4][5] [4][8] [4][9] [4][17] [4][19] [4][23] [4][24] [4][26] [4][46] [5][46] [5][44] [5][43] [5][40] [5][34] [5][28] [5][24] [5][18] [5][8] [5][6] [5][4] [5][3] [5][0] [6][0] [6][4] [6][5] [6][13] [6][21] [6][38] [6][40] [6][46] [7][46] [8][46] [9][46] [9][40] [9][35] [9][30] [9][23] [9][21] [9][20] [9][7] [9][4] [9][1] [9][0] [8][0] [8][3] [8][6] [8][8] [8][6] [8][3] [8][0] [7][0] [7][6] [7][0] [6][0] [5][0] [4][0] [3][0] [2][0] [1][0] [1][7] [1][0] [0][0] 
[0][0] [0][0] [0][0] [0][8] [0][9] [0][18] [0][28] [0][29] [0][35] [0][46] [1][46] [1][43] [1][41] [1][34] [1][33] [1][28] [1][25] [1][22] [1][10] [1][0] [2][0] [3][0] [3][7] [3][17] [3][27] [3][37] [3][39] [3][44] [3][46] [4][46] [4][32] [4][27] [4][26] [4][25] [4][24] [4][23] [4][14] [4][13] [4][5] [4][1] [4][0] [5][0] [5][1] [5][3] [5][6] [5][10] [5][21] [5][25] [5][28] [5][30] [5][33] [5][46] [6][46] [6][41] [6][35] [6][30] [6][29] [6][23] [6][22] [6][17] [6][12] [6][6] [6][0] [7][0] [7][2] [7][6] [7][8] [7][9] [7][8] [7][6] [7][2] [7][0] [8][0] [8][2] [8][7] [8][8] [8][12] [8][24] [8][30] [8][41] [8][43] [8][46] [9][46] [9][40] [9][35] [9][34] [9][28] [9][24] [9][22] [9][18] [9][17] [9][13] [9][10] [9][6] [9][0] [8][0] [7][0] [6][0] [5][0] [4][0] [3][0] [2][0] [1][0] [0][0] 
[0][0] [0][0] [0][0] [0][7] [0][8] [0][9] [0][15] [0][19] [0][24] [0][26] [0][28] [0][30] [0][34] [0][40] [0][46] [1][46] [1][43] [1][42] [1][37] [1][34] [1][32] [1][7] [1][4] [1][0] [2][0] [2][4] [2][8] [2][12] [2][25] [2][26] [2][30] [2][41] [2][46] [3][46] [3][38] [3][33] [3][25] [3][21] [3][19] [3][18] [3][12] [3][4] [3][0] [4][0] [5][0] [5][3] [5][5] [5][7] [5][8] [5][9] [5][13] [5][9] [5][8] [5][7] [5][5] [5][3] [5][0] [6][0] [6][16] [6][21] [6][29] [6][35] [6][39] [6][42] [6][45] [6][46] [7][46] [7][44] [7][39] [7][30] [7][23] [7][17] [7][14] [7][13] [7][8] [7][0] [8][0] [8][1] [8][2] [8][16] [8][18] [8][22] [8][27] [8][35] [8][46] [9][46] [9][44] [9][35] [9][23] [9][18] [9][11] [9][10] [9][9] [9][0] [8][0] [7][0] [6][0] [5][0] [4][0] [3][0] [2][0] [1][0] [0][0] 
[0][0] [0][0] [0][0] [0][3] [0][8] [0][12] [0][20] [0][33] [0][38] [0][40] [0][46] [1][46] [1][40] [1][39] [1][38] [1][35] [1][33] [1][26] [1][20] [1][19] [1][17] [1][14] [1][6] [1][3] [1][0] [2][0] [2][4] [2][5] [2][29] [2][32] [2][35] [2][42] [2][46] [3][46] [3][38] [3][33] [3][32] [3][24] [3][23] [3][16] [3][12] [3][9] [3][7] [3][6] [3][0] [4][0] [4][5] [4][10] [4][19] [4][24] [4][25] [4][36] [4][46] [5][46] [5][40] [5][46] [6][46] [6][31] [6][29] [6][21] [6][11] [6][5] [6][0] [7][0] [7][11] [7][18] [7][26] [7][27] [7][28] [7][33] [7][44] [7][46] [8][46] [8][43] [8][38] [8][29] [8][28] [8][25] [8][23] [8][12] [8][8] [8][6] [8][3] [8][1] [8][0] [7][0] [6][0] [5][0] [4][0] [3][0] [2][0] [1][0] [0][0] 
[0][0] [0][0] [0][0] [0][4] [0][5] [0][10] [0][13] [0][27] [0][28] [0][29] [0][34] [0][44] [0][46] [1][46] [1][28] [1][22] [1][21] [1][18] [1][13] [1][12] [1][1] [1][0] [2][0] [2][8] [2][9] [2][22] [2][25] [2][33] [2][35] [2][46] [3][46] [3][32] [3][25] [3][18] [3][15] [3][1] [3][0] [4][0] [4][1] [4][2] [4][13] [4][17] [4][28] [4][40] [4][46] [5][46] [5][42] [5][31] [5][26] [5][31] [5][42] [5][46] [6][46] [6][35] [6][31] [6][30] [6][26] [6][22] [6][12] [6][6] [6][5] [6][4] [6][0] [7][0] [8][0] [8][1] [8][9] [8][16] [8][18] [8][29] [8][30] [8][31] [8][39] [8][46] [9][46] [9][45] [9][43] [9][42] [9][34] [9][32] [9][27] [9][26] [9][22] [9][17] [9][8] [9][7] [9][4] [9][3] [9][0] [8][0] [7][0] [6][0] [5][0] [4][0] [3][0] [2][0] [1][0] [0][0] 
[0][0] [0][0] [0][0] [0][7] [0][19] [0][31] [0][41] [0][42] [0][46] [1][46] [1][41] [1][38] [1][33] [1][30] [1][22] [1][15] [1][13] [1][8] [1][4] [1][2] [1][0] [2][0] [2][1] [2][3] [2][5] [2][13] [2][14] [2][18] [2][39] [2][40] [2][43] [2][44] [2][46] [3][46] [3][44] [3][35] [3][29] [3][28] [3][29] [3][35] [3][44] [3][46] [4][46] [4][36] [4][25] [4][19] [4][16] [4][11] [4][6] [4][0] [5][0] [5][13] [5][23] [5][32] [5][33] [5][38] [5][42] [5][45] [5][46] [6][46] [7][46] [7][38] [7][36] [7][32] [7][30] [7][25] [7][1] [7][0] [8][0] [8][5] [8][15] [8][17] [8][24] [8][35] [8][42] [8][46] [9][46] [9][41] [9][33] [9][31] [9][22] [9][19] [9][18] [9][16] [9][10] [9][8] [9][2] [9][0] [8][0] [7][0] [6][0] [6][13] [6][15] [6][13] [6][0] [5][0] [4][0] [3][0] [2][0] [1][0] [0][0] 
[0][0] [0][0] [0][0] [1][0] [1][4] [1][13] [1][15] [1][17] [1][23] [1][26] [1][38] [1][44] [1][46] [0][46] [0][33] [0][31] [0][28] [0][31] [0][33] [0][46] [1][46] [2][46] [2][44] [2][46] [3][46] [3][45] [3][42] [3][38] [3][32] [3][29] [3][28] [3][25] [3][13] [3][11] [3][0] [4][0] [4][4] [4][5] [4][7] [4][13] [4][18] [4][19] [4][20] [4][28] [4][29] [4][34] [4][35] [4][46] [5][46] [5][35] [5][32] [5][27] [5][21] [5][20] [5][19] [5][17] [5][4] [5][0] [6][0] [6][16] [6][22] [6][27] [6][29] [6][37] [6][39] [6][46] [7][46] [7][26] [7][15] [7][14] [7][11] [7][6] [7][0] [8][0] [8][10] [8][16] [8][21] [8][31] [8][43] [8][46] [9][46] [9][37] [9][33] [9][29] [9][19] [9][14] [9][8] [9][4] [9][2] [9][0] [8][0] [7][0] [6][0] [5][0] [4][0] [3][0] [2][0] [2][10] [2][18] [2][20] [2][18] [2][10] [2][0] [1][0] [0][0] [0][0] [0][0] 
[0][0] [0][0] [0][0] [0][3] [0][6] [0][10] [0][17] [0][22] [0][33] [0][37] [0][44] [0][45] [0][46] [1][46] [2][46] [2][45] [2][33] [2][30] [2][26] [2][24] [2][18] [2][17] [2][9] [2][7] [2][3] [2][0] [3][0] [3][1] [3][4] [3][10] [3][12] [3][18] [3][22] [3][24] [3][44] [3][45] [3][46] [4][46] [4][45] [4][31] [4][27] [4][31] [4][45] [4][46] [5][46] [5][31] [5][25] [5][20] [5][14] [5][0] [6][0] [6][1] [6][5] [6][1] [6][0] [7][0] [8][0] [8][9] [8][15] [8][22] [8][25] [8][30] [8][36] [8][38] [8][43] [8][46] [7][46] [7][42] [7][41] [7][40] [7][39] [7][38] [7][33] [7][29] [7][33] [7][38] [7][39] [7][40] [7][41] [7][42] [7][46] [8][46] [9][46] [9][42] [9][40] [9][33] [9][31] [9][27] [9][20] [9][17] [9][15] [9][7] [9][0] [8][0] [7][0] [6][0] [5][0] [4][0] [3][0] [2][0] [1][0] [1][2] [1][7] [1][9] [1][18] [1][19] [1][18] [1][9] [1][7] [1][2] [1][0] [0][0] 
[0][0] [0][0] [0][0] [0][9] [0][10] [0][14] [0][23] [0][35] [0][38] [0][41] [0][46] [1][46] [2][46] [2][41] [2][30] [2][11] [2][10] [2][9] [2][8] [2][6] [2][0] [3][0] [3][6] [3][7] [3][8] [3][10] [3][22] [3][29] [3][36] [3][46] [4][46] [4][43] [4][36] [4][31] [4][28] [4][22] [4][14] [4][13] [4][8] [4][7] [4][4] [4][0] [5][0] [5][1] [5][8] [5][9] [5][10] [5][28] [5][34] [5][41] [5][42] [5][46] [6][46] [6][43] [6][34] [6][31] [6][25] [6][31] [6][34] [6][43] [6][46] [7][46] [8][46] [8][44] [8][35] [8][34] [8][33] [8][32] [8][31] [8][32] [8][33] [8][34] [8][35] [8][44] [8][46] [9][46] [9][44] [9][43] [9][26] [9][24] [9][21] [9][12] [9][11] [9][3] [9][1] [9][0] [8][0] [8][1] [8][0] [7][0] [7][8] [7][10] [7][12] [7][13] [7][15] [7][17] [7][20] [7][17] [7][15] [7][13] [7][12] [7][10] [7][8] [7][0] [6][0] [5][0] [4][0] [3][0] [2][0] [1][0] [0][0] 
[0][0] [0][0] [0][0] [0][10] [0][13] [0][16] [0][29] [0][31] [0][34] [0][35] [0][40] [0][46] [1][46] [1][43] [1][40] [1][43] [1][46] [2][46] [2][38] [2][34] [2][31] [2][30] [2][6] [2][5] [2][0] [3][0] [3][3] [3][11] [3][16] [3][24] [3][27] [3][28] [3][34] [3][46] [4][46] [4][33] [4][30] [4][19] [4][14] [4][4] [4][0] [5][0] [5][14] [5][17] [5][21] [5][22] [5][28] [5][32] [5][34] [5][45] [5][46] [6][46] [6][45] [6][41] [6][45] [6][46] [7][46] [7][29] [7][7] [7][6] [7][0] [8][0] [8][5] [8][12] [8][13] [8][16] [8][26] [8][31] [8][33] [8][36] [8][37] [8][42] [8][43] [8][46] [9][46] [9][42] [9][33] [9][30] [9][27] [9][18] [9][16] [9][8] [9][4] [9][0] [8][0] [7][0] [6][0] [6][2] [6][4] [6][8] [6][4] [6][2] [6][0] [5][0] [4][0] [3][0] [2][0] [1][0] [1][5] [1][13] [1][16] [1][17] [1][16] [1][13] [1][5] [1][0] [0][0] 
[0][0] [0][0] [0][0] [0][12] [0][14] [0][25] [0][30] [0][33] [0][46] [1][46] [2][46] [2][45] [2][36] [2][35] [2][34] [2][32] [2][30] [2][23] [2][22] [2][19] [2][16] [2][12] [2][8] [2][6] [2][0] [3][0] [3][2] [3][11] [3][23] [3][25] [3][39] [3][41] [3][46] [4][46] [4][29] [4][28] [4][29] [4][46] [5][46] [5][33] [5][28] [5][23] [5][20] [5][17] [5][16] [5][7] [5][5] [5][4] [5][2] [5][0] [6][0] [6][5] [6][16] [6][27] [6][33] [6][34] [6][40] [6][45] [6][46] [7][46] [7][45] [7][44] [7][39] [7][37] [7][36] [7][29] [7][27] [7][22] [7][18] [7][10] [7][7] [7][5] [7][2] [7][0] [8][0] [8][9] [8][12] [8][15] [8][17] [8][28] [8][29] [8][30] [8][39] [8][41] [8][46] [9][46] [9][31] [9][20] [9][17] [9][0] [8][0] [7][0] [6][0] [5][0] [4][0] [4][3] [4][0] [3][0] [2][0] [1][0] [1][4] [1][0] [0][0] 
[0][0] [0][0] [0][0] [0][2] [0][4] [0][5] [0][8] [0][12] [0][16] [0][17] [0][20] [0][28] [0][41] [0][46] [1][46] [2][46] [2][44] [2][37] [2][28] [2][23] [2][9] [2][6] [2][0] [3][0] [3][6] [3][9] [3][10] [3][14] [3][18] [3][21] [3][22] [3][27] [3][28] [3][35] [3][36] [3][46] [4][46] [4][29] [4][23] [4][18] [4][16] [4][9] [4][0] [5][0] [5][9] [5][25] [5][27] [5][32] [5][36] [5][42] [5][46] [6][46] [7][46] [7][44] [7][29] [7][44] [7][46] [8][46] [8][45] [8][34] [8][29] [8][26] [8][21] [8][20] [8][12] [8][9] [8][5] [8][3] [8][0] [9][0] [9][1] [9][8] [9][11] [9][16] [9][19] [9][20] [9][30] [9][31] [9][32] [9][35] [9][40] [9][46] [8][46] [7][46] [6][46] [6][40] [6][36] [6][34] [6][31] [6][25] [6][23] [6][16] [6][13] [6][12] [6][1] [6][0] [5][0] [4][0] [3][0] [2][0] [1][0] [1][8] [1][9] [1][8] [1][0] [0][0] 
[0][0] [0][0] [0][0] [0][2] [0][3] [0][4] [0][3] [0][2] [0][0] [1][0] [1][5] [1][6] [1][25] [1][29] [1][31] [1][37] [1][45] [1][46] [0][46] [0][39] [0][30] [0][39] [0][46] [1][46] [2][46] [2][40] [2][34] [2][26] [2][25] [2][24] [2][23] [2][19] [2][13] [2][7] [2][2] [2][0] [3][0] [3][3] [3][6] [3][18] [3][20] [3][21] [3][36] [3][39] [3][41] [3][46] [4][46] [4][41] [4][34] [4][20] [4][18] [4][14] [4][13] [4][4] [4][3] [4][0] [5][0] [5][5] [5][9] [5][22] [5][29] [5][33] [5][43] [5][45] [5][46] [6][46] [7][46] [7][40] [7][33] [7][31] [7][29] [7][28] [7][20] [7][19] [7][11] [7][0] [8][0] [8][1] [8][12] [8][15] [8][16] [8][25] [8][29] [8][33] [8][34] [8][46] [9][46] [9][44] [9][41] [9][36] [9][17] [9][0] [8][0] [7][0] [6][0] [5][0] [4][0] [3][0] [2][0] [1][0] [0][0] [0][0] [0][0] 
[0][0] [0][0] [0][0] [0][1] [0][2] [0][3] [0][5] [0][14] [0][15] [0][30] [0][36] [0][46] [1][46] [2][46] [2][29] [2][25] [2][29] [2][46] [3][46] [3][45] [3][42] [3][34] [3][30] [3][28] [3][26] [3][25] [3][19] [3][12] [3][5] [3][0] [4][0] [5][0] [6][0] [6][1] [6][8] [6][10] [6][20] [6][24] [6][26] [6][28] [6][38] [6][46] [7][46] [7][32] [7][29] [7][26] [7][22] [7][20] [7][4] [7][1] [7][0] [8][0] [8][2] [8][5] [8][8] [8][12] [8][19] [8][28] [8][30] [8][32] [8][46] [9][46] [9][33] [9][32] [9][21] [9][19] [9][7] [9][3] [9][0] [8][0] [7][0] [6][0] [5][0] [5][4] [5][5] [5][14] [5][16] [5][19] [5][21] [5][23] [5][36] [5][46] [4][46] [4][33] [4][32] [4][31] [4][30] [4][31] [4][32] [4][33] [4][46] [3][46] [2][46] [1][46] [1][44] [1][37] [1][27] [1][25] [1][15] [1][13] [1][0] [0][0] 
[0][0] [0][0] [0][0] [0][9] [0][17] [0][18] [0][19] [0][22] [0][31] [0][38] [0][46] [1][46] [2][46] [2][43] [2][39] [2][29] [2][39] [2][43] [2][46] [3][46] [3][40] [3][35] [3][34] [3][12] [3][3] [3][0] [4][0] [5][0] [5][1] [5][4] [5][18] [5][19] [5][21] [5][27] [5][44] [5][46] [6][46] [6][32] [6][22] [6][20] [6][14] [6][3] [6][0] [7][0] [7][6] [7][7] [7][10] [7][18] [7][19] [7][24] [7][25] [7][30] [7][32] [7][33] [7][34] [7][35] [7][43] [7][46] [8][46] [9][46] [9][29] [9][27] [9][19] [9][14] [9][9] [9][1] [9][0] [8][0] [8][9] [8][0] [7][0] [6][0] [5][0] [4][0] [4][1] [4][3] [4][4] [4][6] [4][12] [4][13] [4][20] [4][27] [4][34] [4][38] [4][46] [3][46] [2][46] [1][46] [1][43] [1][41] [1][32] [1][31] [1][30] [1][29] [1][26] [1][25] [1][22] [1][15] [1][14] [1][13] [1][0] [0][0] 
[0][0] [0][0] [0][0] [0][13] [0][15] [0][16] [0][21] [0][26] [0][27] [0][30] [0][31] [0][32] [0][37] [0][38] [0][46] [1][46] [1][43] [1][42] [1][38] [1][36] [1][20] [1][19] [1][18] [1][3] [1][0] [2][0] [2][5] [2][15] [2][21] [2][24] [2][27] [2][32] [2][35] [2][46] [3][46] [3][42] [3][36] [3][35] [3][34] [3][32] [3][31] [3][30] [3][15] [3][11] [3][3] [3][0] [4][0] [4][6] [4][11] [4][29] [4][41] [4][43] [4][46] [5][46] [5][39] [5][29] [5][18] [5][15] [5][13] [5][4] [5][0] [6][0] [6][6] [6][9] [6][20] [6][21] [6][24] [6][36] [6][37] [6][43] [6][46] [7][46] [7][34] [7][24] [7][23] [7][22] [7][15] [7][0] [8][0] [8][3] [8][9] [8][11] [8][12] [8][11] [8][9] [8][3] [8][0] [9][0] [9][2] [9][7] [9][18] [9][7] [9][2] [9][0] [8][0] [7][0] [6][0] [5][0] [4][0] [3][0] [2][0] [1][0] [0][0] 
[0][0] [0][0] [0][0] [0][4] [0][8] [0][18] [0][36] [0][37] [0][40] [0][42] [0][45] [0][46] [1][46] [2][46] [2][23] [2][18] [2][14] [2][4] [2][0] [3][0] [3][7] [3][14] [3][17] [3][18] [3][23] [3][33] [3][34] [3][46] [4][46] [4][40] [4][25] [4][23] [4][20] [4][15] [4][5] [4][4] [4][3] [4][1] [4][0] [5][0] [5][4] [5][10] [5][12] [5][13] [5][24] [5][30] [5][33] [5][34] [5][45] [5][46] [6][46] [6][37] [6][28] [6][22] [6][17] [6][16] [6][0] [7][0] [7][9] [7][15] [7][16] [7][18] [7][28] [7][31] [7][32] [7][34] [7][35] [7][46] [8][46] [8][43] [8][42] [8][36] [8][30] [8][29] [8][30] [8][36] [8][42] [8][43] [8][46] [9][46] [9][45] [9][41] [9][33] [9][32] [9][27] [9][8] [9][5] [9][0] [8][0] [8][4] [8][0] [7][0] [6][0] [5][0] [4][0] [3][0] [2][0] [1][0] [1][5] [1][7] [1][12] [1][7] [1][5] [1][0] [0][0] 
