14196
390.339
/home/fflorenci/jobprp_ga/reduced_instances/henn/ran1/reduced_warehouse_37.lyt
/home/fflorenci/jobprp_ga/reduced_instances/henn/ran1/reduced_warehouse_37s-60-30-0.ord
60
30
23
340
120
1
6 22 22 14 17 16 6 20 23 19 23 10 22 17 14 21 22 12 15 5 13 22 13 20 19 13 10 16 13 22 19 24 18 24 10 8 15 19 20 9 7 11 14 13 9 24 7 8 12 8 24 7 8 8 22 12 24 10 10 22 
33
53 40 17 
46 43 58 
28 48 19 
8 0 
32 55 
37 44 
29 52 
18 36 
38 26 
59 47 
2 49 
23 57 
22 42 
24 41 
14 5 
20 4 
7 34 
54 35 
13 25 
3 27 
1 51 
30 11 
15 39 
50 6 
12 
16 
9 
33 
21 
45 
56 
31 
10 
356
384
438
426
454
398
460
446
406
430
464
478
392
448
414
414
466
462
398
512
458
478
470
498
352
370
376
434
408
384
428
442
452
[0][0] [0][0] [0][0] [0][6] [0][7] [0][11] [0][39] [0][42] [0][46] [1][46] [2][46] [3][46] [4][46] [4][43] [4][41] [4][23] [4][10] [4][0] [5][0] [5][7] [5][11] [5][19] [5][30] [5][46] [6][46] [7][46] [8][46] [8][40] [8][46] [9][46] [9][40] [9][46] [8][46] [7][46] [7][37] [7][26] [7][3] [7][0] [6][0] [6][13] [6][15] [6][13] [6][0] [5][0] [4][0] [3][0] [3][3] [3][0] [2][0] [2][5] [2][15] [2][5] [2][0] [1][0] [0][0] 
[0][0] [0][0] [0][0] [1][0] [1][1] [1][0] [2][0] [2][11] [2][16] [2][19] [2][20] [2][21] [2][20] [2][19] [2][16] [2][11] [2][0] [3][0] [3][2] [3][8] [3][15] [3][31] [3][46] [2][46] [1][46] [1][42] [1][37] [1][42] [1][46] [2][46] [3][46] [4][46] [4][45] [4][38] [4][30] [4][17] [4][12] [4][6] [4][0] [5][0] [5][1] [5][2] [5][3] [5][4] [5][21] [5][38] [5][46] [6][46] [6][33] [6][32] [6][33] [6][46] [7][46] [8][46] [9][46] [9][45] [9][41] [9][45] [9][46] [8][46] [8][14] [8][0] [7][0] [6][0] [5][0] [4][0] [3][0] [2][0] [1][0] [0][0] [0][0] [0][0] 
[0][0] [0][0] [0][0] [1][0] [1][2] [1][9] [1][10] [1][9] [1][2] [1][0] [2][0] [2][19] [2][22] [2][30] [2][42] [2][46] [1][46] [1][41] [1][46] [2][46] [3][46] [4][46] [5][46] [6][46] [6][35] [6][34] [6][20] [6][17] [6][0] [7][0] [7][2] [7][14] [7][2] [7][0] [8][0] [8][1] [8][5] [8][8] [8][10] [8][19] [8][27] [8][46] [7][46] [7][43] [7][42] [7][43] [7][46] [8][46] [9][46] [9][30] [9][20] [9][10] [9][0] [8][0] [7][0] [6][0] [5][0] [5][18] [5][21] [5][18] [5][0] [4][0] [4][20] [4][22] [4][20] [4][0] [3][0] [2][0] [1][0] [0][0] [0][0] [0][0] 
[0][0] [0][0] [0][0] [0][7] [0][0] [1][0] [1][19] [1][24] [1][41] [1][43] [1][46] [0][46] [0][38] [0][46] [1][46] [2][46] [3][46] [3][45] [3][44] [3][38] [3][24] [3][13] [3][9] [3][3] [3][0] [4][0] [4][21] [4][29] [4][46] [5][46] [6][46] [7][46] [7][37] [7][20] [7][9] [7][7] [7][0] [8][0] [9][0] [9][4] [9][0] [8][0] [7][0] [6][0] [6][11] [6][13] [6][19] [6][13] [6][11] [6][0] [5][0] [5][3] [5][9] [5][12] [5][9] [5][3] [5][0] [4][0] [3][0] [2][0] [2][8] [2][21] [2][25] [2][21] [2][8] [2][0] [1][0] [0][0] [0][0] [0][0] 
[0][0] [0][0] [0][0] [0][18] [0][0] [1][0] [2][0] [2][26] [2][39] [2][41] [2][44] [2][45] [2][46] [3][46] [3][41] [3][36] [3][17] [3][0] [4][0] [4][12] [4][25] [4][28] [4][33] [4][40] [4][46] [5][46] [6][46] [6][43] [6][23] [6][18] [6][14] [6][8] [6][0] [7][0] [7][22] [7][0] [8][0] [8][10] [8][18] [8][24] [8][31] [8][32] [8][46] [9][46] [9][34] [9][32] [9][27] [9][10] [9][0] [8][0] [7][0] [6][0] [5][0] [5][7] [5][0] [4][0] [3][0] [2][0] [1][0] [0][0] [0][0] [0][0] 
[0][0] [0][0] [0][0] [1][0] [1][13] [1][33] [1][41] [1][46] [2][46] [2][41] [2][32] [2][23] [2][19] [2][8] [2][0] [3][0] [3][12] [3][31] [3][46] [4][46] [4][42] [4][40] [4][42] [4][46] [5][46] [5][36] [5][46] [6][46] [6][44] [6][46] [7][46] [7][35] [7][33] [7][35] [7][46] [8][46] [9][46] [9][39] [9][37] [9][34] [9][20] [9][16] [9][12] [9][0] [8][0] [8][5] [8][0] [7][0] [7][10] [7][0] [6][0] [5][0] [5][5] [5][10] [5][5] [5][0] [4][0] [4][5] [4][12] [4][5] [4][0] [3][0] [2][0] [1][0] [0][0] [0][0] [0][0] 
[0][0] [0][0] [0][0] [0][15] [0][20] [0][23] [0][46] [1][46] [2][46] [3][46] [3][44] [3][46] [4][46] [5][46] [6][46] [6][42] [6][28] [6][15] [6][11] [6][0] [7][0] [7][14] [7][28] [7][36] [7][45] [7][46] [8][46] [9][46] [9][38] [9][21] [9][19] [9][1] [9][0] [8][0] [8][9] [8][10] [8][25] [8][10] [8][9] [8][0] [7][0] [6][0] [5][0] [5][15] [5][0] [4][0] [4][6] [4][7] [4][6] [4][0] [3][0] [3][2] [3][15] [3][2] [3][0] [2][0] [2][7] [2][15] [2][7] [2][0] [1][0] [1][5] [1][12] [1][17] [1][12] [1][5] [1][0] [0][0] 
[0][0] [0][0] [0][0] [0][18] [0][19] [0][29] [0][41] [0][45] [0][46] [1][46] [1][28] [1][22] [1][19] [1][12] [1][0] [2][0] [2][5] [2][15] [2][27] [2][28] [2][46] [3][46] [3][42] [3][40] [3][42] [3][46] [4][46] [4][39] [4][36] [4][39] [4][46] [5][46] [5][32] [5][46] [6][46] [7][46] [7][33] [7][46] [8][46] [8][36] [8][23] [8][0] [9][0] [9][3] [9][15] [9][20] [9][30] [9][46] [8][46] [7][46] [6][46] [6][45] [6][25] [6][19] [6][5] [6][0] [5][0] [5][4] [5][0] [4][0] [3][0] [2][0] [1][0] [0][0] 
[0][0] [0][0] [0][0] [0][3] [0][21] [0][27] [0][38] [0][46] [1][46] [1][29] [1][46] [2][46] [2][25] [2][15] [2][0] [3][0] [3][13] [3][27] [3][28] [3][44] [3][46] [4][46] [4][41] [4][38] [4][30] [4][38] [4][41] [4][46] [5][46] [5][45] [5][46] [6][46] [7][46] [7][44] [7][43] [7][38] [7][35] [7][38] [7][43] [7][44] [7][46] [8][46] [9][46] [9][36] [9][29] [9][17] [9][15] [9][0] [8][0] [7][0] [6][0] [6][2] [6][4] [6][9] [6][14] [6][15] [6][20] [6][15] [6][14] [6][9] [6][4] [6][2] [6][0] [5][0] [4][0] [3][0] [2][0] [1][0] [1][7] [1][0] [0][0] 
[0][0] [0][0] [0][0] [0][6] [0][0] [1][0] [1][30] [1][41] [1][46] [2][46] [2][43] [2][42] [2][43] [2][46] [3][46] [3][43] [3][42] [3][43] [3][46] [4][46] [5][46] [5][44] [5][30] [5][44] [5][46] [6][46] [6][26] [6][24] [6][0] [7][0] [7][22] [7][24] [7][27] [7][34] [7][40] [7][46] [8][46] [9][46] [9][45] [9][40] [9][45] [9][46] [8][46] [8][42] [8][25] [8][23] [8][15] [8][0] [9][0] [9][3] [9][7] [9][3] [9][0] [8][0] [7][0] [6][0] [5][0] [5][1] [5][0] [4][0] [4][15] [4][0] [3][0] [3][16] [3][21] [3][16] [3][0] [2][0] [1][0] [0][0] [0][0] [0][0] 
[0][0] [0][0] [0][0] [0][10] [0][0] [1][0] [1][12] [1][19] [1][21] [1][23] [1][24] [1][34] [1][35] [1][42] [1][46] [2][46] [2][40] [2][19] [2][8] [2][0] [3][0] [3][9] [3][18] [3][30] [3][34] [3][46] [4][46] [4][30] [4][13] [4][9] [4][0] [5][0] [6][0] [6][18] [6][20] [6][25] [6][46] [7][46] [8][46] [9][46] [9][37] [9][31] [9][6] [9][0] [8][0] [8][20] [8][23] [8][20] [8][0] [7][0] [7][11] [7][19] [7][11] [7][0] [6][0] [5][0] [4][0] [3][0] [2][0] [1][0] [0][0] [0][0] [0][0] 
[0][0] [0][0] [0][0] [0][2] [0][16] [0][34] [0][42] [0][46] [1][46] [1][35] [1][46] [2][46] [2][43] [2][37] [2][22] [2][0] [3][0] [3][21] [3][28] [3][46] [4][46] [4][45] [4][46] [5][46] [5][41] [5][46] [6][46] [6][42] [6][46] [7][46] [8][46] [9][46] [9][28] [9][21] [9][5] [9][0] [8][0] [8][5] [8][22] [8][23] [8][22] [8][5] [8][0] [7][0] [7][15] [7][20] [7][15] [7][0] [6][0] [6][6] [6][11] [6][6] [6][0] [5][0] [5][6] [5][17] [5][6] [5][0] [4][0] [4][7] [4][13] [4][15] [4][16] [4][15] [4][13] [4][7] [4][0] [3][0] [2][0] [1][0] [0][0] 
[0][0] [0][0] [0][0] [0][19] [0][32] [0][46] [1][46] [1][38] [1][36] [1][38] [1][46] [2][46] [2][37] [2][32] [2][37] [2][46] [3][46] [3][41] [3][46] [4][46] [4][42] [4][40] [4][42] [4][46] [5][46] [5][42] [5][46] [6][46] [7][46] [8][46] [8][45] [8][46] [9][46] [9][42] [9][40] [9][42] [9][46] [8][46] [7][46] [7][45] [7][37] [7][19] [7][18] [7][13] [7][12] [7][8] [7][0] [8][0] [8][2] [8][18] [8][19] [8][18] [8][2] [8][0] [9][0] [9][7] [9][0] [8][0] [7][0] [6][0] [6][12] [6][20] [6][12] [6][0] [5][0] [5][11] [5][0] [4][0] [3][0] [2][0] [1][0] [0][0] 
[0][0] [0][0] [0][0] [0][16] [0][21] [0][25] [0][29] [0][34] [0][46] [1][46] [2][46] [2][42] [2][46] [3][46] [3][38] [3][31] [3][13] [3][0] [4][0] [4][7] [4][8] [4][23] [4][24] [4][25] [4][46] [5][46] [5][42] [5][46] [6][46] [6][42] [6][35] [6][42] [6][46] [7][46] [8][46] [9][46] [9][33] [9][46] [8][46] [8][40] [8][35] [8][12] [8][5] [8][0] [7][0] [7][9] [7][16] [7][9] [7][0] [6][0] [5][0] [5][17] [5][20] [5][17] [5][0] [4][0] [3][0] [2][0] [2][7] [2][0] [1][0] [1][17] [1][18] [1][17] [1][0] [0][0] 
[0][0] [0][0] [0][0] [0][11] [0][12] [0][11] [0][0] [1][0] [2][0] [2][20] [2][24] [2][35] [2][39] [2][46] [1][46] [1][42] [1][33] [1][42] [1][46] [2][46] [3][46] [4][46] [5][46] [5][43] [5][46] [6][46] [6][31] [6][30] [6][31] [6][46] [7][46] [8][46] [8][39] [8][34] [8][33] [8][17] [8][7] [8][0] [7][0] [7][2] [7][3] [7][2] [7][0] [8][0] [9][0] [9][10] [9][22] [9][43] [9][46] [8][46] [7][46] [6][46] [5][46] [4][46] [4][42] [4][41] [4][31] [4][18] [4][9] [4][7] [4][0] [5][0] [5][9] [5][0] [4][0] [3][0] [3][1] [3][4] [3][1] [3][0] [2][0] [1][0] [0][0] [0][0] [0][0] 
[0][0] [0][0] [0][0] [0][11] [0][15] [0][16] [0][15] [0][11] [0][0] [1][0] [1][1] [1][19] [1][35] [1][46] [2][46] [3][46] [3][44] [3][46] [4][46] [4][24] [4][22] [4][19] [4][15] [4][12] [4][0] [5][0] [6][0] [7][0] [8][0] [8][12] [8][13] [8][22] [8][32] [8][41] [8][46] [9][46] [9][27] [9][25] [9][27] [9][46] [8][46] [7][46] [6][46] [6][35] [6][29] [6][35] [6][46] [5][46] [5][42] [5][39] [5][26] [5][39] [5][42] [5][46] [4][46] [3][46] [2][46] [2][45] [2][44] [2][30] [2][9] [2][0] [1][0] [0][0] [0][0] [0][0] 
[0][0] [0][0] [0][0] [0][2] [0][17] [0][23] [0][40] [0][46] [1][46] [1][29] [1][22] [1][20] [1][7] [1][0] [2][0] [2][8] [2][16] [2][8] [2][0] [3][0] [3][3] [3][7] [3][22] [3][46] [4][46] [4][40] [4][28] [4][40] [4][46] [5][46] [6][46] [7][46] [7][39] [7][31] [7][25] [7][31] [7][39] [7][46] [8][46] [8][38] [8][29] [8][25] [8][10] [8][4] [8][0] [9][0] [9][11] [9][20] [9][31] [9][46] [8][46] [7][46] [6][46] [6][34] [6][25] [6][19] [6][12] [6][0] [5][0] [4][0] [3][0] [2][0] [1][0] [0][0] 
[0][0] [0][0] [0][0] [1][0] [1][21] [1][26] [1][32] [1][33] [1][46] [0][46] [0][37] [0][29] [0][37] [0][46] [1][46] [2][46] [3][46] [3][43] [3][46] [4][46] [4][39] [4][32] [4][30] [4][20] [4][0] [5][0] [5][19] [5][34] [5][46] [6][46] [6][43] [6][39] [6][25] [6][22] [6][25] [6][39] [6][43] [6][46] [7][46] [7][30] [7][29] [7][30] [7][46] [8][46] [8][41] [8][39] [8][37] [8][30] [8][17] [8][4] [8][2] [8][0] [7][0] [6][0] [5][0] [4][0] [3][0] [3][9] [3][17] [3][9] [3][0] [2][0] [2][22] [2][0] [1][0] [0][0] [0][0] [0][0] 
[0][0] [0][0] [0][0] [0][30] [0][38] [0][46] [1][46] [1][41] [1][40] [1][36] [1][11] [1][0] [2][0] [2][10] [2][20] [2][22] [2][28] [2][36] [2][46] [3][46] [3][36] [3][31] [3][36] [3][46] [4][46] [4][43] [4][46] [5][46] [5][38] [5][37] [5][38] [5][46] [6][46] [6][34] [6][46] [7][46] [8][46] [8][39] [8][28] [8][39] [8][46] [7][46] [7][34] [7][28] [7][21] [7][9] [7][2] [7][0] [8][0] [8][8] [8][0] [7][0] [6][0] [5][0] [4][0] [4][4] [4][0] [3][0] [2][0] [1][0] [0][0] 
[0][0] [0][0] [0][0] [0][21] [0][29] [0][40] [0][42] [0][46] [1][46] [2][46] [3][46] [3][38] [3][36] [3][24] [3][36] [3][38] [3][46] [4][46] [4][27] [4][46] [5][46] [5][34] [5][20] [5][18] [5][0] [6][0] [7][0] [7][15] [7][22] [7][46] [8][46] [8][30] [8][46] [9][46] [9][45] [9][38] [9][21] [9][11] [9][7] [9][0] [8][0] [8][2] [8][4] [8][2] [8][0] [7][0] [6][0] [6][5] [6][9] [6][12] [6][25] [6][35] [6][46] [5][46] [4][46] [3][46] [2][46] [2][33] [2][11] [2][2] [2][0] [1][0] [1][18] [1][0] [0][0] 
[0][0] [0][0] [0][0] [1][0] [1][12] [1][21] [1][28] [1][43] [1][46] [0][46] [0][44] [0][25] [0][44] [0][46] [1][46] [2][46] [2][40] [2][39] [2][35] [2][39] [2][40] [2][46] [3][46] [3][40] [3][46] [4][46] [4][34] [4][46] [5][46] [6][46] [6][26] [6][46] [7][46] [7][43] [7][37] [7][18] [7][17] [7][7] [7][5] [7][1] [7][0] [8][0] [9][0] [9][6] [9][8] [9][25] [9][37] [9][46] [8][46] [8][30] [8][28] [8][30] [8][46] [7][46] [6][46] [5][46] [5][39] [5][18] [5][0] [4][0] [3][0] [3][6] [3][0] [2][0] [2][1] [2][0] [1][0] [0][0] [0][0] [0][0] 
[0][0] [0][0] [0][0] [0][9] [0][11] [0][37] [0][38] [0][46] [1][46] [1][38] [1][36] [1][33] [1][36] [1][38] [1][46] [2][46] [3][46] [3][41] [3][46] [4][46] [4][45] [4][27] [4][24] [4][20] [4][19] [4][2] [4][0] [5][0] [5][11] [5][18] [5][11] [5][0] [6][0] [6][22] [6][41] [6][46] [7][46] [7][37] [7][46] [8][46] [9][46] [9][28] [9][23] [9][16] [9][0] [8][0] [8][13] [8][14] [8][13] [8][0] [7][0] [7][9] [7][13] [7][9] [7][0] [6][0] [5][0] [4][0] [3][0] [3][9] [3][0] [2][0] [2][19] [2][0] [1][0] [1][7] [1][0] [0][0] 
[0][0] [0][0] [0][0] [1][0] [1][5] [1][17] [1][27] [1][46] [0][46] [0][36] [0][29] [0][36] [0][46] [1][46] [2][46] [2][43] [2][34] [2][29] [2][24] [2][8] [2][0] [3][0] [3][9] [3][24] [3][32] [3][46] [4][46] [5][46] [6][46] [6][32] [6][29] [6][25] [6][29] [6][32] [6][46] [7][46] [7][32] [7][31] [7][32] [7][46] [8][46] [8][34] [8][22] [8][14] [8][0] [9][0] [9][7] [9][12] [9][13] [9][15] [9][26] [9][43] [9][46] [8][46] [7][46] [6][46] [5][46] [5][21] [5][15] [5][10] [5][0] [4][0] [3][0] [2][0] [1][0] [0][0] [0][0] [0][0] 
[0][0] [0][0] [0][0] [0][19] [0][26] [0][30] [0][35] [0][46] [1][46] [1][38] [1][23] [1][20] [1][0] [2][0] [2][21] [2][23] [2][36] [2][46] [3][46] [3][27] [3][46] [4][46] [4][44] [4][46] [5][46] [6][46] [6][45] [6][46] [7][46] [7][38] [7][24] [7][18] [7][0] [8][0] [8][15] [8][27] [8][39] [8][46] [9][46] [9][29] [9][13] [9][5] [9][0] [8][0] [7][0] [6][0] [6][6] [6][0] [5][0] [5][8] [5][11] [5][20] [5][11] [5][8] [5][0] [4][0] [4][10] [4][16] [4][19] [4][16] [4][10] [4][0] [3][0] [3][5] [3][0] [2][0] [1][0] [0][0] 
[0][0] [0][0] [0][0] [0][18] [0][23] [0][33] [0][40] [0][46] [1][46] [2][46] [2][24] [2][6] [2][2] [2][0] [3][0] [4][0] [4][9] [4][0] [5][0] [5][3] [5][14] [5][15] [5][24] [5][39] [5][46] [4][46] [4][36] [4][46] [5][46] [6][46] [7][46] [8][46] [8][43] [8][36] [8][13] [8][9] [8][0] [9][0] [9][5] [9][0] [8][0] [7][0] [6][0] [5][0] [4][0] [3][0] [2][0] [1][0] [1][1] [1][7] [1][13] [1][7] [1][1] [1][0] [0][0] 
[0][0] [0][0] [0][0] [0][8] [0][10] [0][45] [0][46] [1][46] [1][39] [1][46] [2][46] [2][42] [2][46] [3][46] [4][46] [5][46] [5][35] [5][46] [6][46] [6][44] [6][19] [6][10] [6][9] [6][0] [7][0] [7][1] [7][0] [8][0] [8][16] [8][21] [8][27] [8][39] [8][46] [9][46] [9][28] [9][7] [9][4] [9][3] [9][0] [8][0] [7][0] [6][0] [5][0] [5][9] [5][0] [4][0] [3][0] [3][19] [3][0] [2][0] [1][0] [1][2] [1][0] [0][0] 
[0][0] [0][0] [0][0] [0][17] [0][23] [0][46] [1][46] [1][42] [1][36] [1][42] [1][46] [2][46] [3][46] [3][39] [3][46] [4][46] [5][46] [6][46] [6][33] [6][46] [7][46] [8][46] [8][41] [8][30] [8][16] [8][14] [8][7] [8][0] [9][0] [9][22] [9][32] [9][46] [8][46] [7][46] [6][46] [5][46] [5][42] [5][34] [5][17] [5][0] [4][0] [4][10] [4][17] [4][10] [4][0] [3][0] [2][0] [2][9] [2][0] [1][0] [0][0] 
[0][0] [0][0] [0][0] [0][6] [0][0] [1][0] [1][20] [1][33] [1][36] [1][42] [1][46] [0][46] [0][36] [0][46] [1][46] [2][46] [2][37] [2][29] [2][37] [2][46] [3][46] [4][46] [4][42] [4][46] [5][46] [5][43] [5][42] [5][43] [5][46] [6][46] [6][26] [6][46] [7][46] [7][44] [7][35] [7][10] [7][0] [8][0] [8][13] [8][20] [8][28] [8][38] [8][46] [9][46] [9][27] [9][24] [9][27] [9][46] [8][46] [7][46] [6][46] [5][46] [4][46] [3][46] [3][32] [3][20] [3][8] [3][0] [2][0] [1][0] [0][0] [0][0] [0][0] 
[0][0] [0][0] [0][0] [0][17] [0][0] [1][0] [1][3] [1][7] [1][21] [1][32] [1][37] [1][38] [1][46] [2][46] [3][46] [3][39] [3][46] [4][46] [5][46] [5][36] [5][13] [5][5] [5][0] [6][0] [7][0] [7][5] [7][26] [7][38] [7][46] [8][46] [9][46] [9][44] [9][46] [8][46] [8][35] [8][15] [8][8] [8][0] [9][0] [9][3] [9][0] [8][0] [7][0] [6][0] [5][0] [4][0] [4][3] [4][0] [3][0] [3][14] [3][0] [2][0] [2][20] [2][0] [1][0] [0][0] [0][0] [0][0] 
[0][0] [0][0] [0][0] [0][13] [0][17] [0][32] [0][34] [0][40] [0][46] [1][46] [1][26] [1][19] [1][0] [2][0] [2][17] [2][23] [2][34] [2][43] [2][46] [3][46] [4][46] [4][42] [4][46] [5][46] [5][44] [5][46] [6][46] [7][46] [8][46] [8][24] [8][46] [9][46] [9][34] [9][23] [9][8] [9][6] [9][0] [8][0] [7][0] [7][5] [7][18] [7][5] [7][0] [6][0] [6][6] [6][0] [5][0] [4][0] [3][0] [3][2] [3][8] [3][2] [3][0] [2][0] [1][0] [0][0] 
[0][0] [0][0] [0][0] [0][11] [0][18] [0][29] [0][46] [1][46] [1][33] [1][27] [1][33] [1][46] [2][46] [2][45] [2][26] [2][6] [2][5] [2][0] [3][0] [3][5] [3][15] [3][34] [3][42] [3][46] [4][46] [4][38] [4][33] [4][29] [4][33] [4][38] [4][46] [5][46] [6][46] [6][42] [6][46] [7][46] [8][46] [9][46] [9][44] [9][23] [9][44] [9][46] [8][46] [7][46] [7][40] [7][31] [7][16] [7][0] [6][0] [6][12] [6][0] [5][0] [4][0] [4][8] [4][0] [3][0] [2][0] [1][0] [0][0] 
[0][0] [0][0] [0][0] [0][14] [0][19] [0][31] [0][46] [1][46] [2][46] [3][46] [4][46] [4][27] [4][20] [4][0] [5][0] [5][3] [5][18] [5][32] [5][33] [5][39] [5][46] [6][46] [7][46] [7][36] [7][46] [8][46] [8][27] [8][46] [9][46] [9][45] [9][18] [9][17] [9][16] [9][8] [9][0] [8][0] [7][0] [7][13] [7][0] [6][0] [6][16] [6][21] [6][16] [6][0] [5][0] [4][0] [3][0] [3][1] [3][19] [3][1] [3][0] [2][0] [2][6] [2][0] [1][0] [0][0] 
[0][0] [0][0] [0][0] [0][22] [0][26] [0][40] [0][46] [1][46] [1][45] [1][24] [1][45] [1][46] [2][46] [2][40] [2][46] [3][46] [3][35] [3][32] [3][35] [3][46] [4][46] [4][36] [4][33] [4][36] [4][46] [5][46] [5][23] [5][19] [5][17] [5][1] [5][0] [6][0] [6][4] [6][26] [6][46] [7][46] [7][30] [7][46] [8][46] [9][46] [9][32] [9][46] [8][46] [8][27] [8][22] [8][0] [9][0] [9][1] [9][0] [8][0] [7][0] [6][0] [5][0] [4][0] [4][6] [4][0] [3][0] [2][0] [1][0] [0][0] 
