9478
418.598
/home/fflorenci/jobprp_ga/reduced_instances/henn/ran2/reduced_warehouse_47.lyt
/home/fflorenci/jobprp_ga/reduced_instances/henn/ran2/reduced_warehouse_47l-80-60-0.ord
80
60
13
340
120
1
10 7 15 13 7 13 19 17 23 21 14 13 11 16 23 21 22 23 12 7 18 13 15 7 6 15 11 11 19 23 19 23 6 18 8 14 13 6 16 19 13 24 8 10 8 12 10 17 11 8 12 5 8 20 20 6 21 18 16 19 13 15 21 22 23 8 13 23 14 22 12 5 22 14 14 22 10 14 11 23 
20
32 55 52 1 33 24 19 
23 27 18 34 10 44 
50 61 74 46 42 
3 49 40 77 43 
48 22 25 73 71 
16 37 45 53 
26 4 7 8 
76 28 36 38 
5 59 54 65 
62 67 0 51 
58 13 68 66 
39 47 60 78 
72 41 70 
20 79 6 
56 64 11 
69 17 12 
30 31 57 
63 75 2 
29 21 15 
9 14 35 
432
458
474
446
396
474
480
486
460
494
424
512
482
484
486
474
502
514
500
500
[0][0] [0][0] [0][0] [0][1] [0][12] [0][19] [0][22] [0][25] [0][26] [0][37] [0][42] [0][45] [0][46] [1][46] [1][28] [1][27] [1][24] [1][17] [1][0] [2][0] [2][1] [2][8] [2][9] [2][10] [2][16] [2][22] [2][23] [2][46] [3][46] [4][46] [5][46] [5][43] [5][39] [5][36] [5][32] [5][20] [5][15] [5][7] [5][6] [5][0] [6][0] [6][10] [6][14] [6][21] [6][44] [6][46] [7][46] [7][44] [7][43] [7][40] [7][43] [7][44] [7][46] [8][46] [9][46] [9][42] [9][40] [9][35] [9][33] [9][21] [9][14] [9][12] [9][3] [9][0] [8][0] [8][1] [8][7] [8][8] [8][17] [8][23] [8][26] [8][23] [8][17] [8][8] [8][7] [8][1] [8][0] [7][0] [7][4] [7][5] [7][4] [7][0] [6][0] [5][0] [4][0] [3][0] [2][0] [1][0] [0][0] 
[0][0] [0][0] [0][0] [0][11] [0][14] [0][19] [0][31] [0][43] [0][46] [1][46] [1][45] [1][31] [1][24] [1][20] [1][7] [1][5] [1][3] [1][0] [2][0] [2][1] [2][0] [3][0] [3][8] [3][14] [3][15] [3][21] [3][37] [3][42] [3][46] [4][46] [4][36] [4][27] [4][20] [4][18] [4][14] [4][4] [4][0] [5][0] [5][8] [5][16] [5][19] [5][28] [5][30] [5][36] [5][41] [5][44] [5][46] [6][46] [7][46] [7][37] [7][29] [7][21] [7][18] [7][17] [7][10] [7][5] [7][1] [7][0] [8][0] [8][11] [8][27] [8][28] [8][30] [8][35] [8][37] [8][39] [8][46] [9][46] [9][45] [9][21] [9][19] [9][17] [9][16] [9][6] [9][0] [8][0] [7][0] [6][0] [6][2] [6][3] [6][2] [6][0] [5][0] [4][0] [3][0] [2][0] [1][0] [0][0] 
[0][0] [0][0] [0][0] [0][4] [0][13] [0][19] [0][22] [0][30] [0][31] [0][36] [0][38] [0][44] [0][46] [1][46] [1][39] [1][36] [1][33] [1][32] [1][29] [1][22] [1][13] [1][9] [1][0] [2][0] [2][6] [2][12] [2][17] [2][19] [2][42] [2][46] [3][46] [3][41] [3][34] [3][30] [3][29] [3][16] [3][11] [3][0] [4][0] [4][5] [4][19] [4][23] [4][26] [4][28] [4][32] [4][40] [4][46] [5][46] [5][37] [5][36] [5][24] [5][36] [5][37] [5][46] [6][46] [6][45] [6][44] [6][43] [6][41] [6][43] [6][44] [6][45] [6][46] [7][46] [8][46] [9][46] [9][40] [9][46] [8][46] [8][42] [8][40] [8][35] [8][32] [8][23] [8][21] [8][14] [8][0] [9][0] [9][7] [9][8] [9][16] [9][8] [9][7] [9][0] [8][0] [7][0] [7][3] [7][5] [7][3] [7][0] [6][0] [6][1] [6][0] [5][0] [4][0] [3][0] [2][0] [1][0] [0][0] 
[0][0] [0][0] [0][0] [0][11] [0][15] [0][16] [0][39] [0][40] [0][46] [1][46] [1][43] [1][41] [1][43] [1][46] [2][46] [2][44] [2][43] [2][28] [2][26] [2][17] [2][10] [2][6] [2][5] [2][0] [3][0] [3][3] [3][0] [4][0] [4][13] [4][17] [4][18] [4][20] [4][21] [4][25] [4][39] [4][40] [4][43] [4][46] [5][46] [5][32] [5][16] [5][12] [5][10] [5][0] [6][0] [6][4] [6][9] [6][13] [6][16] [6][17] [6][18] [6][24] [6][28] [6][30] [6][37] [6][46] [7][46] [7][44] [7][46] [8][46] [9][46] [9][45] [9][39] [9][45] [9][46] [8][46] [8][36] [8][35] [8][30] [8][20] [8][15] [8][13] [8][5] [8][4] [8][0] [9][0] [9][2] [9][0] [8][0] [7][0] [7][14] [7][21] [7][22] [7][21] [7][14] [7][0] [6][0] [5][0] [4][0] [3][0] [2][0] [1][0] [0][0] 
[0][0] [0][0] [0][0] [0][1] [0][5] [0][6] [0][10] [0][19] [0][20] [0][21] [0][20] [0][19] [0][10] [0][6] [0][5] [0][1] [0][0] [1][0] [1][3] [1][6] [1][8] [1][9] [1][18] [1][21] [1][26] [1][31] [1][45] [1][46] [2][46] [2][41] [2][46] [3][46] [4][46] [4][42] [4][29] [4][25] [4][20] [4][19] [4][17] [4][16] [4][14] [4][12] [4][11] [4][8] [4][7] [4][5] [4][3] [4][1] [4][0] [5][0] [5][1] [5][6] [5][9] [5][14] [5][18] [5][14] [5][9] [5][6] [5][1] [5][0] [6][0] [6][1] [6][5] [6][14] [6][27] [6][37] [6][46] [7][46] [7][44] [7][46] [8][46] [9][46] [9][44] [9][42] [9][37] [9][36] [9][32] [9][28] [9][24] [9][18] [9][14] [9][0] [8][0] [7][0] [6][0] [5][0] [4][0] [3][0] [3][3] [3][4] [3][16] [3][4] [3][3] [3][0] [2][0] [2][1] [2][3] [2][1] [2][0] [1][0] [0][0] [0][0] [0][0] 
[0][0] [0][0] [0][0] [0][3] [0][5] [0][16] [0][23] [0][33] [0][42] [0][46] [1][46] [1][41] [1][22] [1][18] [1][3] [1][0] [2][0] [2][8] [2][13] [2][16] [2][25] [2][30] [2][42] [2][46] [3][46] [3][41] [3][46] [4][46] [4][40] [4][38] [4][36] [4][35] [4][25] [4][24] [4][23] [4][15] [4][13] [4][7] [4][4] [4][0] [5][0] [5][2] [5][4] [5][18] [5][22] [5][46] [6][46] [6][44] [6][39] [6][37] [6][39] [6][44] [6][46] [7][46] [7][45] [7][37] [7][35] [7][19] [7][6] [7][3] [7][1] [7][0] [8][0] [8][9] [8][17] [8][18] [8][30] [8][39] [8][40] [8][44] [8][45] [8][46] [9][46] [9][41] [9][39] [9][26] [9][22] [9][20] [9][14] [9][0] [8][0] [7][0] [6][0] [5][0] [4][0] [3][0] [2][0] [1][0] [0][0] 
[0][0] [0][0] [0][0] [0][3] [0][7] [0][16] [0][19] [0][33] [0][38] [0][46] [1][46] [1][42] [1][30] [1][42] [1][46] [2][46] [2][45] [2][32] [2][24] [2][18] [2][13] [2][0] [3][0] [3][4] [3][9] [3][13] [3][21] [3][25] [3][34] [3][39] [3][44] [3][46] [4][46] [4][43] [4][30] [4][29] [4][28] [4][22] [4][21] [4][0] [5][0] [6][0] [6][8] [6][12] [6][16] [6][19] [6][21] [6][26] [6][27] [6][44] [6][46] [7][46] [7][44] [7][27] [7][25] [7][22] [7][11] [7][7] [7][0] [8][0] [8][3] [8][7] [8][13] [8][15] [8][16] [8][20] [8][33] [8][46] [9][46] [9][42] [9][41] [9][39] [9][37] [9][25] [9][24] [9][23] [9][15] [9][3] [9][1] [9][0] [8][0] [7][0] [6][0] [5][0] [4][0] [3][0] [2][0] [1][0] [0][0] 
[0][0] [0][0] [0][0] [0][4] [0][15] [0][16] [0][24] [0][36] [0][41] [0][46] [1][46] [2][46] [2][44] [2][34] [2][32] [2][28] [2][27] [2][28] [2][32] [2][34] [2][44] [2][46] [3][46] [3][40] [3][16] [3][7] [3][2] [3][0] [4][0] [5][0] [5][1] [5][18] [5][40] [5][43] [5][46] [6][46] [6][38] [6][33] [6][24] [6][23] [6][20] [6][18] [6][12] [6][10] [6][2] [6][0] [7][0] [7][2] [7][13] [7][18] [7][20] [7][28] [7][46] [8][46] [9][46] [9][44] [9][38] [9][35] [9][31] [9][17] [9][15] [9][0] [8][0] [7][0] [6][0] [5][0] [4][0] [4][2] [4][12] [4][17] [4][21] [4][28] [4][30] [4][31] [4][46] [3][46] [2][46] [1][46] [1][39] [1][36] [1][25] [1][23] [1][13] [1][7] [1][4] [1][3] [1][0] [0][0] 
[0][0] [0][0] [0][0] [0][12] [0][29] [0][31] [0][44] [0][46] [1][46] [1][31] [1][27] [1][24] [1][16] [1][14] [1][12] [1][0] [2][0] [2][4] [2][10] [2][30] [2][39] [2][46] [3][46] [3][43] [3][37] [3][34] [3][24] [3][20] [3][17] [3][14] [3][0] [4][0] [4][6] [4][10] [4][12] [4][19] [4][27] [4][28] [4][32] [4][38] [4][43] [4][44] [4][46] [5][46] [5][34] [5][25] [5][24] [5][18] [5][16] [5][10] [5][1] [5][0] [6][0] [6][2] [6][14] [6][23] [6][39] [6][40] [6][41] [6][46] [7][46] [8][46] [9][46] [9][43] [9][42] [9][40] [9][42] [9][43] [9][46] [8][46] [7][46] [7][45] [7][42] [7][39] [7][36] [7][34] [7][15] [7][10] [7][8] [7][4] [7][0] [6][0] [5][0] [4][0] [3][0] [2][0] [1][0] [0][0] 
[0][0] [0][0] [0][0] [0][3] [0][13] [0][19] [0][23] [0][28] [0][30] [0][34] [0][40] [0][46] [1][46] [1][36] [1][25] [1][18] [1][12] [1][5] [1][3] [1][0] [2][0] [2][3] [2][13] [2][15] [2][28] [2][35] [2][37] [2][40] [2][43] [2][46] [3][46] [4][46] [4][41] [4][46] [5][46] [5][45] [5][44] [5][43] [5][44] [5][45] [5][46] [6][46] [6][42] [6][41] [6][19] [6][8] [6][5] [6][1] [6][0] [7][0] [8][0] [8][5] [8][9] [8][16] [8][18] [8][27] [8][33] [8][38] [8][46] [9][46] [9][27] [9][23] [9][13] [9][11] [9][0] [8][0] [7][0] [7][19] [7][22] [7][25] [7][40] [7][42] [7][45] [7][46] [6][46] [5][46] [4][46] [3][46] [3][44] [3][40] [3][30] [3][24] [3][19] [3][0] [4][0] [4][12] [4][0] [3][0] [2][0] [1][0] [0][0] 
[0][0] [0][0] [0][0] [0][3] [0][21] [0][28] [0][29] [0][32] [0][35] [0][44] [0][46] [1][46] [2][46] [2][45] [2][38] [2][35] [2][33] [2][24] [2][21] [2][15] [2][6] [2][0] [3][0] [3][1] [3][3] [3][17] [3][23] [3][24] [3][37] [3][45] [3][46] [4][46] [4][41] [4][39] [4][37] [4][39] [4][41] [4][46] [5][46] [5][40] [5][37] [5][29] [5][37] [5][40] [5][46] [6][46] [6][45] [6][44] [6][43] [6][41] [6][34] [6][33] [6][28] [6][25] [6][21] [6][11] [6][0] [7][0] [8][0] [8][8] [8][10] [8][14] [8][15] [8][16] [8][20] [8][35] [8][37] [8][46] [9][46] [9][34] [9][31] [9][23] [9][10] [9][5] [9][1] [9][0] [8][0] [7][0] [6][0] [5][0] [5][4] [5][0] [4][0] [4][1] [4][0] [3][0] [2][0] [1][0] [1][3] [1][0] [0][0] 
[0][0] [0][0] [0][0] [0][5] [0][10] [0][13] [0][15] [0][32] [0][38] [0][41] [0][46] [1][46] [1][44] [1][25] [1][13] [1][6] [1][0] [2][0] [2][6] [2][14] [2][19] [2][26] [2][32] [2][40] [2][42] [2][45] [2][46] [3][46] [3][40] [3][46] [4][46] [4][40] [4][39] [4][36] [4][32] [4][27] [4][22] [4][27] [4][32] [4][36] [4][39] [4][40] [4][46] [5][46] [5][43] [5][42] [5][34] [5][42] [5][43] [5][46] [6][46] [6][37] [6][32] [6][14] [6][10] [6][0] [7][0] [7][9] [7][16] [7][25] [7][29] [7][31] [7][46] [8][46] [9][46] [9][41] [9][34] [9][23] [9][34] [9][41] [9][46] [8][46] [8][44] [8][28] [8][22] [8][19] [8][18] [8][17] [8][10] [8][5] [8][4] [8][0] [7][0] [6][0] [5][0] [5][1] [5][4] [5][1] [5][0] [4][0] [4][2] [4][0] [3][0] [3][6] [3][7] [3][9] [3][7] [3][6] [3][0] [2][0] [1][0] [0][0] 
[0][0] [0][0] [0][0] [0][8] [0][26] [0][28] [0][37] [0][40] [0][46] [1][46] [2][46] [2][44] [2][43] [2][29] [2][43] [2][44] [2][46] [3][46] [3][44] [3][39] [3][30] [3][26] [3][19] [3][18] [3][17] [3][1] [3][0] [4][0] [5][0] [6][0] [6][1] [6][15] [6][27] [6][32] [6][35] [6][41] [6][46] [7][46] [7][31] [7][29] [7][28] [7][21] [7][20] [7][15] [7][13] [7][0] [8][0] [8][3] [8][8] [8][9] [8][11] [8][20] [8][25] [8][41] [8][43] [8][45] [8][46] [9][46] [9][36] [9][31] [9][25] [9][20] [9][19] [9][11] [9][6] [9][5] [9][0] [8][0] [7][0] [6][0] [5][0] [5][5] [5][19] [5][26] [5][27] [5][32] [5][46] [4][46] [3][46] [2][46] [1][46] [1][34] [1][25] [1][22] [1][19] [1][0] [0][0] 
[0][0] [0][0] [0][0] [0][13] [0][15] [0][18] [0][25] [0][28] [0][30] [0][31] [0][32] [0][41] [0][45] [0][46] [1][46] [1][41] [1][40] [1][38] [1][27] [1][25] [1][19] [1][0] [2][0] [2][15] [2][18] [2][37] [2][38] [2][46] [3][46] [3][41] [3][46] [4][46] [5][46] [5][39] [5][34] [5][33] [5][31] [5][29] [5][23] [5][20] [5][10] [5][7] [5][0] [6][0] [6][1] [6][4] [6][20] [6][28] [6][39] [6][40] [6][41] [6][46] [7][46] [7][31] [7][27] [7][25] [7][20] [7][3] [7][0] [8][0] [8][23] [8][28] [8][31] [8][38] [8][46] [9][46] [9][38] [9][32] [9][16] [9][13] [9][0] [8][0] [7][0] [6][0] [5][0] [4][0] [4][6] [4][10] [4][11] [4][10] [4][6] [4][0] [3][0] [3][2] [3][0] [2][0] [1][0] [0][0] 
[0][0] [0][0] [0][0] [0][6] [0][16] [0][19] [0][25] [0][33] [0][42] [0][46] [1][46] [1][41] [1][46] [2][46] [2][40] [2][31] [2][28] [2][27] [2][19] [2][18] [2][14] [2][12] [2][0] [3][0] [3][21] [3][26] [3][31] [3][38] [3][44] [3][46] [4][46] [4][42] [4][40] [4][29] [4][24] [4][19] [4][0] [5][0] [5][2] [5][25] [5][33] [5][35] [5][37] [5][38] [5][40] [5][46] [6][46] [6][34] [6][27] [6][23] [6][14] [6][10] [6][9] [6][0] [7][0] [7][6] [7][7] [7][14] [7][7] [7][6] [7][0] [8][0] [8][1] [8][6] [8][13] [8][15] [8][31] [8][40] [8][46] [9][46] [9][40] [9][34] [9][22] [9][21] [9][20] [9][19] [9][8] [9][0] [8][0] [7][0] [6][0] [5][0] [4][0] [3][0] [2][0] [1][0] [0][0] 
[0][0] [0][0] [0][0] [0][7] [0][21] [0][46] [1][46] [1][45] [1][43] [1][29] [1][18] [1][6] [1][0] [2][0] [2][1] [2][4] [2][9] [2][15] [2][22] [2][26] [2][34] [2][36] [2][38] [2][46] [3][46] [4][46] [4][45] [4][46] [5][46] [5][45] [5][41] [5][26] [5][20] [5][3] [5][2] [5][1] [5][0] [6][0] [6][1] [6][0] [7][0] [8][0] [8][3] [8][9] [8][21] [8][34] [8][46] [9][46] [9][45] [9][33] [9][32] [9][29] [9][22] [9][18] [9][12] [9][5] [9][0] [8][0] [7][0] [7][18] [7][19] [7][30] [7][34] [7][40] [7][46] [6][46] [6][34] [6][46] [5][46] [4][46] [3][46] [3][45] [3][44] [3][28] [3][27] [3][24] [3][21] [3][16] [3][12] [3][10] [3][6] [3][2] [3][0] [2][0] [1][0] [0][0] 
[0][0] [0][0] [0][0] [0][8] [0][17] [0][19] [0][21] [0][28] [0][42] [0][46] [1][46] [1][42] [1][36] [1][33] [1][17] [1][15] [1][11] [1][2] [1][0] [2][0] [2][4] [2][8] [2][23] [2][27] [2][37] [2][46] [3][46] [3][39] [3][38] [3][29] [3][26] [3][24] [3][15] [3][10] [3][7] [3][0] [4][0] [4][21] [4][25] [4][28] [4][36] [4][41] [4][46] [5][46] [5][40] [5][28] [5][26] [5][12] [5][11] [5][6] [5][0] [6][0] [6][5] [6][11] [6][17] [6][18] [6][30] [6][34] [6][42] [6][44] [6][46] [7][46] [7][43] [7][46] [8][46] [9][46] [9][42] [9][41] [9][39] [9][38] [9][39] [9][41] [9][42] [9][46] [8][46] [8][40] [8][39] [8][34] [8][20] [8][8] [8][0] [9][0] [9][1] [9][2] [9][1] [9][0] [8][0] [7][0] [7][9] [7][10] [7][9] [7][0] [6][0] [5][0] [4][0] [3][0] [2][0] [1][0] [0][0] 
[0][0] [0][0] [0][0] [0][7] [0][13] [0][7] [0][0] [1][0] [1][1] [1][6] [1][13] [1][18] [1][19] [1][18] [1][13] [1][6] [1][1] [1][0] [2][0] [2][9] [2][12] [2][23] [2][28] [2][31] [2][32] [2][39] [2][46] [3][46] [3][26] [3][23] [3][22] [3][17] [3][5] [3][0] [4][0] [4][3] [4][5] [4][12] [4][23] [4][27] [4][33] [4][35] [4][44] [4][46] [5][46] [5][43] [5][40] [5][27] [5][19] [5][13] [5][12] [5][10] [5][1] [5][0] [6][0] [6][13] [6][18] [6][22] [6][24] [6][25] [6][27] [6][30] [6][33] [6][39] [6][46] [7][46] [7][39] [7][23] [7][16] [7][14] [7][10] [7][0] [8][0] [8][8] [8][24] [8][31] [8][33] [8][38] [8][46] [9][46] [9][37] [9][36] [9][9] [9][0] [8][0] [7][0] [6][0] [5][0] [4][0] [3][0] [2][0] [1][0] [0][0] [0][0] [0][0] 
[0][0] [0][0] [0][0] [0][2] [0][8] [0][14] [0][15] [0][14] [0][8] [0][2] [0][0] [1][0] [1][10] [1][14] [1][17] [1][20] [1][35] [1][37] [1][44] [1][45] [1][46] [2][46] [2][45] [2][42] [2][35] [2][30] [2][35] [2][42] [2][45] [2][46] [3][46] [3][41] [3][33] [3][30] [3][24] [3][20] [3][9] [3][8] [3][0] [4][0] [4][3] [4][12] [4][14] [4][17] [4][25] [4][27] [4][34] [4][35] [4][46] [5][46] [6][46] [6][35] [6][34] [6][33] [6][28] [6][33] [6][34] [6][35] [6][46] [7][46] [7][31] [7][25] [7][18] [7][0] [8][0] [8][4] [8][23] [8][4] [8][0] [9][0] [9][1] [9][8] [9][19] [9][20] [9][38] [9][39] [9][44] [9][46] [8][46] [7][46] [6][46] [5][46] [5][45] [5][29] [5][24] [5][21] [5][16] [5][9] [5][3] [5][0] [4][0] [3][0] [2][0] [1][0] [0][0] [0][0] [0][0] 
[0][0] [0][0] [0][0] [0][5] [0][12] [0][20] [0][27] [0][29] [0][30] [0][35] [0][44] [0][46] [1][46] [1][45] [1][44] [1][40] [1][21] [1][20] [1][13] [1][7] [1][0] [2][0] [2][13] [2][18] [2][23] [2][25] [2][30] [2][46] [3][46] [3][45] [3][37] [3][34] [3][37] [3][45] [3][46] [4][46] [4][45] [4][33] [4][26] [4][10] [4][0] [5][0] [5][1] [5][2] [5][9] [5][24] [5][35] [5][46] [6][46] [6][44] [6][43] [6][42] [6][39] [6][34] [6][32] [6][31] [6][32] [6][34] [6][39] [6][42] [6][43] [6][44] [6][46] [7][46] [7][23] [7][22] [7][20] [7][12] [7][2] [7][0] [8][0] [8][12] [8][32] [8][34] [8][41] [8][46] [9][46] [9][38] [9][34] [9][31] [9][22] [9][18] [9][0] [8][0] [7][0] [6][0] [5][0] [4][0] [3][0] [2][0] [1][0] [0][0] 
