3940
141.33
/home/fflorenci/jobprp_ga/reduced_instances/henn/ran2/reduced_warehouse_12.lyt
/home/fflorenci/jobprp_ga/reduced_instances/henn/ran2/reduced_warehouse_12l-40-75-0.ord
40
75
18
340
120
1
6 13 16 24 14 23 14 8 5 6 15 16 19 7 13 18 18 15 18 23 16 18 15 10 6 18 23 13 11 14 5 22 8 24 9 24 20 13 8 14 
8
3 27 7 28 0 34 
23 13 37 19 20 9 
1 4 6 8 32 29 
39 25 31 14 24 
30 33 36 38 16 
12 35 11 2 
5 10 15 22 
17 18 21 26 
480
482
430
510
514
480
514
530
[0][0] [0][0] [0][0] [0][1] [0][0] [1][0] [1][7] [1][10] [1][15] [1][19] [1][23] [1][29] [1][30] [1][32] [1][46] [2][46] [2][42] [2][40] [2][35] [2][33] [2][31] [2][26] [2][21] [2][13] [2][5] [2][4] [2][3] [2][0] [3][0] [3][3] [3][6] [3][10] [3][18] [3][28] [3][30] [3][46] [4][46] [5][46] [5][45] [5][43] [5][42] [5][31] [5][42] [5][43] [5][45] [5][46] [6][46] [6][29] [6][27] [6][15] [6][8] [6][4] [6][0] [7][0] [8][0] [8][6] [8][16] [8][25] [8][26] [8][27] [8][46] [9][46] [9][41] [9][36] [9][26] [9][20] [9][16] [9][9] [9][8] [9][6] [9][5] [9][0] [8][0] [7][0] [7][6] [7][15] [7][16] [7][27] [7][30] [7][34] [7][42] [7][46] [6][46] [5][46] [4][46] [4][41] [4][38] [4][34] [4][14] [4][13] [4][9] [4][1] [4][0] [3][0] [2][0] [1][0] [0][0] [0][0] [0][0] 
[0][0] [0][0] [0][0] [0][1] [0][3] [0][9] [0][15] [0][17] [0][20] [0][31] [0][33] [0][36] [0][46] [1][46] [1][40] [1][38] [1][34] [1][28] [1][21] [1][17] [1][13] [1][10] [1][0] [2][0] [2][1] [2][2] [2][7] [2][15] [2][29] [2][33] [2][40] [2][41] [2][42] [2][46] [3][46] [3][44] [3][29] [3][25] [3][17] [3][0] [4][0] [4][6] [4][19] [4][26] [4][32] [4][33] [4][34] [4][40] [4][44] [4][45] [4][46] [5][46] [5][41] [5][36] [5][34] [5][31] [5][30] [5][18] [5][1] [5][0] [6][0] [6][2] [6][9] [6][16] [6][17] [6][21] [6][17] [6][16] [6][9] [6][2] [6][0] [7][0] [7][2] [7][6] [7][15] [7][16] [7][21] [7][22] [7][23] [7][39] [7][42] [7][46] [8][46] [8][42] [8][39] [8][38] [8][30] [8][29] [8][23] [8][16] [8][11] [8][7] [8][4] [8][1] [8][0] [7][0] [6][0] [5][0] [4][0] [3][0] [2][0] [1][0] [0][0] 
[0][0] [0][0] [0][0] [0][5] [0][0] [1][0] [1][4] [1][5] [1][7] [1][5] [1][4] [1][0] [2][0] [2][9] [2][24] [2][27] [2][30] [2][32] [2][41] [2][44] [2][45] [2][46] [3][46] [3][43] [3][40] [3][33] [3][27] [3][25] [3][10] [3][1] [3][0] [4][0] [4][6] [4][0] [5][0] [5][6] [5][8] [5][13] [5][22] [5][37] [5][42] [5][46] [6][46] [6][44] [6][43] [6][36] [6][29] [6][21] [6][20] [6][19] [6][18] [6][13] [6][12] [6][7] [6][1] [6][0] [7][0] [7][1] [7][3] [7][1] [7][0] [8][0] [8][4] [8][12] [8][16] [8][21] [8][23] [8][27] [8][32] [8][33] [8][40] [8][41] [8][46] [7][46] [7][41] [7][36] [7][41] [7][46] [8][46] [9][46] [9][44] [9][36] [9][29] [9][27] [9][26] [9][22] [9][19] [9][18] [9][9] [9][6] [9][2] [9][0] [8][0] [7][0] [6][0] [5][0] [4][0] [3][0] [2][0] [1][0] [0][0] [0][0] [0][0] 
[0][0] [0][0] [0][0] [0][1] [0][0] [1][0] [1][14] [1][22] [1][23] [1][26] [1][36] [1][37] [1][38] [1][46] [0][46] [0][43] [0][41] [0][35] [0][33] [0][32] [0][33] [0][35] [0][41] [0][43] [0][46] [1][46] [2][46] [2][45] [2][33] [2][30] [2][26] [2][25] [2][23] [2][21] [2][20] [2][12] [2][11] [2][0] [3][0] [3][2] [3][9] [3][14] [3][16] [3][26] [3][33] [3][35] [3][46] [4][46] [4][44] [4][33] [4][32] [4][29] [4][23] [4][13] [4][10] [4][8] [4][4] [4][0] [5][0] [5][12] [5][16] [5][26] [5][35] [5][38] [5][41] [5][46] [6][46] [6][45] [6][39] [6][45] [6][46] [7][46] [7][39] [7][38] [7][31] [7][21] [7][12] [7][9] [7][4] [7][3] [7][0] [8][0] [8][7] [8][12] [8][13] [8][23] [8][40] [8][41] [8][46] [9][46] [9][43] [9][41] [9][34] [9][23] [9][20] [9][17] [9][0] [8][0] [7][0] [6][0] [6][3] [6][5] [6][3] [6][0] [5][0] [4][0] [3][0] [2][0] [1][0] [0][0] [0][0] [0][0] 
[0][0] [0][0] [0][0] [0][14] [0][16] [0][17] [0][21] [0][26] [0][27] [0][37] [0][46] [1][46] [1][44] [1][36] [1][32] [1][28] [1][24] [1][16] [1][10] [1][8] [1][7] [1][0] [2][0] [2][1] [2][6] [2][9] [2][22] [2][9] [2][6] [2][1] [2][0] [3][0] [3][1] [3][4] [3][11] [3][12] [3][14] [3][23] [3][37] [3][40] [3][45] [3][46] [4][46] [4][43] [4][37] [4][36] [4][29] [4][22] [4][18] [4][16] [4][7] [4][3] [4][2] [4][0] [5][0] [5][2] [5][3] [5][7] [5][16] [5][20] [5][32] [5][36] [5][40] [5][46] [6][46] [6][41] [6][31] [6][29] [6][28] [6][23] [6][20] [6][18] [6][17] [6][16] [6][15] [6][2] [6][0] [7][0] [7][1] [7][20] [7][44] [7][46] [8][46] [8][42] [8][46] [9][46] [9][45] [9][42] [9][34] [9][25] [9][18] [9][10] [9][9] [9][0] [8][0] [8][8] [8][0] [7][0] [6][0] [5][0] [4][0] [3][0] [2][0] [1][0] [0][0] 
[0][0] [0][0] [0][0] [0][6] [0][10] [0][12] [0][14] [0][30] [0][38] [0][39] [0][43] [0][44] [0][46] [1][46] [1][39] [1][38] [1][30] [1][38] [1][39] [1][46] [2][46] [2][40] [2][38] [2][37] [2][34] [2][33] [2][23] [2][20] [2][17] [2][1] [2][0] [3][0] [3][2] [3][13] [3][15] [3][18] [3][23] [3][28] [3][34] [3][46] [4][46] [4][38] [4][34] [4][29] [4][26] [4][22] [4][19] [4][8] [4][0] [5][0] [5][7] [5][18] [5][23] [5][33] [5][35] [5][40] [5][46] [6][46] [6][42] [6][39] [6][34] [6][33] [6][28] [6][16] [6][15] [6][9] [6][0] [7][0] [8][0] [8][3] [8][11] [8][12] [8][13] [8][16] [8][24] [8][30] [8][31] [8][37] [8][42] [8][45] [8][46] [9][46] [9][41] [9][33] [9][21] [9][19] [9][13] [9][3] [9][1] [9][0] [8][0] [7][0] [6][0] [5][0] [4][0] [3][0] [2][0] [1][0] [0][0] 
[0][0] [0][0] [0][0] [0][4] [0][8] [0][15] [0][21] [0][15] [0][8] [0][4] [0][0] [1][0] [1][1] [1][9] [1][25] [1][27] [1][29] [1][30] [1][33] [1][44] [1][46] [2][46] [2][36] [2][31] [2][29] [2][27] [2][22] [2][20] [2][12] [2][11] [2][3] [2][2] [2][0] [3][0] [3][8] [3][9] [3][11] [3][9] [3][8] [3][0] [4][0] [4][2] [4][13] [4][23] [4][28] [4][40] [4][45] [4][46] [5][46] [5][28] [5][10] [5][0] [6][0] [6][5] [6][8] [6][15] [6][27] [6][31] [6][32] [6][33] [6][46] [7][46] [7][43] [7][42] [7][25] [7][20] [7][19] [7][18] [7][17] [7][6] [7][5] [7][0] [8][0] [8][3] [8][11] [8][15] [8][19] [8][25] [8][27] [8][29] [8][34] [8][36] [8][46] [9][46] [9][45] [9][33] [9][28] [9][23] [9][16] [9][14] [9][13] [9][12] [9][0] [8][0] [7][0] [6][0] [5][0] [4][0] [3][0] [2][0] [1][0] [0][0] [0][0] [0][0] 
[0][0] [0][0] [0][0] [0][3] [0][12] [0][29] [0][32] [0][36] [0][46] [1][46] [1][45] [1][41] [1][29] [1][26] [1][22] [1][17] [1][16] [1][15] [1][14] [1][2] [1][0] [2][0] [2][2] [2][0] [3][0] [3][4] [3][12] [3][15] [3][18] [3][31] [3][34] [3][37] [3][38] [3][46] [2][46] [2][45] [2][36] [2][33] [2][27] [2][33] [2][36] [2][45] [2][46] [3][46] [4][46] [5][46] [5][35] [5][31] [5][25] [5][22] [5][19] [5][10] [5][9] [5][5] [5][0] [6][0] [6][12] [6][15] [6][19] [6][24] [6][40] [6][46] [7][46] [7][41] [7][34] [7][32] [7][31] [7][32] [7][34] [7][41] [7][46] [8][46] [8][42] [8][39] [8][32] [8][30] [8][29] [8][25] [8][18] [8][13] [8][0] [9][0] [9][11] [9][14] [9][17] [9][24] [9][25] [9][24] [9][17] [9][14] [9][11] [9][0] [8][0] [7][0] [7][1] [7][3] [7][1] [7][0] [6][0] [5][0] [4][0] [4][1] [4][6] [4][13] [4][17] [4][18] [4][17] [4][13] [4][6] [4][1] [4][0] [3][0] [2][0] [1][0] [0][0] 
