9330
251.498
/home/fflorenci/jobprp_ga/reduced_instances/henn/ran2/reduced_warehouse_9.lyt
/home/fflorenci/jobprp_ga/reduced_instances/henn/ran2/reduced_warehouse_9l-40-30-0.ord
40
30
3
340
120
1
18 11 10 15 20 24 23 20 14 13 20 19 9 7 12 5 10 8 14 16 13 21 14 24 14 11 14 7 22 21 5 8 22 20 22 18 16 9 21 14 
22
22 12 30 
9 3 
5 15 
0 14 
17 33 
28 13 
6 27 
34 31 
20 36 
38 37 
35 25 
8 26 
2 7 
11 1 
4 16 
18 39 
19 24 
23 
21 
32 
29 
10 
378
364
450
484
418
428
384
410
434
464
452
470
498
468
442
404
434
476
348
388
392
344
[0][0] [0][0] [0][0] [0][13] [0][20] [0][21] [0][26] [0][46] [1][46] [2][46] [2][33] [2][30] [2][24] [2][23] [2][21] [2][3] [2][0] [3][0] [4][0] [4][2] [4][0] [5][0] [5][13] [5][19] [5][26] [5][42] [5][45] [5][46] [4][46] [4][44] [4][46] [5][46] [6][46] [7][46] [7][42] [7][36] [7][42] [7][46] [8][46] [9][46] [9][44] [9][31] [9][44] [9][46] [8][46] [7][46] [6][46] [6][29] [6][26] [6][20] [6][0] [7][0] [7][3] [7][0] [6][0] [5][0] [4][0] [3][0] [2][0] [1][0] [1][12] [1][15] [1][12] [1][0] [0][0] 
[0][0] [0][0] [0][0] [0][12] [0][40] [0][46] [1][46] [2][46] [2][41] [2][39] [2][32] [2][29] [2][28] [2][29] [2][32] [2][39] [2][41] [2][46] [3][46] [3][40] [3][32] [3][25] [3][22] [3][18] [3][16] [3][0] [4][0] [4][1] [4][0] [5][0] [5][6] [5][11] [5][20] [5][38] [5][46] [6][46] [6][35] [6][46] [7][46] [8][46] [8][25] [8][17] [8][6] [8][0] [9][0] [9][5] [9][6] [9][11] [9][6] [9][5] [9][0] [8][0] [7][0] [7][6] [7][0] [6][0] [5][0] [4][0] [3][0] [2][0] [2][2] [2][0] [1][0] [0][0] 
[0][0] [0][0] [0][0] [0][10] [0][17] [0][19] [0][20] [0][39] [0][46] [1][46] [1][28] [1][16] [1][15] [1][6] [1][0] [2][0] [3][0] [3][7] [3][14] [3][29] [3][46] [4][46] [5][46] [5][38] [5][20] [5][0] [6][0] [6][10] [6][11] [6][19] [6][22] [6][43] [6][46] [7][46] [7][34] [7][33] [7][32] [7][14] [7][12] [7][0] [8][0] [8][20] [8][34] [8][46] [9][46] [9][39] [9][22] [9][19] [9][0] [8][0] [7][0] [6][0] [5][0] [4][0] [3][0] [2][0] [1][0] [0][0] 
[0][0] [0][0] [0][0] [0][11] [0][31] [0][38] [0][42] [0][46] [1][46] [1][31] [1][28] [1][8] [1][0] [2][0] [2][12] [2][15] [2][39] [2][46] [3][46] [3][37] [3][32] [3][30] [3][16] [3][4] [3][0] [4][0] [4][15] [4][33] [4][46] [5][46] [5][44] [5][25] [5][44] [5][46] [6][46] [7][46] [8][46] [8][38] [8][35] [8][38] [8][46] [9][46] [9][22] [9][14] [9][9] [9][0] [8][0] [8][3] [8][0] [7][0] [7][19] [7][0] [6][0] [6][2] [6][7] [6][9] [6][10] [6][9] [6][7] [6][2] [6][0] [5][0] [4][0] [3][0] [2][0] [1][0] [0][0] 
[0][0] [0][0] [0][0] [1][0] [1][1] [1][20] [1][43] [1][46] [0][46] [0][35] [0][28] [0][35] [0][46] [1][46] [2][46] [2][44] [2][46] [3][46] [4][46] [4][43] [4][27] [4][10] [4][0] [5][0] [5][23] [5][27] [5][29] [5][41] [5][46] [6][46] [6][32] [6][24] [6][7] [6][5] [6][0] [7][0] [7][9] [7][18] [7][39] [7][46] [8][46] [8][42] [8][41] [8][42] [8][46] [9][46] [9][44] [9][27] [9][23] [9][2] [9][0] [8][0] [7][0] [6][0] [5][0] [4][0] [3][0] [3][2] [3][0] [2][0] [1][0] [0][0] [0][0] [0][0] 
[0][0] [0][0] [0][0] [1][0] [1][19] [1][26] [1][38] [1][46] [2][46] [2][39] [2][27] [2][24] [2][18] [2][13] [2][6] [2][0] [3][0] [3][2] [3][13] [3][19] [3][21] [3][34] [3][39] [3][40] [3][46] [4][46] [4][20] [4][18] [4][11] [4][0] [5][0] [6][0] [6][5] [6][13] [6][27] [6][46] [7][46] [7][27] [7][46] [8][46] [9][46] [9][35] [9][29] [9][35] [9][46] [8][46] [8][34] [8][14] [8][12] [8][9] [8][0] [7][0] [6][0] [5][0] [4][0] [3][0] [2][0] [1][0] [0][0] [0][0] [0][0] 
[0][0] [0][0] [0][0] [1][0] [1][7] [1][17] [1][19] [1][24] [1][39] [1][42] [1][46] [2][46] [3][46] [3][29] [3][46] [4][46] [4][45] [4][46] [5][46] [5][35] [5][20] [5][15] [5][9] [5][4] [5][0] [4][0] [4][7] [4][14] [4][7] [4][0] [5][0] [6][0] [6][3] [6][8] [6][12] [6][8] [6][3] [6][0] [7][0] [8][0] [8][4] [8][5] [8][4] [8][0] [9][0] [9][2] [9][10] [9][11] [9][16] [9][46] [8][46] [7][46] [7][43] [7][40] [7][43] [7][46] [6][46] [5][46] [4][46] [3][46] [2][46] [2][28] [2][25] [2][19] [2][6] [2][0] [1][0] [0][0] [0][0] [0][0] 
[0][0] [0][0] [0][0] [0][4] [0][0] [1][0] [1][19] [1][29] [1][39] [1][41] [1][46] [0][46] [0][44] [0][46] [1][46] [2][46] [2][41] [2][36] [2][41] [2][46] [3][46] [3][42] [3][41] [3][24] [3][41] [3][42] [3][46] [4][46] [5][46] [5][44] [5][40] [5][35] [5][40] [5][44] [5][46] [6][46] [7][46] [7][41] [7][46] [8][46] [8][39] [8][35] [8][32] [8][17] [8][0] [9][0] [9][14] [9][20] [9][21] [9][40] [9][46] [8][46] [7][46] [6][46] [6][34] [6][21] [6][15] [6][0] [5][0] [4][0] [4][10] [4][0] [3][0] [3][6] [3][0] [2][0] [1][0] [0][0] [0][0] [0][0] 
[0][0] [0][0] [0][0] [1][0] [1][21] [1][33] [1][43] [1][46] [2][46] [2][39] [2][34] [2][18] [2][0] [3][0] [3][3] [3][0] [4][0] [4][16] [4][23] [4][27] [4][46] [5][46] [5][34] [5][27] [5][34] [5][46] [6][46] [6][44] [6][29] [6][21] [6][14] [6][11] [6][6] [6][4] [6][0] [7][0] [7][1] [7][17] [7][19] [7][25] [7][31] [7][46] [8][46] [8][29] [8][46] [9][46] [9][31] [9][26] [9][25] [9][4] [9][0] [8][0] [7][0] [6][0] [5][0] [4][0] [3][0] [2][0] [1][0] [0][0] [0][0] [0][0] 
[0][0] [0][0] [0][0] [0][1] [0][37] [0][41] [0][46] [1][46] [2][46] [2][33] [2][28] [2][33] [2][46] [3][46] [3][29] [3][46] [4][46] [4][45] [4][41] [4][45] [4][46] [5][46] [5][44] [5][32] [5][20] [5][32] [5][44] [5][46] [6][46] [6][34] [6][32] [6][27] [6][12] [6][3] [6][0] [7][0] [7][7] [7][12] [7][21] [7][36] [7][46] [8][46] [9][46] [9][43] [9][34] [9][33] [9][29] [9][16] [9][7] [9][0] [8][0] [8][18] [8][0] [7][0] [6][0] [5][0] [4][0] [4][13] [4][0] [3][0] [3][4] [3][0] [2][0] [1][0] [0][0] 
[0][0] [0][0] [0][0] [1][0] [1][10] [1][21] [1][10] [1][0] [2][0] [2][16] [2][0] [3][0] [3][25] [3][38] [3][39] [3][45] [3][46] [4][46] [4][35] [4][27] [4][23] [4][2] [4][0] [5][0] [5][1] [5][10] [5][11] [5][10] [5][1] [5][0] [6][0] [6][22] [6][24] [6][33] [6][36] [6][46] [7][46] [7][42] [7][46] [8][46] [8][41] [8][25] [8][21] [8][19] [8][11] [8][7] [8][0] [9][0] [9][10] [9][22] [9][28] [9][22] [9][10] [9][0] [8][0] [7][0] [7][13] [7][0] [6][0] [5][0] [4][0] [3][0] [2][0] [1][0] [0][0] [0][0] [0][0] 
[0][0] [0][0] [0][0] [0][9] [0][12] [0][20] [0][12] [0][9] [0][0] [1][0] [1][19] [1][0] [2][0] [2][2] [2][19] [2][23] [2][33] [2][46] [3][46] [3][30] [3][25] [3][24] [3][22] [3][0] [4][0] [5][0] [5][6] [5][25] [5][35] [5][37] [5][46] [6][46] [6][30] [6][24] [6][0] [7][0] [7][22] [7][23] [7][30] [7][39] [7][46] [8][46] [8][43] [8][38] [8][28] [8][38] [8][43] [8][46] [9][46] [9][45] [9][39] [9][15] [9][0] [8][0] [7][0] [6][0] [5][0] [4][0] [3][0] [2][0] [1][0] [0][0] [0][0] [0][0] 
[0][0] [0][0] [0][0] [0][27] [0][28] [0][30] [0][42] [0][46] [1][46] [1][39] [1][22] [1][5] [1][0] [2][0] [2][15] [2][29] [2][41] [2][46] [3][46] [4][46] [4][36] [4][19] [4][18] [4][8] [4][0] [5][0] [5][8] [5][28] [5][32] [5][46] [6][46] [6][37] [6][28] [6][22] [6][11] [6][0] [7][0] [7][1] [7][21] [7][25] [7][46] [8][46] [9][46] [9][36] [9][21] [9][15] [9][0] [8][0] [8][12] [8][0] [7][0] [6][0] [5][0] [4][0] [3][0] [3][12] [3][0] [2][0] [1][0] [0][0] 
[0][0] [0][0] [0][0] [0][2] [0][24] [0][46] [1][46] [1][43] [1][46] [2][46] [3][46] [3][39] [3][33] [3][28] [3][33] [3][39] [3][46] [4][46] [4][25] [4][17] [4][2] [4][0] [5][0] [5][3] [5][8] [5][16] [5][8] [5][3] [5][0] [6][0] [7][0] [8][0] [8][18] [8][25] [8][31] [8][41] [8][46] [9][46] [9][21] [9][12] [9][0] [8][0] [7][0] [7][18] [7][19] [7][24] [7][35] [7][46] [6][46] [6][41] [6][46] [5][46] [4][46] [3][46] [2][46] [2][33] [2][20] [2][11] [2][9] [2][6] [2][0] [1][0] [1][4] [1][15] [1][4] [1][0] [0][0] 
[0][0] [0][0] [0][0] [0][1] [0][2] [0][31] [0][46] [1][46] [2][46] [2][39] [2][34] [2][39] [2][46] [3][46] [3][43] [3][46] [4][46] [4][35] [4][22] [4][18] [4][14] [4][1] [4][0] [5][0] [5][8] [5][30] [5][36] [5][45] [5][46] [6][46] [6][43] [6][38] [6][19] [6][14] [6][0] [7][0] [8][0] [8][16] [8][19] [8][46] [9][46] [9][34] [9][31] [9][10] [9][1] [9][0] [8][0] [7][0] [6][0] [5][0] [4][0] [3][0] [3][11] [3][0] [2][0] [2][1] [2][0] [1][0] [1][14] [1][16] [1][14] [1][0] [0][0] 
[0][0] [0][0] [0][0] [0][19] [0][24] [0][27] [0][39] [0][46] [1][46] [2][46] [2][40] [2][46] [3][46] [3][32] [3][28] [3][7] [3][0] [4][0] [4][3] [4][6] [4][3] [4][0] [5][0] [6][0] [7][0] [8][0] [9][0] [9][4] [9][18] [9][44] [9][46] [8][46] [8][39] [8][34] [8][39] [8][46] [7][46] [7][42] [7][31] [7][30] [7][31] [7][42] [7][46] [6][46] [6][31] [6][46] [5][46] [5][34] [5][46] [4][46] [4][40] [4][46] [3][46] [2][46] [1][46] [1][38] [1][28] [1][27] [1][25] [1][21] [1][9] [1][2] [1][0] [0][0] 
[0][0] [0][0] [0][0] [0][13] [0][17] [0][32] [0][45] [0][46] [1][46] [1][41] [1][46] [2][46] [3][46] [4][46] [4][36] [4][32] [4][25] [4][22] [4][25] [4][32] [4][36] [4][46] [5][46] [6][46] [6][42] [6][46] [7][46] [7][38] [7][27] [7][26] [7][20] [7][0] [8][0] [8][11] [8][0] [9][0] [9][11] [9][22] [9][26] [9][46] [8][46] [8][39] [8][46] [7][46] [6][46] [5][46] [5][45] [5][28] [5][25] [5][21] [5][7] [5][0] [4][0] [4][1] [4][0] [3][0] [2][0] [2][3] [2][9] [2][19] [2][9] [2][3] [2][0] [1][0] [1][8] [1][15] [1][8] [1][0] [0][0] 
[0][0] [0][0] [0][0] [0][26] [0][36] [0][46] [1][46] [1][35] [1][29] [1][35] [1][46] [2][46] [2][34] [2][24] [2][0] [3][0] [3][14] [3][25] [3][30] [3][46] [4][46] [5][46] [5][30] [5][20] [5][0] [6][0] [6][21] [6][0] [7][0] [7][6] [7][14] [7][24] [7][46] [8][46] [8][42] [8][39] [8][31] [8][11] [8][0] [9][0] [9][4] [9][6] [9][8] [9][16] [9][8] [9][6] [9][4] [9][0] [8][0] [7][0] [6][0] [5][0] [4][0] [3][0] [2][0] [1][0] [1][5] [1][0] [0][0] 
[0][0] [0][0] [0][0] [0][3] [0][9] [0][11] [0][9] [0][3] [0][0] [1][0] [1][2] [1][9] [1][33] [1][45] [1][46] [2][46] [3][46] [4][46] [5][46] [5][41] [5][35] [5][33] [5][35] [5][41] [5][46] [6][46] [7][46] [8][46] [9][46] [9][43] [9][46] [8][46] [7][46] [7][21] [7][17] [7][14] [7][4] [7][0] [6][0] [5][0] [4][0] [4][2] [4][21] [4][2] [4][0] [3][0] [3][1] [3][23] [3][1] [3][0] [2][0] [2][8] [2][15] [2][8] [2][0] [1][0] [0][0] [0][0] [0][0] 
[0][0] [0][0] [0][0] [1][0] [1][8] [1][13] [1][28] [1][40] [1][46] [0][46] [0][39] [0][32] [0][39] [0][46] [1][46] [2][46] [2][41] [2][26] [2][15] [2][0] [3][0] [3][1] [3][28] [3][46] [4][46] [5][46] [5][42] [5][46] [6][46] [6][32] [6][46] [7][46] [7][45] [7][29] [7][45] [7][46] [8][46] [8][45] [8][26] [8][18] [8][13] [8][3] [8][1] [8][0] [7][0] [6][0] [5][0] [5][14] [5][0] [4][0] [3][0] [2][0] [1][0] [0][0] [0][0] [0][0] 
[0][0] [0][0] [0][0] [0][13] [0][24] [0][27] [0][46] [1][46] [1][37] [1][29] [1][37] [1][46] [2][46] [2][44] [2][30] [2][10] [2][5] [2][0] [3][0] [3][4] [3][13] [3][29] [3][46] [4][46] [4][36] [4][33] [4][22] [4][33] [4][36] [4][46] [5][46] [6][46] [7][46] [8][46] [8][42] [8][46] [9][46] [9][45] [9][25] [9][0] [8][0] [7][0] [7][5] [7][13] [7][5] [7][0] [6][0] [6][6] [6][0] [5][0] [4][0] [3][0] [2][0] [1][0] [0][0] 
[0][0] [0][0] [0][0] [1][0] [1][4] [1][10] [1][14] [1][25] [1][26] [1][39] [1][46] [2][46] [2][42] [2][46] [3][46] [3][42] [3][40] [3][42] [3][46] [4][46] [4][35] [4][17] [4][0] [5][0] [5][15] [5][0] [6][0] [6][7] [6][0] [7][0] [7][4] [7][20] [7][44] [7][46] [8][46] [9][46] [9][45] [9][25] [9][23] [9][0] [8][0] [7][0] [6][0] [5][0] [4][0] [3][0] [3][7] [3][0] [2][0] [1][0] [0][0] [0][0] [0][0] 
