5372
237.925
/home/fflorenci/jobprp_ga/reduced_instances/henn/ran2/reduced_warehouse_20.lyt
/home/fflorenci/jobprp_ga/reduced_instances/henn/ran2/reduced_warehouse_20l-60-75-0.ord
60
75
16
340
120
1
9 6 12 16 21 19 13 12 18 10 24 19 14 15 21 18 24 19 5 18 10 10 18 6 20 20 11 13 7 8 16 5 15 11 7 12 24 10 12 9 18 6 5 11 5 13 21 9 14 13 10 17 8 15 22 7 19 17 10 17 
11
6 44 23 28 9 31 47 18 42 29 
58 38 46 2 41 27 
0 34 53 12 48 30 
1 36 52 37 49 7 
33 20 56 43 55 59 
8 26 19 45 50 
14 39 21 15 57 
4 16 40 35 
10 13 3 17 
32 54 24 22 
5 11 25 51 
426
490
462
482
484
486
502
524
474
502
540
[0][0] [0][0] [0][0] [0][14] [0][16] [0][17] [0][23] [0][24] [0][31] [0][32] [0][39] [0][44] [0][46] [1][46] [1][45] [1][46] [2][46] [2][44] [2][46] [3][46] [3][39] [3][36] [3][34] [3][31] [3][27] [3][17] [3][16] [3][11] [3][2] [3][0] [4][0] [4][1] [4][11] [4][20] [4][31] [4][35] [4][39] [4][40] [4][41] [4][46] [5][46] [5][39] [5][35] [5][31] [5][35] [5][39] [5][46] [6][46] [6][45] [6][16] [6][10] [6][5] [6][3] [6][0] [7][0] [8][0] [8][4] [8][8] [8][9] [8][16] [8][20] [8][23] [8][24] [8][32] [8][33] [8][44] [8][45] [8][46] [9][46] [9][43] [9][40] [9][32] [9][31] [9][30] [9][29] [9][23] [9][20] [9][9] [9][6] [9][5] [9][1] [9][0] [8][0] [7][0] [6][0] [5][0] [4][0] [3][0] [2][0] [1][0] [1][2] [1][8] [1][10] [1][15] [1][18] [1][15] [1][10] [1][8] [1][2] [1][0] [0][0] 
[0][0] [0][0] [0][0] [0][4] [0][6] [0][8] [0][12] [0][20] [0][22] [0][41] [0][45] [0][46] [1][46] [1][43] [1][46] [2][46] [2][42] [2][41] [2][36] [2][28] [2][27] [2][21] [2][5] [2][2] [2][0] [3][0] [3][1] [3][3] [3][8] [3][11] [3][18] [3][22] [3][23] [3][27] [3][38] [3][46] [4][46] [4][38] [4][25] [4][19] [4][17] [4][6] [4][0] [5][0] [5][3] [5][9] [5][28] [5][40] [5][44] [5][46] [6][46] [6][34] [6][27] [6][22] [6][19] [6][15] [6][1] [6][0] [7][0] [7][5] [7][18] [7][22] [7][23] [7][25] [7][26] [7][29] [7][31] [7][33] [7][38] [7][42] [7][46] [8][46] [8][45] [8][44] [8][43] [8][38] [8][35] [8][33] [8][35] [8][38] [8][43] [8][44] [8][45] [8][46] [9][46] [9][36] [9][26] [9][22] [9][21] [9][8] [9][4] [9][3] [9][0] [8][0] [8][3] [8][4] [8][6] [8][4] [8][3] [8][0] [7][0] [6][0] [5][0] [4][0] [3][0] [2][0] [1][0] [0][0] 
[0][0] [0][0] [0][0] [1][0] [1][1] [1][4] [1][8] [1][9] [1][11] [1][17] [1][27] [1][43] [1][46] [2][46] [2][42] [2][32] [2][24] [2][21] [2][20] [2][19] [2][15] [2][14] [2][13] [2][7] [2][3] [2][0] [3][0] [3][23] [3][35] [3][42] [3][46] [4][46] [4][41] [4][21] [4][17] [4][16] [4][15] [4][5] [4][2] [4][1] [4][0] [5][0] [5][7] [5][23] [5][44] [5][46] [6][46] [6][41] [6][34] [6][33] [6][30] [6][25] [6][24] [6][22] [6][19] [6][10] [6][8] [6][1] [6][0] [7][0] [7][5] [7][6] [7][15] [7][16] [7][22] [7][27] [7][28] [7][31] [7][34] [7][41] [7][43] [7][46] [8][46] [8][40] [8][39] [8][36] [8][32] [8][31] [8][20] [8][18] [8][17] [8][14] [8][8] [8][2] [8][0] [9][0] [9][2] [9][6] [9][2] [9][0] [8][0] [7][0] [6][0] [5][0] [4][0] [3][0] [2][0] [1][0] [0][0] [0][0] [0][0] 
[0][0] [0][0] [0][0] [0][3] [0][4] [0][9] [0][15] [0][23] [0][33] [0][39] [0][46] [1][46] [1][42] [1][37] [1][32] [1][29] [1][24] [1][17] [1][16] [1][9] [1][8] [1][4] [1][0] [2][0] [2][12] [2][27] [2][29] [2][32] [2][36] [2][37] [2][40] [2][46] [3][46] [4][46] [4][36] [4][46] [5][46] [5][42] [5][30] [5][25] [5][19] [5][17] [5][0] [6][0] [7][0] [8][0] [8][2] [8][7] [8][8] [8][14] [8][15] [8][21] [8][42] [8][46] [9][46] [9][39] [9][33] [9][31] [9][26] [9][20] [9][2] [9][0] [8][0] [7][0] [7][6] [7][7] [7][9] [7][13] [7][18] [7][20] [7][26] [7][37] [7][46] [6][46] [6][44] [6][43] [6][38] [6][43] [6][44] [6][46] [5][46] [4][46] [3][46] [3][35] [3][21] [3][17] [3][14] [3][13] [3][12] [3][11] [3][8] [3][7] [3][1] [3][0] [2][0] [1][0] [0][0] 
[0][0] [0][0] [0][0] [0][24] [0][26] [0][39] [0][42] [0][46] [1][46] [1][37] [1][36] [1][35] [1][28] [1][25] [1][20] [1][18] [1][15] [1][10] [1][8] [1][0] [2][0] [2][5] [2][7] [2][10] [2][14] [2][22] [2][23] [2][27] [2][40] [2][46] [3][46] [4][46] [4][44] [4][40] [4][38] [4][30] [4][15] [4][11] [4][9] [4][4] [4][0] [5][0] [5][12] [5][13] [5][14] [5][17] [5][24] [5][25] [5][27] [5][28] [5][37] [5][40] [5][41] [5][46] [6][46] [6][29] [6][22] [6][21] [6][12] [6][7] [6][2] [6][0] [7][0] [7][2] [7][6] [7][8] [7][17] [7][23] [7][29] [7][38] [7][42] [7][46] [8][46] [8][45] [8][46] [9][46] [9][36] [9][16] [9][10] [9][9] [9][8] [9][7] [9][6] [9][5] [9][2] [9][0] [8][0] [8][3] [8][5] [8][7] [8][5] [8][3] [8][0] [7][0] [6][0] [5][0] [4][0] [3][0] [3][10] [3][0] [2][0] [1][0] [0][0] 
[0][0] [0][0] [0][0] [0][1] [0][10] [0][12] [0][14] [0][31] [0][33] [0][38] [0][39] [0][42] [0][46] [1][46] [1][44] [1][31] [1][29] [1][28] [1][18] [1][0] [2][0] [2][13] [2][16] [2][18] [2][20] [2][36] [2][38] [2][39] [2][40] [2][43] [2][46] [3][46] [3][41] [3][32] [3][28] [3][27] [3][26] [3][16] [3][0] [4][0] [4][6] [4][11] [4][14] [4][19] [4][20] [4][22] [4][32] [4][46] [5][46] [6][46] [6][45] [6][38] [6][36] [6][38] [6][45] [6][46] [7][46] [7][41] [7][39] [7][32] [7][21] [7][3] [7][2] [7][0] [8][0] [8][9] [8][0] [9][0] [9][8] [9][13] [9][22] [9][33] [9][35] [9][39] [9][43] [9][46] [8][46] [7][46] [6][46] [5][46] [5][45] [5][39] [5][26] [5][23] [5][19] [5][10] [5][6] [5][3] [5][2] [5][0] [4][0] [3][0] [2][0] [1][0] [0][0] 
[0][0] [0][0] [0][0] [0][4] [0][6] [0][14] [0][19] [0][20] [0][28] [0][38] [0][41] [0][45] [0][46] [1][46] [1][34] [1][33] [1][32] [1][33] [1][34] [1][46] [2][46] [3][46] [3][44] [3][28] [3][20] [3][16] [3][15] [3][12] [3][9] [3][0] [4][0] [4][2] [4][14] [4][18] [4][19] [4][34] [4][42] [4][43] [4][46] [5][46] [5][44] [5][38] [5][19] [5][17] [5][0] [6][0] [6][8] [6][13] [6][20] [6][22] [6][23] [6][26] [6][28] [6][30] [6][33] [6][36] [6][43] [6][46] [7][46] [7][45] [7][39] [7][33] [7][18] [7][10] [7][7] [7][3] [7][0] [8][0] [8][8] [8][10] [8][13] [8][18] [8][26] [8][36] [8][37] [8][45] [8][46] [9][46] [9][37] [9][36] [9][26] [9][20] [9][17] [9][15] [9][10] [9][3] [9][1] [9][0] [8][0] [7][0] [6][0] [5][0] [4][0] [3][0] [2][0] [2][5] [2][6] [2][13] [2][6] [2][5] [2][0] [1][0] [0][0] 
[0][0] [0][0] [0][0] [1][0] [1][7] [1][18] [1][22] [1][24] [1][26] [1][28] [1][31] [1][38] [1][41] [1][46] [0][46] [0][43] [0][42] [0][39] [0][37] [0][34] [0][37] [0][39] [0][42] [0][43] [0][46] [1][46] [2][46] [2][44] [2][41] [2][37] [2][30] [2][11] [2][9] [2][3] [2][1] [2][0] [3][0] [3][19] [3][20] [3][23] [3][26] [3][42] [3][46] [4][46] [4][43] [4][40] [4][39] [4][34] [4][24] [4][22] [4][16] [4][11] [4][2] [4][0] [5][0] [5][11] [5][18] [5][20] [5][29] [5][31] [5][33] [5][41] [5][46] [6][46] [6][41] [6][35] [6][30] [6][15] [6][3] [6][0] [7][0] [7][18] [7][21] [7][23] [7][26] [7][37] [7][45] [7][46] [8][46] [8][43] [8][42] [8][39] [8][38] [8][35] [8][32] [8][35] [8][38] [8][39] [8][42] [8][43] [8][46] [9][46] [9][33] [9][32] [9][26] [9][25] [9][13] [9][5] [9][0] [8][0] [8][2] [8][4] [8][8] [8][4] [8][2] [8][0] [7][0] [6][0] [5][0] [4][0] [3][0] [2][0] [1][0] [0][0] [0][0] [0][0] 
[0][0] [0][0] [0][0] [0][2] [0][3] [0][5] [0][12] [0][17] [0][26] [0][29] [0][33] [0][45] [0][46] [1][46] [1][45] [1][42] [1][41] [1][39] [1][21] [1][2] [1][0] [2][0] [2][4] [2][10] [2][14] [2][16] [2][18] [2][31] [2][34] [2][46] [3][46] [3][39] [3][34] [3][32] [3][30] [3][26] [3][22] [3][19] [3][18] [3][15] [3][3] [3][0] [4][0] [4][9] [4][17] [4][19] [4][22] [4][31] [4][32] [4][38] [4][42] [4][46] [5][46] [5][39] [5][46] [6][46] [6][45] [6][42] [6][40] [6][35] [6][33] [6][19] [6][16] [6][13] [6][0] [7][0] [7][5] [7][12] [7][14] [7][31] [7][32] [7][45] [7][46] [8][46] [8][44] [8][41] [8][38] [8][36] [8][22] [8][19] [8][11] [8][6] [8][0] [7][0] [6][0] [5][0] [5][1] [5][8] [5][11] [5][8] [5][1] [5][0] [4][0] [3][0] [2][0] [1][0] [0][0] 
[0][0] [0][0] [0][0] [0][5] [0][14] [0][20] [0][37] [0][40] [0][43] [0][46] [1][46] [1][45] [1][40] [1][38] [1][33] [1][11] [1][7] [1][2] [1][0] [2][0] [2][7] [2][9] [2][16] [2][17] [2][23] [2][24] [2][30] [2][32] [2][37] [2][46] [3][46] [3][41] [3][36] [3][25] [3][23] [3][19] [3][16] [3][8] [3][1] [3][0] [4][0] [4][8] [4][9] [4][25] [4][29] [4][43] [4][44] [4][46] [5][46] [6][46] [6][39] [6][32] [6][39] [6][46] [7][46] [7][42] [7][39] [7][22] [7][20] [7][14] [7][13] [7][11] [7][10] [7][9] [7][5] [7][0] [8][0] [8][9] [8][11] [8][12] [8][14] [8][19] [8][22] [8][33] [8][46] [9][46] [9][43] [9][36] [9][34] [9][33] [9][32] [9][33] [9][34] [9][36] [9][43] [9][46] [8][46] [7][46] [6][46] [5][46] [5][43] [5][42] [5][40] [5][39] [5][36] [5][35] [5][29] [5][21] [5][5] [5][3] [5][0] [4][0] [3][0] [2][0] [1][0] [0][0] 
[0][0] [0][0] [0][0] [0][7] [0][12] [0][20] [0][24] [0][29] [0][42] [0][46] [1][46] [1][43] [1][41] [1][38] [1][35] [1][34] [1][33] [1][31] [1][20] [1][6] [1][0] [2][0] [2][4] [2][7] [2][13] [2][14] [2][19] [2][24] [2][25] [2][26] [2][34] [2][46] [3][46] [3][42] [3][41] [3][35] [3][29] [3][28] [3][20] [3][16] [3][15] [3][11] [3][0] [4][0] [4][2] [4][11] [4][23] [4][26] [4][35] [4][38] [4][39] [4][46] [5][46] [5][32] [5][30] [5][27] [5][19] [5][16] [5][8] [5][0] [6][0] [6][4] [6][15] [6][23] [6][39] [6][46] [7][46] [7][45] [7][32] [7][31] [7][23] [7][16] [7][0] [8][0] [8][15] [8][18] [8][25] [8][42] [8][46] [9][46] [9][43] [9][31] [9][21] [9][4] [9][2] [9][0] [8][0] [7][0] [6][0] [5][0] [4][0] [3][0] [2][0] [1][0] [0][0] 
