11524
470.902
/home/fflorenci/jobprp_ga/reduced_instances/henn/ran2/reduced_warehouse_46.lyt
/home/fflorenci/jobprp_ga/reduced_instances/henn/ran2/reduced_warehouse_46l-80-45-0.ord
80
45
2
340
120
1
12 22 8 20 9 13 8 12 6 12 15 9 19 6 11 6 6 21 13 5 6 8 7 23 12 17 20 19 8 9 10 5 11 6 20 21 7 14 5 22 20 8 22 20 10 22 17 16 14 21 13 23 10 17 11 16 23 12 9 20 5 21 24 11 14 20 5 11 15 7 12 24 18 20 9 18 16 16 13 21 
26
41 66 60 15 11 16 20 
22 28 38 19 69 33 13 
64 74 44 21 
36 9 70 24 
72 2 29 52 
47 53 8 31 
77 10 50 
39 58 48 
27 4 76 
30 65 32 
78 71 6 
54 79 0 
14 18 40 
68 63 25 
55 57 46 
12 7 37 
5 67 73 
51 61 
1 49 
59 34 
56 3 
26 42 
23 35 
45 17 
62 43 
75 
386
408
412
412
452
472
452
460
418
432
448
452
416
480
394
424
472
442
452
478
480
456
484
502
506
334
[0][0] [0][0] [0][0] [0][11] [0][17] [0][18] [0][24] [0][38] [0][39] [0][46] [1][46] [1][35] [1][18] [1][16] [1][15] [1][6] [1][1] [1][0] [2][0] [2][7] [2][0] [3][0] [3][12] [3][15] [3][24] [3][33] [3][35] [3][37] [3][39] [3][46] [4][46] [5][46] [5][37] [5][27] [5][14] [5][5] [5][3] [5][0] [6][0] [6][4] [6][12] [6][21] [6][23] [6][34] [6][42] [6][46] [7][46] [7][40] [7][38] [7][34] [7][38] [7][40] [7][46] [8][46] [8][40] [8][38] [8][30] [8][29] [8][26] [8][23] [8][12] [8][3] [8][0] [7][0] [6][0] [5][0] [4][0] [3][0] [2][0] [1][0] [0][0] 
[0][0] [0][0] [0][0] [0][12] [0][16] [0][41] [0][46] [1][46] [1][45] [1][36] [1][24] [1][23] [1][20] [1][11] [1][0] [2][0] [2][14] [2][15] [2][18] [2][23] [2][18] [2][15] [2][14] [2][0] [3][0] [3][7] [3][8] [3][21] [3][22] [3][31] [3][44] [3][46] [4][46] [5][46] [5][45] [5][46] [6][46] [7][46] [7][44] [7][36] [7][31] [7][28] [7][27] [7][25] [7][23] [7][25] [7][27] [7][28] [7][31] [7][36] [7][44] [7][46] [8][46] [9][46] [9][40] [9][39] [9][37] [9][39] [9][40] [9][46] [8][46] [8][44] [8][40] [8][39] [8][34] [8][32] [8][13] [8][8] [8][1] [8][0] [7][0] [6][0] [6][4] [6][16] [6][4] [6][0] [5][0] [4][0] [3][0] [2][0] [1][0] [0][0] 
[0][0] [0][0] [0][0] [0][7] [0][37] [0][40] [0][44] [0][46] [1][46] [1][44] [1][46] [2][46] [2][41] [2][38] [2][34] [2][31] [2][19] [2][8] [2][2] [2][0] [3][0] [3][9] [3][16] [3][25] [3][38] [3][46] [4][46] [4][45] [4][42] [4][35] [4][42] [4][45] [4][46] [5][46] [5][44] [5][23] [5][22] [5][14] [5][12] [5][3] [5][0] [6][0] [7][0] [7][4] [7][9] [7][10] [7][9] [7][4] [7][0] [8][0] [8][2] [8][16] [8][17] [8][26] [8][35] [8][41] [8][46] [7][46] [7][45] [7][46] [8][46] [9][46] [9][38] [9][17] [9][16] [9][0] [8][0] [7][0] [6][0] [5][0] [4][0] [3][0] [2][0] [1][0] [0][0] 
[0][0] [0][0] [0][0] [0][2] [0][12] [0][26] [0][39] [0][46] [1][46] [2][46] [3][46] [4][46] [4][41] [4][46] [5][46] [5][43] [5][46] [6][46] [6][44] [6][37] [6][34] [6][33] [6][21] [6][20] [6][15] [6][13] [6][6] [6][0] [7][0] [7][3] [7][5] [7][12] [7][25] [7][30] [7][32] [7][35] [7][37] [7][43] [7][46] [8][46] [9][46] [9][44] [9][43] [9][32] [9][22] [9][8] [9][5] [9][1] [9][0] [8][0] [8][5] [8][16] [8][17] [8][20] [8][17] [8][16] [8][5] [8][0] [7][0] [6][0] [5][0] [5][10] [5][0] [4][0] [3][0] [2][0] [2][6] [2][16] [2][17] [2][18] [2][17] [2][16] [2][6] [2][0] [1][0] [1][17] [1][0] [0][0] 
[0][0] [0][0] [0][0] [0][25] [0][34] [0][37] [0][44] [0][46] [1][46] [1][30] [1][20] [1][17] [1][13] [1][9] [1][0] [2][0] [2][1] [2][9] [2][11] [2][9] [2][1] [2][0] [3][0] [3][14] [3][16] [3][17] [3][19] [3][21] [3][30] [3][46] [2][46] [2][44] [2][46] [3][46] [4][46] [4][40] [4][37] [4][31] [4][37] [4][40] [4][46] [5][46] [6][46] [6][33] [6][20] [6][15] [6][10] [6][7] [6][5] [6][4] [6][0] [7][0] [7][9] [7][15] [7][9] [7][0] [8][0] [8][3] [8][5] [8][9] [8][10] [8][22] [8][25] [8][30] [8][31] [8][41] [8][46] [9][46] [9][33] [9][26] [9][20] [9][0] [8][0] [7][0] [6][0] [5][0] [4][0] [3][0] [2][0] [1][0] [0][0] 
[0][0] [0][0] [0][0] [1][0] [1][5] [1][16] [1][22] [1][46] [0][46] [0][43] [0][46] [1][46] [2][46] [2][45] [2][41] [2][27] [2][24] [2][18] [2][14] [2][4] [2][0] [3][0] [3][7] [3][22] [3][23] [3][36] [3][40] [3][46] [4][46] [4][39] [4][30] [4][25] [4][11] [4][1] [4][0] [5][0] [5][5] [5][14] [5][34] [5][35] [5][36] [5][37] [5][38] [5][46] [6][46] [7][46] [7][41] [7][46] [8][46] [8][42] [8][39] [8][13] [8][0] [9][0] [9][9] [9][12] [9][36] [9][46] [8][46] [7][46] [6][46] [6][39] [6][29] [6][21] [6][18] [6][14] [6][10] [6][0] [5][0] [4][0] [3][0] [2][0] [1][0] [0][0] [0][0] [0][0] 
[0][0] [0][0] [0][0] [0][3] [0][10] [0][13] [0][30] [0][33] [0][46] [1][46] [2][46] [2][44] [2][40] [2][35] [2][28] [2][35] [2][40] [2][44] [2][46] [3][46] [3][43] [3][24] [3][22] [3][13] [3][10] [3][8] [3][0] [4][0] [4][3] [4][5] [4][6] [4][15] [4][6] [4][5] [4][3] [4][0] [5][0] [5][9] [5][10] [5][12] [5][32] [5][33] [5][36] [5][46] [6][46] [6][38] [6][35] [6][17] [6][0] [7][0] [7][11] [7][16] [7][18] [7][23] [7][32] [7][41] [7][46] [8][46] [8][45] [8][44] [8][45] [8][46] [9][46] [9][38] [9][24] [9][22] [9][20] [9][0] [8][0] [7][0] [6][0] [5][0] [4][0] [3][0] [2][0] [2][3] [2][0] [1][0] [1][9] [1][10] [1][9] [1][0] [0][0] 
[0][0] [0][0] [0][0] [0][5] [0][6] [0][10] [0][6] [0][5] [0][0] [1][0] [1][1] [1][18] [1][34] [1][46] [2][46] [2][42] [2][41] [2][40] [2][19] [2][6] [2][2] [2][1] [2][0] [3][0] [3][5] [3][22] [3][25] [3][27] [3][34] [3][46] [4][46] [4][45] [4][46] [5][46] [5][43] [5][40] [5][39] [5][31] [5][29] [5][22] [5][10] [5][2] [5][0] [6][0] [6][6] [6][10] [6][14] [6][41] [6][46] [7][46] [7][28] [7][17] [7][10] [7][8] [7][6] [7][0] [8][0] [8][1] [8][9] [8][11] [8][9] [8][1] [8][0] [9][0] [9][13] [9][17] [9][13] [9][0] [8][0] [7][0] [6][0] [5][0] [4][0] [4][3] [4][4] [4][12] [4][4] [4][3] [4][0] [3][0] [2][0] [1][0] [0][0] [0][0] [0][0] 
[0][0] [0][0] [0][0] [1][0] [2][0] [2][8] [2][11] [2][18] [2][19] [2][22] [2][27] [2][28] [2][34] [2][46] [3][46] [3][34] [3][32] [3][20] [3][8] [3][1] [3][0] [4][0] [4][1] [4][19] [4][22] [4][32] [4][39] [4][43] [4][45] [4][46] [5][46] [5][37] [5][21] [5][8] [5][0] [6][0] [6][7] [6][8] [6][17] [6][29] [6][32] [6][36] [6][44] [6][46] [7][46] [7][44] [7][33] [7][44] [7][46] [8][46] [9][46] [9][32] [9][29] [9][27] [9][26] [9][19] [9][18] [9][17] [9][7] [9][0] [8][0] [8][9] [8][10] [8][17] [8][10] [8][9] [8][0] [7][0] [6][0] [5][0] [4][0] [3][0] [2][0] [1][0] [0][0] [0][0] [0][0] 
[0][0] [0][0] [0][0] [0][7] [0][28] [0][35] [0][37] [0][41] [0][46] [1][46] [2][46] [3][46] [3][43] [3][41] [3][40] [3][41] [3][43] [3][46] [4][46] [4][42] [4][23] [4][16] [4][8] [4][5] [4][0] [5][0] [6][0] [6][19] [6][25] [6][37] [6][44] [6][46] [7][46] [7][44] [7][46] [8][46] [9][46] [9][45] [9][46] [8][46] [8][40] [8][32] [8][10] [8][0] [9][0] [9][12] [9][0] [8][0] [7][0] [6][0] [5][0] [5][4] [5][5] [5][15] [5][32] [5][38] [5][41] [5][45] [5][46] [4][46] [3][46] [2][46] [2][40] [2][38] [2][19] [2][15] [2][13] [2][1] [2][0] [1][0] [1][2] [1][9] [1][13] [1][9] [1][2] [1][0] [0][0] 
[0][0] [0][0] [0][0] [0][4] [0][9] [0][23] [0][24] [0][44] [0][46] [1][46] [1][39] [1][27] [1][6] [1][1] [1][0] [2][0] [2][19] [2][20] [2][35] [2][43] [2][46] [3][46] [3][39] [3][34] [3][27] [3][22] [3][17] [3][4] [3][0] [4][0] [4][6] [4][13] [4][20] [4][21] [4][26] [4][46] [5][46] [6][46] [6][44] [6][41] [6][44] [6][46] [7][46] [7][44] [7][46] [8][46] [8][42] [8][46] [9][46] [9][43] [9][38] [9][31] [9][24] [9][17] [9][15] [9][0] [8][0] [7][0] [7][4] [7][6] [7][8] [7][9] [7][11] [7][18] [7][22] [7][18] [7][11] [7][9] [7][8] [7][6] [7][4] [7][0] [6][0] [5][0] [5][13] [5][14] [5][13] [5][0] [4][0] [3][0] [2][0] [1][0] [0][0] 
[0][0] [0][0] [0][0] [1][0] [1][6] [1][15] [1][20] [1][23] [1][43] [1][46] [2][46] [2][45] [2][44] [2][29] [2][21] [2][19] [2][10] [2][0] [3][0] [3][2] [3][11] [3][19] [3][20] [3][36] [3][37] [3][38] [3][46] [4][46] [4][38] [4][32] [4][10] [4][7] [4][4] [4][0] [5][0] [5][1] [5][8] [5][17] [5][18] [5][17] [5][8] [5][1] [5][0] [6][0] [6][2] [6][6] [6][18] [6][6] [6][2] [6][0] [7][0] [7][2] [7][9] [7][18] [7][29] [7][46] [8][46] [8][43] [8][29] [8][25] [8][9] [8][7] [8][5] [8][0] [9][0] [9][4] [9][10] [9][4] [9][0] [8][0] [7][0] [6][0] [5][0] [4][0] [3][0] [2][0] [1][0] [0][0] [0][0] [0][0] 
[0][0] [0][0] [0][0] [0][4] [0][6] [0][14] [0][21] [0][29] [0][38] [0][42] [0][46] [1][46] [1][41] [1][39] [1][41] [1][46] [2][46] [3][46] [3][36] [3][28] [3][36] [3][46] [4][46] [4][44] [4][37] [4][25] [4][21] [4][6] [4][5] [4][0] [5][0] [6][0] [6][1] [6][18] [6][31] [6][37] [6][46] [7][46] [8][46] [8][45] [8][46] [7][46] [7][41] [7][40] [7][34] [7][25] [7][20] [7][18] [7][6] [7][0] [6][0] [5][0] [5][20] [5][21] [5][36] [5][40] [5][43] [5][46] [4][46] [3][46] [2][46] [2][30] [2][25] [2][23] [2][18] [2][17] [2][7] [2][4] [2][0] [1][0] [1][10] [1][0] [0][0] 
[0][0] [0][0] [0][0] [0][23] [0][46] [1][46] [2][46] [2][41] [2][38] [2][41] [2][46] [3][46] [3][44] [3][25] [3][5] [3][2] [3][0] [4][0] [4][7] [4][9] [4][11] [4][13] [4][17] [4][18] [4][23] [4][29] [4][33] [4][46] [5][46] [5][43] [5][40] [5][38] [5][40] [5][43] [5][46] [6][46] [6][35] [6][29] [6][6] [6][0] [7][0] [7][16] [7][20] [7][23] [7][26] [7][32] [7][46] [8][46] [9][46] [9][38] [9][30] [9][38] [9][46] [8][46] [8][42] [8][40] [8][32] [8][30] [8][22] [8][16] [8][6] [8][0] [7][0] [6][0] [5][0] [5][6] [5][11] [5][6] [5][0] [4][0] [3][0] [2][0] [1][0] [1][8] [1][20] [1][8] [1][0] [0][0] 
[0][0] [0][0] [0][0] [0][1] [0][0] [1][0] [1][11] [1][15] [1][11] [1][0] [2][0] [2][2] [2][16] [2][20] [2][26] [2][29] [2][30] [2][41] [2][46] [1][46] [1][45] [1][46] [2][46] [3][46] [3][41] [3][46] [4][46] [4][45] [4][46] [5][46] [5][39] [5][37] [5][35] [5][32] [5][16] [5][0] [6][0] [6][13] [6][17] [6][18] [6][20] [6][29] [6][32] [6][39] [6][41] [6][42] [6][46] [7][46] [7][39] [7][32] [7][39] [7][46] [8][46] [8][41] [8][32] [8][30] [8][28] [8][13] [8][0] [7][0] [7][3] [7][10] [7][12] [7][14] [7][12] [7][10] [7][3] [7][0] [6][0] [5][0] [4][0] [4][1] [4][6] [4][9] [4][11] [4][9] [4][6] [4][1] [4][0] [3][0] [3][4] [3][0] [2][0] [1][0] [0][0] [0][0] [0][0] 
[0][0] [0][0] [0][0] [0][2] [0][7] [0][15] [0][18] [0][15] [0][7] [0][2] [0][0] [1][0] [1][13] [1][15] [1][19] [1][26] [1][35] [1][36] [1][45] [1][46] [2][46] [3][46] [3][26] [3][46] [4][46] [4][38] [4][46] [5][46] [5][38] [5][36] [5][33] [5][36] [5][38] [5][46] [6][46] [6][41] [6][26] [6][19] [6][5] [6][0] [7][0] [7][4] [7][14] [7][15] [7][18] [7][27] [7][28] [7][33] [7][46] [8][46] [8][43] [8][42] [8][41] [8][42] [8][43] [8][46] [9][46] [9][43] [9][41] [9][40] [9][39] [9][31] [9][27] [9][26] [9][24] [9][9] [9][0] [8][0] [8][4] [8][12] [8][4] [8][0] [7][0] [6][0] [5][0] [5][3] [5][0] [4][0] [4][2] [4][0] [3][0] [2][0] [1][0] [0][0] [0][0] [0][0] 
[0][0] [0][0] [0][0] [0][15] [0][20] [0][30] [0][42] [0][43] [0][46] [1][46] [2][46] [2][43] [2][39] [2][43] [2][46] [3][46] [4][46] [4][43] [4][37] [4][27] [4][25] [4][14] [4][11] [4][0] [3][0] [3][5] [3][6] [3][7] [3][9] [3][7] [3][6] [3][5] [3][0] [4][0] [5][0] [6][0] [7][0] [7][4] [7][6] [7][7] [7][12] [7][20] [7][12] [7][7] [7][6] [7][4] [7][0] [8][0] [8][1] [8][13] [8][32] [8][34] [8][46] [9][46] [9][41] [9][31] [9][26] [9][23] [9][4] [9][0] [8][0] [7][0] [6][0] [6][14] [6][16] [6][28] [6][34] [6][43] [6][46] [5][46] [5][45] [5][29] [5][45] [5][46] [4][46] [3][46] [2][46] [1][46] [1][43] [1][36] [1][33] [1][32] [1][12] [1][7] [1][0] [0][0] 
[0][0] [0][0] [0][0] [1][0] [1][2] [1][11] [1][16] [1][18] [1][36] [1][46] [0][46] [0][39] [0][46] [1][46] [2][46] [3][46] [3][29] [3][28] [3][29] [3][46] [4][46] [4][38] [4][30] [4][19] [4][16] [4][0] [5][0] [6][0] [6][3] [6][0] [7][0] [7][4] [7][16] [7][18] [7][27] [7][31] [7][46] [8][46] [8][45] [8][41] [8][35] [8][41] [8][45] [8][46] [9][46] [9][41] [9][38] [9][32] [9][26] [9][7] [9][4] [9][3] [9][0] [8][0] [7][0] [6][0] [5][0] [5][2] [5][14] [5][19] [5][22] [5][25] [5][32] [5][38] [5][46] [4][46] [3][46] [2][46] [2][40] [2][31] [2][25] [2][19] [2][10] [2][6] [2][3] [2][0] [1][0] [0][0] [0][0] [0][0] 
[0][0] [0][0] [0][0] [0][13] [0][16] [0][18] [0][23] [0][43] [0][46] [1][46] [1][43] [1][42] [1][41] [1][36] [1][18] [1][0] [2][0] [2][6] [2][15] [2][23] [2][38] [2][40] [2][46] [3][46] [4][46] [4][43] [4][41] [4][43] [4][46] [5][46] [5][32] [5][27] [5][23] [5][18] [5][1] [5][0] [6][0] [6][7] [6][17] [6][38] [6][42] [6][46] [7][46] [8][46] [8][36] [8][34] [8][25] [8][34] [8][36] [8][46] [9][46] [9][45] [9][42] [9][38] [9][25] [9][24] [9][5] [9][0] [8][0] [7][0] [7][1] [7][5] [7][14] [7][17] [7][22] [7][17] [7][14] [7][5] [7][1] [7][0] [6][0] [5][0] [4][0] [3][0] [2][0] [1][0] [0][0] 
[0][0] [0][0] [0][0] [0][8] [0][13] [0][19] [0][21] [0][19] [0][13] [0][8] [0][0] [1][0] [1][2] [1][11] [1][12] [1][15] [1][20] [1][30] [1][33] [1][34] [1][43] [1][46] [2][46] [2][28] [2][26] [2][16] [2][0] [3][0] [3][9] [3][13] [3][30] [3][39] [3][46] [4][46] [4][37] [4][46] [5][46] [5][45] [5][39] [5][24] [5][15] [5][12] [5][0] [6][0] [6][4] [6][8] [6][9] [6][8] [6][4] [6][0] [7][0] [7][2] [7][14] [7][28] [7][46] [8][46] [8][40] [8][31] [8][24] [8][31] [8][40] [8][46] [9][46] [9][30] [9][13] [9][5] [9][0] [8][0] [7][0] [6][0] [5][0] [4][0] [3][0] [2][0] [1][0] [0][0] [0][0] [0][0] 
[0][0] [0][0] [0][0] [0][1] [0][30] [0][36] [0][46] [1][46] [2][46] [2][45] [2][40] [2][45] [2][46] [3][46] [3][42] [3][40] [3][36] [3][35] [3][33] [3][10] [3][4] [3][0] [4][0] [4][21] [4][22] [4][28] [4][40] [4][43] [4][46] [5][46] [5][40] [5][16] [5][10] [5][6] [5][0] [6][0] [6][2] [6][18] [6][20] [6][31] [6][46] [7][46] [7][44] [7][27] [7][26] [7][27] [7][44] [7][46] [8][46] [9][46] [9][44] [9][46] [8][46] [8][40] [8][29] [8][26] [8][24] [8][18] [8][12] [8][10] [8][0] [9][0] [9][4] [9][9] [9][4] [9][0] [8][0] [7][0] [6][0] [5][0] [4][0] [3][0] [2][0] [1][0] [1][18] [1][21] [1][18] [1][0] [0][0] 
[0][0] [0][0] [0][0] [0][2] [0][11] [0][14] [0][15] [0][28] [0][46] [1][46] [1][40] [1][32] [1][29] [1][26] [1][19] [1][11] [1][0] [2][0] [2][17] [2][19] [2][34] [2][42] [2][46] [3][46] [3][42] [3][39] [3][35] [3][22] [3][14] [3][0] [4][0] [4][2] [4][13] [4][14] [4][16] [4][20] [4][25] [4][30] [4][33] [4][34] [4][35] [4][46] [5][46] [5][38] [5][46] [6][46] [6][32] [6][46] [7][46] [8][46] [8][35] [8][31] [8][23] [8][31] [8][35] [8][46] [9][46] [9][42] [9][39] [9][42] [9][46] [8][46] [7][46] [7][35] [7][30] [7][23] [7][17] [7][0] [6][0] [5][0] [4][0] [3][0] [2][0] [1][0] [0][0] 
[0][0] [0][0] [0][0] [0][3] [0][5] [0][21] [0][25] [0][27] [0][32] [0][41] [0][42] [0][46] [1][46] [1][45] [1][44] [1][31] [1][26] [1][17] [1][6] [1][5] [1][1] [1][0] [2][0] [2][5] [2][27] [2][38] [2][46] [3][46] [3][39] [3][23] [3][19] [3][18] [3][5] [3][3] [3][0] [4][0] [4][6] [4][7] [4][6] [4][0] [5][0] [5][4] [5][13] [5][21] [5][13] [5][4] [5][0] [6][0] [6][6] [6][11] [6][24] [6][26] [6][46] [7][46] [7][41] [7][46] [8][46] [8][35] [8][46] [9][46] [9][33] [9][30] [9][24] [9][6] [9][0] [8][0] [8][7] [8][0] [7][0] [7][7] [7][13] [7][7] [7][0] [6][0] [5][0] [4][0] [3][0] [2][0] [1][0] [0][0] 
[0][0] [0][0] [0][0] [0][15] [0][36] [0][46] [1][46] [1][42] [1][41] [1][22] [1][15] [1][10] [1][8] [1][0] [2][0] [2][2] [2][8] [2][15] [2][28] [2][41] [2][46] [3][46] [4][46] [4][25] [4][19] [4][13] [4][11] [4][9] [4][0] [5][0] [5][5] [5][14] [5][27] [5][45] [5][46] [6][46] [7][46] [7][37] [7][30] [7][29] [7][25] [7][0] [8][0] [8][12] [8][27] [8][40] [8][46] [9][46] [9][39] [9][31] [9][30] [9][23] [9][14] [9][6] [9][0] [8][0] [7][0] [6][0] [6][5] [6][0] [5][0] [4][0] [3][0] [3][2] [3][12] [3][17] [3][21] [3][17] [3][12] [3][2] [3][0] [2][0] [1][0] [0][0] 
[0][0] [0][0] [0][0] [0][6] [0][10] [0][25] [0][26] [0][36] [0][41] [0][43] [0][46] [1][46] [1][27] [1][26] [1][27] [1][46] [2][46] [2][29] [2][15] [2][9] [2][5] [2][0] [3][0] [3][12] [3][22] [3][36] [3][42] [3][43] [3][46] [4][46] [4][36] [4][24] [4][22] [4][19] [4][15] [4][0] [5][0] [5][1] [5][22] [5][24] [5][32] [5][46] [6][46] [7][46] [7][37] [7][36] [7][37] [7][46] [8][46] [8][43] [8][42] [8][30] [8][28] [8][10] [8][0] [9][0] [9][21] [9][22] [9][27] [9][32] [9][46] [8][46] [7][46] [6][46] [6][33] [6][24] [6][9] [6][2] [6][0] [5][0] [4][0] [3][0] [2][0] [1][0] [0][0] 
[0][0] [0][0] [0][0] [1][0] [2][0] [3][0] [4][0] [4][8] [4][27] [4][35] [4][46] [3][46] [3][45] [3][39] [3][38] [3][37] [3][38] [3][39] [3][45] [3][46] [4][46] [5][46] [5][38] [5][25] [5][10] [5][1] [5][0] [6][0] [7][0] [7][1] [7][8] [7][37] [7][46] [8][46] [8][44] [8][28] [8][26] [8][0] [9][0] [9][19] [9][0] [8][0] [7][0] [6][0] [5][0] [4][0] [3][0] [2][0] [1][0] [0][0] [0][0] [0][0] 
