16898
484.979
/home/fflorenci/jobprp_ga/reduced_instances/henn/ran2/reduced_warehouse_45.lyt
/home/fflorenci/jobprp_ga/reduced_instances/henn/ran2/reduced_warehouse_45l-80-30-0.ord
80
30
20
340
120
1
18 9 14 19 14 23 15 21 20 10 6 15 22 9 13 20 18 6 7 8 19 11 16 23 6 14 15 19 17 21 13 12 9 24 20 7 12 11 24 19 16 19 10 18 10 7 15 5 22 13 19 22 5 22 5 12 13 21 11 17 10 9 12 6 20 21 12 13 22 11 7 15 12 22 17 10 10 21 5 20 
41
47 18 37 70 
35 55 24 52 
39 10 78 
72 62 17 
2 6 
25 71 
43 66 
22 49 
15 76 
50 69 
65 32 
68 19 
42 3 
29 45 
33 54 
59 67 
12 63 
16 31 
46 11 
57 1 
20 58 
26 4 
0 36 
28 56 
41 21 
64 75 
14 74 
30 40 
34 60 
27 9 
8 13 
79 44 
77 61 
7 
48 
73 
23 
53 
51 
5 
38 
346
364
372
390
388
404
388
404
366
380
450
464
408
444
482
422
446
454
444
384
438
418
418
434
504
432
448
452
462
370
430
398
456
338
356
364
366
378
384
412
440
[0][0] [0][0] [0][0] [0][21] [0][23] [0][24] [0][33] [0][37] [0][46] [1][46] [1][42] [1][40] [1][42] [1][46] [2][46] [2][44] [2][22] [2][12] [2][8] [2][6] [2][4] [2][0] [3][0] [3][10] [3][14] [3][10] [3][0] [4][0] [4][4] [4][0] [5][0] [6][0] [6][1] [6][7] [6][13] [6][18] [6][37] [6][46] [7][46] [7][37] [7][46] [8][46] [8][39] [8][46] [9][46] [9][37] [9][34] [9][12] [9][9] [9][0] [8][0] [8][1] [8][0] [7][0] [6][0] [5][0] [4][0] [3][0] [2][0] [1][0] [0][0] 
[0][0] [0][0] [0][0] [0][12] [0][19] [0][12] [0][0] [1][0] [1][1] [1][6] [1][24] [1][34] [1][39] [1][46] [2][46] [2][40] [2][35] [2][24] [2][15] [2][7] [2][2] [2][0] [3][0] [3][4] [3][12] [3][15] [3][26] [3][39] [3][46] [4][46] [5][46] [5][31] [5][25] [5][31] [5][46] [6][46] [7][46] [8][46] [8][42] [8][39] [8][35] [8][33] [8][1] [8][0] [7][0] [6][0] [6][5] [6][7] [6][13] [6][7] [6][5] [6][0] [5][0] [4][0] [3][0] [2][0] [1][0] [0][0] [0][0] [0][0] 
[0][0] [0][0] [0][0] [0][4] [0][10] [0][18] [0][33] [0][46] [1][46] [1][44] [1][40] [1][44] [1][46] [2][46] [2][43] [2][46] [3][46] [4][46] [5][46] [5][36] [5][31] [5][27] [5][21] [5][1] [5][0] [6][0] [6][9] [6][16] [6][22] [6][26] [6][27] [6][31] [6][39] [6][46] [7][46] [8][46] [9][46] [9][44] [9][31] [9][17] [9][0] [8][0] [8][1] [8][7] [8][10] [8][7] [8][1] [8][0] [7][0] [7][5] [7][0] [6][0] [5][0] [4][0] [3][0] [3][10] [3][0] [2][0] [2][9] [2][0] [1][0] [1][10] [1][0] [0][0] 
[0][0] [0][0] [0][0] [1][0] [1][9] [1][19] [1][39] [1][46] [2][46] [2][39] [2][19] [2][13] [2][8] [2][1] [2][0] [3][0] [3][2] [3][9] [3][20] [3][28] [3][41] [3][42] [3][46] [4][46] [5][46] [6][46] [6][41] [6][46] [7][46] [7][35] [7][20] [7][10] [7][5] [7][0] [8][0] [9][0] [9][3] [9][6] [9][29] [9][34] [9][46] [8][46] [8][34] [8][46] [7][46] [6][46] [5][46] [4][46] [4][44] [4][31] [4][19] [4][15] [4][6] [4][0] [3][0] [2][0] [1][0] [0][0] [0][0] [0][0] 
[0][0] [0][0] [0][0] [0][4] [0][8] [0][4] [0][0] [1][0] [1][1] [1][2] [1][1] [1][0] [2][0] [3][0] [3][20] [3][28] [3][40] [3][46] [4][46] [4][37] [4][46] [5][46] [6][46] [6][45] [6][36] [6][25] [6][3] [6][2] [6][0] [7][0] [7][3] [7][9] [7][3] [7][0] [8][0] [8][3] [8][22] [8][39] [8][43] [8][45] [8][46] [7][46] [7][39] [7][46] [8][46] [9][46] [9][39] [9][38] [9][36] [9][18] [9][17] [9][0] [8][0] [7][0] [6][0] [5][0] [5][10] [5][22] [5][10] [5][0] [4][0] [3][0] [2][0] [1][0] [0][0] [0][0] [0][0] 
[0][0] [0][0] [0][0] [0][16] [0][27] [0][37] [0][46] [1][46] [2][46] [2][42] [2][32] [2][42] [2][46] [3][46] [3][35] [3][34] [3][17] [3][10] [3][8] [3][0] [4][0] [4][9] [4][0] [5][0] [6][0] [7][0] [8][0] [9][0] [9][1] [9][27] [9][36] [9][46] [8][46] [8][44] [8][42] [8][39] [8][42] [8][44] [8][46] [7][46] [7][44] [7][37] [7][32] [7][37] [7][44] [7][46] [6][46] [6][35] [6][46] [5][46] [4][46] [4][29] [4][46] [3][46] [2][46] [1][46] [1][42] [1][40] [1][31] [1][29] [1][28] [1][13] [1][0] [0][0] 
[0][0] [0][0] [0][0] [0][8] [0][15] [0][26] [0][35] [0][45] [0][46] [1][46] [1][29] [1][46] [2][46] [2][43] [2][34] [2][33] [2][24] [2][18] [2][17] [2][0] [3][0] [3][14] [3][15] [3][25] [3][29] [3][32] [3][43] [3][46] [4][46] [5][46] [6][46] [7][46] [8][46] [8][45] [8][46] [9][46] [9][43] [9][41] [9][43] [9][46] [8][46] [7][46] [6][46] [6][37] [6][29] [6][27] [6][24] [6][19] [6][0] [7][0] [8][0] [8][4] [8][0] [7][0] [6][0] [5][0] [4][0] [4][13] [4][20] [4][25] [4][20] [4][13] [4][0] [3][0] [2][0] [1][0] [0][0] 
[0][0] [0][0] [0][0] [0][13] [0][28] [0][46] [1][46] [2][46] [3][46] [4][46] [4][35] [4][25] [4][20] [4][0] [5][0] [5][8] [5][12] [5][17] [5][21] [5][17] [5][12] [5][8] [5][0] [6][0] [6][7] [6][24] [6][27] [6][46] [7][46] [7][44] [7][46] [8][46] [9][46] [9][42] [9][32] [9][22] [9][17] [9][3] [9][2] [9][0] [8][0] [8][8] [8][12] [8][25] [8][29] [8][25] [8][12] [8][8] [8][0] [7][0] [7][8] [7][9] [7][12] [7][9] [7][8] [7][0] [6][0] [5][0] [4][0] [3][0] [2][0] [1][0] [1][2] [1][4] [1][2] [1][0] [0][0] 
[0][0] [0][0] [0][0] [1][0] [2][0] [2][10] [2][0] [3][0] [3][5] [3][21] [3][24] [3][40] [3][46] [2][46] [1][46] [1][37] [1][46] [2][46] [3][46] [4][46] [4][40] [4][38] [4][37] [4][38] [4][40] [4][46] [5][46] [6][46] [6][40] [6][46] [7][46] [7][42] [7][40] [7][38] [7][40] [7][42] [7][46] [8][46] [8][43] [8][41] [8][28] [8][26] [8][25] [8][19] [8][10] [8][0] [9][0] [9][7] [9][10] [9][11] [9][12] [9][22] [9][23] [9][35] [9][46] [8][46] [7][46] [6][46] [5][46] [5][29] [5][24] [5][11] [5][0] [4][0] [3][0] [2][0] [1][0] [0][0] [0][0] [0][0] 
[0][0] [0][0] [0][0] [1][0] [1][31] [1][40] [1][41] [1][46] [0][46] [0][37] [0][46] [1][46] [2][46] [3][46] [3][43] [3][30] [3][24] [3][22] [3][16] [3][0] [4][0] [4][4] [4][7] [4][21] [4][37] [4][46] [5][46] [6][46] [7][46] [8][46] [8][41] [8][40] [8][36] [8][32] [8][28] [8][32] [8][36] [8][40] [8][41] [8][46] [9][46] [9][44] [9][35] [9][33] [9][29] [9][9] [9][3] [9][0] [8][0] [8][5] [8][0] [7][0] [7][1] [7][0] [6][0] [6][4] [6][8] [6][4] [6][0] [5][0] [5][3] [5][11] [5][3] [5][0] [4][0] [3][0] [2][0] [1][0] [0][0] [0][0] [0][0] 
[0][0] [0][0] [0][0] [0][22] [0][33] [0][46] [1][46] [1][26] [1][24] [1][26] [1][46] [2][46] [2][45] [2][40] [2][23] [2][10] [2][0] [3][0] [3][12] [3][27] [3][34] [3][37] [3][46] [4][46] [4][29] [4][2] [4][0] [5][0] [6][0] [6][13] [6][14] [6][18] [6][23] [6][26] [6][34] [6][41] [6][46] [7][46] [7][45] [7][44] [7][28] [7][44] [7][45] [7][46] [8][46] [8][45] [8][39] [8][45] [8][46] [9][46] [9][18] [9][15] [9][7] [9][0] [8][0] [8][1] [8][0] [7][0] [6][0] [5][0] [4][0] [3][0] [2][0] [1][0] [0][0] 
[0][0] [0][0] [0][0] [0][14] [0][25] [0][30] [0][46] [1][46] [2][46] [2][27] [2][46] [3][46] [3][32] [3][24] [3][1] [3][0] [4][0] [5][0] [5][4] [5][9] [5][4] [5][0] [6][0] [7][0] [7][19] [7][24] [7][46] [8][46] [9][46] [9][35] [9][11] [9][5] [9][0] [8][0] [8][7] [8][0] [7][0] [6][0] [6][7] [6][10] [6][14] [6][19] [6][42] [6][46] [5][46] [4][46] [4][39] [4][27] [4][39] [4][46] [3][46] [2][46] [1][46] [1][43] [1][42] [1][38] [1][32] [1][24] [1][11] [1][9] [1][0] [0][0] 
[0][0] [0][0] [0][0] [0][12] [0][22] [0][23] [0][34] [0][39] [0][46] [1][46] [2][46] [2][44] [2][46] [3][46] [3][39] [3][46] [4][46] [4][39] [4][30] [4][25] [4][18] [4][14] [4][7] [4][0] [5][0] [5][4] [5][5] [5][4] [5][0] [6][0] [7][0] [8][0] [8][15] [8][40] [8][46] [9][46] [9][32] [9][46] [8][46] [7][46] [6][46] [6][33] [6][32] [6][25] [6][32] [6][33] [6][46] [5][46] [5][45] [5][46] [4][46] [3][46] [2][46] [1][46] [1][40] [1][30] [1][25] [1][8] [1][0] [2][0] [2][19] [2][0] [1][0] [0][0] 
[0][0] [0][0] [0][0] [0][5] [0][20] [0][25] [0][31] [0][39] [0][40] [0][46] [1][46] [2][46] [3][46] [3][43] [3][46] [4][46] [5][46] [6][46] [6][34] [6][46] [7][46] [7][31] [7][20] [7][9] [7][4] [7][0] [8][0] [9][0] [9][7] [9][0] [8][0] [8][8] [8][28] [8][46] [9][46] [9][43] [9][36] [9][43] [9][46] [8][46] [7][46] [6][46] [5][46] [5][32] [5][26] [5][20] [5][19] [5][11] [5][0] [4][0] [4][10] [4][13] [4][10] [4][0] [3][0] [3][15] [3][0] [2][0] [2][4] [2][0] [1][0] [1][11] [1][21] [1][11] [1][0] [0][0] 
[0][0] [0][0] [0][0] [0][14] [0][35] [0][41] [0][46] [1][46] [2][46] [2][38] [2][33] [2][38] [2][46] [3][46] [3][28] [3][18] [3][0] [4][0] [4][21] [4][34] [4][39] [4][44] [4][46] [5][46] [6][46] [6][40] [6][30] [6][8] [6][7] [6][0] [7][0] [7][2] [7][3] [7][12] [7][27] [7][46] [8][46] [8][24] [8][46] [9][46] [9][28] [9][22] [9][18] [9][14] [9][0] [8][0] [7][0] [6][0] [5][0] [5][5] [5][7] [5][5] [5][0] [4][0] [3][0] [2][0] [1][0] [1][10] [1][19] [1][21] [1][19] [1][10] [1][0] [0][0] 
[0][0] [0][0] [0][0] [0][5] [0][17] [0][21] [0][36] [0][39] [0][46] [1][46] [1][43] [1][41] [1][35] [1][41] [1][43] [1][46] [2][46] [2][38] [2][30] [2][38] [2][46] [3][46] [3][38] [3][46] [4][46] [4][41] [4][46] [5][46] [5][43] [5][30] [5][18] [5][0] [6][0] [6][6] [6][8] [6][17] [6][30] [6][33] [6][46] [7][46] [7][40] [7][32] [7][27] [7][32] [7][40] [7][46] [8][46] [9][46] [9][42] [9][30] [9][42] [9][46] [8][46] [8][23] [8][19] [8][4] [8][0] [7][0] [7][1] [7][0] [6][0] [5][0] [4][0] [3][0] [3][6] [3][0] [2][0] [1][0] [0][0] 
[0][0] [0][0] [0][0] [0][17] [0][18] [0][17] [0][0] [1][0] [1][4] [1][26] [1][46] [2][46] [3][46] [3][33] [3][32] [3][16] [3][11] [3][9] [3][0] [4][0] [4][16] [4][23] [4][46] [5][46] [5][34] [5][11] [5][0] [6][0] [6][14] [6][0] [7][0] [7][15] [7][25] [7][33] [7][37] [7][46] [8][46] [9][46] [9][34] [9][30] [9][26] [9][16] [9][0] [8][0] [8][3] [8][11] [8][3] [8][0] [7][0] [6][0] [5][0] [4][0] [3][0] [2][0] [1][0] [0][0] [0][0] [0][0] 
[0][0] [0][0] [0][0] [0][7] [0][10] [0][14] [0][18] [0][23] [0][32] [0][46] [1][46] [1][33] [1][46] [2][46] [3][46] [3][32] [3][46] [4][46] [5][46] [6][46] [6][43] [6][37] [6][23] [6][37] [6][43] [6][46] [7][46] [7][36] [7][32] [7][29] [7][22] [7][0] [8][0] [8][2] [8][19] [8][42] [8][44] [8][46] [9][46] [9][45] [9][28] [9][16] [9][4] [9][2] [9][0] [8][0] [7][0] [6][0] [5][0] [4][0] [4][6] [4][10] [4][20] [4][10] [4][6] [4][0] [3][0] [2][0] [2][3] [2][11] [2][3] [2][0] [1][0] [1][14] [1][0] [0][0] 
[0][0] [0][0] [0][0] [0][5] [0][14] [0][15] [0][28] [0][35] [0][46] [1][46] [1][41] [1][17] [1][9] [1][0] [2][0] [3][0] [3][16] [3][23] [3][24] [3][33] [3][43] [3][46] [4][46] [4][30] [4][21] [4][18] [4][0] [5][0] [5][4] [5][12] [5][16] [5][12] [5][4] [5][0] [6][0] [6][16] [6][35] [6][46] [7][46] [7][45] [7][44] [7][27] [7][22] [7][11] [7][0] [8][0] [8][4] [8][7] [8][4] [8][0] [9][0] [9][17] [9][19] [9][17] [9][0] [8][0] [7][0] [6][0] [5][0] [4][0] [3][0] [2][0] [1][0] [0][0] 
[0][0] [0][0] [0][0] [0][8] [0][12] [0][46] [1][46] [1][39] [1][46] [2][46] [2][38] [2][46] [3][46] [3][39] [3][34] [3][12] [3][5] [3][3] [3][0] [4][0] [4][6] [4][19] [4][23] [4][39] [4][46] [5][46] [5][43] [5][38] [5][37] [5][32] [5][29] [5][27] [5][29] [5][32] [5][37] [5][38] [5][43] [5][46] [6][46] [6][37] [6][32] [6][37] [6][46] [7][46] [7][44] [7][46] [8][46] [8][40] [8][38] [8][23] [8][19] [8][2] [8][0] [7][0] [7][9] [7][17] [7][9] [7][0] [6][0] [5][0] [4][0] [3][0] [2][0] [1][0] [0][0] 
[0][0] [0][0] [0][0] [0][5] [0][0] [1][0] [1][15] [1][20] [1][39] [1][46] [0][46] [0][32] [0][46] [1][46] [2][46] [2][40] [2][30] [2][9] [2][7] [2][0] [3][0] [3][3] [3][8] [3][21] [3][31] [3][35] [3][46] [4][46] [5][46] [5][39] [5][33] [5][22] [5][19] [5][7] [5][0] [6][0] [6][4] [6][11] [6][30] [6][31] [6][34] [6][42] [6][46] [7][46] [7][38] [7][33] [7][18] [7][0] [8][0] [8][7] [8][0] [7][0] [6][0] [5][0] [4][0] [4][14] [4][0] [3][0] [2][0] [1][0] [0][0] [0][0] [0][0] 
[0][0] [0][0] [0][0] [0][14] [0][26] [0][28] [0][46] [1][46] [1][38] [1][37] [1][38] [1][46] [2][46] [2][31] [2][13] [2][10] [2][0] [3][0] [3][5] [3][7] [3][5] [3][0] [4][0] [5][0] [5][4] [5][6] [5][18] [5][26] [5][35] [5][46] [6][46] [6][45] [6][46] [7][46] [8][46] [8][43] [8][34] [8][26] [8][34] [8][43] [8][46] [7][46] [7][41] [7][31] [7][21] [7][3] [7][0] [8][0] [9][0] [9][7] [9][16] [9][7] [9][0] [8][0] [7][0] [6][0] [6][10] [6][13] [6][19] [6][13] [6][10] [6][0] [5][0] [4][0] [3][0] [2][0] [1][0] [0][0] 
[0][0] [0][0] [0][0] [0][7] [0][0] [1][0] [1][3] [1][13] [1][41] [1][46] [2][46] [2][45] [2][35] [2][17] [2][11] [2][0] [3][0] [3][9] [3][0] [4][0] [4][5] [4][15] [4][31] [4][42] [4][46] [5][46] [5][44] [5][21] [5][12] [5][0] [6][0] [6][1] [6][4] [6][15] [6][18] [6][23] [6][29] [6][30] [6][45] [6][46] [7][46] [8][46] [9][46] [9][32] [9][46] [8][46] [7][46] [7][42] [7][34] [7][24] [7][22] [7][21] [7][0] [6][0] [5][0] [4][0] [3][0] [2][0] [1][0] [0][0] [0][0] [0][0] 
[0][0] [0][0] [0][0] [1][0] [1][2] [1][20] [1][46] [2][46] [2][43] [2][46] [3][46] [3][29] [3][17] [3][16] [3][10] [3][0] [4][0] [4][9] [4][18] [4][29] [4][46] [5][46] [5][32] [5][29] [5][27] [5][29] [5][32] [5][46] [6][46] [6][44] [6][36] [6][33] [6][25] [6][8] [6][0] [7][0] [7][10] [7][18] [7][31] [7][41] [7][43] [7][46] [8][46] [9][46] [9][28] [9][46] [8][46] [8][26] [8][22] [8][17] [8][1] [8][0] [7][0] [6][0] [5][0] [4][0] [3][0] [2][0] [1][0] [0][0] [0][0] [0][0] 
[0][0] [0][0] [0][0] [0][15] [0][20] [0][21] [0][46] [1][46] [1][45] [1][37] [1][33] [1][28] [1][33] [1][37] [1][45] [1][46] [2][46] [3][46] [4][46] [5][46] [5][31] [5][30] [5][31] [5][46] [6][46] [6][32] [6][18] [6][4] [6][0] [7][0] [8][0] [8][1] [8][4] [8][21] [8][37] [8][46] [9][46] [9][40] [9][27] [9][15] [9][5] [9][0] [8][0] [7][0] [7][20] [7][40] [7][46] [6][46] [5][46] [4][46] [4][22] [4][16] [4][0] [3][0] [3][18] [3][24] [3][18] [3][0] [2][0] [2][3] [2][10] [2][14] [2][16] [2][14] [2][10] [2][3] [2][0] [1][0] [0][0] 
[0][0] [0][0] [0][0] [0][5] [0][7] [0][27] [0][42] [0][46] [1][46] [2][46] [3][46] [4][46] [5][46] [5][38] [5][22] [5][19] [5][15] [5][0] [6][0] [6][5] [6][0] [7][0] [7][10] [7][19] [7][32] [7][34] [7][46] [8][46] [9][46] [9][36] [9][33] [9][24] [9][14] [9][0] [8][0] [7][0] [6][0] [5][0] [4][0] [4][3] [4][18] [4][19] [4][21] [4][24] [4][21] [4][19] [4][18] [4][3] [4][0] [3][0] [3][4] [3][10] [3][15] [3][10] [3][4] [3][0] [2][0] [2][1] [2][11] [2][12] [2][20] [2][12] [2][11] [2][1] [2][0] [1][0] [1][17] [1][0] [0][0] 
[0][0] [0][0] [0][0] [0][3] [0][0] [1][0] [1][16] [1][22] [1][46] [0][46] [0][40] [0][46] [1][46] [2][46] [2][35] [2][15] [2][7] [2][4] [2][0] [3][0] [4][0] [4][19] [4][34] [4][39] [4][46] [5][46] [6][46] [6][32] [6][30] [6][16] [6][0] [7][0] [7][1] [7][2] [7][10] [7][18] [7][26] [7][37] [7][41] [7][46] [8][46] [8][41] [8][46] [9][46] [9][41] [9][30] [9][7] [9][6] [9][0] [8][0] [8][8] [8][0] [7][0] [6][0] [5][0] [5][14] [5][19] [5][14] [5][0] [4][0] [3][0] [2][0] [1][0] [0][0] [0][0] [0][0] 
[0][0] [0][0] [0][0] [1][0] [1][2] [1][26] [1][38] [1][46] [0][46] [0][43] [0][38] [0][30] [0][38] [0][43] [0][46] [1][46] [2][46] [3][46] [3][41] [3][46] [4][46] [4][43] [4][39] [4][33] [4][31] [4][26] [4][20] [4][18] [4][0] [5][0] [6][0] [6][3] [6][10] [6][22] [6][10] [6][3] [6][0] [7][0] [8][0] [9][0] [9][3] [9][9] [9][12] [9][21] [9][12] [9][9] [9][3] [9][0] [8][0] [8][6] [8][24] [8][30] [8][46] [7][46] [7][39] [7][46] [6][46] [5][46] [5][27] [5][46] [4][46] [3][46] [2][46] [2][23] [2][14] [2][4] [2][0] [1][0] [0][0] [0][0] [0][0] 
[0][0] [0][0] [0][0] [0][8] [0][9] [0][10] [0][30] [0][46] [1][46] [1][43] [1][26] [1][24] [1][0] [2][0] [2][6] [2][16] [2][23] [2][27] [2][34] [2][42] [2][46] [3][46] [3][39] [3][28] [3][10] [3][0] [4][0] [4][9] [4][0] [5][0] [5][8] [5][17] [5][25] [5][46] [6][46] [7][46] [7][45] [7][44] [7][42] [7][44] [7][45] [7][46] [6][46] [6][36] [6][27] [6][23] [6][0] [7][0] [7][13] [7][0] [8][0] [8][8] [8][0] [9][0] [9][12] [9][13] [9][12] [9][0] [8][0] [7][0] [6][0] [5][0] [4][0] [3][0] [2][0] [1][0] [0][0] 
[0][0] [0][0] [0][0] [0][12] [0][19] [0][25] [0][31] [0][46] [1][46] [2][46] [2][33] [2][21] [2][18] [2][14] [2][13] [2][7] [2][3] [2][0] [3][0] [3][5] [3][13] [3][28] [3][46] [4][46] [5][46] [6][46] [6][45] [6][46] [7][46] [7][36] [7][46] [8][46] [8][45] [8][46] [9][46] [9][39] [9][36] [9][35] [9][14] [9][9] [9][0] [8][0] [8][20] [8][0] [7][0] [7][6] [7][7] [7][6] [7][0] [6][0] [5][0] [5][3] [5][0] [4][0] [3][0] [2][0] [1][0] [1][1] [1][2] [1][11] [1][2] [1][1] [1][0] [0][0] 
[0][0] [0][0] [0][0] [0][2] [0][4] [0][13] [0][4] [0][2] [0][0] [1][0] [1][18] [1][23] [1][31] [1][46] [2][46] [3][46] [3][37] [3][46] [2][46] [2][40] [2][27] [2][15] [2][0] [3][0] [4][0] [4][8] [4][9] [4][8] [4][0] [5][0] [6][0] [6][2] [6][24] [6][28] [6][29] [6][41] [6][46] [7][46] [7][40] [7][30] [7][26] [7][11] [7][8] [7][0] [8][0] [8][23] [8][46] [9][46] [9][42] [9][41] [9][36] [9][11] [9][6] [9][3] [9][0] [8][0] [7][0] [6][0] [5][0] [4][0] [3][0] [2][0] [1][0] [0][0] [0][0] [0][0] 
[0][0] [0][0] [0][0] [0][10] [0][20] [0][39] [0][46] [1][46] [1][41] [1][46] [2][46] [2][39] [2][32] [2][8] [2][0] [3][0] [3][10] [3][14] [3][25] [3][27] [3][28] [3][46] [4][46] [4][39] [4][46] [5][46] [6][46] [6][45] [6][40] [6][24] [6][21] [6][10] [6][0] [7][0] [7][6] [7][14] [7][22] [7][37] [7][42] [7][46] [8][46] [9][46] [9][36] [9][35] [9][30] [9][29] [9][3] [9][0] [8][0] [7][0] [6][0] [5][0] [5][2] [5][9] [5][2] [5][0] [4][0] [3][0] [2][0] [1][0] [0][0] 
[0][0] [0][0] [0][0] [0][2] [0][7] [0][20] [0][33] [0][43] [0][46] [1][46] [1][33] [1][28] [1][14] [1][12] [1][0] [2][0] [2][6] [2][23] [2][33] [2][37] [2][46] [3][46] [3][44] [3][37] [3][34] [3][21] [3][20] [3][21] [3][34] [3][37] [3][44] [3][46] [4][46] [4][33] [4][26] [4][20] [4][17] [4][0] [5][0] [5][15] [5][18] [5][23] [5][36] [5][46] [6][46] [7][46] [8][46] [8][29] [8][46] [7][46] [7][31] [7][3] [7][0] [6][0] [6][12] [6][0] [5][0] [4][0] [3][0] [2][0] [1][0] [0][0] 
[0][0] [0][0] [0][0] [0][3] [0][19] [0][25] [0][34] [0][36] [0][46] [1][46] [2][46] [2][39] [2][46] [3][46] [4][46] [4][42] [4][46] [5][46] [5][44] [5][39] [5][44] [5][46] [6][46] [7][46] [7][43] [7][46] [8][46] [8][44] [8][46] [9][46] [9][34] [9][27] [9][0] [8][0] [7][0] [6][0] [6][4] [6][13] [6][4] [6][0] [5][0] [5][5] [5][0] [4][0] [4][8] [4][0] [3][0] [3][12] [3][19] [3][12] [3][0] [2][0] [2][2] [2][16] [2][2] [2][0] [1][0] [0][0] 
[0][0] [0][0] [0][0] [0][11] [0][16] [0][21] [0][33] [0][36] [0][46] [1][46] [1][38] [1][46] [2][46] [2][40] [2][46] [3][46] [3][45] [3][46] [4][46] [5][46] [5][38] [5][18] [5][0] [6][0] [7][0] [7][8] [7][0] [8][0] [8][23] [8][31] [8][39] [8][46] [9][46] [9][38] [9][36] [9][31] [9][30] [9][3] [9][0] [8][0] [7][0] [6][0] [5][0] [4][0] [4][3] [4][0] [3][0] [3][16] [3][20] [3][16] [3][0] [2][0] [1][0] [0][0] 
[0][0] [0][0] [0][0] [0][21] [0][26] [0][21] [0][0] [1][0] [1][8] [1][18] [1][23] [1][29] [1][46] [2][46] [2][30] [2][46] [3][46] [4][46] [5][46] [5][44] [5][46] [6][46] [7][46] [7][45] [7][37] [7][45] [7][46] [8][46] [8][42] [8][33] [8][32] [8][26] [8][32] [8][33] [8][42] [8][46] [9][46] [9][40] [9][27] [9][40] [9][46] [8][46] [7][46] [6][46] [5][46] [4][46] [4][34] [4][26] [4][24] [4][0] [3][0] [3][2] [3][4] [3][2] [3][0] [2][0] [2][1] [2][0] [1][0] [0][0] [0][0] [0][0] 
[0][0] [0][0] [0][0] [0][17] [0][23] [0][39] [0][46] [1][46] [1][34] [1][33] [1][29] [1][33] [1][34] [1][46] [2][46] [2][38] [2][35] [2][38] [2][46] [3][46] [4][46] [5][46] [6][46] [6][37] [6][46] [7][46] [7][37] [7][46] [8][46] [9][46] [9][43] [9][41] [9][37] [9][11] [9][1] [9][0] [8][0] [8][10] [8][0] [7][0] [7][3] [7][0] [6][0] [6][8] [6][0] [5][0] [5][3] [5][0] [4][0] [3][0] [3][15] [3][0] [2][0] [2][2] [2][9] [2][2] [2][0] [1][0] [1][3] [1][0] [0][0] 
[0][0] [0][0] [0][0] [0][9] [0][42] [0][46] [1][46] [2][46] [3][46] [4][46] [4][43] [4][31] [4][22] [4][20] [4][0] [5][0] [5][4] [5][22] [5][45] [5][46] [6][46] [6][40] [6][46] [7][46] [8][46] [9][46] [9][32] [9][22] [9][16] [9][7] [9][0] [8][0] [7][0] [7][11] [7][21] [7][22] [7][21] [7][11] [7][0] [6][0] [6][5] [6][0] [5][0] [4][0] [3][0] [3][13] [3][17] [3][13] [3][0] [2][0] [2][3] [2][5] [2][3] [2][0] [1][0] [0][0] 
[0][0] [0][0] [0][0] [0][17] [0][26] [0][33] [0][46] [1][46] [1][43] [1][46] [2][46] [3][46] [4][46] [4][38] [4][15] [4][3] [4][0] [5][0] [5][2] [5][7] [5][9] [5][30] [5][46] [6][46] [7][46] [8][46] [8][45] [8][35] [8][45] [8][46] [7][46] [7][35] [7][27] [7][0] [8][0] [9][0] [9][7] [9][8] [9][7] [9][0] [8][0] [7][0] [6][0] [6][22] [6][0] [5][0] [4][0] [3][0] [2][0] [2][5] [2][0] [1][0] [1][1] [1][5] [1][1] [1][0] [0][0] 
[0][0] [0][0] [0][0] [1][0] [1][18] [1][0] [2][0] [2][13] [2][30] [2][46] [3][46] [3][45] [3][37] [3][45] [3][46] [4][46] [4][35] [4][46] [5][46] [6][46] [6][43] [6][40] [6][36] [6][31] [6][36] [6][40] [6][43] [6][46] [7][46] [7][20] [7][3] [7][0] [8][0] [9][0] [9][5] [9][7] [9][10] [9][28] [9][46] [8][46] [7][46] [6][46] [5][46] [5][33] [5][17] [5][3] [5][0] [4][0] [4][5] [4][0] [3][0] [3][15] [3][16] [3][15] [3][0] [2][0] [1][0] [0][0] [0][0] [0][0] 
[0][0] [0][0] [0][0] [0][1] [0][9] [0][40] [0][46] [1][46] [1][35] [1][46] [2][46] [2][31] [2][46] [3][46] [4][46] [4][40] [4][25] [4][24] [4][25] [4][40] [4][46] [5][46] [5][24] [5][9] [5][0] [6][0] [7][0] [7][13] [7][0] [8][0] [9][0] [9][17] [9][22] [9][23] [9][28] [9][29] [9][46] [8][46] [8][43] [8][33] [8][29] [8][26] [8][21] [8][26] [8][29] [8][33] [8][43] [8][46] [7][46] [7][42] [7][46] [6][46] [5][46] [4][46] [3][46] [3][38] [3][16] [3][0] [2][0] [1][0] [0][0] 
