13980
647.556
/home/fflorenci/jobprp_ga/reduced_instances/henn/ran2/reduced_warehouse_54.lyt
/home/fflorenci/jobprp_ga/reduced_instances/henn/ran2/reduced_warehouse_54l-100-45-0.ord
100
45
11
340
120
1
22 8 13 13 9 7 10 8 23 21 6 15 21 21 13 18 10 13 19 6 8 13 23 21 19 15 21 10 11 6 18 5 23 7 6 6 22 10 17 21 15 8 18 10 13 7 6 12 18 11 20 5 12 18 11 8 10 10 11 21 15 20 8 16 22 9 5 13 7 14 5 7 21 17 15 15 24 6 24 7 22 24 23 13 9 7 19 11 11 18 5 14 19 10 24 9 20 15 19 7 
32
40 77 19 70 90 35 
57 29 4 31 45 66 
68 95 44 41 1 
58 86 34 71 
51 46 2 72 
84 87 25 62 
30 43 20 99 
63 49 37 33 
73 28 5 6 
91 52 16 65 
17 21 79 27 
75 89 93 
56 61 97 
82 83 85 
67 74 38 
42 69 14 
3 80 55 
10 11 26 
15 7 48 
88 39 54 
60 47 53 
13 18 
98 76 
32 59 
50 12 
92 94 
24 81 
8 96 
78 23 
9 64 
22 36 
0 
414
372
424
396
394
398
432
440
398
458
446
434
474
452
460
442
438
442
444
418
442
440
492
452
458
478
484
426
522
430
450
330
[0][0] [0][0] [0][0] [0][21] [0][25] [0][32] [0][37] [0][46] [1][46] [1][35] [1][30] [1][26] [1][10] [1][9] [1][7] [1][0] [2][0] [2][3] [2][17] [2][19] [2][22] [2][31] [2][35] [2][39] [2][46] [3][46] [3][45] [3][46] [4][46] [4][44] [4][36] [4][31] [4][18] [4][10] [4][3] [4][0] [5][0] [6][0] [6][3] [6][6] [6][10] [6][16] [6][46] [7][46] [7][44] [7][40] [7][44] [7][46] [8][46] [8][26] [8][18] [8][14] [8][7] [8][4] [8][0] [9][0] [9][1] [9][8] [9][14] [9][8] [9][1] [9][0] [8][0] [7][0] [7][1] [7][2] [7][5] [7][2] [7][1] [7][0] [6][0] [5][0] [4][0] [3][0] [3][3] [3][0] [2][0] [1][0] [0][0] 
[0][0] [0][0] [0][0] [0][4] [0][8] [0][4] [0][0] [1][0] [1][1] [1][22] [1][26] [1][45] [1][46] [2][46] [2][45] [2][37] [2][35] [2][37] [2][45] [2][46] [3][46] [4][46] [4][41] [4][27] [4][16] [4][6] [4][1] [4][0] [5][0] [5][2] [5][5] [5][6] [5][12] [5][15] [5][17] [5][20] [5][30] [5][46] [6][46] [6][36] [6][32] [6][30] [6][25] [6][19] [6][13] [6][11] [6][9] [6][8] [6][4] [6][0] [7][0] [8][0] [9][0] [9][7] [9][10] [9][15] [9][10] [9][7] [9][0] [8][0] [7][0] [6][0] [5][0] [4][0] [3][0] [3][11] [3][12] [3][15] [3][16] [3][18] [3][16] [3][15] [3][12] [3][11] [3][0] [2][0] [1][0] [0][0] [0][0] [0][0] 
[0][0] [0][0] [0][0] [0][17] [0][23] [0][24] [0][40] [0][45] [0][46] [1][46] [1][32] [1][46] [2][46] [2][39] [2][46] [3][46] [4][46] [4][44] [4][46] [5][46] [5][40] [5][39] [5][31] [5][26] [5][19] [5][14] [5][10] [5][0] [6][0] [6][2] [6][6] [6][11] [6][23] [6][26] [6][41] [6][46] [7][46] [7][43] [7][31] [7][21] [7][15] [7][0] [8][0] [8][3] [8][15] [8][21] [8][27] [8][36] [8][46] [9][46] [9][43] [9][39] [9][38] [9][34] [9][33] [9][30] [9][29] [9][19] [9][9] [9][0] [8][0] [7][0] [6][0] [5][0] [4][0] [4][5] [4][0] [3][0] [3][4] [3][0] [2][0] [2][3] [2][0] [1][0] [0][0] 
[0][0] [0][0] [0][0] [0][10] [0][14] [0][15] [0][25] [0][33] [0][38] [0][45] [0][46] [1][46] [1][37] [1][36] [1][25] [1][17] [1][16] [1][15] [1][6] [1][4] [1][0] [2][0] [2][3] [2][7] [2][23] [2][46] [3][46] [4][46] [5][46] [5][44] [5][34] [5][33] [5][29] [5][33] [5][34] [5][44] [5][46] [6][46] [6][43] [6][42] [6][41] [6][29] [6][27] [6][25] [6][24] [6][19] [6][15] [6][0] [7][0] [8][0] [8][6] [8][8] [8][21] [8][26] [8][29] [8][31] [8][46] [9][46] [9][26] [9][18] [9][13] [9][0] [8][0] [7][0] [6][0] [5][0] [5][2] [5][0] [4][0] [3][0] [2][0] [1][0] [0][0] 
[0][0] [0][0] [0][0] [0][1] [0][3] [0][5] [0][3] [0][1] [0][0] [1][0] [1][32] [1][35] [1][46] [2][46] [3][46] [4][46] [4][45] [4][24] [4][23] [4][22] [4][12] [4][6] [4][0] [5][0] [5][7] [5][15] [5][21] [5][24] [5][38] [5][45] [5][46] [6][46] [7][46] [7][34] [7][29] [7][27] [7][23] [7][18] [7][1] [7][0] [8][0] [8][3] [8][4] [8][7] [8][9] [8][18] [8][19] [8][26] [8][28] [8][38] [8][39] [8][46] [9][46] [9][40] [9][20] [9][18] [9][4] [9][1] [9][0] [8][0] [7][0] [6][0] [6][5] [6][10] [6][5] [6][0] [5][0] [4][0] [3][0] [3][2] [3][0] [2][0] [1][0] [0][0] [0][0] [0][0] 
[0][0] [0][0] [0][0] [1][0] [1][12] [1][15] [1][18] [1][35] [1][46] [2][46] [3][46] [3][45] [3][46] [2][46] [2][41] [2][39] [2][33] [2][32] [2][24] [2][19] [2][15] [2][0] [3][0] [3][9] [3][12] [3][14] [3][12] [3][9] [3][0] [4][0] [5][0] [5][4] [5][11] [5][19] [5][24] [5][28] [5][29] [5][34] [5][39] [5][46] [6][46] [6][43] [6][37] [6][36] [6][30] [6][11] [6][4] [6][0] [7][0] [8][0] [8][5] [8][17] [8][25] [8][33] [8][41] [8][44] [8][46] [9][46] [9][33] [9][23] [9][21] [9][14] [9][3] [9][0] [8][0] [7][0] [6][0] [5][0] [4][0] [3][0] [2][0] [1][0] [0][0] [0][0] [0][0] 
[0][0] [0][0] [0][0] [0][15] [0][16] [0][19] [0][23] [0][45] [0][46] [1][46] [2][46] [2][38] [2][28] [2][24] [2][20] [2][15] [2][8] [2][0] [3][0] [3][2] [3][7] [3][19] [3][22] [3][23] [3][31] [3][32] [3][38] [3][46] [4][46] [5][46] [6][46] [6][42] [6][46] [7][46] [7][29] [7][27] [7][26] [7][22] [7][10] [7][5] [7][3] [7][0] [8][0] [8][10] [8][27] [8][30] [8][46] [9][46] [9][42] [9][36] [9][22] [9][13] [9][0] [8][0] [7][0] [6][0] [6][3] [6][0] [5][0] [5][6] [5][9] [5][6] [5][0] [4][0] [4][7] [4][11] [4][7] [4][0] [3][0] [2][0] [1][0] [1][10] [1][0] [0][0] 
[0][0] [0][0] [0][0] [0][15] [0][33] [0][36] [0][37] [0][43] [0][46] [1][46] [2][46] [2][45] [2][29] [2][26] [2][20] [2][17] [2][0] [3][0] [3][19] [3][30] [3][39] [3][42] [3][46] [4][46] [4][44] [4][39] [4][38] [4][31] [4][26] [4][20] [4][17] [4][2] [4][0] [5][0] [5][15] [5][38] [5][46] [6][46] [6][26] [6][21] [6][20] [6][17] [6][8] [6][0] [7][0] [7][2] [7][9] [7][16] [7][21] [7][24] [7][35] [7][46] [8][46] [8][40] [8][28] [8][17] [8][16] [8][14] [8][0] [7][0] [6][0] [5][0] [4][0] [3][0] [2][0] [1][0] [0][0] 
[0][0] [0][0] [0][0] [0][2] [0][8] [0][2] [0][0] [1][0] [1][4] [1][7] [1][16] [1][19] [1][25] [1][26] [1][28] [1][37] [1][39] [1][41] [1][44] [1][46] [0][46] [0][43] [0][40] [0][36] [0][34] [0][36] [0][40] [0][43] [0][46] [1][46] [2][46] [2][43] [2][46] [3][46] [3][43] [3][36] [3][26] [3][17] [3][16] [3][13] [3][0] [4][0] [4][2] [4][0] [5][0] [6][0] [6][2] [6][6] [6][13] [6][32] [6][33] [6][43] [6][46] [5][46] [5][31] [5][30] [5][29] [5][28] [5][27] [5][28] [5][29] [5][30] [5][31] [5][46] [6][46] [7][46] [7][40] [7][36] [7][29] [7][36] [7][40] [7][46] [8][46] [8][41] [8][35] [8][11] [8][4] [8][0] [7][0] [6][0] [5][0] [4][0] [3][0] [2][0] [2][2] [2][0] [1][0] [0][0] [0][0] [0][0] 
[0][0] [0][0] [0][0] [0][6] [0][15] [0][21] [0][24] [0][39] [0][46] [1][46] [1][23] [1][1] [1][0] [2][0] [2][4] [2][12] [2][17] [2][23] [2][24] [2][26] [2][27] [2][33] [2][46] [3][46] [3][39] [3][27] [3][25] [3][23] [3][22] [3][17] [3][14] [3][0] [4][0] [4][10] [4][12] [4][35] [4][40] [4][46] [5][46] [5][34] [5][31] [5][34] [5][46] [6][46] [6][43] [6][42] [6][43] [6][46] [7][46] [8][46] [8][41] [8][38] [8][36] [8][31] [8][24] [8][31] [8][36] [8][38] [8][41] [8][46] [7][46] [7][44] [7][31] [7][19] [7][17] [7][4] [7][3] [7][1] [7][0] [6][0] [6][2] [6][16] [6][2] [6][0] [5][0] [4][0] [3][0] [2][0] [1][0] [0][0] 
[0][0] [0][0] [0][0] [0][7] [0][11] [0][7] [0][0] [1][0] [1][8] [1][19] [1][23] [1][26] [1][44] [1][46] [2][46] [2][29] [2][27] [2][29] [2][46] [3][46] [3][37] [3][33] [3][27] [3][23] [3][15] [3][10] [3][0] [4][0] [4][6] [4][10] [4][14] [4][28] [4][46] [5][46] [5][27] [5][26] [5][22] [5][16] [5][15] [5][10] [5][4] [5][0] [6][0] [7][0] [7][1] [7][20] [7][27] [7][33] [7][36] [7][44] [7][46] [8][46] [8][31] [8][46] [9][46] [9][42] [9][41] [9][39] [9][30] [9][29] [9][16] [9][14] [9][0] [8][0] [7][0] [6][0] [5][0] [4][0] [3][0] [2][0] [1][0] [0][0] [0][0] [0][0] 
[0][0] [0][0] [0][0] [0][17] [0][19] [0][29] [0][42] [0][46] [1][46] [1][44] [1][32] [1][29] [1][19] [1][16] [1][11] [1][0] [2][0] [2][6] [2][12] [2][25] [2][29] [2][46] [3][46] [3][45] [3][38] [3][27] [3][22] [3][12] [3][2] [3][0] [4][0] [4][1] [4][13] [4][1] [4][0] [5][0] [5][5] [5][7] [5][5] [5][0] [6][0] [7][0] [7][3] [7][5] [7][6] [7][10] [7][13] [7][29] [7][39] [7][44] [7][46] [8][46] [8][39] [8][46] [9][46] [9][39] [9][31] [9][10] [9][0] [8][0] [8][3] [8][7] [8][8] [8][11] [8][8] [8][7] [8][3] [8][0] [7][0] [6][0] [5][0] [4][0] [3][0] [2][0] [1][0] [0][0] 
[0][0] [0][0] [0][0] [0][4] [0][5] [0][20] [0][34] [0][38] [0][46] [1][46] [1][40] [1][35] [1][27] [1][19] [1][27] [1][35] [1][40] [1][46] [2][46] [3][46] [3][45] [3][46] [4][46] [4][41] [4][40] [4][34] [4][28] [4][10] [4][0] [5][0] [5][5] [5][9] [5][17] [5][27] [5][46] [6][46] [6][42] [6][34] [6][26] [6][8] [6][0] [7][0] [7][2] [7][12] [7][29] [7][32] [7][33] [7][43] [7][45] [7][46] [8][46] [8][45] [8][37] [8][33] [8][37] [8][45] [8][46] [9][46] [9][45] [9][33] [9][14] [9][7] [9][5] [9][2] [9][0] [8][0] [8][1] [8][0] [7][0] [6][0] [5][0] [4][0] [3][0] [3][3] [3][0] [2][0] [2][5] [2][10] [2][15] [2][10] [2][5] [2][0] [1][0] [0][0] 
[0][0] [0][0] [0][0] [1][0] [1][6] [1][25] [1][28] [1][43] [1][46] [2][46] [3][46] [3][34] [3][25] [3][34] [3][46] [4][46] [5][46] [5][42] [5][39] [5][32] [5][30] [5][26] [5][17] [5][10] [5][9] [5][0] [4][0] [4][8] [4][13] [4][8] [4][0] [5][0] [6][0] [6][11] [6][28] [6][31] [6][32] [6][46] [7][46] [7][41] [7][37] [7][41] [7][46] [8][46] [8][33] [8][26] [8][25] [8][24] [8][8] [8][5] [8][0] [9][0] [9][7] [9][9] [9][15] [9][17] [9][32] [9][34] [9][35] [9][40] [9][42] [9][43] [9][46] [8][46] [7][46] [6][46] [5][46] [4][46] [3][46] [2][46] [2][29] [2][27] [2][24] [2][12] [2][0] [1][0] [0][0] [0][0] [0][0] 
[0][0] [0][0] [0][0] [0][1] [0][5] [0][1] [0][0] [1][0] [1][1] [1][0] [2][0] [2][2] [2][18] [2][38] [2][40] [2][43] [2][44] [2][46] [1][46] [1][37] [1][34] [1][37] [1][46] [2][46] [3][46] [3][42] [3][41] [3][27] [3][26] [3][9] [3][7] [3][0] [4][0] [4][20] [4][27] [4][35] [4][46] [5][46] [6][46] [6][39] [6][20] [6][17] [6][0] [7][0] [7][7] [7][14] [7][25] [7][14] [7][7] [7][0] [8][0] [8][3] [8][5] [8][8] [8][10] [8][15] [8][19] [8][22] [8][34] [8][35] [8][39] [8][41] [8][42] [8][46] [9][46] [9][43] [9][36] [9][33] [9][24] [9][5] [9][0] [8][0] [7][0] [6][0] [5][0] [5][3] [5][0] [4][0] [3][0] [2][0] [1][0] [0][0] [0][0] [0][0] 
[0][0] [0][0] [0][0] [0][9] [0][18] [0][27] [0][38] [0][46] [1][46] [1][40] [1][35] [1][28] [1][20] [1][18] [1][14] [1][2] [1][0] [2][0] [2][14] [2][21] [2][22] [2][30] [2][34] [2][46] [3][46] [3][45] [3][36] [3][33] [3][36] [3][45] [3][46] [4][46] [5][46] [5][40] [5][38] [5][20] [5][7] [5][5] [5][0] [6][0] [6][2] [6][14] [6][21] [6][28] [6][29] [6][31] [6][32] [6][46] [7][46] [8][46] [8][34] [8][30] [8][34] [8][46] [9][46] [9][41] [9][21] [9][14] [9][13] [9][10] [9][2] [9][0] [8][0] [8][5] [8][0] [7][0] [7][5] [7][0] [6][0] [5][0] [4][0] [3][0] [3][2] [3][4] [3][2] [3][0] [2][0] [1][0] [0][0] 
[0][0] [0][0] [0][0] [0][4] [0][7] [0][20] [0][21] [0][37] [0][43] [0][46] [1][46] [1][44] [1][41] [1][44] [1][46] [2][46] [3][46] [3][35] [3][24] [3][19] [3][0] [4][0] [4][9] [4][10] [4][13] [4][18] [4][44] [4][46] [5][46] [5][41] [5][36] [5][41] [5][46] [6][46] [7][46] [7][41] [7][39] [7][34] [7][17] [7][16] [7][14] [7][0] [8][0] [8][2] [8][7] [8][18] [8][19] [8][25] [8][27] [8][42] [8][46] [9][46] [9][38] [9][36] [9][28] [9][27] [9][26] [9][1] [9][0] [8][0] [7][0] [6][0] [6][7] [6][0] [5][0] [4][0] [3][0] [2][0] [2][3] [2][20] [2][3] [2][0] [1][0] [0][0] 
[0][0] [0][0] [0][0] [0][22] [0][29] [0][31] [0][42] [0][46] [1][46] [1][44] [1][40] [1][44] [1][46] [2][46] [3][46] [3][37] [3][36] [3][32] [3][16] [3][14] [3][13] [3][2] [3][0] [4][0] [4][1] [4][9] [4][11] [4][22] [4][32] [4][43] [4][46] [5][46] [5][28] [5][12] [5][11] [5][0] [6][0] [7][0] [7][13] [7][22] [7][23] [7][37] [7][38] [7][46] [8][46] [9][46] [9][37] [9][27] [9][22] [9][18] [9][0] [8][0] [8][12] [8][13] [8][15] [8][13] [8][12] [8][0] [7][0] [6][0] [5][0] [4][0] [3][0] [2][0] [2][2] [2][5] [2][10] [2][12] [2][20] [2][21] [2][20] [2][12] [2][10] [2][5] [2][2] [2][0] [1][0] [0][0] 
[0][0] [0][0] [0][0] [0][1] [0][0] [1][0] [1][10] [1][13] [1][36] [1][37] [1][44] [1][46] [0][46] [0][40] [0][46] [1][46] [2][46] [2][39] [2][19] [2][16] [2][10] [2][0] [3][0] [3][7] [3][0] [4][0] [4][3] [4][16] [4][22] [4][29] [4][41] [4][42] [4][46] [5][46] [5][39] [5][38] [5][35] [5][26] [5][19] [5][18] [5][16] [5][13] [5][11] [5][9] [5][4] [5][3] [5][0] [6][0] [6][20] [6][41] [6][43] [6][46] [7][46] [7][40] [7][38] [7][34] [7][25] [7][23] [7][6] [7][0] [8][0] [8][1] [8][7] [8][1] [8][0] [9][0] [9][2] [9][17] [9][2] [9][0] [8][0] [7][0] [6][0] [5][0] [4][0] [3][0] [2][0] [1][0] [0][0] [0][0] [0][0] 
[0][0] [0][0] [0][0] [0][3] [0][17] [0][18] [0][23] [0][29] [0][31] [0][37] [0][44] [0][46] [1][46] [1][45] [1][38] [1][31] [1][6] [1][0] [2][0] [2][2] [2][10] [2][17] [2][18] [2][31] [2][34] [2][36] [2][46] [3][46] [3][45] [3][39] [3][34] [3][32] [3][29] [3][27] [3][29] [3][32] [3][34] [3][39] [3][45] [3][46] [4][46] [4][42] [4][46] [5][46] [5][27] [5][5] [5][2] [5][0] [6][0] [6][13] [6][28] [6][29] [6][39] [6][45] [6][46] [7][46] [8][46] [9][46] [9][42] [9][46] [8][46] [8][40] [8][39] [8][30] [8][13] [8][11] [8][0] [7][0] [7][5] [7][0] [6][0] [5][0] [4][0] [3][0] [2][0] [1][0] [0][0] 
[0][0] [0][0] [0][0] [0][11] [0][17] [0][18] [0][24] [0][46] [1][46] [1][44] [1][40] [1][36] [1][32] [1][36] [1][40] [1][44] [1][46] [2][46] [2][33] [2][30] [2][9] [2][3] [2][0] [3][0] [3][4] [3][18] [3][24] [3][46] [4][46] [5][46] [5][44] [5][46] [6][46] [6][41] [6][35] [6][34] [6][26] [6][19] [6][16] [6][7] [6][6] [6][0] [7][0] [8][0] [9][0] [9][2] [9][14] [9][2] [9][0] [8][0] [8][3] [8][8] [8][12] [8][15] [8][27] [8][28] [8][29] [8][42] [8][46] [7][46] [7][44] [7][40] [7][39] [7][40] [7][44] [7][46] [6][46] [5][46] [4][46] [4][35] [4][21] [4][18] [4][8] [4][7] [4][5] [4][0] [3][0] [2][0] [1][0] [1][7] [1][0] [0][0] 
[0][0] [0][0] [0][0] [0][25] [0][27] [0][28] [0][40] [0][46] [1][46] [1][37] [1][34] [1][37] [1][46] [2][46] [2][42] [2][46] [3][46] [3][38] [3][35] [3][34] [3][12] [3][0] [4][0] [4][10] [4][12] [4][13] [4][12] [4][10] [4][0] [5][0] [5][4] [5][9] [5][17] [5][39] [5][40] [5][46] [6][46] [6][38] [6][34] [6][17] [6][7] [6][0] [7][0] [7][5] [7][12] [7][17] [7][25] [7][30] [7][46] [8][46] [9][46] [9][43] [9][32] [9][31] [9][21] [9][18] [9][14] [9][9] [9][8] [9][0] [8][0] [7][0] [6][0] [5][0] [4][0] [3][0] [2][0] [2][11] [2][0] [1][0] [1][2] [1][0] [0][0] 
[0][0] [0][0] [0][0] [0][14] [0][16] [0][22] [0][29] [0][30] [0][31] [0][42] [0][45] [0][46] [1][46] [1][39] [1][31] [1][12] [1][3] [1][0] [2][0] [2][2] [2][6] [2][16] [2][19] [2][29] [2][36] [2][41] [2][46] [3][46] [3][34] [3][30] [3][20] [3][17] [3][3] [3][0] [4][0] [4][19] [4][22] [4][24] [4][26] [4][28] [4][38] [4][39] [4][41] [4][46] [5][46] [5][36] [5][28] [5][25] [5][4] [5][0] [6][0] [6][11] [6][19] [6][11] [6][0] [7][0] [7][21] [7][34] [7][46] [8][46] [8][41] [8][26] [8][0] [9][0] [9][2] [9][0] [8][0] [7][0] [6][0] [5][0] [4][0] [3][0] [2][0] [1][0] [0][0] 
[0][0] [0][0] [0][0] [0][2] [0][6] [0][10] [0][16] [0][20] [0][38] [0][43] [0][46] [1][46] [1][38] [1][46] [2][46] [2][31] [2][23] [2][15] [2][8] [2][0] [3][0] [3][3] [3][7] [3][16] [3][19] [3][21] [3][22] [3][41] [3][46] [4][46] [4][33] [4][32] [4][26] [4][32] [4][33] [4][46] [5][46] [6][46] [6][44] [6][32] [6][29] [6][32] [6][44] [6][46] [7][46] [7][41] [7][36] [7][21] [7][9] [7][0] [8][0] [8][11] [8][12] [8][14] [8][18] [8][26] [8][31] [8][46] [9][46] [9][42] [9][41] [9][42] [9][46] [8][46] [7][46] [6][46] [5][46] [5][37] [5][27] [5][22] [5][0] [4][0] [3][0] [2][0] [1][0] [0][0] 
[0][0] [0][0] [0][0] [0][1] [0][23] [0][26] [0][37] [0][46] [1][46] [2][46] [2][45] [2][46] [3][46] [3][44] [3][35] [3][23] [3][13] [3][12] [3][0] [4][0] [4][6] [4][17] [4][19] [4][25] [4][33] [4][36] [4][46] [5][46] [6][46] [6][43] [6][35] [6][43] [6][46] [7][46] [7][41] [7][40] [7][26] [7][13] [7][11] [7][3] [7][0] [8][0] [8][5] [8][10] [8][11] [8][25] [8][41] [8][46] [9][46] [9][23] [9][12] [9][2] [9][0] [8][0] [7][0] [6][0] [6][7] [6][0] [5][0] [5][2] [5][19] [5][20] [5][22] [5][20] [5][19] [5][2] [5][0] [4][0] [3][0] [2][0] [1][0] [1][8] [1][10] [1][8] [1][0] [0][0] 
[0][0] [0][0] [0][0] [0][3] [0][4] [0][15] [0][31] [0][36] [0][39] [0][46] [1][46] [1][37] [1][46] [2][46] [3][46] [3][33] [3][32] [3][25] [3][32] [3][33] [3][46] [4][46] [4][35] [4][20] [4][16] [4][0] [5][0] [5][4] [5][11] [5][4] [5][0] [6][0] [7][0] [7][10] [7][14] [7][21] [7][26] [7][27] [7][31] [7][46] [8][46] [8][40] [8][32] [8][40] [8][46] [9][46] [9][39] [9][37] [9][27] [9][22] [9][18] [9][14] [9][13] [9][11] [9][0] [8][0] [7][0] [6][0] [6][15] [6][16] [6][33] [6][46] [5][46] [5][42] [5][46] [4][46] [3][46] [2][46] [2][42] [2][26] [2][13] [2][6] [2][0] [1][0] [1][2] [1][4] [1][2] [1][0] [0][0] 
[0][0] [0][0] [0][0] [0][17] [0][19] [0][28] [0][43] [0][44] [0][46] [1][46] [1][38] [1][16] [1][15] [1][7] [1][0] [2][0] [2][12] [2][20] [2][24] [2][29] [2][45] [2][46] [3][46] [4][46] [4][44] [4][41] [4][26] [4][23] [4][22] [4][4] [4][0] [5][0] [5][17] [5][18] [5][19] [5][22] [5][26] [5][29] [5][38] [5][46] [6][46] [6][25] [6][46] [7][46] [7][43] [7][35] [7][27] [7][25] [7][27] [7][35] [7][43] [7][46] [8][46] [9][46] [9][40] [9][27] [9][40] [9][46] [8][46] [8][42] [8][26] [8][23] [8][18] [8][14] [8][0] [7][0] [6][0] [5][0] [4][0] [3][0] [3][4] [3][0] [2][0] [1][0] [0][0] 
[0][0] [0][0] [0][0] [0][9] [0][11] [0][25] [0][30] [0][31] [0][46] [1][46] [1][43] [1][46] [2][46] [2][29] [2][22] [2][16] [2][11] [2][0] [3][0] [3][4] [3][5] [3][16] [3][34] [3][35] [3][42] [3][46] [4][46] [4][28] [4][24] [4][21] [4][24] [4][28] [4][46] [5][46] [5][44] [5][42] [5][44] [5][46] [6][46] [7][46] [7][44] [7][46] [8][46] [8][39] [8][37] [8][32] [8][31] [8][18] [8][9] [8][8] [8][0] [9][0] [9][17] [9][20] [9][37] [9][38] [9][46] [8][46] [7][46] [6][46] [6][40] [6][37] [6][33] [6][27] [6][21] [6][17] [6][9] [6][0] [5][0] [5][2] [5][0] [4][0] [3][0] [2][0] [1][0] [1][1] [1][0] [0][0] 
[0][0] [0][0] [0][0] [0][9] [0][14] [0][18] [0][22] [0][27] [0][33] [0][46] [1][46] [1][37] [1][29] [1][37] [1][46] [2][46] [2][42] [2][34] [2][27] [2][14] [2][11] [2][8] [2][0] [3][0] [3][10] [3][21] [3][10] [3][0] [4][0] [4][3] [4][5] [4][27] [4][30] [4][38] [4][46] [5][46] [5][31] [5][27] [5][26] [5][25] [5][22] [5][19] [5][7] [5][3] [5][0] [6][0] [6][1] [6][5] [6][12] [6][13] [6][38] [6][46] [7][46] [7][24] [7][18] [7][4] [7][0] [8][0] [8][11] [8][28] [8][35] [8][46] [9][46] [9][43] [9][36] [9][26] [9][8] [9][0] [8][0] [7][0] [6][0] [5][0] [4][0] [3][0] [2][0] [1][0] [0][0] 
[0][0] [0][0] [0][0] [1][0] [1][2] [1][4] [1][20] [1][23] [1][41] [1][44] [1][46] [2][46] [2][38] [2][35] [2][38] [2][46] [3][46] [3][44] [3][41] [3][44] [3][46] [4][46] [4][43] [4][46] [5][46] [5][42] [5][23] [5][11] [5][3] [5][2] [5][0] [6][0] [6][6] [6][15] [6][22] [6][32] [6][46] [7][46] [7][44] [7][43] [7][44] [7][46] [8][46] [9][46] [9][35] [9][29] [9][35] [9][46] [8][46] [8][30] [8][25] [8][16] [8][13] [8][5] [8][0] [7][0] [7][14] [7][17] [7][18] [7][21] [7][22] [7][21] [7][18] [7][17] [7][14] [7][0] [6][0] [5][0] [4][0] [4][4] [4][9] [4][4] [4][0] [3][0] [3][4] [3][0] [2][0] [2][6] [2][9] [2][11] [2][9] [2][6] [2][0] [1][0] [0][0] [0][0] [0][0] 
[0][0] [0][0] [0][0] [0][2] [0][4] [0][5] [0][29] [0][34] [0][35] [0][46] [1][46] [1][31] [1][20] [1][6] [1][0] [2][0] [2][4] [2][10] [2][19] [2][20] [2][21] [2][38] [2][43] [2][45] [2][46] [3][46] [4][46] [4][44] [4][43] [4][44] [4][46] [5][46] [5][40] [5][38] [5][30] [5][22] [5][21] [5][12] [5][6] [5][4] [5][0] [6][0] [6][9] [6][0] [7][0] [8][0] [8][9] [8][10] [8][16] [8][10] [8][9] [8][0] [9][0] [9][8] [9][19] [9][22] [9][25] [9][34] [9][40] [9][44] [9][46] [8][46] [7][46] [7][27] [7][46] [6][46] [6][45] [6][46] [5][46] [4][46] [3][46] [3][39] [3][35] [3][20] [3][1] [3][0] [2][0] [1][0] [0][0] 
[0][0] [0][0] [0][0] [0][19] [0][25] [0][46] [1][46] [2][46] [3][46] [3][44] [3][23] [3][21] [3][10] [3][0] [4][0] [4][8] [4][18] [4][34] [4][37] [4][41] [4][46] [5][46] [6][46] [6][30] [6][46] [7][46] [7][44] [7][43] [7][44] [7][46] [8][46] [9][46] [9][29] [9][6] [9][3] [9][0] [8][0] [8][1] [8][0] [7][0] [6][0] [5][0] [4][0] [3][0] [2][0] [1][0] [1][3] [1][4] [1][7] [1][12] [1][7] [1][4] [1][3] [1][0] [0][0] 
