12702
634.892
/home/fflorenci/jobprp_ga/reduced_instances/henn/ran2/reduced_warehouse_55.lyt
/home/fflorenci/jobprp_ga/reduced_instances/henn/ran2/reduced_warehouse_55l-100-60-0.ord
100
60
21
340
120
1
6 22 23 14 21 16 16 20 16 10 19 11 20 22 18 10 14 8 15 10 6 8 17 5 21 11 20 13 24 13 16 19 21 16 24 12 20 22 22 19 23 17 22 12 18 10 10 9 22 18 15 10 18 13 10 15 21 21 21 22 23 21 17 6 23 7 19 9 15 15 7 14 6 6 23 24 16 10 21 6 22 8 18 7 17 19 8 13 21 20 21 21 19 20 9 9 19 15 15 20 
27
63 43 94 86 79 95 54 
65 70 11 77 69 67 
15 72 9 20 52 46 
55 44 45 21 73 
6 35 49 17 0 
29 34 41 23 
81 85 87 92 
3 51 90 27 
47 56 58 83 
14 19 39 53 
18 25 26 71 
10 36 31 
4 7 97 
22 91 38 
76 28 12 
1 61 33 
5 24 48 
59 74 16 
75 89 50 
42 8 78 
2 82 96 
66 88 30 
40 99 62 
60 13 68 
64 84 93 
32 37 98 
57 80 
386
448
450
448
470
466
470
474
490
456
434
474
478
522
478
488
472
480
502
464
462
520
518
484
500
464
404
[0][0] [0][0] [0][0] [0][11] [0][13] [0][24] [0][30] [0][31] [0][34] [0][35] [0][38] [0][39] [0][40] [0][46] [1][46] [1][43] [1][39] [1][43] [1][46] [2][46] [3][46] [4][46] [4][44] [4][41] [4][33] [4][26] [4][18] [4][12] [4][8] [4][3] [4][0] [5][0] [5][3] [5][4] [5][5] [5][6] [5][10] [5][16] [5][19] [5][29] [5][31] [5][32] [5][46] [6][46] [6][39] [6][38] [6][37] [6][27] [6][25] [6][19] [6][11] [6][7] [6][0] [7][0] [7][3] [7][4] [7][9] [7][11] [7][13] [7][14] [7][21] [7][46] [8][46] [8][39] [8][37] [8][36] [8][28] [8][24] [8][13] [8][6] [8][1] [8][0] [7][0] [6][0] [5][0] [4][0] [3][0] [3][3] [3][0] [2][0] [2][1] [2][3] [2][1] [2][0] [1][0] [1][6] [1][0] [0][0] 
[0][0] [0][0] [0][0] [0][4] [0][8] [0][9] [0][16] [0][17] [0][19] [0][26] [0][28] [0][29] [0][32] [0][46] [1][46] [1][38] [1][36] [1][33] [1][29] [1][28] [1][19] [1][16] [1][3] [1][0] [2][0] [2][1] [2][7] [2][11] [2][15] [2][27] [2][31] [2][37] [2][46] [3][46] [3][41] [3][31] [3][22] [3][21] [3][22] [3][31] [3][41] [3][46] [4][46] [4][44] [4][40] [4][44] [4][46] [5][46] [6][46] [6][45] [6][44] [6][45] [6][46] [7][46] [7][31] [7][29] [7][27] [7][15] [7][0] [8][0] [9][0] [9][6] [9][19] [9][21] [9][33] [9][35] [9][36] [9][46] [8][46] [7][46] [6][46] [5][46] [5][41] [5][33] [5][31] [5][18] [5][17] [5][14] [5][11] [5][0] [4][0] [4][6] [4][9] [4][10] [4][12] [4][14] [4][12] [4][10] [4][9] [4][6] [4][0] [3][0] [2][0] [1][0] [0][0] 
[0][0] [0][0] [0][0] [0][4] [0][17] [0][26] [0][34] [0][40] [0][43] [0][46] [1][46] [1][42] [1][39] [1][34] [1][30] [1][29] [1][23] [1][17] [1][14] [1][13] [1][7] [1][1] [1][0] [2][0] [2][1] [2][10] [2][12] [2][29] [2][43] [2][44] [2][46] [3][46] [3][31] [3][23] [3][15] [3][12] [3][6] [3][0] [4][0] [5][0] [5][15] [5][24] [5][31] [5][34] [5][45] [5][46] [6][46] [6][43] [6][39] [6][25] [6][17] [6][15] [6][11] [6][8] [6][6] [6][3] [6][0] [7][0] [8][0] [8][3] [8][22] [8][27] [8][33] [8][37] [8][42] [8][46] [9][46] [9][45] [9][41] [9][37] [9][31] [9][23] [9][16] [9][15] [9][4] [9][0] [8][0] [7][0] [6][0] [5][0] [4][0] [3][0] [2][0] [1][0] [0][0] 
[0][0] [0][0] [0][0] [0][2] [0][5] [0][6] [0][30] [0][34] [0][46] [1][46] [1][45] [1][44] [1][41] [1][25] [1][16] [1][9] [1][5] [1][3] [1][0] [2][0] [2][2] [2][0] [3][0] [3][4] [3][6] [3][25] [3][27] [3][34] [3][40] [3][46] [4][46] [4][45] [4][41] [4][36] [4][29] [4][27] [4][16] [4][10] [4][0] [5][0] [5][3] [5][6] [5][17] [5][6] [5][3] [5][0] [6][0] [6][5] [6][6] [6][9] [6][20] [6][38] [6][40] [6][41] [6][46] [7][46] [7][45] [7][41] [7][40] [7][39] [7][33] [7][29] [7][27] [7][26] [7][24] [7][26] [7][27] [7][29] [7][33] [7][39] [7][40] [7][41] [7][45] [7][46] [8][46] [9][46] [9][42] [9][37] [9][25] [9][24] [9][14] [9][13] [9][12] [9][0] [8][0] [7][0] [7][4] [7][0] [6][0] [5][0] [4][0] [3][0] [2][0] [1][0] [0][0] 
[0][0] [0][0] [0][0] [0][9] [0][14] [0][16] [0][20] [0][39] [0][42] [0][46] [1][46] [1][43] [1][41] [1][43] [1][46] [2][46] [2][40] [2][37] [2][31] [2][23] [2][6] [2][1] [2][0] [3][0] [3][4] [3][14] [3][27] [3][28] [3][35] [3][46] [4][46] [4][45] [4][37] [4][35] [4][28] [4][23] [4][19] [4][10] [4][0] [5][0] [5][4] [5][6] [5][4] [5][0] [6][0] [6][6] [6][12] [6][15] [6][19] [6][22] [6][32] [6][40] [6][43] [6][45] [6][46] [7][46] [7][41] [7][35] [7][30] [7][19] [7][17] [7][6] [7][1] [7][0] [8][0] [8][9] [8][10] [8][12] [8][13] [8][18] [8][28] [8][32] [8][33] [8][41] [8][46] [9][46] [9][32] [9][28] [9][21] [9][6] [9][0] [8][0] [7][0] [6][0] [5][0] [4][0] [3][0] [2][0] [1][0] [0][0] 
[0][0] [0][0] [0][0] [0][9] [0][23] [0][24] [0][28] [0][39] [0][46] [1][46] [1][44] [1][42] [1][38] [1][35] [1][38] [1][42] [1][44] [1][46] [2][46] [2][45] [2][33] [2][32] [2][31] [2][14] [2][11] [2][8] [2][0] [3][0] [3][2] [3][10] [3][20] [3][21] [3][36] [3][45] [3][46] [4][46] [4][42] [4][30] [4][29] [4][30] [4][42] [4][46] [5][46] [6][46] [7][46] [7][45] [7][41] [7][40] [7][25] [7][17] [7][15] [7][12] [7][7] [7][4] [7][0] [8][0] [8][1] [8][7] [8][13] [8][16] [8][25] [8][28] [8][30] [8][32] [8][40] [8][43] [8][44] [8][46] [9][46] [9][39] [9][25] [9][22] [9][13] [9][0] [8][0] [7][0] [6][0] [6][4] [6][0] [5][0] [5][6] [5][8] [5][9] [5][11] [5][9] [5][8] [5][6] [5][0] [4][0] [4][5] [4][7] [4][5] [4][0] [3][0] [2][0] [1][0] [1][2] [1][5] [1][2] [1][0] [0][0] 
[0][0] [0][0] [0][0] [0][2] [0][3] [0][2] [0][0] [1][0] [1][1] [1][29] [1][37] [1][38] [1][45] [1][46] [0][46] [0][45] [0][42] [0][45] [0][46] [1][46] [2][46] [3][46] [3][39] [3][46] [4][46] [4][43] [4][41] [4][33] [4][27] [4][33] [4][41] [4][43] [4][46] [5][46] [5][33] [5][25] [5][20] [5][7] [5][4] [5][0] [6][0] [6][3] [6][0] [7][0] [8][0] [8][3] [8][8] [8][14] [8][15] [8][18] [8][27] [8][32] [8][40] [8][44] [8][46] [9][46] [9][29] [9][28] [9][27] [9][22] [9][16] [9][10] [9][9] [9][6] [9][0] [8][0] [7][0] [7][2] [7][3] [7][9] [7][15] [7][27] [7][31] [7][32] [7][46] [6][46] [6][35] [6][30] [6][28] [6][30] [6][35] [6][46] [5][46] [4][46] [3][46] [2][46] [2][44] [2][36] [2][24] [2][21] [2][11] [2][7] [2][6] [2][5] [2][2] [2][0] [1][0] [0][0] [0][0] [0][0] 
[0][0] [0][0] [0][0] [0][2] [0][5] [0][10] [0][11] [0][21] [0][42] [0][46] [1][46] [2][46] [2][36] [2][33] [2][36] [2][46] [3][46] [3][42] [3][36] [3][27] [3][21] [3][6] [3][0] [4][0] [5][0] [5][4] [5][9] [5][13] [5][14] [5][17] [5][23] [5][27] [5][28] [5][46] [6][46] [6][44] [6][41] [6][31] [6][30] [6][27] [6][16] [6][10] [6][9] [6][0] [7][0] [8][0] [8][20] [8][25] [8][26] [8][28] [8][29] [8][32] [8][36] [8][44] [8][46] [9][46] [9][26] [9][24] [9][15] [9][10] [9][1] [9][0] [8][0] [7][0] [6][0] [5][0] [4][0] [4][3] [4][5] [4][11] [4][22] [4][27] [4][35] [4][37] [4][40] [4][46] [3][46] [2][46] [1][46] [1][45] [1][43] [1][42] [1][35] [1][20] [1][18] [1][5] [1][0] [0][0] 
[0][0] [0][0] [0][0] [0][2] [0][3] [0][7] [0][14] [0][26] [0][33] [0][39] [0][44] [0][46] [1][46] [1][43] [1][38] [1][34] [1][32] [1][22] [1][21] [1][6] [1][0] [2][0] [2][22] [2][27] [2][29] [2][32] [2][36] [2][46] [3][46] [3][36] [3][32] [3][29] [3][32] [3][36] [3][46] [4][46] [5][46] [5][41] [5][46] [6][46] [6][45] [6][28] [6][23] [6][21] [6][12] [6][11] [6][7] [6][1] [6][0] [7][0] [8][0] [8][7] [8][18] [8][20] [8][24] [8][26] [8][27] [8][41] [8][46] [9][46] [9][35] [9][20] [9][6] [9][0] [8][0] [7][0] [7][20] [7][21] [7][24] [7][36] [7][37] [7][41] [7][44] [7][46] [6][46] [5][46] [4][46] [4][39] [4][28] [4][23] [4][19] [4][17] [4][11] [4][7] [4][0] [3][0] [2][0] [1][0] [0][0] 
[0][0] [0][0] [0][0] [0][2] [0][18] [0][22] [0][32] [0][35] [0][36] [0][38] [0][46] [1][46] [2][46] [2][41] [2][46] [3][46] [3][45] [3][46] [4][46] [5][46] [5][39] [5][38] [5][36] [5][38] [5][39] [5][46] [6][46] [6][45] [6][38] [6][37] [6][34] [6][29] [6][25] [6][11] [6][9] [6][1] [6][0] [7][0] [8][0] [8][4] [8][6] [8][9] [8][20] [8][25] [8][33] [8][40] [8][46] [9][46] [9][43] [9][40] [9][30] [9][20] [9][18] [9][16] [9][2] [9][1] [9][0] [8][0] [7][0] [7][2] [7][14] [7][19] [7][23] [7][27] [7][46] [6][46] [5][46] [4][46] [4][44] [4][37] [4][32] [4][25] [4][18] [4][13] [4][3] [4][1] [4][0] [3][0] [3][7] [3][15] [3][7] [3][0] [2][0] [1][0] [1][3] [1][15] [1][17] [1][20] [1][17] [1][15] [1][3] [1][0] [0][0] 
[0][0] [0][0] [0][0] [0][4] [0][5] [0][6] [0][16] [0][17] [0][21] [0][22] [0][23] [0][28] [0][46] [1][46] [1][38] [1][31] [1][29] [1][23] [1][22] [1][14] [1][9] [1][4] [1][0] [2][0] [2][4] [2][12] [2][19] [2][12] [2][4] [2][0] [3][0] [3][4] [3][6] [3][8] [3][13] [3][20] [3][23] [3][28] [3][36] [3][37] [3][40] [3][43] [3][46] [4][46] [4][43] [4][39] [4][43] [4][46] [5][46] [5][45] [5][44] [5][41] [5][32] [5][24] [5][16] [5][13] [5][0] [6][0] [6][16] [6][22] [6][42] [6][44] [6][45] [6][46] [7][46] [7][37] [7][46] [8][46] [8][38] [8][28] [8][25] [8][21] [8][9] [8][2] [8][0] [9][0] [9][1] [9][0] [8][0] [7][0] [7][1] [7][2] [7][1] [7][0] [6][0] [5][0] [4][0] [4][1] [4][0] [3][0] [2][0] [1][0] [0][0] 
[0][0] [0][0] [0][0] [0][1] [0][5] [0][21] [0][43] [0][46] [1][46] [2][46] [2][41] [2][33] [2][41] [2][46] [3][46] [3][35] [3][33] [3][28] [3][22] [3][17] [3][15] [3][12] [3][0] [4][0] [5][0] [6][0] [6][5] [6][9] [6][12] [6][19] [6][38] [6][39] [6][42] [6][45] [6][46] [7][46] [7][25] [7][24] [7][21] [7][7] [7][0] [8][0] [8][3] [8][21] [8][26] [8][33] [8][38] [8][40] [8][45] [8][46] [9][46] [9][32] [9][29] [9][27] [9][23] [9][22] [9][15] [9][6] [9][0] [8][0] [7][0] [6][0] [5][0] [4][0] [4][1] [4][4] [4][11] [4][14] [4][20] [4][22] [4][33] [4][40] [4][46] [3][46] [2][46] [1][46] [1][42] [1][38] [1][37] [1][32] [1][12] [1][10] [1][6] [1][0] [0][0] 
[0][0] [0][0] [0][0] [0][9] [0][25] [0][33] [0][40] [0][46] [1][46] [2][46] [2][28] [2][27] [2][24] [2][16] [2][12] [2][11] [2][0] [3][0] [3][6] [3][12] [3][16] [3][25] [3][40] [3][43] [3][44] [3][46] [4][46] [4][35] [4][25] [4][17] [4][0] [5][0] [5][10] [5][11] [5][14] [5][16] [5][32] [5][39] [5][46] [6][46] [6][39] [6][36] [6][29] [6][26] [6][16] [6][6] [6][4] [6][0] [7][0] [7][6] [7][9] [7][15] [7][16] [7][24] [7][28] [7][29] [7][32] [7][38] [7][41] [7][42] [7][46] [8][46] [9][46] [9][43] [9][36] [9][24] [9][18] [9][10] [9][1] [9][0] [8][0] [8][2] [8][9] [8][11] [8][9] [8][2] [8][0] [7][0] [6][0] [5][0] [4][0] [3][0] [2][0] [1][0] [1][3] [1][0] [0][0] 
[0][0] [0][0] [0][0] [0][3] [0][8] [0][23] [0][27] [0][32] [0][33] [0][45] [0][46] [1][46] [1][27] [1][26] [1][13] [1][9] [1][4] [1][0] [2][0] [2][11] [2][17] [2][31] [2][44] [2][45] [2][46] [3][46] [3][37] [3][30] [3][29] [3][30] [3][37] [3][46] [4][46] [4][43] [4][36] [4][33] [4][25] [4][23] [4][21] [4][15] [4][2] [4][0] [5][0] [5][2] [5][3] [5][7] [5][15] [5][20] [5][36] [5][46] [6][46] [6][31] [6][22] [6][20] [6][19] [6][8] [6][7] [6][6] [6][0] [7][0] [7][5] [7][8] [7][14] [7][19] [7][14] [7][8] [7][5] [7][0] [8][0] [8][17] [8][19] [8][32] [8][39] [8][46] [9][46] [9][43] [9][36] [9][29] [9][28] [9][19] [9][18] [9][9] [9][4] [9][0] [8][0] [7][0] [6][0] [5][0] [4][0] [3][0] [3][1] [3][0] [2][0] [1][0] [0][0] 
[0][0] [0][0] [0][0] [0][5] [0][6] [0][13] [0][17] [0][25] [0][27] [0][33] [0][40] [0][41] [0][43] [0][45] [0][46] [1][46] [2][46] [2][38] [2][34] [2][38] [2][46] [3][46] [3][44] [3][35] [3][29] [3][24] [3][17] [3][14] [3][3] [3][0] [4][0] [5][0] [5][11] [5][32] [5][40] [5][42] [5][43] [5][45] [5][46] [6][46] [6][36] [6][18] [6][13] [6][9] [6][0] [7][0] [7][8] [7][18] [7][21] [7][22] [7][26] [7][32] [7][45] [7][46] [8][46] [9][46] [9][44] [9][42] [9][44] [9][46] [8][46] [8][39] [8][36] [8][27] [8][21] [8][17] [8][0] [7][0] [6][0] [5][0] [4][0] [4][8] [4][10] [4][11] [4][15] [4][21] [4][27] [4][32] [4][46] [3][46] [2][46] [1][46] [1][43] [1][36] [1][30] [1][26] [1][25] [1][12] [1][8] [1][0] [0][0] 
[0][0] [0][0] [0][0] [0][2] [0][3] [0][2] [0][0] [1][0] [1][4] [1][9] [1][20] [1][22] [1][30] [1][39] [1][46] [0][46] [0][39] [0][46] [1][46] [2][46] [2][36] [2][34] [2][28] [2][23] [2][22] [2][17] [2][16] [2][10] [2][0] [3][0] [3][9] [3][14] [3][24] [3][27] [3][36] [3][38] [3][46] [4][46] [5][46] [5][44] [5][41] [5][40] [5][41] [5][44] [5][46] [6][46] [6][26] [6][21] [6][15] [6][12] [6][3] [6][1] [6][0] [7][0] [8][0] [8][9] [8][11] [8][29] [8][30] [8][38] [8][46] [9][46] [9][44] [9][40] [9][33] [9][22] [9][19] [9][12] [9][0] [8][0] [7][0] [7][1] [7][4] [7][25] [7][27] [7][34] [7][37] [7][43] [7][46] [6][46] [5][46] [4][46] [4][36] [4][25] [4][17] [4][16] [4][15] [4][1] [4][0] [3][0] [2][0] [1][0] [0][0] [0][0] [0][0] 
[0][0] [0][0] [0][0] [0][9] [0][20] [0][25] [0][40] [0][41] [0][42] [0][46] [1][46] [1][36] [1][26] [1][16] [1][15] [1][0] [2][0] [2][3] [2][4] [2][6] [2][4] [2][3] [2][0] [3][0] [3][3] [3][10] [3][25] [3][37] [3][41] [3][42] [3][43] [3][46] [4][46] [4][41] [4][46] [5][46] [5][41] [5][33] [5][23] [5][22] [5][20] [5][14] [5][4] [5][0] [6][0] [6][17] [6][28] [6][29] [6][30] [6][46] [7][46] [7][44] [7][33] [7][22] [7][15] [7][8] [7][7] [7][0] [8][0] [8][2] [8][6] [8][8] [8][18] [8][20] [8][21] [8][23] [8][29] [8][44] [8][45] [8][46] [9][46] [9][39] [9][35] [9][31] [9][18] [9][15] [9][8] [9][1] [9][0] [8][0] [7][0] [6][0] [5][0] [4][0] [4][1] [4][0] [3][0] [2][0] [1][0] [0][0] 
[0][0] [0][0] [0][0] [0][4] [0][5] [0][13] [0][17] [0][19] [0][37] [0][46] [1][46] [1][39] [1][24] [1][22] [1][21] [1][20] [1][12] [1][10] [1][7] [1][0] [2][0] [2][5] [2][26] [2][28] [2][46] [3][46] [3][45] [3][43] [3][35] [3][20] [3][12] [3][11] [3][7] [3][0] [4][0] [4][5] [4][7] [4][12] [4][20] [4][23] [4][25] [4][29] [4][31] [4][33] [4][40] [4][42] [4][44] [4][46] [5][46] [5][43] [5][41] [5][40] [5][39] [5][30] [5][39] [5][40] [5][41] [5][43] [5][46] [6][46] [7][46] [7][45] [7][38] [7][28] [7][17] [7][13] [7][0] [8][0] [8][4] [8][11] [8][28] [8][35] [8][38] [8][46] [9][46] [9][35] [9][28] [9][22] [9][20] [9][16] [9][15] [9][12] [9][8] [9][0] [8][0] [7][0] [6][0] [5][0] [4][0] [3][0] [2][0] [1][0] [0][0] 
[0][0] [0][0] [0][0] [0][6] [0][18] [0][19] [0][20] [0][23] [0][29] [0][46] [1][46] [1][35] [1][31] [1][29] [1][28] [1][29] [1][31] [1][35] [1][46] [2][46] [2][28] [2][23] [2][18] [2][7] [2][5] [2][0] [3][0] [3][12] [3][19] [3][24] [3][25] [3][27] [3][33] [3][44] [3][46] [4][46] [4][43] [4][42] [4][40] [4][38] [4][40] [4][42] [4][43] [4][46] [5][46] [5][40] [5][21] [5][16] [5][0] [6][0] [6][5] [6][11] [6][14] [6][24] [6][26] [6][30] [6][46] [7][46] [7][44] [7][39] [7][33] [7][27] [7][23] [7][22] [7][18] [7][12] [7][8] [7][0] [8][0] [8][7] [8][12] [8][24] [8][26] [8][35] [8][36] [8][42] [8][46] [9][46] [9][40] [9][37] [9][30] [9][29] [9][18] [9][0] [8][0] [7][0] [6][0] [5][0] [4][0] [3][0] [2][0] [1][0] [1][2] [1][0] [0][0] 
[0][0] [0][0] [0][0] [0][6] [0][14] [0][6] [0][0] [1][0] [1][9] [1][14] [1][19] [1][22] [1][26] [1][32] [1][34] [1][39] [1][41] [1][42] [1][44] [1][46] [2][46] [2][43] [2][42] [2][39] [2][37] [2][29] [2][21] [2][19] [2][13] [2][4] [2][0] [3][0] [3][4] [3][7] [3][10] [3][12] [3][17] [3][27] [3][35] [3][40] [3][46] [4][46] [5][46] [6][46] [6][44] [6][42] [6][33] [6][42] [6][44] [6][46] [7][46] [7][24] [7][14] [7][12] [7][0] [8][0] [8][2] [8][0] [9][0] [9][4] [9][17] [9][20] [9][29] [9][32] [9][37] [9][42] [9][46] [8][46] [8][38] [8][46] [7][46] [6][46] [5][46] [5][35] [5][32] [5][30] [5][11] [5][8] [5][1] [5][0] [4][0] [4][9] [4][17] [4][9] [4][0] [3][0] [2][0] [1][0] [0][0] [0][0] [0][0] 
[0][0] [0][0] [0][0] [0][2] [0][5] [0][8] [0][16] [0][18] [0][20] [0][23] [0][38] [0][39] [0][41] [0][43] [0][44] [0][46] [1][46] [1][36] [1][32] [1][19] [1][6] [1][0] [2][0] [2][4] [2][5] [2][7] [2][12] [2][19] [2][27] [2][36] [2][46] [3][46] [3][42] [3][30] [3][15] [3][0] [4][0] [4][5] [4][7] [4][13] [4][14] [4][16] [4][22] [4][25] [4][46] [5][46] [5][44] [5][43] [5][30] [5][14] [5][11] [5][0] [6][0] [6][10] [6][15] [6][21] [6][32] [6][35] [6][36] [6][37] [6][39] [6][43] [6][46] [7][46] [7][45] [7][46] [8][46] [8][45] [8][42] [8][41] [8][32] [8][31] [8][23] [8][16] [8][0] [7][0] [7][6] [7][7] [7][11] [7][7] [7][6] [7][0] [6][0] [5][0] [4][0] [3][0] [2][0] [1][0] [0][0] 
[0][0] [0][0] [0][0] [0][2] [0][17] [0][18] [0][20] [0][25] [0][34] [0][46] [1][46] [1][40] [1][30] [1][19] [1][18] [1][16] [1][3] [1][0] [2][0] [2][1] [2][18] [2][25] [2][27] [2][33] [2][37] [2][46] [3][46] [3][42] [3][38] [3][34] [3][24] [3][15] [3][9] [3][0] [4][0] [4][18] [4][19] [4][23] [4][28] [4][46] [5][46] [5][41] [5][35] [5][41] [5][46] [6][46] [6][44] [6][35] [6][32] [6][28] [6][32] [6][35] [6][44] [6][46] [7][46] [7][43] [7][36] [7][43] [7][46] [8][46] [8][34] [8][29] [8][28] [8][27] [8][26] [8][22] [8][10] [8][0] [9][0] [9][1] [9][8] [9][19] [9][23] [9][19] [9][8] [9][1] [9][0] [8][0] [7][0] [7][11] [7][12] [7][11] [7][0] [6][0] [5][0] [5][5] [5][7] [5][9] [5][7] [5][5] [5][0] [4][0] [3][0] [2][0] [1][0] [0][0] 
[0][0] [0][0] [0][0] [1][0] [1][4] [1][13] [1][17] [1][30] [1][34] [1][46] [0][46] [0][36] [0][35] [0][33] [0][35] [0][36] [0][46] [1][46] [2][46] [2][36] [2][28] [2][23] [2][19] [2][16] [2][14] [2][13] [2][11] [2][6] [2][0] [3][0] [3][3] [3][4] [3][13] [3][21] [3][22] [3][32] [3][35] [3][42] [3][46] [4][46] [4][30] [4][29] [4][27] [4][24] [4][18] [4][16] [4][0] [5][0] [5][13] [5][17] [5][23] [5][24] [5][30] [5][31] [5][35] [5][38] [5][46] [6][46] [6][43] [6][35] [6][25] [6][23] [6][10] [6][0] [7][0] [7][4] [7][6] [7][11] [7][27] [7][28] [7][46] [8][46] [9][46] [9][45] [9][32] [9][30] [9][28] [9][24] [9][13] [9][4] [9][0] [8][0] [8][9] [8][17] [8][9] [8][0] [7][0] [6][0] [5][0] [4][0] [3][0] [2][0] [1][0] [0][0] [0][0] [0][0] 
[0][0] [0][0] [0][0] [0][7] [0][12] [0][18] [0][19] [0][46] [1][46] [1][45] [1][42] [1][36] [1][33] [1][15] [1][10] [1][0] [2][0] [2][1] [2][13] [2][15] [2][16] [2][17] [2][16] [2][15] [2][13] [2][1] [2][0] [3][0] [3][3] [3][10] [3][21] [3][27] [3][29] [3][32] [3][37] [3][39] [3][46] [4][46] [4][43] [4][39] [4][36] [4][29] [4][28] [4][26] [4][14] [4][12] [4][9] [4][0] [5][0] [6][0] [6][4] [6][12] [6][21] [6][23] [6][24] [6][29] [6][31] [6][37] [6][46] [7][46] [7][41] [7][35] [7][33] [7][16] [7][11] [7][10] [7][9] [7][2] [7][0] [8][0] [8][16] [8][20] [8][35] [8][40] [8][45] [8][46] [9][46] [9][42] [9][40] [9][31] [9][20] [9][18] [9][0] [8][0] [7][0] [6][0] [5][0] [4][0] [3][0] [2][0] [1][0] [0][0] 
[0][0] [0][0] [0][0] [0][7] [0][25] [0][36] [0][43] [0][46] [1][46] [2][46] [2][43] [2][28] [2][15] [2][12] [2][10] [2][0] [3][0] [3][5] [3][7] [3][19] [3][22] [3][26] [3][29] [3][46] [4][46] [4][41] [4][30] [4][16] [4][12] [4][1] [4][0] [5][0] [5][9] [5][12] [5][16] [5][20] [5][23] [5][28] [5][40] [5][42] [5][45] [5][46] [6][46] [6][33] [6][25] [6][22] [6][19] [6][17] [6][0] [7][0] [7][9] [7][19] [7][30] [7][31] [7][35] [7][46] [8][46] [8][41] [8][38] [8][37] [8][35] [8][34] [8][35] [8][37] [8][38] [8][41] [8][46] [9][46] [9][28] [9][26] [9][22] [9][15] [9][14] [9][12] [9][0] [8][0] [7][0] [6][0] [5][0] [4][0] [3][0] [2][0] [1][0] [1][5] [1][6] [1][7] [1][14] [1][7] [1][6] [1][5] [1][0] [0][0] 
[0][0] [0][0] [0][0] [0][16] [0][21] [0][22] [0][30] [0][43] [0][46] [1][46] [1][43] [1][38] [1][36] [1][21] [1][16] [1][9] [1][8] [1][5] [1][4] [1][0] [2][0] [2][6] [2][18] [2][22] [2][27] [2][30] [2][46] [3][46] [4][46] [4][40] [4][23] [4][20] [4][18] [4][16] [4][3] [4][0] [5][0] [5][1] [5][12] [5][31] [5][44] [5][46] [6][46] [6][35] [6][33] [6][22] [6][19] [6][15] [6][5] [6][2] [6][0] [7][0] [8][0] [8][4] [8][20] [8][23] [8][24] [8][31] [8][36] [8][46] [9][46] [9][43] [9][19] [9][15] [9][13] [9][8] [9][0] [8][0] [7][0] [6][0] [5][0] [4][0] [3][0] [3][2] [3][5] [3][7] [3][5] [3][2] [3][0] [2][0] [1][0] [0][0] 
[0][0] [0][0] [0][0] [0][1] [0][4] [0][13] [0][17] [0][19] [0][21] [0][31] [0][32] [0][35] [0][46] [1][46] [1][44] [1][39] [1][26] [1][19] [1][11] [1][7] [1][4] [1][0] [2][0] [2][1] [2][0] [3][0] [3][4] [3][8] [3][20] [3][46] [2][46] [2][41] [2][37] [2][41] [2][46] [3][46] [4][46] [5][46] [5][44] [5][38] [5][35] [5][31] [5][27] [5][20] [5][15] [5][1] [5][0] [6][0] [6][8] [6][9] [6][27] [6][36] [6][44] [6][46] [7][46] [8][46] [8][43] [8][37] [8][43] [8][46] [9][46] [9][45] [9][46] [8][46] [7][46] [7][44] [7][42] [7][31] [7][28] [7][9] [7][0] [6][0] [5][0] [4][0] [3][0] [2][0] [1][0] [0][0] 
