22312
687.548
/home/fflorenci/jobprp_ga/reduced_instances/henn/ran2/reduced_warehouse_53.lyt
/home/fflorenci/jobprp_ga/reduced_instances/henn/ran2/reduced_warehouse_53l-100-30-0.ord
100
30
6
340
120
1
8 19 13 21 12 6 11 19 10 23 9 17 15 11 8 16 17 21 16 23 20 22 12 13 18 19 22 13 8 7 19 17 13 6 9 23 11 9 11 18 11 16 11 18 7 5 17 9 13 12 10 13 8 17 8 18 21 8 18 19 5 15 18 21 10 21 17 21 15 12 10 14 13 7 19 17 6 9 23 21 21 22 18 22 24 5 23 8 20 10 15 9 24 20 10 22 23 18 15 23 
54
38 34 45 85 
54 12 44 
11 28 60 
73 5 46 
10 27 87 
1 70 
23 31 
39 49 
16 32 
7 40 
17 47 
96 33 
56 57 
43 0 
26 52 
74 77 
88 50 
75 4 
2 66 
97 94 
9 76 
67 29 
41 71 
93 64 
58 8 
25 6 
82 13 
79 91 
65 37 
24 69 
20 89 
62 22 
18 72 
15 48 
61 98 
42 59 
30 36 
80 14 
68 90 
51 53 
3 
86 
81 
84 
92 
63 
21 
95 
35 
78 
99 
83 
19 
55 
350
348
330
418
388
414
462
416
438
412
472
452
466
362
406
414
444
458
374
390
394
432
500
426
454
478
376
414
408
476
382
406
416
352
464
368
428
428
472
392
382
388
424
434
364
440
392
426
416
374
420
448
372
352
[0][0] [0][0] [0][0] [0][3] [0][4] [0][16] [0][36] [0][46] [1][46] [2][46] [3][46] [3][32] [3][46] [4][46] [4][44] [4][37] [4][28] [4][25] [4][0] [5][0] [6][0] [6][5] [6][14] [6][28] [6][30] [6][39] [6][46] [7][46] [8][46] [9][46] [9][39] [9][26] [9][39] [9][46] [8][46] [8][42] [8][40] [8][25] [8][24] [8][20] [8][16] [8][13] [8][2] [8][0] [7][0] [6][0] [5][0] [4][0] [3][0] [3][4] [3][0] [2][0] [2][2] [2][3] [2][4] [2][3] [2][2] [2][0] [1][0] [0][0] 
[0][0] [0][0] [0][0] [0][3] [0][5] [0][3] [0][0] [1][0] [2][0] [2][4] [2][7] [2][18] [2][24] [2][25] [2][35] [2][41] [2][46] [1][46] [0][46] [0][44] [0][39] [0][36] [0][39] [0][44] [0][46] [1][46] [2][46] [3][46] [3][41] [3][46] [4][46] [4][43] [4][36] [4][43] [4][46] [5][46] [6][46] [6][45] [6][46] [7][46] [7][45] [7][46] [8][46] [9][46] [9][39] [9][46] [8][46] [8][39] [8][31] [8][22] [8][14] [8][0] [7][0] [7][5] [7][0] [6][0] [5][0] [5][13] [5][18] [5][22] [5][18] [5][13] [5][0] [4][0] [4][2] [4][9] [4][2] [4][0] [3][0] [3][5] [3][0] [2][0] [1][0] [0][0] [0][0] [0][0] 
[0][0] [0][0] [0][0] [1][0] [1][18] [1][19] [1][20] [1][43] [1][44] [1][46] [2][46] [2][36] [2][46] [3][46] [3][44] [3][42] [3][44] [3][46] [4][46] [5][46] [5][39] [5][46] [6][46] [6][38] [6][32] [6][30] [6][26] [6][14] [6][13] [6][0] [7][0] [8][0] [8][4] [8][12] [8][4] [8][0] [7][0] [7][4] [7][5] [7][24] [7][27] [7][34] [7][38] [7][46] [6][46] [5][46] [4][46] [4][39] [4][24] [4][16] [4][8] [4][0] [3][0] [3][4] [3][5] [3][4] [3][0] [2][0] [1][0] [0][0] [0][0] [0][0] 
[0][0] [0][0] [0][0] [1][0] [1][21] [1][24] [1][30] [1][39] [1][46] [0][46] [0][37] [0][27] [0][37] [0][46] [1][46] [2][46] [3][46] [4][46] [4][33] [4][22] [4][6] [4][0] [5][0] [5][8] [5][12] [5][14] [5][22] [5][33] [5][46] [6][46] [6][42] [6][22] [6][15] [6][0] [7][0] [7][6] [7][0] [8][0] [8][1] [8][3] [8][4] [8][21] [8][26] [8][34] [8][46] [9][46] [9][31] [9][20] [9][11] [9][9] [9][7] [9][0] [8][0] [7][0] [6][0] [5][0] [4][0] [3][0] [2][0] [1][0] [0][0] [0][0] [0][0] 
[0][0] [0][0] [0][0] [1][0] [1][1] [1][0] [2][0] [2][3] [2][9] [2][11] [2][17] [2][18] [2][19] [2][23] [2][46] [3][46] [4][46] [4][34] [4][25] [4][18] [4][0] [5][0] [5][9] [5][13] [5][24] [5][26] [5][43] [5][46] [6][46] [6][34] [6][46] [7][46] [7][43] [7][35] [7][22] [7][16] [7][4] [7][0] [8][0] [8][19] [8][27] [8][28] [8][32] [8][46] [9][46] [9][43] [9][28] [9][12] [9][0] [8][0] [7][0] [6][0] [5][0] [4][0] [3][0] [3][2] [3][0] [2][0] [1][0] [0][0] [0][0] [0][0] 
[0][0] [0][0] [0][0] [0][2] [0][7] [0][11] [0][20] [0][21] [0][20] [0][11] [0][7] [0][2] [0][0] [1][0] [2][0] [2][8] [2][22] [2][29] [2][41] [2][44] [2][46] [1][46] [1][40] [1][46] [2][46] [3][46] [3][45] [3][25] [3][9] [3][0] [4][0] [4][4] [4][17] [4][35] [4][46] [5][46] [6][46] [6][42] [6][39] [6][23] [6][14] [6][0] [7][0] [7][18] [7][21] [7][27] [7][46] [8][46] [8][38] [8][27] [8][19] [8][1] [8][0] [7][0] [6][0] [5][0] [5][1] [5][0] [4][0] [3][0] [2][0] [1][0] [0][0] [0][0] [0][0] 
[0][0] [0][0] [0][0] [0][4] [0][23] [0][25] [0][23] [0][4] [0][0] [1][0] [1][17] [1][26] [1][38] [1][46] [2][46] [2][39] [2][46] [3][46] [3][31] [3][27] [3][23] [3][20] [3][0] [4][0] [4][1] [4][20] [4][32] [4][40] [4][46] [5][46] [5][37] [5][29] [5][37] [5][46] [6][46] [7][46] [7][32] [7][26] [7][32] [7][46] [8][46] [9][46] [9][40] [9][46] [8][46] [7][46] [6][46] [6][42] [6][41] [6][36] [6][22] [6][7] [6][0] [7][0] [8][0] [8][3] [8][6] [8][3] [8][0] [7][0] [6][0] [5][0] [5][2] [5][0] [4][0] [3][0] [2][0] [2][7] [2][0] [1][0] [0][0] [0][0] [0][0] 
[0][0] [0][0] [0][0] [1][0] [1][8] [1][19] [1][27] [1][29] [1][35] [1][46] [2][46] [2][40] [2][30] [2][28] [2][30] [2][40] [2][46] [3][46] [3][42] [3][46] [4][46] [5][46] [5][33] [5][26] [5][19] [5][13] [5][0] [6][0] [6][5] [6][0] [7][0] [7][8] [7][22] [7][26] [7][42] [7][46] [6][46] [6][40] [6][37] [6][40] [6][46] [7][46] [8][46] [9][46] [9][31] [9][46] [8][46] [8][31] [8][20] [8][19] [8][10] [8][0] [7][0] [6][0] [5][0] [4][0] [4][8] [4][0] [3][0] [3][2] [3][8] [3][13] [3][8] [3][2] [3][0] [2][0] [1][0] [0][0] [0][0] [0][0] 
[0][0] [0][0] [0][0] [0][11] [0][17] [0][18] [0][20] [0][44] [0][46] [1][46] [2][46] [3][46] [3][34] [3][31] [3][34] [3][46] [4][46] [4][43] [4][26] [4][2] [4][1] [4][0] [5][0] [6][0] [7][0] [7][22] [7][28] [7][46] [8][46] [9][46] [9][42] [9][41] [9][42] [9][46] [8][46] [8][29] [8][26] [8][14] [8][7] [8][0] [9][0] [9][6] [9][0] [8][0] [7][0] [6][0] [6][6] [6][18] [6][23] [6][46] [5][46] [4][46] [3][46] [2][46] [2][41] [2][32] [2][18] [2][17] [2][14] [2][0] [1][0] [1][10] [1][0] [0][0] 
[0][0] [0][0] [0][0] [0][20] [0][22] [0][25] [0][45] [0][46] [1][46] [1][41] [1][26] [1][41] [1][46] [2][46] [2][33] [2][6] [2][5] [2][0] [3][0] [3][4] [3][9] [3][19] [3][21] [3][34] [3][35] [3][37] [3][46] [4][46] [4][45] [4][34] [4][45] [4][46] [5][46] [5][45] [5][44] [5][30] [5][44] [5][45] [5][46] [6][46] [7][46] [7][44] [7][46] [8][46] [9][46] [9][27] [9][8] [9][4] [9][0] [8][0] [8][1] [8][13] [8][1] [8][0] [7][0] [6][0] [6][7] [6][9] [6][12] [6][9] [6][7] [6][0] [5][0] [4][0] [3][0] [2][0] [1][0] [0][0] 
[0][0] [0][0] [0][0] [0][21] [0][32] [0][34] [0][37] [0][39] [0][46] [1][46] [1][28] [1][16] [1][0] [2][0] [3][0] [3][17] [3][30] [3][35] [3][46] [4][46] [4][33] [4][21] [4][14] [4][6] [4][5] [4][0] [5][0] [5][1] [5][3] [5][21] [5][30] [5][40] [5][46] [6][46] [7][46] [7][43] [7][28] [7][43] [7][46] [8][46] [9][46] [9][32] [9][28] [9][14] [9][0] [8][0] [8][14] [8][0] [7][0] [6][0] [6][19] [6][25] [6][19] [6][0] [5][0] [4][0] [3][0] [2][0] [1][0] [0][0] 
[0][0] [0][0] [0][0] [0][10] [0][16] [0][23] [0][25] [0][46] [1][46] [1][40] [1][36] [1][40] [1][46] [2][46] [2][39] [2][36] [2][14] [2][9] [2][0] [3][0] [3][9] [3][10] [3][9] [3][0] [4][0] [4][23] [4][35] [4][46] [5][46] [5][34] [5][46] [6][46] [6][32] [6][46] [7][46] [7][20] [7][2] [7][0] [8][0] [8][12] [8][30] [8][38] [8][42] [8][46] [9][46] [9][38] [9][34] [9][19] [9][6] [9][0] [8][0] [7][0] [6][0] [5][0] [4][0] [3][0] [2][0] [1][0] [1][3] [1][0] [0][0] 
[0][0] [0][0] [0][0] [0][3] [0][6] [0][12] [0][20] [0][12] [0][6] [0][3] [0][0] [1][0] [1][13] [1][23] [1][34] [1][46] [2][46] [3][46] [3][44] [3][40] [3][44] [3][46] [4][46] [5][46] [5][42] [5][46] [6][46] [6][32] [6][25] [6][15] [6][0] [7][0] [7][10] [7][17] [7][34] [7][42] [7][46] [8][46] [9][46] [9][43] [9][20] [9][0] [8][0] [8][9] [8][14] [8][9] [8][0] [7][0] [6][0] [5][0] [5][4] [5][9] [5][13] [5][9] [5][4] [5][0] [4][0] [4][7] [4][22] [4][7] [4][0] [3][0] [3][14] [3][0] [2][0] [2][7] [2][0] [1][0] [0][0] [0][0] [0][0] 
[0][0] [0][0] [0][0] [0][5] [0][0] [1][0] [1][7] [1][28] [1][32] [1][40] [1][46] [2][46] [2][40] [2][46] [3][46] [4][46] [4][29] [4][46] [5][46] [5][31] [5][46] [6][46] [6][23] [6][17] [6][12] [6][0] [7][0] [7][2] [7][4] [7][15] [7][21] [7][22] [7][33] [7][34] [7][37] [7][46] [8][46] [9][46] [9][42] [9][40] [9][37] [9][17] [9][0] [8][0] [7][0] [6][0] [5][0] [4][0] [4][5] [4][0] [3][0] [2][0] [2][1] [2][0] [1][0] [0][0] [0][0] [0][0] 
[0][0] [0][0] [0][0] [0][13] [0][29] [0][33] [0][46] [1][46] [2][46] [3][46] [3][36] [3][32] [3][36] [3][46] [4][46] [4][40] [4][26] [4][24] [4][15] [4][12] [4][4] [4][0] [5][0] [5][12] [5][0] [6][0] [6][13] [6][0] [7][0] [7][4] [7][5] [7][7] [7][5] [7][4] [7][0] [8][0] [9][0] [9][6] [9][11] [9][21] [9][29] [9][46] [8][46] [7][46] [7][43] [7][40] [7][35] [7][40] [7][43] [7][46] [6][46] [5][46] [5][41] [5][32] [5][41] [5][46] [4][46] [3][46] [2][46] [1][46] [1][31] [1][22] [1][14] [1][10] [1][0] [0][0] 
[0][0] [0][0] [0][0] [0][24] [0][30] [0][31] [0][45] [0][46] [1][46] [2][46] [3][46] [4][46] [4][40] [4][29] [4][27] [4][29] [4][40] [4][46] [5][46] [5][36] [5][46] [6][46] [6][45] [6][40] [6][38] [6][32] [6][38] [6][40] [6][45] [6][46] [7][46] [8][46] [9][46] [9][32] [9][46] [8][46] [7][46] [7][38] [7][20] [7][14] [7][13] [7][1] [7][0] [8][0] [8][15] [8][0] [7][0] [6][0] [6][2] [6][0] [5][0] [4][0] [3][0] [3][10] [3][0] [2][0] [2][3] [2][5] [2][10] [2][5] [2][3] [2][0] [1][0] [1][16] [1][22] [1][16] [1][0] [0][0] 
[0][0] [0][0] [0][0] [0][7] [0][0] [1][0] [1][7] [1][17] [1][24] [1][46] [0][46] [0][44] [0][41] [0][44] [0][46] [1][46] [2][46] [3][46] [3][32] [3][30] [3][32] [3][46] [4][46] [4][40] [4][33] [4][29] [4][25] [4][14] [4][10] [4][0] [5][0] [6][0] [7][0] [7][11] [7][27] [7][30] [7][46] [8][46] [8][36] [8][46] [9][46] [9][45] [9][43] [9][29] [9][23] [9][29] [9][43] [9][45] [9][46] [8][46] [7][46] [6][46] [6][38] [6][29] [6][38] [6][46] [5][46] [5][36] [5][46] [4][46] [3][46] [2][46] [2][38] [2][27] [2][20] [2][2] [2][0] [1][0] [0][0] [0][0] [0][0] 
[0][0] [0][0] [0][0] [0][6] [0][9] [0][12] [0][26] [0][33] [0][40] [0][46] [1][46] [2][46] [2][34] [2][46] [3][46] [4][46] [4][45] [4][34] [4][26] [4][19] [4][0] [5][0] [5][5] [5][17] [5][26] [5][46] [6][46] [6][24] [6][18] [6][7] [6][0] [7][0] [7][1] [7][21] [7][33] [7][35] [7][46] [8][46] [9][46] [9][23] [9][46] [8][46] [8][34] [8][31] [8][15] [8][0] [7][0] [6][0] [5][0] [4][0] [3][0] [2][0] [2][3] [2][0] [1][0] [1][5] [1][13] [1][5] [1][0] [0][0] 
[0][0] [0][0] [0][0] [0][16] [0][28] [0][41] [0][43] [0][46] [1][46] [1][41] [1][38] [1][36] [1][38] [1][41] [1][46] [2][46] [3][46] [3][34] [3][46] [4][46] [5][46] [5][30] [5][46] [6][46] [6][41] [6][40] [6][41] [6][46] [7][46] [8][46] [8][32] [8][10] [8][4] [8][0] [9][0] [9][12] [9][13] [9][14] [9][13] [9][12] [9][0] [8][0] [7][0] [7][9] [7][10] [7][19] [7][22] [7][19] [7][10] [7][9] [7][0] [6][0] [6][4] [6][5] [6][4] [6][0] [5][0] [4][0] [4][1] [4][2] [4][1] [4][0] [3][0] [2][0] [2][2] [2][0] [1][0] [1][12] [1][0] [0][0] 
[0][0] [0][0] [0][0] [0][10] [0][18] [0][22] [0][44] [0][46] [1][46] [2][46] [2][34] [2][46] [3][46] [3][43] [3][42] [3][43] [3][46] [4][46] [4][45] [4][25] [4][16] [4][10] [4][0] [5][0] [5][10] [5][0] [6][0] [7][0] [7][8] [7][10] [7][11] [7][10] [7][8] [7][0] [8][0] [9][0] [9][4] [9][24] [9][33] [9][34] [9][46] [8][46] [8][37] [8][46] [7][46] [6][46] [5][46] [5][28] [5][46] [4][46] [3][46] [2][46] [1][46] [1][38] [1][32] [1][25] [1][24] [1][15] [1][7] [1][0] [0][0] 
[0][0] [0][0] [0][0] [0][14] [0][21] [0][30] [0][32] [0][46] [1][46] [2][46] [2][35] [2][25] [2][7] [2][0] [3][0] [3][14] [3][22] [3][46] [4][46] [4][39] [4][34] [4][21] [4][9] [4][0] [5][0] [6][0] [6][3] [6][16] [6][28] [6][31] [6][38] [6][39] [6][45] [6][46] [7][46] [8][46] [9][46] [9][43] [9][38] [9][34] [9][32] [9][26] [9][20] [9][12] [9][0] [8][0] [7][0] [6][0] [5][0] [4][0] [3][0] [2][0] [1][0] [1][17] [1][0] [0][0] 
[0][0] [0][0] [0][0] [0][19] [0][40] [0][41] [0][42] [0][46] [1][46] [1][38] [1][32] [1][25] [1][24] [1][25] [1][32] [1][38] [1][46] [2][46] [3][46] [4][46] [4][25] [4][46] [5][46] [6][46] [6][39] [6][46] [7][46] [7][33] [7][32] [7][14] [7][12] [7][0] [8][0] [9][0] [9][3] [9][9] [9][16] [9][9] [9][3] [9][0] [8][0] [8][8] [8][22] [8][31] [8][38] [8][39] [8][46] [7][46] [6][46] [5][46] [5][22] [5][12] [5][5] [5][0] [4][0] [4][1] [4][0] [3][0] [2][0] [2][7] [2][17] [2][7] [2][0] [1][0] [0][0] 
[0][0] [0][0] [0][0] [0][9] [0][15] [0][24] [0][26] [0][41] [0][43] [0][46] [1][46] [1][26] [1][13] [1][7] [1][0] [2][0] [2][18] [2][22] [2][43] [2][46] [3][46] [4][46] [4][45] [4][25] [4][6] [4][0] [5][0] [5][5] [5][17] [5][26] [5][29] [5][46] [6][46] [6][40] [6][46] [7][46] [8][46] [8][27] [8][46] [9][46] [9][39] [9][30] [9][39] [9][46] [8][46] [7][46] [7][29] [7][27] [7][0] [6][0] [6][10] [6][0] [5][0] [4][0] [3][0] [3][14] [3][22] [3][14] [3][0] [2][0] [1][0] [0][0] 
[0][0] [0][0] [0][0] [0][6] [0][12] [0][6] [0][0] [1][0] [1][14] [1][15] [1][26] [1][46] [2][46] [3][46] [4][46] [4][43] [4][46] [5][46] [5][21] [5][12] [5][6] [5][0] [6][0] [7][0] [7][12] [7][18] [7][23] [7][46] [8][46] [8][36] [8][33] [8][24] [8][22] [8][21] [8][12] [8][0] [9][0] [9][1] [9][7] [9][17] [9][7] [9][1] [9][0] [8][0] [7][0] [6][0] [6][2] [6][12] [6][17] [6][18] [6][39] [6][46] [5][46] [4][46] [3][46] [3][26] [3][17] [3][1] [3][0] [2][0] [2][2] [2][0] [1][0] [0][0] [0][0] [0][0] 
[0][0] [0][0] [0][0] [0][10] [0][16] [0][34] [0][36] [0][46] [1][46] [1][43] [1][24] [1][43] [1][46] [2][46] [2][45] [2][33] [2][31] [2][33] [2][45] [2][46] [3][46] [3][44] [3][39] [3][37] [3][39] [3][44] [3][46] [4][46] [4][25] [4][46] [5][46] [6][46] [6][39] [6][37] [6][39] [6][46] [7][46] [7][28] [7][21] [7][4] [7][0] [8][0] [8][12] [8][21] [8][26] [8][38] [8][46] [9][46] [9][32] [9][15] [9][4] [9][0] [8][0] [7][0] [6][0] [6][13] [6][0] [5][0] [5][2] [5][0] [4][0] [3][0] [3][6] [3][0] [2][0] [1][0] [0][0] 
[0][0] [0][0] [0][0] [0][4] [0][21] [0][34] [0][44] [0][46] [1][46] [1][27] [1][46] [2][46] [2][37] [2][46] [3][46] [3][34] [3][46] [4][46] [5][46] [5][36] [5][34] [5][17] [5][5] [5][1] [5][0] [6][0] [6][2] [6][21] [6][23] [6][24] [6][46] [7][46] [7][45] [7][46] [8][46] [9][46] [9][42] [9][46] [8][46] [8][28] [8][9] [8][0] [9][0] [9][5] [9][8] [9][5] [9][0] [8][0] [7][0] [7][18] [7][0] [6][0] [5][0] [4][0] [4][7] [4][17] [4][7] [4][0] [3][0] [3][4] [3][0] [2][0] [2][5] [2][10] [2][12] [2][10] [2][5] [2][0] [1][0] [0][0] 
[0][0] [0][0] [0][0] [0][7] [0][8] [0][19] [0][25] [0][29] [0][31] [0][33] [0][46] [1][46] [2][46] [2][19] [2][13] [2][6] [2][0] [3][0] [3][17] [3][24] [3][27] [3][37] [3][41] [3][46] [4][46] [5][46] [6][46] [6][40] [6][46] [7][46] [8][46] [8][44] [8][37] [8][29] [8][37] [8][44] [8][46] [9][46] [9][40] [9][29] [9][14] [9][4] [9][0] [8][0] [8][2] [8][10] [8][2] [8][0] [7][0] [7][9] [7][14] [7][9] [7][0] [6][0] [5][0] [4][0] [4][8] [4][0] [3][0] [2][0] [1][0] [0][0] 
[0][0] [0][0] [0][0] [0][4] [0][6] [0][8] [0][6] [0][4] [0][0] [1][0] [1][26] [1][40] [1][46] [0][46] [0][43] [0][46] [1][46] [2][46] [2][28] [2][27] [2][28] [2][46] [3][46] [3][43] [3][46] [4][46] [4][30] [4][46] [5][46] [6][46] [6][40] [6][35] [6][19] [6][0] [7][0] [7][18] [7][25] [7][26] [7][33] [7][41] [7][46] [8][46] [8][44] [8][26] [8][25] [8][9] [8][8] [8][0] [9][0] [9][2] [9][10] [9][13] [9][14] [9][13] [9][10] [9][2] [9][0] [8][0] [7][0] [6][0] [5][0] [4][0] [4][1] [4][8] [4][1] [4][0] [3][0] [2][0] [1][0] [0][0] [0][0] [0][0] 
[0][0] [0][0] [0][0] [1][0] [1][10] [1][17] [1][27] [1][42] [1][46] [2][46] [2][35] [2][34] [2][31] [2][26] [2][16] [2][0] [3][0] [3][7] [3][15] [3][32] [3][46] [4][46] [5][46] [5][40] [5][33] [5][40] [5][46] [6][46] [6][34] [6][24] [6][21] [6][14] [6][0] [7][0] [8][0] [8][2] [8][3] [8][2] [8][0] [7][0] [7][1] [7][23] [7][33] [7][39] [7][41] [7][46] [8][46] [8][42] [8][41] [8][36] [8][41] [8][42] [8][46] [7][46] [6][46] [5][46] [4][46] [4][40] [4][28] [4][0] [3][0] [2][0] [1][0] [0][0] [0][0] [0][0] 
[0][0] [0][0] [0][0] [0][17] [0][19] [0][21] [0][25] [0][37] [0][46] [1][46] [1][42] [1][37] [1][42] [1][46] [2][46] [2][29] [2][7] [2][0] [3][0] [3][11] [3][19] [3][29] [3][41] [3][46] [4][46] [4][32] [4][46] [5][46] [5][44] [5][42] [5][33] [5][31] [5][26] [5][31] [5][33] [5][42] [5][44] [5][46] [6][46] [7][46] [8][46] [8][29] [8][28] [8][26] [8][28] [8][29] [8][46] [9][46] [9][40] [9][37] [9][7] [9][0] [8][0] [7][0] [7][18] [7][24] [7][18] [7][0] [6][0] [6][5] [6][15] [6][20] [6][15] [6][5] [6][0] [5][0] [4][0] [3][0] [2][0] [1][0] [0][0] 
[0][0] [0][0] [0][0] [0][1] [0][7] [0][8] [0][15] [0][17] [0][19] [0][21] [0][43] [0][46] [1][46] [2][46] [3][46] [3][37] [3][46] [4][46] [4][40] [4][46] [5][46] [5][39] [5][31] [5][27] [5][19] [5][0] [6][0] [6][2] [6][4] [6][29] [6][46] [7][46] [8][46] [9][46] [9][42] [9][46] [8][46] [8][44] [8][25] [8][22] [8][7] [8][1] [8][0] [7][0] [6][0] [5][0] [4][0] [4][13] [4][0] [3][0] [3][4] [3][7] [3][9] [3][7] [3][4] [3][0] [2][0] [2][1] [2][6] [2][18] [2][6] [2][1] [2][0] [1][0] [0][0] 
[0][0] [0][0] [0][0] [0][17] [0][25] [0][27] [0][32] [0][46] [1][46] [1][29] [1][26] [1][0] [2][0] [2][4] [2][0] [3][0] [3][11] [3][12] [3][18] [3][28] [3][46] [4][46] [5][46] [5][38] [5][46] [6][46] [6][36] [6][46] [7][46] [7][34] [7][33] [7][29] [7][19] [7][16] [7][11] [7][9] [7][3] [7][0] [8][0] [8][1] [8][9] [8][14] [8][9] [8][1] [8][0] [9][0] [9][17] [9][0] [8][0] [7][0] [6][0] [6][2] [6][5] [6][2] [6][0] [5][0] [4][0] [4][7] [4][12] [4][7] [4][0] [3][0] [2][0] [1][0] [0][0] 
[0][0] [0][0] [0][0] [1][0] [2][0] [2][1] [2][5] [2][22] [2][40] [2][46] [1][46] [0][46] [0][29] [0][46] [1][46] [1][36] [1][33] [1][36] [1][46] [2][46] [3][46] [3][42] [3][37] [3][35] [3][33] [3][35] [3][37] [3][42] [3][46] [4][46] [5][46] [5][23] [5][8] [5][3] [5][0] [6][0] [7][0] [7][4] [7][6] [7][12] [7][29] [7][32] [7][36] [7][42] [7][46] [8][46] [8][34] [8][20] [8][13] [8][6] [8][0] [9][0] [9][6] [9][0] [8][0] [7][0] [6][0] [5][0] [4][0] [4][17] [4][0] [3][0] [2][0] [1][0] [0][0] [0][0] [0][0] 
[0][0] [0][0] [0][0] [0][1] [0][3] [0][9] [0][14] [0][31] [0][46] [1][46] [1][45] [1][43] [1][45] [1][46] [2][46] [2][43] [2][46] [3][46] [4][46] [4][45] [4][46] [5][46] [5][40] [5][36] [5][29] [5][16] [5][6] [5][0] [6][0] [6][8] [6][19] [6][33] [6][46] [7][46] [8][46] [9][46] [9][38] [9][29] [9][38] [9][46] [8][46] [8][42] [8][40] [8][35] [8][28] [8][16] [8][14] [8][0] [7][0] [7][6] [7][0] [6][0] [5][0] [4][0] [4][2] [4][0] [3][0] [2][0] [2][2] [2][13] [2][2] [2][0] [1][0] [0][0] 
[0][0] [0][0] [0][0] [1][0] [1][18] [1][19] [1][21] [1][42] [1][46] [0][46] [0][29] [0][46] [1][46] [2][46] [2][39] [2][37] [2][36] [2][33] [2][24] [2][0] [3][0] [3][4] [3][25] [3][30] [3][31] [3][46] [4][46] [5][46] [5][35] [5][26] [5][35] [5][46] [6][46] [7][46] [7][43] [7][41] [7][29] [7][28] [7][27] [7][28] [7][29] [7][41] [7][43] [7][46] [8][46] [8][36] [8][46] [7][46] [6][46] [6][42] [6][22] [6][0] [7][0] [8][0] [9][0] [9][2] [9][0] [8][0] [7][0] [6][0] [5][0] [4][0] [4][1] [4][5] [4][10] [4][15] [4][18] [4][15] [4][10] [4][5] [4][1] [4][0] [3][0] [2][0] [1][0] [0][0] [0][0] [0][0] 
[0][0] [0][0] [0][0] [0][6] [0][0] [1][0] [1][8] [1][10] [1][13] [1][25] [1][36] [1][42] [1][46] [2][46] [2][44] [2][24] [2][21] [2][16] [2][8] [2][3] [2][0] [3][0] [3][15] [3][26] [3][46] [4][46] [5][46] [5][45] [5][46] [6][46] [6][37] [6][46] [7][46] [7][30] [7][20] [7][30] [7][46] [8][46] [9][46] [9][44] [9][38] [9][20] [9][16] [9][10] [9][9] [9][6] [9][0] [8][0] [8][3] [8][0] [7][0] [7][1] [7][0] [6][0] [6][4] [6][0] [5][0] [5][2] [5][0] [4][0] [3][0] [2][0] [1][0] [0][0] [0][0] [0][0] 
[0][0] [0][0] [0][0] [0][9] [0][28] [0][40] [0][46] [1][46] [1][40] [1][37] [1][28] [1][2] [1][0] [2][0] [2][13] [2][29] [2][36] [2][40] [2][46] [3][46] [4][46] [4][35] [4][33] [4][35] [4][46] [5][46] [5][24] [5][23] [5][14] [5][0] [6][0] [7][0] [7][4] [7][15] [7][23] [7][46] [8][46] [9][46] [9][38] [9][46] [8][46] [8][38] [8][31] [8][7] [8][4] [8][3] [8][0] [7][0] [6][0] [5][0] [4][0] [4][3] [4][0] [3][0] [3][6] [3][11] [3][12] [3][11] [3][6] [3][0] [2][0] [1][0] [0][0] 
[0][0] [0][0] [0][0] [0][6] [0][21] [0][40] [0][43] [0][46] [1][46] [2][46] [3][46] [3][40] [3][36] [3][35] [3][32] [3][31] [3][28] [3][31] [3][32] [3][35] [3][36] [3][40] [3][46] [4][46] [4][43] [4][20] [4][10] [4][0] [5][0] [5][6] [5][11] [5][14] [5][20] [5][14] [5][11] [5][6] [5][0] [6][0] [6][2] [6][18] [6][19] [6][18] [6][2] [6][0] [7][0] [7][3] [7][15] [7][19] [7][42] [7][46] [8][46] [8][28] [8][18] [8][0] [9][0] [9][7] [9][0] [8][0] [7][0] [6][0] [5][0] [4][0] [3][0] [2][0] [1][0] [1][15] [1][17] [1][15] [1][0] [0][0] 
[0][0] [0][0] [0][0] [1][0] [1][8] [1][22] [1][34] [1][37] [1][46] [0][46] [0][41] [0][38] [0][36] [0][38] [0][41] [0][46] [1][46] [2][46] [2][41] [2][46] [3][46] [3][32] [3][17] [3][0] [4][0] [5][0] [5][14] [5][18] [5][28] [5][30] [5][31] [5][46] [6][46] [6][25] [6][46] [7][46] [7][32] [7][20] [7][0] [8][0] [8][10] [8][16] [8][17] [8][30] [8][40] [8][45] [8][46] [9][46] [9][34] [9][20] [9][19] [9][15] [9][0] [8][0] [7][0] [6][0] [5][0] [4][0] [3][0] [2][0] [2][4] [2][18] [2][4] [2][0] [1][0] [0][0] [0][0] [0][0] 
[0][0] [0][0] [0][0] [1][0] [1][2] [1][11] [1][16] [1][37] [1][39] [1][45] [1][46] [2][46] [2][45] [2][35] [2][29] [2][35] [2][45] [2][46] [3][46] [3][32] [3][46] [4][46] [4][27] [4][25] [4][12] [4][9] [4][7] [4][0] [5][0] [6][0] [6][4] [6][14] [6][4] [6][0] [7][0] [7][1] [7][2] [7][9] [7][21] [7][24] [7][46] [8][46] [8][36] [8][46] [9][46] [9][33] [9][22] [9][15] [9][13] [9][12] [9][0] [8][0] [7][0] [6][0] [5][0] [4][0] [3][0] [3][8] [3][0] [2][0] [2][1] [2][0] [1][0] [0][0] [0][0] [0][0] 
[0][0] [0][0] [0][0] [0][3] [0][0] [1][0] [1][2] [1][0] [2][0] [2][12] [2][14] [2][27] [2][28] [2][46] [1][46] [0][46] [0][42] [0][36] [0][42] [0][46] [1][46] [1][31] [1][46] [2][46] [3][46] [4][46] [4][41] [4][31] [4][21] [4][0] [5][0] [5][16] [5][20] [5][25] [5][46] [6][46] [7][46] [7][42] [7][41] [7][42] [7][46] [8][46] [9][46] [9][40] [9][31] [9][40] [9][46] [8][46] [8][20] [8][0] [7][0] [6][0] [5][0] [4][0] [3][0] [2][0] [1][0] [0][0] [0][0] [0][0] 
[0][0] [0][0] [0][0] [0][13] [0][14] [0][33] [0][46] [1][46] [1][40] [1][20] [1][16] [1][8] [1][0] [2][0] [2][2] [2][19] [2][33] [2][46] [3][46] [4][46] [4][45] [4][46] [5][46] [5][40] [5][33] [5][40] [5][46] [6][46] [6][44] [6][46] [7][46] [8][46] [9][46] [9][42] [9][31] [9][26] [9][0] [8][0] [8][9] [8][0] [7][0] [6][0] [5][0] [4][0] [4][2] [4][7] [4][13] [4][15] [4][13] [4][7] [4][2] [4][0] [3][0] [3][22] [3][0] [2][0] [1][0] [0][0] 
[0][0] [0][0] [0][0] [0][3] [0][0] [1][0] [1][13] [1][0] [2][0] [2][1] [2][0] [3][0] [3][4] [3][32] [3][46] [4][46] [4][30] [4][12] [4][0] [5][0] [5][1] [5][20] [5][27] [5][38] [5][43] [5][46] [6][46] [7][46] [7][37] [7][32] [7][30] [7][32] [7][37] [7][46] [8][46] [9][46] [9][31] [9][12] [9][0] [8][0] [8][3] [8][14] [8][24] [8][14] [8][3] [8][0] [7][0] [6][0] [6][10] [6][21] [6][10] [6][0] [5][0] [4][0] [3][0] [2][0] [1][0] [0][0] [0][0] [0][0] 
[0][0] [0][0] [0][0] [0][8] [0][24] [0][26] [0][46] [1][46] [1][31] [1][8] [1][0] [2][0] [2][2] [2][20] [2][2] [2][0] [3][0] [3][16] [3][18] [3][25] [3][26] [3][33] [3][46] [4][46] [5][46] [5][36] [5][33] [5][36] [5][46] [6][46] [7][46] [7][41] [7][46] [8][46] [8][41] [8][37] [8][22] [8][6] [8][0] [9][0] [9][4] [9][0] [8][0] [7][0] [6][0] [6][7] [6][21] [6][26] [6][21] [6][7] [6][0] [5][0] [4][0] [4][16] [4][0] [3][0] [2][0] [1][0] [0][0] 
[0][0] [0][0] [0][0] [0][6] [0][11] [0][17] [0][18] [0][28] [0][46] [1][46] [1][45] [1][34] [1][45] [1][46] [2][46] [2][43] [2][42] [2][25] [2][24] [2][25] [2][42] [2][43] [2][46] [3][46] [3][37] [3][46] [4][46] [5][46] [6][46] [6][36] [6][46] [7][46] [7][41] [7][46] [8][46] [8][40] [8][34] [8][18] [8][8] [8][5] [8][0] [7][0] [7][16] [7][0] [6][0] [6][4] [6][10] [6][4] [6][0] [5][0] [4][0] [4][4] [4][18] [4][4] [4][0] [3][0] [2][0] [1][0] [0][0] 
[0][0] [0][0] [0][0] [1][0] [1][1] [1][3] [1][19] [1][46] [2][46] [2][45] [2][44] [2][45] [2][46] [3][46] [3][32] [3][25] [3][32] [3][46] [4][46] [5][46] [5][33] [5][17] [5][0] [6][0] [6][15] [6][29] [6][46] [7][46] [7][35] [7][46] [8][46] [8][25] [8][46] [9][46] [9][26] [9][19] [9][0] [8][0] [7][0] [7][6] [7][0] [6][0] [5][0] [4][0] [4][13] [4][16] [4][20] [4][16] [4][13] [4][0] [3][0] [2][0] [2][8] [2][0] [1][0] [0][0] [0][0] [0][0] 
[0][0] [0][0] [0][0] [0][3] [0][27] [0][40] [0][46] [1][46] [2][46] [2][31] [2][23] [2][20] [2][23] [2][31] [2][46] [3][46] [4][46] [4][34] [4][46] [5][46] [5][32] [5][46] [6][46] [7][46] [8][46] [8][45] [8][33] [8][45] [8][46] [9][46] [9][40] [9][46] [8][46] [7][46] [7][37] [7][30] [7][22] [7][8] [7][0] [8][0] [9][0] [9][7] [9][8] [9][7] [9][0] [8][0] [7][0] [6][0] [6][1] [6][0] [5][0] [5][3] [5][0] [4][0] [3][0] [3][3] [3][0] [2][0] [1][0] [1][15] [1][0] [0][0] 
[0][0] [0][0] [0][0] [0][7] [0][13] [0][7] [0][0] [1][0] [1][10] [1][14] [1][29] [1][34] [1][37] [1][46] [2][46] [3][46] [3][38] [3][34] [3][25] [3][34] [3][38] [3][46] [4][46] [4][30] [4][14] [4][0] [5][0] [6][0] [6][21] [6][0] [7][0] [8][0] [9][0] [9][17] [9][0] [8][0] [8][17] [8][26] [8][32] [8][46] [7][46] [7][38] [7][46] [6][46] [5][46] [4][46] [3][46] [2][46] [2][44] [2][33] [2][23] [2][7] [2][0] [1][0] [0][0] [0][0] [0][0] 
[0][0] [0][0] [0][0] [0][3] [0][14] [0][20] [0][23] [0][24] [0][32] [0][46] [1][46] [2][46] [3][46] [4][46] [4][35] [4][27] [4][35] [4][46] [5][46] [5][34] [5][21] [5][0] [6][0] [7][0] [8][0] [8][8] [8][0] [7][0] [6][0] [6][3] [6][16] [6][29] [6][32] [6][46] [7][46] [8][46] [8][45] [8][46] [7][46] [6][46] [5][46] [4][46] [3][46] [3][28] [3][4] [3][0] [2][0] [2][20] [2][22] [2][20] [2][0] [1][0] [1][16] [1][20] [1][16] [1][0] [0][0] 
[0][0] [0][0] [0][0] [0][18] [0][20] [0][32] [0][37] [0][46] [1][46] [2][46] [3][46] [3][41] [3][25] [3][11] [3][2] [3][1] [3][0] [4][0] [4][13] [4][21] [4][46] [5][46] [5][40] [5][46] [6][46] [7][46] [8][46] [9][46] [9][45] [9][42] [9][27] [9][18] [9][27] [9][42] [9][45] [9][46] [8][46] [8][40] [8][30] [8][15] [8][0] [7][0] [7][9] [7][0] [6][0] [5][0] [4][0] [3][0] [2][0] [1][0] [1][4] [1][9] [1][11] [1][9] [1][4] [1][0] [0][0] 
[0][0] [0][0] [0][0] [0][1] [0][16] [0][36] [0][38] [0][46] [1][46] [2][46] [2][33] [2][20] [2][15] [2][0] [3][0] [3][19] [3][46] [4][46] [5][46] [5][39] [5][33] [5][39] [5][46] [6][46] [6][42] [6][46] [7][46] [7][41] [7][30] [7][41] [7][46] [8][46] [8][43] [8][41] [8][35] [8][18] [8][0] [9][0] [9][6] [9][17] [9][33] [9][46] [8][46] [7][46] [6][46] [5][46] [4][46] [4][33] [4][26] [4][9] [4][0] [3][0] [2][0] [1][0] [0][0] 
[0][0] [0][0] [0][0] [0][1] [0][2] [0][1] [0][0] [1][0] [1][6] [1][8] [1][16] [1][17] [1][24] [1][44] [1][46] [2][46] [3][46] [3][43] [3][29] [3][43] [3][46] [4][46] [5][46] [5][27] [5][46] [6][46] [6][42] [6][18] [6][0] [7][0] [7][15] [7][28] [7][39] [7][46] [8][46] [8][45] [8][25] [8][0] [9][0] [9][18] [9][0] [8][0] [7][0] [6][0] [5][0] [4][0] [4][17] [4][19] [4][17] [4][0] [3][0] [2][0] [2][16] [2][0] [1][0] [0][0] [0][0] [0][0] 
[0][0] [0][0] [0][0] [0][4] [0][0] [1][0] [1][2] [1][25] [1][43] [1][46] [0][46] [0][42] [0][46] [1][46] [2][46] [2][28] [2][46] [3][46] [4][46] [4][45] [4][39] [4][19] [4][12] [4][2] [4][1] [4][0] [5][0] [5][9] [5][27] [5][43] [5][46] [6][46] [6][42] [6][46] [7][46] [7][44] [7][19] [7][5] [7][1] [7][0] [8][0] [8][5] [8][17] [8][5] [8][0] [9][0] [9][2] [9][0] [8][0] [7][0] [6][0] [5][0] [4][0] [3][0] [2][0] [1][0] [0][0] [0][0] [0][0] 
[0][0] [0][0] [0][0] [1][0] [1][27] [1][32] [1][40] [1][46] [2][46] [3][46] [4][46] [5][46] [5][40] [5][34] [5][8] [5][0] [6][0] [7][0] [7][2] [7][7] [7][2] [7][0] [8][0] [8][12] [8][32] [8][46] [9][46] [9][37] [9][27] [9][26] [9][17] [9][0] [8][0] [7][0] [6][0] [5][0] [4][0] [4][2] [4][9] [4][13] [4][9] [4][2] [4][0] [3][0] [2][0] [2][22] [2][0] [1][0] [0][0] [0][0] [0][0] 
