9482
611.665
/home/fflorenci/jobprp_ga/reduced_instances/henn/ran2/reduced_warehouse_56.lyt
/home/fflorenci/jobprp_ga/reduced_instances/henn/ran2/reduced_warehouse_56l-100-75-0.ord
100
75
30
340
120
1
18 18 16 10 6 12 22 15 18 18 10 9 17 13 9 8 8 18 8 22 11 5 16 16 14 5 22 15 11 20 21 12 17 8 13 21 6 8 8 20 7 24 11 18 9 18 8 5 8 19 5 6 14 17 19 6 7 22 24 23 12 16 14 10 13 20 17 14 16 23 15 13 19 19 5 16 8 17 17 19 19 11 22 17 15 23 18 12 19 13 12 5 24 6 13 23 10 9 8 22 
20
46 10 40 18 76 37 20 64 
83 4 98 22 36 21 63 74 
16 11 91 50 52 54 93 15 
90 23 25 60 89 67 
27 44 82 84 55 56 
3 51 65 29 97 96 
87 32 35 42 62 
86 7 6 48 5 
33 34 94 88 99 
14 9 19 0 38 
73 75 61 79 47 
85 92 28 78 
77 1 39 8 
71 43 58 45 
57 72 80 70 
66 26 59 81 
53 49 68 69 
30 95 12 24 
41 2 13 17 
31 
454
410
450
468
462
516
476
488
520
514
472
468
484
456
516
512
510
538
514
254
[0][0] [0][0] [0][0] [0][19] [0][20] [0][36] [0][37] [0][39] [0][46] [1][46] [1][45] [1][38] [1][26] [1][23] [1][21] [1][19] [1][18] [1][17] [1][16] [1][14] [1][8] [1][1] [1][0] [2][0] [2][3] [2][9] [2][11] [2][19] [2][21] [2][24] [2][31] [2][45] [2][46] [3][46] [3][37] [3][36] [3][35] [3][36] [3][37] [3][46] [4][46] [4][39] [4][34] [4][30] [4][34] [4][39] [4][46] [5][46] [5][42] [5][29] [5][21] [5][20] [5][18] [5][13] [5][5] [5][0] [6][0] [7][0] [7][2] [7][3] [7][6] [7][3] [7][2] [7][0] [8][0] [8][9] [8][12] [8][14] [8][20] [8][31] [8][33] [8][34] [8][35] [8][38] [8][45] [8][46] [9][46] [9][42] [9][41] [9][24] [9][19] [9][12] [9][1] [9][0] [8][0] [7][0] [6][0] [5][0] [4][0] [4][2] [4][4] [4][6] [4][10] [4][6] [4][4] [4][2] [4][0] [3][0] [3][3] [3][6] [3][3] [3][0] [2][0] [1][0] [0][0] 
[0][0] [0][0] [0][0] [0][2] [0][4] [0][11] [0][18] [0][19] [0][21] [0][22] [0][26] [0][30] [0][35] [0][36] [0][45] [0][46] [1][46] [1][43] [1][32] [1][29] [1][28] [1][25] [1][16] [1][13] [1][5] [1][1] [1][0] [2][0] [2][3] [2][4] [2][7] [2][4] [2][3] [2][0] [3][0] [4][0] [4][4] [4][8] [4][12] [4][16] [4][22] [4][24] [4][31] [4][33] [4][35] [4][46] [5][46] [6][46] [6][43] [6][34] [6][21] [6][20] [6][16] [6][4] [6][0] [7][0] [7][4] [7][5] [7][8] [7][13] [7][14] [7][17] [7][24] [7][28] [7][40] [7][41] [7][43] [7][46] [8][46] [9][46] [9][42] [9][34] [9][29] [9][24] [9][14] [9][12] [9][11] [9][10] [9][8] [9][7] [9][5] [9][0] [8][0] [8][2] [8][3] [8][4] [8][10] [8][18] [8][10] [8][4] [8][3] [8][2] [8][0] [7][0] [6][0] [5][0] [4][0] [3][0] [2][0] [1][0] [0][0] 
[0][0] [0][0] [0][0] [1][0] [1][1] [1][3] [1][5] [1][7] [1][8] [1][25] [1][28] [1][34] [1][38] [1][42] [1][46] [2][46] [2][38] [2][34] [2][27] [2][25] [2][22] [2][18] [2][12] [2][0] [3][0] [4][0] [4][12] [4][14] [4][25] [4][34] [4][35] [4][42] [4][46] [5][46] [5][43] [5][40] [5][32] [5][26] [5][19] [5][15] [5][12] [5][1] [5][0] [6][0] [6][4] [6][6] [6][11] [6][14] [6][18] [6][20] [6][21] [6][24] [6][35] [6][43] [6][44] [6][45] [6][46] [7][46] [7][44] [7][39] [7][37] [7][35] [7][34] [7][31] [7][19] [7][17] [7][8] [7][3] [7][2] [7][0] [8][0] [8][4] [8][6] [8][14] [8][20] [8][23] [8][27] [8][32] [8][40] [8][46] [9][46] [9][42] [9][34] [9][23] [9][21] [9][6] [9][5] [9][0] [8][0] [7][0] [6][0] [5][0] [4][0] [3][0] [2][0] [1][0] [0][0] [0][0] [0][0] 
[0][0] [0][0] [0][0] [0][8] [0][19] [0][20] [0][22] [0][24] [0][25] [0][27] [0][32] [0][34] [0][35] [0][39] [0][46] [1][46] [1][37] [1][34] [1][31] [1][28] [1][24] [1][14] [1][13] [1][12] [1][3] [1][1] [1][0] [2][0] [2][8] [2][9] [2][12] [2][17] [2][23] [2][26] [2][28] [2][35] [2][43] [2][46] [3][46] [3][39] [3][27] [3][23] [3][21] [3][16] [3][0] [4][0] [4][13] [4][25] [4][37] [4][38] [4][39] [4][43] [4][44] [4][46] [5][46] [6][46] [6][44] [6][46] [7][46] [7][41] [7][36] [7][14] [7][0] [8][0] [9][0] [9][8] [9][0] [8][0] [8][13] [8][19] [8][20] [8][28] [8][30] [8][37] [8][39] [8][41] [8][46] [7][46] [6][46] [5][46] [5][45] [5][37] [5][33] [5][13] [5][8] [5][3] [5][2] [5][0] [4][0] [3][0] [2][0] [1][0] [0][0] 
[0][0] [0][0] [0][0] [0][21] [0][25] [0][26] [0][28] [0][34] [0][37] [0][39] [0][46] [1][46] [1][45] [1][42] [1][35] [1][30] [1][27] [1][16] [1][15] [1][9] [1][2] [1][0] [2][0] [2][15] [2][18] [2][21] [2][23] [2][29] [2][46] [3][46] [3][45] [3][44] [3][45] [3][46] [4][46] [4][43] [4][32] [4][31] [4][30] [4][0] [5][0] [5][2] [5][7] [5][8] [5][11] [5][19] [5][20] [5][27] [5][36] [5][39] [5][41] [5][42] [5][45] [5][46] [6][46] [7][46] [7][45] [7][43] [7][42] [7][28] [7][27] [7][23] [7][20] [7][18] [7][13] [7][10] [7][1] [7][0] [8][0] [8][1] [8][13] [8][23] [8][25] [8][26] [8][40] [8][42] [8][46] [9][46] [9][31] [9][29] [9][25] [9][7] [9][4] [9][0] [8][0] [7][0] [6][0] [5][0] [4][0] [3][0] [3][1] [3][5] [3][1] [3][0] [2][0] [1][0] [0][0] 
[0][0] [0][0] [0][0] [0][6] [0][10] [0][12] [0][20] [0][25] [0][30] [0][34] [0][36] [0][43] [0][44] [0][46] [1][46] [1][41] [1][38] [1][31] [1][38] [1][41] [1][46] [2][46] [3][46] [3][41] [3][37] [3][24] [3][15] [3][3] [3][0] [4][0] [4][7] [4][19] [4][24] [4][34] [4][37] [4][41] [4][42] [4][46] [5][46] [5][29] [5][25] [5][15] [5][14] [5][12] [5][4] [5][3] [5][0] [6][0] [6][9] [6][11] [6][13] [6][16] [6][19] [6][30] [6][40] [6][46] [7][46] [7][40] [7][23] [7][22] [7][19] [7][7] [7][6] [7][2] [7][0] [8][0] [8][5] [8][6] [8][7] [8][19] [8][22] [8][35] [8][39] [8][44] [8][46] [9][46] [9][43] [9][42] [9][33] [9][26] [9][23] [9][17] [9][15] [9][11] [9][10] [9][0] [8][0] [7][0] [6][0] [5][0] [4][0] [3][0] [2][0] [2][5] [2][8] [2][5] [2][0] [1][0] [1][6] [1][7] [1][11] [1][7] [1][6] [1][0] [0][0] 
[0][0] [0][0] [0][0] [0][4] [0][8] [0][15] [0][19] [0][20] [0][26] [0][27] [0][36] [0][38] [0][46] [1][46] [1][45] [1][43] [1][35] [1][34] [1][32] [1][26] [1][23] [1][22] [1][16] [1][8] [1][3] [1][0] [2][0] [2][16] [2][24] [2][25] [2][29] [2][30] [2][31] [2][32] [2][37] [2][39] [2][43] [2][46] [3][46] [4][46] [5][46] [5][44] [5][40] [5][35] [5][32] [5][28] [5][32] [5][35] [5][40] [5][44] [5][46] [6][46] [6][41] [6][40] [6][35] [6][29] [6][27] [6][26] [6][24] [6][20] [6][15] [6][10] [6][0] [7][0] [8][0] [9][0] [9][2] [9][3] [9][2] [9][0] [8][0] [8][7] [8][8] [8][14] [8][17] [8][22] [8][26] [8][27] [8][28] [8][29] [8][46] [9][46] [9][36] [9][34] [9][36] [9][46] [8][46] [7][46] [7][45] [7][46] [6][46] [5][46] [4][46] [4][45] [4][32] [4][31] [4][28] [4][16] [4][12] [4][8] [4][0] [3][0] [3][2] [3][6] [3][10] [3][16] [3][22] [3][16] [3][10] [3][6] [3][2] [3][0] [2][0] [1][0] [0][0] 
[0][0] [0][0] [0][0] [0][2] [0][7] [0][10] [0][15] [0][23] [0][36] [0][38] [0][46] [1][46] [2][46] [2][45] [2][41] [2][40] [2][28] [2][26] [2][24] [2][22] [2][20] [2][19] [2][16] [2][14] [2][11] [2][10] [2][7] [2][0] [3][0] [3][15] [3][28] [3][31] [3][36] [3][42] [3][45] [3][46] [4][46] [4][44] [4][40] [4][39] [4][25] [4][18] [4][15] [4][8] [4][2] [4][0] [5][0] [5][4] [5][8] [5][11] [5][13] [5][32] [5][34] [5][35] [5][39] [5][46] [6][46] [6][34] [6][33] [6][27] [6][26] [6][23] [6][16] [6][11] [6][0] [7][0] [7][5] [7][11] [7][16] [7][17] [7][23] [7][31] [7][33] [7][39] [7][46] [8][46] [8][43] [8][40] [8][39] [8][40] [8][43] [8][46] [9][46] [9][41] [9][39] [9][10] [9][9] [9][3] [9][0] [8][0] [7][0] [6][0] [5][0] [4][0] [3][0] [2][0] [1][0] [1][9] [1][11] [1][12] [1][13] [1][12] [1][11] [1][9] [1][0] [0][0] 
[0][0] [0][0] [0][0] [0][7] [0][8] [0][11] [0][14] [0][15] [0][14] [0][11] [0][8] [0][7] [0][0] [1][0] [1][4] [1][0] [2][0] [2][2] [2][17] [2][22] [2][24] [2][28] [2][29] [2][33] [2][34] [2][37] [2][42] [2][46] [1][46] [1][43] [1][35] [1][34] [1][35] [1][43] [1][46] [2][46] [3][46] [3][43] [3][42] [3][30] [3][28] [3][17] [3][13] [3][2] [3][0] [4][0] [4][9] [4][10] [4][13] [4][21] [4][36] [4][39] [4][41] [4][46] [5][46] [5][44] [5][36] [5][35] [5][20] [5][19] [5][17] [5][14] [5][12] [5][11] [5][0] [6][0] [6][2] [6][3] [6][14] [6][28] [6][32] [6][37] [6][46] [7][46] [7][38] [7][32] [7][22] [7][20] [7][13] [7][7] [7][3] [7][0] [8][0] [8][6] [8][24] [8][28] [8][29] [8][30] [8][35] [8][46] [9][46] [9][44] [9][30] [9][15] [9][5] [9][2] [9][1] [9][0] [8][0] [7][0] [6][0] [5][0] [4][0] [3][0] [2][0] [1][0] [0][0] [0][0] [0][0] 
[0][0] [0][0] [0][0] [0][12] [0][22] [0][30] [0][34] [0][36] [0][40] [0][41] [0][45] [0][46] [1][46] [1][45] [1][42] [1][35] [1][33] [1][26] [1][25] [1][16] [1][15] [1][14] [1][7] [1][0] [2][0] [2][9] [2][12] [2][17] [2][32] [2][33] [2][34] [2][38] [2][42] [2][45] [2][46] [3][46] [3][41] [3][34] [3][41] [3][46] [4][46] [4][44] [4][36] [4][33] [4][23] [4][13] [4][11] [4][0] [5][0] [5][2] [5][28] [5][35] [5][39] [5][46] [6][46] [6][44] [6][43] [6][39] [6][35] [6][34] [6][33] [6][31] [6][25] [6][7] [6][6] [6][5] [6][3] [6][0] [7][0] [7][3] [7][7] [7][9] [7][7] [7][3] [7][0] [8][0] [8][3] [8][10] [8][15] [8][23] [8][25] [8][38] [8][46] [7][46] [7][40] [7][39] [7][38] [7][39] [7][40] [7][46] [8][46] [9][46] [9][38] [9][35] [9][30] [9][28] [9][26] [9][25] [9][22] [9][14] [9][13] [9][0] [8][0] [7][0] [6][0] [5][0] [4][0] [3][0] [2][0] [1][0] [0][0] 
[0][0] [0][0] [0][0] [0][7] [0][8] [0][28] [0][31] [0][34] [0][36] [0][46] [1][46] [1][44] [1][43] [1][38] [1][29] [1][27] [1][24] [1][18] [1][17] [1][7] [1][3] [1][0] [2][0] [2][1] [2][2] [2][1] [2][0] [3][0] [3][5] [3][6] [3][11] [3][19] [3][20] [3][25] [3][27] [3][31] [3][33] [3][36] [3][46] [2][46] [2][44] [2][46] [3][46] [4][46] [5][46] [5][42] [5][46] [6][46] [6][31] [6][30] [6][29] [6][26] [6][16] [6][14] [6][13] [6][5] [6][0] [7][0] [8][0] [8][4] [8][7] [8][10] [8][18] [8][20] [8][26] [8][27] [8][30] [8][36] [8][37] [8][40] [8][46] [9][46] [9][40] [9][36] [9][30] [9][29] [9][27] [9][16] [9][14] [9][8] [9][7] [9][0] [8][0] [7][0] [7][1] [7][7] [7][19] [7][33] [7][41] [7][43] [7][46] [6][46] [5][46] [4][46] [4][42] [4][36] [4][33] [4][26] [4][23] [4][21] [4][0] [3][0] [2][0] [1][0] [0][0] 
[0][0] [0][0] [0][0] [0][17] [0][19] [0][20] [0][25] [0][26] [0][29] [0][34] [0][43] [0][44] [0][45] [0][46] [1][46] [2][46] [2][31] [2][26] [2][16] [2][12] [2][10] [2][9] [2][7] [2][6] [2][0] [3][0] [3][2] [3][7] [3][12] [3][13] [3][27] [3][35] [3][45] [3][46] [4][46] [5][46] [5][38] [5][46] [6][46] [6][41] [6][31] [6][28] [6][25] [6][23] [6][15] [6][9] [6][6] [6][3] [6][2] [6][0] [7][0] [8][0] [8][10] [8][15] [8][16] [8][19] [8][28] [8][32] [8][35] [8][39] [8][46] [9][46] [9][42] [9][40] [9][34] [9][33] [9][27] [9][13] [9][12] [9][2] [9][0] [8][0] [7][0] [7][3] [7][11] [7][14] [7][18] [7][42] [7][44] [7][46] [6][46] [5][46] [4][46] [4][41] [4][39] [4][36] [4][32] [4][24] [4][22] [4][12] [4][5] [4][2] [4][0] [3][0] [2][0] [1][0] [1][1] [1][2] [1][1] [1][0] [0][0] 
[0][0] [0][0] [0][0] [0][14] [0][17] [0][20] [0][27] [0][30] [0][36] [0][37] [0][40] [0][41] [0][42] [0][46] [1][46] [1][45] [1][44] [1][28] [1][19] [1][13] [1][9] [1][1] [1][0] [2][0] [2][2] [2][15] [2][16] [2][20] [2][29] [2][30] [2][39] [2][44] [2][46] [3][46] [3][45] [3][41] [3][37] [3][18] [3][12] [3][10] [3][9] [3][8] [3][0] [4][0] [5][0] [5][8] [5][9] [5][8] [5][0] [6][0] [6][8] [6][9] [6][11] [6][22] [6][31] [6][32] [6][43] [6][45] [6][46] [5][46] [5][43] [5][42] [5][43] [5][46] [6][46] [7][46] [7][43] [7][40] [7][29] [7][27] [7][26] [7][20] [7][18] [7][17] [7][16] [7][11] [7][4] [7][2] [7][1] [7][0] [8][0] [8][12] [8][19] [8][21] [8][24] [8][25] [8][46] [9][46] [9][41] [9][39] [9][36] [9][29] [9][27] [9][26] [9][13] [9][8] [9][4] [9][3] [9][0] [8][0] [7][0] [6][0] [5][0] [4][0] [3][0] [2][0] [1][0] [0][0] 
[0][0] [0][0] [0][0] [0][2] [0][7] [0][9] [0][17] [0][18] [0][45] [0][46] [1][46] [1][43] [1][34] [1][32] [1][30] [1][28] [1][27] [1][28] [1][30] [1][32] [1][34] [1][43] [1][46] [2][46] [2][43] [2][41] [2][33] [2][32] [2][31] [2][30] [2][14] [2][8] [2][6] [2][5] [2][0] [3][0] [3][2] [3][4] [3][8] [3][10] [3][18] [3][23] [3][28] [3][31] [3][46] [4][46] [4][44] [4][39] [4][44] [4][46] [5][46] [5][42] [5][40] [5][36] [5][34] [5][27] [5][21] [5][12] [5][6] [5][0] [6][0] [6][4] [6][19] [6][20] [6][21] [6][30] [6][32] [6][34] [6][35] [6][41] [6][44] [6][46] [7][46] [7][45] [7][36] [7][34] [7][32] [7][30] [7][32] [7][34] [7][36] [7][45] [7][46] [8][46] [9][46] [9][45] [9][43] [9][33] [9][20] [9][15] [9][14] [9][12] [9][6] [9][5] [9][1] [9][0] [8][0] [8][3] [8][4] [8][5] [8][4] [8][3] [8][0] [7][0] [6][0] [5][0] [4][0] [4][4] [4][0] [3][0] [2][0] [1][0] [0][0] 
[0][0] [0][0] [0][0] [0][3] [0][9] [0][15] [0][23] [0][30] [0][40] [0][46] [1][46] [1][33] [1][29] [1][17] [1][12] [1][0] [2][0] [2][5] [2][9] [2][17] [2][22] [2][27] [2][29] [2][46] [3][46] [4][46] [4][41] [4][28] [4][26] [4][28] [4][41] [4][46] [5][46] [5][45] [5][41] [5][35] [5][34] [5][21] [5][13] [5][5] [5][1] [5][0] [6][0] [6][10] [6][14] [6][10] [6][0] [7][0] [8][0] [8][1] [8][13] [8][19] [8][39] [8][40] [8][41] [8][44] [8][46] [9][46] [9][40] [9][38] [9][36] [9][31] [9][30] [9][26] [9][16] [9][12] [9][10] [9][9] [9][7] [9][1] [9][0] [8][0] [7][0] [7][3] [7][9] [7][18] [7][19] [7][30] [7][34] [7][35] [7][39] [7][44] [7][45] [7][46] [6][46] [5][46] [4][46] [3][46] [3][44] [3][43] [3][40] [3][35] [3][33] [3][32] [3][27] [3][24] [3][19] [3][14] [3][8] [3][4] [3][1] [3][0] [2][0] [1][0] [0][0] 
[0][0] [0][0] [0][0] [0][18] [0][27] [0][28] [0][46] [1][46] [1][42] [1][27] [1][19] [1][15] [1][12] [1][8] [1][7] [1][0] [2][0] [2][4] [2][6] [2][7] [2][10] [2][15] [2][18] [2][28] [2][31] [2][32] [2][34] [2][46] [3][46] [3][43] [3][46] [4][46] [4][32] [4][31] [4][30] [4][31] [4][32] [4][46] [5][46] [5][41] [5][37] [5][36] [5][18] [5][10] [5][8] [5][0] [6][0] [6][2] [6][4] [6][6] [6][12] [6][19] [6][24] [6][30] [6][35] [6][40] [6][46] [7][46] [7][40] [7][38] [7][36] [7][35] [7][31] [7][30] [7][28] [7][26] [7][24] [7][22] [7][15] [7][14] [7][12] [7][10] [7][0] [8][0] [8][2] [8][27] [8][35] [8][42] [8][46] [9][46] [9][37] [9][35] [9][11] [9][3] [9][0] [8][0] [7][0] [6][0] [5][0] [4][0] [4][3] [4][0] [3][0] [3][2] [3][3] [3][11] [3][3] [3][2] [3][0] [2][0] [1][0] [0][0] 
[0][0] [0][0] [0][0] [0][1] [0][13] [0][24] [0][27] [0][29] [0][30] [0][40] [0][42] [0][43] [0][45] [0][46] [1][46] [1][43] [1][34] [1][30] [1][28] [1][23] [1][20] [1][0] [2][0] [2][1] [2][9] [2][17] [2][27] [2][31] [2][40] [2][41] [2][42] [2][44] [2][46] [3][46] [3][44] [3][39] [3][34] [3][26] [3][19] [3][15] [3][12] [3][0] [4][0] [4][3] [4][15] [4][23] [4][26] [4][30] [4][31] [4][39] [4][43] [4][45] [4][46] [5][46] [5][38] [5][31] [5][15] [5][6] [5][2] [5][0] [6][0] [6][8] [6][10] [6][19] [6][20] [6][38] [6][46] [7][46] [7][41] [7][40] [7][37] [7][40] [7][41] [7][46] [8][46] [8][39] [8][34] [8][39] [8][46] [9][46] [9][45] [9][36] [9][30] [9][23] [9][19] [9][17] [9][14] [9][6] [9][0] [8][0] [8][4] [8][10] [8][11] [8][10] [8][4] [8][0] [7][0] [6][0] [5][0] [4][0] [3][0] [2][0] [1][0] [0][0] 
[0][0] [0][0] [0][0] [0][5] [0][15] [0][23] [0][28] [0][29] [0][35] [0][40] [0][46] [1][46] [1][45] [1][35] [1][30] [1][23] [1][18] [1][1] [1][0] [2][0] [2][3] [2][5] [2][6] [2][8] [2][13] [2][17] [2][21] [2][41] [2][42] [2][46] [3][46] [3][43] [3][39] [3][38] [3][35] [3][10] [3][0] [4][0] [4][19] [4][24] [4][38] [4][46] [5][46] [5][34] [5][30] [5][28] [5][19] [5][14] [5][13] [5][6] [5][0] [6][0] [6][21] [6][22] [6][27] [6][30] [6][33] [6][43] [6][46] [7][46] [7][42] [7][38] [7][36] [7][32] [7][30] [7][18] [7][15] [7][7] [7][5] [7][3] [7][0] [8][0] [8][6] [8][9] [8][10] [8][16] [8][29] [8][34] [8][40] [8][43] [8][46] [9][46] [9][43] [9][37] [9][24] [9][19] [9][8] [9][1] [9][0] [8][0] [7][0] [6][0] [5][0] [4][0] [3][0] [2][0] [1][0] [0][0] 
[0][0] [0][0] [0][0] [0][3] [0][7] [0][9] [0][18] [0][20] [0][31] [0][37] [0][46] [1][46] [1][44] [1][42] [1][36] [1][42] [1][44] [1][46] [2][46] [2][45] [2][42] [2][32] [2][25] [2][19] [2][16] [2][10] [2][8] [2][7] [2][0] [3][0] [3][2] [3][12] [3][17] [3][26] [3][27] [3][29] [3][30] [3][31] [3][46] [4][46] [4][45] [4][27] [4][23] [4][22] [4][13] [4][7] [4][0] [5][0] [5][2] [5][9] [5][12] [5][13] [5][12] [5][9] [5][2] [5][0] [6][0] [6][1] [6][16] [6][26] [6][27] [6][30] [6][34] [6][46] [7][46] [7][22] [7][19] [7][13] [7][2] [7][0] [8][0] [8][9] [8][10] [8][13] [8][22] [8][24] [8][36] [8][39] [8][43] [8][44] [8][46] [9][46] [9][41] [9][28] [9][19] [9][14] [9][11] [9][9] [9][8] [9][0] [8][0] [7][0] [6][0] [5][0] [4][0] [3][0] [2][0] [1][0] [1][4] [1][10] [1][4] [1][0] [0][0] 
[0][0] [0][0] [0][0] [1][0] [2][0] [2][2] [2][0] [3][0] [3][26] [3][34] [3][44] [3][46] [4][46] [5][46] [6][46] [6][43] [6][46] [7][46] [8][46] [8][44] [8][46] [9][46] [9][37] [9][4] [9][0] [8][0] [8][9] [8][0] [7][0] [7][7] [7][0] [6][0] [5][0] [5][12] [5][0] [4][0] [4][4] [4][0] [3][0] [2][0] [1][0] [0][0] [0][0] [0][0] 
