9936
339.204
/home/fflorenci/jobprp_ga/reduced_instances/henn/ran2/reduced_warehouse_18.lyt
/home/fflorenci/jobprp_ga/reduced_instances/henn/ran2/reduced_warehouse_18l-60-45-0.ord
60
45
3
340
120
1
23 18 23 13 16 5 7 21 13 13 11 5 11 13 13 21 15 20 20 24 22 13 12 15 18 21 7 12 9 23 23 5 13 6 14 21 19 21 24 20 20 5 7 12 9 18 15 8 24 7 23 24 23 11 20 11 20 14 13 24 
22
3 42 5 11 12 
58 41 10 53 31 
9 43 49 44 
6 36 14 33 
22 28 30 
46 4 34 
40 57 47 
23 24 55 
45 27 21 
17 1 26 
8 16 32 
29 54 
38 39 
2 18 
51 56 
59 25 
52 15 
0 20 
50 37 
19 35 
48 7 
13 
360
488
436
446
438
442
452
472
480
460
508
434
440
442
470
484
492
504
468
502
454
264
[0][0] [0][0] [0][0] [0][2] [0][3] [0][5] [0][19] [0][20] [0][44] [0][46] [1][46] [1][36] [1][23] [1][20] [1][19] [1][14] [1][0] [2][0] [2][2] [2][11] [2][15] [2][20] [2][21] [2][26] [2][29] [2][43] [2][45] [2][46] [3][46] [4][46] [4][45] [4][36] [4][31] [4][36] [4][45] [4][46] [5][46] [5][35] [5][46] [6][46] [7][46] [8][46] [8][38] [8][26] [8][19] [8][13] [8][9] [8][2] [8][1] [8][0] [7][0] [7][1] [7][0] [6][0] [6][2] [6][10] [6][13] [6][10] [6][2] [6][0] [5][0] [5][1] [5][6] [5][1] [5][0] [4][0] [4][6] [4][0] [3][0] [2][0] [1][0] [0][0] 
[0][0] [0][0] [0][0] [0][23] [0][38] [0][39] [0][45] [0][46] [1][46] [1][45] [1][46] [2][46] [3][46] [3][39] [3][28] [3][24] [3][28] [3][39] [3][46] [4][46] [4][39] [4][32] [4][31] [4][17] [4][0] [5][0] [6][0] [6][7] [6][18] [6][20] [6][25] [6][34] [6][44] [6][46] [7][46] [7][38] [7][46] [8][46] [8][30] [8][25] [8][21] [8][25] [8][30] [8][46] [9][46] [9][32] [9][29] [9][24] [9][20] [9][19] [9][18] [9][15] [9][10] [9][2] [9][0] [8][0] [7][0] [7][2] [7][10] [7][12] [7][10] [7][2] [7][0] [6][0] [5][0] [5][1] [5][17] [5][23] [5][46] [4][46] [3][46] [2][46] [2][42] [2][31] [2][11] [2][10] [2][4] [2][0] [1][0] [0][0] 
[0][0] [0][0] [0][0] [1][0] [1][2] [1][11] [1][15] [1][16] [1][37] [1][39] [1][40] [1][46] [2][46] [2][45] [2][41] [2][38] [2][28] [2][27] [2][24] [2][17] [2][10] [2][5] [2][0] [3][0] [3][3] [3][0] [4][0] [4][14] [4][20] [4][28] [4][46] [5][46] [5][32] [5][24] [5][22] [5][9] [5][2] [5][0] [6][0] [6][15] [6][18] [6][19] [6][20] [6][27] [6][46] [7][46] [8][46] [8][33] [8][46] [7][46] [7][31] [7][28] [7][18] [7][16] [7][12] [7][11] [7][7] [7][0] [8][0] [8][1] [8][0] [9][0] [9][17] [9][0] [8][0] [7][0] [6][0] [5][0] [4][0] [3][0] [2][0] [1][0] [0][0] [0][0] [0][0] 
[0][0] [0][0] [0][0] [0][8] [0][10] [0][18] [0][26] [0][43] [0][45] [0][46] [1][46] [1][45] [1][46] [2][46] [2][43] [2][35] [2][33] [2][19] [2][18] [2][13] [2][1] [2][0] [3][0] [3][2] [3][0] [4][0] [5][0] [5][2] [5][6] [5][12] [5][17] [5][19] [5][36] [5][46] [4][46] [4][34] [4][46] [5][46] [6][46] [7][46] [7][20] [7][16] [7][15] [7][7] [7][0] [8][0] [8][11] [8][16] [8][17] [8][19] [8][23] [8][24] [8][40] [8][46] [9][46] [9][33] [9][28] [9][26] [9][20] [9][18] [9][4] [9][0] [8][0] [7][0] [6][0] [6][3] [6][16] [6][3] [6][0] [5][0] [4][0] [3][0] [2][0] [1][0] [1][7] [1][9] [1][7] [1][0] [0][0] 
[0][0] [0][0] [0][0] [0][5] [0][10] [0][15] [0][22] [0][27] [0][45] [0][46] [1][46] [1][42] [1][46] [2][46] [2][42] [2][46] [3][46] [3][40] [3][37] [3][31] [3][25] [3][15] [3][13] [3][1] [3][0] [4][0] [4][5] [4][8] [4][12] [4][16] [4][26] [4][37] [4][44] [4][46] [5][46] [5][35] [5][46] [6][46] [6][38] [6][22] [6][14] [6][0] [7][0] [7][2] [7][21] [7][29] [7][45] [7][46] [8][46] [9][46] [9][35] [9][34] [9][25] [9][10] [9][0] [8][0] [8][5] [8][0] [7][0] [6][0] [5][0] [4][0] [3][0] [2][0] [2][1] [2][3] [2][8] [2][3] [2][1] [2][0] [1][0] [1][8] [1][9] [1][10] [1][9] [1][8] [1][0] [0][0] 
[0][0] [0][0] [0][0] [0][6] [0][19] [0][29] [0][40] [0][44] [0][46] [1][46] [1][39] [1][35] [1][39] [1][46] [2][46] [2][44] [2][42] [2][33] [2][31] [2][24] [2][23] [2][13] [2][10] [2][9] [2][0] [3][0] [3][12] [3][14] [3][21] [3][29] [3][46] [4][46] [4][42] [4][41] [4][36] [4][26] [4][21] [4][19] [4][14] [4][0] [5][0] [5][4] [5][5] [5][6] [5][20] [5][33] [5][46] [6][46] [7][46] [7][44] [7][43] [7][42] [7][43] [7][44] [7][46] [8][46] [8][38] [8][36] [8][26] [8][25] [8][19] [8][16] [8][10] [8][0] [9][0] [9][7] [9][12] [9][28] [9][12] [9][7] [9][0] [8][0] [7][0] [6][0] [5][0] [4][0] [3][0] [2][0] [1][0] [0][0] 
[0][0] [0][0] [0][0] [1][0] [1][2] [1][7] [1][22] [1][36] [1][46] [2][46] [3][46] [3][43] [3][42] [3][39] [3][37] [3][32] [3][30] [3][19] [3][17] [3][14] [3][13] [3][0] [4][0] [4][7] [4][17] [4][22] [4][37] [4][44] [4][46] [5][46] [5][39] [5][22] [5][6] [5][0] [6][0] [6][3] [6][13] [6][25] [6][28] [6][41] [6][42] [6][46] [7][46] [8][46] [9][46] [9][41] [9][37] [9][34] [9][33] [9][17] [9][0] [8][0] [8][15] [8][22] [8][15] [8][0] [7][0] [7][1] [7][0] [6][0] [5][0] [4][0] [3][0] [2][0] [2][8] [2][10] [2][20] [2][22] [2][23] [2][22] [2][20] [2][10] [2][8] [2][0] [1][0] [0][0] [0][0] [0][0] 
[0][0] [0][0] [0][0] [0][3] [0][13] [0][18] [0][34] [0][39] [0][46] [1][46] [1][33] [1][23] [1][19] [1][17] [1][0] [2][0] [2][4] [2][8] [2][11] [2][26] [2][35] [2][45] [2][46] [3][46] [3][28] [3][20] [3][16] [3][9] [3][0] [4][0] [4][4] [4][15] [4][16] [4][19] [4][30] [4][39] [4][43] [4][46] [5][46] [5][32] [5][24] [5][23] [5][0] [6][0] [6][8] [6][24] [6][29] [6][35] [6][46] [7][46] [7][41] [7][39] [7][41] [7][46] [8][46] [8][43] [8][39] [8][38] [8][32] [8][29] [8][19] [8][17] [8][1] [8][0] [9][0] [9][5] [9][0] [8][0] [7][0] [6][0] [5][0] [4][0] [3][0] [2][0] [1][0] [0][0] 
[0][0] [0][0] [0][0] [0][6] [0][27] [0][41] [0][43] [0][46] [1][46] [1][28] [1][20] [1][19] [1][20] [1][28] [1][46] [2][46] [2][40] [2][33] [2][20] [2][19] [2][15] [2][0] [3][0] [3][13] [3][16] [3][17] [3][20] [3][27] [3][33] [3][46] [4][46] [4][30] [4][28] [4][20] [4][0] [5][0] [5][15] [5][0] [6][0] [6][10] [6][14] [6][10] [6][0] [7][0] [7][8] [7][16] [7][21] [7][29] [7][30] [7][32] [7][42] [7][46] [8][46] [9][46] [9][40] [9][46] [8][46] [8][34] [8][25] [8][23] [8][22] [8][20] [8][12] [8][5] [8][0] [7][0] [6][0] [5][0] [4][0] [3][0] [2][0] [1][0] [0][0] 
[0][0] [0][0] [0][0] [0][9] [0][12] [0][34] [0][37] [0][44] [0][45] [0][46] [1][46] [2][46] [2][34] [2][27] [2][21] [2][27] [2][34] [2][46] [3][46] [3][39] [3][26] [3][23] [3][3] [3][0] [4][0] [5][0] [5][10] [5][18] [5][21] [5][30] [5][35] [5][46] [6][46] [6][45] [6][43] [6][41] [6][33] [6][30] [6][28] [6][22] [6][16] [6][14] [6][7] [6][1] [6][0] [7][0] [7][4] [7][13] [7][14] [7][32] [7][33] [7][40] [7][44] [7][46] [8][46] [9][46] [9][43] [9][37] [9][43] [9][46] [8][46] [8][34] [8][24] [8][23] [8][0] [9][0] [9][1] [9][0] [8][0] [7][0] [6][0] [5][0] [4][0] [3][0] [2][0] [1][0] [1][12] [1][0] [0][0] 
[0][0] [0][0] [0][0] [0][9] [0][12] [0][9] [0][0] [1][0] [1][9] [1][17] [1][9] [1][0] [2][0] [2][14] [2][19] [2][37] [2][42] [2][46] [3][46] [3][25] [3][19] [3][13] [3][7] [3][0] [4][0] [4][9] [4][14] [4][17] [4][25] [4][26] [4][43] [4][46] [5][46] [5][39] [5][31] [5][16] [5][0] [6][0] [6][23] [6][26] [6][43] [6][46] [7][46] [7][38] [7][25] [7][13] [7][0] [8][0] [8][12] [8][15] [8][17] [8][26] [8][34] [8][35] [8][40] [8][46] [9][46] [9][38] [9][29] [9][26] [9][25] [9][14] [9][4] [9][0] [8][0] [7][0] [6][0] [5][0] [4][0] [3][0] [2][0] [1][0] [0][0] [0][0] [0][0] 
[0][0] [0][0] [0][0] [0][10] [0][15] [0][24] [0][28] [0][39] [0][46] [1][46] [2][46] [2][43] [2][46] [3][46] [3][42] [3][46] [4][46] [5][46] [5][39] [5][36] [5][39] [5][46] [6][46] [6][38] [6][30] [6][24] [6][9] [6][7] [6][0] [7][0] [8][0] [8][10] [8][23] [8][24] [8][25] [8][41] [8][46] [9][46] [9][43] [9][35] [9][29] [9][35] [9][43] [9][46] [8][46] [7][46] [7][44] [7][41] [7][38] [7][41] [7][44] [7][46] [6][46] [5][46] [4][46] [4][41] [4][34] [4][31] [4][25] [4][23] [4][21] [4][8] [4][2] [4][0] [3][0] [3][4] [3][0] [2][0] [2][3] [2][6] [2][15] [2][16] [2][19] [2][16] [2][15] [2][6] [2][3] [2][0] [1][0] [1][22] [1][0] [0][0] 
[0][0] [0][0] [0][0] [0][15] [0][16] [0][22] [0][40] [0][45] [0][46] [1][46] [1][45] [1][36] [1][29] [1][27] [1][29] [1][36] [1][45] [1][46] [2][46] [2][44] [2][43] [2][19] [2][9] [2][8] [2][4] [2][0] [3][0] [4][0] [4][1] [4][14] [4][16] [4][18] [4][22] [4][24] [4][46] [5][46] [5][38] [5][37] [5][36] [5][15] [5][14] [5][0] [6][0] [6][3] [6][20] [6][28] [6][46] [7][46] [7][44] [7][46] [8][46] [8][43] [8][38] [8][37] [8][36] [8][19] [8][13] [8][0] [9][0] [9][4] [9][9] [9][12] [9][15] [9][16] [9][15] [9][12] [9][9] [9][4] [9][0] [8][0] [7][0] [7][5] [7][0] [6][0] [5][0] [4][0] [3][0] [2][0] [1][0] [0][0] 
[0][0] [0][0] [0][0] [0][2] [0][18] [0][31] [0][41] [0][46] [1][46] [1][41] [1][36] [1][28] [1][17] [1][7] [1][0] [2][0] [2][6] [2][19] [2][23] [2][25] [2][30] [2][33] [2][34] [2][45] [2][46] [3][46] [4][46] [4][36] [4][20] [4][17] [4][5] [4][1] [4][0] [5][0] [5][1] [5][15] [5][18] [5][29] [5][34] [5][41] [5][46] [6][46] [6][30] [6][46] [7][46] [7][33] [7][46] [8][46] [8][41] [8][38] [8][35] [8][32] [8][13] [8][0] [7][0] [7][7] [7][11] [7][12] [7][11] [7][7] [7][0] [6][0] [6][3] [6][0] [5][0] [4][0] [3][0] [3][4] [3][0] [2][0] [1][0] [0][0] 
[0][0] [0][0] [0][0] [0][5] [0][16] [0][33] [0][35] [0][40] [0][42] [0][46] [1][46] [1][41] [1][31] [1][28] [1][31] [1][41] [1][46] [2][46] [2][37] [2][32] [2][30] [2][25] [2][21] [2][20] [2][12] [2][0] [3][0] [3][8] [3][10] [3][12] [3][25] [3][26] [3][37] [3][42] [3][46] [4][46] [4][40] [4][46] [5][46] [5][31] [5][46] [6][46] [6][29] [6][26] [6][15] [6][0] [7][0] [7][17] [7][19] [7][17] [7][0] [8][0] [8][9] [8][22] [8][30] [8][38] [8][39] [8][43] [8][46] [9][46] [9][45] [9][38] [9][34] [9][31] [9][26] [9][5] [9][3] [9][2] [9][0] [8][0] [7][0] [6][0] [5][0] [4][0] [3][0] [2][0] [1][0] [0][0] 
[0][0] [0][0] [0][0] [0][12] [0][14] [0][26] [0][31] [0][32] [0][33] [0][38] [0][44] [0][46] [1][46] [1][39] [1][38] [1][34] [1][16] [1][15] [1][0] [2][0] [2][4] [2][8] [2][9] [2][30] [2][31] [2][41] [2][42] [2][46] [3][46] [3][35] [3][32] [3][31] [3][25] [3][31] [3][32] [3][35] [3][46] [4][46] [4][42] [4][40] [4][42] [4][46] [5][46] [5][45] [5][38] [5][37] [5][38] [5][45] [5][46] [6][46] [7][46] [8][46] [8][38] [8][33] [8][31] [8][33] [8][38] [8][46] [7][46] [7][32] [7][14] [7][0] [8][0] [8][5] [8][0] [9][0] [9][9] [9][11] [9][19] [9][11] [9][9] [9][0] [8][0] [7][0] [6][0] [6][10] [6][0] [5][0] [5][6] [5][11] [5][6] [5][0] [4][0] [4][2] [4][3] [4][7] [4][10] [4][7] [4][3] [4][2] [4][0] [3][0] [2][0] [1][0] [0][0] 
[0][0] [0][0] [0][0] [0][16] [0][22] [0][27] [0][46] [1][46] [2][46] [2][38] [2][46] [3][46] [3][41] [3][31] [3][22] [3][9] [3][1] [3][0] [4][0] [4][2] [4][0] [5][0] [5][9] [5][12] [5][32] [5][37] [5][41] [5][46] [6][46] [6][40] [6][23] [6][40] [6][46] [7][46] [7][38] [7][25] [7][11] [7][0] [8][0] [9][0] [9][4] [9][6] [9][4] [9][0] [8][0] [8][5] [8][24] [8][37] [8][38] [8][46] [9][46] [9][40] [9][46] [8][46] [7][46] [6][46] [5][46] [4][46] [4][43] [4][40] [4][32] [4][26] [4][32] [4][40] [4][43] [4][46] [3][46] [2][46] [1][46] [1][41] [1][34] [1][31] [1][24] [1][22] [1][19] [1][7] [1][4] [1][2] [1][0] [0][0] 
[0][0] [0][0] [0][0] [0][2] [0][4] [0][14] [0][17] [0][22] [0][17] [0][14] [0][4] [0][2] [0][0] [1][0] [1][9] [1][12] [1][23] [1][30] [1][43] [1][46] [2][46] [2][45] [2][39] [2][32] [2][27] [2][32] [2][39] [2][45] [2][46] [3][46] [3][38] [3][22] [3][21] [3][9] [3][7] [3][0] [4][0] [4][6] [4][16] [4][23] [4][46] [5][46] [5][45] [5][39] [5][34] [5][39] [5][45] [5][46] [6][46] [6][38] [6][29] [6][27] [6][0] [7][0] [7][17] [7][28] [7][33] [7][37] [7][43] [7][46] [8][46] [9][46] [9][37] [9][23] [9][12] [9][8] [9][0] [8][0] [8][3] [8][10] [8][11] [8][16] [8][11] [8][10] [8][3] [8][0] [7][0] [6][0] [5][0] [5][5] [5][0] [4][0] [3][0] [2][0] [1][0] [0][0] [0][0] [0][0] 
[0][0] [0][0] [0][0] [1][0] [1][21] [1][26] [1][34] [1][41] [1][46] [0][46] [0][43] [0][46] [1][46] [2][46] [2][27] [2][23] [2][18] [2][12] [2][0] [3][0] [3][7] [3][20] [3][22] [3][25] [3][34] [3][43] [3][45] [3][46] [4][46] [4][35] [4][20] [4][16] [4][0] [5][0] [5][16] [5][29] [5][41] [5][46] [6][46] [6][45] [6][44] [6][35] [6][31] [6][26] [6][8] [6][5] [6][0] [7][0] [7][1] [7][2] [7][3] [7][15] [7][17] [7][30] [7][34] [7][39] [7][46] [8][46] [9][46] [9][43] [9][46] [8][46] [8][45] [8][34] [8][24] [8][17] [8][0] [7][0] [6][0] [5][0] [4][0] [3][0] [2][0] [1][0] [0][0] [0][0] [0][0] 
[0][0] [0][0] [0][0] [0][1] [0][3] [0][7] [0][16] [0][26] [0][33] [0][40] [0][46] [1][46] [1][31] [1][25] [1][23] [1][14] [1][12] [1][0] [2][0] [2][9] [2][16] [2][19] [2][16] [2][9] [2][0] [3][0] [3][10] [3][12] [3][15] [3][33] [3][46] [4][46] [4][45] [4][42] [4][32] [4][11] [4][7] [4][0] [5][0] [5][3] [5][15] [5][33] [5][43] [5][46] [6][46] [6][38] [6][35] [6][13] [6][11] [6][0] [7][0] [7][3] [7][17] [7][29] [7][30] [7][31] [7][44] [7][46] [8][46] [8][43] [8][46] [9][46] [9][35] [9][25] [9][11] [9][5] [9][2] [9][0] [8][0] [8][5] [8][0] [7][0] [6][0] [5][0] [4][0] [3][0] [2][0] [1][0] [0][0] 
[0][0] [0][0] [0][0] [0][6] [0][7] [0][8] [0][27] [0][38] [0][42] [0][46] [1][46] [1][44] [1][43] [1][44] [1][46] [2][46] [2][45] [2][42] [2][40] [2][22] [2][12] [2][4] [2][0] [3][0] [3][2] [3][4] [3][22] [3][44] [3][46] [4][46] [4][45] [4][43] [4][30] [4][18] [4][5] [4][1] [4][0] [5][0] [5][3] [5][6] [5][3] [5][0] [6][0] [6][3] [6][12] [6][19] [6][32] [6][34] [6][35] [6][39] [6][46] [5][46] [5][40] [5][38] [5][40] [5][46] [6][46] [7][46] [7][42] [7][46] [8][46] [9][46] [9][35] [9][46] [8][46] [8][45] [8][40] [8][17] [8][11] [8][10] [8][0] [7][0] [7][13] [7][14] [7][13] [7][0] [6][0] [5][0] [4][0] [3][0] [2][0] [1][0] [0][0] 
[0][0] [0][0] [0][0] [0][9] [0][0] [1][0] [1][3] [1][0] [2][0] [3][0] [4][0] [5][0] [5][21] [5][28] [5][40] [5][46] [4][46] [4][43] [4][46] [5][46] [6][46] [6][41] [6][33] [6][28] [6][22] [6][28] [6][33] [6][41] [6][46] [7][46] [8][46] [8][45] [8][46] [9][46] [9][16] [9][2] [9][0] [8][0] [7][0] [6][0] [5][0] [4][0] [3][0] [2][0] [1][0] [0][0] [0][0] [0][0] 
