4766
156.736
/home/fflorenci/jobprp_ga/reduced_instances/henn/ran2/reduced_warehouse_11.lyt
/home/fflorenci/jobprp_ga/reduced_instances/henn/ran2/reduced_warehouse_11l-40-60-0.ord
40
60
6
340
120
1
18 6 20 5 17 19 21 15 24 13 7 18 5 21 23 15 5 9 11 5 17 24 14 10 18 5 8 6 23 20 17 16 20 15 19 17 21 5 16 14 
10
30 12 32 16 10 19 
23 28 37 39 1 
27 21 25 34 3 
31 4 33 18 
6 7 15 17 
9 14 26 22 
20 2 36 
5 13 24 
0 35 29 
8 11 38 
452
454
482
494
470
472
510
466
456
510
[0][0] [0][0] [0][0] [0][1] [0][4] [0][16] [0][17] [0][16] [0][4] [0][1] [0][0] [1][0] [2][0] [2][4] [2][5] [2][8] [2][18] [2][8] [2][5] [2][4] [2][0] [3][0] [3][1] [3][5] [3][8] [3][14] [3][19] [3][28] [3][32] [3][35] [3][46] [4][46] [4][30] [4][19] [4][9] [4][0] [5][0] [5][1] [5][10] [5][15] [5][16] [5][23] [5][28] [5][33] [5][46] [6][46] [6][44] [6][46] [7][46] [7][32] [7][31] [7][24] [7][11] [7][8] [7][4] [7][0] [8][0] [8][2] [8][14] [8][29] [8][32] [8][46] [9][46] [9][45] [9][42] [9][39] [9][38] [9][37] [9][34] [9][31] [9][23] [9][20] [9][11] [9][3] [9][0] [8][0] [7][0] [6][0] [6][3] [6][5] [6][9] [6][10] [6][9] [6][5] [6][3] [6][0] [5][0] [4][0] [3][0] [2][0] [1][0] [0][0] [0][0] [0][0] 
[0][0] [0][0] [0][0] [0][5] [0][13] [0][19] [0][21] [0][23] [0][25] [0][34] [0][45] [0][46] [1][46] [1][36] [1][35] [1][28] [1][27] [1][28] [1][35] [1][36] [1][46] [2][46] [2][44] [2][41] [2][23] [2][11] [2][10] [2][0] [3][0] [3][6] [3][16] [3][17] [3][22] [3][30] [3][38] [3][41] [3][46] [4][46] [4][43] [4][28] [4][27] [4][26] [4][16] [4][0] [5][0] [6][0] [6][1] [6][0] [7][0] [7][7] [7][10] [7][11] [7][15] [7][19] [7][24] [7][37] [7][41] [7][46] [6][46] [6][39] [6][35] [6][33] [6][31] [6][33] [6][35] [6][39] [6][46] [7][46] [8][46] [8][44] [8][46] [9][46] [9][25] [9][19] [9][18] [9][13] [9][7] [9][4] [9][1] [9][0] [8][0] [8][4] [8][0] [7][0] [6][0] [5][0] [4][0] [3][0] [2][0] [1][0] [1][2] [1][4] [1][2] [1][0] [0][0] 
[0][0] [0][0] [0][0] [0][2] [0][3] [0][15] [0][40] [0][42] [0][46] [1][46] [1][43] [1][25] [1][14] [1][0] [2][0] [2][3] [2][12] [2][14] [2][15] [2][25] [2][36] [2][46] [3][46] [3][43] [3][42] [3][41] [3][42] [3][43] [3][46] [4][46] [4][45] [4][40] [4][30] [4][29] [4][28] [4][16] [4][10] [4][0] [5][0] [5][4] [5][6] [5][8] [5][11] [5][14] [5][27] [5][39] [5][45] [5][46] [6][46] [6][34] [6][22] [6][13] [6][12] [6][7] [6][6] [6][0] [7][0] [7][2] [7][12] [7][23] [7][28] [7][44] [7][46] [8][46] [9][46] [9][44] [9][43] [9][42] [9][43] [9][44] [9][46] [8][46] [8][33] [8][29] [8][22] [8][6] [8][3] [8][1] [8][0] [7][0] [6][0] [5][0] [4][0] [3][0] [3][9] [3][0] [2][0] [1][0] [0][0] 
[0][0] [0][0] [0][0] [0][4] [0][7] [0][15] [0][23] [0][31] [0][33] [0][43] [0][46] [1][46] [1][45] [1][43] [1][27] [1][24] [1][23] [1][0] [2][0] [2][14] [2][22] [2][23] [2][30] [2][38] [2][41] [2][46] [3][46] [3][44] [3][40] [3][32] [3][26] [3][18] [3][9] [3][0] [4][0] [4][1] [4][2] [4][6] [4][9] [4][11] [4][33] [4][40] [4][46] [5][46] [5][38] [5][29] [5][23] [5][19] [5][18] [5][3] [5][0] [6][0] [6][1] [6][2] [6][5] [6][22] [6][24] [6][25] [6][32] [6][42] [6][46] [7][46] [7][42] [7][46] [8][46] [9][46] [9][41] [9][46] [8][46] [8][35] [8][22] [8][21] [8][17] [8][16] [8][11] [8][8] [8][1] [8][0] [9][0] [9][1] [9][10] [9][1] [9][0] [8][0] [7][0] [6][0] [5][0] [4][0] [3][0] [2][0] [1][0] [0][0] 
[0][0] [0][0] [0][0] [0][3] [0][13] [0][17] [0][23] [0][31] [0][34] [0][35] [0][42] [0][44] [0][46] [1][46] [1][43] [1][35] [1][29] [1][28] [1][14] [1][2] [1][0] [2][0] [2][5] [2][23] [2][26] [2][27] [2][31] [2][36] [2][42] [2][46] [3][46] [4][46] [4][45] [4][46] [5][46] [5][44] [5][38] [5][31] [5][27] [5][26] [5][20] [5][0] [6][0] [7][0] [7][6] [7][23] [7][33] [7][39] [7][42] [7][46] [8][46] [8][43] [8][39] [8][35] [8][39] [8][43] [8][46] [9][46] [9][37] [9][36] [9][32] [9][28] [9][18] [9][3] [9][0] [8][0] [7][0] [6][0] [6][8] [6][12] [6][30] [6][33] [6][34] [6][36] [6][45] [6][46] [5][46] [4][46] [3][46] [3][35] [3][25] [3][24] [3][16] [3][0] [2][0] [1][0] [0][0] 
[0][0] [0][0] [0][0] [1][0] [1][1] [1][2] [1][13] [1][22] [1][24] [1][34] [1][46] [2][46] [2][41] [2][33] [2][31] [2][23] [2][12] [2][0] [3][0] [3][2] [3][12] [3][23] [3][28] [3][32] [3][34] [3][39] [3][44] [3][46] [4][46] [4][44] [4][29] [4][25] [4][21] [4][19] [4][14] [4][8] [4][3] [4][0] [5][0] [5][1] [5][5] [5][16] [5][17] [5][18] [5][23] [5][30] [5][46] [6][46] [6][41] [6][34] [6][41] [6][46] [7][46] [7][32] [7][7] [7][1] [7][0] [8][0] [8][12] [8][13] [8][17] [8][27] [8][36] [8][41] [8][42] [8][46] [9][46] [9][37] [9][30] [9][25] [9][24] [9][23] [9][21] [9][18] [9][9] [9][8] [9][4] [9][0] [8][0] [7][0] [6][0] [5][0] [4][0] [3][0] [2][0] [1][0] [0][0] [0][0] [0][0] 
[0][0] [0][0] [0][0] [1][0] [1][4] [1][22] [1][46] [0][46] [0][39] [0][36] [0][39] [0][46] [1][46] [2][46] [2][41] [2][36] [2][32] [2][26] [2][23] [2][20] [2][11] [2][0] [3][0] [3][18] [3][19] [3][29] [3][30] [3][40] [3][46] [4][46] [4][45] [4][44] [4][39] [4][31] [4][22] [4][20] [4][2] [4][0] [5][0] [5][4] [5][5] [5][8] [5][13] [5][21] [5][22] [5][33] [5][44] [5][46] [6][46] [6][38] [6][37] [6][38] [6][46] [7][46] [7][33] [7][31] [7][27] [7][19] [7][16] [7][0] [8][0] [8][4] [8][6] [8][24] [8][25] [8][33] [8][35] [8][44] [8][45] [8][46] [9][46] [9][35] [9][29] [9][17] [9][13] [9][11] [9][1] [9][0] [8][0] [7][0] [6][0] [6][2] [6][8] [6][2] [6][0] [5][0] [4][0] [3][0] [2][0] [1][0] [0][0] [0][0] [0][0] 
[0][0] [0][0] [0][0] [0][6] [0][9] [0][13] [0][14] [0][24] [0][30] [0][31] [0][38] [0][45] [0][46] [1][46] [1][43] [1][42] [1][35] [1][28] [1][35] [1][42] [1][43] [1][46] [2][46] [2][45] [2][46] [3][46] [3][42] [3][26] [3][21] [3][17] [3][0] [4][0] [4][7] [4][14] [4][34] [4][38] [4][40] [4][41] [4][42] [4][44] [4][46] [5][46] [5][41] [5][46] [6][46] [7][46] [7][45] [7][37] [7][31] [7][26] [7][31] [7][37] [7][45] [7][46] [8][46] [8][41] [8][40] [8][39] [8][33] [8][20] [8][19] [8][14] [8][12] [8][11] [8][5] [8][0] [9][0] [9][10] [9][12] [9][23] [9][28] [9][29] [9][33] [9][35] [9][39] [9][46] [8][46] [7][46] [6][46] [6][44] [6][42] [6][40] [6][33] [6][21] [6][9] [6][0] [5][0] [5][9] [5][13] [5][9] [5][0] [4][0] [3][0] [2][0] [1][0] [0][0] 
[0][0] [0][0] [0][0] [0][1] [0][4] [0][1] [0][0] [1][0] [1][2] [1][16] [1][26] [1][31] [1][45] [1][46] [0][46] [0][45] [0][41] [0][40] [0][35] [0][31] [0][30] [0][31] [0][35] [0][40] [0][41] [0][45] [0][46] [1][46] [2][46] [2][42] [2][46] [3][46] [3][44] [3][20] [3][17] [3][10] [3][7] [3][6] [3][0] [4][0] [5][0] [5][20] [5][24] [5][33] [5][34] [5][40] [5][46] [6][46] [7][46] [7][41] [7][34] [7][41] [7][46] [8][46] [8][38] [8][36] [8][34] [8][31] [8][27] [8][24] [8][6] [8][0] [9][0] [9][11] [9][12] [9][14] [9][19] [9][22] [9][26] [9][33] [9][40] [9][44] [9][46] [8][46] [7][46] [6][46] [6][30] [6][29] [6][24] [6][18] [6][13] [6][4] [6][0] [5][0] [4][0] [3][0] [2][0] [2][2] [2][10] [2][2] [2][0] [1][0] [0][0] [0][0] [0][0] 
[0][0] [0][0] [0][0] [0][10] [0][12] [0][23] [0][26] [0][32] [0][46] [1][46] [2][46] [2][40] [2][35] [2][33] [2][28] [2][22] [2][21] [2][11] [2][8] [2][1] [2][0] [3][0] [3][1] [3][4] [3][6] [3][9] [3][13] [3][26] [3][30] [3][40] [3][46] [4][46] [4][45] [4][40] [4][33] [4][31] [4][24] [4][23] [4][9] [4][0] [5][0] [5][5] [5][9] [5][11] [5][29] [5][43] [5][46] [6][46] [6][43] [6][34] [6][27] [6][21] [6][17] [6][7] [6][0] [7][0] [7][1] [7][12] [7][1] [7][0] [8][0] [8][5] [8][12] [8][22] [8][28] [8][32] [8][37] [8][38] [8][46] [9][46] [9][35] [9][26] [9][25] [9][22] [9][8] [9][0] [8][0] [7][0] [6][0] [5][0] [4][0] [3][0] [2][0] [1][0] [1][8] [1][18] [1][8] [1][0] [0][0] 
