6844
205.458
/home/fflorenci/jobprp_ga/reduced_instances/henn/ran2/reduced_warehouse_10.lyt
/home/fflorenci/jobprp_ga/reduced_instances/henn/ran2/reduced_warehouse_10l-40-45-0.ord
40
45
9
340
120
1
23 24 8 7 23 11 15 15 13 20 13 19 21 9 5 20 21 21 16 22 20 14 17 19 9 17 20 22 23 24 23 18 14 5 20 10 9 18 5 9 
15
35 24 2 14 10 
22 32 38 39 
37 25 13 
8 15 33 
31 11 3 
16 7 36 
18 6 21 
29 17 
34 27 
9 23 
19 28 
0 5 
26 4 
12 1 
20 30 
426
454
408
424
462
450
488
466
468
446
484
392
496
500
480
[0][0] [0][0] [0][0] [0][19] [0][24] [0][32] [0][37] [0][41] [0][46] [1][46] [1][38] [1][29] [1][16] [1][0] [2][0] [3][0] [3][2] [3][4] [3][9] [3][19] [3][29] [3][37] [3][45] [3][46] [4][46] [4][45] [4][43] [4][30] [4][29] [4][22] [4][16] [4][0] [5][0] [5][5] [5][7] [5][10] [5][7] [5][5] [5][0] [6][0] [6][21] [6][25] [6][27] [6][34] [6][46] [5][46] [5][41] [5][38] [5][37] [5][38] [5][41] [5][46] [6][46] [7][46] [7][44] [7][29] [7][26] [7][21] [7][2] [7][0] [8][0] [8][2] [8][6] [8][12] [8][14] [8][15] [8][14] [8][12] [8][6] [8][2] [8][0] [7][0] [6][0] [5][0] [4][0] [3][0] [2][0] [1][0] [0][0] 
[0][0] [0][0] [0][0] [0][6] [0][7] [0][10] [0][17] [0][10] [0][7] [0][6] [0][0] [1][0] [2][0] [2][23] [2][25] [2][30] [2][46] [3][46] [3][45] [3][42] [3][35] [3][15] [3][10] [3][0] [4][0] [4][6] [4][7] [4][12] [4][14] [4][12] [4][7] [4][6] [4][0] [5][0] [5][16] [5][19] [5][26] [5][27] [5][30] [5][32] [5][43] [5][46] [6][46] [6][38] [6][46] [7][46] [7][30] [7][21] [7][14] [7][0] [8][0] [8][4] [8][17] [8][24] [8][26] [8][29] [8][46] [9][46] [9][43] [9][39] [9][32] [9][28] [9][27] [9][20] [9][12] [9][0] [8][0] [7][0] [6][0] [6][5] [6][9] [6][5] [6][0] [5][0] [4][0] [3][0] [2][0] [1][0] [0][0] [0][0] [0][0] 
[0][0] [0][0] [0][0] [0][3] [0][0] [1][0] [1][10] [1][15] [1][19] [1][21] [1][22] [1][23] [1][36] [1][46] [0][46] [0][41] [0][46] [1][46] [2][46] [2][27] [2][22] [2][16] [2][5] [2][0] [3][0] [3][1] [3][10] [3][20] [3][29] [3][46] [4][46] [4][45] [4][40] [4][45] [4][46] [5][46] [6][46] [6][44] [6][34] [6][33] [6][27] [6][20] [6][15] [6][0] [7][0] [7][1] [7][7] [7][29] [7][30] [7][31] [7][32] [7][46] [8][46] [8][41] [8][46] [9][46] [9][43] [9][34] [9][32] [9][23] [9][19] [9][16] [9][6] [9][2] [9][0] [8][0] [8][3] [8][0] [7][0] [6][0] [5][0] [4][0] [3][0] [2][0] [1][0] [0][0] [0][0] [0][0] 
[0][0] [0][0] [0][0] [1][0] [1][23] [1][24] [1][33] [1][46] [0][46] [0][42] [0][39] [0][42] [0][46] [1][46] [2][46] [3][46] [4][46] [5][46] [5][38] [5][31] [5][29] [5][27] [5][29] [5][31] [5][38] [5][46] [6][46] [6][36] [6][30] [6][36] [6][46] [7][46] [7][44] [7][34] [7][8] [7][0] [8][0] [8][13] [8][22] [8][26] [8][33] [8][46] [9][46] [9][27] [9][17] [9][13] [9][12] [9][5] [9][0] [8][0] [7][0] [6][0] [6][4] [6][5] [6][6] [6][5] [6][4] [6][0] [5][0] [4][0] [4][1] [4][6] [4][1] [4][0] [3][0] [2][0] [2][3] [2][4] [2][7] [2][13] [2][14] [2][21] [2][14] [2][13] [2][7] [2][4] [2][3] [2][0] [1][0] [0][0] [0][0] [0][0] 
[0][0] [0][0] [0][0] [0][2] [0][17] [0][2] [0][0] [1][0] [1][3] [1][6] [1][14] [1][25] [1][26] [1][35] [1][37] [1][46] [2][46] [2][34] [2][32] [2][21] [2][16] [2][2] [2][0] [3][0] [3][1] [3][11] [3][14] [3][16] [3][40] [3][46] [4][46] [4][38] [4][29] [4][18] [4][17] [4][0] [5][0] [5][4] [5][5] [5][15] [5][16] [5][25] [5][26] [5][30] [5][32] [5][37] [5][46] [6][46] [6][40] [6][29] [6][24] [6][29] [6][40] [6][46] [7][46] [8][46] [8][44] [8][39] [8][36] [8][39] [8][44] [8][46] [9][46] [9][41] [9][46] [8][46] [7][46] [7][37] [7][33] [7][30] [7][23] [7][0] [6][0] [5][0] [4][0] [3][0] [2][0] [1][0] [0][0] [0][0] [0][0] 
[0][0] [0][0] [0][0] [0][5] [0][15] [0][16] [0][20] [0][27] [0][30] [0][38] [0][46] [1][46] [2][46] [3][46] [3][45] [3][46] [4][46] [4][25] [4][19] [4][16] [4][5] [4][2] [4][1] [4][0] [5][0] [5][2] [5][5] [5][28] [5][38] [5][46] [6][46] [7][46] [7][45] [7][39] [7][38] [7][39] [7][45] [7][46] [8][46] [8][31] [8][17] [8][16] [8][15] [8][7] [8][2] [8][0] [9][0] [9][3] [9][6] [9][7] [9][19] [9][28] [9][32] [9][37] [9][46] [8][46] [7][46] [6][46] [6][39] [6][37] [6][33] [6][19] [6][0] [5][0] [4][0] [3][0] [3][2] [3][0] [2][0] [2][17] [2][0] [1][0] [1][5] [1][16] [1][19] [1][16] [1][5] [1][0] [0][0] 
[0][0] [0][0] [0][0] [0][14] [0][17] [0][23] [0][33] [0][38] [0][41] [0][46] [1][46] [1][41] [1][37] [1][36] [1][32] [1][29] [1][8] [1][0] [2][0] [2][9] [2][10] [2][9] [2][0] [3][0] [3][2] [3][20] [3][28] [3][46] [4][46] [4][32] [4][28] [4][4] [4][0] [5][0] [5][7] [5][10] [5][14] [5][33] [5][42] [5][46] [6][46] [6][27] [6][25] [6][20] [6][13] [6][8] [6][0] [7][0] [7][12] [7][21] [7][25] [7][34] [7][36] [7][37] [7][46] [8][46] [8][36] [8][46] [9][46] [9][33] [9][32] [9][13] [9][9] [9][8] [9][0] [8][0] [7][0] [6][0] [5][0] [4][0] [3][0] [2][0] [1][0] [0][0] 
[0][0] [0][0] [0][0] [0][5] [0][0] [1][0] [1][6] [1][10] [1][11] [1][14] [1][24] [1][35] [1][36] [1][42] [1][45] [1][46] [2][46] [2][40] [2][30] [2][27] [2][18] [2][17] [2][11] [2][3] [2][0] [3][0] [3][4] [3][8] [3][19] [3][23] [3][24] [3][23] [3][19] [3][8] [3][4] [3][0] [4][0] [4][13] [4][28] [4][33] [4][41] [4][46] [5][46] [5][43] [5][24] [5][20] [5][0] [6][0] [6][6] [6][18] [6][32] [6][44] [6][46] [7][46] [8][46] [8][40] [8][46] [9][46] [9][42] [9][38] [9][22] [9][19] [9][12] [9][11] [9][0] [8][0] [8][2] [8][8] [8][2] [8][0] [7][0] [7][11] [7][0] [6][0] [5][0] [4][0] [3][0] [2][0] [1][0] [0][0] [0][0] [0][0] 
[0][0] [0][0] [0][0] [0][1] [0][0] [1][0] [1][9] [1][24] [1][32] [1][46] [0][46] [0][37] [0][36] [0][37] [0][46] [1][46] [2][46] [2][42] [2][41] [2][24] [2][19] [2][17] [2][8] [2][5] [2][2] [2][0] [3][0] [3][4] [3][19] [3][30] [3][44] [3][46] [4][46] [4][40] [4][46] [5][46] [5][34] [5][30] [5][34] [5][46] [6][46] [6][30] [6][17] [6][14] [6][3] [6][2] [6][1] [6][0] [7][0] [8][0] [8][16] [8][38] [8][46] [9][46] [9][45] [9][43] [9][22] [9][20] [9][19] [9][14] [9][13] [9][0] [8][0] [7][0] [6][0] [5][0] [5][1] [5][7] [5][1] [5][0] [4][0] [4][5] [4][12] [4][5] [4][0] [3][0] [2][0] [1][0] [0][0] [0][0] [0][0] 
[0][0] [0][0] [0][0] [0][6] [0][23] [0][24] [0][37] [0][46] [1][46] [2][46] [2][45] [2][34] [2][26] [2][22] [2][17] [2][11] [2][10] [2][8] [2][0] [3][0] [3][8] [3][0] [4][0] [4][15] [4][17] [4][20] [4][22] [4][24] [4][46] [3][46] [3][40] [3][46] [4][46] [5][46] [6][46] [6][44] [6][37] [6][33] [6][32] [6][33] [6][37] [6][44] [6][46] [7][46] [7][25] [7][17] [7][3] [7][0] [8][0] [9][0] [9][11] [9][17] [9][25] [9][33] [9][42] [9][46] [8][46] [8][43] [8][46] [7][46] [6][46] [5][46] [5][39] [5][32] [5][26] [5][14] [5][9] [5][0] [4][0] [3][0] [2][0] [1][0] [1][10] [1][0] [0][0] 
[0][0] [0][0] [0][0] [0][12] [0][32] [0][46] [1][46] [1][38] [1][24] [1][23] [1][16] [1][15] [1][14] [1][0] [2][0] [2][3] [2][17] [2][34] [2][46] [3][46] [3][35] [3][28] [3][8] [3][4] [3][1] [3][0] [4][0] [5][0] [5][11] [5][19] [5][21] [5][24] [5][34] [5][46] [6][46] [6][43] [6][40] [6][28] [6][20] [6][15] [6][5] [6][2] [6][0] [7][0] [7][1] [7][19] [7][34] [7][39] [7][41] [7][42] [7][46] [8][46] [8][45] [8][28] [8][22] [8][13] [8][9] [8][1] [8][0] [9][0] [9][8] [9][9] [9][13] [9][17] [9][13] [9][9] [9][8] [9][0] [8][0] [7][0] [6][0] [5][0] [4][0] [3][0] [2][0] [1][0] [0][0] 
[0][0] [0][0] [0][0] [0][11] [0][12] [0][27] [0][44] [0][46] [1][46] [1][43] [1][21] [1][7] [1][0] [2][0] [3][0] [3][1] [3][22] [3][42] [3][46] [4][46] [4][36] [4][34] [4][31] [4][25] [4][22] [4][19] [4][17] [4][13] [4][3] [4][0] [5][0] [5][11] [5][17] [5][26] [5][29] [5][36] [5][46] [6][46] [7][46] [7][38] [7][35] [7][38] [7][46] [8][46] [8][36] [8][34] [8][33] [8][29] [8][5] [8][0] [7][0] [7][6] [7][0] [6][0] [6][5] [6][0] [5][0] [4][0] [3][0] [2][0] [1][0] [0][0] 
[0][0] [0][0] [0][0] [0][3] [0][10] [0][19] [0][32] [0][37] [0][46] [1][46] [1][34] [1][32] [1][19] [1][15] [1][7] [1][0] [2][0] [2][13] [2][15] [2][20] [2][25] [2][26] [2][44] [2][46] [3][46] [3][40] [3][38] [3][24] [3][13] [3][0] [4][0] [4][16] [4][28] [4][46] [5][46] [6][46] [6][45] [6][46] [7][46] [7][35] [7][34] [7][15] [7][0] [8][0] [8][1] [8][12] [8][15] [8][12] [8][1] [8][0] [9][0] [9][2] [9][18] [9][21] [9][33] [9][46] [8][46] [8][40] [8][37] [8][40] [8][46] [7][46] [6][46] [5][46] [5][43] [5][40] [5][34] [5][24] [5][15] [5][12] [5][10] [5][4] [5][0] [4][0] [3][0] [2][0] [1][0] [0][0] 
[0][0] [0][0] [0][0] [1][0] [1][19] [1][23] [1][46] [0][46] [0][37] [0][31] [0][37] [0][46] [1][46] [2][46] [3][46] [3][40] [3][31] [3][17] [3][11] [3][10] [3][5] [3][2] [3][0] [4][0] [4][7] [4][18] [4][24] [4][26] [4][32] [4][46] [5][46] [6][46] [6][44] [6][27] [6][44] [6][46] [7][46] [7][44] [7][40] [7][35] [7][22] [7][18] [7][6] [7][0] [8][0] [9][0] [9][8] [9][0] [8][0] [8][5] [8][8] [8][23] [8][32] [8][34] [8][38] [8][39] [8][42] [8][46] [9][46] [9][44] [9][46] [8][46] [7][46] [6][46] [5][46] [5][43] [5][42] [5][40] [5][18] [5][4] [5][0] [4][0] [3][0] [2][0] [2][3] [2][5] [2][11] [2][16] [2][18] [2][19] [2][18] [2][16] [2][11] [2][5] [2][3] [2][0] [1][0] [0][0] [0][0] [0][0] 
[0][0] [0][0] [0][0] [0][3] [0][27] [0][32] [0][46] [1][46] [2][46] [2][44] [2][28] [2][27] [2][12] [2][0] [3][0] [3][17] [3][18] [3][24] [3][25] [3][24] [3][18] [3][17] [3][0] [4][0] [4][9] [4][18] [4][24] [4][36] [4][46] [5][46] [6][46] [6][42] [6][40] [6][42] [6][46] [7][46] [7][32] [7][30] [7][19] [7][12] [7][5] [7][2] [7][0] [8][0] [8][4] [8][6] [8][4] [8][0] [9][0] [9][9] [9][20] [9][25] [9][28] [9][43] [9][46] [8][46] [8][41] [8][46] [7][46] [6][46] [5][46] [5][37] [5][36] [5][27] [5][23] [5][22] [5][12] [5][0] [4][0] [3][0] [2][0] [1][0] [1][7] [1][8] [1][18] [1][20] [1][18] [1][8] [1][7] [1][0] [0][0] 
