7896
417.089
/home/fflorenci/jobprp_ga/reduced_instances/henn/ran2/reduced_warehouse_48.lyt
/home/fflorenci/jobprp_ga/reduced_instances/henn/ran2/reduced_warehouse_48l-80-75-0.ord
80
75
25
340
120
1
23 6 22 23 16 19 17 20 23 19 24 5 13 22 9 19 14 6 16 8 8 18 7 10 24 21 18 10 11 7 17 6 9 15 15 11 23 6 11 18 23 19 12 7 16 7 17 24 15 11 23 13 21 15 9 23 24 6 10 6 15 16 14 18 8 14 8 9 23 8 22 9 10 7 10 17 16 22 7 24 
16
65 59 54 4 28 37 11 19 
67 74 29 72 39 66 1 43 
64 46 30 58 69 31 22 
57 49 73 68 42 61 
75 23 38 3 20 
7 24 17 53 71 
14 36 45 50 78 
40 12 70 51 
41 6 62 10 
79 5 21 16 
44 55 33 76 
15 18 52 34 
2 35 63 77 
47 56 60 27 
0 26 9 48 
8 13 32 25 
450
434
454
490
472
494
500
480
502
526
526
492
496
510
540
530
[0][0] [0][0] [0][0] [0][4] [0][19] [0][22] [0][23] [0][27] [0][29] [0][33] [0][38] [0][44] [0][46] [1][46] [1][41] [1][35] [1][32] [1][30] [1][21] [1][12] [1][9] [1][6] [1][3] [1][0] [2][0] [2][3] [2][16] [2][18] [2][20] [2][25] [2][30] [2][33] [2][45] [2][46] [3][46] [4][46] [5][46] [5][44] [5][41] [5][39] [5][35] [5][29] [5][21] [5][7] [5][6] [5][0] [6][0] [6][8] [6][11] [6][12] [6][30] [6][31] [6][33] [6][34] [6][35] [6][37] [6][40] [6][45] [6][46] [7][46] [7][45] [7][44] [7][35] [7][32] [7][26] [7][25] [7][24] [7][21] [7][17] [7][13] [7][11] [7][4] [7][0] [8][0] [8][3] [8][20] [8][21] [8][26] [8][27] [8][40] [8][46] [9][46] [9][41] [9][39] [9][30] [9][24] [9][12] [9][6] [9][0] [8][0] [7][0] [6][0] [5][0] [4][0] [3][0] [2][0] [1][0] [0][0] 
[0][0] [0][0] [0][0] [0][1] [0][3] [0][15] [0][24] [0][35] [0][46] [1][46] [1][40] [1][46] [2][46] [2][41] [2][46] [3][46] [3][45] [3][46] [4][46] [4][42] [4][41] [4][39] [4][34] [4][20] [4][18] [4][15] [4][14] [4][10] [4][1] [4][0] [5][0] [5][3] [5][4] [5][6] [5][15] [5][19] [5][26] [5][28] [5][29] [5][35] [5][44] [5][45] [5][46] [6][46] [6][41] [6][30] [6][22] [6][19] [6][17] [6][0] [7][0] [7][2] [7][4] [7][11] [7][16] [7][11] [7][4] [7][2] [7][0] [8][0] [8][2] [8][5] [8][7] [8][12] [8][16] [8][24] [8][29] [8][31] [8][32] [8][34] [8][36] [8][37] [8][39] [8][44] [8][45] [8][46] [9][46] [9][35] [9][26] [9][25] [9][23] [9][11] [9][10] [9][9] [9][6] [9][0] [8][0] [7][0] [6][0] [5][0] [4][0] [3][0] [3][1] [3][0] [2][0] [1][0] [1][3] [1][11] [1][3] [1][0] [0][0] 
[0][0] [0][0] [0][0] [1][0] [1][3] [1][13] [1][14] [1][27] [1][33] [1][40] [1][46] [2][46] [2][45] [2][30] [2][27] [2][22] [2][21] [2][13] [2][11] [2][9] [2][5] [2][2] [2][1] [2][0] [3][0] [3][10] [3][11] [3][16] [3][19] [3][24] [3][28] [3][36] [3][45] [3][46] [4][46] [4][45] [4][41] [4][28] [4][27] [4][24] [4][23] [4][22] [4][7] [4][0] [5][0] [5][1] [5][3] [5][4] [5][7] [5][12] [5][16] [5][23] [5][32] [5][35] [5][41] [5][46] [6][46] [6][43] [6][46] [7][46] [7][30] [7][25] [7][3] [7][2] [7][0] [8][0] [8][7] [8][8] [8][13] [8][22] [8][24] [8][38] [8][43] [8][44] [8][46] [9][46] [9][43] [9][37] [9][36] [9][32] [9][24] [9][21] [9][8] [9][2] [9][1] [9][0] [8][0] [7][0] [6][0] [5][0] [4][0] [3][0] [2][0] [1][0] [0][0] [0][0] [0][0] 
[0][0] [0][0] [0][0] [0][21] [0][25] [0][37] [0][38] [0][46] [1][46] [1][42] [1][41] [1][38] [1][35] [1][24] [1][23] [1][18] [1][8] [1][0] [2][0] [2][4] [2][5] [2][14] [2][21] [2][22] [2][23] [2][26] [2][42] [2][46] [3][46] [3][43] [3][40] [3][26] [3][21] [3][20] [3][18] [3][14] [3][12] [3][8] [3][0] [4][0] [4][5] [4][8] [4][9] [4][12] [4][18] [4][22] [4][25] [4][30] [4][37] [4][39] [4][44] [4][46] [5][46] [5][39] [5][37] [5][33] [5][28] [5][25] [5][21] [5][15] [5][0] [6][0] [6][6] [6][9] [6][21] [6][25] [6][29] [6][46] [7][46] [8][46] [8][44] [8][43] [8][40] [8][38] [8][36] [8][34] [8][36] [8][38] [8][40] [8][43] [8][44] [8][46] [9][46] [9][39] [9][38] [9][36] [9][38] [9][39] [9][46] [8][46] [7][46] [7][38] [7][37] [7][30] [7][21] [7][19] [7][18] [7][0] [6][0] [5][0] [4][0] [3][0] [2][0] [1][0] [0][0] 
[0][0] [0][0] [0][0] [0][4] [0][11] [0][20] [0][35] [0][36] [0][41] [0][43] [0][45] [0][46] [1][46] [1][45] [1][43] [1][40] [1][39] [1][37] [1][32] [1][31] [1][29] [1][31] [1][32] [1][37] [1][39] [1][40] [1][43] [1][45] [1][46] [2][46] [2][42] [2][39] [2][30] [2][21] [2][17] [2][15] [2][13] [2][12] [2][7] [2][5] [2][2] [2][1] [2][0] [3][0] [3][2] [3][11] [3][13] [3][21] [3][24] [3][30] [3][31] [3][33] [3][46] [4][46] [4][37] [4][35] [4][27] [4][17] [4][16] [4][8] [4][0] [5][0] [5][5] [5][6] [5][10] [5][22] [5][23] [5][46] [6][46] [6][43] [6][39] [6][35] [6][26] [6][18] [6][11] [6][0] [7][0] [7][5] [7][23] [7][29] [7][34] [7][40] [7][46] [8][46] [8][40] [8][29] [8][21] [8][16] [8][4] [8][0] [7][0] [6][0] [5][0] [4][0] [3][0] [2][0] [1][0] [0][0] 
[0][0] [0][0] [0][0] [0][4] [0][8] [0][9] [0][21] [0][25] [0][43] [0][46] [1][46] [1][42] [1][35] [1][32] [1][31] [1][25] [1][12] [1][11] [1][5] [1][0] [2][0] [2][1] [2][2] [2][12] [2][18] [2][23] [2][28] [2][36] [2][45] [2][46] [3][46] [4][46] [4][36] [4][35] [4][33] [4][35] [4][36] [4][46] [5][46] [5][41] [5][35] [5][34] [5][19] [5][18] [5][0] [6][0] [6][2] [6][5] [6][7] [6][10] [6][12] [6][20] [6][31] [6][37] [6][46] [7][46] [7][38] [7][35] [7][30] [7][24] [7][19] [7][7] [7][6] [7][3] [7][0] [8][0] [8][1] [8][5] [8][13] [8][14] [8][15] [8][18] [8][22] [8][24] [8][28] [8][32] [8][42] [8][44] [8][45] [8][46] [9][46] [9][37] [9][23] [9][20] [9][14] [9][12] [9][9] [9][8] [9][5] [9][2] [9][0] [8][0] [7][0] [6][0] [5][0] [4][0] [4][3] [4][10] [4][3] [4][0] [3][0] [2][0] [1][0] [0][0] 
[0][0] [0][0] [0][0] [0][12] [0][14] [0][24] [0][26] [0][29] [0][31] [0][37] [0][46] [1][46] [1][40] [1][39] [1][32] [1][24] [1][15] [1][14] [1][11] [1][6] [1][3] [1][0] [2][0] [2][19] [2][20] [2][21] [2][28] [2][34] [2][42] [2][43] [2][45] [2][46] [3][46] [3][28] [3][26] [3][22] [3][26] [3][28] [3][46] [4][46] [4][41] [4][28] [4][27] [4][28] [4][41] [4][46] [5][46] [5][40] [5][46] [6][46] [6][40] [6][24] [6][21] [6][20] [6][19] [6][9] [6][8] [6][0] [7][0] [7][18] [7][30] [7][31] [7][32] [7][33] [7][35] [7][40] [7][46] [8][46] [9][46] [9][44] [9][43] [9][41] [9][37] [9][34] [9][37] [9][41] [9][43] [9][44] [9][46] [8][46] [8][38] [8][37] [8][35] [8][34] [8][24] [8][21] [8][11] [8][6] [8][0] [7][0] [6][0] [5][0] [5][7] [5][8] [5][13] [5][8] [5][7] [5][0] [4][0] [3][0] [2][0] [1][0] [0][0] 
[0][0] [0][0] [0][0] [1][0] [1][9] [1][12] [1][18] [1][31] [1][38] [1][40] [1][41] [1][46] [2][46] [2][41] [2][39] [2][38] [2][31] [2][25] [2][21] [2][17] [2][4] [2][3] [2][2] [2][0] [3][0] [3][20] [3][25] [3][28] [3][29] [3][37] [3][38] [3][46] [4][46] [4][42] [4][29] [4][25] [4][21] [4][11] [4][7] [4][0] [5][0] [5][2] [5][5] [5][8] [5][11] [5][17] [5][21] [5][24] [5][29] [5][33] [5][38] [5][46] [6][46] [6][43] [6][40] [6][36] [6][33] [6][36] [6][40] [6][43] [6][46] [7][46] [7][34] [7][25] [7][23] [7][19] [7][16] [7][13] [7][7] [7][5] [7][0] [8][0] [8][4] [8][26] [8][29] [8][31] [8][35] [8][46] [9][46] [9][39] [9][32] [9][28] [9][23] [9][15] [9][6] [9][0] [8][0] [7][0] [6][0] [6][1] [6][3] [6][1] [6][0] [5][0] [4][0] [3][0] [2][0] [1][0] [0][0] [0][0] [0][0] 
[0][0] [0][0] [0][0] [0][4] [0][6] [0][9] [0][10] [0][19] [0][29] [0][30] [0][40] [0][46] [1][46] [1][32] [1][23] [1][21] [1][19] [1][15] [1][10] [1][8] [1][1] [1][0] [2][0] [2][5] [2][8] [2][9] [2][10] [2][24] [2][26] [2][46] [3][46] [4][46] [4][44] [4][37] [4][36] [4][33] [4][30] [4][26] [4][30] [4][33] [4][36] [4][37] [4][44] [4][46] [5][46] [6][46] [6][42] [6][35] [6][34] [6][33] [6][31] [6][30] [6][31] [6][33] [6][34] [6][35] [6][42] [6][46] [7][46] [7][45] [7][44] [7][43] [7][42] [7][34] [7][32] [7][31] [7][27] [7][25] [7][19] [7][15] [7][7] [7][0] [8][0] [9][0] [9][12] [9][15] [9][18] [9][22] [9][40] [9][41] [9][44] [9][46] [8][46] [8][38] [8][37] [8][26] [8][37] [8][38] [8][46] [7][46] [6][46] [5][46] [5][41] [5][35] [5][34] [5][32] [5][29] [5][25] [5][23] [5][10] [5][3] [5][0] [4][0] [4][2] [4][3] [4][4] [4][3] [4][2] [4][0] [3][0] [3][4] [3][6] [3][11] [3][14] [3][11] [3][6] [3][4] [3][0] [2][0] [1][0] [0][0] 
[0][0] [0][0] [0][0] [0][7] [0][20] [0][21] [0][27] [0][39] [0][43] [0][45] [0][46] [1][46] [2][46] [2][33] [2][32] [2][33] [2][46] [3][46] [3][42] [3][38] [3][37] [3][27] [3][26] [3][25] [3][21] [3][19] [3][2] [3][0] [4][0] [4][3] [4][0] [5][0] [6][0] [6][4] [6][10] [6][15] [6][17] [6][20] [6][21] [6][23] [6][25] [6][30] [6][32] [6][34] [6][46] [7][46] [7][40] [7][18] [7][17] [7][13] [7][2] [7][0] [8][0] [8][5] [8][12] [8][16] [8][19] [8][27] [8][28] [8][34] [8][45] [8][46] [9][46] [9][40] [9][36] [9][31] [9][22] [9][21] [9][20] [9][15] [9][8] [9][7] [9][0] [8][0] [7][0] [6][0] [5][0] [5][10] [5][11] [5][21] [5][27] [5][37] [5][46] [4][46] [4][29] [4][23] [4][29] [4][46] [3][46] [2][46] [1][46] [1][40] [1][35] [1][31] [1][30] [1][28] [1][25] [1][17] [1][8] [1][0] [0][0] 
[0][0] [0][0] [0][0] [0][24] [0][26] [0][27] [0][34] [0][40] [0][44] [0][46] [1][46] [1][38] [1][35] [1][38] [1][46] [2][46] [2][44] [2][40] [2][39] [2][32] [2][27] [2][20] [2][18] [2][1] [2][0] [3][0] [3][12] [3][16] [3][17] [3][19] [3][21] [3][37] [3][44] [3][46] [4][46] [4][44] [4][26] [4][25] [4][14] [4][11] [4][4] [4][0] [5][0] [5][17] [5][18] [5][19] [5][25] [5][28] [5][46] [6][46] [6][42] [6][41] [6][38] [6][28] [6][24] [6][21] [6][8] [6][0] [7][0] [7][2] [7][3] [7][6] [7][19] [7][21] [7][30] [7][42] [7][46] [8][46] [9][46] [9][43] [9][41] [9][38] [9][36] [9][33] [9][32] [9][25] [9][32] [9][33] [9][36] [9][38] [9][41] [9][43] [9][46] [8][46] [8][43] [8][38] [8][36] [8][32] [8][27] [8][25] [8][22] [8][10] [8][0] [7][0] [6][0] [5][0] [4][0] [3][0] [2][0] [1][0] [1][6] [1][8] [1][6] [1][0] [0][0] 
[0][0] [0][0] [0][0] [0][10] [0][13] [0][18] [0][20] [0][28] [0][29] [0][35] [0][40] [0][41] [0][46] [1][46] [1][45] [1][42] [1][41] [1][24] [1][22] [1][20] [1][15] [1][9] [1][8] [1][1] [1][0] [2][0] [2][2] [2][4] [2][5] [2][7] [2][5] [2][4] [2][2] [2][0] [3][0] [3][8] [3][24] [3][37] [3][42] [3][46] [4][46] [4][41] [4][39] [4][35] [4][28] [4][23] [4][3] [4][0] [5][0] [5][2] [5][6] [5][14] [5][21] [5][29] [5][33] [5][40] [5][46] [6][46] [6][41] [6][32] [6][27] [6][26] [6][21] [6][19] [6][13] [6][2] [6][0] [7][0] [7][2] [7][6] [7][14] [7][20] [7][26] [7][30] [7][32] [7][46] [8][46] [8][45] [8][44] [8][39] [8][38] [8][39] [8][44] [8][45] [8][46] [9][46] [9][44] [9][36] [9][27] [9][25] [9][19] [9][16] [9][9] [9][2] [9][0] [8][0] [8][3] [8][7] [8][3] [8][0] [7][0] [6][0] [5][0] [4][0] [3][0] [2][0] [1][0] [0][0] 
[0][0] [0][0] [0][0] [0][4] [0][0] [1][0] [1][12] [1][15] [1][17] [1][25] [1][27] [1][36] [1][39] [1][46] [0][46] [0][42] [0][46] [1][46] [2][46] [2][45] [2][39] [2][36] [2][31] [2][21] [2][18] [2][12] [2][6] [2][5] [2][0] [3][0] [3][19] [3][20] [3][23] [3][28] [3][29] [3][45] [3][46] [4][46] [4][42] [4][30] [4][29] [4][23] [4][19] [4][17] [4][14] [4][13] [4][0] [5][0] [5][11] [5][20] [5][22] [5][37] [5][46] [6][46] [6][42] [6][40] [6][33] [6][23] [6][20] [6][16] [6][15] [6][14] [6][13] [6][8] [6][7] [6][2] [6][0] [7][0] [7][4] [7][5] [7][16] [7][29] [7][30] [7][43] [7][45] [7][46] [8][46] [9][46] [9][43] [9][41] [9][36] [9][35] [9][32] [9][9] [9][8] [9][5] [9][1] [9][0] [8][0] [8][3] [8][7] [8][9] [8][10] [8][11] [8][10] [8][9] [8][7] [8][3] [8][0] [7][0] [6][0] [5][0] [4][0] [3][0] [2][0] [1][0] [0][0] [0][0] [0][0] 
[0][0] [0][0] [0][0] [0][14] [0][18] [0][19] [0][21] [0][24] [0][30] [0][31] [0][42] [0][43] [0][44] [0][46] [1][46] [1][35] [1][32] [1][29] [1][22] [1][18] [1][13] [1][7] [1][4] [1][0] [2][0] [2][6] [2][16] [2][28] [2][32] [2][46] [3][46] [3][42] [3][41] [3][33] [3][26] [3][24] [3][23] [3][22] [3][19] [3][15] [3][14] [3][13] [3][12] [3][5] [3][3] [3][0] [4][0] [4][5] [4][12] [4][14] [4][22] [4][25] [4][22] [4][14] [4][12] [4][5] [4][0] [5][0] [5][3] [5][20] [5][30] [5][31] [5][32] [5][44] [5][46] [6][46] [6][40] [6][33] [6][25] [6][13] [6][0] [7][0] [7][4] [7][17] [7][23] [7][24] [7][28] [7][36] [7][46] [8][46] [8][45] [8][40] [8][28] [8][27] [8][22] [8][20] [8][15] [8][7] [8][0] [9][0] [9][2] [9][3] [9][5] [9][3] [9][2] [9][0] [8][0] [7][0] [6][0] [5][0] [4][0] [3][0] [2][0] [1][0] [0][0] 
[0][0] [0][0] [0][0] [0][3] [0][9] [0][13] [0][16] [0][24] [0][31] [0][46] [1][46] [1][37] [1][29] [1][12] [1][5] [1][0] [2][0] [2][6] [2][8] [2][11] [2][15] [2][17] [2][25] [2][32] [2][34] [2][46] [3][46] [3][42] [3][41] [3][40] [3][38] [3][28] [3][25] [3][20] [3][14] [3][2] [3][0] [4][0] [4][13] [4][17] [4][18] [4][29] [4][32] [4][43] [4][46] [5][46] [5][45] [5][42] [5][41] [5][40] [5][31] [5][24] [5][23] [5][19] [5][12] [5][9] [5][2] [5][0] [6][0] [6][8] [6][9] [6][13] [6][19] [6][21] [6][34] [6][46] [7][46] [7][22] [7][19] [7][14] [7][13] [7][3] [7][2] [7][1] [7][0] [8][0] [8][3] [8][6] [8][11] [8][13] [8][16] [8][20] [8][23] [8][27] [8][46] [9][46] [9][43] [9][34] [9][31] [9][24] [9][16] [9][12] [9][3] [9][0] [8][0] [7][0] [6][0] [5][0] [4][0] [3][0] [2][0] [1][0] [0][0] 
[0][0] [0][0] [0][0] [0][1] [0][7] [0][13] [0][25] [0][30] [0][31] [0][32] [0][33] [0][46] [1][46] [1][34] [1][23] [1][20] [1][12] [1][9] [1][0] [2][0] [2][3] [2][4] [2][8] [2][10] [2][13] [2][17] [2][36] [2][39] [2][46] [3][46] [4][46] [5][46] [5][44] [5][27] [5][18] [5][16] [5][14] [5][2] [5][0] [6][0] [6][6] [6][7] [6][10] [6][12] [6][21] [6][24] [6][32] [6][34] [6][38] [6][46] [7][46] [7][33] [7][30] [7][26] [7][25] [7][22] [7][20] [7][17] [7][14] [7][12] [7][11] [7][7] [7][0] [8][0] [8][2] [8][3] [8][10] [8][23] [8][29] [8][46] [9][46] [9][41] [9][34] [9][32] [9][31] [9][13] [9][12] [9][6] [9][0] [8][0] [7][0] [6][0] [5][0] [4][0] [4][3] [4][6] [4][9] [4][15] [4][18] [4][21] [4][23] [4][21] [4][18] [4][15] [4][9] [4][6] [4][3] [4][0] [3][0] [3][14] [3][16] [3][17] [3][16] [3][14] [3][0] [2][0] [1][0] [0][0] 
