6948
273.596
/home/fflorenci/jobprp_ga/reduced_instances/henn/ran2/reduced_warehouse_19.lyt
/home/fflorenci/jobprp_ga/reduced_instances/henn/ran2/reduced_warehouse_19l-60-60-0.ord
60
60
28
340
120
1
18 9 10 21 6 7 5 23 16 23 14 19 23 19 5 12 14 12 20 13 18 20 6 16 12 18 21 11 21 17 6 24 19 17 19 9 21 6 12 16 19 10 24 14 5 13 6 6 12 22 22 16 6 19 6 13 10 13 15 22 
15
47 20 6 46 21 44 
2 14 54 29 10 37 
55 45 1 35 57 
53 32 22 5 30 
36 38 16 17 
58 48 50 4 
28 39 52 23 
42 43 56 24 
8 15 33 27 
34 13 40 
12 25 0 
49 51 59 
3 9 19 
7 31 41 
11 26 18 
422
446
438
472
454
450
412
462
488
460
476
446
494
502
526
[0][0] [0][0] [0][0] [0][11] [0][17] [0][19] [0][26] [0][32] [0][33] [0][35] [0][44] [0][46] [1][46] [1][45] [1][40] [1][45] [1][46] [2][46] [2][40] [2][37] [2][22] [2][19] [2][14] [2][13] [2][0] [3][0] [3][2] [3][5] [3][10] [3][14] [3][15] [3][17] [3][22] [3][30] [3][34] [3][46] [4][46] [4][44] [4][42] [4][40] [4][39] [4][35] [4][32] [4][31] [4][28] [4][31] [4][32] [4][35] [4][39] [4][40] [4][42] [4][44] [4][46] [5][46] [5][36] [5][35] [5][23] [5][22] [5][19] [5][17] [5][8] [5][0] [6][0] [6][15] [6][20] [6][28] [6][32] [6][39] [6][40] [6][41] [6][43] [6][46] [7][46] [8][46] [8][45] [8][33] [8][25] [8][23] [8][22] [8][20] [8][2] [8][0] [7][0] [7][3] [7][0] [6][0] [5][0] [4][0] [3][0] [2][0] [1][0] [1][11] [1][0] [0][0] 
[0][0] [0][0] [0][0] [0][11] [0][18] [0][23] [0][29] [0][31] [0][41] [0][42] [0][44] [0][46] [1][46] [1][43] [1][42] [1][32] [1][27] [1][13] [1][11] [1][5] [1][0] [2][0] [2][3] [2][4] [2][9] [2][19] [2][24] [2][25] [2][27] [2][31] [2][35] [2][46] [3][46] [4][46] [4][39] [4][34] [4][26] [4][11] [4][9] [4][0] [5][0] [5][1] [5][6] [5][10] [5][17] [5][10] [5][6] [5][1] [5][0] [6][0] [6][9] [6][13] [6][19] [6][23] [6][24] [6][25] [6][26] [6][28] [6][37] [6][45] [6][46] [7][46] [8][46] [9][46] [9][45] [9][36] [9][29] [9][25] [9][24] [9][21] [9][24] [9][25] [9][29] [9][36] [9][45] [9][46] [8][46] [8][36] [8][35] [8][28] [8][27] [8][25] [8][21] [8][8] [8][3] [8][0] [7][0] [6][0] [5][0] [4][0] [3][0] [3][2] [3][0] [2][0] [1][0] [0][0] 
[0][0] [0][0] [0][0] [0][6] [0][21] [0][30] [0][32] [0][45] [0][46] [1][46] [2][46] [2][41] [2][40] [2][33] [2][28] [2][33] [2][40] [2][41] [2][46] [3][46] [4][46] [4][38] [4][34] [4][22] [4][11] [4][6] [4][5] [4][3] [4][0] [5][0] [5][7] [5][12] [5][22] [5][29] [5][31] [5][32] [5][36] [5][38] [5][44] [5][46] [6][46] [6][36] [6][21] [6][20] [6][18] [6][10] [6][9] [6][3] [6][1] [6][0] [7][0] [7][1] [7][2] [7][7] [7][2] [7][1] [7][0] [8][0] [8][10] [8][15] [8][18] [8][30] [8][31] [8][36] [8][40] [8][46] [9][46] [9][44] [9][43] [9][29] [9][26] [9][15] [9][12] [9][10] [9][0] [8][0] [7][0] [6][0] [5][0] [4][0] [3][0] [2][0] [2][1] [2][0] [1][0] [1][1] [1][8] [1][14] [1][8] [1][1] [1][0] [0][0] 
[0][0] [0][0] [0][0] [0][25] [0][26] [0][40] [0][43] [0][45] [0][46] [1][46] [1][35] [1][32] [1][22] [1][19] [1][17] [1][3] [1][0] [2][0] [2][14] [2][23] [2][26] [2][41] [2][42] [2][45] [2][46] [3][46] [3][38] [3][33] [3][31] [3][27] [3][18] [3][11] [3][4] [3][0] [4][0] [4][1] [4][0] [5][0] [5][4] [5][14] [5][17] [5][18] [5][26] [5][38] [5][46] [6][46] [6][43] [6][36] [6][35] [6][24] [6][20] [6][18] [6][8] [6][4] [6][2] [6][1] [6][0] [7][0] [7][14] [7][21] [7][22] [7][36] [7][40] [7][45] [7][46] [8][46] [8][22] [8][17] [8][16] [8][8] [8][4] [8][0] [9][0] [9][10] [9][0] [8][0] [7][0] [6][0] [5][0] [4][0] [3][0] [2][0] [1][0] [0][0] 
[0][0] [0][0] [0][0] [0][12] [0][27] [0][28] [0][34] [0][43] [0][45] [0][46] [1][46] [1][45] [1][36] [1][35] [1][30] [1][24] [1][18] [1][14] [1][10] [1][9] [1][8] [1][4] [1][0] [2][0] [2][2] [2][0] [3][0] [3][1] [3][20] [3][21] [3][32] [3][41] [3][44] [3][46] [4][46] [4][39] [4][28] [4][25] [4][8] [4][0] [5][0] [5][7] [5][31] [5][33] [5][34] [5][37] [5][46] [6][46] [6][34] [6][11] [6][8] [6][5] [6][4] [6][0] [7][0] [7][4] [7][14] [7][16] [7][17] [7][19] [7][24] [7][26] [7][30] [7][31] [7][39] [7][42] [7][46] [8][46] [9][46] [9][42] [9][38] [9][22] [9][20] [9][18] [9][16] [9][15] [9][2] [9][1] [9][0] [8][0] [7][0] [6][0] [5][0] [4][0] [3][0] [2][0] [1][0] [0][0] 
[0][0] [0][0] [0][0] [0][4] [0][7] [0][12] [0][26] [0][45] [0][46] [1][46] [1][45] [1][41] [1][33] [1][12] [1][10] [1][8] [1][0] [2][0] [3][0] [3][1] [3][2] [3][7] [3][8] [3][11] [3][19] [3][24] [3][28] [3][31] [3][46] [4][46] [4][35] [4][30] [4][27] [4][13] [4][12] [4][5] [4][0] [5][0] [5][3] [5][10] [5][13] [5][28] [5][38] [5][46] [6][46] [6][42] [6][40] [6][33] [6][31] [6][24] [6][16] [6][14] [6][8] [6][0] [7][0] [7][2] [7][9] [7][12] [7][13] [7][23] [7][24] [7][26] [7][40] [7][46] [8][46] [9][46] [9][45] [9][46] [8][46] [8][26] [8][22] [8][21] [8][17] [8][0] [7][0] [6][0] [5][0] [4][0] [3][0] [2][0] [1][0] [0][0] 
[0][0] [0][0] [0][0] [0][6] [0][23] [0][25] [0][40] [0][46] [1][46] [1][38] [1][36] [1][25] [1][7] [1][0] [2][0] [2][6] [2][12] [2][13] [2][18] [2][21] [2][22] [2][25] [2][29] [2][45] [2][46] [3][46] [3][41] [3][34] [3][32] [3][30] [3][29] [3][20] [3][15] [3][10] [3][0] [4][0] [4][8] [4][9] [4][17] [4][18] [4][19] [4][30] [4][31] [4][34] [4][35] [4][46] [5][46] [5][41] [5][38] [5][37] [5][38] [5][41] [5][46] [6][46] [6][39] [6][46] [7][46] [7][42] [7][46] [8][46] [8][33] [8][29] [8][23] [8][21] [8][20] [8][19] [8][17] [8][13] [8][11] [8][6] [8][0] [7][0] [7][6] [7][0] [6][0] [6][3] [6][5] [6][6] [6][5] [6][3] [6][0] [5][0] [5][1] [5][2] [5][1] [5][0] [4][0] [3][0] [2][0] [1][0] [0][0] 
[0][0] [0][0] [0][0] [0][11] [0][13] [0][15] [0][17] [0][23] [0][26] [0][33] [0][38] [0][43] [0][46] [1][46] [1][41] [1][46] [2][46] [2][37] [2][28] [2][23] [2][21] [2][19] [2][18] [2][1] [2][0] [3][0] [3][5] [3][9] [3][12] [3][19] [3][29] [3][35] [3][40] [3][46] [4][46] [4][29] [4][28] [4][27] [4][9] [4][0] [5][0] [5][2] [5][7] [5][22] [5][28] [5][34] [5][39] [5][44] [5][46] [6][46] [6][41] [6][46] [7][46] [7][45] [7][42] [7][40] [7][30] [7][20] [7][17] [7][20] [7][30] [7][40] [7][42] [7][45] [7][46] [8][46] [8][45] [8][40] [8][45] [8][46] [9][46] [9][44] [9][40] [9][36] [9][26] [9][23] [9][7] [9][2] [9][0] [8][0] [8][2] [8][6] [8][7] [8][6] [8][2] [8][0] [7][0] [6][0] [6][3] [6][0] [5][0] [4][0] [3][0] [2][0] [1][0] [0][0] 
[0][0] [0][0] [0][0] [0][8] [0][11] [0][15] [0][21] [0][24] [0][21] [0][15] [0][11] [0][8] [0][0] [1][0] [1][8] [1][15] [1][34] [1][46] [2][46] [2][32] [2][30] [2][18] [2][9] [2][6] [2][5] [2][0] [3][0] [3][1] [3][4] [3][16] [3][19] [3][25] [3][28] [3][41] [3][46] [4][46] [4][45] [4][46] [5][46] [5][43] [5][39] [5][37] [5][19] [5][12] [5][6] [5][1] [5][0] [6][0] [6][3] [6][5] [6][7] [6][16] [6][19] [6][21] [6][22] [6][24] [6][30] [6][41] [6][42] [6][46] [7][46] [7][38] [7][34] [7][38] [7][46] [8][46] [8][41] [8][40] [8][41] [8][46] [9][46] [9][30] [9][25] [9][23] [9][13] [9][9] [9][3] [9][1] [9][0] [8][0] [7][0] [7][4] [7][0] [6][0] [5][0] [4][0] [4][10] [4][18] [4][20] [4][18] [4][10] [4][0] [3][0] [2][0] [1][0] [0][0] [0][0] [0][0] 
[0][0] [0][0] [0][0] [0][1] [0][15] [0][17] [0][18] [0][34] [0][45] [0][46] [1][46] [2][46] [2][41] [2][40] [2][41] [2][46] [3][46] [3][28] [3][26] [3][19] [3][17] [3][13] [3][3] [3][2] [3][0] [4][0] [5][0] [5][4] [5][6] [5][15] [5][6] [5][4] [5][0] [6][0] [6][1] [6][11] [6][15] [6][21] [6][25] [6][27] [6][37] [6][45] [6][46] [5][46] [5][45] [5][37] [5][45] [5][46] [6][46] [7][46] [8][46] [8][45] [8][42] [8][36] [8][29] [8][28] [8][24] [8][23] [8][12] [8][0] [9][0] [9][6] [9][17] [9][6] [9][0] [8][0] [7][0] [6][0] [5][0] [4][0] [4][3] [4][10] [4][13] [4][16] [4][19] [4][21] [4][33] [4][34] [4][46] [3][46] [2][46] [1][46] [1][43] [1][36] [1][22] [1][19] [1][17] [1][13] [1][10] [1][0] [0][0] 
[0][0] [0][0] [0][0] [0][5] [0][9] [0][31] [0][34] [0][37] [0][43] [0][44] [0][45] [0][46] [1][46] [1][30] [1][24] [1][23] [1][21] [1][9] [1][7] [1][3] [1][0] [2][0] [2][24] [2][25] [2][29] [2][35] [2][37] [2][44] [2][46] [3][46] [3][43] [3][46] [4][46] [4][45] [4][46] [5][46] [5][37] [5][30] [5][27] [5][23] [5][13] [5][11] [5][5] [5][0] [6][0] [6][14] [6][20] [6][25] [6][44] [6][46] [7][46] [7][37] [7][35] [7][27] [7][21] [7][18] [7][8] [7][0] [8][0] [8][7] [8][22] [8][26] [8][31] [8][36] [8][46] [9][46] [9][44] [9][42] [9][35] [9][27] [9][25] [9][24] [9][19] [9][1] [9][0] [8][0] [7][0] [6][0] [5][0] [4][0] [4][3] [4][8] [4][11] [4][8] [4][3] [4][0] [3][0] [2][0] [1][0] [0][0] 
[0][0] [0][0] [0][0] [0][5] [0][0] [1][0] [2][0] [2][3] [2][6] [2][8] [2][9] [2][17] [2][22] [2][35] [2][41] [2][46] [3][46] [3][45] [3][38] [3][36] [3][20] [3][16] [3][9] [3][8] [3][5] [3][3] [3][0] [4][0] [4][17] [4][20] [4][30] [4][32] [4][40] [4][46] [5][46] [5][42] [5][41] [5][35] [5][34] [5][33] [5][32] [5][20] [5][15] [5][4] [5][3] [5][0] [6][0] [6][6] [6][14] [6][16] [6][18] [6][21] [6][33] [6][42] [6][46] [7][46] [8][46] [8][41] [8][40] [8][36] [8][40] [8][41] [8][46] [9][46] [9][31] [9][28] [9][27] [9][28] [9][31] [9][46] [8][46] [7][46] [7][45] [7][44] [7][27] [7][21] [7][16] [7][6] [7][4] [7][0] [8][0] [8][4] [8][6] [8][4] [8][0] [7][0] [6][0] [5][0] [4][0] [3][0] [2][0] [1][0] [0][0] [0][0] [0][0] 
[0][0] [0][0] [0][0] [0][14] [0][34] [0][46] [1][46] [1][45] [1][43] [1][30] [1][19] [1][9] [1][5] [1][4] [1][1] [1][0] [2][0] [2][14] [2][16] [2][19] [2][23] [2][29] [2][31] [2][33] [2][37] [2][38] [2][46] [3][46] [3][44] [3][46] [4][46] [4][45] [4][40] [4][39] [4][32] [4][28] [4][20] [4][0] [5][0] [5][5] [5][15] [5][16] [5][21] [5][26] [5][39] [5][41] [5][45] [5][46] [6][46] [6][44] [6][35] [6][44] [6][46] [7][46] [7][39] [7][34] [7][22] [7][19] [7][7] [7][0] [8][0] [8][13] [8][20] [8][28] [8][46] [9][46] [9][44] [9][37] [9][24] [9][18] [9][17] [9][6] [9][5] [9][0] [8][0] [7][0] [6][0] [5][0] [4][0] [3][0] [3][7] [3][11] [3][7] [3][0] [2][0] [1][0] [0][0] 
[0][0] [0][0] [0][0] [0][14] [0][0] [1][0] [1][1] [1][12] [1][1] [1][0] [2][0] [2][2] [2][9] [2][10] [2][13] [2][17] [2][22] [2][23] [2][25] [2][31] [2][43] [2][46] [3][46] [3][41] [3][31] [3][30] [3][23] [3][20] [3][7] [3][0] [4][0] [4][8] [4][12] [4][18] [4][19] [4][28] [4][32] [4][45] [4][46] [5][46] [5][37] [5][29] [5][26] [5][20] [5][13] [5][9] [5][0] [6][0] [6][10] [6][30] [6][37] [6][40] [6][46] [7][46] [7][27] [7][21] [7][19] [7][11] [7][10] [7][7] [7][0] [8][0] [8][5] [8][8] [8][15] [8][18] [8][19] [8][31] [8][37] [8][46] [9][46] [9][34] [9][20] [9][18] [9][12] [9][0] [8][0] [7][0] [6][0] [5][0] [4][0] [3][0] [2][0] [1][0] [0][0] [0][0] [0][0] 
[0][0] [0][0] [0][0] [0][6] [0][16] [0][28] [0][31] [0][37] [0][40] [0][46] [1][46] [1][45] [1][41] [1][40] [1][27] [1][24] [1][15] [1][3] [1][0] [2][0] [2][7] [2][8] [2][21] [2][34] [2][43] [2][46] [3][46] [4][46] [4][45] [4][29] [4][28] [4][25] [4][23] [4][22] [4][23] [4][25] [4][28] [4][29] [4][45] [4][46] [5][46] [5][43] [5][42] [5][38] [5][28] [5][24] [5][21] [5][18] [5][0] [6][0] [6][15] [6][0] [7][0] [8][0] [8][5] [8][9] [8][15] [8][31] [8][34] [8][40] [8][46] [9][46] [9][41] [9][35] [9][34] [9][33] [9][22] [9][17] [9][15] [9][6] [9][0] [8][0] [7][0] [7][6] [7][9] [7][18] [7][40] [7][44] [7][46] [6][46] [5][46] [4][46] [3][46] [3][41] [3][40] [3][33] [3][29] [3][22] [3][20] [3][18] [3][14] [3][0] [2][0] [1][0] [0][0] 
