13396
396.51
/home/fflorenci/jobprp_ga/reduced_instances/henn/ran2/reduced_warehouse_17.lyt
/home/fflorenci/jobprp_ga/reduced_instances/henn/ran2/reduced_warehouse_17l-60-30-0.ord
60
30
20
340
120
1
24 6 20 19 5 15 13 22 18 24 14 13 6 17 21 22 12 23 20 8 10 15 15 18 20 19 21 6 7 5 13 21 23 8 18 15 10 9 18 5 13 23 19 17 18 23 12 5 11 11 7 16 11 16 13 10 14 13 19 10 
32
48 12 39 47 
25 1 4 
9 27 
34 28 29 
5 6 
24 36 
23 16 
22 56 
42 59 
53 11 
13 40 
50 2 
58 52 
3 20 
21 35 
30 43 
46 38 
54 10 
15 33 
26 37 
51 57 
55 18 
14 19 
0 
8 49 
45 
44 
41 
31 
32 
7 
17 
362
402
398
462
462
434
486
398
432
442
480
382
428
480
414
410
462
432
430
406
426
364
422
420
406
360
358
462
346
408
442
380
[0][0] [0][0] [0][0] [0][11] [0][0] [1][0] [1][12] [1][21] [1][25] [1][35] [1][38] [1][42] [1][46] [0][46] [0][44] [0][41] [0][44] [0][46] [1][46] [2][46] [2][45] [2][31] [2][27] [2][8] [2][1] [2][0] [3][0] [3][16] [3][24] [3][29] [3][40] [3][46] [4][46] [4][42] [4][33] [4][8] [4][0] [5][0] [6][0] [6][6] [6][8] [6][21] [6][8] [6][6] [6][0] [7][0] [7][3] [7][0] [8][0] [8][3] [8][8] [8][3] [8][0] [7][0] [6][0] [5][0] [4][0] [3][0] [2][0] [1][0] [0][0] [0][0] [0][0] 
[0][0] [0][0] [0][0] [0][11] [0][15] [0][16] [0][15] [0][11] [0][0] [1][0] [1][5] [1][8] [1][11] [1][27] [1][34] [1][35] [1][46] [2][46] [2][24] [2][22] [2][4] [2][0] [3][0] [3][20] [3][28] [3][35] [3][46] [4][46] [5][46] [5][44] [5][28] [5][27] [5][3] [5][0] [6][0] [6][2] [6][0] [7][0] [7][8] [7][19] [7][8] [7][0] [8][0] [8][1] [8][0] [9][0] [9][4] [9][7] [9][14] [9][17] [9][18] [9][17] [9][14] [9][7] [9][4] [9][0] [8][0] [7][0] [6][0] [5][0] [4][0] [4][10] [4][0] [3][0] [2][0] [1][0] [0][0] [0][0] [0][0] 
[0][0] [0][0] [0][0] [0][23] [0][24] [0][30] [0][40] [0][46] [1][46] [2][46] [3][46] [3][29] [3][27] [3][23] [3][16] [3][0] [4][0] [4][15] [4][23] [4][26] [4][27] [4][34] [4][46] [5][46] [6][46] [6][42] [6][46] [7][46] [7][39] [7][33] [7][39] [7][46] [8][46] [9][46] [9][35] [9][31] [9][30] [9][28] [9][26] [9][22] [9][1] [9][0] [8][0] [8][10] [8][12] [8][16] [8][12] [8][10] [8][0] [7][0] [6][0] [5][0] [4][0] [3][0] [2][0] [2][13] [2][0] [1][0] [1][1] [1][20] [1][1] [1][0] [0][0] 
[0][0] [0][0] [0][0] [0][6] [0][8] [0][15] [0][18] [0][41] [0][46] [1][46] [2][46] [2][40] [2][20] [2][15] [2][12] [2][0] [3][0] [3][3] [3][29] [3][31] [3][46] [4][46] [5][46] [5][39] [5][36] [5][39] [5][46] [6][46] [6][41] [6][26] [6][15] [6][0] [7][0] [8][0] [9][0] [9][14] [9][0] [8][0] [7][0] [7][15] [7][28] [7][38] [7][46] [8][46] [8][40] [8][34] [8][40] [8][46] [7][46] [6][46] [5][46] [4][46] [4][36] [4][26] [4][22] [4][13] [4][2] [4][0] [3][0] [2][0] [1][0] [1][5] [1][13] [1][5] [1][0] [0][0] 
[0][0] [0][0] [0][0] [0][5] [0][17] [0][23] [0][45] [0][46] [1][46] [2][46] [3][46] [3][28] [3][46] [4][46] [4][44] [4][46] [5][46] [5][43] [5][38] [5][21] [5][15] [5][0] [4][0] [4][7] [4][20] [4][7] [4][0] [5][0] [6][0] [6][8] [6][13] [6][8] [6][0] [7][0] [8][0] [8][23] [8][30] [8][46] [9][46] [9][34] [9][46] [8][46] [7][46] [7][33] [7][46] [6][46] [5][46] [4][46] [3][46] [2][46] [2][32] [2][28] [2][22] [2][21] [2][19] [2][16] [2][5] [2][0] [1][0] [1][9] [1][12] [1][17] [1][12] [1][9] [1][0] [0][0] 
[0][0] [0][0] [0][0] [0][4] [0][0] [1][0] [1][1] [1][14] [1][19] [1][33] [1][44] [1][46] [0][46] [0][36] [0][30] [0][36] [0][46] [1][46] [2][46] [3][46] [4][46] [4][31] [4][46] [5][46] [5][43] [5][46] [6][46] [7][46] [8][46] [8][40] [8][33] [8][40] [8][46] [9][46] [9][41] [9][32] [9][31] [9][13] [9][3] [9][0] [8][0] [8][11] [8][0] [7][0] [7][5] [7][0] [6][0] [6][7] [6][14] [6][7] [6][0] [5][0] [5][6] [5][8] [5][11] [5][14] [5][11] [5][8] [5][6] [5][0] [4][0] [3][0] [3][18] [3][0] [2][0] [2][12] [2][13] [2][12] [2][0] [1][0] [0][0] [0][0] [0][0] 
[0][0] [0][0] [0][0] [0][18] [0][36] [0][45] [0][46] [1][46] [1][37] [1][46] [2][46] [2][44] [2][27] [2][44] [2][46] [3][46] [3][35] [3][32] [3][12] [3][11] [3][0] [4][0] [4][11] [4][16] [4][26] [4][46] [5][46] [6][46] [6][35] [6][46] [7][46] [7][36] [7][20] [7][15] [7][0] [8][0] [8][21] [8][25] [8][29] [8][39] [8][46] [9][46] [9][29] [9][46] [8][46] [7][46] [6][46] [5][46] [5][43] [5][32] [5][18] [5][12] [5][0] [4][0] [3][0] [2][0] [2][1] [2][0] [1][0] [1][7] [1][10] [1][7] [1][0] [0][0] 
[0][0] [0][0] [0][0] [0][6] [0][8] [0][11] [0][23] [0][33] [0][39] [0][46] [1][46] [1][31] [1][27] [1][31] [1][46] [2][46] [2][43] [2][30] [2][9] [2][0] [3][0] [3][2] [3][7] [3][8] [3][17] [3][8] [3][7] [3][2] [3][0] [4][0] [4][6] [4][11] [4][20] [4][21] [4][39] [4][46] [5][46] [6][46] [7][46] [7][39] [7][29] [7][39] [7][46] [8][46] [8][38] [8][13] [8][0] [9][0] [9][7] [9][0] [8][0] [7][0] [7][3] [7][0] [6][0] [5][0] [5][1] [5][3] [5][1] [5][0] [4][0] [3][0] [2][0] [1][0] [0][0] 
[0][0] [0][0] [0][0] [0][16] [0][19] [0][16] [0][0] [1][0] [1][14] [1][23] [1][24] [1][26] [1][32] [1][46] [2][46] [2][37] [2][46] [3][46] [3][35] [3][46] [4][46] [4][44] [4][46] [5][46] [5][41] [5][28] [5][27] [5][28] [5][41] [5][46] [6][46] [7][46] [7][32] [7][29] [7][22] [7][20] [7][8] [7][0] [8][0] [8][2] [8][16] [8][25] [8][26] [8][28] [8][46] [9][46] [9][25] [9][21] [9][0] [8][0] [7][0] [6][0] [5][0] [4][0] [4][13] [4][15] [4][13] [4][0] [3][0] [3][3] [3][0] [2][0] [2][7] [2][0] [1][0] [0][0] [0][0] [0][0] 
[0][0] [0][0] [0][0] [0][21] [0][22] [0][23] [0][44] [0][46] [1][46] [1][41] [1][37] [1][41] [1][46] [2][46] [2][36] [2][33] [2][36] [2][46] [3][46] [4][46] [4][42] [4][33] [4][31] [4][33] [4][42] [4][46] [5][46] [5][33] [5][30] [5][33] [5][46] [6][46] [6][41] [6][46] [7][46] [7][40] [7][38] [7][33] [7][31] [7][21] [7][31] [7][33] [7][38] [7][40] [7][46] [8][46] [8][38] [8][46] [9][46] [9][34] [9][7] [9][0] [8][0] [7][0] [6][0] [6][1] [6][12] [6][14] [6][12] [6][1] [6][0] [5][0] [4][0] [4][4] [4][0] [3][0] [3][12] [3][20] [3][12] [3][0] [2][0] [2][9] [2][0] [1][0] [0][0] 
[0][0] [0][0] [0][0] [1][0] [1][17] [1][31] [1][46] [2][46] [3][46] [3][44] [3][43] [3][32] [3][14] [3][13] [3][0] [4][0] [4][4] [4][25] [4][39] [4][46] [5][46] [5][43] [5][40] [5][35] [5][20] [5][19] [5][3] [5][0] [6][0] [6][14] [6][30] [6][46] [7][46] [7][31] [7][22] [7][0] [8][0] [8][3] [8][26] [8][34] [8][42] [8][46] [9][46] [9][39] [9][17] [9][11] [9][1] [9][0] [8][0] [7][0] [6][0] [5][0] [4][0] [3][0] [2][0] [2][8] [2][15] [2][8] [2][0] [1][0] [0][0] [0][0] [0][0] 
[0][0] [0][0] [0][0] [1][0] [2][0] [2][17] [2][19] [2][32] [2][46] [3][46] [4][46] [4][43] [4][23] [4][43] [4][46] [5][46] [5][37] [5][27] [5][37] [5][46] [6][46] [7][46] [7][35] [7][29] [7][35] [7][46] [8][46] [8][45] [8][40] [8][26] [8][23] [8][5] [8][2] [8][0] [9][0] [9][4] [9][6] [9][11] [9][20] [9][40] [9][46] [8][46] [7][46] [6][46] [5][46] [4][46] [3][46] [3][44] [3][31] [3][30] [3][27] [3][21] [3][8] [3][0] [2][0] [1][0] [0][0] [0][0] [0][0] 
[0][0] [0][0] [0][0] [0][5] [0][12] [0][13] [0][18] [0][36] [0][46] [1][46] [1][27] [1][21] [1][10] [1][7] [1][3] [1][0] [2][0] [3][0] [4][0] [4][5] [4][14] [4][26] [4][46] [5][46] [5][36] [5][28] [5][17] [5][0] [6][0] [6][13] [6][0] [7][0] [7][18] [7][26] [7][34] [7][46] [8][46] [8][34] [8][31] [8][25] [8][31] [8][34] [8][46] [9][46] [9][44] [9][39] [9][34] [9][9] [9][5] [9][3] [9][0] [8][0] [8][1] [8][0] [7][0] [6][0] [5][0] [4][0] [3][0] [2][0] [1][0] [0][0] 
[0][0] [0][0] [0][0] [0][3] [0][26] [0][29] [0][46] [1][46] [2][46] [2][39] [2][25] [2][39] [2][46] [3][46] [3][30] [3][28] [3][20] [3][4] [3][3] [3][0] [4][0] [4][16] [4][32] [4][36] [4][44] [4][46] [5][46] [5][34] [5][46] [6][46] [6][33] [6][46] [7][46] [8][46] [8][37] [8][46] [9][46] [9][38] [9][17] [9][5] [9][4] [9][0] [8][0] [8][2] [8][10] [8][2] [8][0] [7][0] [7][23] [7][0] [6][0] [5][0] [4][0] [3][0] [2][0] [1][0] [1][5] [1][15] [1][22] [1][15] [1][5] [1][0] [0][0] 
[0][0] [0][0] [0][0] [1][0] [1][26] [1][29] [1][30] [1][46] [0][46] [0][45] [0][46] [1][46] [2][46] [3][46] [3][43] [3][36] [3][24] [3][22] [3][21] [3][8] [3][0] [4][0] [4][1] [4][6] [4][7] [4][21] [4][27] [4][33] [4][46] [5][46] [5][30] [5][25] [5][30] [5][46] [6][46] [6][41] [6][46] [7][46] [8][46] [8][33] [8][46] [9][46] [9][36] [9][35] [9][27] [9][19] [9][6] [9][0] [8][0] [8][11] [8][0] [7][0] [7][3] [7][4] [7][3] [7][0] [6][0] [5][0] [4][0] [3][0] [2][0] [2][2] [2][0] [1][0] [0][0] [0][0] [0][0] 
[0][0] [0][0] [0][0] [0][6] [0][7] [0][28] [0][43] [0][46] [1][46] [2][46] [2][35] [2][32] [2][35] [2][46] [3][46] [3][35] [3][31] [3][22] [3][7] [3][0] [4][0] [4][2] [4][7] [4][11] [4][12] [4][18] [4][33] [4][46] [5][46] [5][34] [5][32] [5][34] [5][46] [6][46] [7][46] [8][46] [8][45] [8][44] [8][41] [8][44] [8][45] [8][46] [7][46] [7][28] [7][23] [7][16] [7][0] [6][0] [6][18] [6][24] [6][18] [6][0] [5][0] [4][0] [3][0] [2][0] [1][0] [1][2] [1][14] [1][18] [1][21] [1][18] [1][14] [1][2] [1][0] [0][0] 
[0][0] [0][0] [0][0] [0][5] [0][18] [0][32] [0][41] [0][43] [0][46] [1][46] [2][46] [2][31] [2][30] [2][31] [2][46] [3][46] [3][42] [3][40] [3][34] [3][40] [3][42] [3][46] [4][46] [4][37] [4][46] [5][46] [5][24] [5][23] [5][19] [5][15] [5][0] [6][0] [7][0] [7][4] [7][11] [7][15] [7][17] [7][15] [7][11] [7][4] [7][0] [8][0] [8][17] [8][25] [8][29] [8][46] [9][46] [9][30] [9][22] [9][14] [9][0] [8][0] [7][0] [6][0] [6][4] [6][18] [6][24] [6][46] [5][46] [4][46] [3][46] [2][46] [1][46] [1][39] [1][22] [1][0] [0][0] 
[0][0] [0][0] [0][0] [1][0] [2][0] [2][19] [2][28] [2][29] [2][46] [1][46] [1][40] [1][46] [2][46] [3][46] [3][32] [3][26] [3][8] [3][0] [4][0] [4][4] [4][20] [4][25] [4][35] [4][46] [5][46] [5][24] [5][13] [5][0] [6][0] [6][7] [6][10] [6][11] [6][28] [6][29] [6][38] [6][46] [7][46] [7][38] [7][46] [8][46] [8][25] [8][12] [8][5] [8][0] [9][0] [9][11] [9][0] [8][0] [7][0] [7][8] [7][0] [6][0] [5][0] [4][0] [3][0] [2][0] [1][0] [0][0] [0][0] [0][0] 
[0][0] [0][0] [0][0] [0][16] [0][0] [1][0] [1][6] [1][21] [1][30] [1][40] [1][46] [2][46] [3][46] [3][40] [3][30] [3][19] [3][10] [3][0] [4][0] [5][0] [5][3] [5][11] [5][27] [5][42] [5][46] [6][46] [7][46] [7][42] [7][39] [7][36] [7][39] [7][42] [7][46] [8][46] [8][25] [8][19] [8][16] [8][12] [8][7] [8][6] [8][5] [8][2] [8][0] [9][0] [9][1] [9][20] [9][1] [9][0] [8][0] [7][0] [7][3] [7][9] [7][3] [7][0] [6][0] [6][9] [6][0] [5][0] [4][0] [3][0] [2][0] [2][17] [2][0] [1][0] [0][0] [0][0] [0][0] 
[0][0] [0][0] [0][0] [0][1] [0][20] [0][42] [0][46] [1][46] [1][40] [1][34] [1][13] [1][4] [1][0] [2][0] [2][18] [2][22] [2][26] [2][34] [2][46] [3][46] [3][40] [3][39] [3][40] [3][46] [4][46] [5][46] [5][43] [5][28] [5][22] [5][28] [5][43] [5][46] [6][46] [6][45] [6][31] [6][45] [6][46] [7][46] [7][41] [7][37] [7][30] [7][28] [7][27] [7][28] [7][30] [7][37] [7][41] [7][46] [8][46] [9][46] [9][44] [9][46] [8][46] [8][41] [8][39] [8][18] [8][0] [7][0] [6][0] [5][0] [4][0] [3][0] [3][6] [3][0] [2][0] [1][0] [0][0] 
[0][0] [0][0] [0][0] [0][9] [0][17] [0][19] [0][34] [0][36] [0][46] [1][46] [1][31] [1][26] [1][22] [1][9] [1][5] [1][0] [2][0] [2][11] [2][14] [2][21] [2][37] [2][46] [3][46] [3][33] [3][31] [3][23] [3][31] [3][33] [3][46] [4][46] [4][35] [4][46] [5][46] [5][27] [5][46] [6][46] [6][30] [6][26] [6][30] [6][46] [7][46] [8][46] [9][46] [9][34] [9][14] [9][13] [9][0] [8][0] [8][2] [8][0] [7][0] [6][0] [5][0] [4][0] [4][4] [4][7] [4][4] [4][0] [3][0] [2][0] [1][0] [0][0] 
[0][0] [0][0] [0][0] [0][13] [0][22] [0][23] [0][25] [0][34] [0][41] [0][44] [0][46] [1][46] [2][46] [3][46] [3][28] [3][27] [3][8] [3][0] [4][0] [4][2] [4][7] [4][8] [4][11] [4][21] [4][37] [4][40] [4][46] [5][46] [5][44] [5][46] [6][46] [7][46] [7][36] [7][24] [7][36] [7][46] [8][46] [8][41] [8][32] [8][29] [8][12] [8][0] [7][0] [7][5] [7][7] [7][5] [7][0] [6][0] [6][14] [6][15] [6][14] [6][0] [5][0] [4][0] [3][0] [2][0] [2][8] [2][0] [1][0] [0][0] 
[0][0] [0][0] [0][0] [0][8] [0][10] [0][16] [0][19] [0][24] [0][33] [0][46] [1][46] [1][31] [1][46] [2][46] [2][42] [2][26] [2][42] [2][46] [3][46] [3][25] [3][8] [3][0] [4][0] [4][8] [4][23] [4][42] [4][46] [5][46] [5][37] [5][46] [6][46] [7][46] [8][46] [8][45] [8][46] [9][46] [9][43] [9][46] [8][46] [7][46] [6][46] [6][35] [6][32] [6][25] [6][17] [6][15] [6][14] [6][0] [7][0] [8][0] [9][0] [9][3] [9][6] [9][3] [9][0] [8][0] [7][0] [6][0] [5][0] [5][6] [5][9] [5][6] [5][0] [4][0] [3][0] [2][0] [2][1] [2][0] [1][0] [1][2] [1][0] [0][0] 
[0][0] [0][0] [0][0] [0][8] [0][35] [0][46] [1][46] [2][46] [2][37] [2][46] [3][46] [3][28] [3][22] [3][17] [3][3] [3][2] [3][1] [3][0] [4][0] [4][9] [4][0] [5][0] [5][7] [5][19] [5][23] [5][46] [6][46] [6][34] [6][46] [7][46] [8][46] [9][46] [9][43] [9][28] [9][27] [9][14] [9][5] [9][0] [8][0] [8][9] [8][23] [8][9] [8][0] [7][0] [6][0] [5][0] [4][0] [3][0] [2][0] [2][6] [2][0] [1][0] [1][5] [1][18] [1][5] [1][0] [0][0] 
[0][0] [0][0] [0][0] [0][30] [0][43] [0][46] [1][46] [1][38] [1][34] [1][33] [1][34] [1][38] [1][46] [2][46] [2][41] [2][36] [2][33] [2][32] [2][33] [2][36] [2][41] [2][46] [3][46] [4][46] [4][36] [4][16] [4][0] [5][0] [5][20] [5][21] [5][25] [5][32] [5][42] [5][46] [6][46] [7][46] [7][37] [7][35] [7][32] [7][28] [7][32] [7][35] [7][37] [7][46] [8][46] [8][42] [8][12] [8][0] [9][0] [9][4] [9][8] [9][14] [9][8] [9][4] [9][0] [8][0] [7][0] [7][1] [7][0] [6][0] [5][0] [4][0] [3][0] [3][11] [3][0] [2][0] [1][0] [0][0] 
[0][0] [0][0] [0][0] [0][2] [0][0] [1][0] [1][6] [1][15] [1][26] [1][27] [1][37] [1][46] [2][46] [3][46] [3][39] [3][35] [3][39] [3][46] [4][46] [4][28] [4][46] [5][46] [5][45] [5][46] [6][46] [6][30] [6][46] [7][46] [7][38] [7][46] [8][46] [9][46] [9][42] [9][46] [8][46] [8][41] [8][37] [8][34] [8][29] [8][9] [8][4] [8][0] [7][0] [7][11] [7][0] [6][0] [5][0] [5][15] [5][0] [4][0] [3][0] [2][0] [2][10] [2][0] [1][0] [0][0] [0][0] [0][0] 
[0][0] [0][0] [0][0] [1][0] [1][12] [1][26] [1][46] [2][46] [2][40] [2][46] [3][46] [3][35] [3][22] [3][0] [4][0] [4][9] [4][13] [4][14] [4][22] [4][46] [5][46] [6][46] [6][39] [6][37] [6][39] [6][46] [7][46] [7][40] [7][22] [7][12] [7][7] [7][0] [8][0] [9][0] [9][12] [9][14] [9][12] [9][0] [8][0] [7][0] [6][0] [5][0] [5][17] [5][0] [4][0] [3][0] [2][0] [1][0] [0][0] [0][0] [0][0] 
[0][0] [0][0] [0][0] [0][24] [0][36] [0][40] [0][46] [1][46] [1][29] [1][46] [2][46] [3][46] [3][31] [3][46] [4][46] [4][45] [4][46] [5][46] [5][33] [5][18] [5][7] [5][0] [6][0] [6][9] [6][11] [6][27] [6][36] [6][46] [7][46] [8][46] [8][41] [8][37] [8][41] [8][46] [9][46] [9][24] [9][22] [9][15] [9][0] [8][0] [7][0] [7][5] [7][18] [7][5] [7][0] [6][0] [5][0] [4][0] [4][13] [4][0] [3][0] [2][0] [2][21] [2][0] [1][0] [1][6] [1][0] [0][0] 
[0][0] [0][0] [0][0] [0][4] [0][21] [0][4] [0][0] [1][0] [1][18] [1][43] [1][44] [1][46] [2][46] [2][23] [2][14] [2][0] [3][0] [3][3] [3][11] [3][18] [3][39] [3][41] [3][46] [4][46] [4][45] [4][46] [5][46] [5][43] [5][41] [5][43] [5][46] [6][46] [6][42] [6][12] [6][0] [7][0] [7][5] [7][0] [8][0] [8][1] [8][7] [8][1] [8][0] [9][0] [9][2] [9][0] [8][0] [7][0] [6][0] [5][0] [4][0] [3][0] [2][0] [1][0] [0][0] [0][0] [0][0] 
[0][0] [0][0] [0][0] [0][17] [0][25] [0][46] [1][46] [1][41] [1][39] [1][41] [1][46] [2][46] [3][46] [3][33] [3][46] [4][46] [4][42] [4][19] [4][7] [4][1] [4][0] [5][0] [5][2] [5][12] [5][27] [5][35] [5][46] [6][46] [6][26] [6][19] [6][10] [6][5] [6][0] [7][0] [8][0] [8][12] [8][21] [8][23] [8][21] [8][12] [8][0] [9][0] [9][13] [9][0] [8][0] [7][0] [6][0] [5][0] [4][0] [3][0] [2][0] [1][0] [1][8] [1][16] [1][8] [1][0] [0][0] 
[0][0] [0][0] [0][0] [0][6] [0][11] [0][29] [0][46] [1][46] [1][32] [1][17] [1][13] [1][0] [2][0] [2][6] [2][21] [2][6] [2][0] [3][0] [3][10] [3][0] [4][0] [4][22] [4][26] [4][32] [4][34] [4][39] [4][46] [5][46] [6][46] [7][46] [8][46] [8][34] [8][27] [8][34] [8][46] [9][46] [9][22] [9][11] [9][7] [9][0] [8][0] [7][0] [7][16] [7][0] [6][0] [6][3] [6][0] [5][0] [5][18] [5][0] [4][0] [3][0] [2][0] [1][0] [0][0] 
[0][0] [0][0] [0][0] [0][14] [0][0] [1][0] [1][24] [1][46] [2][46] [3][46] [3][43] [3][29] [3][10] [3][0] [4][0] [4][2] [4][12] [4][16] [4][25] [4][27] [4][44] [4][46] [5][46] [5][43] [5][28] [5][43] [5][46] [6][46] [6][45] [6][30] [6][14] [6][0] [7][0] [7][12] [7][0] [6][0] [5][0] [4][0] [3][0] [2][0] [2][2] [2][3] [2][18] [2][19] [2][22] [2][19] [2][18] [2][3] [2][2] [2][0] [1][0] [0][0] [0][0] [0][0] 
