9632
374.897
/home/fflorenci/jobprp_ga/reduced_instances/henn/abc2/reduced_warehouse_17.lyt
/home/fflorenci/jobprp_ga/reduced_instances/henn/abc2/reduced_warehouse_17l-60-30-0.ord
60
30
6
340
120
1
24 6 19 18 6 15 13 21 17 23 13 13 6 16 20 20 12 23 20 8 10 15 16 17 19 18 20 6 7 5 13 21 23 8 17 15 10 9 18 5 12 23 18 17 19 23 12 5 11 11 7 16 11 16 13 10 14 13 19 10 
31
4 37 55 29 
2 12 47 
22 1 50 
6 34 
56 53 
42 46 
5 30 
38 16 
11 8 
51 54 
58 59 
13 52 
25 40 
26 20 
24 48 
15 33 
14 39 
41 27 
44 49 
32 28 
7 19 
18 36 
43 57 
10 23 
35 21 
31 
3 
9 
0 
17 
45 
262
266
264
306
306
284
334
366
326
328
320
286
312
338
358
280
276
374
314
340
304
404
272
354
358
254
260
278
284
310
314
[0][0] [0][0] [0][0] [0][1] [0][5] [0][8] [0][9] [0][11] [0][13] [0][14] [0][20] [0][23] [0][30] [0][31] [0][34] [0][36] [0][42] [0][43] [0][46] [1][46] [2][46] [3][46] [4][46] [4][41] [4][46] [5][46] [6][46] [6][41] [6][46] [7][46] [8][46] [8][30] [8][24] [8][23] [8][24] [8][30] [8][46] [7][46] [7][40] [7][37] [7][34] [7][31] [7][23] [7][19] [7][2] [7][0] [6][0] [5][0] [4][0] [3][0] [3][3] [3][16] [3][3] [3][0] [2][0] [1][0] [0][0] 
[0][0] [0][0] [0][0] [0][3] [0][5] [0][7] [0][8] [0][10] [0][11] [0][13] [0][14] [0][16] [0][17] [0][21] [0][22] [0][25] [0][27] [0][29] [0][30] [0][32] [0][39] [0][44] [0][46] [1][46] [2][46] [3][46] [3][37] [3][46] [4][46] [5][46] [5][44] [5][46] [6][46] [7][46] [8][46] [9][46] [9][45] [9][43] [9][21] [9][0] [8][0] [7][0] [6][0] [5][0] [5][6] [5][0] [4][0] [4][3] [4][19] [4][28] [4][19] [4][3] [4][0] [3][0] [2][0] [1][0] [0][0] 
[0][0] [0][0] [0][0] [0][10] [0][11] [0][14] [0][20] [0][23] [0][24] [0][26] [0][27] [0][29] [0][32] [0][35] [0][36] [0][37] [0][38] [0][39] [0][40] [0][41] [0][42] [0][46] [1][46] [2][46] [3][46] [4][46] [5][46] [5][45] [5][33] [5][31] [5][33] [5][45] [5][46] [6][46] [7][46] [7][43] [7][39] [7][22] [7][12] [7][0] [8][0] [9][0] [9][19] [9][23] [9][19] [9][0] [8][0] [7][0] [6][0] [5][0] [5][5] [5][0] [4][0] [3][0] [2][0] [1][0] [0][0] 
[0][0] [0][0] [0][0] [0][2] [0][8] [0][11] [0][14] [0][17] [0][27] [0][28] [0][32] [0][34] [0][37] [0][38] [0][46] [1][46] [2][46] [3][46] [3][39] [3][46] [4][46] [4][20] [4][0] [5][0] [6][0] [6][5] [6][17] [6][26] [6][33] [6][42] [6][43] [6][46] [7][46] [7][42] [7][46] [8][46] [8][45] [8][35] [8][33] [8][21] [8][5] [8][2] [8][0] [9][0] [9][1] [9][2] [9][1] [9][0] [8][0] [7][0] [7][7] [7][0] [6][0] [5][0] [4][0] [3][0] [2][0] [1][0] [0][0] 
[0][0] [0][0] [0][0] [0][1] [0][10] [0][11] [0][12] [0][15] [0][17] [0][27] [0][28] [0][34] [0][38] [0][41] [0][44] [0][46] [1][46] [2][46] [3][46] [4][46] [4][36] [4][34] [4][33] [4][34] [4][36] [4][46] [5][46] [6][46] [6][33] [6][46] [7][46] [8][46] [8][38] [8][34] [8][38] [8][46] [9][46] [9][38] [9][30] [9][8] [9][7] [9][0] [8][0] [8][1] [8][0] [7][0] [7][11] [7][0] [6][0] [5][0] [5][8] [5][13] [5][8] [5][0] [4][0] [4][1] [4][0] [3][0] [3][2] [3][0] [2][0] [1][0] [0][0] 
[0][0] [0][0] [0][0] [0][1] [0][2] [0][7] [0][8] [0][11] [0][13] [0][14] [0][15] [0][17] [0][18] [0][22] [0][23] [0][28] [0][29] [0][39] [0][43] [0][45] [0][46] [1][46] [2][46] [3][46] [3][27] [3][46] [4][46] [4][35] [4][46] [5][46] [6][46] [7][46] [7][33] [7][31] [7][21] [7][16] [7][0] [8][0] [9][0] [9][9] [9][0] [8][0] [7][0] [6][0] [5][0] [5][3] [5][14] [5][15] [5][14] [5][3] [5][0] [4][0] [3][0] [2][0] [1][0] [0][0] 
[0][0] [0][0] [0][0] [0][1] [0][3] [0][4] [0][7] [0][10] [0][13] [0][16] [0][20] [0][24] [0][27] [0][32] [0][33] [0][46] [1][46] [2][46] [3][46] [3][34] [3][46] [4][46] [4][35] [4][28] [4][27] [4][0] [5][0] [5][12] [5][14] [5][24] [5][37] [5][46] [6][46] [6][39] [6][46] [7][46] [7][34] [7][25] [7][0] [8][0] [9][0] [9][8] [9][0] [8][0] [7][0] [6][0] [5][0] [4][0] [3][0] [3][5] [3][7] [3][5] [3][0] [2][0] [1][0] [0][0] 
[0][0] [0][0] [0][0] [0][3] [0][6] [0][8] [0][13] [0][15] [0][20] [0][23] [0][26] [0][27] [0][29] [0][35] [0][39] [0][41] [0][46] [1][46] [2][46] [3][46] [3][27] [3][15] [3][3] [3][1] [3][0] [4][0] [4][22] [4][0] [5][0] [5][18] [5][31] [5][40] [5][46] [6][46] [6][41] [6][46] [7][46] [8][46] [9][46] [9][28] [9][15] [9][4] [9][0] [8][0] [8][9] [8][0] [7][0] [7][12] [7][13] [7][12] [7][0] [6][0] [5][0] [4][0] [3][0] [2][0] [1][0] [0][0] 
[0][0] [0][0] [0][0] [0][2] [0][14] [0][20] [0][24] [0][26] [0][30] [0][32] [0][35] [0][40] [0][42] [0][46] [1][46] [2][46] [3][46] [3][31] [3][30] [3][18] [3][11] [3][7] [3][0] [4][0] [5][0] [5][11] [5][0] [6][0] [6][12] [6][16] [6][27] [6][29] [6][43] [6][46] [5][46] [5][45] [5][43] [5][39] [5][43] [5][45] [5][46] [6][46] [7][46] [8][46] [8][43] [8][41] [8][43] [8][46] [7][46] [7][21] [7][0] [8][0] [8][2] [8][0] [7][0] [6][0] [5][0] [4][0] [3][0] [2][0] [1][0] [0][0] 
[0][0] [0][0] [0][0] [0][1] [0][4] [0][8] [0][9] [0][10] [0][20] [0][23] [0][26] [0][28] [0][31] [0][32] [0][43] [0][45] [0][46] [1][46] [2][46] [3][46] [4][46] [4][37] [4][27] [4][19] [4][6] [4][0] [5][0] [5][16] [5][17] [5][21] [5][30] [5][38] [5][41] [5][45] [5][46] [6][46] [6][42] [6][46] [7][46] [7][37] [7][46] [8][46] [9][46] [9][18] [9][0] [8][0] [7][0] [6][0] [5][0] [4][0] [3][0] [3][18] [3][0] [2][0] [1][0] [0][0] 
[0][0] [0][0] [0][0] [0][1] [0][7] [0][8] [0][13] [0][16] [0][21] [0][26] [0][30] [0][31] [0][33] [0][37] [0][38] [0][43] [0][44] [0][46] [1][46] [2][46] [3][46] [3][36] [3][29] [3][23] [3][29] [3][36] [3][46] [4][46] [5][46] [5][41] [5][21] [5][18] [5][16] [5][0] [6][0] [6][19] [6][0] [7][0] [7][8] [7][21] [7][8] [7][0] [6][0] [5][0] [4][0] [4][7] [4][9] [4][18] [4][9] [4][7] [4][0] [3][0] [2][0] [1][0] [0][0] 
[0][0] [0][0] [0][0] [0][1] [0][3] [0][4] [0][5] [0][19] [0][22] [0][26] [0][28] [0][30] [0][31] [0][35] [0][36] [0][42] [0][43] [0][46] [1][46] [2][46] [3][46] [4][46] [5][46] [6][46] [7][46] [8][46] [9][46] [9][39] [9][33] [9][39] [9][46] [8][46] [7][46] [7][28] [7][13] [7][0] [8][0] [8][10] [8][0] [7][0] [6][0] [6][2] [6][0] [5][0] [4][0] [4][4] [4][14] [4][15] [4][19] [4][24] [4][19] [4][15] [4][14] [4][4] [4][0] [3][0] [2][0] [1][0] [0][0] 
[0][0] [0][0] [0][0] [0][5] [0][8] [0][9] [0][11] [0][25] [0][26] [0][31] [0][32] [0][33] [0][36] [0][39] [0][44] [0][46] [1][46] [2][46] [3][46] [3][30] [3][24] [3][20] [3][15] [3][12] [3][0] [4][0] [4][3] [4][28] [4][38] [4][46] [5][46] [5][43] [5][46] [6][46] [6][34] [6][14] [6][8] [6][7] [6][0] [7][0] [8][0] [9][0] [9][11] [9][15] [9][19] [9][15] [9][11] [9][0] [8][0] [7][0] [6][0] [5][0] [4][0] [3][0] [2][0] [1][0] [0][0] 
[0][0] [0][0] [0][0] [0][5] [0][9] [0][16] [0][21] [0][22] [0][23] [0][26] [0][27] [0][29] [0][33] [0][34] [0][43] [0][44] [0][46] [1][46] [2][46] [3][46] [4][46] [4][32] [4][31] [4][28] [4][8] [4][1] [4][0] [5][0] [6][0] [6][7] [6][11] [6][28] [6][39] [6][46] [7][46] [7][32] [7][46] [8][46] [8][32] [8][27] [8][32] [8][46] [9][46] [9][37] [9][19] [9][0] [8][0] [7][0] [7][2] [7][3] [7][2] [7][0] [6][0] [5][0] [4][0] [3][0] [2][0] [1][0] [0][0] 
[0][0] [0][0] [0][0] [0][1] [0][5] [0][9] [0][10] [0][14] [0][16] [0][17] [0][18] [0][21] [0][23] [0][24] [0][26] [0][28] [0][30] [0][38] [0][46] [1][46] [2][46] [3][46] [3][35] [3][22] [3][7] [3][0] [4][0] [4][8] [4][24] [4][31] [4][46] [5][46] [5][34] [5][46] [6][46] [7][46] [8][46] [9][46] [9][34] [9][31] [9][34] [9][46] [8][46] [8][30] [8][22] [8][0] [7][0] [6][0] [6][4] [6][12] [6][19] [6][12] [6][4] [6][0] [5][0] [4][0] [3][0] [2][0] [1][0] [0][0] 
[0][0] [0][0] [0][0] [0][3] [0][5] [0][7] [0][10] [0][11] [0][12] [0][14] [0][19] [0][21] [0][23] [0][26] [0][28] [0][36] [0][39] [0][41] [0][42] [0][44] [0][46] [1][46] [2][46] [3][46] [4][46] [5][46] [6][46] [7][46] [8][46] [8][44] [8][46] [9][46] [9][33] [9][46] [8][46] [7][46] [6][46] [5][46] [5][30] [5][27] [5][2] [5][0] [4][0] [4][8] [4][20] [4][25] [4][20] [4][8] [4][0] [3][0] [3][12] [3][0] [2][0] [1][0] [0][0] 
[0][0] [0][0] [0][0] [0][2] [0][7] [0][10] [0][11] [0][16] [0][18] [0][21] [0][23] [0][25] [0][26] [0][31] [0][33] [0][35] [0][36] [0][40] [0][46] [1][46] [2][46] [3][46] [4][46] [5][46] [6][46] [7][46] [8][46] [9][46] [9][42] [9][46] [8][46] [7][46] [6][46] [5][46] [5][36] [5][31] [5][26] [5][14] [5][11] [5][0] [6][0] [7][0] [7][14] [7][15] [7][14] [7][0] [6][0] [5][0] [4][0] [3][0] [3][15] [3][21] [3][15] [3][0] [2][0] [1][0] [0][0] 
[0][0] [0][0] [0][0] [0][1] [0][8] [0][19] [0][23] [0][24] [0][26] [0][31] [0][33] [0][37] [0][38] [0][42] [0][44] [0][45] [0][46] [1][46] [2][46] [3][46] [4][46] [4][39] [4][18] [4][5] [4][0] [5][0] [5][18] [5][23] [5][18] [5][0] [6][0] [6][15] [6][25] [6][34] [6][46] [7][46] [8][46] [9][46] [9][31] [9][46] [8][46] [8][41] [8][35] [8][12] [8][0] [7][0] [7][14] [7][0] [6][0] [5][0] [4][0] [3][0] [3][1] [3][0] [2][0] [1][0] [0][0] 
[0][0] [0][0] [0][0] [0][2] [0][6] [0][7] [0][11] [0][16] [0][17] [0][25] [0][26] [0][30] [0][32] [0][33] [0][39] [0][40] [0][43] [0][44] [0][46] [1][46] [2][46] [3][46] [3][40] [3][46] [4][46] [4][39] [4][46] [5][46] [6][46] [7][46] [7][29] [7][46] [8][46] [9][46] [9][26] [9][12] [9][5] [9][4] [9][2] [9][0] [8][0] [8][1] [8][5] [8][11] [8][20] [8][11] [8][5] [8][1] [8][0] [7][0] [7][6] [7][0] [6][0] [5][0] [5][14] [5][0] [4][0] [3][0] [2][0] [1][0] [0][0] 
[0][0] [0][0] [0][0] [0][1] [0][5] [0][6] [0][7] [0][13] [0][14] [0][18] [0][19] [0][29] [0][30] [0][37] [0][42] [0][46] [1][46] [2][46] [3][46] [4][46] [5][46] [5][43] [5][46] [6][46] [6][44] [6][41] [6][44] [6][46] [7][46] [8][46] [8][43] [8][40] [8][33] [8][40] [8][43] [8][46] [9][46] [9][40] [9][30] [9][18] [9][0] [8][0] [8][1] [8][0] [7][0] [7][7] [7][0] [6][0] [6][18] [6][19] [6][18] [6][0] [5][0] [5][14] [5][0] [4][0] [4][3] [4][0] [3][0] [3][13] [3][18] [3][13] [3][0] [2][0] [1][0] [0][0] 
[0][0] [0][0] [0][0] [0][1] [0][6] [0][13] [0][15] [0][17] [0][19] [0][21] [0][22] [0][23] [0][24] [0][26] [0][31] [0][35] [0][39] [0][40] [0][42] [0][44] [0][46] [1][46] [2][46] [3][46] [3][32] [3][24] [3][32] [3][46] [4][46] [5][46] [5][45] [5][46] [6][46] [6][33] [6][23] [6][33] [6][46] [7][46] [7][41] [7][30] [7][19] [7][16] [7][6] [7][0] [8][0] [9][0] [9][14] [9][19] [9][14] [9][0] [8][0] [7][0] [6][0] [5][0] [4][0] [3][0] [2][0] [1][0] [0][0] 
[0][0] [0][0] [0][0] [0][3] [0][19] [0][20] [0][22] [0][27] [0][30] [0][33] [0][37] [0][40] [0][43] [0][46] [1][46] [2][46] [3][46] [4][46] [4][41] [4][40] [4][41] [4][46] [5][46] [5][24] [5][23] [5][24] [5][46] [6][46] [6][33] [6][27] [6][14] [6][0] [7][0] [7][11] [7][17] [7][41] [7][46] [8][46] [8][45] [8][24] [8][45] [8][46] [9][46] [9][40] [9][26] [9][40] [9][46] [8][46] [7][46] [6][46] [5][46] [4][46] [3][46] [3][33] [3][30] [3][21] [3][5] [3][4] [3][0] [2][0] [1][0] [0][0] 
[0][0] [0][0] [0][0] [0][1] [0][2] [0][4] [0][6] [0][9] [0][10] [0][21] [0][23] [0][25] [0][26] [0][34] [0][37] [0][40] [0][42] [0][43] [0][44] [0][46] [1][46] [2][46] [3][46] [4][46] [5][46] [6][46] [6][42] [6][46] [7][46] [7][24] [7][46] [8][46] [9][46] [9][45] [9][46] [8][46] [8][40] [8][37] [8][14] [8][0] [9][0] [9][4] [9][5] [9][4] [9][0] [8][0] [7][0] [7][2] [7][0] [6][0] [6][8] [6][10] [6][8] [6][0] [5][0] [4][0] [3][0] [2][0] [1][0] [0][0] 
[0][0] [0][0] [0][0] [0][3] [0][4] [0][6] [0][7] [0][12] [0][21] [0][23] [0][29] [0][31] [0][35] [0][39] [0][41] [0][45] [0][46] [1][46] [2][46] [3][46] [4][46] [4][43] [4][46] [5][46] [6][46] [6][42] [6][27] [6][8] [6][0] [7][0] [7][23] [7][46] [8][46] [8][25] [8][46] [9][46] [9][43] [9][29] [9][25] [9][29] [9][43] [9][46] [8][46] [7][46] [6][46] [5][46] [4][46] [3][46] [3][36] [3][32] [3][27] [3][6] [3][0] [2][0] [1][0] [0][0] 
[0][0] [0][0] [0][0] [0][4] [0][10] [0][12] [0][13] [0][18] [0][20] [0][21] [0][22] [0][23] [0][27] [0][28] [0][35] [0][38] [0][46] [1][46] [2][46] [3][46] [3][34] [3][46] [4][46] [4][23] [4][17] [4][0] [5][0] [5][6] [5][10] [5][14] [5][34] [5][40] [5][46] [6][46] [6][32] [6][29] [6][32] [6][46] [7][46] [8][46] [8][37] [8][33] [8][23] [8][33] [8][37] [8][46] [7][46] [7][45] [7][27] [7][26] [7][20] [7][0] [6][0] [5][0] [4][0] [3][0] [2][0] [1][0] [0][0] 
[0][0] [0][0] [0][0] [0][1] [0][2] [0][5] [0][7] [0][22] [0][23] [0][32] [0][33] [0][36] [0][38] [0][39] [0][40] [0][41] [0][45] [0][46] [1][46] [2][46] [3][46] [4][46] [5][46] [6][46] [6][41] [6][46] [5][46] [4][46] [3][46] [3][39] [3][34] [3][25] [3][0] [4][0] [4][3] [4][13] [4][3] [4][0] [5][0] [6][0] [7][0] [8][0] [9][0] [9][5] [9][0] [8][0] [7][0] [6][0] [5][0] [4][0] [3][0] [2][0] [1][0] [0][0] 
[0][0] [0][0] [0][0] [0][6] [0][10] [0][16] [0][17] [0][18] [0][22] [0][29] [0][32] [0][34] [0][35] [0][36] [0][46] [1][46] [2][46] [3][46] [4][46] [5][46] [5][33] [5][46] [6][46] [7][46] [8][46] [8][27] [8][46] [9][46] [9][38] [9][46] [8][46] [7][46] [6][46] [6][22] [6][0] [5][0] [4][0] [3][0] [3][3] [3][0] [2][0] [1][0] [0][0] 
[0][0] [0][0] [0][0] [0][7] [0][10] [0][12] [0][15] [0][19] [0][22] [0][24] [0][25] [0][26] [0][32] [0][37] [0][46] [1][46] [2][46] [3][46] [4][46] [4][43] [4][46] [5][46] [5][42] [5][46] [6][46] [6][37] [6][46] [7][46] [8][46] [8][33] [8][46] [7][46] [7][43] [7][29] [7][8] [7][0] [8][0] [9][0] [9][10] [9][0] [8][0] [7][0] [6][0] [5][0] [5][7] [5][0] [4][0] [3][0] [3][2] [3][0] [2][0] [1][0] [0][0] 
[0][0] [0][0] [0][0] [0][2] [0][3] [0][5] [0][8] [0][9] [0][16] [0][20] [0][27] [0][35] [0][40] [0][43] [0][44] [0][46] [1][46] [2][46] [3][46] [4][46] [4][40] [4][28] [4][40] [4][46] [5][46] [5][34] [5][46] [6][46] [7][46] [8][46] [8][28] [8][23] [8][8] [8][7] [8][0] [9][0] [9][2] [9][0] [8][0] [7][0] [6][0] [5][0] [4][0] [3][0] [3][17] [3][22] [3][17] [3][0] [2][0] [1][0] [0][0] 
[0][0] [0][0] [0][0] [0][6] [0][8] [0][15] [0][17] [0][27] [0][30] [0][31] [0][32] [0][36] [0][43] [0][46] [1][46] [2][46] [3][46] [3][33] [3][46] [4][46] [4][40] [4][46] [5][46] [5][37] [5][46] [6][46] [7][46] [7][45] [7][33] [7][45] [7][46] [8][46] [8][22] [8][12] [8][0] [9][0] [9][6] [9][0] [8][0] [7][0] [6][0] [6][5] [6][0] [5][0] [4][0] [3][0] [3][14] [3][17] [3][14] [3][0] [2][0] [1][0] [0][0] 
[0][0] [0][0] [0][0] [0][5] [0][6] [0][29] [0][31] [0][34] [0][42] [0][43] [0][46] [1][46] [2][46] [3][46] [3][42] [3][39] [3][37] [3][27] [3][37] [3][39] [3][42] [3][46] [4][46] [4][44] [4][46] [5][46] [5][37] [5][46] [6][46] [7][46] [7][30] [7][46] [8][46] [9][46] [9][41] [9][40] [9][36] [9][19] [9][0] [8][0] [7][0] [7][8] [7][0] [6][0] [6][2] [6][9] [6][17] [6][9] [6][2] [6][0] [5][0] [4][0] [3][0] [2][0] [1][0] [0][0] 
