10552
617.685
/home/fflorenci/jobprp_ga/reduced_instances/henn/abc2/reduced_warehouse_54.lyt
/home/fflorenci/jobprp_ga/reduced_instances/henn/abc2/reduced_warehouse_54l-100-45-0.ord
100
45
15
340
120
1
22 8 12 14 9 7 9 8 23 20 6 15 21 22 14 19 9 13 19 6 8 14 22 22 18 15 20 9 11 6 19 5 23 7 6 6 22 10 15 21 15 8 18 10 12 7 6 12 19 11 19 5 12 18 11 8 10 10 11 20 16 21 9 16 20 9 5 12 7 14 5 7 20 16 15 15 23 6 24 6 23 24 23 14 9 7 20 11 12 18 5 14 20 9 24 9 20 13 19 7 
31
19 45 7 20 5 65 
62 10 51 57 79 95 
6 37 70 91 35 
43 34 47 93 55 
67 60 28 66 
52 24 33 29 
17 54 3 68 
16 87 21 41 
76 4 71 46 
89 18 90 
15 44 69 
38 73 97 
53 77 61 
40 48 56 
49 83 86 
75 32 99 
59 26 31 
50 25 84 
39 11 27 
63 58 42 
85 14 22 
2 12 88 
1 9 74 
98 78 
72 82 
36 80 
96 8 
13 23 
81 92 
30 94 
0 64 
214
322
296
306
308
330
378
322
342
358
390
344
404
338
364
348
346
386
406
304
360
336
334
252
326
344
372
394
260
366
402
[0][0] [0][0] [0][0] [0][1] [0][3] [0][5] [0][6] [0][10] [0][11] [0][13] [0][14] [0][15] [0][17] [0][18] [0][19] [0][20] [0][21] [0][23] [0][25] [0][27] [0][28] [0][31] [0][32] [0][36] [0][37] [0][38] [0][39] [0][40] [0][46] [1][46] [2][46] [3][46] [4][46] [5][46] [6][46] [7][46] [7][43] [7][32] [7][26] [7][16] [7][9] [7][0] [6][0] [6][4] [6][13] [6][25] [6][26] [6][27] [6][26] [6][25] [6][13] [6][4] [6][0] [5][0] [4][0] [3][0] [2][0] [1][0] [0][0] 
[0][0] [0][0] [0][0] [0][2] [0][3] [0][4] [0][5] [0][7] [0][12] [0][13] [0][19] [0][21] [0][22] [0][28] [0][31] [0][36] [0][39] [0][40] [0][42] [0][44] [0][46] [1][46] [2][46] [3][46] [4][46] [4][39] [4][35] [4][30] [4][21] [4][30] [4][35] [4][39] [4][46] [5][46] [6][46] [6][43] [6][46] [7][46] [7][43] [7][33] [7][30] [7][24] [7][17] [7][4] [7][0] [8][0] [9][0] [9][9] [9][14] [9][15] [9][16] [9][25] [9][44] [9][46] [8][46] [7][46] [6][46] [5][46] [4][46] [3][46] [3][36] [3][26] [3][17] [3][14] [3][9] [3][0] [2][0] [1][0] [0][0] 
[0][0] [0][0] [0][0] [0][2] [0][5] [0][7] [0][17] [0][20] [0][21] [0][22] [0][25] [0][31] [0][35] [0][37] [0][43] [0][45] [0][46] [1][46] [2][46] [3][46] [3][43] [3][36] [3][43] [3][46] [4][46] [4][36] [4][46] [5][46] [5][39] [5][36] [5][25] [5][16] [5][15] [5][9] [5][7] [5][3] [5][2] [5][0] [6][0] [7][0] [7][8] [7][21] [7][22] [7][27] [7][40] [7][41] [7][46] [8][46] [8][45] [8][41] [8][36] [8][30] [8][27] [8][26] [8][12] [8][7] [8][0] [7][0] [6][0] [5][0] [4][0] [3][0] [2][0] [1][0] [0][0] 
[0][0] [0][0] [0][0] [0][2] [0][5] [0][6] [0][8] [0][12] [0][15] [0][18] [0][19] [0][26] [0][27] [0][32] [0][33] [0][38] [0][39] [0][40] [0][45] [0][46] [1][46] [2][46] [3][46] [3][32] [3][30] [3][18] [3][12] [3][5] [3][0] [4][0] [4][4] [4][7] [4][17] [4][21] [4][36] [4][46] [5][46] [5][39] [5][36] [5][29] [5][27] [5][29] [5][36] [5][39] [5][46] [6][46] [7][46] [7][42] [7][46] [8][46] [8][44] [8][42] [8][33] [8][26] [8][14] [8][10] [8][2] [8][0] [7][0] [6][0] [6][2] [6][0] [5][0] [4][0] [3][0] [2][0] [1][0] [0][0] 
[0][0] [0][0] [0][0] [0][1] [0][2] [0][12] [0][14] [0][15] [0][24] [0][25] [0][28] [0][31] [0][32] [0][33] [0][36] [0][38] [0][40] [0][42] [0][43] [0][44] [0][46] [1][46] [2][46] [3][46] [3][42] [3][46] [4][46] [5][46] [6][46] [6][33] [6][29] [6][33] [6][46] [7][46] [7][41] [7][27] [7][26] [7][19] [7][10] [7][0] [8][0] [8][3] [8][8] [8][32] [8][43] [8][44] [8][46] [9][46] [9][43] [9][38] [9][16] [9][7] [9][0] [8][0] [7][0] [6][0] [5][0] [4][0] [3][0] [2][0] [1][0] [0][0] 
[0][0] [0][0] [0][0] [0][2] [0][4] [0][6] [0][7] [0][12] [0][17] [0][18] [0][19] [0][21] [0][22] [0][23] [0][24] [0][26] [0][28] [0][35] [0][36] [0][38] [0][39] [0][42] [0][43] [0][45] [0][46] [1][46] [2][46] [3][46] [4][46] [5][46] [5][44] [5][35] [5][33] [5][32] [5][33] [5][35] [5][44] [5][46] [6][46] [6][39] [6][35] [6][34] [6][33] [6][28] [6][33] [6][34] [6][35] [6][39] [6][46] [7][46] [8][46] [8][40] [8][34] [8][20] [8][17] [8][0] [9][0] [9][18] [9][20] [9][37] [9][46] [8][46] [7][46] [6][46] [5][46] [4][46] [3][46] [3][38] [3][30] [3][22] [3][10] [3][0] [2][0] [1][0] [0][0] 
[0][0] [0][0] [0][0] [0][5] [0][7] [0][11] [0][20] [0][24] [0][25] [0][27] [0][29] [0][30] [0][35] [0][37] [0][38] [0][41] [0][42] [0][44] [0][46] [1][46] [2][46] [3][46] [3][21] [3][19] [3][9] [3][7] [3][0] [4][0] [4][10] [4][11] [4][24] [4][35] [4][42] [4][46] [5][46] [5][42] [5][46] [6][46] [6][25] [6][1] [6][0] [7][0] [8][0] [8][22] [8][27] [8][28] [8][29] [8][43] [8][46] [9][46] [9][38] [9][29] [9][25] [9][24] [9][21] [9][14] [9][0] [8][0] [7][0] [6][0] [5][0] [5][7] [5][0] [4][0] [3][0] [2][0] [1][0] [0][0] 
[0][0] [0][0] [0][0] [0][2] [0][6] [0][10] [0][11] [0][12] [0][14] [0][15] [0][17] [0][18] [0][23] [0][25] [0][26] [0][27] [0][28] [0][29] [0][44] [0][45] [0][46] [1][46] [2][46] [3][46] [3][43] [3][46] [4][46] [4][35] [4][30] [4][27] [4][21] [4][27] [4][30] [4][35] [4][46] [5][46] [5][31] [5][24] [5][21] [5][20] [5][19] [5][0] [6][0] [7][0] [8][0] [8][8] [8][15] [8][18] [8][21] [8][39] [8][46] [9][46] [9][34] [9][20] [9][7] [9][4] [9][0] [8][0] [7][0] [6][0] [5][0] [4][0] [3][0] [2][0] [1][0] [0][0] 
[0][0] [0][0] [0][0] [0][3] [0][4] [0][10] [0][12] [0][13] [0][16] [0][18] [0][19] [0][20] [0][26] [0][33] [0][38] [0][41] [0][43] [0][46] [1][46] [2][46] [3][46] [4][46] [4][39] [4][30] [4][24] [4][20] [4][17] [4][1] [4][0] [5][0] [5][2] [5][4] [5][17] [5][24] [5][25] [5][40] [5][46] [6][46] [6][44] [6][43] [6][42] [6][35] [6][33] [6][26] [6][33] [6][35] [6][42] [6][43] [6][44] [6][46] [7][46] [7][41] [7][25] [7][13] [7][6] [7][4] [7][3] [7][0] [8][0] [8][4] [8][0] [7][0] [6][0] [5][0] [4][0] [3][0] [3][10] [3][18] [3][10] [3][0] [2][0] [1][0] [0][0] 
[0][0] [0][0] [0][0] [0][1] [0][3] [0][8] [0][17] [0][19] [0][20] [0][26] [0][27] [0][28] [0][29] [0][32] [0][34] [0][39] [0][41] [0][42] [0][44] [0][46] [1][46] [2][46] [3][46] [3][43] [3][37] [3][24] [3][21] [3][0] [4][0] [4][22] [4][31] [4][46] [5][46] [6][46] [7][46] [7][45] [7][46] [8][46] [8][40] [8][31] [8][40] [8][46] [9][46] [9][41] [9][40] [9][27] [9][18] [9][11] [9][0] [8][0] [8][3] [8][0] [7][0] [7][2] [7][8] [7][21] [7][8] [7][2] [7][0] [6][0] [6][2] [6][6] [6][2] [6][0] [5][0] [4][0] [3][0] [2][0] [1][0] [0][0] 
[0][0] [0][0] [0][0] [0][1] [0][2] [0][3] [0][5] [0][7] [0][10] [0][17] [0][19] [0][20] [0][22] [0][26] [0][27] [0][33] [0][36] [0][37] [0][39] [0][41] [0][42] [0][46] [1][46] [2][46] [3][46] [4][46] [4][39] [4][38] [4][21] [4][7] [4][0] [5][0] [5][7] [5][17] [5][19] [5][24] [5][27] [5][46] [6][46] [6][36] [6][32] [6][36] [6][46] [7][46] [8][46] [8][44] [8][33] [8][16] [8][0] [9][0] [9][7] [9][8] [9][11] [9][14] [9][18] [9][14] [9][11] [9][8] [9][7] [9][0] [8][0] [7][0] [7][10] [7][21] [7][26] [7][21] [7][10] [7][0] [6][0] [5][0] [4][0] [3][0] [3][3] [3][0] [2][0] [1][0] [0][0] 
[0][0] [0][0] [0][0] [0][3] [0][7] [0][8] [0][12] [0][13] [0][14] [0][15] [0][17] [0][18] [0][21] [0][26] [0][27] [0][31] [0][34] [0][37] [0][43] [0][44] [0][45] [0][46] [1][46] [2][46] [3][46] [4][46] [5][46] [5][45] [5][36] [5][35] [5][34] [5][35] [5][36] [5][45] [5][46] [6][46] [6][37] [6][27] [6][37] [6][46] [7][46] [7][29] [7][21] [7][0] [8][0] [9][0] [9][4] [9][5] [9][6] [9][8] [9][6] [9][5] [9][4] [9][0] [8][0] [8][22] [8][24] [8][26] [8][46] [7][46] [6][46] [5][46] [4][46] [4][27] [4][22] [4][17] [4][9] [4][7] [4][0] [3][0] [2][0] [1][0] [0][0] 
[0][0] [0][0] [0][0] [0][1] [0][10] [0][11] [0][15] [0][17] [0][19] [0][22] [0][31] [0][36] [0][38] [0][41] [0][44] [0][45] [0][46] [1][46] [2][46] [3][46] [3][44] [3][46] [4][46] [4][30] [4][17] [4][14] [4][12] [4][5] [4][0] [5][0] [5][18] [5][19] [5][31] [5][33] [5][37] [5][40] [5][46] [6][46] [6][32] [6][31] [6][18] [6][15] [6][0] [7][0] [7][22] [7][28] [7][36] [7][43] [7][46] [8][46] [9][46] [9][39] [9][38] [9][39] [9][46] [8][46] [8][35] [8][31] [8][30] [8][19] [8][0] [7][0] [6][0] [5][0] [4][0] [3][0] [3][7] [3][12] [3][14] [3][12] [3][7] [3][0] [2][0] [1][0] [0][0] 
[0][0] [0][0] [0][0] [0][4] [0][6] [0][7] [0][8] [0][9] [0][13] [0][17] [0][22] [0][26] [0][31] [0][32] [0][33] [0][37] [0][40] [0][42] [0][46] [1][46] [2][46] [3][46] [4][46] [4][43] [4][42] [4][37] [4][42] [4][43] [4][46] [5][46] [6][46] [6][31] [6][27] [6][24] [6][15] [6][9] [6][7] [6][6] [6][0] [7][0] [7][11] [7][17] [7][30] [7][31] [7][41] [7][46] [8][46] [9][46] [9][32] [9][30] [9][28] [9][2] [9][0] [8][0] [7][0] [6][0] [5][0] [5][3] [5][15] [5][16] [5][15] [5][3] [5][0] [4][0] [4][10] [4][0] [3][0] [2][0] [1][0] [0][0] 
[0][0] [0][0] [0][0] [0][3] [0][7] [0][9] [0][10] [0][12] [0][14] [0][15] [0][16] [0][18] [0][20] [0][24] [0][25] [0][27] [0][28] [0][33] [0][36] [0][37] [0][40] [0][44] [0][45] [0][46] [1][46] [2][46] [3][46] [3][45] [3][34] [3][26] [3][21] [3][26] [3][34] [3][45] [3][46] [4][46] [4][45] [4][34] [4][28] [4][34] [4][45] [4][46] [5][46] [5][41] [5][46] [6][46] [6][41] [6][35] [6][33] [6][35] [6][41] [6][46] [7][46] [8][46] [9][46] [9][31] [9][22] [9][19] [9][5] [9][0] [8][0] [8][4] [8][0] [7][0] [7][7] [7][15] [7][22] [7][24] [7][22] [7][15] [7][7] [7][0] [6][0] [6][3] [6][0] [5][0] [5][4] [5][0] [4][0] [3][0] [2][0] [1][0] [0][0] 
[0][0] [0][0] [0][0] [0][1] [0][3] [0][4] [0][5] [0][7] [0][9] [0][10] [0][15] [0][16] [0][18] [0][23] [0][24] [0][26] [0][27] [0][28] [0][30] [0][31] [0][32] [0][35] [0][41] [0][44] [0][46] [1][46] [2][46] [3][46] [4][46] [4][40] [4][34] [4][40] [4][46] [5][46] [5][31] [5][27] [5][17] [5][12] [5][3] [5][0] [6][0] [6][5] [6][19] [6][5] [6][0] [7][0] [7][5] [7][28] [7][29] [7][33] [7][46] [8][46] [8][42] [8][36] [8][42] [8][46] [9][46] [9][36] [9][20] [9][12] [9][2] [9][0] [8][0] [7][0] [6][0] [5][0] [4][0] [3][0] [2][0] [1][0] [0][0] 
[0][0] [0][0] [0][0] [0][1] [0][2] [0][4] [0][5] [0][15] [0][16] [0][17] [0][21] [0][26] [0][27] [0][33] [0][34] [0][35] [0][40] [0][41] [0][42] [0][43] [0][45] [0][46] [1][46] [2][46] [3][46] [3][42] [3][39] [3][31] [3][23] [3][16] [3][1] [3][0] [4][0] [4][17] [4][19] [4][25] [4][38] [4][46] [5][46] [5][36] [5][46] [6][46] [6][45] [6][35] [6][30] [6][35] [6][45] [6][46] [7][46] [7][32] [7][25] [7][11] [7][6] [7][0] [8][0] [8][1] [8][8] [8][15] [8][19] [8][15] [8][8] [8][1] [8][0] [7][0] [6][0] [5][0] [4][0] [3][0] [2][0] [1][0] [0][0] 
[0][0] [0][0] [0][0] [0][4] [0][6] [0][7] [0][9] [0][11] [0][12] [0][15] [0][17] [0][26] [0][28] [0][29] [0][30] [0][34] [0][35] [0][36] [0][40] [0][42] [0][46] [1][46] [2][46] [3][46] [3][42] [3][32] [3][29] [3][21] [3][10] [3][0] [4][0] [4][19] [4][27] [4][29] [4][30] [4][37] [4][46] [5][46] [5][28] [5][27] [5][28] [5][46] [6][46] [6][41] [6][39] [6][36] [6][31] [6][29] [6][13] [6][0] [7][0] [7][10] [7][22] [7][37] [7][46] [8][46] [8][43] [8][20] [8][14] [8][7] [8][0] [7][0] [6][0] [5][0] [4][0] [3][0] [2][0] [1][0] [0][0] 
[0][0] [0][0] [0][0] [0][4] [0][7] [0][9] [0][16] [0][18] [0][19] [0][22] [0][25] [0][27] [0][29] [0][35] [0][38] [0][40] [0][45] [0][46] [1][46] [2][46] [3][46] [4][46] [4][44] [4][46] [5][46] [5][42] [5][40] [5][31] [5][28] [5][27] [5][19] [5][11] [5][0] [6][0] [6][3] [6][9] [6][23] [6][46] [7][46] [7][41] [7][29] [7][7] [7][0] [8][0] [8][16] [8][22] [8][26] [8][41] [8][46] [9][46] [9][42] [9][29] [9][26] [9][20] [9][1] [9][0] [8][0] [7][0] [6][0] [5][0] [4][0] [3][0] [3][8] [3][12] [3][18] [3][22] [3][18] [3][12] [3][8] [3][0] [2][0] [1][0] [0][0] 
[0][0] [0][0] [0][0] [0][2] [0][4] [0][11] [0][12] [0][15] [0][16] [0][21] [0][22] [0][25] [0][27] [0][31] [0][32] [0][34] [0][35] [0][37] [0][39] [0][41] [0][43] [0][45] [0][46] [1][46] [2][46] [3][46] [4][46] [5][46] [5][36] [5][17] [5][0] [6][0] [6][8] [6][17] [6][29] [6][30] [6][31] [6][41] [6][44] [6][46] [7][46] [7][45] [7][46] [8][46] [8][27] [8][26] [8][13] [8][7] [8][3] [8][0] [7][0] [7][8] [7][19] [7][22] [7][19] [7][8] [7][0] [6][0] [5][0] [4][0] [3][0] [2][0] [1][0] [0][0] 
[0][0] [0][0] [0][0] [0][1] [0][3] [0][5] [0][7] [0][10] [0][14] [0][16] [0][22] [0][23] [0][25] [0][26] [0][29] [0][37] [0][40] [0][41] [0][43] [0][44] [0][46] [1][46] [2][46] [3][46] [3][44] [3][46] [4][46] [5][46] [5][44] [5][46] [6][46] [6][27] [6][24] [6][27] [6][46] [7][46] [7][24] [7][22] [7][15] [7][4] [7][3] [7][0] [8][0] [8][3] [8][0] [9][0] [9][21] [9][23] [9][26] [9][36] [9][42] [9][46] [8][46] [8][39] [8][46] [7][46] [6][46] [5][46] [4][46] [4][38] [4][37] [4][17] [4][15] [4][0] [3][0] [3][7] [3][13] [3][7] [3][0] [2][0] [1][0] [0][0] 
[0][0] [0][0] [0][0] [0][2] [0][4] [0][6] [0][9] [0][11] [0][13] [0][15] [0][22] [0][25] [0][26] [0][27] [0][30] [0][31] [0][33] [0][35] [0][37] [0][43] [0][44] [0][46] [1][46] [2][46] [3][46] [3][40] [3][38] [3][10] [3][4] [3][0] [4][0] [4][10] [4][26] [4][27] [4][30] [4][46] [5][46] [5][45] [5][43] [5][45] [5][46] [6][46] [7][46] [8][46] [8][33] [8][32] [8][33] [8][46] [9][46] [9][38] [9][46] [8][46] [7][46] [7][44] [7][25] [7][24] [7][20] [7][0] [6][0] [6][8] [6][10] [6][8] [6][0] [5][0] [5][1] [5][0] [4][0] [3][0] [2][0] [1][0] [0][0] 
[0][0] [0][0] [0][0] [0][2] [0][4] [0][6] [0][7] [0][8] [0][10] [0][13] [0][14] [0][15] [0][17] [0][19] [0][21] [0][22] [0][23] [0][30] [0][31] [0][32] [0][36] [0][38] [0][46] [1][46] [2][46] [3][46] [3][36] [3][27] [3][26] [3][18] [3][9] [3][7] [3][0] [4][0] [4][3] [4][0] [5][0] [5][15] [5][16] [5][23] [5][46] [6][46] [7][46] [7][42] [7][46] [6][46] [6][35] [6][24] [6][16] [6][15] [6][12] [6][0] [7][0] [7][4] [7][0] [8][0] [9][0] [9][4] [9][5] [9][17] [9][5] [9][4] [9][0] [8][0] [7][0] [6][0] [5][0] [4][0] [3][0] [2][0] [1][0] [0][0] 
[0][0] [0][0] [0][0] [0][4] [0][6] [0][7] [0][8] [0][9] [0][13] [0][14] [0][15] [0][16] [0][19] [0][24] [0][27] [0][28] [0][29] [0][30] [0][31] [0][32] [0][35] [0][37] [0][39] [0][41] [0][43] [0][44] [0][46] [1][46] [2][46] [3][46] [3][38] [3][27] [3][38] [3][46] [4][46] [5][46] [6][46] [6][44] [6][46] [7][46] [8][46] [8][44] [8][46] [9][46] [9][41] [9][39] [9][41] [9][46] [8][46] [7][46] [7][43] [7][41] [7][39] [7][24] [7][23] [7][0] [6][0] [5][0] [5][3] [5][10] [5][3] [5][0] [4][0] [3][0] [2][0] [1][0] [0][0] 
[0][0] [0][0] [0][0] [0][1] [0][4] [0][6] [0][7] [0][8] [0][10] [0][13] [0][17] [0][19] [0][23] [0][25] [0][27] [0][28] [0][31] [0][35] [0][36] [0][41] [0][46] [1][46] [2][46] [3][46] [4][46] [5][46] [5][44] [5][41] [5][29] [5][27] [5][29] [5][41] [5][44] [5][46] [6][46] [6][45] [6][43] [6][36] [6][23] [6][8] [6][0] [7][0] [8][0] [8][3] [8][12] [8][31] [8][36] [8][42] [8][43] [8][44] [8][46] [9][46] [9][41] [9][46] [8][46] [7][46] [7][45] [7][43] [7][39] [7][43] [7][45] [7][46] [6][46] [5][46] [4][46] [4][38] [4][26] [4][23] [4][3] [4][2] [4][0] [3][0] [2][0] [1][0] [0][0] 
[0][0] [0][0] [0][0] [0][1] [0][2] [0][5] [0][8] [0][11] [0][14] [0][20] [0][23] [0][25] [0][27] [0][29] [0][30] [0][33] [0][34] [0][37] [0][38] [0][39] [0][40] [0][43] [0][45] [0][46] [1][46] [2][46] [3][46] [3][42] [3][23] [3][6] [3][3] [3][0] [4][0] [4][3] [4][5] [4][6] [4][15] [4][19] [4][26] [4][46] [5][46] [6][46] [6][31] [6][26] [6][31] [6][46] [7][46] [8][46] [8][41] [8][37] [8][13] [8][1] [8][0] [7][0] [6][0] [6][1] [6][0] [5][0] [5][15] [5][16] [5][22] [5][16] [5][15] [5][0] [4][0] [3][0] [2][0] [1][0] [0][0] 
[0][0] [0][0] [0][0] [0][2] [0][4] [0][8] [0][9] [0][13] [0][14] [0][19] [0][20] [0][25] [0][34] [0][35] [0][40] [0][42] [0][44] [0][46] [1][46] [2][46] [3][46] [4][46] [5][46] [5][45] [5][46] [6][46] [6][41] [6][38] [6][34] [6][38] [6][41] [6][46] [7][46] [7][34] [7][31] [7][30] [7][31] [7][34] [7][46] [8][46] [8][39] [8][46] [9][46] [9][40] [9][31] [9][27] [9][10] [9][2] [9][0] [8][0] [8][1] [8][3] [8][10] [8][19] [8][10] [8][3] [8][1] [8][0] [7][0] [7][1] [7][0] [6][0] [6][8] [6][0] [5][0] [4][0] [4][5] [4][17] [4][19] [4][17] [4][5] [4][0] [3][0] [3][5] [3][10] [3][11] [3][17] [3][11] [3][10] [3][5] [3][0] [2][0] [1][0] [0][0] 
[0][0] [0][0] [0][0] [0][3] [0][7] [0][9] [0][11] [0][12] [0][13] [0][14] [0][18] [0][22] [0][23] [0][24] [0][32] [0][35] [0][36] [0][38] [0][40] [0][41] [0][43] [0][44] [0][46] [1][46] [2][46] [3][46] [3][36] [3][35] [3][36] [3][46] [4][46] [4][33] [4][23] [4][33] [4][46] [5][46] [5][40] [5][29] [5][24] [5][20] [5][0] [6][0] [6][17] [6][22] [6][41] [6][46] [7][46] [8][46] [9][46] [9][43] [9][41] [9][21] [9][17] [9][4] [9][0] [8][0] [8][10] [8][0] [7][0] [7][5] [7][6] [7][20] [7][6] [7][5] [7][0] [6][0] [5][0] [4][0] [3][0] [2][0] [1][0] [0][0] 
[0][0] [0][0] [0][0] [0][3] [0][5] [0][7] [0][8] [0][11] [0][12] [0][14] [0][15] [0][16] [0][17] [0][21] [0][22] [0][23] [0][29] [0][31] [0][33] [0][34] [0][36] [0][37] [0][38] [0][43] [0][46] [1][46] [2][46] [3][46] [3][32] [3][31] [3][19] [3][18] [3][9] [3][7] [3][6] [3][1] [3][0] [4][0] [4][2] [4][23] [4][46] [5][46] [6][46] [7][46] [8][46] [8][45] [8][46] [7][46] [6][46] [5][46] [5][38] [5][34] [5][30] [5][26] [5][0] [4][0] [3][0] [2][0] [1][0] [0][0] 
[0][0] [0][0] [0][0] [0][1] [0][2] [0][9] [0][15] [0][16] [0][20] [0][21] [0][22] [0][28] [0][30] [0][32] [0][39] [0][43] [0][44] [0][45] [0][46] [1][46] [2][46] [3][46] [3][44] [3][46] [4][46] [4][40] [4][34] [4][23] [4][19] [4][13] [4][6] [4][0] [5][0] [5][4] [5][0] [6][0] [6][1] [6][2] [6][4] [6][2] [6][1] [6][0] [7][0] [7][15] [7][25] [7][35] [7][46] [6][46] [6][44] [6][46] [7][46] [8][46] [9][46] [9][44] [9][46] [8][46] [8][43] [8][42] [8][34] [8][24] [8][21] [8][20] [8][0] [9][0] [9][10] [9][11] [9][10] [9][0] [8][0] [7][0] [6][0] [5][0] [4][0] [3][0] [3][6] [3][13] [3][16] [3][13] [3][6] [3][0] [2][0] [1][0] [0][0] 
[0][0] [0][0] [0][0] [0][3] [0][4] [0][5] [0][7] [0][8] [0][11] [0][14] [0][15] [0][16] [0][18] [0][19] [0][20] [0][21] [0][25] [0][30] [0][43] [0][44] [0][45] [0][46] [1][46] [2][46] [3][46] [3][39] [3][20] [3][8] [3][0] [4][0] [4][5] [4][0] [5][0] [5][5] [5][20] [5][39] [5][42] [5][43] [5][46] [4][46] [4][44] [4][46] [5][46] [6][46] [6][41] [6][34] [6][29] [6][34] [6][41] [6][46] [7][46] [7][43] [7][46] [8][46] [8][33] [8][28] [8][26] [8][28] [8][33] [8][46] [9][46] [9][40] [9][23] [9][9] [9][0] [8][0] [8][3] [8][0] [7][0] [7][7] [7][15] [7][7] [7][0] [6][0] [5][0] [4][0] [3][0] [2][0] [1][0] [0][0] 
