6850
443.707
/home/fflorenci/jobprp_ga/reduced_instances/henn/abc2/reduced_warehouse_47.lyt
/home/fflorenci/jobprp_ga/reduced_instances/henn/abc2/reduced_warehouse_47l-80-60-0.ord
80
60
19
340
120
1
10 7 15 12 7 13 16 16 21 22 14 13 11 15 23 20 23 23 12 7 17 11 14 7 6 15 11 11 19 24 19 24 6 18 7 14 13 6 16 19 12 23 8 10 8 12 10 17 11 8 12 5 8 21 20 6 20 17 15 17 12 14 22 22 23 8 12 21 14 21 12 5 21 14 14 21 10 14 11 23 
20
19 49 33 4 71 23 32 
51 76 24 36 6 44 
55 1 21 40 43 77 
27 25 7 0 42 
37 39 50 35 34 
20 18 26 45 52 
3 61 13 48 65 
68 75 73 12 
14 70 60 11 
66 16 2 46 
38 8 9 
47 15 74 
72 22 56 
30 59 64 
17 28 10 
62 69 57 
31 54 78 
67 79 5 
58 63 53 
29 41 
278
276
268
324
312
358
414
338
344
346
326
270
378
382
430
416
342
342
362
344
[0][0] [0][0] [0][0] [0][1] [0][2] [0][4] [0][6] [0][7] [0][8] [0][9] [0][11] [0][12] [0][13] [0][15] [0][18] [0][19] [0][20] [0][21] [0][25] [0][27] [0][30] [0][32] [0][33] [0][35] [0][36] [0][37] [0][39] [0][40] [0][41] [0][43] [0][44] [0][46] [1][46] [2][46] [3][46] [4][46] [5][46] [6][46] [6][43] [6][40] [6][37] [6][28] [6][24] [6][22] [6][18] [6][4] [6][1] [6][0] [7][0] [7][18] [7][19] [7][35] [7][38] [7][46] [8][46] [9][46] [9][43] [9][41] [9][43] [9][46] [8][46] [8][32] [8][31] [8][24] [8][21] [8][0] [7][0] [6][0] [5][0] [4][0] [3][0] [2][0] [1][0] [0][0] 
[0][0] [0][0] [0][0] [0][3] [0][4] [0][5] [0][6] [0][7] [0][8] [0][9] [0][10] [0][11] [0][14] [0][15] [0][16] [0][18] [0][19] [0][23] [0][28] [0][29] [0][30] [0][32] [0][34] [0][35] [0][39] [0][42] [0][43] [0][44] [0][46] [1][46] [2][46] [3][46] [3][42] [3][34] [3][42] [3][46] [4][46] [5][46] [5][45] [5][43] [5][39] [5][38] [5][39] [5][43] [5][45] [5][46] [6][46] [7][46] [8][46] [9][46] [9][44] [9][32] [9][31] [9][23] [9][17] [9][15] [9][13] [9][9] [9][5] [9][0] [8][0] [8][5] [8][7] [8][10] [8][14] [8][22] [8][14] [8][10] [8][7] [8][5] [8][0] [7][0] [6][0] [6][4] [6][7] [6][4] [6][0] [5][0] [4][0] [4][1] [4][0] [3][0] [2][0] [1][0] [0][0] 
[0][0] [0][0] [0][0] [0][3] [0][4] [0][10] [0][11] [0][14] [0][15] [0][16] [0][17] [0][19] [0][20] [0][21] [0][22] [0][23] [0][26] [0][27] [0][28] [0][29] [0][30] [0][33] [0][34] [0][35] [0][36] [0][38] [0][39] [0][43] [0][46] [1][46] [2][46] [3][46] [4][46] [4][40] [4][16] [4][6] [4][5] [4][0] [5][0] [6][0] [7][0] [7][22] [7][27] [7][37] [7][40] [7][46] [8][46] [9][46] [9][31] [9][28] [9][19] [9][18] [9][17] [9][11] [9][2] [9][0] [8][0] [7][0] [6][0] [5][0] [4][0] [3][0] [2][0] [1][0] [0][0] 
[0][0] [0][0] [0][0] [0][1] [0][6] [0][8] [0][11] [0][12] [0][13] [0][19] [0][21] [0][23] [0][25] [0][27] [0][31] [0][33] [0][34] [0][35] [0][37] [0][38] [0][39] [0][40] [0][41] [0][42] [0][45] [0][46] [1][46] [2][46] [3][46] [3][45] [3][37] [3][26] [3][20] [3][18] [3][16] [3][7] [3][0] [4][0] [5][0] [5][3] [5][27] [5][33] [5][37] [5][40] [5][43] [5][44] [5][46] [6][46] [6][40] [6][46] [7][46] [7][34] [7][32] [7][26] [7][23] [7][11] [7][0] [8][0] [8][3] [8][6] [8][8] [8][6] [8][3] [8][0] [7][0] [6][0] [6][3] [6][19] [6][3] [6][0] [5][0] [4][0] [3][0] [2][0] [1][0] [0][0] 
[0][0] [0][0] [0][0] [0][1] [0][3] [0][4] [0][5] [0][6] [0][8] [0][13] [0][15] [0][16] [0][17] [0][18] [0][19] [0][23] [0][25] [0][26] [0][29] [0][30] [0][31] [0][32] [0][33] [0][38] [0][41] [0][43] [0][46] [1][46] [2][46] [3][46] [4][46] [4][45] [4][46] [5][46] [5][45] [5][44] [5][43] [5][36] [5][34] [5][36] [5][43] [5][44] [5][45] [5][46] [6][46] [7][46] [8][46] [8][44] [8][42] [8][37] [8][31] [8][29] [8][28] [8][26] [8][18] [8][16] [8][9] [8][7] [8][6] [8][0] [9][0] [9][4] [9][9] [9][13] [9][9] [9][4] [9][0] [8][0] [7][0] [7][2] [7][0] [6][0] [6][5] [6][0] [5][0] [4][0] [4][5] [4][0] [3][0] [3][3] [3][10] [3][19] [3][30] [3][19] [3][10] [3][3] [3][0] [2][0] [1][0] [0][0] 
[0][0] [0][0] [0][0] [0][2] [0][3] [0][4] [0][5] [0][6] [0][8] [0][10] [0][13] [0][15] [0][16] [0][19] [0][22] [0][23] [0][25] [0][26] [0][27] [0][28] [0][29] [0][32] [0][34] [0][39] [0][41] [0][43] [0][45] [0][46] [1][46] [2][46] [3][46] [4][46] [4][35] [4][46] [5][46] [5][44] [5][40] [5][36] [5][35] [5][31] [5][21] [5][10] [5][0] [6][0] [6][4] [6][5] [6][12] [6][13] [6][24] [6][28] [6][30] [6][45] [6][46] [7][46] [7][37] [7][20] [7][37] [7][46] [8][46] [8][32] [8][31] [8][28] [8][19] [8][14] [8][13] [8][12] [8][3] [8][0] [7][0] [6][0] [5][0] [4][0] [3][0] [3][6] [3][8] [3][14] [3][8] [3][6] [3][0] [2][0] [1][0] [0][0] 
[0][0] [0][0] [0][0] [0][3] [0][5] [0][7] [0][8] [0][10] [0][12] [0][16] [0][18] [0][20] [0][24] [0][25] [0][28] [0][29] [0][31] [0][32] [0][33] [0][36] [0][38] [0][39] [0][41] [0][42] [0][43] [0][44] [0][46] [1][46] [2][46] [3][46] [4][46] [4][45] [4][42] [4][37] [4][42] [4][45] [4][46] [5][46] [5][38] [5][27] [5][12] [5][3] [5][0] [6][0] [7][0] [7][1] [7][14] [7][19] [7][14] [7][1] [7][0] [8][0] [8][25] [8][27] [8][41] [8][46] [9][46] [9][24] [9][19] [9][18] [9][14] [9][11] [9][0] [8][0] [7][0] [6][0] [6][20] [6][28] [6][33] [6][36] [6][46] [5][46] [4][46] [3][46] [3][42] [3][41] [3][24] [3][21] [3][20] [3][18] [3][10] [3][0] [2][0] [1][0] [0][0] 
[0][0] [0][0] [0][0] [0][1] [0][2] [0][3] [0][9] [0][10] [0][11] [0][12] [0][14] [0][15] [0][16] [0][18] [0][20] [0][26] [0][29] [0][31] [0][32] [0][36] [0][38] [0][41] [0][42] [0][44] [0][46] [1][46] [2][46] [3][46] [3][42] [3][41] [3][30] [3][41] [3][42] [3][46] [4][46] [4][45] [4][39] [4][37] [4][34] [4][30] [4][15] [4][14] [4][9] [4][6] [4][4] [4][0] [5][0] [5][1] [5][6] [5][1] [5][0] [6][0] [6][6] [6][10] [6][16] [6][21] [6][22] [6][24] [6][28] [6][35] [6][46] [7][46] [7][39] [7][37] [7][39] [7][46] [8][46] [8][41] [8][46] [9][46] [9][27] [9][15] [9][13] [9][7] [9][4] [9][1] [9][0] [8][0] [7][0] [7][1] [7][0] [6][0] [5][0] [4][0] [3][0] [2][0] [1][0] [0][0] 
[0][0] [0][0] [0][0] [0][1] [0][4] [0][9] [0][10] [0][12] [0][13] [0][17] [0][19] [0][20] [0][21] [0][22] [0][24] [0][25] [0][30] [0][31] [0][33] [0][34] [0][35] [0][36] [0][37] [0][40] [0][41] [0][43] [0][44] [0][45] [0][46] [1][46] [2][46] [3][46] [3][38] [3][36] [3][18] [3][16] [3][15] [3][13] [3][0] [4][0] [4][5] [4][8] [4][14] [4][28] [4][31] [4][44] [4][46] [5][46] [6][46] [7][46] [8][46] [8][39] [8][34] [8][14] [8][0] [7][0] [7][23] [7][0] [6][0] [5][0] [5][4] [5][5] [5][6] [5][8] [5][9] [5][20] [5][9] [5][8] [5][6] [5][5] [5][4] [5][0] [4][0] [3][0] [2][0] [1][0] [0][0] 
[0][0] [0][0] [0][0] [0][2] [0][3] [0][4] [0][7] [0][10] [0][11] [0][13] [0][14] [0][17] [0][18] [0][19] [0][20] [0][24] [0][26] [0][27] [0][31] [0][32] [0][34] [0][36] [0][37] [0][38] [0][39] [0][40] [0][42] [0][43] [0][46] [1][46] [2][46] [3][46] [3][43] [3][46] [4][46] [4][44] [4][39] [4][36] [4][39] [4][44] [4][46] [5][46] [5][44] [5][46] [6][46] [6][39] [6][36] [6][35] [6][36] [6][39] [6][46] [7][46] [7][40] [7][38] [7][36] [7][38] [7][40] [7][46] [8][46] [9][46] [9][32] [9][27] [9][21] [9][19] [9][16] [9][0] [8][0] [8][8] [8][13] [8][16] [8][17] [8][16] [8][13] [8][8] [8][0] [7][0] [7][14] [7][0] [6][0] [5][0] [5][9] [5][0] [4][0] [4][8] [4][12] [4][8] [4][0] [3][0] [2][0] [1][0] [0][0] 
[0][0] [0][0] [0][0] [0][1] [0][2] [0][3] [0][8] [0][9] [0][10] [0][12] [0][13] [0][15] [0][17] [0][20] [0][21] [0][23] [0][24] [0][32] [0][35] [0][36] [0][37] [0][38] [0][40] [0][42] [0][45] [0][46] [1][46] [2][46] [3][46] [3][39] [3][46] [4][46] [4][44] [4][42] [4][39] [4][42] [4][44] [4][46] [5][46] [5][45] [5][44] [5][45] [5][46] [6][46] [6][44] [6][31] [6][18] [6][15] [6][0] [7][0] [7][5] [7][0] [8][0] [8][16] [8][18] [8][23] [8][46] [9][46] [9][43] [9][37] [9][33] [9][23] [9][20] [9][16] [9][10] [9][9] [9][0] [8][0] [7][0] [6][0] [5][0] [5][2] [5][3] [5][4] [5][7] [5][4] [5][3] [5][2] [5][0] [4][0] [4][3] [4][0] [3][0] [2][0] [1][0] [0][0] 
[0][0] [0][0] [0][0] [0][1] [0][2] [0][6] [0][7] [0][8] [0][12] [0][13] [0][14] [0][15] [0][19] [0][20] [0][21] [0][22] [0][25] [0][28] [0][29] [0][31] [0][32] [0][33] [0][34] [0][36] [0][39] [0][40] [0][42] [0][43] [0][46] [1][46] [2][46] [3][46] [4][46] [4][43] [4][46] [5][46] [6][46] [7][46] [7][42] [7][40] [7][42] [7][46] [8][46] [8][45] [8][41] [8][37] [8][24] [8][37] [8][41] [8][45] [8][46] [9][46] [9][40] [9][33] [9][24] [9][17] [9][13] [9][2] [9][0] [8][0] [7][0] [6][0] [6][3] [6][0] [5][0] [5][4] [5][0] [4][0] [4][3] [4][0] [3][0] [3][3] [3][7] [3][3] [3][0] [2][0] [1][0] [0][0] 
[0][0] [0][0] [0][0] [0][1] [0][2] [0][5] [0][8] [0][13] [0][14] [0][17] [0][19] [0][20] [0][22] [0][23] [0][25] [0][26] [0][27] [0][29] [0][30] [0][33] [0][34] [0][39] [0][40] [0][42] [0][44] [0][46] [1][46] [2][46] [3][46] [4][46] [4][41] [4][27] [4][6] [4][5] [4][0] [5][0] [5][6] [5][9] [5][26] [5][28] [5][30] [5][32] [5][42] [5][46] [6][46] [6][42] [6][36] [6][42] [6][46] [7][46] [7][41] [7][38] [7][25] [7][24] [7][22] [7][0] [8][0] [8][10] [8][21] [8][23] [8][27] [8][46] [9][46] [9][43] [9][21] [9][14] [9][7] [9][6] [9][0] [8][0] [7][0] [6][0] [5][0] [4][0] [3][0] [2][0] [1][0] [0][0] 
[0][0] [0][0] [0][0] [0][4] [0][5] [0][6] [0][8] [0][12] [0][16] [0][17] [0][19] [0][20] [0][22] [0][24] [0][25] [0][27] [0][30] [0][33] [0][37] [0][40] [0][42] [0][46] [1][46] [2][46] [3][46] [3][38] [3][35] [3][34] [3][35] [3][38] [3][46] [4][46] [4][45] [4][36] [4][34] [4][31] [4][22] [4][21] [4][16] [4][13] [4][3] [4][0] [5][0] [5][3] [5][5] [5][12] [5][21] [5][22] [5][46] [6][46] [6][39] [6][30] [6][23] [6][15] [6][14] [6][13] [6][9] [6][0] [7][0] [7][3] [7][14] [7][15] [7][20] [7][24] [7][27] [7][35] [7][36] [7][46] [8][46] [9][46] [9][34] [9][19] [9][8] [9][0] [8][0] [7][0] [6][0] [5][0] [4][0] [3][0] [2][0] [1][0] [0][0] 
[0][0] [0][0] [0][0] [0][3] [0][4] [0][11] [0][13] [0][14] [0][15] [0][16] [0][21] [0][22] [0][24] [0][25] [0][27] [0][28] [0][29] [0][35] [0][38] [0][39] [0][41] [0][45] [0][46] [1][46] [2][46] [3][46] [3][42] [3][28] [3][20] [3][17] [3][3] [3][0] [4][0] [4][20] [4][25] [4][28] [4][37] [4][39] [4][46] [5][46] [5][41] [5][34] [5][28] [5][12] [5][0] [6][0] [6][12] [6][24] [6][25] [6][28] [6][36] [6][40] [6][46] [7][46] [7][44] [7][31] [7][28] [7][31] [7][44] [7][46] [8][46] [8][28] [8][24] [8][23] [8][20] [8][15] [8][0] [9][0] [9][2] [9][18] [9][2] [9][0] [8][0] [7][0] [6][0] [5][0] [4][0] [3][0] [2][0] [1][0] [0][0] 
[0][0] [0][0] [0][0] [0][1] [0][9] [0][12] [0][13] [0][17] [0][18] [0][19] [0][21] [0][25] [0][27] [0][28] [0][30] [0][32] [0][33] [0][36] [0][38] [0][42] [0][43] [0][46] [1][46] [2][46] [3][46] [4][46] [4][39] [4][28] [4][27] [4][15] [4][0] [5][0] [5][9] [5][21] [5][32] [5][46] [6][46] [6][42] [6][46] [7][46] [7][44] [7][41] [7][22] [7][0] [8][0] [8][1] [8][13] [8][18] [8][22] [8][23] [8][27] [8][31] [8][46] [9][46] [9][43] [9][41] [9][38] [9][18] [9][11] [9][7] [9][5] [9][0] [8][0] [7][0] [6][0] [6][4] [6][9] [6][4] [6][0] [5][0] [4][0] [3][0] [3][16] [3][0] [2][0] [1][0] [0][0] 
[0][0] [0][0] [0][0] [0][1] [0][3] [0][4] [0][6] [0][7] [0][9] [0][10] [0][11] [0][14] [0][19] [0][20] [0][22] [0][24] [0][27] [0][29] [0][30] [0][32] [0][33] [0][39] [0][40] [0][41] [0][42] [0][44] [0][45] [0][46] [1][46] [2][46] [3][46] [4][46] [5][46] [5][41] [5][26] [5][25] [5][26] [5][41] [5][46] [6][46] [6][29] [6][23] [6][14] [6][5] [6][0] [7][0] [8][0] [8][10] [8][12] [8][18] [8][21] [8][18] [8][12] [8][10] [8][0] [7][0] [7][18] [7][20] [7][28] [7][46] [6][46] [5][46] [4][46] [4][45] [4][41] [4][24] [4][22] [4][12] [4][4] [4][0] [3][0] [2][0] [1][0] [0][0] 
[0][0] [0][0] [0][0] [0][1] [0][4] [0][5] [0][6] [0][8] [0][9] [0][11] [0][12] [0][13] [0][14] [0][16] [0][19] [0][21] [0][23] [0][24] [0][25] [0][28] [0][32] [0][33] [0][37] [0][39] [0][41] [0][44] [0][46] [1][46] [2][46] [3][46] [3][40] [3][39] [3][40] [3][46] [4][46] [4][33] [4][32] [4][29] [4][32] [4][33] [4][46] [5][46] [5][33] [5][32] [5][29] [5][27] [5][21] [5][7] [5][0] [6][0] [6][29] [6][34] [6][37] [6][46] [7][46] [8][46] [9][46] [9][43] [9][39] [9][43] [9][46] [8][46] [7][46] [7][38] [7][28] [7][27] [7][24] [7][23] [7][16] [7][5] [7][1] [7][0] [6][0] [5][0] [4][0] [3][0] [3][8] [3][0] [2][0] [1][0] [0][0] 
[0][0] [0][0] [0][0] [0][1] [0][3] [0][5] [0][6] [0][8] [0][13] [0][17] [0][18] [0][23] [0][24] [0][26] [0][27] [0][29] [0][30] [0][32] [0][35] [0][39] [0][42] [0][45] [0][46] [1][46] [2][46] [3][46] [3][45] [3][43] [3][42] [3][38] [3][31] [3][30] [3][23] [3][16] [3][3] [3][0] [4][0] [4][1] [4][0] [5][0] [5][3] [5][14] [5][16] [5][25] [5][46] [6][46] [6][41] [6][30] [6][14] [6][2] [6][0] [7][0] [7][3] [7][17] [7][19] [7][22] [7][23] [7][32] [7][35] [7][36] [7][38] [7][46] [8][46] [9][46] [9][33] [9][22] [9][17] [9][4] [9][0] [8][0] [7][0] [6][0] [5][0] [4][0] [3][0] [2][0] [1][0] [0][0] 
[0][0] [0][0] [0][0] [0][1] [0][2] [0][6] [0][8] [0][9] [0][10] [0][11] [0][12] [0][13] [0][14] [0][15] [0][19] [0][20] [0][26] [0][28] [0][29] [0][30] [0][32] [0][33] [0][34] [0][39] [0][44] [0][45] [0][46] [1][46] [2][46] [3][46] [3][41] [3][33] [3][41] [3][46] [4][46] [4][39] [4][46] [5][46] [5][44] [5][41] [5][44] [5][46] [6][46] [7][46] [7][19] [7][16] [7][8] [7][6] [7][0] [8][0] [8][6] [8][18] [8][28] [8][46] [9][46] [9][45] [9][36] [9][24] [9][21] [9][3] [9][0] [8][0] [7][0] [6][0] [6][6] [6][15] [6][6] [6][0] [5][0] [4][0] [3][0] [2][0] [1][0] [0][0] 
