7196
329.172
/home/fflorenci/jobprp_ga/reduced_instances/henn/abc2/reduced_warehouse_18.lyt
/home/fflorenci/jobprp_ga/reduced_instances/henn/abc2/reduced_warehouse_18l-60-45-0.ord
60
45
10
340
120
1
22 18 21 12 16 5 7 21 12 12 11 5 11 12 12 21 16 20 19 24 22 13 12 16 17 21 7 12 8 22 23 5 12 6 13 19 19 21 24 20 20 5 7 12 9 17 15 8 23 7 23 24 23 11 20 11 20 15 13 22 
21
12 11 10 8 33 
35 42 43 26 
24 6 34 5 
13 58 28 3 
25 53 47 31 
23 40 49 
15 46 44 
16 55 57 
1 9 22 
7 27 32 
50 41 4 
56 14 21 
30 39 
0 18 
37 48 
19 36 
51 54 
20 29 
17 2 
52 59 
38 45 
264
314
280
334
352
324
376
352
344
348
306
352
324
342
362
364
366
338
386
348
420
[0][0] [0][0] [0][0] [0][1] [0][2] [0][4] [0][6] [0][8] [0][10] [0][13] [0][15] [0][16] [0][17] [0][19] [0][20] [0][27] [0][28] [0][30] [0][32] [0][33] [0][34] [0][35] [0][36] [0][38] [0][39] [0][41] [0][43] [0][46] [1][46] [2][46] [3][46] [3][34] [3][46] [4][46] [5][46] [6][46] [6][43] [6][41] [6][29] [6][21] [6][15] [6][11] [6][7] [6][0] [7][0] [7][10] [7][19] [7][20] [7][19] [7][10] [7][0] [8][0] [8][6] [8][10] [8][6] [8][0] [7][0] [6][0] [5][0] [5][6] [5][0] [4][0] [3][0] [2][0] [1][0] [0][0] 
[0][0] [0][0] [0][0] [0][2] [0][3] [0][4] [0][6] [0][10] [0][13] [0][17] [0][18] [0][21] [0][22] [0][25] [0][27] [0][28] [0][30] [0][31] [0][33] [0][34] [0][39] [0][42] [0][44] [0][45] [0][46] [1][46] [2][46] [3][46] [4][46] [4][40] [4][39] [4][23] [4][22] [4][19] [4][13] [4][6] [4][3] [4][0] [5][0] [6][0] [7][0] [7][7] [7][24] [7][30] [7][34] [7][46] [8][46] [9][46] [9][34] [9][32] [9][26] [9][23] [9][7] [9][0] [8][0] [8][8] [8][22] [8][8] [8][0] [7][0] [6][0] [5][0] [4][0] [3][0] [2][0] [1][0] [0][0] 
[0][0] [0][0] [0][0] [0][1] [0][3] [0][7] [0][9] [0][12] [0][13] [0][14] [0][15] [0][16] [0][19] [0][27] [0][28] [0][34] [0][37] [0][39] [0][40] [0][41] [0][45] [0][46] [1][46] [2][46] [3][46] [3][41] [3][33] [3][41] [3][46] [4][46] [5][46] [5][45] [5][43] [5][45] [5][46] [6][46] [7][46] [7][43] [7][46] [8][46] [8][42] [8][40] [8][19] [8][17] [8][16] [8][5] [8][0] [7][0] [6][0] [6][3] [6][12] [6][3] [6][0] [5][0] [4][0] [4][7] [4][11] [4][7] [4][0] [3][0] [3][4] [3][5] [3][11] [3][16] [3][11] [3][5] [3][4] [3][0] [2][0] [1][0] [0][0] 
[0][0] [0][0] [0][0] [0][2] [0][3] [0][5] [0][8] [0][12] [0][16] [0][19] [0][20] [0][22] [0][24] [0][25] [0][26] [0][28] [0][33] [0][35] [0][38] [0][39] [0][41] [0][46] [1][46] [2][46] [3][46] [4][46] [4][40] [4][34] [4][30] [4][17] [4][7] [4][1] [4][0] [5][0] [5][5] [5][8] [5][14] [5][16] [5][22] [5][24] [5][46] [6][46] [6][41] [6][38] [6][41] [6][46] [7][46] [8][46] [8][39] [8][46] [7][46] [7][32] [7][10] [7][0] [8][0] [9][0] [9][4] [9][10] [9][11] [9][10] [9][4] [9][0] [8][0] [7][0] [6][0] [6][3] [6][0] [5][0] [4][0] [3][0] [2][0] [1][0] [0][0] 
[0][0] [0][0] [0][0] [0][2] [0][3] [0][5] [0][6] [0][7] [0][9] [0][12] [0][14] [0][15] [0][21] [0][26] [0][28] [0][31] [0][38] [0][40] [0][41] [0][45] [0][46] [1][46] [2][46] [3][46] [3][27] [3][46] [4][46] [5][46] [5][41] [5][38] [5][41] [5][46] [6][46] [7][46] [8][46] [8][40] [8][31] [8][28] [8][26] [8][25] [8][23] [8][25] [8][26] [8][28] [8][31] [8][40] [8][46] [9][46] [9][40] [9][46] [8][46] [7][46] [7][37] [7][36] [7][35] [7][30] [7][28] [7][20] [7][19] [7][10] [7][0] [6][0] [5][0] [5][12] [5][13] [5][12] [5][0] [4][0] [4][18] [4][0] [3][0] [3][3] [3][0] [2][0] [1][0] [0][0] 
[0][0] [0][0] [0][0] [0][2] [0][5] [0][7] [0][10] [0][14] [0][16] [0][18] [0][19] [0][20] [0][26] [0][29] [0][30] [0][31] [0][32] [0][35] [0][38] [0][40] [0][43] [0][44] [0][45] [0][46] [1][46] [2][46] [3][46] [3][28] [3][11] [3][4] [3][0] [4][0] [4][8] [4][0] [5][0] [5][8] [5][15] [5][25] [5][46] [6][46] [7][46] [8][46] [9][46] [9][44] [9][43] [9][44] [9][46] [8][46] [8][27] [8][26] [8][22] [8][4] [8][2] [8][0] [9][0] [9][4] [9][0] [8][0] [7][0] [7][3] [7][4] [7][3] [7][0] [6][0] [6][4] [6][0] [5][0] [4][0] [3][0] [2][0] [1][0] [0][0] 
[0][0] [0][0] [0][0] [0][5] [0][15] [0][20] [0][21] [0][23] [0][24] [0][25] [0][29] [0][30] [0][33] [0][38] [0][41] [0][42] [0][46] [1][46] [2][46] [3][46] [4][46] [4][44] [4][46] [5][46] [5][44] [5][33] [5][32] [5][30] [5][24] [5][30] [5][32] [5][33] [5][44] [5][46] [6][46] [6][40] [6][35] [6][34] [6][24] [6][14] [6][5] [6][0] [7][0] [7][8] [7][14] [7][8] [7][0] [8][0] [8][16] [8][19] [8][22] [8][29] [8][32] [8][41] [8][46] [9][46] [9][29] [9][28] [9][29] [9][46] [8][46] [7][46] [6][46] [5][46] [4][46] [3][46] [3][39] [3][38] [3][34] [3][20] [3][10] [3][2] [3][0] [2][0] [1][0] [0][0] 
[0][0] [0][0] [0][0] [0][2] [0][15] [0][22] [0][26] [0][28] [0][31] [0][38] [0][41] [0][46] [1][46] [2][46] [3][46] [3][44] [3][27] [3][26] [3][19] [3][10] [3][5] [3][0] [4][0] [4][1] [4][0] [5][0] [5][9] [5][0] [6][0] [6][3] [6][7] [6][8] [6][10] [6][11] [6][20] [6][26] [6][29] [6][35] [6][41] [6][43] [6][46] [7][46] [7][35] [7][25] [7][35] [7][46] [8][46] [9][46] [9][34] [9][46] [8][46] [8][42] [8][38] [8][26] [8][16] [8][0] [7][0] [6][0] [5][0] [4][0] [3][0] [2][0] [1][0] [0][0] 
[0][0] [0][0] [0][0] [0][1] [0][3] [0][5] [0][7] [0][10] [0][12] [0][14] [0][15] [0][19] [0][20] [0][26] [0][27] [0][29] [0][30] [0][33] [0][36] [0][38] [0][39] [0][42] [0][45] [0][46] [1][46] [2][46] [3][46] [3][36] [3][31] [3][36] [3][46] [4][46] [4][35] [4][22] [4][0] [5][0] [6][0] [6][20] [6][27] [6][35] [6][38] [6][44] [6][46] [7][46] [7][42] [7][46] [8][46] [9][46] [9][42] [9][36] [9][31] [9][29] [9][19] [9][18] [9][0] [8][0] [8][5] [8][0] [7][0] [7][15] [7][0] [6][0] [5][0] [4][0] [3][0] [2][0] [1][0] [0][0] 
[0][0] [0][0] [0][0] [0][1] [0][9] [0][10] [0][11] [0][14] [0][16] [0][22] [0][23] [0][26] [0][27] [0][30] [0][32] [0][34] [0][37] [0][39] [0][42] [0][43] [0][46] [1][46] [2][46] [3][46] [3][43] [3][25] [3][22] [3][21] [3][10] [3][0] [4][0] [5][0] [5][4] [5][7] [5][4] [5][0] [6][0] [6][16] [6][22] [6][37] [6][46] [7][46] [7][42] [7][37] [7][42] [7][46] [8][46] [8][43] [8][34] [8][25] [8][21] [8][25] [8][34] [8][43] [8][46] [9][46] [9][32] [9][31] [9][24] [9][21] [9][19] [9][15] [9][1] [9][0] [8][0] [7][0] [6][0] [5][0] [4][0] [3][0] [2][0] [1][0] [0][0] 
[0][0] [0][0] [0][0] [0][1] [0][2] [0][3] [0][7] [0][10] [0][11] [0][14] [0][16] [0][17] [0][18] [0][19] [0][20] [0][21] [0][22] [0][24] [0][25] [0][26] [0][28] [0][31] [0][34] [0][35] [0][40] [0][41] [0][46] [1][46] [2][46] [3][46] [3][32] [3][6] [3][0] [4][0] [4][3] [4][8] [4][11] [4][8] [4][3] [4][0] [5][0] [5][9] [5][13] [5][18] [5][24] [5][27] [5][43] [5][46] [6][46] [7][46] [7][40] [7][46] [8][46] [9][46] [9][43] [9][46] [8][46] [7][46] [6][46] [6][30] [6][29] [6][24] [6][2] [6][0] [5][0] [4][0] [3][0] [2][0] [1][0] [0][0] 
[0][0] [0][0] [0][0] [0][2] [0][3] [0][4] [0][11] [0][12] [0][14] [0][17] [0][18] [0][19] [0][22] [0][26] [0][28] [0][31] [0][32] [0][38] [0][39] [0][40] [0][41] [0][43] [0][46] [1][46] [2][46] [3][46] [3][40] [3][46] [4][46] [4][35] [4][33] [4][30] [4][15] [4][13] [4][0] [5][0] [5][2] [5][9] [5][26] [5][46] [6][46] [6][41] [6][37] [6][33] [6][32] [6][33] [6][37] [6][41] [6][46] [7][46] [7][41] [7][46] [8][46] [8][44] [8][31] [8][24] [8][19] [8][0] [9][0] [9][15] [9][18] [9][19] [9][18] [9][15] [9][0] [8][0] [7][0] [6][0] [5][0] [4][0] [3][0] [2][0] [1][0] [0][0] 
[0][0] [0][0] [0][0] [0][11] [0][15] [0][19] [0][23] [0][26] [0][30] [0][32] [0][33] [0][35] [0][38] [0][39] [0][40] [0][42] [0][43] [0][44] [0][45] [0][46] [1][46] [2][46] [3][46] [3][39] [3][38] [3][22] [3][38] [3][39] [3][46] [4][46] [4][32] [4][31] [4][18] [4][15] [4][12] [4][0] [5][0] [6][0] [7][0] [7][4] [7][0] [8][0] [8][4] [8][11] [8][23] [8][24] [8][31] [8][46] [9][46] [9][45] [9][29] [9][19] [9][7] [9][4] [9][0] [8][0] [7][0] [6][0] [5][0] [4][0] [3][0] [2][0] [1][0] [0][0] 
[0][0] [0][0] [0][0] [0][2] [0][3] [0][4] [0][5] [0][8] [0][9] [0][10] [0][11] [0][13] [0][16] [0][18] [0][22] [0][23] [0][29] [0][46] [1][46] [2][46] [3][46] [4][46] [4][43] [4][46] [5][46] [5][45] [5][46] [6][46] [7][46] [7][43] [7][41] [7][39] [7][34] [7][17] [7][12] [7][0] [8][0] [8][2] [8][9] [8][28] [8][46] [9][46] [9][40] [9][33] [9][10] [9][1] [9][0] [8][0] [7][0] [6][0] [6][7] [6][10] [6][16] [6][10] [6][7] [6][0] [5][0] [5][16] [5][17] [5][16] [5][0] [4][0] [3][0] [3][1] [3][0] [2][0] [1][0] [0][0] 
[0][0] [0][0] [0][0] [0][7] [0][18] [0][22] [0][23] [0][24] [0][30] [0][33] [0][34] [0][37] [0][38] [0][39] [0][41] [0][46] [1][46] [2][46] [3][46] [4][46] [5][46] [5][42] [5][33] [5][42] [5][46] [6][46] [6][43] [6][46] [7][46] [7][34] [7][33] [7][30] [7][27] [7][20] [7][6] [7][2] [7][0] [8][0] [8][2] [8][21] [8][30] [8][32] [8][40] [8][46] [9][46] [9][40] [9][34] [9][29] [9][20] [9][18] [9][0] [8][0] [7][0] [6][0] [6][8] [6][0] [5][0] [5][4] [5][9] [5][4] [5][0] [4][0] [4][6] [4][12] [4][14] [4][15] [4][14] [4][12] [4][6] [4][0] [3][0] [2][0] [1][0] [0][0] 
[0][0] [0][0] [0][0] [0][2] [0][5] [0][8] [0][16] [0][17] [0][19] [0][22] [0][24] [0][26] [0][29] [0][32] [0][35] [0][37] [0][38] [0][41] [0][43] [0][46] [1][46] [2][46] [3][46] [3][34] [3][26] [3][20] [3][18] [3][15] [3][9] [3][2] [3][0] [4][0] [4][15] [4][19] [4][23] [4][38] [4][45] [4][46] [5][46] [5][29] [5][27] [5][22] [5][14] [5][13] [5][9] [5][0] [6][0] [7][0] [7][18] [7][46] [8][46] [9][46] [9][45] [9][20] [9][0] [8][0] [8][2] [8][0] [7][0] [6][0] [5][0] [4][0] [3][0] [2][0] [1][0] [0][0] 
[0][0] [0][0] [0][0] [0][6] [0][7] [0][9] [0][10] [0][17] [0][18] [0][19] [0][20] [0][22] [0][23] [0][24] [0][26] [0][27] [0][28] [0][30] [0][31] [0][33] [0][35] [0][36] [0][39] [0][41] [0][42] [0][44] [0][46] [1][46] [2][46] [3][46] [3][37] [3][46] [4][46] [4][24] [4][21] [4][15] [4][0] [5][0] [5][19] [5][23] [5][32] [5][45] [5][46] [6][46] [6][44] [6][33] [6][44] [6][46] [7][46] [8][46] [8][37] [8][46] [9][46] [9][25] [9][0] [8][0] [7][0] [7][11] [7][20] [7][11] [7][0] [6][0] [5][0] [4][0] [3][0] [2][0] [1][0] [0][0] 
[0][0] [0][0] [0][0] [0][7] [0][8] [0][14] [0][18] [0][19] [0][22] [0][28] [0][30] [0][36] [0][37] [0][39] [0][40] [0][41] [0][42] [0][43] [0][45] [0][46] [1][46] [2][46] [3][46] [3][37] [3][35] [3][29] [3][26] [3][23] [3][15] [3][13] [3][2] [3][0] [4][0] [4][17] [4][20] [4][39] [4][46] [5][46] [6][46] [6][38] [6][46] [7][46] [7][38] [7][37] [7][36] [7][37] [7][38] [7][46] [8][46] [8][44] [8][46] [9][46] [9][34] [9][22] [9][12] [9][6] [9][2] [9][0] [8][0] [7][0] [7][13] [7][16] [7][13] [7][0] [6][0] [6][1] [6][0] [5][0] [4][0] [3][0] [2][0] [1][0] [0][0] 
[0][0] [0][0] [0][0] [0][3] [0][4] [0][8] [0][9] [0][13] [0][16] [0][17] [0][19] [0][20] [0][24] [0][29] [0][31] [0][36] [0][43] [0][46] [1][46] [2][46] [3][46] [3][26] [3][24] [3][20] [3][0] [4][0] [4][26] [4][27] [4][42] [4][44] [4][46] [5][46] [5][42] [5][38] [5][20] [5][10] [5][3] [5][0] [6][0] [6][4] [6][6] [6][10] [6][19] [6][33] [6][34] [6][38] [6][43] [6][46] [7][46] [8][46] [9][46] [9][41] [9][34] [9][21] [9][0] [8][0] [8][13] [8][14] [8][13] [8][0] [7][0] [6][0] [5][0] [4][0] [3][0] [2][0] [1][0] [0][0] 
[0][0] [0][0] [0][0] [0][3] [0][4] [0][6] [0][12] [0][14] [0][17] [0][18] [0][19] [0][20] [0][23] [0][25] [0][29] [0][32] [0][35] [0][36] [0][37] [0][38] [0][39] [0][42] [0][43] [0][44] [0][45] [0][46] [1][46] [2][46] [3][46] [4][46] [4][42] [4][46] [5][46] [5][29] [5][4] [5][0] [6][0] [6][1] [6][16] [6][30] [6][34] [6][38] [6][46] [7][46] [8][46] [8][41] [8][38] [8][34] [8][38] [8][41] [8][46] [9][46] [9][28] [9][15] [9][13] [9][2] [9][0] [8][0] [7][0] [7][3] [7][0] [6][0] [5][0] [4][0] [3][0] [3][18] [3][22] [3][18] [3][0] [2][0] [1][0] [0][0] 
[0][0] [0][0] [0][0] [0][2] [0][6] [0][9] [0][11] [0][18] [0][19] [0][21] [0][22] [0][24] [0][26] [0][27] [0][28] [0][31] [0][33] [0][34] [0][36] [0][45] [0][46] [1][46] [2][46] [3][46] [4][46] [4][36] [4][46] [5][46] [5][33] [5][32] [5][28] [5][7] [5][0] [6][0] [6][16] [6][28] [6][34] [6][46] [7][46] [7][35] [7][23] [7][10] [7][1] [7][0] [8][0] [8][10] [8][14] [8][17] [8][31] [8][46] [9][46] [9][34] [9][11] [9][7] [9][0] [8][0] [7][0] [6][0] [5][0] [4][0] [4][7] [4][0] [3][0] [3][14] [3][0] [2][0] [1][0] [0][0] 
