8418
458.398
/home/fflorenci/jobprp_ga/reduced_instances/henn/abc2/reduced_warehouse_46.lyt
/home/fflorenci/jobprp_ga/reduced_instances/henn/abc2/reduced_warehouse_46l-80-45-0.ord
80
45
18
340
120
1
12 21 8 20 8 13 8 12 6 12 15 9 19 6 11 6 5 21 13 5 5 8 7 21 12 18 19 19 8 9 10 5 10 6 20 22 7 14 5 21 20 8 21 19 10 20 17 16 13 19 13 21 10 17 11 15 22 12 9 19 5 21 23 10 14 20 5 11 15 8 13 23 18 20 9 20 15 15 13 20 
25
13 33 31 9 38 63 
30 15 74 69 29 
6 11 54 19 58 
4 75 66 7 
70 68 20 2 
36 5 78 14 
52 22 21 34 
67 18 59 
43 17 16 
42 46 8 
44 45 76 
12 39 60 
48 3 32 
25 41 53 
55 23 28 
0 27 64 
40 50 24 
57 72 10 
47 37 77 
56 61 
51 79 
1 62 
73 65 
26 35 
49 71 
292
200
294
284
328
320
370
360
420
342
356
308
384
354
240
376
358
392
370
350
342
352
312
400
314
[0][0] [0][0] [0][0] [0][4] [0][5] [0][6] [0][8] [0][9] [0][12] [0][14] [0][17] [0][19] [0][21] [0][26] [0][27] [0][33] [0][34] [0][35] [0][36] [0][42] [0][43] [0][44] [0][45] [0][46] [1][46] [2][46] [3][46] [3][45] [3][43] [3][36] [3][20] [3][18] [3][4] [3][0] [4][0] [5][0] [6][0] [7][0] [7][15] [7][43] [7][46] [8][46] [8][40] [8][23] [8][12] [8][6] [8][0] [9][0] [9][4] [9][11] [9][4] [9][0] [8][0] [7][0] [6][0] [5][0] [4][0] [3][0] [2][0] [1][0] [0][0] 
[0][0] [0][0] [0][0] [0][1] [0][3] [0][4] [0][6] [0][7] [0][8] [0][12] [0][13] [0][14] [0][15] [0][16] [0][20] [0][24] [0][32] [0][33] [0][36] [0][38] [0][39] [0][41] [0][42] [0][43] [0][46] [1][46] [2][46] [3][46] [3][41] [3][46] [4][46] [5][46] [5][44] [5][41] [5][37] [5][29] [5][25] [5][29] [5][37] [5][41] [5][44] [5][46] [4][46] [4][42] [4][29] [4][17] [4][14] [4][9] [4][4] [4][0] [3][0] [3][5] [3][6] [3][5] [3][0] [2][0] [1][0] [0][0] 
[0][0] [0][0] [0][0] [0][1] [0][6] [0][10] [0][11] [0][20] [0][21] [0][23] [0][25] [0][29] [0][35] [0][39] [0][43] [0][44] [0][45] [0][46] [1][46] [2][46] [3][46] [3][37] [3][35] [3][32] [3][30] [3][26] [3][25] [3][22] [3][12] [3][2] [3][0] [4][0] [4][23] [4][43] [4][46] [5][46] [5][43] [5][37] [5][43] [5][46] [6][46] [7][46] [7][40] [7][34] [7][32] [7][31] [7][32] [7][34] [7][40] [7][46] [6][46] [6][43] [6][19] [6][15] [6][14] [6][0] [5][0] [4][0] [3][0] [2][0] [1][0] [0][0] 
[0][0] [0][0] [0][0] [0][3] [0][5] [0][6] [0][7] [0][8] [0][10] [0][11] [0][14] [0][15] [0][24] [0][26] [0][30] [0][33] [0][34] [0][35] [0][37] [0][40] [0][41] [0][44] [0][46] [1][46] [2][46] [3][46] [4][46] [4][45] [4][35] [4][30] [4][8] [4][6] [4][0] [5][0] [5][12] [5][0] [6][0] [6][5] [6][10] [6][31] [6][37] [6][42] [6][46] [7][46] [8][46] [8][39] [8][35] [8][32] [8][31] [8][29] [8][25] [8][21] [8][5] [8][2] [8][1] [8][0] [7][0] [6][0] [5][0] [4][0] [3][0] [2][0] [1][0] [0][0] 
[0][0] [0][0] [0][0] [0][1] [0][2] [0][3] [0][5] [0][6] [0][7] [0][10] [0][11] [0][15] [0][16] [0][22] [0][30] [0][34] [0][36] [0][41] [0][43] [0][44] [0][46] [1][46] [2][46] [3][46] [3][42] [3][34] [3][32] [3][34] [3][42] [3][46] [4][46] [5][46] [6][46] [6][42] [6][46] [7][46] [7][45] [7][34] [7][45] [7][46] [8][46] [8][41] [8][40] [8][30] [8][26] [8][23] [8][17] [8][6] [8][0] [9][0] [9][9] [9][18] [9][9] [9][0] [8][0] [7][0] [6][0] [6][8] [6][0] [5][0] [5][8] [5][11] [5][17] [5][11] [5][8] [5][0] [4][0] [4][4] [4][0] [3][0] [2][0] [1][0] [0][0] 
[0][0] [0][0] [0][0] [0][1] [0][3] [0][4] [0][7] [0][9] [0][10] [0][16] [0][18] [0][24] [0][26] [0][29] [0][30] [0][31] [0][35] [0][40] [0][44] [0][46] [1][46] [2][46] [3][46] [3][39] [3][46] [4][46] [4][41] [4][16] [4][4] [4][0] [5][0] [5][2] [5][10] [5][13] [5][19] [5][23] [5][25] [5][46] [6][46] [7][46] [7][45] [7][40] [7][29] [7][40] [7][45] [7][46] [8][46] [8][45] [8][46] [9][46] [9][45] [9][28] [9][17] [9][10] [9][9] [9][3] [9][0] [8][0] [7][0] [6][0] [6][2] [6][3] [6][2] [6][0] [5][0] [4][0] [3][0] [2][0] [1][0] [0][0] 
[0][0] [0][0] [0][0] [0][1] [0][2] [0][4] [0][6] [0][7] [0][10] [0][12] [0][13] [0][17] [0][19] [0][20] [0][25] [0][28] [0][30] [0][31] [0][36] [0][37] [0][41] [0][42] [0][46] [1][46] [2][46] [3][46] [4][46] [4][37] [4][35] [4][29] [4][35] [4][37] [4][46] [5][46] [5][28] [5][20] [5][0] [6][0] [6][12] [6][14] [6][18] [6][32] [6][33] [6][37] [6][38] [6][46] [7][46] [8][46] [9][46] [9][40] [9][31] [9][30] [9][29] [9][30] [9][31] [9][40] [9][46] [8][46] [7][46] [7][42] [7][18] [7][16] [7][8] [7][0] [8][0] [8][9] [8][0] [7][0] [6][0] [5][0] [4][0] [4][4] [4][0] [3][0] [2][0] [1][0] [0][0] 
[0][0] [0][0] [0][0] [0][5] [0][7] [0][8] [0][9] [0][22] [0][23] [0][25] [0][26] [0][28] [0][29] [0][30] [0][32] [0][33] [0][34] [0][35] [0][36] [0][38] [0][39] [0][43] [0][45] [0][46] [1][46] [2][46] [3][46] [3][36] [3][35] [3][26] [3][21] [3][0] [4][0] [4][11] [4][17] [4][21] [4][27] [4][46] [5][46] [5][32] [5][24] [5][18] [5][7] [5][6] [5][0] [6][0] [7][0] [7][5] [7][17] [7][30] [7][46] [8][46] [9][46] [9][35] [9][31] [9][12] [9][5] [9][0] [8][0] [7][0] [6][0] [5][0] [4][0] [3][0] [2][0] [1][0] [0][0] 
[0][0] [0][0] [0][0] [0][5] [0][9] [0][10] [0][12] [0][15] [0][17] [0][20] [0][21] [0][22] [0][24] [0][26] [0][29] [0][30] [0][36] [0][37] [0][40] [0][41] [0][43] [0][46] [1][46] [2][46] [3][46] [3][42] [3][30] [3][21] [3][19] [3][13] [3][6] [3][0] [4][0] [4][25] [4][29] [4][44] [4][46] [5][46] [5][39] [5][46] [6][46] [6][43] [6][46] [7][46] [7][43] [7][41] [7][39] [7][28] [7][39] [7][41] [7][43] [7][46] [8][46] [9][46] [9][39] [9][10] [9][6] [9][0] [8][0] [8][19] [8][20] [8][21] [8][20] [8][19] [8][0] [7][0] [7][2] [7][0] [6][0] [6][18] [6][0] [5][0] [5][5] [5][9] [5][5] [5][0] [4][0] [3][0] [2][0] [1][0] [0][0] 
[0][0] [0][0] [0][0] [0][1] [0][4] [0][5] [0][7] [0][8] [0][9] [0][16] [0][17] [0][19] [0][20] [0][22] [0][27] [0][28] [0][29] [0][33] [0][35] [0][37] [0][39] [0][40] [0][44] [0][45] [0][46] [1][46] [2][46] [3][46] [3][33] [3][31] [3][27] [3][31] [3][33] [3][46] [4][46] [4][41] [4][33] [4][32] [4][27] [4][32] [4][33] [4][41] [4][46] [5][46] [6][46] [7][46] [8][46] [8][32] [8][28] [8][32] [8][46] [9][46] [9][41] [9][37] [9][32] [9][27] [9][32] [9][37] [9][41] [9][46] [8][46] [7][46] [7][32] [7][30] [7][13] [7][8] [7][0] [6][0] [5][0] [5][6] [5][10] [5][6] [5][0] [4][0] [3][0] [2][0] [1][0] [0][0] 
[0][0] [0][0] [0][0] [0][5] [0][7] [0][9] [0][11] [0][13] [0][14] [0][15] [0][17] [0][19] [0][21] [0][22] [0][27] [0][28] [0][30] [0][36] [0][37] [0][39] [0][40] [0][42] [0][46] [1][46] [2][46] [3][46] [3][36] [3][27] [3][16] [3][0] [4][0] [4][3] [4][0] [5][0] [5][8] [5][25] [5][46] [4][46] [4][45] [4][46] [5][46] [6][46] [7][46] [8][46] [8][39] [8][46] [9][46] [9][40] [9][36] [9][27] [9][24] [9][13] [9][11] [9][10] [9][0] [8][0] [8][14] [8][15] [8][16] [8][15] [8][14] [8][0] [7][0] [6][0] [6][1] [6][13] [6][1] [6][0] [5][0] [4][0] [3][0] [2][0] [1][0] [0][0] 
[0][0] [0][0] [0][0] [0][2] [0][6] [0][7] [0][8] [0][13] [0][14] [0][16] [0][18] [0][20] [0][23] [0][29] [0][30] [0][31] [0][32] [0][35] [0][37] [0][38] [0][39] [0][40] [0][41] [0][43] [0][44] [0][46] [1][46] [2][46] [3][46] [3][38] [3][46] [4][46] [5][46] [5][44] [5][31] [5][22] [5][20] [5][19] [5][11] [5][0] [6][0] [6][4] [6][19] [6][32] [6][46] [7][46] [8][46] [8][44] [8][46] [9][46] [9][26] [9][20] [9][19] [9][11] [9][0] [8][0] [7][0] [6][0] [5][0] [4][0] [3][0] [3][3] [3][8] [3][9] [3][11] [3][9] [3][8] [3][3] [3][0] [2][0] [1][0] [0][0] 
[0][0] [0][0] [0][0] [0][3] [0][4] [0][5] [0][7] [0][12] [0][13] [0][14] [0][18] [0][20] [0][30] [0][32] [0][34] [0][38] [0][40] [0][43] [0][44] [0][46] [1][46] [2][46] [3][46] [3][43] [3][22] [3][5] [3][0] [4][0] [4][12] [4][0] [5][0] [5][16] [5][28] [5][32] [5][35] [5][36] [5][41] [5][46] [6][46] [6][45] [6][46] [7][46] [7][36] [7][21] [7][18] [7][0] [8][0] [8][5] [8][17] [8][19] [8][26] [8][27] [8][41] [8][46] [9][46] [9][42] [9][36] [9][26] [9][20] [9][0] [8][0] [7][0] [6][0] [5][0] [4][0] [3][0] [2][0] [1][0] [0][0] 
[0][0] [0][0] [0][0] [0][1] [0][2] [0][7] [0][10] [0][11] [0][12] [0][13] [0][15] [0][22] [0][24] [0][28] [0][29] [0][33] [0][35] [0][36] [0][39] [0][41] [0][46] [1][46] [2][46] [3][46] [4][46] [5][46] [6][46] [6][34] [6][32] [6][22] [6][13] [6][11] [6][5] [6][0] [7][0] [7][5] [7][14] [7][21] [7][44] [7][46] [8][46] [9][46] [9][42] [9][31] [9][42] [9][46] [8][46] [8][41] [8][25] [8][16] [8][14] [8][8] [8][0] [9][0] [9][2] [9][0] [8][0] [7][0] [6][0] [5][0] [4][0] [4][2] [4][13] [4][21] [4][13] [4][2] [4][0] [3][0] [2][0] [1][0] [0][0] 
[0][0] [0][0] [0][0] [0][2] [0][3] [0][6] [0][11] [0][15] [0][21] [0][22] [0][23] [0][24] [0][25] [0][26] [0][27] [0][28] [0][29] [0][30] [0][33] [0][34] [0][35] [0][36] [0][37] [0][42] [0][44] [0][45] [0][46] [1][46] [2][46] [3][46] [3][43] [3][35] [3][43] [3][46] [4][46] [4][42] [4][46] [5][46] [5][41] [5][46] [6][46] [7][46] [7][41] [7][39] [7][37] [7][39] [7][41] [7][46] [6][46] [6][38] [6][28] [6][27] [6][25] [6][14] [6][0] [7][0] [7][1] [7][0] [6][0] [5][0] [5][2] [5][9] [5][2] [5][0] [4][0] [3][0] [2][0] [1][0] [0][0] 
[0][0] [0][0] [0][0] [0][1] [0][2] [0][4] [0][8] [0][11] [0][15] [0][16] [0][23] [0][24] [0][25] [0][31] [0][32] [0][35] [0][38] [0][41] [0][46] [1][46] [2][46] [3][46] [3][38] [3][37] [3][36] [3][37] [3][38] [3][46] [4][46] [4][42] [4][36] [4][42] [4][46] [5][46] [5][43] [5][40] [5][32] [5][40] [5][43] [5][46] [6][46] [7][46] [8][46] [9][46] [9][38] [9][37] [9][28] [9][37] [9][38] [9][46] [8][46] [8][43] [8][27] [8][23] [8][19] [8][10] [8][4] [8][1] [8][0] [7][0] [7][5] [7][0] [6][0] [6][3] [6][15] [6][16] [6][21] [6][16] [6][15] [6][3] [6][0] [5][0] [4][0] [4][14] [4][0] [3][0] [3][5] [3][10] [3][5] [3][0] [2][0] [1][0] [0][0] 
[0][0] [0][0] [0][0] [0][4] [0][5] [0][7] [0][8] [0][10] [0][15] [0][16] [0][17] [0][19] [0][20] [0][22] [0][24] [0][25] [0][30] [0][39] [0][44] [0][45] [0][46] [1][46] [2][46] [3][46] [3][23] [3][13] [3][9] [3][8] [3][6] [3][0] [4][0] [4][11] [4][20] [4][22] [4][30] [4][46] [5][46] [5][29] [5][28] [5][29] [5][46] [6][46] [7][46] [8][46] [9][46] [9][44] [9][39] [9][35] [9][34] [9][32] [9][34] [9][35] [9][39] [9][44] [9][46] [8][46] [7][46] [7][43] [7][22] [7][14] [7][12] [7][9] [7][5] [7][0] [6][0] [6][13] [6][14] [6][13] [6][0] [5][0] [4][0] [3][0] [2][0] [1][0] [0][0] 
[0][0] [0][0] [0][0] [0][1] [0][4] [0][7] [0][12] [0][15] [0][24] [0][25] [0][26] [0][32] [0][33] [0][36] [0][38] [0][40] [0][41] [0][43] [0][46] [1][46] [2][46] [3][46] [3][40] [3][23] [3][16] [3][14] [3][6] [3][0] [4][0] [4][3] [4][13] [4][16] [4][21] [4][33] [4][40] [4][46] [5][46] [5][33] [5][46] [6][46] [6][33] [6][24] [6][0] [7][0] [7][13] [7][25] [7][29] [7][30] [7][46] [8][46] [8][45] [8][43] [8][45] [8][46] [9][46] [9][34] [9][26] [9][24] [9][12] [9][7] [9][0] [8][0] [8][2] [8][0] [7][0] [6][0] [5][0] [4][0] [3][0] [2][0] [1][0] [0][0] 
[0][0] [0][0] [0][0] [0][1] [0][2] [0][5] [0][6] [0][10] [0][12] [0][14] [0][15] [0][16] [0][17] [0][20] [0][24] [0][25] [0][26] [0][31] [0][32] [0][43] [0][45] [0][46] [1][46] [2][46] [3][46] [4][46] [5][46] [5][45] [5][32] [5][45] [5][46] [6][46] [6][40] [6][18] [6][15] [6][12] [6][10] [6][0] [7][0] [8][0] [9][0] [9][3] [9][9] [9][17] [9][9] [9][3] [9][0] [8][0] [8][12] [8][28] [8][42] [8][45] [8][46] [9][46] [9][41] [9][39] [9][41] [9][46] [8][46] [7][46] [7][37] [7][36] [7][37] [7][46] [6][46] [5][46] [4][46] [4][43] [4][37] [4][29] [4][21] [4][15] [4][3] [4][0] [3][0] [2][0] [1][0] [0][0] 
[0][0] [0][0] [0][0] [0][1] [0][5] [0][9] [0][12] [0][13] [0][14] [0][16] [0][17] [0][20] [0][21] [0][22] [0][23] [0][27] [0][28] [0][29] [0][35] [0][44] [0][45] [0][46] [1][46] [2][46] [3][46] [3][30] [3][29] [3][26] [3][9] [3][0] [4][0] [4][10] [4][22] [4][10] [4][0] [5][0] [5][9] [5][11] [5][15] [5][26] [5][31] [5][39] [5][40] [5][46] [6][46] [7][46] [8][46] [8][42] [8][39] [8][21] [8][16] [8][15] [8][10] [8][0] [7][0] [6][0] [6][3] [6][23] [6][3] [6][0] [5][0] [4][0] [3][0] [2][0] [1][0] [0][0] 
[0][0] [0][0] [0][0] [0][2] [0][3] [0][4] [0][11] [0][12] [0][13] [0][17] [0][18] [0][19] [0][20] [0][21] [0][22] [0][23] [0][30] [0][31] [0][32] [0][35] [0][36] [0][37] [0][39] [0][40] [0][46] [1][46] [2][46] [3][46] [4][46] [5][46] [5][35] [5][24] [5][35] [5][46] [6][46] [6][35] [6][15] [6][2] [6][0] [7][0] [7][4] [7][16] [7][21] [7][22] [7][32] [7][39] [7][46] [8][46] [9][46] [9][36] [9][34] [9][17] [9][0] [8][0] [7][0] [6][0] [5][0] [4][0] [4][2] [4][3] [4][15] [4][3] [4][2] [4][0] [3][0] [2][0] [1][0] [0][0] 
[0][0] [0][0] [0][0] [0][1] [0][2] [0][8] [0][10] [0][11] [0][14] [0][18] [0][21] [0][22] [0][27] [0][31] [0][33] [0][34] [0][35] [0][37] [0][39] [0][43] [0][44] [0][46] [1][46] [2][46] [3][46] [4][46] [4][33] [4][46] [5][46] [5][38] [5][46] [6][46] [6][30] [6][29] [6][27] [6][18] [6][1] [6][0] [7][0] [7][7] [7][0] [8][0] [8][11] [8][20] [8][21] [8][25] [8][26] [8][29] [8][46] [9][46] [9][30] [9][46] [8][46] [7][46] [6][46] [5][46] [4][46] [3][46] [3][44] [3][41] [3][36] [3][22] [3][16] [3][14] [3][0] [2][0] [1][0] [0][0] 
[0][0] [0][0] [0][0] [0][1] [0][3] [0][4] [0][7] [0][10] [0][14] [0][19] [0][21] [0][23] [0][28] [0][29] [0][36] [0][38] [0][40] [0][43] [0][45] [0][46] [1][46] [2][46] [3][46] [4][46] [4][42] [4][46] [5][46] [5][43] [5][41] [5][43] [5][46] [6][46] [6][41] [6][29] [6][27] [6][29] [6][41] [6][46] [7][46] [7][44] [7][42] [7][40] [7][26] [7][25] [7][14] [7][3] [7][0] [8][0] [8][2] [8][0] [9][0] [9][11] [9][15] [9][11] [9][0] [8][0] [7][0] [6][0] [6][3] [6][5] [6][10] [6][5] [6][3] [6][0] [5][0] [5][5] [5][0] [4][0] [3][0] [3][2] [3][9] [3][2] [3][0] [2][0] [1][0] [0][0] 
[0][0] [0][0] [0][0] [0][5] [0][10] [0][13] [0][16] [0][17] [0][22] [0][23] [0][30] [0][34] [0][36] [0][38] [0][40] [0][41] [0][42] [0][46] [1][46] [2][46] [3][46] [3][33] [3][31] [3][33] [3][46] [4][46] [5][46] [5][42] [5][19] [5][16] [5][11] [5][0] [6][0] [6][3] [6][9] [6][24] [6][27] [6][38] [6][46] [7][46] [7][36] [7][18] [7][16] [7][7] [7][0] [8][0] [8][5] [8][10] [8][29] [8][46] [9][46] [9][30] [9][24] [9][5] [9][0] [8][0] [7][0] [6][0] [5][0] [4][0] [3][0] [3][6] [3][0] [2][0] [1][0] [0][0] 
[0][0] [0][0] [0][0] [0][5] [0][10] [0][12] [0][13] [0][18] [0][21] [0][25] [0][26] [0][31] [0][32] [0][33] [0][34] [0][35] [0][37] [0][38] [0][39] [0][40] [0][41] [0][43] [0][44] [0][46] [1][46] [2][46] [3][46] [3][43] [3][46] [4][46] [4][44] [4][39] [4][20] [4][15] [4][2] [4][0] [5][0] [6][0] [7][0] [7][5] [7][20] [7][5] [7][0] [8][0] [8][5] [8][16] [8][18] [8][20] [8][46] [9][46] [9][37] [9][34] [9][26] [9][20] [9][18] [9][0] [8][0] [7][0] [6][0] [5][0] [4][0] [3][0] [2][0] [1][0] [0][0] 
