5186
216.59
/home/fflorenci/jobprp_ga/reduced_instances/henn/abc2/reduced_warehouse_10.lyt
/home/fflorenci/jobprp_ga/reduced_instances/henn/abc2/reduced_warehouse_10l-40-45-0.ord
40
45
28
340
120
1
24 24 8 7 23 11 15 15 13 20 13 19 20 9 5 19 22 20 16 22 20 14 16 18 8 16 18 22 23 23 22 16 14 5 20 9 9 18 5 9 
15
37 39 14 38 33 
22 5 24 3 
23 36 21 
32 19 35 
10 15 8 
6 12 2 
7 9 13 
0 18 
20 4 
16 30 
29 34 
26 11 
31 27 
1 17 
25 28 
302
288
330
310
304
348
374
284
340
360
378
350
382
440
396
[0][0] [0][0] [0][0] [0][2] [0][3] [0][5] [0][7] [0][9] [0][10] [0][12] [0][13] [0][17] [0][18] [0][24] [0][25] [0][29] [0][30] [0][31] [0][38] [0][39] [0][41] [0][43] [0][44] [0][45] [0][46] [1][46] [2][46] [3][46] [4][46] [5][46] [5][36] [5][34] [5][22] [5][19] [5][1] [5][0] [6][0] [6][5] [6][17] [6][23] [6][29] [6][35] [6][38] [6][46] [7][46] [7][45] [7][29] [7][25] [7][17] [7][16] [7][11] [7][2] [7][0] [6][0] [5][0] [4][0] [3][0] [3][19] [3][27] [3][19] [3][0] [2][0] [1][0] [0][0] 
[0][0] [0][0] [0][0] [0][1] [0][2] [0][4] [0][7] [0][9] [0][10] [0][12] [0][15] [0][16] [0][19] [0][20] [0][26] [0][31] [0][32] [0][34] [0][35] [0][37] [0][38] [0][39] [0][40] [0][46] [1][46] [2][46] [3][46] [4][46] [5][46] [6][46] [6][37] [6][30] [6][13] [6][0] [7][0] [7][15] [7][34] [7][36] [7][38] [7][39] [7][46] [8][46] [8][33] [8][28] [8][25] [8][24] [8][6] [8][5] [8][0] [7][0] [6][0] [5][0] [4][0] [3][0] [3][3] [3][12] [3][14] [3][12] [3][3] [3][0] [2][0] [1][0] [0][0] 
[0][0] [0][0] [0][0] [0][2] [0][3] [0][5] [0][7] [0][8] [0][10] [0][12] [0][13] [0][16] [0][20] [0][24] [0][27] [0][28] [0][30] [0][31] [0][41] [0][42] [0][43] [0][44] [0][46] [1][46] [2][46] [3][46] [4][46] [4][45] [4][44] [4][45] [4][46] [5][46] [5][30] [5][46] [6][46] [6][38] [6][46] [7][46] [8][46] [8][44] [8][46] [9][46] [9][44] [9][39] [9][35] [9][29] [9][8] [9][0] [8][0] [8][16] [8][0] [7][0] [7][8] [7][0] [6][0] [6][5] [6][0] [5][0] [5][6] [5][0] [4][0] [4][1] [4][8] [4][16] [4][8] [4][1] [4][0] [3][0] [2][0] [1][0] [0][0] 
[0][0] [0][0] [0][0] [0][2] [0][3] [0][6] [0][10] [0][11] [0][12] [0][13] [0][15] [0][19] [0][20] [0][23] [0][24] [0][28] [0][29] [0][30] [0][32] [0][33] [0][34] [0][36] [0][40] [0][42] [0][44] [0][46] [1][46] [2][46] [3][46] [3][45] [3][41] [3][32] [3][20] [3][14] [3][3] [3][0] [4][0] [4][5] [4][35] [4][46] [5][46] [6][46] [7][46] [7][38] [7][23] [7][16] [7][14] [7][0] [8][0] [8][10] [8][11] [8][17] [8][20] [8][17] [8][11] [8][10] [8][0] [7][0] [6][0] [6][2] [6][0] [5][0] [5][3] [5][0] [4][0] [3][0] [2][0] [1][0] [0][0] 
[0][0] [0][0] [0][0] [0][2] [0][3] [0][4] [0][5] [0][9] [0][11] [0][15] [0][16] [0][17] [0][19] [0][20] [0][21] [0][22] [0][23] [0][30] [0][32] [0][33] [0][34] [0][36] [0][37] [0][38] [0][45] [0][46] [1][46] [2][46] [3][46] [4][46] [5][46] [6][46] [6][44] [6][41] [6][44] [6][46] [7][46] [7][45] [7][36] [7][34] [7][36] [7][45] [7][46] [8][46] [9][46] [9][40] [9][24] [9][13] [9][2] [9][0] [8][0] [8][17] [8][19] [8][17] [8][0] [7][0] [6][0] [6][5] [6][0] [5][0] [4][0] [3][0] [3][8] [3][14] [3][23] [3][14] [3][8] [3][0] [2][0] [1][0] [0][0] 
[0][0] [0][0] [0][0] [0][7] [0][10] [0][11] [0][14] [0][15] [0][16] [0][17] [0][18] [0][21] [0][23] [0][25] [0][27] [0][29] [0][31] [0][32] [0][33] [0][37] [0][39] [0][40] [0][42] [0][44] [0][45] [0][46] [1][46] [2][46] [3][46] [3][43] [3][46] [4][46] [4][43] [4][34] [4][20] [4][15] [4][0] [5][0] [5][2] [5][9] [5][17] [5][32] [5][41] [5][43] [5][46] [6][46] [7][46] [7][40] [7][25] [7][19] [7][5] [7][0] [8][0] [8][4] [8][0] [9][0] [9][5] [9][11] [9][5] [9][0] [8][0] [7][0] [6][0] [6][2] [6][20] [6][22] [6][20] [6][2] [6][0] [5][0] [4][0] [3][0] [2][0] [1][0] [0][0] 
[0][0] [0][0] [0][0] [0][1] [0][5] [0][6] [0][8] [0][14] [0][17] [0][19] [0][24] [0][26] [0][27] [0][28] [0][33] [0][34] [0][35] [0][37] [0][38] [0][42] [0][45] [0][46] [1][46] [2][46] [3][46] [3][29] [3][20] [3][9] [3][0] [4][0] [4][5] [4][12] [4][20] [4][12] [4][5] [4][0] [5][0] [5][21] [5][29] [5][46] [6][46] [6][41] [6][46] [7][46] [7][39] [7][34] [7][39] [7][46] [8][46] [8][41] [8][10] [8][0] [7][0] [7][3] [7][0] [6][0] [6][7] [6][12] [6][15] [6][19] [6][15] [6][12] [6][7] [6][0] [5][0] [4][0] [3][0] [2][0] [1][0] [0][0] 
[0][0] [0][0] [0][0] [0][1] [0][3] [0][5] [0][6] [0][7] [0][11] [0][12] [0][14] [0][16] [0][18] [0][19] [0][27] [0][29] [0][31] [0][36] [0][37] [0][38] [0][40] [0][41] [0][42] [0][46] [1][46] [2][46] [3][46] [3][38] [3][35] [3][31] [3][35] [3][38] [3][46] [4][46] [4][42] [4][46] [5][46] [5][44] [5][46] [6][46] [6][40] [6][34] [6][40] [6][46] [7][46] [8][46] [8][38] [8][36] [8][34] [8][36] [8][38] [8][46] [9][46] [9][37] [9][20] [9][16] [9][3] [9][0] [8][0] [7][0] [6][0] [5][0] [4][0] [4][2] [4][0] [3][0] [3][10] [3][0] [2][0] [1][0] [0][0] 
[0][0] [0][0] [0][0] [0][1] [0][4] [0][7] [0][10] [0][12] [0][13] [0][14] [0][16] [0][18] [0][21] [0][23] [0][24] [0][25] [0][29] [0][31] [0][32] [0][33] [0][34] [0][37] [0][42] [0][44] [0][46] [1][46] [2][46] [3][46] [4][46] [5][46] [5][26] [5][15] [5][0] [6][0] [6][6] [6][9] [6][24] [6][39] [6][46] [7][46] [8][46] [8][44] [8][39] [8][38] [8][33] [8][30] [8][28] [8][23] [8][28] [8][30] [8][33] [8][38] [8][39] [8][44] [8][46] [9][46] [9][44] [9][27] [9][15] [9][9] [9][0] [8][0] [7][0] [7][13] [7][0] [6][0] [5][0] [4][0] [3][0] [2][0] [1][0] [0][0] 
[0][0] [0][0] [0][0] [0][1] [0][4] [0][5] [0][7] [0][9] [0][11] [0][12] [0][13] [0][18] [0][19] [0][23] [0][24] [0][25] [0][29] [0][32] [0][33] [0][37] [0][40] [0][41] [0][44] [0][45] [0][46] [1][46] [2][46] [3][46] [4][46] [4][39] [4][14] [4][12] [4][6] [4][0] [5][0] [6][0] [6][6] [6][19] [6][29] [6][34] [6][46] [7][46] [7][43] [7][24] [7][17] [7][14] [7][11] [7][0] [8][0] [8][9] [8][13] [8][18] [8][37] [8][40] [8][46] [9][46] [9][41] [9][24] [9][19] [9][6] [9][0] [8][0] [7][0] [6][0] [5][0] [4][0] [3][0] [2][0] [1][0] [0][0] 
[0][0] [0][0] [0][0] [0][1] [0][11] [0][13] [0][19] [0][26] [0][27] [0][32] [0][33] [0][36] [0][37] [0][38] [0][40] [0][41] [0][42] [0][45] [0][46] [1][46] [2][46] [3][46] [3][26] [3][24] [3][26] [3][46] [4][46] [4][25] [4][24] [4][19] [4][2] [4][0] [5][0] [5][1] [5][2] [5][10] [5][12] [5][10] [5][2] [5][1] [5][0] [6][0] [6][4] [6][19] [6][37] [6][38] [6][43] [6][46] [7][46] [7][45] [7][46] [8][46] [8][31] [8][30] [8][26] [8][30] [8][31] [8][46] [9][46] [9][45] [9][36] [9][30] [9][17] [9][5] [9][0] [8][0] [8][2] [8][0] [7][0] [6][0] [5][0] [4][0] [3][0] [2][0] [1][0] [0][0] 
[0][0] [0][0] [0][0] [0][7] [0][10] [0][13] [0][14] [0][20] [0][21] [0][22] [0][24] [0][25] [0][26] [0][27] [0][28] [0][29] [0][37] [0][41] [0][46] [1][46] [2][46] [3][46] [4][46] [4][34] [4][28] [4][26] [4][17] [4][13] [4][0] [5][0] [5][7] [5][8] [5][9] [5][8] [5][7] [5][0] [6][0] [6][4] [6][0] [7][0] [7][22] [7][35] [7][36] [7][46] [8][46] [8][43] [8][46] [9][46] [9][36] [9][34] [9][22] [9][0] [8][0] [8][8] [8][9] [8][19] [8][9] [8][8] [8][0] [7][0] [6][0] [5][0] [4][0] [3][0] [3][6] [3][0] [2][0] [1][0] [0][0] 
[0][0] [0][0] [0][0] [0][1] [0][2] [0][3] [0][5] [0][12] [0][13] [0][20] [0][24] [0][29] [0][34] [0][39] [0][40] [0][42] [0][46] [1][46] [2][46] [3][46] [3][28] [3][20] [3][15] [3][14] [3][3] [3][0] [4][0] [5][0] [5][2] [5][12] [5][16] [5][20] [5][16] [5][12] [5][2] [5][0] [6][0] [6][13] [6][30] [6][36] [6][42] [6][46] [7][46] [7][31] [7][30] [7][31] [7][46] [8][46] [8][42] [8][26] [8][42] [8][46] [9][46] [9][35] [9][21] [9][16] [9][7] [9][6] [9][0] [8][0] [7][0] [7][2] [7][0] [6][0] [5][0] [4][0] [3][0] [2][0] [1][0] [0][0] 
[0][0] [0][0] [0][0] [0][2] [0][3] [0][5] [0][6] [0][9] [0][10] [0][12] [0][16] [0][17] [0][18] [0][19] [0][23] [0][24] [0][25] [0][26] [0][29] [0][37] [0][45] [0][46] [1][46] [2][46] [3][46] [3][30] [3][17] [3][8] [3][0] [4][0] [4][14] [4][15] [4][25] [4][30] [4][46] [5][46] [5][44] [5][46] [6][46] [6][26] [6][22] [6][16] [6][0] [7][0] [7][7] [7][12] [7][27] [7][35] [7][38] [7][43] [7][46] [8][46] [8][37] [8][30] [8][26] [8][30] [8][37] [8][46] [9][46] [9][24] [9][21] [9][5] [9][0] [8][0] [7][0] [6][0] [5][0] [5][20] [5][0] [4][0] [3][0] [2][0] [1][0] [0][0] 
[0][0] [0][0] [0][0] [0][1] [0][4] [0][8] [0][12] [0][14] [0][15] [0][17] [0][18] [0][22] [0][24] [0][25] [0][28] [0][30] [0][31] [0][36] [0][40] [0][44] [0][46] [1][46] [2][46] [3][46] [4][46] [4][43] [4][35] [4][43] [4][46] [5][46] [5][42] [5][25] [5][17] [5][0] [6][0] [6][11] [6][0] [7][0] [7][16] [7][39] [7][46] [8][46] [8][39] [8][25] [8][23] [8][25] [8][39] [8][46] [9][46] [9][27] [9][25] [9][27] [9][46] [8][46] [7][46] [6][46] [5][46] [4][46] [3][46] [3][40] [3][37] [3][29] [3][17] [3][8] [3][0] [2][0] [1][0] [0][0] 
