9628
665.889
/home/fflorenci/jobprp_ga/reduced_instances/henn/abc2/reduced_warehouse_55.lyt
/home/fflorenci/jobprp_ga/reduced_instances/henn/abc2/reduced_warehouse_55l-100-60-0.ord
100
60
13
340
120
1
6 22 23 16 20 16 14 20 15 10 18 11 20 19 18 10 13 7 17 10 6 8 16 5 21 11 20 13 23 13 15 19 20 16 23 12 20 22 21 20 23 17 21 12 17 10 11 9 22 17 14 9 18 13 10 15 22 23 19 22 22 20 17 6 22 7 21 9 14 15 7 12 6 6 23 22 16 10 19 6 21 8 18 7 16 19 8 15 20 19 20 21 17 20 9 8 19 15 15 20 
27
79 98 20 13 83 23 
44 29 73 45 15 
72 81 35 77 71 
97 0 67 17 10 
94 91 50 21 65 
70 53 80 95 11 
9 25 3 28 
99 93 16 63 
96 51 49 68 
39 22 46 54 
30 60 86 69 
7 52 47 43 
27 90 42 
37 84 56 
32 38 6 
1 62 61 
24 31 55 
12 26 58 
2 57 19 
33 66 59 
34 5 89 
75 82 92 
14 40 41 
4 36 78 
74 85 76 
87 64 18 
88 48 8 
296
304
272
286
360
314
352
388
344
348
390
380
340
380
350
374
334
348
372
400
432
378
408
362
392
356
368
[0][0] [0][0] [0][0] [0][1] [0][4] [0][9] [0][10] [0][11] [0][12] [0][13] [0][14] [0][15] [0][17] [0][19] [0][20] [0][21] [0][22] [0][24] [0][27] [0][28] [0][30] [0][32] [0][33] [0][34] [0][36] [0][37] [0][38] [0][44] [0][45] [0][46] [1][46] [2][46] [3][46] [3][29] [3][25] [3][21] [3][20] [3][19] [3][10] [3][0] [4][0] [4][3] [4][8] [4][11] [4][30] [4][42] [4][46] [5][46] [6][46] [6][42] [6][46] [7][46] [7][44] [7][46] [6][46] [5][46] [5][44] [5][40] [5][15] [5][11] [5][0] [6][0] [7][0] [7][5] [7][9] [7][5] [7][0] [6][0] [5][0] [4][0] [3][0] [2][0] [1][0] [0][0] 
[0][0] [0][0] [0][0] [0][1] [0][2] [0][3] [0][5] [0][6] [0][7] [0][10] [0][11] [0][15] [0][17] [0][20] [0][23] [0][25] [0][27] [0][28] [0][31] [0][32] [0][33] [0][35] [0][36] [0][37] [0][38] [0][46] [1][46] [2][46] [3][46] [4][46] [5][46] [5][38] [5][34] [5][32] [5][9] [5][8] [5][7] [5][3] [5][0] [6][0] [6][2] [6][7] [6][10] [6][29] [6][33] [6][44] [6][46] [7][46] [7][43] [7][46] [8][46] [8][39] [8][34] [8][27] [8][20] [8][18] [8][3] [8][2] [8][0] [9][0] [9][4] [9][9] [9][14] [9][9] [9][4] [9][0] [8][0] [7][0] [6][0] [5][0] [4][0] [4][1] [4][0] [3][0] [2][0] [1][0] [0][0] 
[0][0] [0][0] [0][0] [0][4] [0][5] [0][9] [0][10] [0][12] [0][14] [0][15] [0][16] [0][19] [0][22] [0][28] [0][29] [0][31] [0][35] [0][37] [0][38] [0][39] [0][41] [0][42] [0][43] [0][44] [0][46] [1][46] [2][46] [3][46] [3][41] [3][29] [3][14] [3][12] [3][0] [4][0] [5][0] [6][0] [6][4] [6][21] [6][23] [6][27] [6][37] [6][38] [6][46] [7][46] [8][46] [8][43] [8][42] [8][40] [8][34] [8][24] [8][16] [8][11] [8][10] [8][3] [8][0] [7][0] [7][5] [7][6] [7][5] [7][0] [6][0] [5][0] [4][0] [3][0] [2][0] [1][0] [0][0] 
[0][0] [0][0] [0][0] [0][1] [0][2] [0][4] [0][6] [0][8] [0][14] [0][15] [0][16] [0][19] [0][20] [0][21] [0][22] [0][23] [0][26] [0][27] [0][29] [0][32] [0][33] [0][35] [0][36] [0][40] [0][43] [0][45] [0][46] [1][46] [2][46] [3][46] [4][46] [4][44] [4][46] [5][46] [5][45] [5][34] [5][31] [5][34] [5][45] [5][46] [6][46] [7][46] [7][34] [7][31] [7][25] [7][24] [7][25] [7][31] [7][34] [7][46] [8][46] [9][46] [9][44] [9][42] [9][44] [9][46] [8][46] [8][41] [8][36] [8][30] [8][20] [8][15] [8][14] [8][4] [8][0] [9][0] [9][6] [9][0] [8][0] [7][0] [6][0] [6][1] [6][3] [6][1] [6][0] [5][0] [4][0] [3][0] [2][0] [1][0] [0][0] 
[0][0] [0][0] [0][0] [0][3] [0][6] [0][9] [0][11] [0][12] [0][18] [0][19] [0][22] [0][27] [0][28] [0][30] [0][31] [0][32] [0][33] [0][34] [0][35] [0][40] [0][41] [0][42] [0][44] [0][46] [1][46] [2][46] [3][46] [3][42] [3][40] [3][37] [3][24] [3][19] [3][18] [3][17] [3][16] [3][14] [3][0] [4][0] [4][9] [4][20] [4][21] [4][22] [4][23] [4][31] [4][40] [4][46] [5][46] [5][42] [5][32] [5][28] [5][21] [5][0] [6][0] [7][0] [7][6] [7][16] [7][29] [7][46] [8][46] [8][45] [8][46] [9][46] [9][45] [9][43] [9][41] [9][35] [9][27] [9][14] [9][0] [8][0] [7][0] [6][0] [5][0] [4][0] [3][0] [2][0] [1][0] [0][0] 
[0][0] [0][0] [0][0] [0][1] [0][4] [0][6] [0][7] [0][9] [0][11] [0][12] [0][13] [0][17] [0][20] [0][21] [0][22] [0][25] [0][27] [0][29] [0][33] [0][36] [0][37] [0][41] [0][42] [0][43] [0][44] [0][45] [0][46] [1][46] [2][46] [3][46] [4][46] [5][46] [6][46] [7][46] [7][39] [7][38] [7][39] [7][46] [8][46] [8][42] [8][25] [8][23] [8][21] [8][20] [8][18] [8][6] [8][5] [8][1] [8][0] [9][0] [9][6] [9][18] [9][19] [9][22] [9][24] [9][25] [9][26] [9][30] [9][37] [9][46] [8][46] [7][46] [6][46] [5][46] [4][46] [4][43] [4][30] [4][28] [4][24] [4][6] [4][0] [3][0] [3][12] [3][15] [3][12] [3][0] [2][0] [1][0] [0][0] 
[0][0] [0][0] [0][0] [0][1] [0][3] [0][4] [0][5] [0][6] [0][7] [0][9] [0][11] [0][13] [0][17] [0][19] [0][23] [0][24] [0][25] [0][27] [0][29] [0][31] [0][32] [0][34] [0][36] [0][37] [0][39] [0][41] [0][42] [0][43] [0][46] [1][46] [2][46] [3][46] [3][40] [3][36] [3][31] [3][36] [3][40] [3][46] [4][46] [5][46] [5][37] [5][34] [5][29] [5][34] [5][37] [5][46] [6][46] [6][45] [6][33] [6][28] [6][23] [6][14] [6][4] [6][2] [6][0] [7][0] [7][10] [7][27] [7][29] [7][32] [7][39] [7][44] [7][45] [7][46] [8][46] [9][46] [9][42] [9][46] [8][46] [8][39] [8][29] [8][20] [8][18] [8][14] [8][6] [8][0] [7][0] [6][0] [5][0] [5][5] [5][0] [4][0] [4][3] [4][0] [3][0] [2][0] [1][0] [0][0] 
[0][0] [0][0] [0][0] [0][1] [0][2] [0][3] [0][6] [0][8] [0][9] [0][10] [0][11] [0][14] [0][16] [0][20] [0][22] [0][28] [0][30] [0][31] [0][32] [0][40] [0][42] [0][43] [0][44] [0][45] [0][46] [1][46] [2][46] [3][46] [4][46] [4][44] [4][46] [5][46] [6][46] [6][45] [6][43] [6][45] [6][46] [7][46] [7][37] [7][16] [7][13] [7][0] [8][0] [8][4] [8][8] [8][20] [8][29] [8][39] [8][45] [8][46] [9][46] [9][30] [9][18] [9][17] [9][16] [9][15] [9][13] [9][8] [9][6] [9][0] [8][0] [7][0] [6][0] [6][9] [6][14] [6][9] [6][0] [5][0] [5][2] [5][4] [5][2] [5][0] [4][0] [4][6] [4][10] [4][16] [4][10] [4][6] [4][0] [3][0] [3][2] [3][22] [3][2] [3][0] [2][0] [1][0] [0][0] 
[0][0] [0][0] [0][0] [0][2] [0][4] [0][6] [0][8] [0][9] [0][10] [0][14] [0][19] [0][21] [0][24] [0][26] [0][27] [0][29] [0][30] [0][35] [0][37] [0][38] [0][40] [0][41] [0][43] [0][44] [0][46] [1][46] [2][46] [3][46] [3][43] [3][46] [4][46] [5][46] [5][44] [5][40] [5][38] [5][40] [5][44] [5][46] [6][46] [6][31] [6][29] [6][27] [6][26] [6][15] [6][2] [6][0] [7][0] [8][0] [8][12] [8][13] [8][21] [8][31] [8][33] [8][35] [8][36] [8][38] [8][46] [9][46] [9][39] [9][32] [9][22] [9][20] [9][13] [9][10] [9][0] [8][0] [7][0] [6][0] [5][0] [5][2] [5][0] [4][0] [4][13] [4][22] [4][26] [4][22] [4][13] [4][0] [3][0] [2][0] [1][0] [0][0] 
[0][0] [0][0] [0][0] [0][3] [0][5] [0][7] [0][9] [0][12] [0][13] [0][14] [0][15] [0][16] [0][19] [0][23] [0][24] [0][25] [0][26] [0][28] [0][30] [0][31] [0][33] [0][34] [0][36] [0][42] [0][43] [0][44] [0][45] [0][46] [1][46] [2][46] [3][46] [3][32] [3][25] [3][32] [3][46] [4][46] [4][38] [4][37] [4][38] [4][46] [5][46] [5][35] [5][46] [6][46] [6][42] [6][37] [6][34] [6][26] [6][22] [6][21] [6][17] [6][9] [6][8] [6][0] [7][0] [7][11] [7][28] [7][38] [7][46] [8][46] [9][46] [9][44] [9][31] [9][28] [9][19] [9][10] [9][1] [9][0] [8][0] [8][1] [8][0] [7][0] [6][0] [5][0] [4][0] [3][0] [2][0] [1][0] [0][0] 
[0][0] [0][0] [0][0] [0][1] [0][3] [0][4] [0][5] [0][6] [0][8] [0][9] [0][12] [0][14] [0][15] [0][16] [0][18] [0][20] [0][31] [0][32] [0][33] [0][35] [0][39] [0][41] [0][46] [1][46] [2][46] [3][46] [4][46] [4][39] [4][36] [4][34] [4][33] [4][34] [4][36] [4][39] [4][46] [5][46] [5][43] [5][42] [5][43] [5][46] [6][46] [6][44] [6][40] [6][32] [6][28] [6][26] [6][7] [6][0] [7][0] [7][8] [7][9] [7][8] [7][0] [8][0] [8][6] [8][10] [8][18] [8][20] [8][21] [8][22] [8][40] [8][46] [9][46] [9][31] [9][23] [9][19] [9][17] [9][15] [9][8] [9][2] [9][0] [8][0] [7][0] [6][0] [5][0] [5][7] [5][8] [5][12] [5][8] [5][7] [5][0] [4][0] [4][4] [4][11] [4][4] [4][0] [3][0] [3][13] [3][0] [2][0] [1][0] [0][0] 
[0][0] [0][0] [0][0] [0][5] [0][8] [0][10] [0][13] [0][15] [0][16] [0][18] [0][23] [0][25] [0][28] [0][30] [0][32] [0][33] [0][36] [0][43] [0][44] [0][45] [0][46] [1][46] [2][46] [3][46] [3][40] [3][46] [4][46] [4][45] [4][27] [4][26] [4][23] [4][22] [4][16] [4][15] [4][8] [4][6] [4][0] [5][0] [5][2] [5][12] [5][23] [5][25] [5][35] [5][45] [5][46] [6][46] [7][46] [7][43] [7][38] [7][35] [7][24] [7][22] [7][3] [7][0] [8][0] [8][7] [8][17] [8][39] [8][46] [9][46] [9][41] [9][37] [9][33] [9][32] [9][25] [9][21] [9][19] [9][0] [8][0] [7][0] [6][0] [6][1] [6][0] [5][0] [4][0] [3][0] [3][1] [3][4] [3][1] [3][0] [2][0] [1][0] [0][0] 
[0][0] [0][0] [0][0] [0][1] [0][3] [0][5] [0][7] [0][9] [0][10] [0][15] [0][16] [0][17] [0][18] [0][19] [0][20] [0][22] [0][23] [0][29] [0][30] [0][32] [0][35] [0][41] [0][43] [0][45] [0][46] [1][46] [2][46] [3][46] [3][40] [3][39] [3][27] [3][26] [3][22] [3][21] [3][18] [3][12] [3][9] [3][0] [4][0] [5][0] [6][0] [6][11] [6][14] [6][18] [6][14] [6][11] [6][0] [7][0] [7][11] [7][20] [7][40] [7][46] [8][46] [8][40] [8][46] [9][46] [9][28] [9][11] [9][5] [9][0] [8][0] [8][3] [8][12] [8][3] [8][0] [7][0] [6][0] [5][0] [4][0] [3][0] [2][0] [1][0] [0][0] 
[0][0] [0][0] [0][0] [0][4] [0][5] [0][6] [0][7] [0][8] [0][10] [0][11] [0][12] [0][13] [0][14] [0][18] [0][20] [0][23] [0][24] [0][29] [0][31] [0][32] [0][34] [0][35] [0][38] [0][39] [0][40] [0][45] [0][46] [1][46] [2][46] [3][46] [3][35] [3][33] [3][28] [3][33] [3][35] [3][46] [4][46] [4][43] [4][40] [4][38] [4][36] [4][38] [4][40] [4][43] [4][46] [5][46] [5][28] [5][27] [5][28] [5][46] [6][46] [7][46] [7][44] [7][39] [7][28] [7][27] [7][26] [7][19] [7][11] [7][0] [8][0] [8][7] [8][12] [8][20] [8][21] [8][46] [9][46] [9][45] [9][40] [9][37] [9][35] [9][33] [9][10] [9][5] [9][0] [8][0] [7][0] [6][0] [6][6] [6][0] [5][0] [5][2] [5][0] [4][0] [4][3] [4][0] [3][0] [2][0] [1][0] [0][0] 
[0][0] [0][0] [0][0] [0][6] [0][8] [0][9] [0][10] [0][12] [0][19] [0][21] [0][22] [0][24] [0][27] [0][28] [0][29] [0][35] [0][36] [0][39] [0][40] [0][41] [0][44] [0][45] [0][46] [1][46] [2][46] [3][46] [4][46] [4][43] [4][33] [4][27] [4][17] [4][16] [4][0] [5][0] [5][15] [5][17] [5][19] [5][29] [5][46] [6][46] [7][46] [7][36] [7][46] [6][46] [6][43] [6][40] [6][26] [6][22] [6][15] [6][13] [6][0] [7][0] [7][1] [7][0] [8][0] [8][1] [8][6] [8][1] [8][0] [9][0] [9][3] [9][8] [9][16] [9][8] [9][3] [9][0] [8][0] [7][0] [6][0] [5][0] [4][0] [3][0] [3][3] [3][0] [2][0] [1][0] [0][0] 
[0][0] [0][0] [0][0] [0][2] [0][4] [0][5] [0][6] [0][8] [0][11] [0][12] [0][15] [0][21] [0][24] [0][25] [0][29] [0][30] [0][33] [0][35] [0][36] [0][39] [0][40] [0][41] [0][42] [0][43] [0][46] [1][46] [2][46] [3][46] [4][46] [4][42] [4][46] [5][46] [5][32] [5][31] [5][10] [5][7] [5][0] [6][0] [7][0] [7][6] [7][10] [7][14] [7][27] [7][33] [7][46] [8][46] [8][41] [8][27] [8][25] [8][21] [8][13] [8][0] [9][0] [9][2] [9][4] [9][2] [9][0] [8][0] [7][0] [6][0] [6][3] [6][6] [6][12] [6][15] [6][18] [6][38] [6][46] [5][46] [4][46] [3][46] [3][32] [3][30] [3][17] [3][16] [3][2] [3][0] [2][0] [1][0] [0][0] 
[0][0] [0][0] [0][0] [0][3] [0][4] [0][6] [0][7] [0][9] [0][11] [0][13] [0][16] [0][19] [0][20] [0][22] [0][25] [0][27] [0][28] [0][31] [0][33] [0][34] [0][36] [0][38] [0][41] [0][42] [0][44] [0][45] [0][46] [1][46] [2][46] [3][46] [3][28] [3][46] [4][46] [4][35] [4][27] [4][25] [4][0] [5][0] [5][8] [5][0] [6][0] [6][3] [6][4] [6][6] [6][14] [6][15] [6][20] [6][22] [6][23] [6][28] [6][32] [6][46] [7][46] [8][46] [8][40] [8][46] [7][46] [7][37] [7][21] [7][17] [7][15] [7][5] [7][0] [8][0] [8][2] [8][0] [7][0] [6][0] [5][0] [4][0] [3][0] [2][0] [1][0] [0][0] 
[0][0] [0][0] [0][0] [0][1] [0][7] [0][9] [0][10] [0][11] [0][12] [0][13] [0][14] [0][16] [0][17] [0][19] [0][20] [0][22] [0][23] [0][30] [0][31] [0][32] [0][35] [0][38] [0][39] [0][44] [0][45] [0][46] [1][46] [2][46] [3][46] [4][46] [4][40] [4][28] [4][20] [4][19] [4][20] [4][28] [4][40] [4][46] [5][46] [5][45] [5][42] [5][38] [5][42] [5][45] [5][46] [6][46] [6][43] [6][39] [6][43] [6][46] [7][46] [7][30] [7][29] [7][21] [7][12] [7][10] [7][0] [8][0] [8][2] [8][3] [8][8] [8][20] [8][21] [8][25] [8][37] [8][41] [8][42] [8][45] [8][46] [9][46] [9][41] [9][39] [9][36] [9][35] [9][26] [9][16] [9][10] [9][0] [8][0] [7][0] [6][0] [5][0] [4][0] [3][0] [2][0] [1][0] [0][0] 
[0][0] [0][0] [0][0] [0][1] [0][2] [0][3] [0][4] [0][6] [0][8] [0][9] [0][10] [0][13] [0][14] [0][15] [0][16] [0][17] [0][18] [0][21] [0][25] [0][28] [0][29] [0][30] [0][31] [0][40] [0][45] [0][46] [1][46] [2][46] [3][46] [4][46] [4][32] [4][27] [4][32] [4][46] [5][46] [5][26] [5][14] [5][12] [5][9] [5][6] [5][1] [5][0] [6][0] [6][10] [6][15] [6][10] [6][0] [7][0] [8][0] [9][0] [9][1] [9][0] [8][0] [8][16] [8][17] [8][28] [8][29] [8][40] [8][46] [9][46] [9][41] [9][36] [9][33] [9][36] [9][41] [9][46] [8][46] [7][46] [6][46] [5][46] [4][46] [3][46] [3][37] [3][27] [3][26] [3][22] [3][21] [3][15] [3][11] [3][9] [3][2] [3][0] [2][0] [1][0] [0][0] 
[0][0] [0][0] [0][0] [0][1] [0][5] [0][6] [0][7] [0][8] [0][10] [0][11] [0][14] [0][17] [0][19] [0][21] [0][23] [0][25] [0][27] [0][28] [0][30] [0][32] [0][33] [0][34] [0][35] [0][36] [0][37] [0][38] [0][42] [0][43] [0][44] [0][46] [1][46] [2][46] [3][46] [3][44] [3][40] [3][44] [3][46] [4][46] [5][46] [5][43] [5][38] [5][30] [5][28] [5][30] [5][38] [5][43] [5][46] [6][46] [6][36] [6][31] [6][23] [6][17] [6][13] [6][10] [6][0] [7][0] [7][7] [7][8] [7][19] [7][8] [7][7] [7][0] [8][0] [8][11] [8][13] [8][27] [8][31] [8][46] [9][46] [9][37] [9][19] [9][16] [9][0] [8][0] [7][0] [6][0] [5][0] [4][0] [4][3] [4][6] [4][12] [4][13] [4][12] [4][6] [4][3] [4][0] [3][0] [3][3] [3][5] [3][11] [3][5] [3][3] [3][0] [2][0] [1][0] [0][0] 
[0][0] [0][0] [0][0] [0][1] [0][9] [0][11] [0][13] [0][15] [0][17] [0][18] [0][21] [0][23] [0][26] [0][27] [0][28] [0][29] [0][31] [0][36] [0][38] [0][41] [0][42] [0][46] [1][46] [2][46] [3][46] [4][46] [4][42] [4][36] [4][35] [4][22] [4][17] [4][15] [4][7] [4][0] [5][0] [5][8] [5][14] [5][15] [5][28] [5][46] [6][46] [6][35] [6][29] [6][27] [6][29] [6][35] [6][46] [7][46] [7][27] [7][21] [7][19] [7][13] [7][0] [8][0] [8][6] [8][10] [8][11] [8][14] [8][17] [8][33] [8][39] [8][46] [9][46] [9][28] [9][23] [9][15] [9][11] [9][0] [8][0] [7][0] [6][0] [6][3] [6][4] [6][3] [6][0] [5][0] [4][0] [3][0] [3][3] [3][5] [3][11] [3][14] [3][11] [3][5] [3][3] [3][0] [2][0] [1][0] [0][0] 
[0][0] [0][0] [0][0] [0][2] [0][4] [0][6] [0][8] [0][13] [0][18] [0][19] [0][21] [0][22] [0][23] [0][24] [0][27] [0][28] [0][29] [0][31] [0][32] [0][33] [0][36] [0][37] [0][39] [0][41] [0][42] [0][44] [0][46] [1][46] [2][46] [3][46] [4][46] [4][44] [4][37] [4][24] [4][23] [4][7] [4][0] [5][0] [5][3] [5][0] [6][0] [6][1] [6][3] [6][19] [6][29] [6][30] [6][34] [6][38] [6][46] [7][46] [7][43] [7][33] [7][26] [7][25] [7][16] [7][0] [8][0] [8][12] [8][15] [8][22] [8][23] [8][46] [9][46] [9][40] [9][38] [9][24] [9][20] [9][16] [9][4] [9][0] [8][0] [7][0] [6][0] [5][0] [4][0] [3][0] [3][3] [3][5] [3][6] [3][5] [3][3] [3][0] [2][0] [1][0] [0][0] 
[0][0] [0][0] [0][0] [0][2] [0][6] [0][9] [0][10] [0][11] [0][12] [0][14] [0][16] [0][19] [0][21] [0][22] [0][27] [0][29] [0][30] [0][36] [0][38] [0][39] [0][40] [0][41] [0][43] [0][44] [0][45] [0][46] [1][46] [2][46] [3][46] [3][36] [3][30] [3][24] [3][7] [3][5] [3][0] [4][0] [4][6] [4][9] [4][12] [4][16] [4][39] [4][46] [5][46] [5][35] [5][33] [5][30] [5][33] [5][35] [5][46] [6][46] [6][43] [6][27] [6][23] [6][8] [6][7] [6][1] [6][0] [7][0] [7][8] [7][15] [7][18] [7][27] [7][28] [7][46] [8][46] [8][42] [8][46] [9][46] [9][30] [9][23] [9][3] [9][0] [8][0] [8][1] [8][0] [7][0] [6][0] [5][0] [5][5] [5][0] [4][0] [3][0] [2][0] [1][0] [0][0] 
[0][0] [0][0] [0][0] [0][1] [0][2] [0][4] [0][7] [0][10] [0][12] [0][13] [0][14] [0][17] [0][22] [0][23] [0][26] [0][27] [0][29] [0][30] [0][31] [0][32] [0][33] [0][34] [0][39] [0][40] [0][41] [0][43] [0][46] [1][46] [2][46] [3][46] [4][46] [4][42] [4][41] [4][40] [4][41] [4][42] [4][46] [5][46] [5][39] [5][38] [5][37] [5][33] [5][31] [5][21] [5][15] [5][12] [5][0] [6][0] [6][2] [6][19] [6][2] [6][0] [7][0] [8][0] [8][3] [8][4] [8][6] [8][8] [8][16] [8][19] [8][23] [8][32] [8][37] [8][40] [8][46] [9][46] [9][45] [9][40] [9][39] [9][24] [9][15] [9][5] [9][0] [8][0] [7][0] [6][0] [5][0] [4][0] [4][5] [4][0] [3][0] [3][1] [3][6] [3][17] [3][6] [3][1] [3][0] [2][0] [1][0] [0][0] 
[0][0] [0][0] [0][0] [0][3] [0][4] [0][5] [0][6] [0][9] [0][10] [0][12] [0][13] [0][14] [0][16] [0][18] [0][23] [0][31] [0][33] [0][34] [0][35] [0][36] [0][37] [0][39] [0][40] [0][42] [0][46] [1][46] [2][46] [3][46] [3][32] [3][26] [3][18] [3][16] [3][15] [3][2] [3][0] [4][0] [5][0] [5][13] [5][25] [5][26] [5][25] [5][13] [5][0] [6][0] [6][1] [6][8] [6][10] [6][21] [6][24] [6][32] [6][41] [6][46] [7][46] [7][41] [7][34] [7][33] [7][34] [7][41] [7][46] [8][46] [8][42] [8][41] [8][42] [8][46] [9][46] [9][41] [9][39] [9][14] [9][13] [9][6] [9][2] [9][0] [8][0] [8][2] [8][3] [8][10] [8][13] [8][14] [8][13] [8][10] [8][3] [8][2] [8][0] [7][0] [7][5] [7][0] [6][0] [5][0] [4][0] [3][0] [2][0] [1][0] [0][0] 
[0][0] [0][0] [0][0] [0][2] [0][3] [0][4] [0][9] [0][10] [0][12] [0][13] [0][20] [0][21] [0][22] [0][23] [0][25] [0][28] [0][30] [0][31] [0][32] [0][36] [0][40] [0][43] [0][45] [0][46] [1][46] [2][46] [3][46] [3][38] [3][46] [4][46] [4][45] [4][46] [5][46] [6][46] [6][38] [6][35] [6][32] [6][35] [6][38] [6][46] [7][46] [7][43] [7][38] [7][26] [7][20] [7][19] [7][18] [7][8] [7][6] [7][0] [8][0] [9][0] [9][1] [9][4] [9][5] [9][4] [9][1] [9][0] [8][0] [8][4] [8][7] [8][20] [8][28] [8][32] [8][40] [8][46] [7][46] [6][46] [5][46] [5][41] [5][21] [5][5] [5][0] [4][0] [4][4] [4][10] [4][15] [4][18] [4][15] [4][10] [4][4] [4][0] [3][0] [2][0] [1][0] [0][0] 
[0][0] [0][0] [0][0] [0][1] [0][2] [0][3] [0][5] [0][6] [0][8] [0][9] [0][10] [0][12] [0][13] [0][15] [0][18] [0][19] [0][20] [0][21] [0][24] [0][27] [0][30] [0][35] [0][36] [0][43] [0][44] [0][46] [1][46] [2][46] [3][46] [3][35] [3][26] [3][23] [3][8] [3][5] [3][4] [3][0] [4][0] [4][1] [4][13] [4][14] [4][28] [4][45] [4][46] [5][46] [5][40] [5][39] [5][40] [5][46] [6][46] [6][31] [6][30] [6][28] [6][23] [6][28] [6][30] [6][31] [6][46] [7][46] [7][44] [7][37] [7][35] [7][37] [7][44] [7][46] [8][46] [8][40] [8][25] [8][13] [8][7] [8][0] [9][0] [9][6] [9][9] [9][6] [9][0] [8][0] [7][0] [7][2] [7][0] [6][0] [5][0] [4][0] [3][0] [2][0] [1][0] [0][0] 
