4190
258.209
/home/fflorenci/jobprp_ga/reduced_instances/henn/abc2/reduced_warehouse_20.lyt
/home/fflorenci/jobprp_ga/reduced_instances/henn/abc2/reduced_warehouse_20l-60-75-0.ord
60
75
3
340
120
1
9 6 11 16 21 19 13 12 18 10 22 17 13 15 20 18 23 18 5 18 10 10 18 5 19 20 11 12 7 7 15 5 15 11 7 12 24 10 13 9 19 6 5 11 5 13 19 9 14 13 9 18 8 14 22 6 19 17 10 17 
11
19 58 31 41 6 52 55 34 
47 1 59 24 42 50 28 
56 29 23 44 4 11 
0 21 57 12 35 49 
2 33 5 45 7 39 
54 20 43 3 18 
46 38 37 53 51 
9 22 27 32 40 
36 10 26 8 
30 17 13 16 
14 15 48 25 
320
386
396
370
384
350
376
450
350
396
412
[0][0] [0][0] [0][0] [0][2] [0][3] [0][4] [0][5] [0][7] [0][8] [0][10] [0][11] [0][12] [0][14] [0][15] [0][16] [0][17] [0][18] [0][19] [0][20] [0][21] [0][22] [0][23] [0][24] [0][26] [0][27] [0][28] [0][29] [0][34] [0][35] [0][36] [0][38] [0][39] [0][41] [0][42] [0][43] [0][44] [0][46] [1][46] [2][46] [3][46] [4][46] [4][42] [4][46] [3][46] [3][31] [3][27] [3][18] [3][9] [3][0] [4][0] [4][9] [4][0] [5][0] [5][5] [5][0] [6][0] [6][5] [6][8] [6][5] [6][0] [7][0] [7][3] [7][20] [7][26] [7][33] [7][34] [7][38] [7][46] [8][46] [8][39] [8][21] [8][19] [8][16] [8][14] [8][12] [8][5] [8][3] [8][0] [7][0] [6][0] [5][0] [4][0] [3][0] [2][0] [1][0] [0][0] 
[0][0] [0][0] [0][0] [0][1] [0][3] [0][6] [0][7] [0][9] [0][11] [0][13] [0][22] [0][24] [0][25] [0][29] [0][30] [0][31] [0][32] [0][34] [0][35] [0][37] [0][38] [0][39] [0][40] [0][41] [0][43] [0][44] [0][46] [1][46] [2][46] [3][46] [3][38] [3][36] [3][26] [3][24] [3][21] [3][11] [3][9] [3][5] [3][0] [4][0] [4][13] [4][14] [4][16] [4][19] [4][37] [4][41] [4][44] [4][45] [4][46] [5][46] [6][46] [6][32] [6][46] [7][46] [7][43] [7][34] [7][33] [7][30] [7][29] [7][16] [7][14] [7][0] [8][0] [9][0] [9][12] [9][18] [9][34] [9][46] [8][46] [7][46] [6][46] [5][46] [5][45] [5][29] [5][21] [5][19] [5][14] [5][5] [5][0] [4][0] [3][0] [2][0] [1][0] [0][0] 
[0][0] [0][0] [0][0] [0][1] [0][2] [0][3] [0][4] [0][8] [0][9] [0][10] [0][12] [0][13] [0][14] [0][17] [0][18] [0][19] [0][20] [0][21] [0][25] [0][29] [0][30] [0][32] [0][34] [0][35] [0][36] [0][38] [0][39] [0][42] [0][46] [1][46] [2][46] [3][46] [4][46] [4][40] [4][33] [4][40] [4][46] [5][46] [5][43] [5][36] [5][25] [5][19] [5][16] [5][13] [5][12] [5][8] [5][7] [5][4] [5][0] [6][0] [7][0] [7][15] [7][18] [7][20] [7][29] [7][41] [7][46] [8][46] [9][46] [9][43] [9][41] [9][39] [9][41] [9][43] [9][46] [8][46] [8][29] [8][22] [8][19] [8][3] [8][0] [7][0] [6][0] [6][2] [6][19] [6][28] [6][44] [6][46] [5][46] [4][46] [3][46] [3][42] [3][36] [3][34] [3][32] [3][18] [3][7] [3][0] [2][0] [1][0] [0][0] 
[0][0] [0][0] [0][0] [0][2] [0][4] [0][5] [0][7] [0][8] [0][9] [0][10] [0][11] [0][13] [0][16] [0][18] [0][25] [0][26] [0][27] [0][29] [0][31] [0][32] [0][33] [0][35] [0][37] [0][38] [0][40] [0][42] [0][43] [0][45] [0][46] [1][46] [2][46] [3][46] [3][44] [3][40] [3][33] [3][31] [3][28] [3][25] [3][23] [3][21] [3][17] [3][5] [3][0] [4][0] [4][18] [4][19] [4][21] [4][23] [4][32] [4][36] [4][40] [4][42] [4][46] [5][46] [5][44] [5][37] [5][17] [5][14] [5][4] [5][0] [6][0] [6][4] [6][19] [6][30] [6][31] [6][46] [7][46] [7][44] [7][46] [8][46] [8][45] [8][46] [9][46] [9][43] [9][41] [9][40] [9][35] [9][33] [9][24] [9][19] [9][14] [9][7] [9][0] [8][0] [7][0] [7][1] [7][4] [7][1] [7][0] [6][0] [5][0] [4][0] [3][0] [2][0] [1][0] [0][0] 
[0][0] [0][0] [0][0] [0][1] [0][2] [0][5] [0][9] [0][11] [0][12] [0][14] [0][16] [0][18] [0][19] [0][20] [0][21] [0][22] [0][26] [0][29] [0][31] [0][32] [0][33] [0][36] [0][37] [0][38] [0][39] [0][42] [0][43] [0][46] [1][46] [2][46] [3][46] [3][44] [3][38] [3][34] [3][32] [3][24] [3][19] [3][14] [3][0] [4][0] [4][14] [4][17] [4][14] [4][0] [5][0] [5][13] [5][18] [5][19] [5][21] [5][25] [5][32] [5][42] [5][46] [6][46] [6][35] [6][31] [6][29] [6][19] [6][13] [6][4] [6][0] [7][0] [7][5] [7][8] [7][10] [7][11] [7][15] [7][17] [7][22] [7][25] [7][26] [7][31] [7][38] [7][42] [7][43] [7][46] [8][46] [8][40] [8][17] [8][15] [8][0] [7][0] [6][0] [5][0] [4][0] [3][0] [2][0] [1][0] [0][0] 
[0][0] [0][0] [0][0] [0][3] [0][4] [0][6] [0][7] [0][8] [0][12] [0][14] [0][15] [0][19] [0][21] [0][22] [0][24] [0][27] [0][30] [0][31] [0][33] [0][34] [0][38] [0][39] [0][40] [0][41] [0][43] [0][46] [1][46] [2][46] [3][46] [4][46] [5][46] [5][45] [5][35] [5][25] [5][23] [5][25] [5][35] [5][45] [5][46] [6][46] [6][44] [6][36] [6][27] [6][23] [6][16] [6][9] [6][8] [6][0] [7][0] [7][4] [7][11] [7][18] [7][11] [7][4] [7][0] [8][0] [8][1] [8][3] [8][12] [8][14] [8][19] [8][26] [8][28] [8][37] [8][46] [9][46] [9][33] [9][31] [9][23] [9][20] [9][18] [9][14] [9][0] [8][0] [7][0] [6][0] [5][0] [4][0] [3][0] [2][0] [1][0] [0][0] 
[0][0] [0][0] [0][0] [0][2] [0][3] [0][5] [0][8] [0][11] [0][12] [0][15] [0][16] [0][17] [0][19] [0][21] [0][22] [0][23] [0][24] [0][25] [0][26] [0][29] [0][31] [0][32] [0][34] [0][36] [0][37] [0][38] [0][39] [0][40] [0][41] [0][43] [0][45] [0][46] [1][46] [2][46] [3][46] [3][43] [3][37] [3][35] [3][13] [3][11] [3][0] [4][0] [4][3] [4][4] [4][5] [4][6] [4][18] [4][30] [4][32] [4][38] [4][46] [5][46] [6][46] [6][32] [6][31] [6][28] [6][26] [6][15] [6][0] [7][0] [7][1] [7][10] [7][20] [7][30] [7][41] [7][42] [7][46] [8][46] [8][40] [8][31] [8][21] [8][18] [8][12] [8][10] [8][0] [7][0] [6][0] [5][0] [5][4] [5][9] [5][13] [5][9] [5][4] [5][0] [4][0] [3][0] [2][0] [1][0] [0][0] 
[0][0] [0][0] [0][0] [0][1] [0][3] [0][5] [0][7] [0][8] [0][11] [0][12] [0][13] [0][14] [0][15] [0][17] [0][18] [0][19] [0][20] [0][21] [0][23] [0][24] [0][26] [0][29] [0][36] [0][40] [0][41] [0][42] [0][43] [0][46] [1][46] [2][46] [3][46] [3][32] [3][23] [3][18] [3][14] [3][8] [3][0] [4][0] [4][15] [4][22] [4][38] [4][40] [4][43] [4][45] [4][46] [5][46] [5][43] [5][32] [5][18] [5][17] [5][0] [6][0] [6][1] [6][16] [6][24] [6][26] [6][46] [7][46] [7][41] [7][35] [7][31] [7][30] [7][20] [7][17] [7][0] [8][0] [8][11] [8][16] [8][19] [8][20] [8][26] [8][28] [8][32] [8][46] [9][46] [9][28] [9][26] [9][25] [9][20] [9][11] [9][0] [8][0] [7][0] [6][0] [5][0] [4][0] [3][0] [2][0] [1][0] [0][0] 
[0][0] [0][0] [0][0] [0][1] [0][2] [0][4] [0][5] [0][6] [0][8] [0][10] [0][11] [0][13] [0][14] [0][15] [0][16] [0][17] [0][18] [0][19] [0][20] [0][21] [0][22] [0][28] [0][31] [0][32] [0][35] [0][37] [0][40] [0][41] [0][42] [0][43] [0][45] [0][46] [1][46] [2][46] [3][46] [4][46] [4][42] [4][40] [4][34] [4][33] [4][28] [4][26] [4][24] [4][10] [4][8] [4][4] [4][0] [5][0] [5][2] [5][21] [5][26] [5][37] [5][38] [5][46] [6][46] [6][31] [6][21] [6][15] [6][0] [7][0] [7][5] [7][18] [7][43] [7][46] [8][46] [8][40] [8][33] [8][26] [8][23] [8][22] [8][12] [8][10] [8][6] [8][3] [8][0] [7][0] [6][0] [5][0] [4][0] [3][0] [2][0] [1][0] [0][0] 
[0][0] [0][0] [0][0] [0][1] [0][2] [0][3] [0][5] [0][6] [0][8] [0][9] [0][12] [0][18] [0][20] [0][21] [0][23] [0][28] [0][30] [0][36] [0][37] [0][38] [0][39] [0][41] [0][42] [0][45] [0][46] [1][46] [2][46] [3][46] [3][45] [3][42] [3][37] [3][36] [3][30] [3][22] [3][8] [3][7] [3][0] [4][0] [4][4] [4][0] [5][0] [5][29] [5][32] [5][33] [5][38] [5][41] [5][46] [6][46] [6][27] [6][21] [6][8] [6][7] [6][3] [6][0] [7][0] [7][8] [7][15] [7][17] [7][26] [7][28] [7][31] [7][33] [7][42] [7][46] [8][46] [8][37] [8][35] [8][31] [8][35] [8][37] [8][46] [9][46] [9][35] [9][26] [9][25] [9][22] [9][19] [9][2] [9][0] [8][0] [7][0] [6][0] [5][0] [4][0] [3][0] [2][0] [1][0] [0][0] 
[0][0] [0][0] [0][0] [0][2] [0][3] [0][5] [0][6] [0][7] [0][8] [0][10] [0][11] [0][12] [0][14] [0][16] [0][17] [0][18] [0][20] [0][22] [0][24] [0][28] [0][30] [0][32] [0][33] [0][35] [0][37] [0][40] [0][41] [0][42] [0][44] [0][45] [0][46] [1][46] [2][46] [3][46] [3][34] [3][31] [3][25] [3][22] [3][19] [3][18] [3][7] [3][0] [4][0] [4][3] [4][10] [4][11] [4][16] [4][11] [4][10] [4][3] [4][0] [5][0] [5][9] [5][14] [5][15] [5][23] [5][43] [5][46] [6][46] [6][39] [6][28] [6][23] [6][19] [6][0] [7][0] [7][9] [7][10] [7][9] [7][0] [8][0] [8][15] [8][17] [8][22] [8][26] [8][28] [8][41] [8][46] [9][46] [9][40] [9][27] [9][24] [9][14] [9][5] [9][0] [8][0] [7][0] [6][0] [5][0] [4][0] [3][0] [2][0] [1][0] [0][0] 
