3086
144.894
/home/fflorenci/jobprp_ga/reduced_instances/henn/abc2/reduced_warehouse_12.lyt
/home/fflorenci/jobprp_ga/reduced_instances/henn/abc2/reduced_warehouse_12l-40-75-0.ord
40
75
11
340
120
1
6 13 16 24 14 23 14 8 5 6 15 16 19 7 13 18 17 15 17 22 17 17 14 10 6 18 24 13 11 14 5 21 8 23 9 22 20 13 8 14 
8
15 28 37 0 13 22 8 
25 38 29 20 9 32 
10 16 27 36 23 
21 30 31 3 7 
2 4 12 17 24 
6 33 5 14 
26 19 11 1 
18 34 35 39 
340
368
354
400
408
394
442
380
[0][0] [0][0] [0][0] [0][1] [0][3] [0][4] [0][5] [0][6] [0][7] [0][8] [0][10] [0][11] [0][12] [0][13] [0][14] [0][15] [0][16] [0][18] [0][20] [0][23] [0][24] [0][25] [0][26] [0][27] [0][28] [0][29] [0][30] [0][32] [0][34] [0][35] [0][36] [0][39] [0][41] [0][42] [0][43] [0][44] [0][45] [0][46] [1][46] [2][46] [3][46] [3][37] [3][46] [4][46] [4][42] [4][46] [5][46] [5][44] [5][42] [5][32] [5][31] [5][30] [5][28] [5][30] [5][31] [5][32] [5][42] [5][44] [5][46] [6][46] [7][46] [8][46] [9][46] [9][41] [9][36] [9][41] [9][46] [8][46] [7][46] [7][45] [7][44] [7][42] [7][27] [7][13] [7][11] [7][0] [8][0] [8][2] [8][6] [8][12] [8][6] [8][2] [8][0] [7][0] [6][0] [6][6] [6][8] [6][13] [6][19] [6][13] [6][8] [6][6] [6][0] [5][0] [4][0] [4][7] [4][0] [3][0] [2][0] [1][0] [0][0] 
[0][0] [0][0] [0][0] [0][1] [0][2] [0][3] [0][4] [0][5] [0][6] [0][7] [0][8] [0][11] [0][15] [0][17] [0][20] [0][21] [0][22] [0][25] [0][28] [0][29] [0][32] [0][35] [0][36] [0][38] [0][39] [0][40] [0][42] [0][43] [0][46] [1][46] [2][46] [3][46] [3][43] [3][40] [3][36] [3][26] [3][25] [3][24] [3][25] [3][26] [3][36] [3][40] [3][43] [3][46] [4][46] [5][46] [6][46] [6][43] [6][25] [6][24] [6][13] [6][0] [7][0] [7][3] [7][7] [7][11] [7][19] [7][11] [7][7] [7][3] [7][0] [8][0] [8][19] [8][22] [8][24] [8][25] [8][26] [8][28] [8][29] [8][32] [8][38] [8][44] [8][46] [9][46] [9][43] [9][35] [9][32] [9][29] [9][18] [9][15] [9][11] [9][6] [9][0] [8][0] [7][0] [6][0] [5][0] [4][0] [4][1] [4][8] [4][1] [4][0] [3][0] [3][1] [3][0] [2][0] [1][0] [0][0] 
[0][0] [0][0] [0][0] [0][1] [0][2] [0][4] [0][7] [0][9] [0][10] [0][11] [0][14] [0][15] [0][16] [0][19] [0][23] [0][25] [0][30] [0][32] [0][33] [0][36] [0][37] [0][38] [0][40] [0][43] [0][44] [0][45] [0][46] [1][46] [2][46] [3][46] [3][36] [3][34] [3][23] [3][16] [3][0] [4][0] [4][2] [4][8] [4][10] [4][11] [4][20] [4][22] [4][23] [4][24] [4][26] [4][29] [4][32] [4][40] [4][41] [4][44] [4][46] [5][46] [5][45] [5][40] [5][31] [5][29] [5][15] [5][14] [5][10] [5][4] [5][0] [6][0] [6][6] [6][15] [6][16] [6][22] [6][31] [6][33] [6][42] [6][46] [7][46] [7][43] [7][46] [8][46] [8][45] [8][40] [8][29] [8][15] [8][8] [8][5] [8][0] [7][0] [6][0] [5][0] [4][0] [3][0] [2][0] [1][0] [0][0] 
[0][0] [0][0] [0][0] [0][2] [0][4] [0][5] [0][6] [0][7] [0][8] [0][10] [0][11] [0][12] [0][14] [0][17] [0][18] [0][22] [0][23] [0][25] [0][27] [0][29] [0][30] [0][31] [0][32] [0][34] [0][36] [0][37] [0][40] [0][41] [0][43] [0][46] [1][46] [2][46] [3][46] [3][38] [3][27] [3][25] [3][24] [3][22] [3][20] [3][16] [3][13] [3][12] [3][6] [3][0] [4][0] [4][2] [4][12] [4][14] [4][15] [4][27] [4][28] [4][32] [4][36] [4][41] [4][46] [5][46] [6][46] [6][45] [6][33] [6][45] [6][46] [7][46] [7][41] [7][36] [7][33] [7][32] [7][15] [7][11] [7][10] [7][9] [7][6] [7][0] [8][0] [9][0] [9][1] [9][2] [9][4] [9][8] [9][4] [9][2] [9][1] [9][0] [8][0] [8][16] [8][17] [8][22] [8][40] [8][46] [7][46] [6][46] [5][46] [5][26] [5][13] [5][9] [5][0] [4][0] [3][0] [2][0] [1][0] [0][0] 
[0][0] [0][0] [0][0] [0][2] [0][3] [0][5] [0][8] [0][9] [0][11] [0][13] [0][14] [0][18] [0][20] [0][22] [0][23] [0][27] [0][29] [0][30] [0][33] [0][34] [0][36] [0][39] [0][43] [0][44] [0][46] [1][46] [2][46] [3][46] [4][46] [4][45] [4][42] [4][34] [4][27] [4][26] [4][21] [4][19] [4][16] [4][0] [5][0] [5][3] [5][0] [6][0] [6][2] [6][8] [6][15] [6][20] [6][28] [6][34] [6][41] [6][46] [7][46] [7][34] [7][29] [7][28] [7][3] [7][0] [8][0] [8][1] [8][8] [8][9] [8][27] [8][29] [8][32] [8][38] [8][46] [9][46] [9][40] [9][32] [9][26] [9][23] [9][16] [9][8] [9][3] [9][1] [9][0] [8][0] [7][0] [6][0] [5][0] [4][0] [3][0] [3][4] [3][21] [3][4] [3][0] [2][0] [1][0] [0][0] 
[0][0] [0][0] [0][0] [0][1] [0][3] [0][4] [0][5] [0][9] [0][12] [0][13] [0][14] [0][15] [0][16] [0][18] [0][22] [0][23] [0][24] [0][25] [0][29] [0][31] [0][33] [0][37] [0][39] [0][40] [0][41] [0][42] [0][44] [0][45] [0][46] [1][46] [2][46] [3][46] [4][46] [4][33] [4][31] [4][30] [4][28] [4][30] [4][31] [4][33] [4][46] [5][46] [5][39] [5][31] [5][29] [5][25] [5][23] [5][6] [5][0] [6][0] [7][0] [8][0] [8][2] [8][4] [8][13] [8][14] [8][16] [8][31] [8][46] [9][46] [9][32] [9][29] [9][25] [9][20] [9][19] [9][15] [9][0] [8][0] [7][0] [7][2] [7][13] [7][14] [7][15] [7][17] [7][22] [7][46] [6][46] [6][45] [6][46] [5][46] [4][46] [3][46] [3][40] [3][33] [3][14] [3][10] [3][0] [2][0] [1][0] [0][0] 
[0][0] [0][0] [0][0] [0][3] [0][9] [0][10] [0][11] [0][12] [0][15] [0][16] [0][17] [0][18] [0][19] [0][20] [0][24] [0][26] [0][28] [0][29] [0][30] [0][31] [0][32] [0][33] [0][34] [0][35] [0][36] [0][38] [0][39] [0][42] [0][43] [0][44] [0][45] [0][46] [1][46] [2][46] [3][46] [3][39] [3][29] [3][17] [3][7] [3][0] [4][0] [4][21] [4][27] [4][29] [4][33] [4][39] [4][46] [5][46] [6][46] [7][46] [7][45] [7][38] [7][37] [7][31] [7][30] [7][24] [7][20] [7][0] [8][0] [8][2] [8][3] [8][4] [8][6] [8][21] [8][24] [8][32] [8][46] [9][46] [9][32] [9][29] [9][22] [9][17] [9][10] [9][1] [9][0] [8][0] [7][0] [6][0] [6][9] [6][11] [6][12] [6][21] [6][12] [6][11] [6][9] [6][0] [5][0] [5][1] [5][7] [5][10] [5][20] [5][10] [5][7] [5][1] [5][0] [4][0] [3][0] [2][0] [1][0] [0][0] 
[0][0] [0][0] [0][0] [0][3] [0][5] [0][6] [0][7] [0][12] [0][13] [0][15] [0][17] [0][19] [0][21] [0][23] [0][28] [0][29] [0][31] [0][32] [0][34] [0][37] [0][40] [0][41] [0][43] [0][44] [0][45] [0][46] [1][46] [2][46] [3][46] [4][46] [4][35] [4][30] [4][6] [4][0] [5][0] [5][1] [5][7] [5][12] [5][17] [5][23] [5][26] [5][34] [5][38] [5][41] [5][46] [6][46] [7][46] [7][42] [7][39] [7][42] [7][46] [8][46] [8][39] [8][34] [8][28] [8][16] [8][15] [8][7] [8][0] [9][0] [9][10] [9][16] [9][36] [9][37] [9][46] [8][46] [7][46] [6][46] [6][35] [6][34] [6][27] [6][21] [6][6] [6][0] [5][0] [4][0] [3][0] [3][4] [3][0] [2][0] [1][0] [0][0] 
