5368
289.446
/home/fflorenci/jobprp_ga/reduced_instances/henn/abc2/reduced_warehouse_19.lyt
/home/fflorenci/jobprp_ga/reduced_instances/henn/abc2/reduced_warehouse_19l-60-60-0.ord
60
60
16
340
120
1
18 9 10 19 6 7 5 23 15 22 13 17 22 18 5 12 13 11 19 12 18 20 6 17 13 18 21 11 19 15 6 23 18 17 18 9 20 6 11 16 19 10 23 14 5 13 6 6 11 22 23 15 6 19 6 11 10 13 15 21 
15
4 27 10 56 22 14 1 
46 55 54 47 52 20 
12 38 11 6 44 
37 32 49 24 
35 3 53 45 
16 41 28 33 
43 8 0 15 
5 13 17 7 
19 21 23 30 
2 48 31 39 
9 29 36 
58 59 18 
42 57 26 
50 51 40 
34 25 
284
276
382
360
376
346
390
370
368
394
370
348
354
408
342
[0][0] [0][0] [0][0] [0][1] [0][5] [0][6] [0][7] [0][9] [0][10] [0][11] [0][14] [0][16] [0][19] [0][21] [0][22] [0][23] [0][25] [0][28] [0][29] [0][30] [0][31] [0][33] [0][35] [0][36] [0][39] [0][41] [0][42] [0][44] [0][45] [0][46] [1][46] [2][46] [3][46] [3][34] [3][28] [3][0] [4][0] [4][13] [4][14] [4][15] [4][19] [4][31] [4][36] [4][46] [5][46] [6][46] [7][46] [7][44] [7][46] [8][46] [8][45] [8][38] [8][32] [8][29] [8][15] [8][13] [8][8] [8][2] [8][0] [7][0] [7][4] [7][5] [7][4] [7][0] [6][0] [6][4] [6][6] [6][4] [6][0] [5][0] [4][0] [3][0] [2][0] [1][0] [0][0] 
[0][0] [0][0] [0][0] [0][2] [0][3] [0][4] [0][5] [0][6] [0][8] [0][16] [0][19] [0][20] [0][21] [0][23] [0][24] [0][28] [0][29] [0][30] [0][34] [0][36] [0][40] [0][43] [0][45] [0][46] [1][46] [2][46] [3][46] [3][45] [3][46] [4][46] [4][44] [4][46] [5][46] [6][46] [6][45] [6][46] [7][46] [7][45] [7][44] [7][40] [7][39] [7][34] [7][30] [7][24] [7][30] [7][34] [7][39] [7][40] [7][44] [7][45] [7][46] [8][46] [9][46] [9][45] [9][33] [9][21] [9][16] [9][11] [9][7] [9][1] [9][0] [8][0] [7][0] [7][2] [7][0] [6][0] [6][3] [6][6] [6][3] [6][0] [5][0] [5][7] [5][8] [5][9] [5][16] [5][9] [5][8] [5][7] [5][0] [4][0] [3][0] [3][2] [3][0] [2][0] [1][0] [0][0] 
[0][0] [0][0] [0][0] [0][1] [0][3] [0][4] [0][6] [0][8] [0][9] [0][10] [0][12] [0][15] [0][16] [0][17] [0][18] [0][19] [0][20] [0][21] [0][26] [0][29] [0][33] [0][34] [0][37] [0][40] [0][44] [0][46] [1][46] [2][46] [3][46] [4][46] [4][36] [4][28] [4][13] [4][0] [5][0] [5][5] [5][7] [5][18] [5][27] [5][28] [5][29] [5][40] [5][46] [6][46] [6][41] [6][38] [6][34] [6][25] [6][22] [6][17] [6][11] [6][0] [7][0] [7][19] [7][22] [7][28] [7][32] [7][37] [7][38] [7][44] [7][46] [8][46] [8][45] [8][40] [8][30] [8][17] [8][12] [8][3] [8][1] [8][0] [9][0] [9][11] [9][0] [8][0] [7][0] [6][0] [5][0] [4][0] [3][0] [2][0] [1][0] [0][0] 
[0][0] [0][0] [0][0] [0][2] [0][4] [0][5] [0][7] [0][9] [0][10] [0][11] [0][12] [0][17] [0][18] [0][19] [0][20] [0][21] [0][22] [0][27] [0][28] [0][31] [0][32] [0][39] [0][41] [0][43] [0][44] [0][45] [0][46] [1][46] [2][46] [3][46] [3][33] [3][23] [3][14] [3][9] [3][2] [3][0] [4][0] [5][0] [5][10] [5][18] [5][42] [5][46] [6][46] [6][44] [6][42] [6][44] [6][46] [7][46] [7][45] [7][46] [8][46] [9][46] [9][44] [9][42] [9][22] [9][21] [9][10] [9][2] [9][0] [8][0] [8][8] [8][9] [8][11] [8][15] [8][25] [8][15] [8][11] [8][9] [8][8] [8][0] [7][0] [7][3] [7][13] [7][3] [7][0] [6][0] [6][2] [6][4] [6][2] [6][0] [5][0] [4][0] [3][0] [2][0] [1][0] [0][0] 
[0][0] [0][0] [0][0] [0][2] [0][6] [0][7] [0][8] [0][9] [0][10] [0][11] [0][12] [0][13] [0][14] [0][16] [0][19] [0][20] [0][21] [0][23] [0][24] [0][25] [0][26] [0][28] [0][29] [0][30] [0][31] [0][32] [0][34] [0][37] [0][39] [0][41] [0][43] [0][44] [0][46] [1][46] [2][46] [3][46] [3][33] [3][19] [3][7] [3][4] [3][0] [4][0] [4][1] [4][3] [4][11] [4][15] [4][23] [4][32] [4][46] [5][46] [5][42] [5][26] [5][16] [5][10] [5][7] [5][0] [6][0] [6][14] [6][28] [6][46] [7][46] [8][46] [9][46] [9][40] [9][37] [9][29] [9][19] [9][0] [8][0] [7][0] [7][8] [7][0] [6][0] [5][0] [4][0] [3][0] [2][0] [1][0] [0][0] 
[0][0] [0][0] [0][0] [0][1] [0][2] [0][3] [0][4] [0][7] [0][8] [0][9] [0][10] [0][12] [0][13] [0][14] [0][17] [0][19] [0][22] [0][23] [0][24] [0][27] [0][29] [0][32] [0][33] [0][34] [0][35] [0][36] [0][39] [0][40] [0][41] [0][43] [0][45] [0][46] [1][46] [2][46] [3][46] [3][45] [3][43] [3][35] [3][18] [3][16] [3][7] [3][6] [3][4] [3][1] [3][0] [4][0] [4][7] [4][22] [4][26] [4][41] [4][46] [5][46] [6][46] [7][46] [8][46] [8][42] [8][46] [9][46] [9][44] [9][46] [8][46] [7][46] [7][31] [7][24] [7][10] [7][5] [7][0] [6][0] [6][5] [6][8] [6][5] [6][0] [5][0] [5][9] [5][12] [5][18] [5][26] [5][18] [5][12] [5][9] [5][0] [4][0] [3][0] [2][0] [1][0] [0][0] 
[0][0] [0][0] [0][0] [0][8] [0][10] [0][11] [0][15] [0][17] [0][18] [0][19] [0][20] [0][21] [0][23] [0][24] [0][25] [0][27] [0][28] [0][31] [0][32] [0][35] [0][36] [0][37] [0][41] [0][42] [0][44] [0][45] [0][46] [1][46] [2][46] [3][46] [3][34] [3][22] [3][15] [3][13] [3][11] [3][0] [4][0] [4][11] [4][18] [4][21] [4][28] [4][35] [4][38] [4][46] [5][46] [6][46] [6][35] [6][34] [6][29] [6][27] [6][24] [6][19] [6][13] [6][11] [6][0] [7][0] [7][9] [7][16] [7][23] [7][25] [7][30] [7][39] [7][46] [8][46] [8][41] [8][32] [8][41] [8][46] [9][46] [9][23] [9][18] [9][17] [9][15] [9][0] [8][0] [8][2] [8][0] [7][0] [6][0] [5][0] [4][0] [3][0] [2][0] [1][0] [0][0] 
[0][0] [0][0] [0][0] [0][5] [0][6] [0][8] [0][9] [0][14] [0][15] [0][16] [0][17] [0][18] [0][22] [0][24] [0][25] [0][28] [0][31] [0][33] [0][34] [0][35] [0][37] [0][43] [0][44] [0][45] [0][46] [1][46] [2][46] [3][46] [3][34] [3][30] [3][27] [3][25] [3][19] [3][18] [3][17] [3][10] [3][0] [4][0] [4][13] [4][14] [4][24] [4][30] [4][36] [4][44] [4][46] [5][46] [5][40] [5][23] [5][19] [5][8] [5][7] [5][0] [6][0] [6][6] [6][21] [6][31] [6][37] [6][45] [6][46] [7][46] [8][46] [8][43] [8][29] [8][24] [8][1] [8][0] [9][0] [9][4] [9][5] [9][4] [9][0] [8][0] [7][0] [6][0] [5][0] [4][0] [3][0] [2][0] [1][0] [0][0] 
[0][0] [0][0] [0][0] [0][1] [0][2] [0][3] [0][4] [0][8] [0][9] [0][11] [0][12] [0][15] [0][17] [0][18] [0][19] [0][20] [0][22] [0][23] [0][25] [0][35] [0][37] [0][40] [0][41] [0][42] [0][44] [0][46] [1][46] [2][46] [3][46] [4][46] [4][41] [4][46] [5][46] [5][32] [5][27] [5][11] [5][7] [5][1] [5][0] [6][0] [7][0] [8][0] [8][20] [8][26] [8][28] [8][31] [8][45] [8][46] [9][46] [9][23] [9][18] [9][15] [9][5] [9][2] [9][0] [8][0] [7][0] [7][1] [7][2] [7][7] [7][11] [7][14] [7][21] [7][24] [7][26] [7][33] [7][46] [6][46] [5][46] [4][46] [3][46] [3][28] [3][25] [3][18] [3][9] [3][0] [2][0] [1][0] [0][0] 
[0][0] [0][0] [0][0] [0][3] [0][4] [0][5] [0][7] [0][9] [0][11] [0][12] [0][13] [0][15] [0][16] [0][17] [0][18] [0][20] [0][21] [0][22] [0][23] [0][25] [0][29] [0][30] [0][34] [0][37] [0][38] [0][40] [0][42] [0][43] [0][44] [0][45] [0][46] [1][46] [2][46] [3][46] [3][43] [3][39] [3][29] [3][24] [3][29] [3][39] [3][43] [3][46] [4][46] [5][46] [6][46] [6][34] [6][31] [6][15] [6][9] [6][6] [6][0] [7][0] [7][3] [7][14] [7][19] [7][14] [7][3] [7][0] [8][0] [8][8] [8][17] [8][21] [8][22] [8][28] [8][46] [9][46] [9][45] [9][36] [9][35] [9][19] [9][2] [9][0] [8][0] [7][0] [6][0] [5][0] [4][0] [4][18] [4][22] [4][18] [4][0] [3][0] [2][0] [1][0] [0][0] 
[0][0] [0][0] [0][0] [0][3] [0][4] [0][6] [0][7] [0][13] [0][14] [0][15] [0][18] [0][19] [0][20] [0][21] [0][22] [0][24] [0][25] [0][26] [0][27] [0][30] [0][33] [0][34] [0][36] [0][37] [0][38] [0][39] [0][40] [0][45] [0][46] [1][46] [2][46] [3][46] [3][29] [3][25] [3][14] [3][0] [4][0] [4][5] [4][0] [5][0] [5][11] [5][19] [5][21] [5][24] [5][46] [6][46] [6][44] [6][41] [6][36] [6][30] [6][28] [6][27] [6][26] [6][17] [6][0] [7][0] [8][0] [8][10] [8][24] [8][34] [8][39] [8][44] [8][46] [9][46] [9][38] [9][35] [9][34] [9][17] [9][15] [9][0] [8][0] [7][0] [6][0] [5][0] [4][0] [3][0] [2][0] [1][0] [0][0] 
[0][0] [0][0] [0][0] [0][1] [0][3] [0][4] [0][5] [0][9] [0][10] [0][13] [0][18] [0][21] [0][22] [0][23] [0][24] [0][28] [0][30] [0][31] [0][34] [0][37] [0][39] [0][43] [0][44] [0][45] [0][46] [1][46] [2][46] [3][46] [3][43] [3][46] [4][46] [4][45] [4][30] [4][25] [4][4] [4][0] [5][0] [5][14] [5][15] [5][19] [5][15] [5][14] [5][0] [6][0] [6][17] [6][24] [6][40] [6][41] [6][46] [7][46] [7][39] [7][38] [7][34] [7][33] [7][34] [7][38] [7][39] [7][46] [8][46] [9][46] [9][42] [9][46] [8][46] [8][36] [8][27] [8][24] [8][1] [8][0] [7][0] [7][1] [7][0] [6][0] [5][0] [4][0] [3][0] [3][2] [3][0] [2][0] [1][0] [0][0] 
[0][0] [0][0] [0][0] [0][2] [0][4] [0][6] [0][7] [0][9] [0][11] [0][12] [0][16] [0][17] [0][18] [0][19] [0][21] [0][22] [0][23] [0][24] [0][27] [0][31] [0][32] [0][35] [0][36] [0][37] [0][45] [0][46] [1][46] [2][46] [3][46] [4][46] [4][39] [4][27] [4][26] [4][20] [4][0] [5][0] [5][8] [5][16] [5][22] [5][25] [5][38] [5][40] [5][41] [5][46] [6][46] [7][46] [7][31] [7][28] [7][31] [7][46] [8][46] [8][43] [8][27] [8][15] [8][9] [8][6] [8][4] [8][0] [9][0] [9][4] [9][6] [9][4] [9][0] [8][0] [7][0] [7][5] [7][0] [6][0] [5][0] [4][0] [3][0] [3][14] [3][0] [2][0] [1][0] [0][0] 
[0][0] [0][0] [0][0] [0][2] [0][3] [0][4] [0][5] [0][8] [0][9] [0][12] [0][13] [0][14] [0][15] [0][17] [0][23] [0][24] [0][25] [0][27] [0][29] [0][31] [0][33] [0][40] [0][41] [0][43] [0][46] [1][46] [2][46] [3][46] [3][30] [3][28] [3][30] [3][46] [4][46] [4][44] [4][43] [4][44] [4][46] [5][46] [5][38] [5][37] [5][38] [5][46] [6][46] [6][44] [6][33] [6][27] [6][26] [6][20] [6][13] [6][6] [6][0] [7][0] [7][23] [7][35] [7][44] [7][46] [8][46] [8][41] [8][46] [9][46] [9][36] [9][31] [9][25] [9][10] [9][9] [9][0] [8][0] [8][3] [8][16] [8][17] [8][16] [8][3] [8][0] [7][0] [6][0] [5][0] [5][5] [5][13] [5][5] [5][0] [4][0] [4][1] [4][5] [4][8] [4][5] [4][1] [4][0] [3][0] [2][0] [1][0] [0][0] 
[0][0] [0][0] [0][0] [0][10] [0][11] [0][12] [0][13] [0][16] [0][20] [0][21] [0][24] [0][27] [0][30] [0][33] [0][38] [0][39] [0][45] [0][46] [1][46] [2][46] [3][46] [4][46] [4][24] [4][22] [4][13] [4][0] [5][0] [5][8] [5][20] [5][23] [5][20] [5][8] [5][0] [6][0] [6][3] [6][6] [6][3] [6][0] [7][0] [7][1] [7][7] [7][28] [7][38] [7][46] [8][46] [9][46] [9][35] [9][29] [9][24] [9][9] [9][0] [8][0] [8][4] [8][0] [7][0] [6][0] [5][0] [4][0] [3][0] [3][3] [3][0] [2][0] [1][0] [0][0] 
