7036
585.591
/home/fflorenci/jobprp_ga/reduced_instances/henn/abc2/reduced_warehouse_56.lyt
/home/fflorenci/jobprp_ga/reduced_instances/henn/abc2/reduced_warehouse_56l-100-75-0.ord
100
75
1
340
120
1
17 17 16 10 6 12 20 15 18 18 10 9 16 13 9 8 9 19 8 21 11 5 16 16 14 5 21 15 11 21 20 12 16 8 13 21 5 8 8 19 7 23 10 17 9 18 8 5 8 19 5 6 14 18 20 5 6 22 24 23 12 16 14 10 13 20 16 15 16 24 14 13 17 18 5 16 8 16 16 18 19 11 21 16 15 21 19 12 19 13 11 6 23 6 13 23 10 9 8 23 
19
91 38 4 51 17 79 25 47 
89 63 42 3 20 33 93 36 
37 65 46 27 48 97 21 
78 69 61 18 50 74 
76 75 52 81 16 13 
84 92 23 31 14 
77 43 9 53 56 
1 62 54 88 55 
12 95 86 44 15 
83 7 64 24 22 
19 34 98 99 10 
68 49 0 2 40 
45 5 96 29 11 
8 28 60 80 87 
41 35 67 32 
57 70 73 82 
6 30 94 39 
66 58 85 90 
26 59 71 72 
350
268
322
332
372
360
450
370
344
350
366
394
358
372
386
422
384
400
436
[0][0] [0][0] [0][0] [0][3] [0][6] [0][8] [0][9] [0][10] [0][16] [0][17] [0][18] [0][20] [0][21] [0][22] [0][26] [0][28] [0][29] [0][32] [0][33] [0][34] [0][35] [0][36] [0][39] [0][40] [0][41] [0][43] [0][46] [1][46] [2][46] [3][46] [3][38] [3][34] [3][27] [3][19] [3][16] [3][9] [3][0] [4][0] [4][5] [4][6] [4][11] [4][17] [4][22] [4][23] [4][27] [4][40] [4][43] [4][44] [4][46] [5][46] [5][35] [5][19] [5][14] [5][12] [5][2] [5][0] [6][0] [6][11] [6][21] [6][27] [6][29] [6][30] [6][35] [6][36] [6][37] [6][46] [7][46] [8][46] [8][42] [8][37] [8][22] [8][15] [8][8] [8][0] [7][0] [6][0] [5][0] [4][0] [3][0] [2][0] [1][0] [0][0] 
[0][0] [0][0] [0][0] [0][1] [0][3] [0][7] [0][8] [0][9] [0][13] [0][15] [0][16] [0][17] [0][19] [0][20] [0][22] [0][23] [0][24] [0][27] [0][28] [0][29] [0][30] [0][32] [0][33] [0][35] [0][37] [0][39] [0][40] [0][41] [0][43] [0][44] [0][45] [0][46] [1][46] [2][46] [3][46] [4][46] [5][46] [5][44] [5][41] [5][44] [5][46] [6][46] [7][46] [7][40] [7][30] [7][20] [7][19] [7][13] [7][12] [7][9] [7][0] [8][0] [8][4] [8][7] [8][15] [8][17] [8][22] [8][30] [8][31] [8][36] [8][39] [8][46] [7][46] [6][46] [5][46] [4][46] [4][36] [4][30] [4][16] [4][4] [4][0] [3][0] [2][0] [1][0] [0][0] 
[0][0] [0][0] [0][0] [0][1] [0][2] [0][3] [0][4] [0][6] [0][11] [0][12] [0][14] [0][15] [0][16] [0][19] [0][22] [0][24] [0][25] [0][26] [0][27] [0][28] [0][29] [0][30] [0][32] [0][33] [0][34] [0][35] [0][36] [0][40] [0][41] [0][42] [0][43] [0][44] [0][45] [0][46] [1][46] [2][46] [3][46] [3][44] [3][31] [3][28] [3][22] [3][20] [3][16] [3][8] [3][5] [3][0] [4][0] [4][1] [4][3] [4][13] [4][15] [4][26] [4][27] [4][44] [4][46] [5][46] [5][30] [5][46] [6][46] [7][46] [8][46] [9][46] [9][39] [9][38] [9][28] [9][23] [9][21] [9][13] [9][0] [8][0] [8][2] [8][5] [8][2] [8][0] [7][0] [7][1] [7][3] [7][1] [7][0] [6][0] [6][3] [6][0] [5][0] [4][0] [3][0] [2][0] [1][0] [0][0] 
[0][0] [0][0] [0][0] [0][1] [0][4] [0][6] [0][8] [0][9] [0][10] [0][11] [0][13] [0][15] [0][16] [0][17] [0][18] [0][19] [0][20] [0][21] [0][22] [0][23] [0][24] [0][27] [0][28] [0][29] [0][32] [0][34] [0][36] [0][37] [0][38] [0][39] [0][40] [0][43] [0][46] [1][46] [2][46] [3][46] [3][45] [3][44] [3][37] [3][24] [3][22] [3][13] [3][0] [4][0] [4][2] [4][0] [5][0] [5][14] [5][16] [5][26] [5][28] [5][38] [5][44] [5][46] [6][46] [6][45] [6][46] [7][46] [7][41] [7][38] [7][41] [7][46] [8][46] [9][46] [9][39] [9][33] [9][28] [9][22] [9][13] [9][2] [9][0] [8][0] [8][4] [8][11] [8][21] [8][22] [8][21] [8][11] [8][4] [8][0] [7][0] [6][0] [5][0] [4][0] [3][0] [2][0] [1][0] [0][0] 
[0][0] [0][0] [0][0] [0][3] [0][4] [0][6] [0][12] [0][15] [0][17] [0][19] [0][20] [0][22] [0][25] [0][26] [0][27] [0][28] [0][29] [0][30] [0][31] [0][34] [0][37] [0][38] [0][39] [0][41] [0][45] [0][46] [1][46] [2][46] [3][46] [3][45] [3][38] [3][35] [3][21] [3][19] [3][14] [3][12] [3][4] [3][0] [4][0] [4][3] [4][4] [4][6] [4][15] [4][27] [4][32] [4][36] [4][42] [4][46] [5][46] [5][43] [5][46] [6][46] [6][42] [6][41] [6][27] [6][26] [6][25] [6][23] [6][19] [6][9] [6][5] [6][0] [7][0] [7][8] [7][10] [7][12] [7][44] [7][46] [8][46] [9][46] [9][32] [9][17] [9][10] [9][9] [9][0] [8][0] [7][0] [6][0] [5][0] [5][3] [5][5] [5][3] [5][0] [4][0] [3][0] [2][0] [1][0] [0][0] 
[0][0] [0][0] [0][0] [0][1] [0][6] [0][8] [0][9] [0][10] [0][11] [0][13] [0][14] [0][18] [0][19] [0][21] [0][22] [0][23] [0][24] [0][25] [0][26] [0][29] [0][30] [0][31] [0][32] [0][34] [0][35] [0][36] [0][38] [0][39] [0][42] [0][43] [0][46] [1][46] [2][46] [3][46] [3][45] [3][34] [3][45] [3][46] [4][46] [4][33] [4][32] [4][33] [4][46] [5][46] [5][40] [5][39] [5][37] [5][36] [5][34] [5][29] [5][22] [5][17] [5][11] [5][1] [5][0] [6][0] [7][0] [7][23] [7][28] [7][30] [7][31] [7][44] [7][45] [7][46] [8][46] [8][42] [8][46] [9][46] [9][45] [9][31] [9][20] [9][12] [9][8] [9][2] [9][0] [8][0] [8][4] [8][5] [8][7] [8][11] [8][7] [8][5] [8][4] [8][0] [7][0] [6][0] [5][0] [4][0] [3][0] [3][7] [3][0] [2][0] [1][0] [0][0] 
[0][0] [0][0] [0][0] [0][1] [0][3] [0][7] [0][8] [0][9] [0][10] [0][12] [0][14] [0][16] [0][18] [0][20] [0][21] [0][23] [0][29] [0][31] [0][33] [0][34] [0][36] [0][43] [0][45] [0][46] [1][46] [2][46] [3][46] [3][44] [3][35] [3][29] [3][19] [3][15] [3][9] [3][8] [3][5] [3][2] [3][0] [4][0] [4][20] [4][22] [4][24] [4][29] [4][39] [4][46] [5][46] [5][38] [5][30] [5][26] [5][25] [5][24] [5][16] [5][0] [6][0] [6][5] [6][12] [6][14] [6][19] [6][24] [6][39] [6][42] [6][46] [7][46] [7][44] [7][42] [7][27] [7][24] [7][12] [7][4] [7][0] [8][0] [8][20] [8][24] [8][46] [9][46] [9][43] [9][36] [9][20] [9][12] [9][11] [9][3] [9][1] [9][0] [8][0] [7][0] [6][0] [5][0] [4][0] [3][0] [2][0] [1][0] [0][0] 
[0][0] [0][0] [0][0] [0][3] [0][4] [0][5] [0][6] [0][7] [0][8] [0][9] [0][10] [0][11] [0][12] [0][13] [0][14] [0][15] [0][17] [0][19] [0][20] [0][25] [0][26] [0][27] [0][30] [0][31] [0][33] [0][34] [0][36] [0][37] [0][42] [0][43] [0][44] [0][45] [0][46] [1][46] [2][46] [3][46] [3][30] [3][29] [3][30] [3][46] [4][46] [5][46] [6][46] [6][45] [6][43] [6][45] [6][46] [5][46] [5][42] [5][32] [5][30] [5][24] [5][20] [5][16] [5][5] [5][0] [6][0] [6][3] [6][8] [6][3] [6][0] [7][0] [7][9] [7][15] [7][19] [7][15] [7][9] [7][0] [8][0] [8][6] [8][9] [8][17] [8][22] [8][24] [8][41] [8][46] [9][46] [9][40] [9][37] [9][33] [9][28] [9][25] [9][20] [9][19] [9][14] [9][4] [9][0] [8][0] [7][0] [6][0] [5][0] [4][0] [3][0] [2][0] [1][0] [0][0] 
[0][0] [0][0] [0][0] [0][1] [0][3] [0][4] [0][7] [0][9] [0][10] [0][11] [0][15] [0][16] [0][19] [0][21] [0][22] [0][23] [0][24] [0][25] [0][26] [0][27] [0][28] [0][30] [0][31] [0][32] [0][33] [0][34] [0][35] [0][36] [0][37] [0][39] [0][42] [0][43] [0][44] [0][46] [1][46] [2][46] [3][46] [3][43] [3][42] [3][35] [3][25] [3][24] [3][25] [3][35] [3][42] [3][43] [3][46] [4][46] [5][46] [5][42] [5][46] [6][46] [6][44] [6][35] [6][27] [6][35] [6][44] [6][46] [7][46] [7][35] [7][31] [7][8] [7][6] [7][3] [7][2] [7][0] [8][0] [8][3] [8][14] [8][30] [8][31] [8][46] [7][46] [6][46] [5][46] [4][46] [4][44] [4][29] [4][27] [4][19] [4][7] [4][6] [4][4] [4][0] [3][0] [2][0] [1][0] [0][0] 
[0][0] [0][0] [0][0] [0][1] [0][2] [0][3] [0][4] [0][5] [0][6] [0][8] [0][9] [0][10] [0][11] [0][13] [0][16] [0][17] [0][18] [0][19] [0][20] [0][21] [0][23] [0][25] [0][29] [0][31] [0][33] [0][36] [0][38] [0][39] [0][41] [0][42] [0][43] [0][45] [0][46] [1][46] [2][46] [3][46] [3][45] [3][43] [3][36] [3][32] [3][36] [3][43] [3][45] [3][46] [4][46] [4][45] [4][43] [4][34] [4][23] [4][22] [4][19] [4][16] [4][14] [4][6] [4][0] [5][0] [5][10] [5][12] [5][26] [5][34] [5][39] [5][40] [5][46] [6][46] [6][43] [6][34] [6][43] [6][46] [7][46] [8][46] [8][42] [8][37] [8][27] [8][3] [8][1] [8][0] [7][0] [7][9] [7][18] [7][20] [7][21] [7][20] [7][18] [7][9] [7][0] [6][0] [5][0] [4][0] [3][0] [2][0] [1][0] [0][0] 
[0][0] [0][0] [0][0] [0][2] [0][3] [0][5] [0][7] [0][11] [0][12] [0][13] [0][14] [0][15] [0][17] [0][18] [0][21] [0][22] [0][24] [0][28] [0][29] [0][30] [0][31] [0][32] [0][35] [0][36] [0][37] [0][38] [0][39] [0][40] [0][41] [0][45] [0][46] [1][46] [2][46] [3][46] [3][33] [3][20] [3][12] [3][8] [3][0] [4][0] [4][1] [4][9] [4][11] [4][20] [4][22] [4][30] [4][34] [4][43] [4][45] [4][46] [5][46] [5][38] [5][36] [5][29] [5][36] [5][38] [5][46] [6][46] [7][46] [7][44] [7][42] [7][40] [7][36] [7][34] [7][36] [7][40] [7][42] [7][44] [7][46] [8][46] [8][45] [8][42] [8][32] [8][27] [8][15] [8][0] [7][0] [6][0] [6][13] [6][15] [6][19] [6][20] [6][26] [6][20] [6][19] [6][15] [6][13] [6][0] [5][0] [4][0] [3][0] [2][0] [1][0] [0][0] 
[0][0] [0][0] [0][0] [0][2] [0][5] [0][8] [0][9] [0][10] [0][11] [0][12] [0][14] [0][16] [0][17] [0][18] [0][22] [0][23] [0][24] [0][25] [0][26] [0][27] [0][28] [0][31] [0][33] [0][34] [0][35] [0][36] [0][37] [0][39] [0][40] [0][41] [0][43] [0][44] [0][45] [0][46] [1][46] [2][46] [3][46] [4][46] [4][43] [4][46] [5][46] [5][39] [5][33] [5][27] [5][17] [5][15] [5][3] [5][0] [6][0] [6][12] [6][15] [6][23] [6][46] [7][46] [7][40] [7][33] [7][30] [7][12] [7][6] [7][0] [8][0] [8][1] [8][2] [8][8] [8][23] [8][29] [8][46] [9][46] [9][38] [9][36] [9][24] [9][23] [9][16] [9][15] [9][13] [9][3] [9][2] [9][0] [8][0] [7][0] [6][0] [5][0] [4][0] [3][0] [3][3] [3][7] [3][13] [3][14] [3][15] [3][14] [3][13] [3][7] [3][3] [3][0] [2][0] [1][0] [0][0] 
[0][0] [0][0] [0][0] [0][2] [0][4] [0][5] [0][7] [0][8] [0][10] [0][11] [0][14] [0][19] [0][21] [0][26] [0][27] [0][28] [0][29] [0][32] [0][33] [0][34] [0][35] [0][39] [0][40] [0][43] [0][45] [0][46] [1][46] [2][46] [3][46] [3][45] [3][46] [4][46] [4][36] [4][46] [5][46] [5][37] [5][31] [5][28] [5][31] [5][37] [5][46] [6][46] [7][46] [7][44] [7][43] [7][30] [7][25] [7][22] [7][17] [7][13] [7][12] [7][11] [7][0] [8][0] [8][9] [8][10] [8][12] [8][13] [8][15] [8][18] [8][26] [8][28] [8][43] [8][45] [8][46] [9][46] [9][42] [9][39] [9][31] [9][28] [9][27] [9][24] [9][14] [9][6] [9][0] [8][0] [7][0] [6][0] [6][2] [6][0] [5][0] [4][0] [4][2] [4][0] [3][0] [3][7] [3][9] [3][12] [3][13] [3][14] [3][13] [3][12] [3][9] [3][7] [3][0] [2][0] [1][0] [0][0] 
[0][0] [0][0] [0][0] [0][2] [0][6] [0][7] [0][8] [0][12] [0][15] [0][16] [0][19] [0][23] [0][24] [0][25] [0][30] [0][32] [0][33] [0][35] [0][36] [0][37] [0][38] [0][39] [0][40] [0][42] [0][44] [0][46] [1][46] [2][46] [3][46] [4][46] [4][39] [4][46] [5][46] [6][46] [6][41] [6][33] [6][27] [6][26] [6][22] [6][19] [6][11] [6][9] [6][6] [6][1] [6][0] [7][0] [8][0] [8][1] [8][2] [8][8] [8][14] [8][22] [8][36] [8][39] [8][41] [8][43] [8][46] [9][46] [9][44] [9][42] [9][40] [9][31] [9][30] [9][21] [9][19] [9][15] [9][13] [9][2] [9][0] [8][0] [7][0] [7][1] [7][4] [7][5] [7][6] [7][9] [7][11] [7][26] [7][35] [7][41] [7][46] [6][46] [5][46] [4][46] [3][46] [3][43] [3][13] [3][12] [3][2] [3][0] [2][0] [1][0] [0][0] 
[0][0] [0][0] [0][0] [0][1] [0][2] [0][3] [0][4] [0][6] [0][7] [0][8] [0][9] [0][11] [0][14] [0][18] [0][19] [0][22] [0][24] [0][26] [0][27] [0][28] [0][29] [0][30] [0][31] [0][32] [0][33] [0][35] [0][36] [0][37] [0][38] [0][39] [0][40] [0][42] [0][44] [0][45] [0][46] [1][46] [2][46] [3][46] [3][43] [3][33] [3][30] [3][27] [3][18] [3][0] [4][0] [4][3] [4][5] [4][7] [4][8] [4][17] [4][19] [4][26] [4][46] [5][46] [6][46] [6][35] [6][31] [6][28] [6][25] [6][14] [6][3] [6][0] [7][0] [7][4] [7][13] [7][4] [7][0] [8][0] [8][3] [8][13] [8][14] [8][16] [8][20] [8][38] [8][40] [8][46] [9][46] [9][41] [9][40] [9][31] [9][15] [9][6] [9][5] [9][0] [8][0] [7][0] [6][0] [5][0] [4][0] [3][0] [2][0] [1][0] [0][0] 
[0][0] [0][0] [0][0] [0][3] [0][4] [0][6] [0][9] [0][10] [0][11] [0][12] [0][13] [0][14] [0][15] [0][20] [0][23] [0][24] [0][25] [0][26] [0][27] [0][29] [0][30] [0][31] [0][36] [0][38] [0][39] [0][41] [0][42] [0][44] [0][45] [0][46] [1][46] [2][46] [3][46] [3][38] [3][36] [3][29] [3][15] [3][14] [3][3] [3][0] [4][0] [4][7] [4][9] [4][15] [4][16] [4][31] [4][34] [4][37] [4][46] [5][46] [6][46] [6][42] [6][35] [6][32] [6][35] [6][42] [6][46] [7][46] [7][43] [7][37] [7][28] [7][27] [7][28] [7][37] [7][43] [7][46] [8][46] [8][44] [8][32] [8][30] [8][24] [8][18] [8][16] [8][4] [8][0] [9][0] [9][7] [9][19] [9][21] [9][22] [9][30] [9][46] [8][46] [7][46] [6][46] [5][46] [5][45] [5][40] [5][37] [5][36] [5][33] [5][32] [5][31] [5][17] [5][13] [5][0] [4][0] [3][0] [2][0] [1][0] [0][0] 
[0][0] [0][0] [0][0] [0][1] [0][2] [0][3] [0][4] [0][5] [0][6] [0][7] [0][8] [0][9] [0][10] [0][12] [0][15] [0][16] [0][17] [0][18] [0][19] [0][20] [0][22] [0][27] [0][28] [0][30] [0][34] [0][36] [0][40] [0][46] [1][46] [2][46] [3][46] [3][44] [3][41] [3][19] [3][10] [3][8] [3][0] [4][0] [4][2] [4][5] [4][6] [4][11] [4][20] [4][21] [4][26] [4][31] [4][46] [5][46] [5][43] [5][37] [5][36] [5][30] [5][29] [5][24] [5][15] [5][0] [6][0] [7][0] [7][1] [7][8] [7][16] [7][18] [7][26] [7][28] [7][29] [7][38] [7][41] [7][42] [7][46] [8][46] [8][45] [8][37] [8][34] [8][37] [8][45] [8][46] [9][46] [9][21] [9][14] [9][12] [9][0] [8][0] [8][1] [8][0] [7][0] [6][0] [5][0] [4][0] [3][0] [2][0] [1][0] [0][0] 
[0][0] [0][0] [0][0] [0][3] [0][4] [0][5] [0][6] [0][7] [0][9] [0][10] [0][12] [0][13] [0][15] [0][16] [0][17] [0][19] [0][21] [0][22] [0][23] [0][24] [0][27] [0][28] [0][31] [0][33] [0][34] [0][37] [0][40] [0][41] [0][42] [0][46] [1][46] [2][46] [3][46] [3][39] [3][36] [3][28] [3][26] [3][0] [4][0] [4][16] [4][35] [4][37] [4][38] [4][45] [4][46] [5][46] [5][41] [5][46] [6][46] [7][46] [7][41] [7][36] [7][35] [7][34] [7][33] [7][34] [7][35] [7][36] [7][41] [7][46] [8][46] [8][30] [8][19] [8][9] [8][0] [9][0] [9][4] [9][8] [9][10] [9][11] [9][12] [9][16] [9][24] [9][37] [9][46] [8][46] [7][46] [6][46] [6][34] [6][31] [6][27] [6][20] [6][15] [6][9] [6][0] [5][0] [5][4] [5][0] [4][0] [3][0] [2][0] [1][0] [0][0] 
[0][0] [0][0] [0][0] [0][4] [0][5] [0][6] [0][7] [0][9] [0][10] [0][11] [0][12] [0][14] [0][17] [0][20] [0][22] [0][23] [0][24] [0][25] [0][27] [0][29] [0][30] [0][32] [0][33] [0][35] [0][38] [0][39] [0][40] [0][42] [0][43] [0][44] [0][46] [1][46] [2][46] [3][46] [3][42] [3][31] [3][27] [3][17] [3][1] [3][0] [4][0] [4][9] [4][11] [4][17] [4][32] [4][38] [4][46] [5][46] [5][43] [5][46] [6][46] [7][46] [7][42] [7][40] [7][39] [7][38] [7][24] [7][9] [7][4] [7][0] [8][0] [8][1] [8][5] [8][8] [8][12] [8][25] [8][31] [8][35] [8][39] [8][40] [8][43] [8][46] [9][46] [9][28] [9][12] [9][1] [9][0] [8][0] [7][0] [6][0] [6][19] [6][0] [5][0] [5][8] [5][16] [5][17] [5][16] [5][8] [5][0] [4][0] [3][0] [2][0] [1][0] [0][0] 
