5920
424.15
/home/fflorenci/jobprp_ga/reduced_instances/henn/abc2/reduced_warehouse_48.lyt
/home/fflorenci/jobprp_ga/reduced_instances/henn/abc2/reduced_warehouse_48l-80-75-0.ord
80
75
12
340
120
1
22 6 23 22 15 19 16 20 24 18 24 5 14 22 9 18 14 5 13 8 7 18 7 11 24 20 18 8 11 7 18 6 9 14 15 11 24 6 11 18 22 19 12 7 16 7 17 22 15 11 22 13 20 15 9 23 23 6 10 6 15 16 13 17 8 14 8 9 22 8 22 9 10 7 10 17 16 21 7 24 
16
64 1 54 17 67 66 29 58 72 
76 9 43 74 45 57 20 
71 28 69 8 65 22 
46 6 12 19 32 11 
62 79 49 23 31 59 
44 38 30 78 34 73 
77 52 35 14 37 
41 25 63 21 
36 5 60 48 
55 33 26 15 
27 56 68 0 
50 51 13 39 
61 70 24 18 
4 7 42 75 
2 3 53 16 
10 40 47 
302
350
316
350
352
372
372
350
376
374
392
396
418
392
408
400
[0][0] [0][0] [0][0] [0][4] [0][5] [0][6] [0][7] [0][8] [0][9] [0][11] [0][12] [0][17] [0][19] [0][20] [0][21] [0][22] [0][23] [0][25] [0][26] [0][27] [0][28] [0][33] [0][34] [0][36] [0][38] [0][39] [0][40] [0][41] [0][42] [0][43] [0][45] [0][46] [1][46] [2][46] [3][46] [3][39] [3][28] [3][24] [3][11] [3][8] [3][6] [3][1] [3][0] [4][0] [4][1] [4][4] [4][6] [4][8] [4][6] [4][4] [4][1] [4][0] [5][0] [5][3] [5][9] [5][16] [5][19] [5][20] [5][26] [5][38] [5][41] [5][46] [4][46] [4][35] [4][46] [5][46] [6][46] [6][45] [6][38] [6][37] [6][24] [6][7] [6][1] [6][0] [7][0] [7][3] [7][0] [6][0] [5][0] [4][0] [3][0] [2][0] [1][0] [0][0] 
[0][0] [0][0] [0][0] [0][2] [0][4] [0][7] [0][11] [0][12] [0][15] [0][18] [0][19] [0][20] [0][21] [0][24] [0][26] [0][27] [0][28] [0][32] [0][33] [0][35] [0][36] [0][38] [0][39] [0][40] [0][41] [0][42] [0][44] [0][45] [0][46] [1][46] [2][46] [3][46] [3][45] [3][44] [3][39] [3][22] [3][6] [3][0] [4][0] [4][16] [4][19] [4][22] [4][25] [4][32] [4][37] [4][38] [4][46] [5][46] [5][32] [5][29] [5][27] [5][15] [5][12] [5][0] [6][0] [6][1] [6][16] [6][24] [6][32] [6][35] [6][46] [7][46] [8][46] [8][45] [8][42] [8][41] [8][40] [8][35] [8][27] [8][25] [8][22] [8][9] [8][8] [8][0] [7][0] [6][0] [5][0] [4][0] [3][0] [2][0] [1][0] [0][0] 
[0][0] [0][0] [0][0] [0][4] [0][5] [0][7] [0][8] [0][12] [0][14] [0][18] [0][19] [0][20] [0][21] [0][22] [0][23] [0][24] [0][25] [0][26] [0][27] [0][28] [0][29] [0][30] [0][35] [0][37] [0][43] [0][45] [0][46] [1][46] [2][46] [3][46] [3][43] [3][46] [4][46] [5][46] [5][44] [5][26] [5][44] [5][46] [6][46] [6][45] [6][46] [7][46] [7][45] [7][46] [8][46] [8][41] [8][39] [8][33] [8][23] [8][18] [8][15] [8][13] [8][3] [8][0] [9][0] [9][3] [9][14] [9][18] [9][20] [9][21] [9][22] [9][27] [9][31] [9][35] [9][39] [9][44] [9][46] [8][46] [7][46] [6][46] [5][46] [4][46] [4][40] [4][25] [4][18] [4][17] [4][16] [4][14] [4][12] [4][7] [4][0] [3][0] [3][2] [3][0] [2][0] [1][0] [0][0] 
[0][0] [0][0] [0][0] [0][2] [0][3] [0][4] [0][5] [0][10] [0][11] [0][12] [0][15] [0][17] [0][21] [0][23] [0][25] [0][26] [0][27] [0][29] [0][31] [0][33] [0][36] [0][40] [0][42] [0][44] [0][46] [1][46] [2][46] [3][46] [3][44] [3][39] [3][35] [3][29] [3][25] [3][20] [3][6] [3][0] [4][0] [4][17] [4][29] [4][31] [4][33] [4][36] [4][39] [4][41] [4][46] [5][46] [6][46] [6][37] [6][21] [6][19] [6][17] [6][14] [6][13] [6][10] [6][8] [6][6] [6][0] [7][0] [7][6] [7][11] [7][17] [7][35] [7][46] [8][46] [8][44] [8][41] [8][34] [8][29] [8][27] [8][21] [8][13] [8][12] [8][1] [8][0] [7][0] [6][0] [5][0] [4][0] [3][0] [2][0] [1][0] [0][0] 
[0][0] [0][0] [0][0] [0][1] [0][5] [0][6] [0][7] [0][9] [0][10] [0][11] [0][12] [0][13] [0][14] [0][15] [0][17] [0][18] [0][20] [0][21] [0][24] [0][27] [0][28] [0][29] [0][30] [0][32] [0][35] [0][38] [0][39] [0][40] [0][42] [0][45] [0][46] [1][46] [2][46] [3][46] [3][43] [3][46] [4][46] [5][46] [5][36] [5][31] [5][24] [5][31] [5][36] [5][46] [6][46] [7][46] [7][45] [7][31] [7][28] [7][26] [7][25] [7][19] [7][17] [7][7] [7][2] [7][0] [8][0] [9][0] [9][4] [9][9] [9][10] [9][13] [9][10] [9][9] [9][4] [9][0] [8][0] [8][8] [8][15] [8][17] [8][22] [8][25] [8][43] [8][46] [9][46] [9][45] [9][46] [8][46] [7][46] [6][46] [5][46] [4][46] [4][42] [4][34] [4][27] [4][18] [4][15] [4][0] [3][0] [2][0] [1][0] [0][0] 
[0][0] [0][0] [0][0] [0][1] [0][2] [0][4] [0][5] [0][6] [0][7] [0][8] [0][9] [0][11] [0][13] [0][14] [0][15] [0][19] [0][23] [0][24] [0][25] [0][28] [0][30] [0][32] [0][35] [0][37] [0][38] [0][42] [0][44] [0][45] [0][46] [1][46] [2][46] [3][46] [3][39] [3][46] [4][46] [5][46] [5][41] [5][30] [5][26] [5][23] [5][21] [5][18] [5][10] [5][5] [5][0] [6][0] [6][3] [6][7] [6][8] [6][15] [6][22] [6][27] [6][46] [7][46] [7][27] [7][21] [7][20] [7][19] [7][18] [7][12] [7][5] [7][4] [7][0] [8][0] [8][5] [8][6] [8][8] [8][11] [8][16] [8][33] [8][46] [9][46] [9][42] [9][37] [9][23] [9][22] [9][21] [9][20] [9][15] [9][8] [9][6] [9][5] [9][0] [8][0] [7][0] [6][0] [5][0] [4][0] [3][0] [2][0] [1][0] [0][0] 
[0][0] [0][0] [0][0] [0][1] [0][2] [0][3] [0][4] [0][5] [0][7] [0][10] [0][12] [0][13] [0][14] [0][17] [0][18] [0][19] [0][20] [0][30] [0][33] [0][34] [0][35] [0][37] [0][38] [0][39] [0][40] [0][45] [0][46] [1][46] [2][46] [3][46] [3][45] [3][34] [3][31] [3][20] [3][17] [3][16] [3][0] [4][0] [4][4] [4][18] [4][21] [4][18] [4][4] [4][0] [5][0] [5][5] [5][11] [5][12] [5][20] [5][12] [5][11] [5][5] [5][0] [6][0] [7][0] [7][4] [7][19] [7][20] [7][22] [7][23] [7][26] [7][28] [7][46] [8][46] [8][35] [8][46] [9][46] [9][42] [9][39] [9][25] [9][9] [9][7] [9][4] [9][0] [8][0] [7][0] [6][0] [5][0] [4][0] [3][0] [2][0] [1][0] [0][0] 
[0][0] [0][0] [0][0] [0][2] [0][3] [0][5] [0][6] [0][7] [0][8] [0][10] [0][11] [0][14] [0][15] [0][16] [0][17] [0][18] [0][20] [0][21] [0][22] [0][23] [0][24] [0][27] [0][30] [0][32] [0][33] [0][34] [0][35] [0][36] [0][38] [0][39] [0][44] [0][45] [0][46] [1][46] [2][46] [3][46] [3][38] [3][21] [3][20] [3][15] [3][13] [3][11] [3][7] [3][1] [3][0] [4][0] [4][2] [4][3] [4][2] [4][0] [5][0] [5][8] [5][13] [5][25] [5][27] [5][31] [5][37] [5][46] [4][46] [4][38] [4][46] [5][46] [6][46] [6][45] [6][40] [6][45] [6][46] [7][46] [8][46] [8][40] [8][37] [8][25] [8][37] [8][40] [8][46] [9][46] [9][42] [9][40] [9][38] [9][33] [9][25] [9][19] [9][0] [8][0] [7][0] [6][0] [5][0] [4][0] [3][0] [2][0] [1][0] [0][0] 
[0][0] [0][0] [0][0] [0][2] [0][3] [0][4] [0][7] [0][9] [0][14] [0][15] [0][16] [0][18] [0][20] [0][22] [0][24] [0][25] [0][26] [0][27] [0][30] [0][32] [0][34] [0][35] [0][36] [0][37] [0][38] [0][39] [0][41] [0][42] [0][44] [0][45] [0][46] [1][46] [2][46] [3][46] [3][32] [3][46] [4][46] [4][45] [4][44] [4][45] [4][46] [5][46] [6][46] [6][44] [6][36] [6][25] [6][24] [6][17] [6][0] [7][0] [7][3] [7][8] [7][11] [7][8] [7][3] [7][0] [8][0] [8][9] [8][21] [8][25] [8][31] [8][33] [8][35] [8][38] [8][46] [9][46] [9][42] [9][29] [9][24] [9][4] [9][0] [8][0] [7][0] [6][0] [5][0] [5][1] [5][8] [5][10] [5][12] [5][20] [5][23] [5][20] [5][12] [5][10] [5][8] [5][1] [5][0] [4][0] [4][4] [4][5] [4][4] [4][0] [3][0] [2][0] [1][0] [0][0] 
[0][0] [0][0] [0][0] [0][1] [0][2] [0][3] [0][6] [0][7] [0][8] [0][9] [0][12] [0][13] [0][15] [0][18] [0][19] [0][20] [0][21] [0][23] [0][24] [0][26] [0][28] [0][33] [0][35] [0][38] [0][40] [0][43] [0][45] [0][46] [1][46] [2][46] [3][46] [3][40] [3][34] [3][40] [3][46] [4][46] [4][44] [4][28] [4][26] [4][20] [4][26] [4][28] [4][44] [4][46] [5][46] [6][46] [6][44] [6][37] [6][35] [6][26] [6][25] [6][22] [6][16] [6][8] [6][6] [6][4] [6][0] [7][0] [7][15] [7][18] [7][19] [7][28] [7][33] [7][36] [7][38] [7][46] [8][46] [8][43] [8][42] [8][43] [8][46] [9][46] [9][42] [9][37] [9][34] [9][18] [9][13] [9][7] [9][0] [8][0] [8][2] [8][0] [7][0] [6][0] [5][0] [5][9] [5][0] [4][0] [4][2] [4][0] [3][0] [2][0] [1][0] [0][0] 
[0][0] [0][0] [0][0] [0][1] [0][2] [0][7] [0][8] [0][10] [0][11] [0][13] [0][14] [0][18] [0][19] [0][20] [0][21] [0][22] [0][24] [0][26] [0][27] [0][28] [0][29] [0][30] [0][31] [0][32] [0][34] [0][35] [0][37] [0][41] [0][43] [0][44] [0][45] [0][46] [1][46] [2][46] [3][46] [3][43] [3][29] [3][27] [3][20] [3][15] [3][12] [3][4] [3][0] [4][0] [4][5] [4][16] [4][35] [4][46] [5][46] [5][41] [5][46] [6][46] [7][46] [7][39] [7][36] [7][34] [7][36] [7][39] [7][46] [8][46] [8][45] [8][33] [8][45] [8][46] [9][46] [9][45] [9][38] [9][36] [9][35] [9][29] [9][12] [9][3] [9][0] [8][0] [8][1] [8][2] [8][7] [8][2] [8][1] [8][0] [7][0] [7][3] [7][0] [6][0] [6][17] [6][24] [6][17] [6][0] [5][0] [4][0] [3][0] [2][0] [1][0] [0][0] 
[0][0] [0][0] [0][0] [0][7] [0][8] [0][10] [0][12] [0][13] [0][15] [0][16] [0][17] [0][19] [0][20] [0][21] [0][24] [0][25] [0][26] [0][27] [0][29] [0][30] [0][32] [0][35] [0][40] [0][41] [0][43] [0][45] [0][46] [1][46] [2][46] [3][46] [3][34] [3][33] [3][34] [3][46] [4][46] [4][43] [4][38] [4][32] [4][20] [4][19] [4][18] [4][17] [4][16] [4][0] [5][0] [5][6] [5][9] [5][10] [5][25] [5][32] [5][46] [6][46] [6][31] [6][27] [6][25] [6][24] [6][23] [6][8] [6][0] [7][0] [7][3] [7][4] [7][16] [7][19] [7][20] [7][21] [7][35] [7][37] [7][39] [7][42] [7][45] [7][46] [8][46] [8][38] [8][36] [8][27] [8][16] [8][11] [8][7] [8][0] [7][0] [6][0] [5][0] [4][0] [3][0] [3][11] [3][0] [2][0] [1][0] [0][0] 
[0][0] [0][0] [0][0] [0][1] [0][2] [0][4] [0][6] [0][7] [0][10] [0][13] [0][16] [0][17] [0][18] [0][19] [0][21] [0][23] [0][24] [0][25] [0][29] [0][31] [0][32] [0][33] [0][34] [0][35] [0][36] [0][37] [0][38] [0][41] [0][42] [0][43] [0][44] [0][46] [1][46] [2][46] [3][46] [4][46] [4][43] [4][34] [4][25] [4][34] [4][43] [4][46] [5][46] [5][39] [5][34] [5][32] [5][31] [5][20] [5][19] [5][0] [6][0] [6][20] [6][21] [6][24] [6][31] [6][46] [7][46] [7][34] [7][29] [7][25] [7][15] [7][7] [7][5] [7][0] [8][0] [8][9] [8][20] [8][22] [8][27] [8][29] [8][46] [9][46] [9][42] [9][37] [9][28] [9][27] [9][25] [9][16] [9][15] [9][11] [9][0] [8][0] [7][0] [6][0] [5][0] [4][0] [3][0] [3][7] [3][9] [3][7] [3][0] [2][0] [1][0] [0][0] 
[0][0] [0][0] [0][0] [0][1] [0][6] [0][11] [0][13] [0][14] [0][17] [0][19] [0][21] [0][24] [0][25] [0][26] [0][29] [0][30] [0][31] [0][32] [0][34] [0][36] [0][41] [0][42] [0][44] [0][46] [1][46] [2][46] [3][46] [3][43] [3][38] [3][23] [3][21] [3][7] [3][2] [3][0] [4][0] [4][5] [4][9] [4][13] [4][16] [4][13] [4][9] [4][5] [4][0] [5][0] [5][4] [5][6] [5][10] [5][19] [5][21] [5][33] [5][35] [5][38] [5][40] [5][41] [5][46] [6][46] [6][34] [6][32] [6][24] [6][17] [6][14] [6][0] [7][0] [7][17] [7][21] [7][29] [7][30] [7][43] [7][46] [8][46] [9][46] [9][45] [9][29] [9][25] [9][24] [9][11] [9][9] [9][0] [8][0] [7][0] [6][0] [5][0] [4][0] [3][0] [2][0] [1][0] [0][0] 
[0][0] [0][0] [0][0] [0][2] [0][3] [0][5] [0][8] [0][9] [0][12] [0][13] [0][15] [0][16] [0][19] [0][24] [0][25] [0][26] [0][28] [0][29] [0][31] [0][34] [0][35] [0][37] [0][40] [0][42] [0][44] [0][45] [0][46] [1][46] [2][46] [3][46] [4][46] [4][42] [4][39] [4][42] [4][46] [5][46] [5][36] [5][21] [5][5] [5][2] [5][0] [6][0] [6][1] [6][3] [6][11] [6][14] [6][27] [6][30] [6][31] [6][32] [6][34] [6][37] [6][39] [6][43] [6][46] [7][46] [7][45] [7][42] [7][39] [7][38] [7][25] [7][23] [7][21] [7][9] [7][4] [7][0] [8][0] [8][7] [8][12] [8][33] [8][35] [8][46] [9][46] [9][33] [9][30] [9][26] [9][25] [9][24] [9][15] [9][1] [9][0] [8][0] [7][0] [6][0] [5][0] [4][0] [3][0] [3][17] [3][18] [3][17] [3][0] [2][0] [1][0] [0][0] 
[0][0] [0][0] [0][0] [0][2] [0][3] [0][4] [0][5] [0][6] [0][7] [0][8] [0][9] [0][10] [0][11] [0][12] [0][14] [0][15] [0][19] [0][20] [0][22] [0][23] [0][24] [0][27] [0][29] [0][31] [0][33] [0][35] [0][40] [0][42] [0][46] [1][46] [2][46] [3][46] [3][45] [3][34] [3][31] [3][28] [3][31] [3][34] [3][45] [3][46] [4][46] [5][46] [5][37] [5][46] [6][46] [6][32] [6][31] [6][20] [6][14] [6][7] [6][2] [6][0] [7][0] [7][15] [7][16] [7][20] [7][21] [7][23] [7][38] [7][40] [7][43] [7][45] [7][46] [8][46] [8][25] [8][20] [8][13] [8][11] [8][7] [8][0] [9][0] [9][5] [9][10] [9][5] [9][0] [8][0] [7][0] [6][0] [5][0] [5][6] [5][0] [4][0] [4][10] [4][13] [4][15] [4][13] [4][10] [4][0] [3][0] [3][5] [3][8] [3][9] [3][8] [3][5] [3][0] [2][0] [1][0] [0][0] 
