16650
690.423
/home/fflorenci/jobprp_ga/reduced_instances/henn/abc2/reduced_warehouse_53.lyt
/home/fflorenci/jobprp_ga/reduced_instances/henn/abc2/reduced_warehouse_53l-100-30-0.ord
100
30
4
340
120
1
8 18 13 20 13 6 12 17 11 22 9 15 15 11 8 15 17 22 17 23 19 22 11 13 18 17 22 14 8 7 18 17 13 5 9 22 11 9 11 19 10 15 11 18 6 5 16 9 13 13 10 13 9 17 8 18 20 8 17 19 5 15 18 21 10 20 17 20 15 11 10 13 13 6 18 16 6 9 23 21 21 22 17 22 23 5 21 8 20 10 15 9 22 21 10 22 22 17 15 23 
53
44 45 85 37 60 
0 33 42 5 
61 77 73 
58 49 
35 54 
46 48 
20 69 
67 64 
63 34 
97 22 
31 71 
1 8 
17 87 
16 36 
39 50 
18 2 
11 90 
55 6 
74 13 
56 10 
26 29 
3 94 
21 28 
80 14 
65 70 
9 76 
25 72 
62 47 
66 4 
68 12 
24 52 
53 23 
82 51 
59 38 
15 98 
43 89 
88 40 
7 32 
86 91 
93 57 
75 27 
78 
83 
92 
19 
84 
79 
30 
99 
96 
95 
81 
41 
198
316
264
300
324
312
386
332
344
328
356
322
414
318
354
198
334
272
296
326
404
256
332
364
312
320
324
374
286
384
296
344
280
320
322
290
344
290
388
326
392
322
332
288
364
306
308
238
310
282
284
212
162
[0][0] [0][0] [0][0] [0][1] [0][2] [0][6] [0][7] [0][8] [0][11] [0][14] [0][15] [0][18] [0][27] [0][29] [0][32] [0][37] [0][38] [0][40] [0][41] [0][42] [0][46] [1][46] [2][46] [3][46] [3][39] [3][46] [4][46] [5][46] [6][46] [7][46] [7][43] [7][46] [6][46] [5][46] [5][27] [5][2] [5][0] [4][0] [4][4] [4][9] [4][11] [4][9] [4][4] [4][0] [3][0] [2][0] [1][0] [0][0] 
[0][0] [0][0] [0][0] [0][6] [0][8] [0][16] [0][20] [0][21] [0][23] [0][26] [0][30] [0][31] [0][39] [0][41] [0][46] [1][46] [2][46] [3][46] [4][46] [5][46] [5][45] [5][40] [5][45] [5][46] [6][46] [7][46] [7][34] [7][32] [7][7] [7][0] [8][0] [9][0] [9][18] [9][0] [8][0] [8][5] [8][9] [8][26] [8][30] [8][46] [7][46] [6][46] [5][46] [4][46] [3][46] [3][37] [3][27] [3][25] [3][16] [3][15] [3][2] [3][0] [2][0] [1][0] [0][0] 
[0][0] [0][0] [0][0] [0][3] [0][15] [0][16] [0][19] [0][21] [0][23] [0][26] [0][33] [0][37] [0][38] [0][39] [0][43] [0][44] [0][45] [0][46] [1][46] [2][46] [3][46] [4][46] [5][46] [6][46] [7][46] [8][46] [8][41] [8][40] [8][41] [8][46] [7][46] [7][32] [7][19] [7][0] [8][0] [8][1] [8][5] [8][1] [8][0] [9][0] [9][6] [9][12] [9][6] [9][0] [8][0] [7][0] [6][0] [6][10] [6][0] [5][0] [4][0] [4][3] [4][0] [3][0] [3][1] [3][2] [3][1] [3][0] [2][0] [1][0] [0][0] 
[0][0] [0][0] [0][0] [0][3] [0][4] [0][5] [0][7] [0][8] [0][10] [0][13] [0][16] [0][19] [0][20] [0][23] [0][25] [0][26] [0][30] [0][32] [0][33] [0][34] [0][39] [0][46] [1][46] [2][46] [3][46] [4][46] [5][46] [6][46] [7][46] [8][46] [8][34] [8][20] [8][19] [8][0] [9][0] [9][22] [9][0] [8][0] [7][0] [7][13] [7][14] [7][15] [7][17] [7][15] [7][14] [7][13] [7][0] [6][0] [5][0] [5][15] [5][21] [5][15] [5][0] [4][0] [3][0] [2][0] [1][0] [0][0] 
[0][0] [0][0] [0][0] [0][2] [0][3] [0][5] [0][8] [0][10] [0][13] [0][15] [0][19] [0][24] [0][26] [0][27] [0][31] [0][32] [0][34] [0][45] [0][46] [1][46] [2][46] [3][46] [3][44] [3][46] [4][46] [5][46] [6][46] [6][36] [6][26] [6][36] [6][46] [7][46] [7][39] [7][34] [7][39] [7][46] [8][46] [8][34] [8][23] [8][0] [9][0] [9][10] [9][18] [9][10] [9][0] [8][0] [7][0] [6][0] [6][1] [6][0] [5][0] [4][0] [4][20] [4][22] [4][20] [4][0] [3][0] [2][0] [1][0] [0][0] 
[0][0] [0][0] [0][0] [0][5] [0][7] [0][10] [0][14] [0][15] [0][18] [0][22] [0][34] [0][39] [0][42] [0][43] [0][44] [0][46] [1][46] [2][46] [3][46] [3][43] [3][46] [4][46] [4][34] [4][46] [5][46] [5][40] [5][22] [5][20] [5][1] [5][0] [6][0] [6][18] [6][23] [6][46] [7][46] [8][46] [8][45] [8][40] [8][17] [8][16] [8][7] [8][6] [8][0] [9][0] [9][4] [9][0] [8][0] [7][0] [6][0] [5][0] [4][0] [4][4] [4][0] [3][0] [2][0] [1][0] [0][0] 
[0][0] [0][0] [0][0] [0][5] [0][9] [0][10] [0][17] [0][21] [0][24] [0][25] [0][27] [0][28] [0][29] [0][32] [0][43] [0][45] [0][46] [1][46] [2][46] [3][46] [4][46] [4][26] [4][18] [4][0] [5][0] [5][2] [5][10] [5][22] [5][10] [5][2] [5][0] [6][0] [6][7] [6][29] [6][46] [7][46] [7][31] [7][46] [8][46] [9][46] [9][45] [9][42] [9][26] [9][6] [9][0] [8][0] [7][0] [6][0] [5][0] [4][0] [3][0] [3][22] [3][0] [2][0] [1][0] [0][0] 
[0][0] [0][0] [0][0] [0][3] [0][9] [0][19] [0][20] [0][23] [0][24] [0][25] [0][29] [0][30] [0][34] [0][35] [0][39] [0][40] [0][45] [0][46] [1][46] [2][46] [3][46] [3][40] [3][46] [4][46] [5][46] [5][44] [5][46] [6][46] [6][29] [6][25] [6][29] [6][46] [7][46] [8][46] [8][33] [8][15] [8][0] [9][0] [9][17] [9][24] [9][17] [9][0] [8][0] [7][0] [7][14] [7][0] [6][0] [5][0] [5][4] [5][10] [5][11] [5][10] [5][4] [5][0] [4][0] [3][0] [3][1] [3][0] [2][0] [1][0] [0][0] 
[0][0] [0][0] [0][0] [0][10] [0][16] [0][27] [0][28] [0][29] [0][33] [0][35] [0][36] [0][37] [0][39] [0][42] [0][46] [1][46] [2][46] [3][46] [4][46] [4][29] [4][8] [4][0] [5][0] [5][23] [5][46] [6][46] [7][46] [7][41] [7][46] [8][46] [8][37] [8][26] [8][24] [8][0] [9][0] [9][6] [9][9] [9][6] [9][0] [8][0] [7][0] [7][6] [7][0] [6][0] [6][4] [6][0] [5][0] [4][0] [3][0] [3][2] [3][11] [3][14] [3][11] [3][2] [3][0] [2][0] [1][0] [0][0] 
[0][0] [0][0] [0][0] [0][8] [0][9] [0][16] [0][28] [0][33] [0][35] [0][38] [0][46] [1][46] [2][46] [3][46] [3][42] [3][46] [4][46] [5][46] [6][46] [6][42] [6][35] [6][34] [6][35] [6][42] [6][46] [7][46] [7][43] [7][46] [8][46] [9][46] [9][37] [9][36] [9][34] [9][0] [8][0] [7][0] [7][4] [7][7] [7][4] [7][0] [6][0] [5][0] [5][5] [5][18] [5][5] [5][0] [4][0] [4][2] [4][14] [4][19] [4][14] [4][2] [4][0] [3][0] [3][1] [3][13] [3][14] [3][13] [3][1] [3][0] [2][0] [1][0] [0][0] 
[0][0] [0][0] [0][0] [0][5] [0][8] [0][9] [0][13] [0][15] [0][21] [0][25] [0][34] [0][38] [0][42] [0][46] [1][46] [2][46] [3][46] [4][46] [5][46] [5][25] [5][46] [6][46] [6][41] [6][46] [7][46] [7][45] [7][43] [7][45] [7][46] [8][46] [8][38] [8][26] [8][17] [8][0] [7][0] [7][12] [7][0] [8][0] [9][0] [9][8] [9][18] [9][32] [9][38] [9][43] [9][46] [8][46] [7][46] [6][46] [5][46] [4][46] [4][44] [4][40] [4][31] [4][17] [4][1] [4][0] [3][0] [2][0] [1][0] [0][0] 
[0][0] [0][0] [0][0] [0][2] [0][14] [0][19] [0][20] [0][25] [0][28] [0][44] [0][46] [1][46] [2][46] [3][46] [3][41] [3][46] [4][46] [4][31] [4][10] [4][7] [4][4] [4][1] [4][0] [5][0] [5][18] [5][21] [5][46] [6][46] [7][46] [8][46] [9][46] [9][42] [9][32] [9][42] [9][46] [8][46] [8][42] [8][41] [8][36] [8][30] [8][29] [8][9] [8][0] [7][0] [6][0] [5][0] [4][0] [3][0] [3][1] [3][9] [3][1] [3][0] [2][0] [1][0] [0][0] 
[0][0] [0][0] [0][0] [0][2] [0][3] [0][10] [0][14] [0][16] [0][17] [0][18] [0][20] [0][25] [0][26] [0][31] [0][32] [0][37] [0][43] [0][46] [1][46] [2][46] [3][46] [4][46] [4][34] [4][31] [4][20] [4][3] [4][1] [4][0] [5][0] [5][14] [5][17] [5][37] [5][46] [6][46] [7][46] [8][46] [9][46] [9][32] [9][46] [8][46] [8][25] [8][21] [8][0] [7][0] [7][19] [7][0] [6][0] [6][18] [6][0] [5][0] [4][0] [3][0] [3][22] [3][0] [2][0] [1][0] [0][0] 
[0][0] [0][0] [0][0] [0][2] [0][3] [0][4] [0][9] [0][10] [0][12] [0][15] [0][36] [0][45] [0][46] [1][46] [2][46] [3][46] [3][42] [3][20] [3][9] [3][0] [4][0] [4][4] [4][16] [4][35] [4][36] [4][46] [5][46] [6][46] [7][46] [7][38] [7][24] [7][38] [7][46] [8][46] [9][46] [9][45] [9][40] [9][27] [9][24] [9][14] [9][4] [9][0] [8][0] [7][0] [6][0] [5][0] [5][3] [5][0] [4][0] [3][0] [2][0] [1][0] [0][0] 
[0][0] [0][0] [0][0] [0][1] [0][2] [0][7] [0][9] [0][10] [0][14] [0][20] [0][21] [0][23] [0][25] [0][32] [0][37] [0][46] [1][46] [2][46] [3][46] [3][31] [3][19] [3][11] [3][0] [4][0] [4][10] [4][0] [5][0] [5][2] [5][28] [5][46] [6][46] [7][46] [7][44] [7][43] [7][44] [7][46] [8][46] [9][46] [9][32] [9][20] [9][0] [8][0] [7][0] [7][13] [7][0] [6][0] [6][12] [6][17] [6][12] [6][0] [5][0] [4][0] [3][0] [2][0] [1][0] [0][0] 
[0][0] [0][0] [0][0] [0][3] [0][4] [0][8] [0][16] [0][20] [0][23] [0][24] [0][28] [0][32] [0][40] [0][41] [0][42] [0][45] [0][46] [1][46] [2][46] [3][46] [4][46] [4][28] [4][26] [4][14] [4][9] [4][7] [4][0] [5][0] [5][3] [5][4] [5][5] [5][4] [5][3] [5][0] [6][0] [6][11] [6][0] [7][0] [7][3] [7][0] [6][0] [5][0] [4][0] [3][0] [2][0] [1][0] [0][0] 
[0][0] [0][0] [0][0] [0][3] [0][7] [0][20] [0][21] [0][22] [0][26] [0][33] [0][34] [0][35] [0][39] [0][40] [0][41] [0][42] [0][43] [0][45] [0][46] [1][46] [2][46] [3][46] [3][39] [3][46] [4][46] [5][46] [5][27] [5][14] [5][8] [5][0] [6][0] [7][0] [7][1] [7][15] [7][1] [7][0] [8][0] [8][4] [8][23] [8][35] [8][40] [8][46] [9][46] [9][43] [9][19] [9][0] [8][0] [7][0] [6][0] [5][0] [4][0] [4][10] [4][11] [4][10] [4][0] [3][0] [2][0] [1][0] [0][0] 
[0][0] [0][0] [0][0] [0][1] [0][2] [0][4] [0][6] [0][8] [0][10] [0][19] [0][25] [0][27] [0][31] [0][35] [0][38] [0][39] [0][40] [0][41] [0][43] [0][44] [0][45] [0][46] [1][46] [2][46] [3][46] [4][46] [5][46] [6][46] [7][46] [8][46] [9][46] [9][41] [9][40] [9][41] [9][46] [8][46] [8][37] [8][36] [8][15] [8][0] [9][0] [9][5] [9][0] [8][0] [7][0] [6][0] [5][0] [5][14] [5][0] [4][0] [3][0] [3][12] [3][17] [3][12] [3][0] [2][0] [1][0] [0][0] 
[0][0] [0][0] [0][0] [0][4] [0][8] [0][10] [0][11] [0][18] [0][20] [0][22] [0][25] [0][26] [0][27] [0][29] [0][32] [0][35] [0][36] [0][46] [1][46] [2][46] [3][46] [3][27] [3][24] [3][19] [3][0] [4][0] [4][7] [4][28] [4][34] [4][37] [4][46] [5][46] [6][46] [7][46] [8][46] [8][45] [8][17] [8][12] [8][1] [8][0] [7][0] [6][0] [6][4] [6][5] [6][18] [6][5] [6][4] [6][0] [5][0] [4][0] [3][0] [2][0] [1][0] [0][0] 
[0][0] [0][0] [0][0] [0][7] [0][12] [0][16] [0][17] [0][21] [0][22] [0][29] [0][32] [0][33] [0][34] [0][38] [0][39] [0][41] [0][42] [0][43] [0][46] [1][46] [2][46] [3][46] [4][46] [5][46] [6][46] [6][30] [6][24] [6][30] [6][46] [7][46] [8][46] [9][46] [9][42] [9][25] [9][24] [9][3] [9][0] [8][0] [8][18] [8][0] [7][0] [7][21] [7][0] [6][0] [6][2] [6][0] [5][0] [5][5] [5][0] [4][0] [4][3] [4][6] [4][3] [4][0] [3][0] [2][0] [1][0] [0][0] 
[0][0] [0][0] [0][0] [0][3] [0][13] [0][15] [0][16] [0][18] [0][24] [0][34] [0][36] [0][37] [0][46] [1][46] [2][46] [3][46] [4][46] [4][32] [4][26] [4][6] [4][0] [5][0] [5][20] [5][25] [5][37] [5][45] [5][46] [6][46] [6][36] [6][46] [7][46] [7][29] [7][20] [7][19] [7][2] [7][0] [8][0] [8][24] [8][33] [8][43] [8][46] [9][46] [9][33] [9][25] [9][14] [9][0] [8][0] [7][0] [6][0] [6][9] [6][0] [5][0] [4][0] [3][0] [3][4] [3][0] [2][0] [1][0] [0][0] 
[0][0] [0][0] [0][0] [0][1] [0][2] [0][5] [0][7] [0][8] [0][12] [0][13] [0][21] [0][24] [0][26] [0][32] [0][33] [0][34] [0][35] [0][37] [0][39] [0][46] [1][46] [2][46] [3][46] [3][45] [3][43] [3][38] [3][43] [3][45] [3][46] [4][46] [5][46] [5][38] [5][46] [6][46] [6][43] [6][46] [7][46] [8][46] [8][35] [8][21] [8][20] [8][12] [8][0] [9][0] [9][6] [9][0] [8][0] [7][0] [6][0] [6][4] [6][0] [5][0] [5][3] [5][0] [4][0] [4][9] [4][0] [3][0] [2][0] [1][0] [0][0] 
[0][0] [0][0] [0][0] [0][5] [0][6] [0][9] [0][12] [0][14] [0][16] [0][19] [0][22] [0][24] [0][25] [0][28] [0][29] [0][32] [0][35] [0][43] [0][46] [1][46] [2][46] [3][46] [3][41] [3][37] [3][22] [3][37] [3][41] [3][46] [4][46] [5][46] [5][33] [5][46] [6][46] [6][29] [6][46] [7][46] [8][46] [8][40] [8][37] [8][22] [8][17] [8][0] [7][0] [7][6] [7][17] [7][6] [7][0] [6][0] [5][0] [4][0] [4][3] [4][4] [4][6] [4][4] [4][3] [4][0] [3][0] [3][7] [3][0] [2][0] [1][0] [0][0] 
[0][0] [0][0] [0][0] [0][3] [0][6] [0][8] [0][9] [0][11] [0][15] [0][17] [0][29] [0][31] [0][33] [0][35] [0][42] [0][46] [1][46] [2][46] [3][46] [4][46] [4][34] [4][32] [4][30] [4][32] [4][34] [4][46] [5][46] [5][20] [5][0] [6][0] [6][5] [6][16] [6][36] [6][46] [7][46] [8][46] [9][46] [9][34] [9][33] [9][34] [9][46] [8][46] [8][27] [8][16] [8][0] [7][0] [6][0] [5][0] [4][0] [4][2] [4][0] [3][0] [3][10] [3][13] [3][18] [3][13] [3][10] [3][0] [2][0] [1][0] [0][0] 
[0][0] [0][0] [0][0] [0][3] [0][7] [0][8] [0][10] [0][14] [0][20] [0][25] [0][26] [0][27] [0][28] [0][29] [0][35] [0][38] [0][39] [0][42] [0][46] [1][46] [2][46] [3][46] [4][46] [4][23] [4][19] [4][7] [4][0] [5][0] [5][14] [5][20] [5][26] [5][33] [5][46] [6][46] [6][41] [6][46] [7][46] [8][46] [9][46] [9][35] [9][46] [8][46] [8][43] [8][13] [8][3] [8][0] [7][0] [6][0] [5][0] [4][0] [3][0] [3][7] [3][0] [2][0] [1][0] [0][0] 
[0][0] [0][0] [0][0] [0][1] [0][8] [0][9] [0][13] [0][19] [0][27] [0][30] [0][32] [0][37] [0][39] [0][46] [1][46] [2][46] [3][46] [4][46] [4][34] [4][46] [5][46] [5][33] [5][28] [5][23] [5][14] [5][0] [6][0] [7][0] [7][5] [7][12] [7][21] [7][32] [7][42] [7][46] [8][46] [9][46] [9][43] [9][40] [9][35] [9][40] [9][43] [9][46] [8][46] [8][29] [8][28] [8][20] [8][3] [8][0] [7][0] [6][0] [5][0] [4][0] [4][4] [4][0] [3][0] [2][0] [1][0] [0][0] 
[0][0] [0][0] [0][0] [0][7] [0][9] [0][13] [0][14] [0][18] [0][20] [0][21] [0][22] [0][23] [0][25] [0][34] [0][41] [0][42] [0][46] [1][46] [2][46] [3][46] [3][40] [3][39] [3][32] [3][39] [3][40] [3][46] [4][46] [4][38] [4][46] [5][46] [6][46] [6][32] [6][22] [6][32] [6][46] [7][46] [7][34] [7][46] [8][46] [8][40] [8][37] [8][17] [8][10] [8][0] [7][0] [6][0] [5][0] [5][10] [5][0] [4][0] [4][2] [4][0] [3][0] [3][11] [3][0] [2][0] [1][0] [0][0] 
[0][0] [0][0] [0][0] [0][6] [0][9] [0][17] [0][18] [0][21] [0][25] [0][34] [0][41] [0][46] [1][46] [2][46] [3][46] [3][36] [3][32] [3][36] [3][46] [4][46] [4][42] [4][46] [5][46] [6][46] [6][37] [6][36] [6][29] [6][36] [6][37] [6][46] [7][46] [8][46] [8][31] [8][22] [8][17] [8][2] [8][0] [9][0] [9][9] [9][11] [9][9] [9][0] [8][0] [7][0] [7][12] [7][15] [7][12] [7][0] [6][0] [5][0] [5][8] [5][16] [5][22] [5][16] [5][8] [5][0] [4][0] [4][17] [4][0] [3][0] [2][0] [1][0] [0][0] 
[0][0] [0][0] [0][0] [0][3] [0][7] [0][8] [0][11] [0][14] [0][16] [0][21] [0][22] [0][25] [0][26] [0][28] [0][31] [0][34] [0][36] [0][45] [0][46] [1][46] [2][46] [3][46] [3][44] [3][39] [3][31] [3][26] [3][31] [3][39] [3][44] [3][46] [4][46] [5][46] [5][43] [5][46] [6][46] [6][45] [6][35] [6][45] [6][46] [7][46] [7][43] [7][46] [8][46] [9][46] [9][24] [9][3] [9][0] [8][0] [8][6] [8][0] [7][0] [6][0] [6][10] [6][0] [5][0] [4][0] [4][2] [4][0] [3][0] [3][2] [3][0] [2][0] [1][0] [0][0] 
[0][0] [0][0] [0][0] [0][1] [0][7] [0][16] [0][18] [0][19] [0][20] [0][27] [0][28] [0][34] [0][37] [0][39] [0][41] [0][46] [1][46] [2][46] [3][46] [4][46] [4][42] [4][46] [5][46] [5][25] [5][19] [5][0] [6][0] [6][16] [6][20] [6][16] [6][0] [7][0] [8][0] [9][0] [9][5] [9][11] [9][5] [9][0] [8][0] [8][23] [8][35] [8][40] [8][46] [7][46] [7][29] [7][22] [7][29] [7][46] [6][46] [5][46] [4][46] [3][46] [3][31] [3][10] [3][6] [3][0] [2][0] [1][0] [0][0] 
[0][0] [0][0] [0][0] [0][4] [0][16] [0][17] [0][18] [0][20] [0][25] [0][32] [0][33] [0][36] [0][40] [0][41] [0][42] [0][46] [1][46] [2][46] [3][46] [3][45] [3][46] [4][46] [4][36] [4][35] [4][33] [4][27] [4][33] [4][35] [4][36] [4][46] [5][46] [5][31] [5][46] [6][46] [7][46] [8][46] [8][29] [8][16] [8][0] [7][0] [7][12] [7][0] [6][0] [6][9] [6][12] [6][9] [6][0] [5][0] [5][1] [5][2] [5][1] [5][0] [4][0] [3][0] [3][3] [3][5] [3][3] [3][0] [2][0] [1][0] [0][0] 
[0][0] [0][0] [0][0] [0][3] [0][6] [0][8] [0][10] [0][24] [0][31] [0][32] [0][33] [0][35] [0][36] [0][37] [0][38] [0][40] [0][41] [0][44] [0][46] [1][46] [2][46] [3][46] [3][30] [3][46] [4][46] [5][46] [5][29] [5][21] [5][7] [5][0] [6][0] [6][18] [6][46] [7][46] [8][46] [8][39] [8][46] [9][46] [9][35] [9][29] [9][35] [9][46] [8][46] [7][46] [7][36] [7][30] [7][9] [7][0] [6][0] [5][0] [4][0] [3][0] [2][0] [1][0] [0][0] 
[0][0] [0][0] [0][0] [0][5] [0][7] [0][11] [0][16] [0][18] [0][23] [0][24] [0][26] [0][30] [0][34] [0][35] [0][36] [0][42] [0][45] [0][46] [1][46] [2][46] [3][46] [3][41] [3][46] [4][46] [4][37] [4][46] [5][46] [5][21] [5][0] [6][0] [6][12] [6][20] [6][24] [6][26] [6][31] [6][46] [7][46] [7][33] [7][28] [7][16] [7][0] [6][0] [5][0] [4][0] [3][0] [3][2] [3][3] [3][2] [3][0] [2][0] [1][0] [0][0] 
[0][0] [0][0] [0][0] [0][1] [0][6] [0][7] [0][8] [0][13] [0][19] [0][26] [0][30] [0][32] [0][39] [0][40] [0][41] [0][46] [1][46] [2][46] [3][46] [3][28] [3][26] [3][25] [3][19] [3][0] [4][0] [5][0] [6][0] [6][15] [6][25] [6][42] [6][46] [7][46] [7][37] [7][46] [8][46] [9][46] [9][30] [9][28] [9][30] [9][46] [8][46] [8][38] [8][12] [8][1] [8][0] [7][0] [6][0] [5][0] [4][0] [3][0] [2][0] [1][0] [0][0] 
[0][0] [0][0] [0][0] [0][4] [0][7] [0][10] [0][13] [0][24] [0][25] [0][27] [0][29] [0][35] [0][36] [0][38] [0][40] [0][43] [0][46] [1][46] [2][46] [3][46] [4][46] [5][46] [5][43] [5][46] [6][46] [6][31] [6][20] [6][18] [6][0] [7][0] [7][5] [7][0] [8][0] [8][11] [8][18] [8][11] [8][0] [9][0] [9][14] [9][26] [9][41] [9][44] [9][46] [8][46] [7][46] [6][46] [5][46] [4][46] [4][31] [4][29] [4][11] [4][0] [3][0] [3][1] [3][0] [2][0] [1][0] [0][0] 
[0][0] [0][0] [0][0] [0][2] [0][8] [0][9] [0][12] [0][16] [0][17] [0][20] [0][21] [0][23] [0][27] [0][30] [0][33] [0][40] [0][45] [0][46] [1][46] [2][46] [3][46] [4][46] [5][46] [6][46] [7][46] [7][33] [7][28] [7][13] [7][0] [8][0] [8][3] [8][4] [8][14] [8][4] [8][3] [8][0] [7][0] [6][0] [6][17] [6][18] [6][19] [6][18] [6][17] [6][0] [5][0] [5][19] [5][0] [4][0] [4][8] [4][0] [3][0] [2][0] [1][0] [0][0] 
[0][0] [0][0] [0][0] [0][6] [0][18] [0][19] [0][24] [0][25] [0][26] [0][29] [0][35] [0][37] [0][38] [0][44] [0][46] [1][46] [2][46] [3][46] [3][44] [3][29] [3][14] [3][7] [3][3] [3][0] [4][0] [5][0] [5][25] [5][27] [5][30] [5][46] [6][46] [6][42] [6][46] [7][46] [8][46] [9][46] [9][40] [9][36] [9][30] [9][29] [9][30] [9][36] [9][40] [9][46] [8][46] [8][25] [8][8] [8][0] [9][0] [9][2] [9][0] [8][0] [7][0] [7][4] [7][0] [6][0] [6][7] [6][0] [5][0] [4][0] [3][0] [2][0] [1][0] [0][0] 
[0][0] [0][0] [0][0] [0][3] [0][6] [0][8] [0][14] [0][15] [0][17] [0][19] [0][24] [0][26] [0][28] [0][29] [0][31] [0][33] [0][36] [0][39] [0][40] [0][46] [1][46] [2][46] [3][46] [3][30] [3][19] [3][4] [3][0] [4][0] [4][10] [4][17] [4][28] [4][46] [5][46] [5][45] [5][46] [6][46] [6][42] [6][46] [7][46] [7][43] [7][46] [8][46] [9][46] [9][42] [9][40] [9][42] [9][46] [8][46] [8][6] [8][0] [7][0] [6][0] [5][0] [4][0] [3][0] [2][0] [1][0] [0][0] 
[0][0] [0][0] [0][0] [0][1] [0][7] [0][8] [0][23] [0][24] [0][37] [0][38] [0][43] [0][45] [0][46] [1][46] [2][46] [3][46] [3][35] [3][27] [3][35] [3][46] [4][46] [5][46] [5][43] [5][22] [5][19] [5][6] [5][0] [6][0] [6][12] [6][16] [6][29] [6][44] [6][46] [7][46] [7][36] [7][28] [7][36] [7][46] [8][46] [8][39] [8][46] [9][46] [9][18] [9][10] [9][0] [8][0] [7][0] [6][0] [5][0] [4][0] [4][7] [4][13] [4][18] [4][13] [4][7] [4][0] [3][0] [2][0] [1][0] [0][0] 
[0][0] [0][0] [0][0] [0][1] [0][3] [0][4] [0][7] [0][8] [0][10] [0][12] [0][14] [0][18] [0][21] [0][25] [0][32] [0][36] [0][39] [0][41] [0][45] [0][46] [1][46] [2][46] [3][46] [3][32] [3][46] [4][46] [5][46] [6][46] [7][46] [7][30] [7][46] [8][46] [8][28] [8][19] [8][9] [8][0] [9][0] [9][15] [9][29] [9][46] [8][46] [7][46] [6][46] [5][46] [5][40] [5][39] [5][33] [5][19] [5][0] [4][0] [3][0] [2][0] [1][0] [0][0] 
[0][0] [0][0] [0][0] [0][2] [0][4] [0][7] [0][8] [0][9] [0][12] [0][14] [0][18] [0][22] [0][26] [0][41] [0][44] [0][46] [1][46] [2][46] [3][46] [3][35] [3][24] [3][19] [3][17] [3][2] [3][0] [4][0] [4][2] [4][17] [4][39] [4][46] [5][46] [6][46] [7][46] [7][45] [7][28] [7][14] [7][5] [7][0] [8][0] [8][22] [8][0] [9][0] [9][16] [9][17] [9][16] [9][0] [8][0] [7][0] [6][0] [6][22] [6][0] [5][0] [4][0] [3][0] [2][0] [1][0] [0][0] 
[0][0] [0][0] [0][0] [0][3] [0][10] [0][12] [0][18] [0][21] [0][22] [0][25] [0][26] [0][38] [0][39] [0][46] [1][46] [2][46] [3][46] [4][46] [5][46] [6][46] [6][24] [6][46] [7][46] [7][39] [7][46] [8][46] [8][32] [8][1] [8][0] [9][0] [9][15] [9][0] [8][0] [7][0] [7][1] [7][10] [7][1] [7][0] [6][0] [5][0] [5][13] [5][15] [5][13] [5][0] [4][0] [3][0] [3][5] [3][0] [2][0] [1][0] [0][0] 
[0][0] [0][0] [0][0] [0][2] [0][9] [0][13] [0][16] [0][28] [0][31] [0][33] [0][34] [0][36] [0][40] [0][41] [0][46] [1][46] [2][46] [3][46] [4][46] [4][43] [4][28] [4][22] [4][0] [5][0] [5][8] [5][24] [5][46] [6][46] [6][34] [6][46] [7][46] [8][46] [8][36] [8][46] [9][46] [9][39] [9][8] [9][0] [8][0] [7][0] [7][7] [7][11] [7][7] [7][0] [6][0] [5][0] [4][0] [3][0] [2][0] [1][0] [0][0] 
[0][0] [0][0] [0][0] [0][1] [0][7] [0][9] [0][18] [0][21] [0][25] [0][28] [0][30] [0][44] [0][45] [0][46] [1][46] [2][46] [3][46] [4][46] [5][46] [6][46] [7][46] [7][35] [7][29] [7][35] [7][46] [8][46] [9][46] [9][21] [9][0] [8][0] [8][2] [8][0] [7][0] [6][0] [6][9] [6][13] [6][9] [6][0] [5][0] [5][4] [5][5] [5][4] [5][0] [4][0] [3][0] [3][4] [3][18] [3][4] [3][0] [2][0] [1][0] [0][0] 
[0][0] [0][0] [0][0] [0][4] [0][8] [0][10] [0][13] [0][19] [0][25] [0][31] [0][34] [0][39] [0][46] [1][46] [2][46] [3][46] [4][46] [4][27] [4][25] [4][27] [4][46] [5][46] [5][26] [5][17] [5][0] [6][0] [7][0] [8][0] [9][0] [9][19] [9][46] [8][46] [8][40] [8][46] [7][46] [7][42] [7][46] [6][46] [6][26] [6][46] [5][46] [4][46] [3][46] [3][29] [3][26] [3][24] [3][10] [3][0] [2][0] [1][0] [0][0] 
[0][0] [0][0] [0][0] [0][2] [0][6] [0][7] [0][10] [0][13] [0][15] [0][18] [0][26] [0][36] [0][40] [0][44] [0][46] [1][46] [2][46] [3][46] [3][31] [3][46] [4][46] [5][46] [5][39] [5][22] [5][7] [5][0] [6][0] [6][19] [6][46] [7][46] [7][43] [7][46] [8][46] [8][19] [8][15] [8][9] [8][0] [7][0] [7][7] [7][0] [6][0] [5][0] [4][0] [3][0] [2][0] [1][0] [0][0] 
[0][0] [0][0] [0][0] [0][1] [0][2] [0][4] [0][18] [0][24] [0][29] [0][30] [0][31] [0][33] [0][38] [0][46] [1][46] [2][46] [3][46] [4][46] [5][46] [5][45] [5][46] [6][46] [7][46] [8][46] [8][41] [8][46] [9][46] [9][40] [9][46] [8][46] [7][46] [7][24] [7][0] [6][0] [6][5] [6][0] [5][0] [5][15] [5][0] [4][0] [4][14] [4][15] [4][14] [4][0] [3][0] [3][2] [3][20] [3][2] [3][0] [2][0] [1][0] [0][0] 
[0][0] [0][0] [0][0] [0][1] [0][7] [0][15] [0][16] [0][22] [0][23] [0][26] [0][28] [0][32] [0][33] [0][34] [0][40] [0][41] [0][46] [1][46] [2][46] [3][46] [4][46] [5][46] [6][46] [7][46] [8][46] [9][46] [9][33] [9][46] [8][46] [7][46] [7][40] [7][27] [7][2] [7][0] [8][0] [8][12] [8][0] [7][0] [6][0] [5][0] [4][0] [3][0] [2][0] [1][0] [0][0] 
[0][0] [0][0] [0][0] [0][1] [0][9] [0][11] [0][23] [0][29] [0][36] [0][43] [0][46] [1][46] [2][46] [3][46] [4][46] [4][42] [4][33] [4][42] [4][46] [5][46] [6][46] [7][46] [8][46] [8][45] [8][36] [8][45] [8][46] [9][46] [9][36] [9][21] [9][14] [9][7] [9][5] [9][0] [8][0] [8][1] [8][0] [7][0] [6][0] [6][12] [6][0] [5][0] [5][6] [5][19] [5][6] [5][0] [4][0] [3][0] [3][1] [3][12] [3][1] [3][0] [2][0] [1][0] [0][0] 
[0][0] [0][0] [0][0] [0][3] [0][6] [0][11] [0][16] [0][21] [0][24] [0][26] [0][31] [0][36] [0][37] [0][38] [0][41] [0][43] [0][46] [1][46] [2][46] [3][46] [4][46] [5][46] [6][46] [7][46] [8][46] [8][28] [8][46] [9][46] [9][39] [9][46] [8][46] [7][46] [6][46] [6][27] [6][19] [6][16] [6][0] [5][0] [5][2] [5][0] [4][0] [4][19] [4][26] [4][19] [4][0] [3][0] [2][0] [1][0] [0][0] 
[0][0] [0][0] [0][0] [0][4] [0][8] [0][13] [0][15] [0][20] [0][23] [0][29] [0][34] [0][38] [0][39] [0][43] [0][46] [1][46] [2][46] [3][46] [4][46] [4][39] [4][37] [4][39] [4][46] [5][46] [6][46] [7][46] [8][46] [8][40] [8][46] [9][46] [9][14] [9][10] [9][0] [8][0] [7][0] [7][7] [7][0] [6][0] [5][0] [5][14] [5][0] [4][0] [4][11] [4][18] [4][11] [4][0] [3][0] [2][0] [1][0] [0][0] 
[0][0] [0][0] [0][0] [0][15] [0][16] [0][17] [0][22] [0][24] [0][25] [0][26] [0][28] [0][30] [0][32] [0][33] [0][35] [0][41] [0][46] [1][46] [2][46] [3][46] [4][46] [4][42] [4][46] [5][46] [5][42] [5][46] [6][46] [7][46] [7][44] [7][46] [8][46] [8][42] [8][40] [8][0] [9][0] [9][1] [9][0] [8][0] [7][0] [6][0] [6][1] [6][0] [5][0] [5][7] [5][0] [4][0] [3][0] [2][0] [1][0] [0][0] 
[0][0] [0][0] [0][0] [0][2] [0][6] [0][7] [0][16] [0][17] [0][18] [0][19] [0][21] [0][28] [0][33] [0][37] [0][45] [0][46] [1][46] [2][46] [3][46] [4][46] [5][46] [6][46] [7][46] [7][44] [7][46] [6][46] [5][46] [4][46] [4][39] [4][25] [4][0] [3][0] [2][0] [1][0] [0][0] 
