12768
503.966
/home/fflorenci/jobprp_ga/reduced_instances/henn/abc2/reduced_warehouse_45.lyt
/home/fflorenci/jobprp_ga/reduced_instances/henn/abc2/reduced_warehouse_45l-80-30-0.ord
80
30
28
340
120
1
18 9 13 17 13 24 14 22 21 9 6 15 22 9 13 19 18 6 7 8 18 11 14 22 6 14 16 19 16 21 12 12 9 22 21 7 11 11 23 19 17 18 10 18 10 7 15 5 22 12 19 22 5 21 5 12 13 21 11 17 10 9 12 6 20 23 12 14 22 11 7 15 12 22 17 10 10 22 5 21 
41
60 17 54 70 
3 47 35 
49 66 78 
63 55 69 
44 9 42 
64 75 
57 13 
12 19 
43 30 
4 11 
0 31 
59 56 
65 18 
7 52 
25 28 
41 72 
53 1 
50 36 
6 26 
27 21 
77 24 
14 40 
16 37 
34 32 
71 46 
22 67 
74 2 
29 61 
39 58 
20 62 
73 45 
23 10 
15 76 
79 
48 
51 
38 
5 
68 
33 
8 
230
214
288
264
280
300
356
282
354
306
362
300
368
306
338
392
398
322
330
344
302
314
318
308
352
300
250
332
396
306
326
276
378
136
278
282
298
298
320
334
330
[0][0] [0][0] [0][0] [0][7] [0][9] [0][10] [0][11] [0][14] [0][17] [0][19] [0][23] [0][24] [0][29] [0][32] [0][33] [0][34] [0][43] [0][46] [1][46] [2][46] [3][46] [4][46] [5][46] [6][46] [7][46] [8][46] [8][40] [8][32] [8][26] [8][15] [8][10] [8][4] [8][0] [7][0] [7][14] [7][0] [6][0] [6][1] [6][11] [6][1] [6][0] [5][0] [4][0] [4][3] [4][5] [4][3] [4][0] [3][0] [2][0] [1][0] [0][0] 
[0][0] [0][0] [0][0] [0][1] [0][4] [0][5] [0][11] [0][17] [0][18] [0][19] [0][20] [0][22] [0][23] [0][25] [0][28] [0][29] [0][35] [0][36] [0][37] [0][39] [0][42] [0][46] [1][46] [2][46] [3][46] [4][46] [4][34] [4][33] [4][34] [4][46] [5][46] [5][40] [5][30] [5][40] [5][46] [6][46] [7][46] [7][44] [7][27] [7][2] [7][0] [6][0] [5][0] [4][0] [3][0] [2][0] [1][0] [0][0] 
[0][0] [0][0] [0][0] [0][4] [0][9] [0][10] [0][15] [0][16] [0][17] [0][22] [0][24] [0][25] [0][34] [0][35] [0][37] [0][38] [0][44] [0][46] [1][46] [2][46] [3][46] [3][37] [3][29] [3][37] [3][46] [4][46] [5][46] [5][37] [5][33] [5][30] [5][33] [5][37] [5][46] [6][46] [6][44] [6][46] [7][46] [8][46] [8][38] [8][46] [7][46] [7][23] [7][22] [7][0] [6][0] [6][16] [6][17] [6][20] [6][17] [6][16] [6][0] [5][0] [4][0] [3][0] [2][0] [1][0] [0][0] 
[0][0] [0][0] [0][0] [0][1] [0][2] [0][4] [0][5] [0][7] [0][8] [0][9] [0][11] [0][13] [0][23] [0][24] [0][26] [0][28] [0][36] [0][40] [0][41] [0][43] [0][46] [1][46] [2][46] [3][46] [3][27] [3][17] [3][13] [3][0] [4][0] [4][10] [4][15] [4][38] [4][46] [5][46] [6][46] [6][38] [6][46] [7][46] [7][14] [7][0] [6][0] [5][0] [4][0] [3][0] [2][0] [1][0] [0][0] 
[0][0] [0][0] [0][0] [0][1] [0][2] [0][4] [0][8] [0][9] [0][10] [0][14] [0][17] [0][20] [0][22] [0][24] [0][26] [0][33] [0][34] [0][37] [0][40] [0][46] [1][46] [2][46] [3][46] [4][46] [4][39] [4][34] [4][39] [4][46] [5][46] [5][35] [5][21] [5][35] [5][46] [6][46] [7][46] [8][46] [8][38] [8][46] [9][46] [9][35] [9][28] [9][25] [9][15] [9][14] [9][0] [8][0] [7][0] [6][0] [6][8] [6][0] [5][0] [4][0] [3][0] [2][0] [1][0] [0][0] 
[0][0] [0][0] [0][0] [0][9] [0][10] [0][13] [0][14] [0][15] [0][18] [0][21] [0][22] [0][38] [0][39] [0][44] [0][46] [1][46] [2][46] [3][46] [3][44] [3][32] [3][44] [3][46] [4][46] [5][46] [6][46] [6][43] [6][42] [6][38] [6][42] [6][43] [6][46] [7][46] [8][46] [8][31] [8][27] [8][13] [8][10] [8][7] [8][1] [8][0] [9][0] [9][6] [9][0] [8][0] [7][0] [7][12] [7][0] [6][0] [6][4] [6][12] [6][4] [6][0] [5][0] [4][0] [4][1] [4][4] [4][10] [4][4] [4][1] [4][0] [3][0] [2][0] [1][0] [0][0] 
[0][0] [0][0] [0][0] [0][1] [0][8] [0][9] [0][13] [0][15] [0][25] [0][27] [0][28] [0][32] [0][42] [0][46] [1][46] [2][46] [3][46] [3][36] [3][46] [4][46] [4][41] [4][46] [5][46] [6][46] [6][43] [6][34] [6][43] [6][46] [7][46] [8][46] [8][34] [8][29] [8][25] [8][0] [9][0] [9][4] [9][16] [9][19] [9][23] [9][38] [9][46] [8][46] [7][46] [6][46] [5][46] [5][27] [5][13] [5][0] [4][0] [4][9] [4][0] [3][0] [3][4] [3][10] [3][4] [3][0] [2][0] [1][0] [0][0] 
[0][0] [0][0] [0][0] [0][1] [0][7] [0][9] [0][11] [0][17] [0][18] [0][21] [0][25] [0][26] [0][34] [0][35] [0][36] [0][37] [0][43] [0][46] [1][46] [2][46] [3][46] [4][46] [5][46] [5][40] [5][39] [5][36] [5][39] [5][40] [5][46] [6][46] [7][46] [7][45] [7][46] [8][46] [9][46] [9][45] [9][42] [9][45] [9][46] [8][46] [8][43] [8][28] [8][24] [8][0] [7][0] [7][4] [7][0] [6][0] [6][7] [6][0] [5][0] [4][0] [4][13] [4][14] [4][26] [4][28] [4][26] [4][14] [4][13] [4][0] [3][0] [2][0] [1][0] [0][0] 
[0][0] [0][0] [0][0] [0][5] [0][7] [0][14] [0][18] [0][19] [0][21] [0][22] [0][28] [0][30] [0][31] [0][33] [0][39] [0][46] [1][46] [2][46] [3][46] [3][34] [3][27] [3][18] [3][11] [3][0] [4][0] [5][0] [5][12] [5][15] [5][24] [5][35] [5][46] [6][46] [6][26] [6][46] [7][46] [8][46] [9][46] [9][42] [9][19] [9][17] [9][15] [9][0] [8][0] [8][20] [8][0] [7][0] [7][3] [7][0] [6][0] [5][0] [4][0] [3][0] [2][0] [1][0] [0][0] 
[0][0] [0][0] [0][0] [0][1] [0][2] [0][8] [0][23] [0][33] [0][34] [0][38] [0][41] [0][42] [0][43] [0][46] [1][46] [2][46] [3][46] [3][35] [3][34] [3][35] [3][46] [4][46] [4][40] [4][31] [4][40] [4][46] [5][46] [6][46] [6][42] [6][46] [7][46] [7][39] [7][46] [8][46] [8][44] [8][37] [8][44] [8][46] [9][46] [9][42] [9][35] [9][19] [9][5] [9][0] [8][0] [7][0] [7][4] [7][0] [6][0] [6][9] [6][0] [5][0] [5][2] [5][0] [4][0] [3][0] [3][6] [3][0] [2][0] [1][0] [0][0] 
[0][0] [0][0] [0][0] [0][4] [0][10] [0][12] [0][17] [0][19] [0][23] [0][30] [0][35] [0][37] [0][38] [0][39] [0][41] [0][42] [0][45] [0][46] [1][46] [2][46] [3][46] [4][46] [4][29] [4][13] [4][0] [5][0] [5][11] [5][15] [5][22] [5][46] [6][46] [7][46] [8][46] [8][44] [8][46] [9][46] [9][44] [9][40] [9][7] [9][0] [8][0] [8][9] [8][0] [7][0] [7][3] [7][0] [6][0] [6][1] [6][19] [6][21] [6][19] [6][1] [6][0] [5][0] [4][0] [3][0] [3][12] [3][0] [2][0] [1][0] [0][0] 
[0][0] [0][0] [0][0] [0][3] [0][4] [0][7] [0][10] [0][16] [0][17] [0][18] [0][19] [0][20] [0][22] [0][27] [0][28] [0][36] [0][38] [0][46] [1][46] [2][46] [3][46] [3][37] [3][29] [3][25] [3][11] [3][0] [4][0] [4][10] [4][14] [4][21] [4][26] [4][32] [4][45] [4][46] [5][46] [6][46] [6][42] [6][46] [7][46] [7][33] [7][46] [8][46] [9][46] [9][24] [9][2] [9][0] [8][0] [7][0] [6][0] [5][0] [4][0] [3][0] [2][0] [1][0] [0][0] 
[0][0] [0][0] [0][0] [0][1] [0][5] [0][7] [0][13] [0][17] [0][19] [0][20] [0][24] [0][28] [0][31] [0][32] [0][41] [0][43] [0][46] [1][46] [2][46] [3][46] [3][24] [3][46] [4][46] [4][40] [4][46] [5][46] [6][46] [6][32] [6][46] [7][46] [7][29] [7][28] [7][29] [7][46] [8][46] [8][45] [8][46] [9][46] [9][21] [9][17] [9][0] [8][0] [8][1] [8][5] [8][17] [8][5] [8][1] [8][0] [7][0] [6][0] [6][7] [6][0] [5][0] [4][0] [4][12] [4][0] [3][0] [3][2] [3][0] [2][0] [1][0] [0][0] 
[0][0] [0][0] [0][0] [0][2] [0][5] [0][10] [0][14] [0][18] [0][19] [0][22] [0][24] [0][25] [0][29] [0][38] [0][40] [0][44] [0][46] [1][46] [2][46] [3][46] [3][35] [3][32] [3][30] [3][32] [3][35] [3][46] [4][46] [5][46] [5][43] [5][46] [6][46] [6][45] [6][46] [7][46] [7][32] [7][46] [8][46] [8][26] [8][46] [9][46] [9][43] [9][26] [9][22] [9][0] [8][0] [7][0] [6][0] [5][0] [5][11] [5][13] [5][14] [5][13] [5][11] [5][0] [4][0] [3][0] [2][0] [1][0] [0][0] 
[0][0] [0][0] [0][0] [0][1] [0][6] [0][8] [0][11] [0][17] [0][21] [0][32] [0][34] [0][38] [0][39] [0][40] [0][46] [1][46] [2][46] [3][46] [3][37] [3][46] [4][46] [4][41] [4][46] [5][46] [5][32] [5][29] [5][32] [5][46] [6][46] [6][33] [6][46] [7][46] [8][46] [9][46] [9][39] [9][12] [9][11] [9][7] [9][5] [9][0] [8][0] [8][19] [8][21] [8][19] [8][0] [7][0] [6][0] [5][0] [4][0] [4][8] [4][9] [4][8] [4][0] [3][0] [3][3] [3][9] [3][3] [3][0] [2][0] [1][0] [0][0] 
[0][0] [0][0] [0][0] [0][1] [0][3] [0][10] [0][11] [0][23] [0][30] [0][33] [0][38] [0][39] [0][42] [0][43] [0][46] [1][46] [2][46] [3][46] [4][46] [4][29] [4][46] [5][46] [5][42] [5][37] [5][42] [5][46] [6][46] [6][39] [6][36] [6][28] [6][36] [6][39] [6][46] [7][46] [7][43] [7][29] [7][20] [7][0] [8][0] [8][22] [8][30] [8][41] [8][46] [9][46] [9][36] [9][23] [9][4] [9][0] [8][0] [7][0] [6][0] [5][0] [4][0] [3][0] [3][16] [3][20] [3][16] [3][0] [2][0] [1][0] [0][0] 
[0][0] [0][0] [0][0] [0][1] [0][3] [0][7] [0][8] [0][14] [0][25] [0][28] [0][31] [0][40] [0][44] [0][45] [0][46] [1][46] [2][46] [3][46] [3][26] [3][9] [3][8] [3][0] [4][0] [4][15] [4][17] [4][20] [4][44] [4][46] [5][46] [5][30] [5][28] [5][12] [5][0] [6][0] [6][9] [6][23] [6][46] [7][46] [8][46] [9][46] [9][43] [9][32] [9][7] [9][0] [8][0] [8][5] [8][19] [8][5] [8][0] [7][0] [6][0] [5][0] [4][0] [3][0] [2][0] [1][0] [0][0] 
[0][0] [0][0] [0][0] [0][4] [0][7] [0][16] [0][21] [0][24] [0][32] [0][37] [0][39] [0][40] [0][41] [0][44] [0][45] [0][46] [1][46] [2][46] [3][46] [3][34] [3][25] [3][34] [3][46] [4][46] [4][24] [4][20] [4][5] [4][3] [4][0] [5][0] [5][8] [5][22] [5][26] [5][32] [5][46] [6][46] [7][46] [8][46] [8][45] [8][46] [7][46] [7][44] [7][42] [7][26] [7][2] [7][0] [8][0] [8][6] [8][0] [7][0] [6][0] [5][0] [4][0] [3][0] [2][0] [1][0] [0][0] 
[0][0] [0][0] [0][0] [0][2] [0][11] [0][12] [0][14] [0][15] [0][16] [0][22] [0][30] [0][39] [0][40] [0][46] [1][46] [2][46] [3][46] [3][43] [3][46] [4][46] [5][46] [5][45] [5][40] [5][45] [5][46] [6][46] [6][26] [6][22] [6][21] [6][22] [6][26] [6][46] [7][46] [7][38] [7][31] [7][38] [7][46] [8][46] [9][46] [9][25] [9][23] [9][16] [9][11] [9][0] [8][0] [8][3] [8][7] [8][8] [8][7] [8][3] [8][0] [7][0] [6][0] [5][0] [4][0] [4][17] [4][0] [3][0] [3][1] [3][5] [3][1] [3][0] [2][0] [1][0] [0][0] 
[0][0] [0][0] [0][0] [0][5] [0][7] [0][10] [0][14] [0][16] [0][17] [0][18] [0][20] [0][21] [0][22] [0][26] [0][33] [0][34] [0][37] [0][46] [1][46] [2][46] [3][46] [4][46] [5][46] [6][46] [7][46] [7][35] [7][29] [7][22] [7][29] [7][35] [7][46] [8][46] [8][45] [8][46] [9][46] [9][32] [9][27] [9][2] [9][0] [8][0] [7][0] [6][0] [6][3] [6][16] [6][3] [6][0] [5][0] [5][1] [5][12] [5][21] [5][12] [5][1] [5][0] [4][0] [4][13] [4][0] [3][0] [3][9] [3][0] [2][0] [1][0] [0][0] 
[0][0] [0][0] [0][0] [0][7] [0][8] [0][13] [0][16] [0][24] [0][25] [0][31] [0][35] [0][37] [0][38] [0][46] [1][46] [2][46] [3][46] [4][46] [5][46] [6][46] [6][45] [6][46] [7][46] [7][38] [7][30] [7][7] [7][1] [7][0] [8][0] [8][8] [8][21] [8][31] [8][39] [8][46] [9][46] [9][32] [9][31] [9][29] [9][20] [9][0] [8][0] [7][0] [6][0] [5][0] [4][0] [4][1] [4][0] [3][0] [3][15] [3][0] [2][0] [1][0] [0][0] 
[0][0] [0][0] [0][0] [0][9] [0][17] [0][18] [0][20] [0][21] [0][30] [0][31] [0][39] [0][40] [0][41] [0][43] [0][44] [0][46] [1][46] [2][46] [3][46] [4][46] [5][46] [5][35] [5][46] [6][46] [6][39] [6][22] [6][18] [6][0] [7][0] [8][0] [8][7] [8][0] [9][0] [9][23] [9][36] [9][37] [9][41] [9][46] [8][46] [7][46] [6][46] [5][46] [4][46] [4][25] [4][15] [4][7] [4][3] [4][0] [3][0] [3][5] [3][0] [2][0] [1][0] [0][0] 
[0][0] [0][0] [0][0] [0][5] [0][8] [0][10] [0][13] [0][15] [0][24] [0][29] [0][30] [0][35] [0][38] [0][40] [0][42] [0][44] [0][46] [1][46] [2][46] [3][46] [3][37] [3][24] [3][23] [3][10] [3][0] [4][0] [5][0] [6][0] [6][7] [6][28] [6][39] [6][46] [7][46] [7][23] [7][0] [8][0] [8][4] [8][8] [8][10] [8][8] [8][4] [8][0] [9][0] [9][12] [9][14] [9][12] [9][0] [8][0] [7][0] [6][0] [5][0] [4][0] [3][0] [2][0] [1][0] [0][0] 
[0][0] [0][0] [0][0] [0][3] [0][13] [0][16] [0][22] [0][26] [0][27] [0][28] [0][29] [0][32] [0][33] [0][34] [0][35] [0][45] [0][46] [1][46] [2][46] [3][46] [3][37] [3][23] [3][37] [3][46] [4][46] [5][46] [6][46] [6][39] [6][46] [7][46] [8][46] [8][44] [8][37] [8][44] [8][46] [9][46] [9][43] [9][41] [9][43] [9][46] [8][46] [7][46] [7][34] [7][19] [7][18] [7][0] [8][0] [8][12] [8][0] [7][0] [6][0] [5][0] [5][1] [5][0] [4][0] [4][6] [4][0] [3][0] [2][0] [1][0] [0][0] 
[0][0] [0][0] [0][0] [0][2] [0][13] [0][15] [0][18] [0][20] [0][29] [0][31] [0][33] [0][34] [0][37] [0][42] [0][43] [0][46] [1][46] [2][46] [3][46] [3][34] [3][32] [3][11] [3][10] [3][0] [4][0] [5][0] [5][7] [5][22] [5][25] [5][27] [5][31] [5][44] [5][46] [6][46] [6][42] [6][34] [6][42] [6][46] [7][46] [8][46] [8][24] [8][18] [8][0] [9][0] [9][1] [9][24] [9][1] [9][0] [8][0] [7][0] [6][0] [6][6] [6][0] [5][0] [4][0] [3][0] [2][0] [1][0] [0][0] 
[0][0] [0][0] [0][0] [0][9] [0][15] [0][19] [0][21] [0][22] [0][24] [0][25] [0][36] [0][37] [0][38] [0][39] [0][40] [0][43] [0][45] [0][46] [1][46] [2][46] [3][46] [4][46] [5][46] [6][46] [6][32] [6][30] [6][22] [6][13] [6][0] [7][0] [7][16] [7][18] [7][20] [7][46] [8][46] [9][46] [9][45] [9][46] [8][46] [8][17] [8][0] [7][0] [6][0] [5][0] [5][15] [5][0] [4][0] [3][0] [2][0] [1][0] [0][0] 
[0][0] [0][0] [0][0] [0][4] [0][5] [0][7] [0][10] [0][11] [0][12] [0][13] [0][15] [0][16] [0][22] [0][25] [0][26] [0][29] [0][31] [0][32] [0][36] [0][41] [0][43] [0][46] [1][46] [2][46] [3][46] [3][44] [3][28] [3][20] [3][7] [3][3] [3][0] [4][0] [5][0] [5][14] [5][33] [5][46] [6][46] [7][46] [7][26] [7][11] [7][6] [7][1] [7][0] [6][0] [5][0] [4][0] [3][0] [2][0] [1][0] [0][0] 
[0][0] [0][0] [0][0] [0][2] [0][8] [0][15] [0][18] [0][20] [0][23] [0][24] [0][25] [0][29] [0][30] [0][35] [0][36] [0][40] [0][43] [0][46] [1][46] [2][46] [3][46] [3][34] [3][46] [4][46] [4][41] [4][31] [4][26] [4][12] [4][6] [4][0] [5][0] [6][0] [6][5] [6][31] [6][46] [7][46] [8][46] [9][46] [9][27] [9][21] [9][5] [9][0] [8][0] [7][0] [7][8] [7][20] [7][8] [7][0] [6][0] [5][0] [4][0] [3][0] [2][0] [1][0] [0][0] 
[0][0] [0][0] [0][0] [0][14] [0][17] [0][18] [0][25] [0][26] [0][27] [0][32] [0][41] [0][46] [1][46] [2][46] [3][46] [3][42] [3][46] [4][46] [4][35] [4][46] [5][46] [6][46] [6][39] [6][14] [6][7] [6][3] [6][2] [6][0] [7][0] [7][16] [7][27] [7][28] [7][46] [8][46] [9][46] [9][40] [9][30] [9][29] [9][30] [9][40] [9][46] [8][46] [8][21] [8][18] [8][14] [8][5] [8][0] [7][0] [6][0] [5][0] [5][6] [5][24] [5][25] [5][24] [5][6] [5][0] [4][0] [4][9] [4][0] [3][0] [2][0] [1][0] [0][0] 
[0][0] [0][0] [0][0] [0][4] [0][5] [0][6] [0][7] [0][8] [0][9] [0][10] [0][11] [0][15] [0][16] [0][23] [0][31] [0][35] [0][38] [0][39] [0][43] [0][46] [1][46] [2][46] [3][46] [3][27] [3][12] [3][9] [3][0] [4][0] [5][0] [6][0] [6][10] [6][30] [6][46] [7][46] [7][36] [7][27] [7][36] [7][46] [8][46] [9][46] [9][44] [9][23] [9][13] [9][0] [8][0] [7][0] [6][0] [5][0] [4][0] [3][0] [2][0] [1][0] [0][0] 
[0][0] [0][0] [0][0] [0][3] [0][5] [0][6] [0][9] [0][12] [0][16] [0][18] [0][20] [0][22] [0][24] [0][28] [0][29] [0][33] [0][39] [0][45] [0][46] [1][46] [2][46] [3][46] [3][20] [3][0] [4][0] [5][0] [5][7] [5][25] [5][27] [5][32] [5][36] [5][46] [6][46] [6][42] [6][46] [7][46] [7][38] [7][28] [7][0] [8][0] [9][0] [9][12] [9][0] [8][0] [7][0] [6][0] [6][6] [6][13] [6][6] [6][0] [5][0] [4][0] [3][0] [2][0] [1][0] [0][0] 
[0][0] [0][0] [0][0] [0][2] [0][3] [0][4] [0][9] [0][10] [0][15] [0][16] [0][17] [0][18] [0][23] [0][28] [0][39] [0][44] [0][45] [0][46] [1][46] [2][46] [3][46] [4][46] [5][46] [5][45] [5][46] [6][46] [6][40] [6][37] [6][30] [6][16] [6][10] [6][0] [7][0] [8][0] [8][8] [8][11] [8][26] [8][46] [9][46] [9][37] [9][22] [9][11] [9][0] [8][0] [7][0] [6][0] [5][0] [5][3] [5][0] [4][0] [3][0] [2][0] [1][0] [0][0] 
[0][0] [0][0] [0][0] [0][4] [0][5] [0][7] [0][17] [0][21] [0][22] [0][23] [0][27] [0][28] [0][32] [0][33] [0][46] [1][46] [2][46] [3][46] [3][24] [3][17] [3][0] [4][0] [4][8] [4][13] [4][18] [4][13] [4][8] [4][0] [5][0] [6][0] [6][19] [6][24] [6][41] [6][46] [7][46] [7][33] [7][46] [8][46] [8][33] [8][23] [8][21] [8][3] [8][0] [9][0] [9][16] [9][23] [9][24] [9][23] [9][16] [9][0] [8][0] [7][0] [6][0] [5][0] [4][0] [3][0] [2][0] [1][0] [0][0] 
[0][0] [0][0] [0][0] [0][2] [0][3] [0][8] [0][13] [0][14] [0][17] [0][19] [0][23] [0][31] [0][34] [0][39] [0][42] [0][43] [0][44] [0][46] [1][46] [2][46] [3][46] [4][46] [4][42] [4][46] [3][46] [3][32] [3][9] [3][5] [3][1] [3][0] [2][0] [1][0] [0][0] 
[0][0] [0][0] [0][0] [0][1] [0][2] [0][5] [0][13] [0][14] [0][15] [0][25] [0][26] [0][33] [0][40] [0][45] [0][46] [1][46] [2][46] [3][46] [4][46] [4][45] [4][46] [5][46] [5][32] [5][46] [6][46] [7][46] [8][46] [9][46] [9][44] [9][46] [8][46] [8][32] [8][18] [8][0] [9][0] [9][1] [9][0] [8][0] [7][0] [6][0] [6][10] [6][16] [6][29] [6][16] [6][10] [6][0] [5][0] [4][0] [3][0] [2][0] [1][0] [0][0] 
[0][0] [0][0] [0][0] [0][3] [0][5] [0][12] [0][15] [0][16] [0][19] [0][22] [0][33] [0][34] [0][46] [1][46] [2][46] [3][46] [3][27] [3][20] [3][27] [3][46] [4][46] [5][46] [6][46] [7][46] [7][34] [7][25] [7][8] [7][2] [7][0] [8][0] [8][2] [8][10] [8][12] [8][10] [8][2] [8][0] [9][0] [9][2] [9][11] [9][2] [9][0] [8][0] [7][0] [6][0] [5][0] [4][0] [4][3] [4][0] [3][0] [2][0] [1][0] [0][0] 
[0][0] [0][0] [0][0] [0][2] [0][10] [0][12] [0][14] [0][17] [0][18] [0][20] [0][21] [0][23] [0][24] [0][33] [0][37] [0][42] [0][46] [1][46] [2][46] [3][46] [3][39] [3][33] [3][10] [3][0] [4][0] [5][0] [6][0] [7][0] [7][10] [7][20] [7][33] [7][46] [8][46] [8][31] [8][46] [9][46] [9][44] [9][28] [9][10] [9][0] [8][0] [7][0] [6][0] [5][0] [4][0] [3][0] [2][0] [1][0] [0][0] 
[0][0] [0][0] [0][0] [0][3] [0][4] [0][7] [0][8] [0][12] [0][13] [0][16] [0][25] [0][28] [0][30] [0][32] [0][35] [0][46] [1][46] [2][46] [3][46] [3][35] [3][46] [4][46] [4][44] [4][40] [4][44] [4][46] [5][46] [6][46] [7][46] [7][26] [7][21] [7][20] [7][0] [8][0] [8][4] [8][30] [8][37] [8][46] [9][46] [9][27] [9][4] [9][0] [8][0] [7][0] [6][0] [5][0] [4][0] [3][0] [2][0] [1][0] [0][0] 
[0][0] [0][0] [0][0] [0][5] [0][7] [0][10] [0][28] [0][33] [0][42] [0][43] [0][46] [1][46] [2][46] [3][46] [4][46] [4][28] [4][19] [4][15] [4][1] [4][0] [5][0] [5][9] [5][10] [5][25] [5][46] [6][46] [6][43] [6][36] [6][28] [6][25] [6][0] [7][0] [7][9] [7][10] [7][9] [7][0] [8][0] [8][20] [8][0] [7][0] [6][0] [5][0] [4][0] [3][0] [2][0] [1][0] [0][0] 
[0][0] [0][0] [0][0] [0][1] [0][14] [0][17] [0][23] [0][24] [0][26] [0][30] [0][43] [0][46] [1][46] [2][46] [3][46] [3][39] [3][46] [4][46] [4][30] [4][46] [5][46] [6][46] [7][46] [7][27] [7][46] [8][46] [8][42] [8][37] [8][32] [8][30] [8][29] [8][30] [8][32] [8][37] [8][42] [8][46] [9][46] [9][29] [9][8] [9][0] [8][0] [7][0] [7][1] [7][0] [6][0] [5][0] [5][21] [5][0] [4][0] [3][0] [2][0] [1][0] [0][0] 
[0][0] [0][0] [0][0] [0][3] [0][5] [0][11] [0][15] [0][18] [0][21] [0][25] [0][30] [0][34] [0][39] [0][46] [1][46] [2][46] [3][46] [4][46] [5][46] [6][46] [6][34] [6][24] [6][34] [6][46] [7][46] [8][46] [9][46] [9][33] [9][46] [8][46] [8][19] [8][0] [7][0] [7][7] [7][0] [6][0] [5][0] [5][4] [5][14] [5][4] [5][0] [4][0] [4][3] [4][6] [4][3] [4][0] [3][0] [3][7] [3][15] [3][7] [3][0] [2][0] [1][0] [0][0] 
