3618
170.94
/home/fflorenci/jobprp_ga/reduced_instances/henn/abc2/reduced_warehouse_11.lyt
/home/fflorenci/jobprp_ga/reduced_instances/henn/abc2/reduced_warehouse_11l-40-60-0.ord
40
60
21
340
120
1
17 6 19 5 17 19 21 15 23 13 7 17 5 20 23 15 5 8 11 5 17 24 14 10 18 5 8 6 23 17 17 15 20 13 18 17 21 5 16 14 
10
3 12 25 16 26 9 23 10 
1 17 31 4 19 27 
35 20 22 18 
39 24 14 37 
34 29 8 
15 11 36 
21 33 6 
32 5 2 
0 30 7 
28 13 38 
298
386
372
382
350
372
372
386
316
384
[0][0] [0][0] [0][0] [0][1] [0][4] [0][5] [0][8] [0][13] [0][14] [0][15] [0][18] [0][19] [0][22] [0][23] [0][24] [0][25] [0][27] [0][29] [0][31] [0][33] [0][34] [0][36] [0][37] [0][39] [0][40] [0][41] [0][42] [0][43] [0][45] [0][46] [1][46] [2][46] [3][46] [3][42] [3][46] [4][46] [4][43] [4][36] [4][19] [4][7] [4][6] [4][0] [5][0] [5][6] [5][8] [5][20] [5][23] [5][34] [5][42] [5][44] [5][46] [6][46] [6][39] [6][29] [6][12] [6][3] [6][0] [7][0] [8][0] [8][3] [8][15] [8][3] [8][0] [7][0] [6][0] [5][0] [4][0] [3][0] [3][1] [3][0] [2][0] [1][0] [0][0] 
[0][0] [0][0] [0][0] [0][2] [0][4] [0][5] [0][6] [0][8] [0][13] [0][15] [0][17] [0][18] [0][20] [0][23] [0][27] [0][32] [0][33] [0][34] [0][35] [0][39] [0][40] [0][44] [0][45] [0][46] [1][46] [2][46] [3][46] [3][37] [3][28] [3][26] [3][28] [3][37] [3][46] [4][46] [4][43] [4][46] [5][46] [6][46] [6][42] [6][34] [6][29] [6][17] [6][1] [6][0] [7][0] [7][12] [7][20] [7][23] [7][28] [7][31] [7][35] [7][42] [7][43] [7][46] [8][46] [9][46] [9][40] [9][35] [9][33] [9][26] [9][24] [9][26] [9][33] [9][35] [9][40] [9][46] [8][46] [8][30] [8][20] [8][11] [8][0] [7][0] [6][0] [5][0] [4][0] [4][5] [4][6] [4][13] [4][16] [4][13] [4][6] [4][5] [4][0] [3][0] [2][0] [1][0] [0][0] 
[0][0] [0][0] [0][0] [0][1] [0][2] [0][4] [0][9] [0][10] [0][11] [0][12] [0][15] [0][18] [0][20] [0][23] [0][24] [0][25] [0][27] [0][29] [0][30] [0][34] [0][35] [0][37] [0][39] [0][41] [0][46] [1][46] [2][46] [3][46] [3][22] [3][19] [3][18] [3][13] [3][10] [3][9] [3][5] [3][0] [4][0] [5][0] [5][8] [5][21] [5][30] [5][34] [5][46] [6][46] [7][46] [7][41] [7][39] [7][41] [7][46] [8][46] [8][36] [8][25] [8][21] [8][7] [8][0] [9][0] [9][6] [9][8] [9][11] [9][13] [9][26] [9][44] [9][46] [8][46] [7][46] [6][46] [6][35] [6][12] [6][8] [6][4] [6][0] [5][0] [4][0] [3][0] [2][0] [1][0] [0][0] 
[0][0] [0][0] [0][0] [0][1] [0][4] [0][5] [0][6] [0][11] [0][14] [0][17] [0][19] [0][23] [0][24] [0][25] [0][26] [0][29] [0][30] [0][31] [0][32] [0][33] [0][34] [0][35] [0][39] [0][44] [0][46] [1][46] [2][46] [3][46] [3][38] [3][32] [3][18] [3][10] [3][0] [4][0] [4][5] [4][9] [4][11] [4][22] [4][33] [4][38] [4][42] [4][46] [5][46] [5][36] [5][33] [5][30] [5][20] [5][16] [5][10] [5][3] [5][0] [6][0] [6][5] [6][7] [6][33] [6][46] [7][46] [8][46] [9][46] [9][44] [9][26] [9][19] [9][0] [8][0] [8][10] [8][0] [7][0] [7][1] [7][0] [6][0] [5][0] [4][0] [3][0] [2][0] [1][0] [0][0] 
[0][0] [0][0] [0][0] [0][1] [0][2] [0][3] [0][4] [0][5] [0][6] [0][12] [0][16] [0][18] [0][19] [0][26] [0][28] [0][29] [0][30] [0][31] [0][35] [0][36] [0][37] [0][40] [0][41] [0][42] [0][43] [0][44] [0][45] [0][46] [1][46] [2][46] [3][46] [4][46] [4][45] [4][32] [4][23] [4][19] [4][15] [4][0] [5][0] [5][5] [5][19] [5][22] [5][31] [5][46] [6][46] [6][38] [6][18] [6][9] [6][8] [6][0] [7][0] [7][3] [7][27] [7][32] [7][46] [8][46] [8][37] [8][15] [8][8] [8][0] [7][0] [6][0] [5][0] [4][0] [3][0] [2][0] [1][0] [0][0] 
[0][0] [0][0] [0][0] [0][1] [0][4] [0][5] [0][8] [0][16] [0][17] [0][20] [0][21] [0][22] [0][23] [0][25] [0][26] [0][32] [0][33] [0][36] [0][38] [0][39] [0][41] [0][42] [0][43] [0][44] [0][45] [0][46] [1][46] [2][46] [3][46] [4][46] [4][41] [4][28] [4][10] [4][3] [4][0] [5][0] [5][17] [5][18] [5][24] [5][42] [5][46] [6][46] [6][44] [6][37] [6][35] [6][31] [6][27] [6][14] [6][10] [6][0] [7][0] [7][7] [7][12] [7][33] [7][45] [7][46] [8][46] [9][46] [9][30] [9][19] [9][15] [9][2] [9][0] [8][0] [7][0] [6][0] [5][0] [4][0] [3][0] [3][6] [3][0] [2][0] [1][0] [0][0] 
[0][0] [0][0] [0][0] [0][1] [0][4] [0][8] [0][10] [0][11] [0][12] [0][14] [0][17] [0][19] [0][21] [0][23] [0][26] [0][27] [0][28] [0][29] [0][33] [0][34] [0][35] [0][36] [0][37] [0][38] [0][39] [0][42] [0][43] [0][45] [0][46] [1][46] [2][46] [3][46] [3][40] [3][32] [3][31] [3][26] [3][24] [3][18] [3][1] [3][0] [4][0] [4][9] [4][20] [4][23] [4][28] [4][33] [4][35] [4][39] [4][41] [4][43] [4][46] [5][46] [6][46] [6][43] [6][32] [6][31] [6][18] [6][0] [7][0] [7][12] [7][27] [7][12] [7][0] [8][0] [8][11] [8][0] [7][0] [6][0] [5][0] [5][18] [5][19] [5][18] [5][0] [4][0] [3][0] [2][0] [1][0] [0][0] 
[0][0] [0][0] [0][0] [0][1] [0][2] [0][5] [0][11] [0][12] [0][17] [0][22] [0][23] [0][24] [0][25] [0][27] [0][30] [0][32] [0][33] [0][34] [0][36] [0][38] [0][40] [0][41] [0][43] [0][46] [1][46] [2][46] [3][46] [4][46] [4][29] [4][22] [4][21] [4][16] [4][13] [4][0] [5][0] [5][6] [5][7] [5][9] [5][13] [5][23] [5][37] [5][46] [6][46] [7][46] [8][46] [8][37] [8][35] [8][33] [8][35] [8][37] [8][46] [9][46] [9][32] [9][27] [9][5] [9][3] [9][0] [8][0] [8][6] [8][0] [7][0] [7][14] [7][18] [7][19] [7][21] [7][19] [7][18] [7][14] [7][0] [6][0] [6][1] [6][4] [6][11] [6][19] [6][11] [6][4] [6][1] [6][0] [5][0] [4][0] [3][0] [2][0] [1][0] [0][0] 
[0][0] [0][0] [0][0] [0][2] [0][4] [0][5] [0][6] [0][7] [0][13] [0][15] [0][17] [0][22] [0][23] [0][25] [0][27] [0][30] [0][31] [0][36] [0][37] [0][38] [0][39] [0][42] [0][44] [0][46] [1][46] [2][46] [3][46] [3][31] [3][30] [3][22] [3][30] [3][31] [3][46] [4][46] [4][40] [4][46] [5][46] [5][44] [5][46] [6][46] [6][40] [6][46] [7][46] [7][41] [7][38] [7][37] [7][27] [7][37] [7][38] [7][41] [7][46] [8][46] [8][35] [8][34] [8][35] [8][46] [9][46] [9][31] [9][26] [9][21] [9][15] [9][10] [9][8] [9][4] [9][0] [8][0] [8][1] [8][0] [7][0] [6][0] [6][1] [6][0] [5][0] [5][3] [5][0] [4][0] [3][0] [2][0] [1][0] [0][0] 
[0][0] [0][0] [0][0] [0][2] [0][3] [0][4] [0][6] [0][7] [0][8] [0][10] [0][17] [0][18] [0][19] [0][20] [0][21] [0][23] [0][24] [0][25] [0][26] [0][30] [0][34] [0][35] [0][37] [0][38] [0][39] [0][41] [0][42] [0][45] [0][46] [1][46] [2][46] [3][46] [3][43] [3][31] [3][27] [3][24] [3][0] [4][0] [4][16] [4][23] [4][41] [4][46] [5][46] [6][46] [6][44] [6][42] [6][40] [6][39] [6][40] [6][42] [6][44] [6][46] [7][46] [7][25] [7][24] [7][21] [7][0] [8][0] [9][0] [9][6] [9][0] [8][0] [8][4] [8][26] [8][36] [8][46] [7][46] [6][46] [5][46] [5][39] [5][36] [5][30] [5][23] [5][15] [5][14] [5][7] [5][0] [4][0] [3][0] [2][0] [1][0] [0][0] 
